Mplus VERSION 8.4 (Mac)
MUTHEN & MUTHEN
10/28/2023  11:00 PM

INPUT INSTRUCTIONS

  Title: Student Sleep Baseline EFA;

  Data:
     File is ../dat_stu_1.txt;

  Variable:
     Names are studentid index treatment girl age_w child_grade in_ukr
     guardian_living guardian_region
     grit1_1 grit2_1 grit3_1 grit4_1 grit5_1 grit6_1 grit7_1 grit8_1
     loc1_1 loc2_1 loc3_1 loc4_1
     dass1_1 dass2_1 dass3_1 dass4_1 dass5_1 dass6_1 dass7_1 dass8_1
     dass9_1 dass10_1 dass11_1 dass12_1 dass13_1 dass14_1
     sleep1_1 sleep2_1 sleep3_1 sleep4_1 sleep5_1 sleep6_1 sleep7_1
     edugoals_1 half;
     Missing are . ;

    Usevariable are
  	sleep1_1 sleep2_1 sleep3_1 sleep4_1 sleep5_1 sleep6_1 sleep7_1;

    Categorical is
  	sleep1_1 sleep2_1 sleep3_1 sleep4_1 sleep5_1 sleep6_1 sleep7_1;

    Idvariable is studentid;

    Useobservations is half eq 1;

  Analysis:
     Type = efa 1 3;
     Estimator = wlsmv;

  Output: sampstat stdy modindices(all);



*** WARNING in OUTPUT command
  STANDARDIZED (STD, STDY, STDYX) options are not available for TYPE=EFA.
  Request for STANDARDIZED options will be ignored.  Note that STANDARDIZED options
  are available with the use of EFA factors (ESEM) declared in the MODEL command.
   1 WARNING(S) FOUND IN THE INPUT INSTRUCTIONS



Student Sleep Baseline EFA;

SUMMARY OF ANALYSIS

Number of groups                                                 1
Number of observations                                        1384

Number of dependent variables                                    7
Number of independent variables                                  0
Number of continuous latent variables                            0

Observed dependent variables

  Binary and ordered categorical (ordinal)
   SLEEP1_1    SLEEP2_1    SLEEP3_1    SLEEP4_1    SLEEP5_1    SLEEP6_1
   SLEEP7_1

Variables with special functions

  ID variable           STUDENTI

Estimator                                                    WLSMV
Rotation                                                    GEOMIN
Row standardization                                    CORRELATION
Type of rotation                                           OBLIQUE
Epsilon value                                               Varies
Maximum number of iterations                                  1000
Convergence criterion                                    0.500D-04
Maximum number of steepest descent iterations                   20
Maximum number of iterations for H1                           2000
Convergence criterion for H1                             0.100D-03
Optimization Specifications for the Exploratory Factor Analysis
Rotation Algorithm
  Number of random starts                                       30
  Maximum number of iterations                               10000
  Derivative convergence criterion                       0.100D-04
Link                                                        PROBIT

Input data file(s)
  ../dat_stu_1.txt

Input data format  FREE


SUMMARY OF DATA

     Number of missing data patterns             1


COVARIANCE COVERAGE OF DATA

Minimum covariance coverage value   0.100


     PROPORTION OF DATA PRESENT


           Covariance Coverage
              SLEEP1_1      SLEEP2_1      SLEEP3_1      SLEEP4_1      SLEEP5_1
              ________      ________      ________      ________      ________
 SLEEP1_1       1.000
 SLEEP2_1       1.000         1.000
 SLEEP3_1       1.000         1.000         1.000
 SLEEP4_1       1.000         1.000         1.000         1.000
 SLEEP5_1       1.000         1.000         1.000         1.000         1.000
 SLEEP6_1       1.000         1.000         1.000         1.000         1.000
 SLEEP7_1       1.000         1.000         1.000         1.000         1.000


           Covariance Coverage
              SLEEP6_1      SLEEP7_1
              ________      ________
 SLEEP6_1       1.000
 SLEEP7_1       1.000         1.000


UNIVARIATE PROPORTIONS AND COUNTS FOR CATEGORICAL VARIABLES

    SLEEP1_1
      Category 1    0.246          341.000
      Category 2    0.426          590.000
      Category 3    0.228          316.000
      Category 4    0.074          103.000
      Category 5    0.025           34.000
    SLEEP2_1
      Category 1    0.373          516.000
      Category 2    0.379          525.000
      Category 3    0.168          232.000
      Category 4    0.061           85.000
      Category 5    0.019           26.000
    SLEEP3_1
      Category 1    0.432          598.000
      Category 2    0.382          529.000
      Category 3    0.130          180.000
      Category 4    0.040           55.000
      Category 5    0.016           22.000
    SLEEP4_1
      Category 1    0.171          237.000
      Category 2    0.337          467.000
      Category 3    0.345          478.000
      Category 4    0.113          157.000
      Category 5    0.033           45.000
    SLEEP5_1
      Category 1    0.527          730.000
      Category 2    0.285          394.000
      Category 3    0.139          192.000
      Category 4    0.033           45.000
      Category 5    0.017           23.000
    SLEEP6_1
      Category 1    0.685          948.000
      Category 2    0.211          292.000
      Category 3    0.077          107.000
      Category 4    0.016           22.000
      Category 5    0.011           15.000
    SLEEP7_1
      Category 1    0.470          650.000
      Category 2    0.314          434.000
      Category 3    0.150          208.000
      Category 4    0.040           56.000
      Category 5    0.026           36.000


SAMPLE STATISTICS


     ESTIMATED SAMPLE STATISTICS


           MEANS/INTERCEPTS/THRESHOLDS
              SLEEP1_1      SLEEP1_1      SLEEP1_1      SLEEP1_1      SLEEP2_1
              ________      ________      ________      ________      ________
               -0.686         0.447         1.287         1.967        -0.324


           MEANS/INTERCEPTS/THRESHOLDS
              SLEEP2_1      SLEEP2_1      SLEEP2_1      SLEEP3_1      SLEEP3_1
              ________      ________      ________      ________      ________
                0.681         1.404         2.079        -0.171         0.894


           MEANS/INTERCEPTS/THRESHOLDS
              SLEEP3_1      SLEEP3_1      SLEEP4_1      SLEEP4_1      SLEEP4_1
              ________      ________      ________      ________      ________
                1.593         2.147        -0.949         0.022         1.054


           MEANS/INTERCEPTS/THRESHOLDS
              SLEEP4_1      SLEEP5_1      SLEEP5_1      SLEEP5_1      SLEEP5_1
              ________      ________      ________      ________      ________
                1.845         0.069         0.886         1.653         2.129


           MEANS/INTERCEPTS/THRESHOLDS
              SLEEP6_1      SLEEP6_1      SLEEP6_1      SLEEP6_1      SLEEP7_1
              ________      ________      ________      ________      ________
                0.482         1.259         1.931         2.296        -0.076


           MEANS/INTERCEPTS/THRESHOLDS
              SLEEP7_1      SLEEP7_1      SLEEP7_1
              ________      ________      ________
                0.783         1.503         1.943


           CORRELATION MATRIX (WITH VARIANCES ON THE DIAGONAL)
              SLEEP1_1      SLEEP2_1      SLEEP3_1      SLEEP4_1      SLEEP5_1
              ________      ________      ________      ________      ________
 SLEEP1_1
 SLEEP2_1       0.814
 SLEEP3_1       0.523         0.624
 SLEEP4_1       0.504         0.521         0.357
 SLEEP5_1       0.569         0.555         0.422         0.551
 SLEEP6_1       0.549         0.602         0.477         0.601         0.641
 SLEEP7_1       0.571         0.580         0.421         0.610         0.621


           CORRELATION MATRIX (WITH VARIANCES ON THE DIAGONAL)
              SLEEP6_1      SLEEP7_1
              ________      ________
 SLEEP7_1       0.668


     WARNING:  IN EXPLORATORY FACTOR ANALYSIS WITH 3 FACTOR(S)
     THE CONDITION NUMBER OF THE ROTATED SOLUTION IS 0.313D-09.
     THE OPTIMAL ROTATION MAY BE POORLY IDENTIFIED.
     CHANGING THE ROTATION METHOD MAY RESOLVE THIS PROBLEM.




SUMMARY OF MODEL FIT INFORMATION


                   Number of                   Degrees of
     Model        Parameters      Chi-Square    Freedom     P-Value

     1-factor           7            489.803        14       0.0000
     2-factor          13             21.344         8       0.0063
     3-factor          18              2.112         3       0.5496

                                               Degrees of
     Models Compared              Chi-Square    Freedom     P-Value

     1-factor against 2-factor       361.229         6       0.0000
     2-factor against 3-factor        20.650         5       0.0009



RESULTS FOR EXPLORATORY FACTOR ANALYSIS


           EIGENVALUES FOR SAMPLE CORRELATION MATRIX
                  1             2             3             4             5
              ________      ________      ________      ________      ________
                4.385         0.808         0.500         0.447         0.368


           EIGENVALUES FOR SAMPLE CORRELATION MATRIX
                  6             7
              ________      ________
                0.323         0.170


EXPLORATORY FACTOR ANALYSIS WITH 1 FACTOR(S):


MODEL FIT INFORMATION

Number of Free Parameters                        7

Chi-Square Test of Model Fit

          Value                            489.803*
          Degrees of Freedom                    14
          P-Value                           0.0000

*   The chi-square value for MLM, MLMV, MLR, ULSMV, WLSM and WLSMV cannot be used
    for chi-square difference testing in the regular way.  MLM, MLR and WLSM
    chi-square difference testing is described on the Mplus website.  MLMV, WLSMV,
    and ULSMV difference testing is done using the DIFFTEST option.

RMSEA (Root Mean Square Error Of Approximation)

          Estimate                           0.157
          90 Percent C.I.                    0.145  0.169
          Probability RMSEA <= .05           0.000

CFI/TLI

          CFI                                0.961
          TLI                                0.941

Chi-Square Test of Model Fit for the Baseline Model

          Value                          12134.845
          Degrees of Freedom                    21
          P-Value                           0.0000

SRMR (Standardized Root Mean Square Residual)

          Value                              0.072



MINIMUM ROTATION FUNCTION VALUE       4.10052



           GEOMIN ROTATED LOADINGS (* significant at 5% level)
                  1
              ________
 SLEEP1_1       0.848*
 SLEEP2_1       0.891*
 SLEEP3_1       0.619*
 SLEEP4_1       0.683*
 SLEEP5_1       0.729*
 SLEEP6_1       0.787*
 SLEEP7_1       0.765*


           GEOMIN FACTOR CORRELATIONS (* significant at 5% level)
                  1
              ________
      1         1.000


           ESTIMATED RESIDUAL VARIANCES
              SLEEP1_1      SLEEP2_1      SLEEP3_1      SLEEP4_1      SLEEP5_1
              ________      ________      ________      ________      ________
                0.281         0.206         0.617         0.533         0.469


           ESTIMATED RESIDUAL VARIANCES
              SLEEP6_1      SLEEP7_1
              ________      ________
                0.380         0.415


           S.E. GEOMIN ROTATED LOADINGS
                  1
              ________
 SLEEP1_1       0.010
 SLEEP2_1       0.009
 SLEEP3_1       0.019
 SLEEP4_1       0.015
 SLEEP5_1       0.016
 SLEEP6_1       0.016
 SLEEP7_1       0.014


           S.E. GEOMIN FACTOR CORRELATIONS
                  1
              ________
      1         0.000


           S.E. ESTIMATED RESIDUAL VARIANCES
              SLEEP1_1      SLEEP2_1      SLEEP3_1      SLEEP4_1      SLEEP5_1
              ________      ________      ________      ________      ________
                0.017         0.017         0.024         0.021         0.024


           S.E. ESTIMATED RESIDUAL VARIANCES
              SLEEP6_1      SLEEP7_1
              ________      ________
                0.026         0.022


           Est./S.E. GEOMIN ROTATED LOADINGS
                  1
              ________
 SLEEP1_1      84.854
 SLEEP2_1      95.809
 SLEEP3_1      32.464
 SLEEP4_1      44.120
 SLEEP5_1      45.219
 SLEEP6_1      48.396
 SLEEP7_1      52.786


           Est./S.E. GEOMIN FACTOR CORRELATIONS
                  1
              ________
      1         0.000


           Est./S.E. ESTIMATED RESIDUAL VARIANCES
              SLEEP1_1      SLEEP2_1      SLEEP3_1      SLEEP4_1      SLEEP5_1
              ________      ________      ________      ________      ________
               16.559        12.424        26.094        25.209        19.931


           Est./S.E. ESTIMATED RESIDUAL VARIANCES
              SLEEP6_1      SLEEP7_1
              ________      ________
               14.832        18.736


EXPLORATORY FACTOR ANALYSIS WITH 2 FACTOR(S):


MODEL FIT INFORMATION

Number of Free Parameters                       13

Chi-Square Test of Model Fit

          Value                             21.344*
          Degrees of Freedom                     8
          P-Value                           0.0063

*   The chi-square value for MLM, MLMV, MLR, ULSMV, WLSM and WLSMV cannot be used
    for chi-square difference testing in the regular way.  MLM, MLR and WLSM
    chi-square difference testing is described on the Mplus website.  MLMV, WLSMV,
    and ULSMV difference testing is done using the DIFFTEST option.

RMSEA (Root Mean Square Error Of Approximation)

          Estimate                           0.035
          90 Percent C.I.                    0.017  0.053
          Probability RMSEA <= .05           0.912

CFI/TLI

          CFI                                0.999
          TLI                                0.997

Chi-Square Test of Model Fit for the Baseline Model

          Value                          12134.845
          Degrees of Freedom                    21
          P-Value                           0.0000

SRMR (Standardized Root Mean Square Residual)

          Value                              0.014



MINIMUM ROTATION FUNCTION VALUE       0.33460



           GEOMIN ROTATED LOADINGS (* significant at 5% level)
                  1             2
              ________      ________
 SLEEP1_1       0.642*        0.239*
 SLEEP2_1       1.006*       -0.005*
 SLEEP3_1       0.499*        0.173*
 SLEEP4_1      -0.020         0.746*
 SLEEP5_1       0.048         0.732*
 SLEEP6_1       0.022         0.807*
 SLEEP7_1      -0.010         0.826*


           GEOMIN FACTOR CORRELATIONS (* significant at 5% level)
                  1             2
              ________      ________
      1         1.000
      2         0.714*        1.000


           ESTIMATED RESIDUAL VARIANCES
              SLEEP1_1      SLEEP2_1      SLEEP3_1      SLEEP4_1      SLEEP5_1
              ________      ________      ________      ________      ________
                0.312        -0.005         0.598         0.464         0.411


           ESTIMATED RESIDUAL VARIANCES
              SLEEP6_1      SLEEP7_1
              ________      ________
                0.324         0.330


           S.E. GEOMIN ROTATED LOADINGS
                  1             2
              ________      ________
 SLEEP1_1       0.053         0.053
 SLEEP2_1       0.022         0.002
 SLEEP3_1       0.052         0.055
 SLEEP4_1       0.038         0.037
 SLEEP5_1       0.040         0.037
 SLEEP6_1       0.043         0.038
 SLEEP7_1       0.012         0.019


           S.E. GEOMIN FACTOR CORRELATIONS
                  1             2
              ________      ________
      1         0.000
      2         0.027         0.000


           S.E. ESTIMATED RESIDUAL VARIANCES
              SLEEP1_1      SLEEP2_1      SLEEP3_1      SLEEP4_1      SLEEP5_1
              ________      ________      ________      ________      ________
                0.025         0.047         0.025         0.025         0.025


           S.E. ESTIMATED RESIDUAL VARIANCES
              SLEEP6_1      SLEEP7_1
              ________      ________
                0.026         0.024


           Est./S.E. GEOMIN ROTATED LOADINGS
                  1             2
              ________      ________
 SLEEP1_1      12.095         4.513
 SLEEP2_1      45.702        -2.468
 SLEEP3_1       9.651         3.125
 SLEEP4_1      -0.514        20.391
 SLEEP5_1       1.198        19.592
 SLEEP6_1       0.509        21.255
 SLEEP7_1      -0.847        44.606


           Est./S.E. GEOMIN FACTOR CORRELATIONS
                  1             2
              ________      ________
      1         0.000
      2        26.285         0.000


           Est./S.E. ESTIMATED RESIDUAL VARIANCES
              SLEEP1_1      SLEEP2_1      SLEEP3_1      SLEEP4_1      SLEEP5_1
              ________      ________      ________      ________      ________
               12.736        -0.103        24.145        18.508        16.178


           Est./S.E. ESTIMATED RESIDUAL VARIANCES
              SLEEP6_1      SLEEP7_1
              ________      ________
               12.284        13.522


           FACTOR STRUCTURE
                  1             2
              ________      ________
 SLEEP1_1       0.812         0.697
 SLEEP2_1       1.002         0.713
 SLEEP3_1       0.623         0.529
 SLEEP4_1       0.513         0.732
 SLEEP5_1       0.571         0.766
 SLEEP6_1       0.598         0.822
 SLEEP7_1       0.579         0.819


EXPLORATORY FACTOR ANALYSIS WITH 3 FACTOR(S):


MODEL FIT INFORMATION

Number of Free Parameters                       18

Chi-Square Test of Model Fit

          Value                              2.112*
          Degrees of Freedom                     3
          P-Value                           0.5496

*   The chi-square value for MLM, MLMV, MLR, ULSMV, WLSM and WLSMV cannot be used
    for chi-square difference testing in the regular way.  MLM, MLR and WLSM
    chi-square difference testing is described on the Mplus website.  MLMV, WLSMV,
    and ULSMV difference testing is done using the DIFFTEST option.

RMSEA (Root Mean Square Error Of Approximation)

          Estimate                           0.000
          90 Percent C.I.                    0.000  0.040
          Probability RMSEA <= .05           0.987

CFI/TLI

          CFI                                1.000
          TLI                                1.000

Chi-Square Test of Model Fit for the Baseline Model

          Value                          12134.845
          Degrees of Freedom                    21
          P-Value                           0.0000

SRMR (Standardized Root Mean Square Residual)

          Value                              0.004



MINIMUM ROTATION FUNCTION VALUE       0.13927



           GEOMIN ROTATED LOADINGS (* significant at 5% level)
                  1             2             3
              ________      ________      ________
 SLEEP1_1       3.042         0.000         0.000
 SLEEP2_1       0.080         0.543*        0.305
 SLEEP3_1      -0.021         0.001         1.040*
 SLEEP4_1      -0.009         0.766*       -0.054
 SLEEP5_1       0.002         0.755*        0.013
 SLEEP6_1      -0.023         0.808*        0.042
 SLEEP7_1      -0.008         0.836*       -0.031


           GEOMIN FACTOR CORRELATIONS (* significant at 5% level)
                  1             2             3
              ________      ________      ________
      1         1.000
      2         0.242         1.000
      3         0.186         0.525*        1.000


           ESTIMATED RESIDUAL VARIANCES
              SLEEP1_1      SLEEP2_1      SLEEP3_1      SLEEP4_1      SLEEP5_1
              ________      ________      ________      ________      ________
               -8.253         0.402        -0.075         0.458         0.418


           ESTIMATED RESIDUAL VARIANCES
              SLEEP6_1      SLEEP7_1
              ________      ________
                0.318         0.331


           S.E. GEOMIN ROTATED LOADINGS
                  1             2             3
              ________      ________      ________
 SLEEP1_1      14.725         0.002         0.001
 SLEEP2_1       0.544         0.236         0.183
 SLEEP3_1       0.093         0.001         0.312
 SLEEP4_1       0.017         0.050         0.066
 SLEEP5_1       0.091         0.024         0.055
 SLEEP6_1       0.038         0.067         0.062
 SLEEP7_1       0.032         0.037         0.059


           S.E. GEOMIN FACTOR CORRELATIONS
                  1             2             3
              ________      ________      ________
      1         0.000
      2         1.079         0.000
      3         0.739         0.175         0.000


           S.E. ESTIMATED RESIDUAL VARIANCES
              SLEEP1_1      SLEEP2_1      SLEEP3_1      SLEEP4_1      SLEEP5_1
              ________      ________      ________      ________      ________
               89.578         0.113         0.667         0.025         0.025


           S.E. ESTIMATED RESIDUAL VARIANCES
              SLEEP6_1      SLEEP7_1
              ________      ________
                0.026         0.023


           Est./S.E. GEOMIN ROTATED LOADINGS
                  1             2             3
              ________      ________      ________
 SLEEP1_1       0.207         0.088         0.033
 SLEEP2_1       0.146         2.307         1.671
 SLEEP3_1      -0.229         1.175         3.330
 SLEEP4_1      -0.554        15.227        -0.816
 SLEEP5_1       0.022        31.580         0.237
 SLEEP6_1      -0.597        12.131         0.677
 SLEEP7_1      -0.263        22.371        -0.532


           Est./S.E. GEOMIN FACTOR CORRELATIONS
                  1             2             3
              ________      ________      ________
      1         0.000
      2         0.224         0.000
      3         0.251         2.998         0.000


           Est./S.E. ESTIMATED RESIDUAL VARIANCES
              SLEEP1_1      SLEEP2_1      SLEEP3_1      SLEEP4_1      SLEEP5_1
              ________      ________      ________      ________      ________
               -0.092         3.563        -0.112        18.037        16.501


           Est./S.E. ESTIMATED RESIDUAL VARIANCES
              SLEEP6_1      SLEEP7_1
              ________      ________
               12.064        14.254


           FACTOR STRUCTURE
                  1             2             3
              ________      ________      ________
 SLEEP1_1       3.042         0.736         0.565
 SLEEP2_1       0.268         0.723         0.605
 SLEEP3_1       0.172         0.542         1.037
 SLEEP4_1       0.166         0.735         0.346
 SLEEP5_1       0.187         0.763         0.410
 SLEEP6_1       0.180         0.825         0.462
 SLEEP7_1       0.188         0.817         0.406


MODIFICATION INDICES


     MODIFICATION INDICES FOR ANALYSIS WITH 1 FACTOR(S)



     MODIFICATION INDICES


           THETA
              SLEEP1_1      SLEEP2_1      SLEEP3_1      SLEEP4_1      SLEEP5_1
              ________      ________      ________      ________      ________
 SLEEP1_1       0.000
 SLEEP2_1     284.450         0.000
 SLEEP3_1       0.023        46.099         0.000
 SLEEP4_1      40.739        48.329        14.948         0.000
 SLEEP5_1      16.203        58.100         3.409        17.247         0.000
 SLEEP6_1      61.036        51.824         0.309        27.608        26.869
 SLEEP7_1      39.012        68.414         9.679        59.190        25.908


           THETA
              SLEEP6_1      SLEEP7_1
              ________      ________
 SLEEP6_1       0.000
 SLEEP7_1      30.908         0.000


     EXPECTED PARAMETER CHANGE


           THETA
              SLEEP1_1      SLEEP2_1      SLEEP3_1      SLEEP4_1      SLEEP5_1
              ________      ________      ________      ________      ________
 SLEEP1_1       0.000
 SLEEP2_1       0.270         0.000
 SLEEP3_1      -0.003         0.124         0.000
 SLEEP4_1      -0.114        -0.132        -0.080         0.000
 SLEEP5_1      -0.076        -0.149        -0.038         0.074         0.000
 SLEEP6_1      -0.169        -0.153        -0.013         0.095         0.099
 SLEEP7_1      -0.120        -0.162        -0.066         0.132         0.093


           THETA
              SLEEP6_1      SLEEP7_1
              ________      ________
 SLEEP6_1       0.000
 SLEEP7_1       0.104         0.000


     MODIFICATION INDICES FOR ANALYSIS WITH 2 FACTOR(S)



     MODIFICATION INDICES


           THETA
              SLEEP1_1      SLEEP2_1      SLEEP3_1      SLEEP4_1      SLEEP5_1
              ________      ________      ________      ________      ________
 SLEEP1_1       0.000
 SLEEP2_1       4.022         0.000
 SLEEP3_1       4.361         0.812         0.000
 SLEEP4_1       0.001         2.033         4.369         0.000
 SLEEP5_1       4.996         5.497         0.129         1.549         0.000
 SLEEP6_1       7.800         0.401         7.349         0.007         1.571
 SLEEP7_1       0.201         0.053         0.658         3.275         0.846


           THETA
              SLEEP6_1      SLEEP7_1
              ________      ________
 SLEEP6_1       0.000
 SLEEP7_1       0.709         0.000


     EXPECTED PARAMETER CHANGE


           THETA
              SLEEP1_1      SLEEP2_1      SLEEP3_1      SLEEP4_1      SLEEP5_1
              ________      ________      ________      ________      ________
 SLEEP1_1       0.000
 SLEEP2_1       0.754         0.000
 SLEEP3_1      -0.254         0.187         0.000
 SLEEP4_1       0.000         0.034        -0.038         0.000
 SLEEP5_1       0.036        -0.055         0.006        -0.023         0.000
 SLEEP6_1      -0.052         0.017         0.054        -0.002         0.025
 SLEEP7_1       0.008         0.006        -0.015         0.037        -0.018


           THETA
              SLEEP6_1      SLEEP7_1
              ________      ________
 SLEEP6_1       0.000
 SLEEP7_1      -0.019         0.000


     MODIFICATION INDICES FOR ANALYSIS WITH 3 FACTOR(S)



     MODIFICATION INDICES


           THETA
              SLEEP1_1      SLEEP2_1      SLEEP3_1      SLEEP4_1      SLEEP5_1
              ________      ________      ________      ________      ________
 SLEEP1_1       0.000
 SLEEP2_1       0.000         0.000
 SLEEP3_1       0.000         1.807         0.000
 SLEEP4_1       0.171         0.245         0.049         0.000
 SLEEP5_1       0.072         0.053         1.457         1.098         0.000
 SLEEP6_1       0.001         0.709         0.195         0.205         1.692
 SLEEP7_1       0.051         0.065         0.324         1.941         0.084


           THETA
              SLEEP6_1      SLEEP7_1
              ________      ________
 SLEEP6_1       0.000
 SLEEP7_1       0.536         0.000


     EXPECTED PARAMETER CHANGE


           THETA
              SLEEP1_1      SLEEP2_1      SLEEP3_1      SLEEP4_1      SLEEP5_1
              ________      ________      ________      ________      ________
 SLEEP1_1       0.000
 SLEEP2_1       0.000         0.000
 SLEEP3_1       0.000         2.157         0.000
 SLEEP4_1      -0.346         0.013        -0.022         0.000
 SLEEP5_1       0.577         0.018        -0.224        -0.021         0.000
 SLEEP6_1      -0.177        -0.100        -0.254        -0.010         0.027
 SLEEP7_1       0.144        -0.005         0.040         0.035        -0.006


           THETA
              SLEEP6_1      SLEEP7_1
              ________      ________
 SLEEP6_1       0.000
 SLEEP7_1      -0.017         0.000


     Beginning Time:  23:00:37
        Ending Time:  23:00:37
       Elapsed Time:  00:00:00



MUTHEN & MUTHEN
3463 Stoner Ave.
Los Angeles, CA  90066

Tel: (310) 391-9971
Fax: (310) 391-8971
Web: www.StatModel.com
Support: Support@StatModel.com

Copyright (c) 1998-2019 Muthen & Muthen
