Mplus VERSION 8.4 (Mac)
MUTHEN & MUTHEN
10/28/2023  11:00 PM

INPUT INSTRUCTIONS

  Title: Student Sleep Gender Measurement Invariance Configural Model;

  Data:
     File is ../dat_stu_1.txt;

  Variable:
     Names are studentid index treatment girl age_w child_grade in_ukr
     guardian_living guardian_region
     grit1_1 grit2_1 grit3_1 grit4_1 grit5_1 grit6_1 grit7_1 grit8_1
     loc1_1 loc2_1 loc3_1 loc4_1
     dass1_1 dass2_1 dass3_1 dass4_1 dass5_1 dass6_1 dass7_1 dass8_1
     dass9_1 dass10_1 dass11_1 dass12_1 dass13_1 dass14_1
     sleep1_1 sleep2_1 sleep3_1 sleep4_1 sleep5_1 sleep6_1 sleep7_1
     edugoals_1 half;
     Missing are . ;

    Usevariable are
  	sleep1_1 sleep2_1 sleep3_1 sleep4_1 sleep5_1 sleep6_1 sleep7_1;

    Categorical is
  	sleep1_1 sleep2_1 sleep3_1 sleep4_1 sleep5_1 sleep6_1 sleep7_1;

    Idvariable is studentid;

    Group is girl (1 = Female 0 = Male);

  Analysis:
     Estimator = wlsmv;
     Parameterization = theta;


  !!! Model for Male Group !!!

  Model:
    ! Factor loadings all freely estimated
    sleep_1 by
      sleep1_1-sleep7_1* (L1-L7);

    sleep1_1 with sleep2_1;
    sleep6_1 with sleep7_1;

    !estimating thresholds freely
    [sleep1_1$1-sleep7_1$1*] (T1_1-T1_7);
    [sleep1_1$2-sleep7_1$2*] (T2_1-T2_7);
    [sleep1_1$3-sleep7_1$3*] (T3_1-T3_7);

    !constraining item residual variance to 1 for identification
    sleep1_1-sleep7_1@1;

    !fixing latent mean to zero for identification
    [sleep_1@0];

    !fixing latent variance to one for identification
    sleep_1@1;

  !!! Model for Female Group !!!

  Model Female:
    ! Factor loadings all freely estimated
    sleep_1 by sleep1_1-sleep7_1*;

    sleep1_1 with sleep2_1;
    sleep6_1 with sleep7_1;

    ! estimating thresholds freely
    [sleep1_1$1-sleep7_1$1*];
    [sleep1_1$2-sleep7_1$2*];
    [sleep1_1$3-sleep7_1$3*];

    ! constraining item residual variance to 1 for identification
    sleep1_1-sleep7_1@1;

    ! fixing latent factor mean to zero for identification
    [sleep_1@0];

    ! fixing latent factor variance to one for identification
    sleep_1@1;

  Output: sampstat stdyx modindices(all);
  Savedata: Difftest is sleep1_student_gender_inv_config.dat;



INPUT READING TERMINATED NORMALLY



Student Sleep Gender Measurement Invariance Configural Model;

SUMMARY OF ANALYSIS

Number of groups                                                 2
Number of observations
   Group MALE                                                 1261
   Group FEMALE                                               1506
   Total sample size                                          2767

Number of dependent variables                                    7
Number of independent variables                                  0
Number of continuous latent variables                            1

Observed dependent variables

  Binary and ordered categorical (ordinal)
   SLEEP1_1    SLEEP2_1    SLEEP3_1    SLEEP4_1    SLEEP5_1    SLEEP6_1
   SLEEP7_1

Continuous latent variables
   SLEEP_1

Variables with special functions

  Grouping variable     GIRL
  ID variable           STUDENTI

Estimator                                                    WLSMV
Maximum number of iterations                                  1000
Convergence criterion                                    0.500D-04
Maximum number of steepest descent iterations                   20
Maximum number of iterations for H1                           2000
Convergence criterion for H1                             0.100D-03
Parameterization                                             THETA
Link                                                        PROBIT

Input data file(s)
  ../dat_stu_1.txt

Input data format  FREE


SUMMARY OF DATA

   Group MALE
     Number of missing data patterns             1

   Group FEMALE
     Number of missing data patterns             1


COVARIANCE COVERAGE OF DATA

Minimum covariance coverage value   0.100


     PROPORTION OF DATA PRESENT FOR MALE


           Covariance Coverage
              SLEEP1_1      SLEEP2_1      SLEEP3_1      SLEEP4_1      SLEEP5_1
              ________      ________      ________      ________      ________
 SLEEP1_1       1.000
 SLEEP2_1       1.000         1.000
 SLEEP3_1       1.000         1.000         1.000
 SLEEP4_1       1.000         1.000         1.000         1.000
 SLEEP5_1       1.000         1.000         1.000         1.000         1.000
 SLEEP6_1       1.000         1.000         1.000         1.000         1.000
 SLEEP7_1       1.000         1.000         1.000         1.000         1.000


           Covariance Coverage
              SLEEP6_1      SLEEP7_1
              ________      ________
 SLEEP6_1       1.000
 SLEEP7_1       1.000         1.000


     PROPORTION OF DATA PRESENT FOR FEMALE


           Covariance Coverage
              SLEEP1_1      SLEEP2_1      SLEEP3_1      SLEEP4_1      SLEEP5_1
              ________      ________      ________      ________      ________
 SLEEP1_1       1.000
 SLEEP2_1       1.000         1.000
 SLEEP3_1       1.000         1.000         1.000
 SLEEP4_1       1.000         1.000         1.000         1.000
 SLEEP5_1       1.000         1.000         1.000         1.000         1.000
 SLEEP6_1       1.000         1.000         1.000         1.000         1.000
 SLEEP7_1       1.000         1.000         1.000         1.000         1.000


           Covariance Coverage
              SLEEP6_1      SLEEP7_1
              ________      ________
 SLEEP6_1       1.000
 SLEEP7_1       1.000         1.000


UNIVARIATE PROPORTIONS AND COUNTS FOR CATEGORICAL VARIABLES

  Group MALE
    SLEEP1_1
      Category 1    0.295          372.000
      Category 2    0.426          537.000
      Category 3    0.193          244.000
      Category 4    0.065           82.000
      Category 5    0.021           26.000
    SLEEP2_1
      Category 1    0.431          544.000
      Category 2    0.349          440.000
      Category 3    0.163          205.000
      Category 4    0.044           55.000
      Category 5    0.013           17.000
    SLEEP3_1
      Category 1    0.482          608.000
      Category 2    0.342          431.000
      Category 3    0.130          164.000
      Category 4    0.033           42.000
      Category 5    0.013           16.000
    SLEEP4_1
      Category 1    0.209          264.000
      Category 2    0.370          466.000
      Category 3    0.313          395.000
      Category 4    0.087          110.000
      Category 5    0.021           26.000
    SLEEP5_1
      Category 1    0.539          680.000
      Category 2    0.300          378.000
      Category 3    0.118          149.000
      Category 4    0.031           39.000
      Category 5    0.012           15.000
    SLEEP6_1
      Category 1    0.744          938.000
      Category 2    0.193          244.000
      Category 3    0.051           64.000
      Category 4    0.009           11.000
      Category 5    0.003            4.000
    SLEEP7_1
      Category 1    0.552          696.000
      Category 2    0.285          360.000
      Category 3    0.124          156.000
      Category 4    0.030           38.000
      Category 5    0.009           11.000

  Group FEMALE
    SLEEP1_1
      Category 1    0.229          345.000
      Category 2    0.412          621.000
      Category 3    0.240          362.000
      Category 4    0.096          144.000
      Category 5    0.023           34.000
    SLEEP2_1
      Category 1    0.331          498.000
      Category 2    0.390          588.000
      Category 3    0.186          280.000
      Category 4    0.076          114.000
      Category 5    0.017           26.000
    SLEEP3_1
      Category 1    0.406          612.000
      Category 2    0.392          591.000
      Category 3    0.144          217.000
      Category 4    0.044           67.000
      Category 5    0.013           19.000
    SLEEP4_1
      Category 1    0.125          189.000
      Category 2    0.319          480.000
      Category 3    0.382          575.000
      Category 4    0.135          204.000
      Category 5    0.039           58.000
    SLEEP5_1
      Category 1    0.518          780.000
      Category 2    0.290          436.000
      Category 3    0.149          224.000
      Category 4    0.025           38.000
      Category 5    0.019           28.000
    SLEEP6_1
      Category 1    0.649          978.000
      Category 2    0.242          364.000
      Category 3    0.081          122.000
      Category 4    0.016           24.000
      Category 5    0.012           18.000
    SLEEP7_1
      Category 1    0.406          611.000
      Category 2    0.350          527.000
      Category 3    0.157          236.000
      Category 4    0.058           87.000
      Category 5    0.030           45.000


SAMPLE STATISTICS


     ESTIMATED SAMPLE STATISTICS FOR MALE


           MEANS/INTERCEPTS/THRESHOLDS
              SLEEP1_1      SLEEP1_1      SLEEP1_1      SLEEP1_1      SLEEP2_1
              ________      ________      ________      ________      ________
               -0.539         0.585         1.368         2.041        -0.173


           MEANS/INTERCEPTS/THRESHOLDS
              SLEEP2_1      SLEEP2_1      SLEEP2_1      SLEEP3_1      SLEEP3_1
              ________      ________      ________      ________      ________
                0.773         1.580         2.212        -0.045         0.931


           MEANS/INTERCEPTS/THRESHOLDS
              SLEEP3_1      SLEEP3_1      SLEEP4_1      SLEEP4_1      SLEEP4_1
              ________      ________      ________      ________      ________
                1.685         2.236        -0.809         0.199         1.238


           MEANS/INTERCEPTS/THRESHOLDS
              SLEEP4_1      SLEEP5_1      SLEEP5_1      SLEEP5_1      SLEEP5_1
              ________      ________      ________      ________      ________
                2.041         0.099         0.990         1.719         2.260


           MEANS/INTERCEPTS/THRESHOLDS
              SLEEP6_1      SLEEP6_1      SLEEP6_1      SLEEP6_1      SLEEP7_1
              ________      ________      ________      ________      ________
                0.655         1.533         2.260         2.729         0.131


           MEANS/INTERCEPTS/THRESHOLDS
              SLEEP7_1      SLEEP7_1      SLEEP7_1
              ________      ________      ________
                0.984         1.764         2.377


           CORRELATION MATRIX (WITH VARIANCES ON THE DIAGONAL)
              SLEEP1_1      SLEEP2_1      SLEEP3_1      SLEEP4_1      SLEEP5_1
              ________      ________      ________      ________      ________
 SLEEP1_1
 SLEEP2_1       0.792
 SLEEP3_1       0.557         0.646
 SLEEP4_1       0.450         0.524         0.381
 SLEEP5_1       0.533         0.562         0.436         0.513
 SLEEP6_1       0.514         0.598         0.488         0.568         0.625
 SLEEP7_1       0.529         0.568         0.457         0.570         0.617


           CORRELATION MATRIX (WITH VARIANCES ON THE DIAGONAL)
              SLEEP6_1      SLEEP7_1
              ________      ________
 SLEEP7_1       0.676


     ESTIMATED SAMPLE STATISTICS FOR FEMALE


           MEANS/INTERCEPTS/THRESHOLDS
              SLEEP1_1      SLEEP1_1      SLEEP1_1      SLEEP1_1      SLEEP2_1
              ________      ________      ________      ________      ________
               -0.742         0.362         1.184         2.003        -0.438


           MEANS/INTERCEPTS/THRESHOLDS
              SLEEP2_1      SLEEP2_1      SLEEP2_1      SLEEP3_1      SLEEP3_1
              ________      ________      ________      ________      ________
                0.586         1.323         2.114        -0.237         0.837


           MEANS/INTERCEPTS/THRESHOLDS
              SLEEP3_1      SLEEP3_1      SLEEP4_1      SLEEP4_1      SLEEP4_1
              ________      ________      ________      ________      ________
                1.580         2.238        -1.148        -0.140         0.939


           MEANS/INTERCEPTS/THRESHOLDS
              SLEEP4_1      SLEEP5_1      SLEEP5_1      SLEEP5_1      SLEEP5_1
              ________      ________      ________      ________      ________
                1.768         0.045         0.868         1.708         2.084


           MEANS/INTERCEPTS/THRESHOLDS
              SLEEP6_1      SLEEP6_1      SLEEP6_1      SLEEP6_1      SLEEP7_1
              ________      ________      ________      ________      ________
                0.384         1.232         1.913         2.259        -0.239


           MEANS/INTERCEPTS/THRESHOLDS
              SLEEP7_1      SLEEP7_1      SLEEP7_1
              ________      ________      ________
                0.692         1.355         1.883


           CORRELATION MATRIX (WITH VARIANCES ON THE DIAGONAL)
              SLEEP1_1      SLEEP2_1      SLEEP3_1      SLEEP4_1      SLEEP5_1
              ________      ________      ________      ________      ________
 SLEEP1_1
 SLEEP2_1       0.813
 SLEEP3_1       0.486         0.594
 SLEEP4_1       0.539         0.550         0.346
 SLEEP5_1       0.511         0.513         0.372         0.502
 SLEEP6_1       0.526         0.575         0.422         0.565         0.599
 SLEEP7_1       0.535         0.547         0.370         0.582         0.549


           CORRELATION MATRIX (WITH VARIANCES ON THE DIAGONAL)
              SLEEP6_1      SLEEP7_1
              ________      ________
 SLEEP7_1       0.659


THE MODEL ESTIMATION TERMINATED NORMALLY



MODEL FIT INFORMATION

Number of Free Parameters                       67

Chi-Square Test of Model Fit

          Value                            372.811*
          Degrees of Freedom                    31
          P-Value                           0.0000

Chi-Square Contribution From Each Group

          MALE                             189.775
          FEMALE                           183.036

*   The chi-square value for MLM, MLMV, MLR, ULSMV, WLSM and WLSMV cannot be used
    for chi-square difference testing in the regular way.  MLM, MLR and WLSM
    chi-square difference testing is described on the Mplus website.  MLMV, WLSMV,
    and ULSMV difference testing is done using the DIFFTEST option.

RMSEA (Root Mean Square Error Of Approximation)

          Estimate                           0.089
          90 Percent C.I.                    0.081  0.098
          Probability RMSEA <= .05           0.000

CFI/TLI

          CFI                                0.984
          TLI                                0.978

Chi-Square Test of Model Fit for the Baseline Model

          Value                          21142.474
          Degrees of Freedom                    42
          P-Value                           0.0000

SRMR (Standardized Root Mean Square Residual)

          Value                              0.030

Optimum Function Value for Weighted Least-Squares Estimator

          Value                     0.40529229D-01



MODEL RESULTS

                                                    Two-Tailed
                    Estimate       S.E.  Est./S.E.    P-Value

Group MALE

 SLEEP_1  BY
    SLEEP1_1           1.025      0.053     19.188      0.000
    SLEEP2_1           1.324      0.066     20.084      0.000
    SLEEP3_1           0.953      0.053     17.851      0.000
    SLEEP4_1           0.923      0.042     21.728      0.000
    SLEEP5_1           1.108      0.061     18.263      0.000
    SLEEP6_1           1.204      0.078     15.462      0.000
    SLEEP7_1           1.124      0.061     18.437      0.000

 SLEEP1_1 WITH
    SLEEP2_1           0.524      0.023     23.006      0.000

 SLEEP6_1 WITH
    SLEEP7_1           0.238      0.047      5.047      0.000

 Means
    SLEEP_1            0.000      0.000    999.000    999.000

 Thresholds
    SLEEP1_1$1        -0.772      0.055    -14.142      0.000
    SLEEP1_1$2         0.838      0.056     15.043      0.000
    SLEEP1_1$3         1.959      0.075     26.264      0.000
    SLEEP1_1$4         2.919      0.079     37.095      0.000
    SLEEP2_1$1        -0.287      0.058     -4.903      0.000
    SLEEP2_1$2         1.283      0.072     17.920      0.000
    SLEEP2_1$3         2.621      0.099     26.401      0.000
    SLEEP2_1$4         3.518      0.102     34.349      0.000
    SLEEP3_1$1        -0.062      0.049     -1.270      0.204
    SLEEP3_1$2         1.285      0.061     20.928      0.000
    SLEEP3_1$3         2.328      0.089     26.271      0.000
    SLEEP3_1$4         2.931      0.086     34.008      0.000
    SLEEP4_1$1        -1.100      0.053    -20.641      0.000
    SLEEP4_1$2         0.271      0.049      5.580      0.000
    SLEEP4_1$3         1.684      0.064     26.237      0.000
    SLEEP4_1$4         2.649      0.070     37.780      0.000
    SLEEP5_1$1         0.147      0.053      2.762      0.006
    SLEEP5_1$2         1.478      0.071     20.805      0.000
    SLEEP5_1$3         2.565      0.094     27.147      0.000
    SLEEP5_1$4         3.103      0.088     35.369      0.000
    SLEEP6_1$1         1.026      0.072     14.283      0.000
    SLEEP6_1$2         2.399      0.108     22.199      0.000
    SLEEP6_1$3         3.538      0.154     22.975      0.000
    SLEEP6_1$4         3.736      0.133     28.145      0.000
    SLEEP7_1$1         0.196      0.054      3.641      0.000
    SLEEP7_1$2         1.480      0.071     20.827      0.000
    SLEEP7_1$3         2.654      0.099     26.840      0.000
    SLEEP7_1$4         3.056      0.088     34.761      0.000

 Variances
    SLEEP_1            1.000      0.000    999.000    999.000

 Residual Variances
    SLEEP1_1           1.000      0.000    999.000    999.000
    SLEEP2_1           1.000      0.000    999.000    999.000
    SLEEP3_1           1.000      0.000    999.000    999.000
    SLEEP4_1           1.000      0.000    999.000    999.000
    SLEEP5_1           1.000      0.000    999.000    999.000
    SLEEP6_1           1.000      0.000    999.000    999.000
    SLEEP7_1           1.000      0.000    999.000    999.000

Group FEMALE

 SLEEP_1  BY
    SLEEP1_1           1.057      0.048     22.066      0.000
    SLEEP2_1           1.270      0.058     21.825      0.000
    SLEEP3_1           0.767      0.039     19.625      0.000
    SLEEP4_1           1.054      0.047     22.671      0.000
    SLEEP5_1           1.006      0.051     19.814      0.000
    SLEEP6_1           1.226      0.070     17.475      0.000
    SLEEP7_1           1.153      0.056     20.532      0.000

 SLEEP1_1 WITH
    SLEEP2_1           0.570      0.022     25.901      0.000

 SLEEP6_1 WITH
    SLEEP7_1           0.176      0.045      3.944      0.000

 Means
    SLEEP_1            0.000      0.000    999.000    999.000

 Thresholds
    SLEEP1_1$1        -1.079      0.054    -19.936      0.000
    SLEEP1_1$2         0.527      0.049     10.853      0.000
    SLEEP1_1$3         1.723      0.062     27.640      0.000
    SLEEP1_1$4         2.919      0.079     37.095      0.000
    SLEEP2_1$1        -0.708      0.055    -12.794      0.000
    SLEEP2_1$2         0.948      0.058     16.374      0.000
    SLEEP2_1$3         2.138      0.078     27.560      0.000
    SLEEP2_1$4         3.518      0.102     34.349      0.000
    SLEEP3_1$1        -0.299      0.041     -7.289      0.000
    SLEEP3_1$2         1.055      0.047     22.233      0.000
    SLEEP3_1$3         1.991      0.066     30.219      0.000
    SLEEP3_1$4         2.931      0.086     34.008      0.000
    SLEEP4_1$1        -1.668      0.064    -26.247      0.000
    SLEEP4_1$2        -0.204      0.047     -4.308      0.000
    SLEEP4_1$3         1.364      0.056     24.175      0.000
    SLEEP4_1$4         2.649      0.070     37.780      0.000
    SLEEP5_1$1         0.064      0.046      1.389      0.165
    SLEEP5_1$2         1.232      0.056     21.812      0.000
    SLEEP5_1$3         2.423      0.081     29.728      0.000
    SLEEP5_1$4         3.103      0.088     35.369      0.000
    SLEEP6_1$1         0.607      0.057     10.720      0.000
    SLEEP6_1$2         1.950      0.084     23.273      0.000
    SLEEP6_1$3         3.026      0.118     25.638      0.000
    SLEEP6_1$4         3.736      0.133     28.145      0.000
    SLEEP7_1$1        -0.364      0.050     -7.300      0.000
    SLEEP7_1$2         1.057      0.057     18.444      0.000
    SLEEP7_1$3         2.069      0.074     28.026      0.000
    SLEEP7_1$4         3.056      0.088     34.761      0.000

 Variances
    SLEEP_1            1.000      0.000    999.000    999.000

 Residual Variances
    SLEEP1_1           1.000      0.000    999.000    999.000
    SLEEP2_1           1.000      0.000    999.000    999.000
    SLEEP3_1           1.000      0.000    999.000    999.000
    SLEEP4_1           1.000      0.000    999.000    999.000
    SLEEP5_1           1.000      0.000    999.000    999.000
    SLEEP6_1           1.000      0.000    999.000    999.000
    SLEEP7_1           1.000      0.000    999.000    999.000


STANDARDIZED MODEL RESULTS


STDYX Standardization

                                                    Two-Tailed
                    Estimate       S.E.  Est./S.E.    P-Value

Group MALE

 SLEEP_1  BY
    SLEEP1_1           0.716      0.018     39.343      0.000
    SLEEP2_1           0.798      0.014     55.280      0.000
    SLEEP3_1           0.690      0.020     34.062      0.000
    SLEEP4_1           0.678      0.017     40.221      0.000
    SLEEP5_1           0.742      0.018     40.679      0.000
    SLEEP6_1           0.769      0.020     37.872      0.000
    SLEEP7_1           0.747      0.018     41.727      0.000

 SLEEP1_1 WITH
    SLEEP2_1           0.524      0.023     23.006      0.000

 SLEEP6_1 WITH
    SLEEP7_1           0.238      0.047      5.047      0.000

 Means
    SLEEP_1            0.000      0.000    999.000    999.000

 Thresholds
    SLEEP1_1$1        -0.539      0.037    -14.476      0.000
    SLEEP1_1$2         0.585      0.038     15.576      0.000
    SLEEP1_1$3         1.368      0.050     27.166      0.000
    SLEEP1_1$4         2.038      0.067     30.473      0.000
    SLEEP2_1$1        -0.173      0.035     -4.870      0.000
    SLEEP2_1$2         0.773      0.039     19.622      0.000
    SLEEP2_1$3         1.580      0.057     27.700      0.000
    SLEEP2_1$4         2.120      0.079     26.837      0.000
    SLEEP3_1$1        -0.045      0.035     -1.267      0.205
    SLEEP3_1$2         0.930      0.041     22.446      0.000
    SLEEP3_1$3         1.685      0.061     27.558      0.000
    SLEEP3_1$4         2.122      0.074     28.593      0.000
    SLEEP4_1$1        -0.809      0.040    -20.306      0.000
    SLEEP4_1$2         0.199      0.036      5.600      0.000
    SLEEP4_1$3         1.238      0.047     26.273      0.000
    SLEEP4_1$4         1.947      0.060     32.325      0.000
    SLEEP5_1$1         0.099      0.035      2.787      0.005
    SLEEP5_1$2         0.990      0.042     23.376      0.000
    SLEEP5_1$3         1.719      0.063     27.456      0.000
    SLEEP5_1$4         2.079      0.078     26.620      0.000
    SLEEP6_1$1         0.655      0.038     17.159      0.000
    SLEEP6_1$2         1.533      0.055     27.676      0.000
    SLEEP6_1$3         2.261      0.098     22.955      0.000
    SLEEP6_1$4         2.387      0.120     19.851      0.000
    SLEEP7_1$1         0.131      0.035      3.688      0.000
    SLEEP7_1$2         0.984      0.042     23.281      0.000
    SLEEP7_1$3         1.764      0.065     27.280      0.000
    SLEEP7_1$4         2.031      0.079     25.557      0.000

 Variances
    SLEEP_1            1.000      0.000    999.000    999.000

 Residual Variances
    SLEEP1_1           0.488      0.026     18.728      0.000
    SLEEP2_1           0.363      0.023     15.772      0.000
    SLEEP3_1           0.524      0.028     18.753      0.000
    SLEEP4_1           0.540      0.023     23.629      0.000
    SLEEP5_1           0.449      0.027     16.570      0.000
    SLEEP6_1           0.408      0.031     13.065      0.000
    SLEEP7_1           0.442      0.027     16.516      0.000

Group FEMALE

 SLEEP_1  BY
    SLEEP1_1           0.726      0.016     46.710      0.000
    SLEEP2_1           0.786      0.014     57.020      0.000
    SLEEP3_1           0.609      0.020     31.180      0.000
    SLEEP4_1           0.726      0.015     47.872      0.000
    SLEEP5_1           0.709      0.018     39.864      0.000
    SLEEP6_1           0.775      0.018     43.729      0.000
    SLEEP7_1           0.756      0.016     47.843      0.000

 SLEEP1_1 WITH
    SLEEP2_1           0.570      0.022     25.901      0.000

 SLEEP6_1 WITH
    SLEEP7_1           0.176      0.045      3.944      0.000

 Means
    SLEEP_1            0.000      0.000    999.000    999.000

 Thresholds
    SLEEP1_1$1        -0.742      0.036    -20.755      0.000
    SLEEP1_1$2         0.362      0.033     10.954      0.000
    SLEEP1_1$3         1.184      0.042     28.170      0.000
    SLEEP1_1$4         2.006      0.061     32.988      0.000
    SLEEP2_1$1        -0.438      0.033    -13.097      0.000
    SLEEP2_1$2         0.586      0.034     17.044      0.000
    SLEEP2_1$3         1.323      0.045     29.407      0.000
    SLEEP2_1$4         2.176      0.070     31.225      0.000
    SLEEP3_1$1        -0.237      0.033     -7.260      0.000
    SLEEP3_1$2         0.837      0.037     22.774      0.000
    SLEEP3_1$3         1.580      0.052     30.270      0.000
    SLEEP3_1$4         2.325      0.073     31.649      0.000
    SLEEP4_1$1        -1.148      0.041    -27.751      0.000
    SLEEP4_1$2        -0.140      0.032     -4.328      0.000
    SLEEP4_1$3         0.938      0.038     24.673      0.000
    SLEEP4_1$4         1.823      0.052     34.913      0.000
    SLEEP5_1$1         0.045      0.032      1.392      0.164
    SLEEP5_1$2         0.869      0.037     23.387      0.000
    SLEEP5_1$3         1.708      0.057     30.045      0.000
    SLEEP5_1$4         2.188      0.068     32.149      0.000
    SLEEP6_1$1         0.384      0.033     11.563      0.000
    SLEEP6_1$2         1.233      0.043     28.665      0.000
    SLEEP6_1$3         1.913      0.066     28.867      0.000
    SLEEP6_1$4         2.362      0.084     28.136      0.000
    SLEEP7_1$1        -0.239      0.033     -7.310      0.000
    SLEEP7_1$2         0.692      0.035     19.628      0.000
    SLEEP7_1$3         1.355      0.046     29.617      0.000
    SLEEP7_1$4         2.002      0.061     33.005      0.000

 Variances
    SLEEP_1            1.000      0.000    999.000    999.000

 Residual Variances
    SLEEP1_1           0.472      0.023     20.912      0.000
    SLEEP2_1           0.383      0.022     17.679      0.000
    SLEEP3_1           0.629      0.024     26.478      0.000
    SLEEP4_1           0.474      0.022     21.534      0.000
    SLEEP5_1           0.497      0.025     19.697      0.000
    SLEEP6_1           0.400      0.027     14.554      0.000
    SLEEP7_1           0.429      0.024     17.983      0.000


R-SQUARE

Group MALE

    Observed                                        Two-Tailed     Scale
    Variable        Estimate       S.E.  Est./S.E.    P-Value     Factors

    SLEEP1_1           0.512      0.026     19.671      0.000      0.698
    SLEEP2_1           0.637      0.023     27.640      0.000      0.603
    SLEEP3_1           0.476      0.028     17.031      0.000      0.724
    SLEEP4_1           0.460      0.023     20.110      0.000      0.735
    SLEEP5_1           0.551      0.027     20.340      0.000      0.670
    SLEEP6_1           0.592      0.031     18.936      0.000      0.639
    SLEEP7_1           0.558      0.027     20.864      0.000      0.665

Group FEMALE

    Observed                                        Two-Tailed     Scale
    Variable        Estimate       S.E.  Est./S.E.    P-Value     Factors

    SLEEP1_1           0.528      0.023     23.355      0.000      0.687
    SLEEP2_1           0.617      0.022     28.510      0.000      0.619
    SLEEP3_1           0.371      0.024     15.590      0.000      0.793
    SLEEP4_1           0.526      0.022     23.936      0.000      0.688
    SLEEP5_1           0.503      0.025     19.932      0.000      0.705
    SLEEP6_1           0.600      0.027     21.865      0.000      0.632
    SLEEP7_1           0.571      0.024     23.922      0.000      0.655


QUALITY OF NUMERICAL RESULTS

     Condition Number for the Information Matrix              0.194E-01
       (ratio of smallest to largest eigenvalue)


MODEL MODIFICATION INDICES

Minimum M.I. value for printing the modification index    10.000

                                   M.I.     E.P.C.  Std E.P.C.  StdYX E.P.C.
Group MALE


ON Statements

SLEEP1_1 ON SLEEP3_1              18.962     0.186      0.186        0.180
SLEEP2_1 ON SLEEP3_1              70.401     0.386      0.386        0.321
SLEEP3_1 ON SLEEP1_1              75.416     0.382      0.382        0.396
SLEEP3_1 ON SLEEP2_1             119.962     0.509      0.509        0.611
SLEEP3_1 ON SLEEP4_1              21.713    -0.209     -0.209       -0.205
SLEEP3_1 ON SLEEP5_1              18.728    -0.211     -0.211       -0.228
SLEEP3_1 ON SLEEP7_1              13.293    -0.191     -0.191       -0.208
SLEEP4_1 ON SLEEP3_1              21.689    -0.208     -0.208       -0.212
SLEEP4_1 ON SLEEP6_1              23.771     0.231      0.231        0.266
SLEEP4_1 ON SLEEP7_1              33.168     0.251      0.251        0.277
SLEEP5_1 ON SLEEP3_1              18.704    -0.211     -0.211       -0.195
SLEEP5_1 ON SLEEP5_1              12.729    -0.200     -0.200       -0.200
SLEEP5_1 ON SLEEP6_1              26.245     0.286      0.286        0.300
SLEEP5_1 ON SLEEP7_1              32.623     0.283      0.283        0.285
SLEEP6_1 ON SLEEP4_1              11.991     0.159      0.159        0.138
SLEEP6_1 ON SLEEP5_1              13.568     0.199      0.199        0.190
SLEEP6_1 ON SLEEP6_1              17.228    -0.349     -0.349       -0.349
SLEEP6_1 ON SLEEP7_1              17.803    -1.494     -1.494       -1.436
SLEEP7_1 ON SLEEP4_1              23.170     0.203      0.203        0.183
SLEEP7_1 ON SLEEP5_1              22.646     0.229      0.229        0.227
SLEEP7_1 ON SLEEP6_1              40.428    -1.797     -1.797       -1.870
SLEEP7_1 ON SLEEP7_1              40.029    -0.425     -0.425       -0.425

WITH Statements

SLEEP3_1 WITH SLEEP1_1            18.976     0.186      0.186        0.186
SLEEP3_1 WITH SLEEP2_1            70.391     0.386      0.386        0.386
SLEEP4_1 WITH SLEEP3_1            21.688    -0.208     -0.208       -0.208
SLEEP5_1 WITH SLEEP3_1            18.697    -0.211     -0.211       -0.211
SLEEP6_1 WITH SLEEP4_1            12.016     0.159      0.159        0.159
SLEEP6_1 WITH SLEEP5_1            13.605     0.200      0.200        0.200
SLEEP7_1 WITH SLEEP4_1            23.165     0.203      0.203        0.203
SLEEP7_1 WITH SLEEP5_1            22.639     0.228      0.228        0.228

Variances/Residual Variances

SLEEP5_1                          12.721    -0.399     -0.399       -0.179
SLEEP6_1                          17.136    -0.697     -0.697       -0.285
SLEEP7_1                          40.016    -0.851     -0.851       -0.376

Means/Intercepts/Thresholds

[ SLEEP_1  ]                      48.004    -0.408     -0.408       -0.408
[ SLEEP5_1 ]                      12.771    -0.621     -0.621       -0.416
[ SLEEP6_1 ]                      17.167    -1.303     -1.303       -0.833
[ SLEEP7_1 ]                      40.056    -1.300     -1.300       -0.864
[ SLEEP5_1 ]                      12.702     0.331      0.331        0.221
[ SLEEP6_1 ]                      17.326     0.644      0.644        0.412
[ SLEEP7_1 ]                      39.901     0.634      0.634        0.422

Group FEMALE


ON Statements

SLEEP1_1 ON SLEEP6_1              10.264    -0.205     -0.205       -0.223
SLEEP2_1 ON SLEEP3_1             100.082     0.400      0.400        0.312
SLEEP2_1 ON SLEEP5_1              10.414    -0.160     -0.160       -0.141
SLEEP2_1 ON SLEEP6_1              12.088    -0.226     -0.226       -0.222
SLEEP2_1 ON SLEEP7_1              22.091    -0.277     -0.277       -0.261
SLEEP3_1 ON SLEEP1_1              76.846     0.347      0.347        0.401
SLEEP3_1 ON SLEEP2_1             141.569     0.480      0.480        0.616
SLEEP3_1 ON SLEEP4_1              33.630    -0.253     -0.253       -0.291
SLEEP3_1 ON SLEEP5_1              12.368    -0.146     -0.146       -0.164
SLEEP3_1 ON SLEEP6_1              17.059    -0.223     -0.223       -0.280
SLEEP3_1 ON SLEEP7_1              40.228    -0.304     -0.304       -0.369
SLEEP4_1 ON SLEEP3_1              33.577    -0.252     -0.252       -0.219
SLEEP4_1 ON SLEEP7_1              14.737     0.186      0.186        0.195
SLEEP5_1 ON SLEEP2_1              11.122    -0.161     -0.161       -0.183
SLEEP5_1 ON SLEEP3_1              12.341    -0.145     -0.145       -0.129
SLEEP5_1 ON SLEEP5_1              12.799     0.200      0.200        0.200
SLEEP5_1 ON SLEEP6_1              17.895     0.226      0.226        0.252
SLEEP6_1 ON SLEEP1_1              17.989    -0.261     -0.261       -0.240
SLEEP6_1 ON SLEEP2_1              17.163    -0.257     -0.257       -0.263
SLEEP6_1 ON SLEEP5_1              15.187     0.201      0.201        0.180
SLEEP6_1 ON SLEEP6_1              17.251     0.350      0.350        0.350
SLEEP6_1 ON SLEEP7_1              17.271     1.983      1.983        1.914
SLEEP7_1 ON SLEEP1_1              11.728    -0.179     -0.179       -0.171
SLEEP7_1 ON SLEEP2_1              23.463    -0.272     -0.272       -0.288
SLEEP7_1 ON SLEEP3_1              33.441    -0.273     -0.273       -0.226
SLEEP7_1 ON SLEEP4_1              13.524     0.172      0.172        0.164
SLEEP7_1 ON SLEEP6_1              39.941     2.408      2.408        2.496
SLEEP7_1 ON SLEEP7_1              39.551     0.423      0.423        0.423

WITH Statements

SLEEP3_1 WITH SLEEP2_1           100.057     0.400      0.400        0.400
SLEEP4_1 WITH SLEEP3_1            33.586    -0.252     -0.252       -0.252
SLEEP5_1 WITH SLEEP2_1            10.427    -0.160     -0.160       -0.160
SLEEP5_1 WITH SLEEP3_1            12.344    -0.145     -0.145       -0.145
SLEEP6_1 WITH SLEEP5_1            15.206     0.201      0.201        0.201
SLEEP7_1 WITH SLEEP2_1            17.334    -0.238     -0.238       -0.238
SLEEP7_1 WITH SLEEP3_1            33.454    -0.273     -0.273       -0.273
SLEEP7_1 WITH SLEEP4_1            13.513     0.172      0.172        0.172

Variances/Residual Variances

SLEEP5_1                          12.793     0.400      0.400        0.199
SLEEP6_1                          17.286     0.700      0.700        0.280
SLEEP7_1                          39.513     0.845      0.845        0.363

Means/Intercepts/Thresholds

[ SLEEP_1  ]                      47.759     0.412      0.412        0.412
[ SLEEP5_1 ]                      12.861     0.623      0.623        0.439
[ SLEEP6_1 ]                      17.157     1.303      1.303        0.824
[ SLEEP7_1 ]                      39.761     1.296      1.296        0.849
[ SLEEP5_1 ]                      12.745    -0.289     -0.289       -0.204
[ SLEEP6_1 ]                      17.232    -0.663     -0.663       -0.419
[ SLEEP7_1 ]                      39.514    -0.660     -0.660       -0.432



SAVEDATA INFORMATION


  Difference testing

  Save file
    sleep1_student_gender_inv_config.dat
  Save format      Free

     Beginning Time:  23:00:46
        Ending Time:  23:00:46
       Elapsed Time:  00:00:00



MUTHEN & MUTHEN
3463 Stoner Ave.
Los Angeles, CA  90066

Tel: (310) 391-9971
Fax: (310) 391-8971
Web: www.StatModel.com
Support: Support@StatModel.com

Copyright (c) 1998-2019 Muthen & Muthen
