Mplus VERSION 8.4 (Mac)
MUTHEN & MUTHEN
10/28/2023  11:00 PM

INPUT INSTRUCTIONS

  Title: Student Sleep Baseline CFA;

  Data:
     File is ../dat_stu_1.txt;

  Variable:
     Names are studentid index treatment girl age_w child_grade in_ukr
     guardian_living guardian_region
     grit1_1 grit2_1 grit3_1 grit4_1 grit5_1 grit6_1 grit7_1 grit8_1
     loc1_1 loc2_1 loc3_1 loc4_1
     dass1_1 dass2_1 dass3_1 dass4_1 dass5_1 dass6_1 dass7_1 dass8_1
     dass9_1 dass10_1 dass11_1 dass12_1 dass13_1 dass14_1
     sleep1_1 sleep2_1 sleep3_1 sleep4_1 sleep5_1 sleep6_1 sleep7_1
     edugoals_1 half;
     Missing are . ;

    Usevariable are
  	sleep1_1 sleep2_1 sleep3_1 sleep4_1 sleep5_1 sleep6_1 sleep7_1;

    Categorical is
  	sleep1_1 sleep2_1 sleep3_1 sleep4_1 sleep5_1 sleep6_1 sleep7_1;

    Idvariable is studentid;

    Useobservations is half eq 0;

  Analysis:
     Estimator = wlsmv;

  Model:
    sleep_1 by
      sleep1_1 sleep2_1 sleep3_1 sleep4_1 sleep5_1 sleep6_1 sleep7_1;

  Output: sampstat stdyx modindices(all);



INPUT READING TERMINATED NORMALLY



Student Sleep Baseline CFA;

SUMMARY OF ANALYSIS

Number of groups                                                 1
Number of observations                                        1383

Number of dependent variables                                    7
Number of independent variables                                  0
Number of continuous latent variables                            1

Observed dependent variables

  Binary and ordered categorical (ordinal)
   SLEEP1_1    SLEEP2_1    SLEEP3_1    SLEEP4_1    SLEEP5_1    SLEEP6_1
   SLEEP7_1

Continuous latent variables
   SLEEP_1

Variables with special functions

  ID variable           STUDENTI

Estimator                                                    WLSMV
Maximum number of iterations                                  1000
Convergence criterion                                    0.500D-04
Maximum number of steepest descent iterations                   20
Maximum number of iterations for H1                           2000
Convergence criterion for H1                             0.100D-03
Parameterization                                             DELTA
Link                                                        PROBIT

Input data file(s)
  ../dat_stu_1.txt

Input data format  FREE


SUMMARY OF DATA

     Number of missing data patterns             1


COVARIANCE COVERAGE OF DATA

Minimum covariance coverage value   0.100


     PROPORTION OF DATA PRESENT


           Covariance Coverage
              SLEEP1_1      SLEEP2_1      SLEEP3_1      SLEEP4_1      SLEEP5_1
              ________      ________      ________      ________      ________
 SLEEP1_1       1.000
 SLEEP2_1       1.000         1.000
 SLEEP3_1       1.000         1.000         1.000
 SLEEP4_1       1.000         1.000         1.000         1.000
 SLEEP5_1       1.000         1.000         1.000         1.000         1.000
 SLEEP6_1       1.000         1.000         1.000         1.000         1.000
 SLEEP7_1       1.000         1.000         1.000         1.000         1.000


           Covariance Coverage
              SLEEP6_1      SLEEP7_1
              ________      ________
 SLEEP6_1       1.000
 SLEEP7_1       1.000         1.000


UNIVARIATE PROPORTIONS AND COUNTS FOR CATEGORICAL VARIABLES

    SLEEP1_1
      Category 1    0.272          376.000
      Category 2    0.411          568.000
      Category 3    0.210          290.000
      Category 4    0.089          123.000
      Category 5    0.019           26.000
    SLEEP2_1
      Category 1    0.380          526.000
      Category 2    0.364          503.000
      Category 3    0.183          253.000
      Category 4    0.061           84.000
      Category 5    0.012           17.000
    SLEEP3_1
      Category 1    0.450          622.000
      Category 2    0.356          493.000
      Category 3    0.145          201.000
      Category 4    0.039           54.000
      Category 5    0.009           13.000
    SLEEP4_1
      Category 1    0.156          216.000
      Category 2    0.346          479.000
      Category 3    0.356          492.000
      Category 4    0.114          157.000
      Category 5    0.028           39.000
    SLEEP5_1
      Category 1    0.528          730.000
      Category 2    0.304          420.000
      Category 3    0.131          181.000
      Category 4    0.023           32.000
      Category 5    0.014           20.000
    SLEEP6_1
      Category 1    0.700          968.000
      Category 2    0.228          316.000
      Category 3    0.057           79.000
      Category 4    0.009           13.000
      Category 5    0.005            7.000
    SLEEP7_1
      Category 1    0.475          657.000
      Category 2    0.328          453.000
      Category 3    0.133          184.000
      Category 4    0.050           69.000
      Category 5    0.014           20.000


SAMPLE STATISTICS


     ESTIMATED SAMPLE STATISTICS


           MEANS/INTERCEPTS/THRESHOLDS
              SLEEP1_1      SLEEP1_1      SLEEP1_1      SLEEP1_1      SLEEP2_1
              ________      ________      ________      ________      ________
               -0.607         0.475         1.239         2.079        -0.305


           MEANS/INTERCEPTS/THRESHOLDS
              SLEEP2_1      SLEEP2_1      SLEEP2_1      SLEEP3_1      SLEEP3_1
              ________      ________      ________      ________      ________
                0.656         1.454         2.248        -0.126         0.864


           MEANS/INTERCEPTS/THRESHOLDS
              SLEEP3_1      SLEEP3_1      SLEEP4_1      SLEEP4_1      SLEEP4_1
              ________      ________      ________      ________      ________
                1.660         2.349        -1.010         0.006         1.073


           MEANS/INTERCEPTS/THRESHOLDS
              SLEEP4_1      SLEEP5_1      SLEEP5_1      SLEEP5_1      SLEEP5_1
              ________      ________      ________      ________      ________
                1.908         0.070         0.960         1.779         2.185


           MEANS/INTERCEPTS/THRESHOLDS
              SLEEP6_1      SLEEP6_1      SLEEP6_1      SLEEP6_1      SLEEP7_1
              ________      ________      ________      ________      ________
                0.524         1.464         2.185         2.572        -0.063


           MEANS/INTERCEPTS/THRESHOLDS
              SLEEP7_1      SLEEP7_1      SLEEP7_1
              ________      ________      ________
                0.851         1.519         2.185


           CORRELATION MATRIX (WITH VARIANCES ON THE DIAGONAL)
              SLEEP1_1      SLEEP2_1      SLEEP3_1      SLEEP4_1      SLEEP5_1
              ________      ________      ________      ________      ________
 SLEEP1_1
 SLEEP2_1       0.796
 SLEEP3_1       0.517         0.614
 SLEEP4_1       0.508         0.572         0.380
 SLEEP5_1       0.472         0.514         0.381         0.457
 SLEEP6_1       0.503         0.579         0.426         0.549         0.570
 SLEEP7_1       0.507         0.546         0.404         0.566         0.525


           CORRELATION MATRIX (WITH VARIANCES ON THE DIAGONAL)
              SLEEP6_1      SLEEP7_1
              ________      ________
 SLEEP7_1       0.679


THE MODEL ESTIMATION TERMINATED NORMALLY



MODEL FIT INFORMATION

Number of Free Parameters                       35

Chi-Square Test of Model Fit

          Value                            384.384*
          Degrees of Freedom                    14
          P-Value                           0.0000

*   The chi-square value for MLM, MLMV, MLR, ULSMV, WLSM and WLSMV cannot be used
    for chi-square difference testing in the regular way.  MLM, MLR and WLSM
    chi-square difference testing is described on the Mplus website.  MLMV, WLSMV,
    and ULSMV difference testing is done using the DIFFTEST option.

RMSEA (Root Mean Square Error Of Approximation)

          Estimate                           0.138
          90 Percent C.I.                    0.127  0.150
          Probability RMSEA <= .05           0.000

CFI/TLI

          CFI                                0.961
          TLI                                0.941

Chi-Square Test of Model Fit for the Baseline Model

          Value                           9464.110
          Degrees of Freedom                    21
          P-Value                           0.0000

SRMR (Standardized Root Mean Square Residual)

          Value                              0.044

Optimum Function Value for Weighted Least-Squares Estimator

          Value                     0.76932700D-01



MODEL RESULTS

                                                    Two-Tailed
                    Estimate       S.E.  Est./S.E.    P-Value

 SLEEP_1  BY
    SLEEP1_1           1.000      0.000    999.000    999.000
    SLEEP2_1           1.098      0.021     51.373      0.000
    SLEEP3_1           0.749      0.024     31.093      0.000
    SLEEP4_1           0.819      0.022     37.519      0.000
    SLEEP5_1           0.777      0.026     29.855      0.000
    SLEEP6_1           0.928      0.024     39.387      0.000
    SLEEP7_1           0.887      0.022     40.472      0.000

 Thresholds
    SLEEP1_1$1        -0.607      0.036    -16.838      0.000
    SLEEP1_1$2         0.475      0.035     13.523      0.000
    SLEEP1_1$3         1.239      0.045     27.522      0.000
    SLEEP1_1$4         2.079      0.080     26.153      0.000
    SLEEP2_1$1        -0.305      0.034     -8.887      0.000
    SLEEP2_1$2         0.656      0.036     17.982      0.000
    SLEEP2_1$3         1.454      0.050     28.818      0.000
    SLEEP2_1$4         2.248      0.093     24.195      0.000
    SLEEP3_1$1        -0.126      0.034     -3.737      0.000
    SLEEP3_1$2         0.864      0.039     22.328      0.000
    SLEEP3_1$3         1.660      0.057     28.918      0.000
    SLEEP3_1$4         2.349      0.103     22.862      0.000
    SLEEP4_1$1        -1.010      0.041    -24.785      0.000
    SLEEP4_1$2         0.006      0.034      0.188      0.851
    SLEEP4_1$3         1.073      0.042     25.669      0.000
    SLEEP4_1$4         1.908      0.069     27.702      0.000
    SLEEP5_1$1         0.070      0.034      2.070      0.038
    SLEEP5_1$2         0.960      0.040     24.003      0.000
    SLEEP5_1$3         1.779      0.062     28.501      0.000
    SLEEP5_1$4         2.185      0.087     24.973      0.000
    SLEEP6_1$1         0.524      0.035     14.791      0.000
    SLEEP6_1$2         1.464      0.051     28.850      0.000
    SLEEP6_1$3         2.185      0.087     24.973      0.000
    SLEEP6_1$4         2.572      0.131     19.700      0.000
    SLEEP7_1$1        -0.063      0.034     -1.855      0.064
    SLEEP7_1$2         0.851      0.039     22.083      0.000
    SLEEP7_1$3         1.519      0.052     28.968      0.000
    SLEEP7_1$4         2.185      0.087     24.973      0.000

 Variances
    SLEEP_1            0.681      0.020     34.721      0.000


STANDARDIZED MODEL RESULTS


STDYX Standardization

                                                    Two-Tailed
                    Estimate       S.E.  Est./S.E.    P-Value

 SLEEP_1  BY
    SLEEP1_1           0.825      0.012     69.443      0.000
    SLEEP2_1           0.906      0.009     97.032      0.000
    SLEEP3_1           0.618      0.020     31.449      0.000
    SLEEP4_1           0.676      0.016     41.236      0.000
    SLEEP5_1           0.641      0.021     30.800      0.000
    SLEEP6_1           0.766      0.018     43.635      0.000
    SLEEP7_1           0.732      0.016     45.541      0.000

 Thresholds
    SLEEP1_1$1        -0.607      0.036    -16.838      0.000
    SLEEP1_1$2         0.475      0.035     13.523      0.000
    SLEEP1_1$3         1.239      0.045     27.522      0.000
    SLEEP1_1$4         2.079      0.080     26.153      0.000
    SLEEP2_1$1        -0.305      0.034     -8.887      0.000
    SLEEP2_1$2         0.656      0.036     17.982      0.000
    SLEEP2_1$3         1.454      0.050     28.818      0.000
    SLEEP2_1$4         2.248      0.093     24.195      0.000
    SLEEP3_1$1        -0.126      0.034     -3.737      0.000
    SLEEP3_1$2         0.864      0.039     22.328      0.000
    SLEEP3_1$3         1.660      0.057     28.918      0.000
    SLEEP3_1$4         2.349      0.103     22.862      0.000
    SLEEP4_1$1        -1.010      0.041    -24.785      0.000
    SLEEP4_1$2         0.006      0.034      0.188      0.851
    SLEEP4_1$3         1.073      0.042     25.669      0.000
    SLEEP4_1$4         1.908      0.069     27.702      0.000
    SLEEP5_1$1         0.070      0.034      2.070      0.038
    SLEEP5_1$2         0.960      0.040     24.003      0.000
    SLEEP5_1$3         1.779      0.062     28.501      0.000
    SLEEP5_1$4         2.185      0.087     24.973      0.000
    SLEEP6_1$1         0.524      0.035     14.791      0.000
    SLEEP6_1$2         1.464      0.051     28.850      0.000
    SLEEP6_1$3         2.185      0.087     24.973      0.000
    SLEEP6_1$4         2.572      0.131     19.700      0.000
    SLEEP7_1$1        -0.063      0.034     -1.855      0.064
    SLEEP7_1$2         0.851      0.039     22.083      0.000
    SLEEP7_1$3         1.519      0.052     28.968      0.000
    SLEEP7_1$4         2.185      0.087     24.973      0.000

 Variances
    SLEEP_1            1.000      0.000    999.000    999.000


R-SQUARE

    Observed                                        Two-Tailed   Residual
    Variable        Estimate       S.E.  Est./S.E.    P-Value    Variance

    SLEEP1_1           0.681      0.020     34.721      0.000      0.319
    SLEEP2_1           0.821      0.017     48.516      0.000      0.179
    SLEEP3_1           0.382      0.024     15.724      0.000      0.618
    SLEEP4_1           0.457      0.022     20.618      0.000      0.543
    SLEEP5_1           0.411      0.027     15.400      0.000      0.589
    SLEEP6_1           0.587      0.027     21.817      0.000      0.413
    SLEEP7_1           0.535      0.024     22.770      0.000      0.465


QUALITY OF NUMERICAL RESULTS

     Condition Number for the Information Matrix              0.225E-02
       (ratio of smallest to largest eigenvalue)


MODEL MODIFICATION INDICES

Minimum M.I. value for printing the modification index    10.000

                                   M.I.     E.P.C.  Std E.P.C.  StdYX E.P.C.

ON Statements

SLEEP1_1 ON SLEEP2_1             204.880     0.259      0.259        0.259
SLEEP1_1 ON SLEEP4_1              15.882    -0.077     -0.077       -0.077
SLEEP1_1 ON SLEEP5_1              14.356    -0.081     -0.081       -0.081
SLEEP1_1 ON SLEEP6_1              52.704    -0.178     -0.178       -0.178
SLEEP1_1 ON SLEEP7_1              50.666    -0.147     -0.147       -0.147
SLEEP2_1 ON SLEEP1_1             204.883     0.259      0.259        0.259
SLEEP2_1 ON SLEEP3_1              24.884     0.100      0.100        0.100
SLEEP2_1 ON SLEEP4_1              12.790    -0.070     -0.070       -0.070
SLEEP2_1 ON SLEEP5_1              22.194    -0.103     -0.103       -0.103
SLEEP2_1 ON SLEEP6_1              56.030    -0.180     -0.180       -0.180
SLEEP2_1 ON SLEEP7_1              81.679    -0.194     -0.194       -0.194
SLEEP3_1 ON SLEEP2_1              24.887     0.100      0.100        0.100
SLEEP4_1 ON SLEEP1_1              15.884    -0.077     -0.077       -0.077
SLEEP4_1 ON SLEEP2_1              12.792    -0.070     -0.070       -0.070
SLEEP4_1 ON SLEEP7_1              38.799     0.111      0.111        0.111
SLEEP5_1 ON SLEEP1_1              14.351    -0.081     -0.081       -0.081
SLEEP5_1 ON SLEEP2_1              22.187    -0.103     -0.103       -0.103
SLEEP5_1 ON SLEEP6_1              24.265     0.108      0.108        0.108
SLEEP5_1 ON SLEEP7_1              14.033     0.076      0.076        0.076
SLEEP6_1 ON SLEEP1_1              52.703    -0.178     -0.178       -0.178
SLEEP6_1 ON SLEEP2_1              56.030    -0.180     -0.180       -0.180
SLEEP6_1 ON SLEEP5_1              24.259     0.108      0.108        0.108
SLEEP6_1 ON SLEEP7_1              98.166     0.196      0.196        0.196
SLEEP7_1 ON SLEEP1_1              50.672    -0.147     -0.147       -0.147
SLEEP7_1 ON SLEEP2_1              81.689    -0.194     -0.194       -0.194
SLEEP7_1 ON SLEEP4_1              38.798     0.111      0.111        0.111
SLEEP7_1 ON SLEEP5_1              14.025     0.076      0.076        0.076
SLEEP7_1 ON SLEEP6_1              98.157     0.196      0.196        0.196

WITH Statements

SLEEP2_1 WITH SLEEP1_1           204.882     0.259      0.259        1.083
SLEEP3_1 WITH SLEEP2_1            24.884     0.100      0.100        0.301
SLEEP4_1 WITH SLEEP1_1            15.882    -0.077     -0.077       -0.184
SLEEP4_1 WITH SLEEP2_1            12.790    -0.070     -0.070       -0.226
SLEEP5_1 WITH SLEEP1_1            14.356    -0.081     -0.081       -0.187
SLEEP5_1 WITH SLEEP2_1            22.194    -0.103     -0.103       -0.317
SLEEP6_1 WITH SLEEP1_1            52.703    -0.178     -0.178       -0.490
SLEEP6_1 WITH SLEEP2_1            56.031    -0.180     -0.180       -0.662
SLEEP6_1 WITH SLEEP5_1            24.259     0.108      0.108        0.219
SLEEP7_1 WITH SLEEP1_1            50.665    -0.147     -0.147       -0.382
SLEEP7_1 WITH SLEEP2_1            81.679    -0.194     -0.194       -0.674
SLEEP7_1 WITH SLEEP4_1            38.802     0.111      0.111        0.220
SLEEP7_1 WITH SLEEP5_1            14.028     0.076      0.076        0.146
SLEEP7_1 WITH SLEEP6_1            98.166     0.196      0.196        0.447


     Beginning Time:  23:00:39
        Ending Time:  23:00:39
       Elapsed Time:  00:00:00



MUTHEN & MUTHEN
3463 Stoner Ave.
Los Angeles, CA  90066

Tel: (310) 391-9971
Fax: (310) 391-8971
Web: www.StatModel.com
Support: Support@StatModel.com

Copyright (c) 1998-2019 Muthen & Muthen
