Mplus VERSION 8.4 (Mac)
MUTHEN & MUTHEN
10/28/2023  11:00 PM

INPUT INSTRUCTIONS

  Title: Student Sleep Gender Measurement Invariance Metric Model;

  Data:
     File is ../dat_stu_1.txt;

  Variable:
     Names are studentid index treatment girl age_w child_grade in_ukr
     guardian_living guardian_region
     grit1_1 grit2_1 grit3_1 grit4_1 grit5_1 grit6_1 grit7_1 grit8_1
     loc1_1 loc2_1 loc3_1 loc4_1
     dass1_1 dass2_1 dass3_1 dass4_1 dass5_1 dass6_1 dass7_1 dass8_1
     dass9_1 dass10_1 dass11_1 dass12_1 dass13_1 dass14_1
     sleep1_1 sleep2_1 sleep3_1 sleep4_1 sleep5_1 sleep6_1 sleep7_1
     edugoals_1 half;
     Missing are . ;

    Usevariable are
  	sleep1_1 sleep2_1 sleep3_1 sleep4_1 sleep5_1 sleep6_1 sleep7_1;

    Categorical is
  	sleep1_1 sleep2_1 sleep3_1 sleep4_1 sleep5_1 sleep6_1 sleep7_1;

    Idvariable is studentid;

    Group is girl (1 = Female 0 = Male);

  Analysis:
     Estimator = wlsmv;
     Parameterization = theta;
     Difftest = sleep1_student_gender_inv_config.dat


  !!! Model for Male Group !!!

  Model:
    ! Factor loadings all freely estimated
    sleep_1 by
      sleep1_1-sleep7_1* (L1-L7);

    sleep1_1 with sleep2_1;
    sleep6_1 with sleep7_1;

    !estimating thresholds freely
    [sleep1_1$1-sleep7_1$1*] (T1_1-T1_7);
    [sleep1_1$2-sleep7_1$2*] (T2_1-T2_7);
    [sleep1_1$3-sleep7_1$3*] (T3_1-T3_7);

    !constraining item residual variance to 1 for identification
    sleep1_1-sleep7_1@1;

    !fixing latent mean to zero for identification
    [sleep_1@0];

    !fixing latent variance to one for identification
    sleep_1@1;

  !!! Model for Female Group !!!

  Model Female:
    ! Factor loadings constrained to *be equal to the control group*
    sleep_1 by sleep1_1-sleep7_1* (L1-L7);

    sleep1_1 with sleep2_1;
    sleep6_1 with sleep7_1;

    ! estimating thresholds freely
    [sleep1_1$1-sleep7_1$1*];
    [sleep1_1$2-sleep7_1$2*];
    [sleep1_1$3-sleep7_1$3*];

    ! constraining item residual variance to 1 for identification
    sleep1_1-sleep7_1@1;

    ! fixing latent factor mean to zero for identification
    [sleep_1@0];

    ! latent factor variance *estimated*
    sleep_1*;

  Output: sampstat stdyx modindices(all);
  Savedata: Difftest is sleep1_student_gender_inv_metric.dat;



INPUT READING TERMINATED NORMALLY



Student Sleep Gender Measurement Invariance Metric Model;

SUMMARY OF ANALYSIS

Number of groups                                                 2
Number of observations
   Group MALE                                                 1261
   Group FEMALE                                               1506
   Total sample size                                          2767

Number of dependent variables                                    7
Number of independent variables                                  0
Number of continuous latent variables                            1

Observed dependent variables

  Binary and ordered categorical (ordinal)
   SLEEP1_1    SLEEP2_1    SLEEP3_1    SLEEP4_1    SLEEP5_1    SLEEP6_1
   SLEEP7_1

Continuous latent variables
   SLEEP_1

Variables with special functions

  Grouping variable     GIRL
  ID variable           STUDENTI

Estimator                                                    WLSMV
Maximum number of iterations                                  1000
Convergence criterion                                    0.500D-04
Maximum number of steepest descent iterations                   20
Maximum number of iterations for H1                           2000
Convergence criterion for H1                             0.100D-03
Parameterization                                             THETA
Link                                                        PROBIT

Input data file(s)
  ../dat_stu_1.txt

Input data format  FREE


SUMMARY OF DATA

   Group MALE
     Number of missing data patterns             1

   Group FEMALE
     Number of missing data patterns             1


COVARIANCE COVERAGE OF DATA

Minimum covariance coverage value   0.100


     PROPORTION OF DATA PRESENT FOR MALE


           Covariance Coverage
              SLEEP1_1      SLEEP2_1      SLEEP3_1      SLEEP4_1      SLEEP5_1
              ________      ________      ________      ________      ________
 SLEEP1_1       1.000
 SLEEP2_1       1.000         1.000
 SLEEP3_1       1.000         1.000         1.000
 SLEEP4_1       1.000         1.000         1.000         1.000
 SLEEP5_1       1.000         1.000         1.000         1.000         1.000
 SLEEP6_1       1.000         1.000         1.000         1.000         1.000
 SLEEP7_1       1.000         1.000         1.000         1.000         1.000


           Covariance Coverage
              SLEEP6_1      SLEEP7_1
              ________      ________
 SLEEP6_1       1.000
 SLEEP7_1       1.000         1.000


     PROPORTION OF DATA PRESENT FOR FEMALE


           Covariance Coverage
              SLEEP1_1      SLEEP2_1      SLEEP3_1      SLEEP4_1      SLEEP5_1
              ________      ________      ________      ________      ________
 SLEEP1_1       1.000
 SLEEP2_1       1.000         1.000
 SLEEP3_1       1.000         1.000         1.000
 SLEEP4_1       1.000         1.000         1.000         1.000
 SLEEP5_1       1.000         1.000         1.000         1.000         1.000
 SLEEP6_1       1.000         1.000         1.000         1.000         1.000
 SLEEP7_1       1.000         1.000         1.000         1.000         1.000


           Covariance Coverage
              SLEEP6_1      SLEEP7_1
              ________      ________
 SLEEP6_1       1.000
 SLEEP7_1       1.000         1.000


UNIVARIATE PROPORTIONS AND COUNTS FOR CATEGORICAL VARIABLES

  Group MALE
    SLEEP1_1
      Category 1    0.295          372.000
      Category 2    0.426          537.000
      Category 3    0.193          244.000
      Category 4    0.065           82.000
      Category 5    0.021           26.000
    SLEEP2_1
      Category 1    0.431          544.000
      Category 2    0.349          440.000
      Category 3    0.163          205.000
      Category 4    0.044           55.000
      Category 5    0.013           17.000
    SLEEP3_1
      Category 1    0.482          608.000
      Category 2    0.342          431.000
      Category 3    0.130          164.000
      Category 4    0.033           42.000
      Category 5    0.013           16.000
    SLEEP4_1
      Category 1    0.209          264.000
      Category 2    0.370          466.000
      Category 3    0.313          395.000
      Category 4    0.087          110.000
      Category 5    0.021           26.000
    SLEEP5_1
      Category 1    0.539          680.000
      Category 2    0.300          378.000
      Category 3    0.118          149.000
      Category 4    0.031           39.000
      Category 5    0.012           15.000
    SLEEP6_1
      Category 1    0.744          938.000
      Category 2    0.193          244.000
      Category 3    0.051           64.000
      Category 4    0.009           11.000
      Category 5    0.003            4.000
    SLEEP7_1
      Category 1    0.552          696.000
      Category 2    0.285          360.000
      Category 3    0.124          156.000
      Category 4    0.030           38.000
      Category 5    0.009           11.000

  Group FEMALE
    SLEEP1_1
      Category 1    0.229          345.000
      Category 2    0.412          621.000
      Category 3    0.240          362.000
      Category 4    0.096          144.000
      Category 5    0.023           34.000
    SLEEP2_1
      Category 1    0.331          498.000
      Category 2    0.390          588.000
      Category 3    0.186          280.000
      Category 4    0.076          114.000
      Category 5    0.017           26.000
    SLEEP3_1
      Category 1    0.406          612.000
      Category 2    0.392          591.000
      Category 3    0.144          217.000
      Category 4    0.044           67.000
      Category 5    0.013           19.000
    SLEEP4_1
      Category 1    0.125          189.000
      Category 2    0.319          480.000
      Category 3    0.382          575.000
      Category 4    0.135          204.000
      Category 5    0.039           58.000
    SLEEP5_1
      Category 1    0.518          780.000
      Category 2    0.290          436.000
      Category 3    0.149          224.000
      Category 4    0.025           38.000
      Category 5    0.019           28.000
    SLEEP6_1
      Category 1    0.649          978.000
      Category 2    0.242          364.000
      Category 3    0.081          122.000
      Category 4    0.016           24.000
      Category 5    0.012           18.000
    SLEEP7_1
      Category 1    0.406          611.000
      Category 2    0.350          527.000
      Category 3    0.157          236.000
      Category 4    0.058           87.000
      Category 5    0.030           45.000


SAMPLE STATISTICS


     ESTIMATED SAMPLE STATISTICS FOR MALE


           MEANS/INTERCEPTS/THRESHOLDS
              SLEEP1_1      SLEEP1_1      SLEEP1_1      SLEEP1_1      SLEEP2_1
              ________      ________      ________      ________      ________
               -0.539         0.585         1.368         2.041        -0.173


           MEANS/INTERCEPTS/THRESHOLDS
              SLEEP2_1      SLEEP2_1      SLEEP2_1      SLEEP3_1      SLEEP3_1
              ________      ________      ________      ________      ________
                0.773         1.580         2.212        -0.045         0.931


           MEANS/INTERCEPTS/THRESHOLDS
              SLEEP3_1      SLEEP3_1      SLEEP4_1      SLEEP4_1      SLEEP4_1
              ________      ________      ________      ________      ________
                1.685         2.236        -0.809         0.199         1.238


           MEANS/INTERCEPTS/THRESHOLDS
              SLEEP4_1      SLEEP5_1      SLEEP5_1      SLEEP5_1      SLEEP5_1
              ________      ________      ________      ________      ________
                2.041         0.099         0.990         1.719         2.260


           MEANS/INTERCEPTS/THRESHOLDS
              SLEEP6_1      SLEEP6_1      SLEEP6_1      SLEEP6_1      SLEEP7_1
              ________      ________      ________      ________      ________
                0.655         1.533         2.260         2.729         0.131


           MEANS/INTERCEPTS/THRESHOLDS
              SLEEP7_1      SLEEP7_1      SLEEP7_1
              ________      ________      ________
                0.984         1.764         2.377


           CORRELATION MATRIX (WITH VARIANCES ON THE DIAGONAL)
              SLEEP1_1      SLEEP2_1      SLEEP3_1      SLEEP4_1      SLEEP5_1
              ________      ________      ________      ________      ________
 SLEEP1_1
 SLEEP2_1       0.792
 SLEEP3_1       0.557         0.646
 SLEEP4_1       0.450         0.524         0.381
 SLEEP5_1       0.533         0.562         0.436         0.513
 SLEEP6_1       0.514         0.598         0.488         0.568         0.625
 SLEEP7_1       0.529         0.568         0.457         0.570         0.617


           CORRELATION MATRIX (WITH VARIANCES ON THE DIAGONAL)
              SLEEP6_1      SLEEP7_1
              ________      ________
 SLEEP7_1       0.676


     ESTIMATED SAMPLE STATISTICS FOR FEMALE


           MEANS/INTERCEPTS/THRESHOLDS
              SLEEP1_1      SLEEP1_1      SLEEP1_1      SLEEP1_1      SLEEP2_1
              ________      ________      ________      ________      ________
               -0.742         0.362         1.184         2.003        -0.438


           MEANS/INTERCEPTS/THRESHOLDS
              SLEEP2_1      SLEEP2_1      SLEEP2_1      SLEEP3_1      SLEEP3_1
              ________      ________      ________      ________      ________
                0.586         1.323         2.114        -0.237         0.837


           MEANS/INTERCEPTS/THRESHOLDS
              SLEEP3_1      SLEEP3_1      SLEEP4_1      SLEEP4_1      SLEEP4_1
              ________      ________      ________      ________      ________
                1.580         2.238        -1.148        -0.140         0.939


           MEANS/INTERCEPTS/THRESHOLDS
              SLEEP4_1      SLEEP5_1      SLEEP5_1      SLEEP5_1      SLEEP5_1
              ________      ________      ________      ________      ________
                1.768         0.045         0.868         1.708         2.084


           MEANS/INTERCEPTS/THRESHOLDS
              SLEEP6_1      SLEEP6_1      SLEEP6_1      SLEEP6_1      SLEEP7_1
              ________      ________      ________      ________      ________
                0.384         1.232         1.913         2.259        -0.239


           MEANS/INTERCEPTS/THRESHOLDS
              SLEEP7_1      SLEEP7_1      SLEEP7_1
              ________      ________      ________
                0.692         1.355         1.883


           CORRELATION MATRIX (WITH VARIANCES ON THE DIAGONAL)
              SLEEP1_1      SLEEP2_1      SLEEP3_1      SLEEP4_1      SLEEP5_1
              ________      ________      ________      ________      ________
 SLEEP1_1
 SLEEP2_1       0.813
 SLEEP3_1       0.486         0.594
 SLEEP4_1       0.539         0.550         0.346
 SLEEP5_1       0.511         0.513         0.372         0.502
 SLEEP6_1       0.526         0.575         0.422         0.565         0.599
 SLEEP7_1       0.535         0.547         0.370         0.582         0.549


           CORRELATION MATRIX (WITH VARIANCES ON THE DIAGONAL)
              SLEEP6_1      SLEEP7_1
              ________      ________
 SLEEP7_1       0.659


THE MODEL ESTIMATION TERMINATED NORMALLY



MODEL FIT INFORMATION

Number of Free Parameters                       61

Chi-Square Test of Model Fit

          Value                            311.235*
          Degrees of Freedom                    37
          P-Value                           0.0000

Chi-Square Contribution From Each Group

          MALE                             161.095
          FEMALE                           150.140

Chi-Square Test for Difference Testing

          Value                             21.356*
          Degrees of Freedom                     6
          P-Value                           0.0016

*   The chi-square value for MLM, MLMV, MLR, ULSMV, WLSM and WLSMV cannot be used
    for chi-square difference testing in the regular way.  MLM, MLR and WLSM
    chi-square difference testing is described on the Mplus website.  MLMV, WLSMV,
    and ULSMV difference testing is done using the DIFFTEST option.  The DIFFTEST
    option assumes the models are nested.  The NESTED option can be used to verify
    that the models are nested.

RMSEA (Root Mean Square Error Of Approximation)

          Estimate                           0.073
          90 Percent C.I.                    0.066  0.081
          Probability RMSEA <= .05           0.000

CFI/TLI

          CFI                                0.987
          TLI                                0.985

Chi-Square Test of Model Fit for the Baseline Model

          Value                          21142.474
          Degrees of Freedom                    42
          P-Value                           0.0000

SRMR (Standardized Root Mean Square Residual)

          Value                              0.032

Optimum Function Value for Weighted Least-Squares Estimator

          Value                     0.46316563D-01



MODEL RESULTS

                                                    Two-Tailed
                    Estimate       S.E.  Est./S.E.    P-Value

Group MALE

 SLEEP_1  BY
    SLEEP1_1           1.056      0.044     24.088      0.000
    SLEEP2_1           1.314      0.054     24.286      0.000
    SLEEP3_1           0.860      0.036     23.683      0.000
    SLEEP4_1           1.001      0.039     25.826      0.000
    SLEEP5_1           1.066      0.045     23.749      0.000
    SLEEP6_1           1.223      0.058     21.263      0.000
    SLEEP7_1           1.149      0.049     23.442      0.000

 SLEEP1_1 WITH
    SLEEP2_1           0.514      0.025     20.728      0.000

 SLEEP6_1 WITH
    SLEEP7_1           0.221      0.050      4.371      0.000

 Means
    SLEEP_1            0.000      0.000    999.000    999.000

 Thresholds
    SLEEP1_1$1        -0.784      0.054    -14.407      0.000
    SLEEP1_1$2         0.851      0.056     15.181      0.000
    SLEEP1_1$3         1.990      0.075     26.674      0.000
    SLEEP1_1$4         2.921      0.079     37.023      0.000
    SLEEP2_1$1        -0.285      0.058     -4.913      0.000
    SLEEP2_1$2         1.277      0.069     18.519      0.000
    SLEEP2_1$3         2.608      0.097     26.891      0.000
    SLEEP2_1$4         3.531      0.103     34.437      0.000
    SLEEP3_1$1        -0.059      0.046     -1.270      0.204
    SLEEP3_1$2         1.227      0.056     22.019      0.000
    SLEEP3_1$3         2.222      0.080     27.844      0.000
    SLEEP3_1$4         2.937      0.086     34.062      0.000
    SLEEP4_1$1        -1.144      0.056    -20.420      0.000
    SLEEP4_1$2         0.282      0.051      5.578      0.000
    SLEEP4_1$3         1.752      0.068     25.897      0.000
    SLEEP4_1$4         2.621      0.069     38.219      0.000
    SLEEP5_1$1         0.144      0.052      2.770      0.006
    SLEEP5_1$2         1.447      0.065     22.313      0.000
    SLEEP5_1$3         2.512      0.091     27.496      0.000
    SLEEP5_1$4         3.122      0.088     35.512      0.000
    SLEEP6_1$1         1.035      0.066     15.581      0.000
    SLEEP6_1$2         2.422      0.096     25.142      0.000
    SLEEP6_1$3         3.573      0.156     22.959      0.000
    SLEEP6_1$4         3.704      0.126     29.431      0.000
    SLEEP7_1$1         0.199      0.054      3.654      0.000
    SLEEP7_1$2         1.498      0.068     22.027      0.000
    SLEEP7_1$3         2.686      0.101     26.716      0.000
    SLEEP7_1$4         3.032      0.086     35.345      0.000

 Variances
    SLEEP_1            1.000      0.000    999.000    999.000

 Residual Variances
    SLEEP1_1           1.000      0.000    999.000    999.000
    SLEEP2_1           1.000      0.000    999.000    999.000
    SLEEP3_1           1.000      0.000    999.000    999.000
    SLEEP4_1           1.000      0.000    999.000    999.000
    SLEEP5_1           1.000      0.000    999.000    999.000
    SLEEP6_1           1.000      0.000    999.000    999.000
    SLEEP7_1           1.000      0.000    999.000    999.000

Group FEMALE

 SLEEP_1  BY
    SLEEP1_1           1.056      0.044     24.088      0.000
    SLEEP2_1           1.314      0.054     24.286      0.000
    SLEEP3_1           0.860      0.036     23.683      0.000
    SLEEP4_1           1.001      0.039     25.826      0.000
    SLEEP5_1           1.066      0.045     23.749      0.000
    SLEEP6_1           1.223      0.058     21.263      0.000
    SLEEP7_1           1.149      0.049     23.442      0.000

 SLEEP1_1 WITH
    SLEEP2_1           0.575      0.022     26.496      0.000

 SLEEP6_1 WITH
    SLEEP7_1           0.198      0.043      4.632      0.000

 Means
    SLEEP_1            0.000      0.000    999.000    999.000

 Thresholds
    SLEEP1_1$1        -1.068      0.052    -20.491      0.000
    SLEEP1_1$2         0.522      0.048     10.853      0.000
    SLEEP1_1$3         1.705      0.062     27.580      0.000
    SLEEP1_1$4         2.921      0.079     37.023      0.000
    SLEEP2_1$1        -0.715      0.055    -13.020      0.000
    SLEEP2_1$2         0.956      0.058     16.550      0.000
    SLEEP2_1$3         2.158      0.077     28.147      0.000
    SLEEP2_1$4         3.531      0.103     34.437      0.000
    SLEEP3_1$1        -0.310      0.043     -7.282      0.000
    SLEEP3_1$2         1.096      0.049     22.145      0.000
    SLEEP3_1$3         2.066      0.070     29.598      0.000
    SLEEP3_1$4         2.937      0.086     34.062      0.000
    SLEEP4_1$1        -1.609      0.059    -27.477      0.000
    SLEEP4_1$2        -0.197      0.045     -4.326      0.000
    SLEEP4_1$3         1.316      0.054     24.524      0.000
    SLEEP4_1$4         2.621      0.069     38.219      0.000
    SLEEP5_1$1         0.065      0.047      1.389      0.165
    SLEEP5_1$2         1.256      0.057     22.190      0.000
    SLEEP5_1$3         2.471      0.084     29.448      0.000
    SLEEP5_1$4         3.122      0.088     35.512      0.000
    SLEEP6_1$1         0.599      0.055     10.989      0.000
    SLEEP6_1$2         1.925      0.077     25.006      0.000
    SLEEP6_1$3         2.988      0.112     26.688      0.000
    SLEEP6_1$4         3.704      0.126     29.431      0.000
    SLEEP7_1$1        -0.359      0.049     -7.339      0.000
    SLEEP7_1$2         1.043      0.055     18.848      0.000
    SLEEP7_1$3         2.042      0.071     28.609      0.000
    SLEEP7_1$4         3.032      0.086     35.345      0.000

 Variances
    SLEEP_1            0.962      0.070     13.776      0.000

 Residual Variances
    SLEEP1_1           1.000      0.000    999.000    999.000
    SLEEP2_1           1.000      0.000    999.000    999.000
    SLEEP3_1           1.000      0.000    999.000    999.000
    SLEEP4_1           1.000      0.000    999.000    999.000
    SLEEP5_1           1.000      0.000    999.000    999.000
    SLEEP6_1           1.000      0.000    999.000    999.000
    SLEEP7_1           1.000      0.000    999.000    999.000


STANDARDIZED MODEL RESULTS


STDYX Standardization

                                                    Two-Tailed
                    Estimate       S.E.  Est./S.E.    P-Value

Group MALE

 SLEEP_1  BY
    SLEEP1_1           0.726      0.014     50.963      0.000
    SLEEP2_1           0.796      0.012     66.213      0.000
    SLEEP3_1           0.652      0.016     41.198      0.000
    SLEEP4_1           0.707      0.014     51.707      0.000
    SLEEP5_1           0.729      0.014     50.713      0.000
    SLEEP6_1           0.774      0.015     53.083      0.000
    SLEEP7_1           0.754      0.014     54.369      0.000

 SLEEP1_1 WITH
    SLEEP2_1           0.514      0.025     20.728      0.000

 SLEEP6_1 WITH
    SLEEP7_1           0.221      0.050      4.371      0.000

 Means
    SLEEP_1            0.000      0.000    999.000    999.000

 Thresholds
    SLEEP1_1$1        -0.539      0.037    -14.477      0.000
    SLEEP1_1$2         0.585      0.038     15.576      0.000
    SLEEP1_1$3         1.368      0.050     27.170      0.000
    SLEEP1_1$4         2.009      0.057     35.405      0.000
    SLEEP2_1$1        -0.173      0.035     -4.870      0.000
    SLEEP2_1$2         0.773      0.039     19.620      0.000
    SLEEP2_1$3         1.580      0.057     27.697      0.000
    SLEEP2_1$4         2.138      0.066     32.315      0.000
    SLEEP3_1$1        -0.045      0.035     -1.268      0.205
    SLEEP3_1$2         0.931      0.041     22.449      0.000
    SLEEP3_1$3         1.685      0.061     27.555      0.000
    SLEEP3_1$4         2.227      0.068     32.749      0.000
    SLEEP4_1$1        -0.809      0.040    -20.306      0.000
    SLEEP4_1$2         0.199      0.036      5.602      0.000
    SLEEP4_1$3         1.238      0.047     26.272      0.000
    SLEEP4_1$4         1.852      0.051     36.118      0.000
    SLEEP5_1$1         0.099      0.035      2.788      0.005
    SLEEP5_1$2         0.990      0.042     23.376      0.000
    SLEEP5_1$3         1.719      0.063     27.461      0.000
    SLEEP5_1$4         2.136      0.064     33.511      0.000
    SLEEP6_1$1         0.655      0.038     17.158      0.000
    SLEEP6_1$2         1.533      0.055     27.676      0.000
    SLEEP6_1$3         2.261      0.098     22.958      0.000
    SLEEP6_1$4         2.344      0.082     28.444      0.000
    SLEEP7_1$1         0.131      0.035      3.687      0.000
    SLEEP7_1$2         0.984      0.042     23.279      0.000
    SLEEP7_1$3         1.764      0.065     27.281      0.000
    SLEEP7_1$4         1.991      0.063     31.834      0.000

 Variances
    SLEEP_1            1.000      0.000    999.000    999.000

 Residual Variances
    SLEEP1_1           0.473      0.021     22.839      0.000
    SLEEP2_1           0.367      0.019     19.177      0.000
    SLEEP3_1           0.575      0.021     27.853      0.000
    SLEEP4_1           0.499      0.019     25.799      0.000
    SLEEP5_1           0.468      0.021     22.333      0.000
    SLEEP6_1           0.401      0.023     17.736      0.000
    SLEEP7_1           0.431      0.021     20.605      0.000

Group FEMALE

 SLEEP_1  BY
    SLEEP1_1           0.720      0.013     53.373      0.000
    SLEEP2_1           0.790      0.012     68.503      0.000
    SLEEP3_1           0.645      0.016     40.046      0.000
    SLEEP4_1           0.701      0.013     54.062      0.000
    SLEEP5_1           0.723      0.015     49.140      0.000
    SLEEP6_1           0.768      0.015     50.967      0.000
    SLEEP7_1           0.748      0.013     56.079      0.000

 SLEEP1_1 WITH
    SLEEP2_1           0.575      0.022     26.496      0.000

 SLEEP6_1 WITH
    SLEEP7_1           0.198      0.043      4.632      0.000

 Means
    SLEEP_1            0.000      0.000    999.000    999.000

 Thresholds
    SLEEP1_1$1        -0.742      0.036    -20.756      0.000
    SLEEP1_1$2         0.362      0.033     10.953      0.000
    SLEEP1_1$3         1.184      0.042     28.169      0.000
    SLEEP1_1$4         2.029      0.057     35.800      0.000
    SLEEP2_1$1        -0.438      0.033    -13.098      0.000
    SLEEP2_1$2         0.586      0.034     17.044      0.000
    SLEEP2_1$3         1.323      0.045     29.409      0.000
    SLEEP2_1$4         2.164      0.064     33.778      0.000
    SLEEP3_1$1        -0.237      0.033     -7.262      0.000
    SLEEP3_1$2         0.838      0.037     22.779      0.000
    SLEEP3_1$3         1.579      0.052     30.267      0.000
    SLEEP3_1$4         2.245      0.066     33.773      0.000
    SLEEP4_1$1        -1.148      0.041    -27.761      0.000
    SLEEP4_1$2        -0.140      0.032     -4.328      0.000
    SLEEP4_1$3         0.939      0.038     24.677      0.000
    SLEEP4_1$4         1.870      0.050     37.481      0.000
    SLEEP5_1$1         0.045      0.032      1.392      0.164
    SLEEP5_1$2         0.869      0.037     23.388      0.000
    SLEEP5_1$3         1.708      0.057     30.044      0.000
    SLEEP5_1$4         2.158      0.064     33.986      0.000
    SLEEP6_1$1         0.384      0.033     11.566      0.000
    SLEEP6_1$2         1.232      0.043     28.658      0.000
    SLEEP6_1$3         1.913      0.066     28.871      0.000
    SLEEP6_1$4         2.371      0.082     29.067      0.000
    SLEEP7_1$1        -0.239      0.033     -7.313      0.000
    SLEEP7_1$2         0.692      0.035     19.626      0.000
    SLEEP7_1$3         1.355      0.046     29.615      0.000
    SLEEP7_1$4         2.013      0.057     35.161      0.000

 Variances
    SLEEP_1            1.000      0.000    999.000    999.000

 Residual Variances
    SLEEP1_1           0.482      0.019     24.859      0.000
    SLEEP2_1           0.376      0.018     20.619      0.000
    SLEEP3_1           0.584      0.021     28.137      0.000
    SLEEP4_1           0.509      0.018     28.033      0.000
    SLEEP5_1           0.478      0.021     22.490      0.000
    SLEEP6_1           0.410      0.023     17.697      0.000
    SLEEP7_1           0.441      0.020     22.088      0.000


R-SQUARE

Group MALE

    Observed                                        Two-Tailed     Scale
    Variable        Estimate       S.E.  Est./S.E.    P-Value     Factors

    SLEEP1_1           0.527      0.021     25.481      0.000      0.688
    SLEEP2_1           0.633      0.019     33.106      0.000      0.606
    SLEEP3_1           0.425      0.021     20.599      0.000      0.758
    SLEEP4_1           0.501      0.019     25.853      0.000      0.707
    SLEEP5_1           0.532      0.021     25.357      0.000      0.684
    SLEEP6_1           0.599      0.023     26.542      0.000      0.633
    SLEEP7_1           0.569      0.021     27.184      0.000      0.657

Group FEMALE

    Observed                                        Two-Tailed     Scale
    Variable        Estimate       S.E.  Est./S.E.    P-Value     Factors

    SLEEP1_1           0.518      0.019     26.686      0.000      0.694
    SLEEP2_1           0.624      0.018     34.251      0.000      0.613
    SLEEP3_1           0.416      0.021     20.023      0.000      0.764
    SLEEP4_1           0.491      0.018     27.031      0.000      0.714
    SLEEP5_1           0.522      0.021     24.570      0.000      0.691
    SLEEP6_1           0.590      0.023     25.484      0.000      0.640
    SLEEP7_1           0.559      0.020     28.039      0.000      0.664


QUALITY OF NUMERICAL RESULTS

     Condition Number for the Information Matrix              0.781E-02
       (ratio of smallest to largest eigenvalue)


MODEL MODIFICATION INDICES

Minimum M.I. value for printing the modification index    10.000

                                   M.I.     E.P.C.  Std E.P.C.  StdYX E.P.C.
Group MALE


ON/BY Statements

SLEEP3_1 ON SLEEP_1  /
SLEEP_1  BY SLEEP3_1              24.154     0.090      0.090        0.069
SLEEP4_1 ON SLEEP_1  /
SLEEP_1  BY SLEEP4_1              20.681    -0.095     -0.095       -0.067

ON Statements

SLEEP_1  ON SLEEP3_1              24.189     0.216      0.216        0.285
SLEEP_1  ON SLEEP4_1              20.636    -0.232     -0.232       -0.328
SLEEP2_1 ON SLEEP3_1              50.075     0.261      0.261        0.209
SLEEP3_1 ON SLEEP1_1              60.996     0.195      0.195        0.215
SLEEP3_1 ON SLEEP2_1              69.786     0.182      0.182        0.228
SLEEP3_1 ON SLEEP6_1              11.463     0.095      0.095        0.114
SLEEP4_1 ON SLEEP1_1              29.131    -0.156     -0.156       -0.161
SLEEP4_1 ON SLEEP2_1              26.171    -0.134     -0.134       -0.157
SLEEP4_1 ON SLEEP3_1              27.077    -0.185     -0.185       -0.172
SLEEP4_1 ON SLEEP4_1              13.115    -0.205     -0.205       -0.205
SLEEP5_1 ON SLEEP6_1              12.308     0.110      0.110        0.119
SLEEP5_1 ON SLEEP7_1              15.119     0.119      0.119        0.124
SLEEP6_1 ON SLEEP6_1              12.789    -0.326     -0.326       -0.326
SLEEP7_1 ON SLEEP7_1              28.896    -0.389     -0.389       -0.389

WITH Statements

SLEEP3_1 WITH SLEEP_1             24.154     0.216      0.216        0.216
SLEEP3_1 WITH SLEEP1_1            20.023     0.200      0.200        0.200
SLEEP3_1 WITH SLEEP2_1            69.426     0.376      0.376        0.376
SLEEP4_1 WITH SLEEP_1             20.681    -0.232     -0.232       -0.232
SLEEP4_1 WITH SLEEP1_1            11.820    -0.166     -0.166       -0.166
SLEEP4_1 WITH SLEEP3_1            12.134    -0.174     -0.174       -0.174
SLEEP7_1 WITH SLEEP5_1            15.153     0.196      0.196        0.196

Variances/Residual Variances

SLEEP3_1                          20.605    -0.417     -0.417       -0.240
SLEEP5_1                          11.423    -0.344     -0.344       -0.161
SLEEP7_1                          11.538    -0.405     -0.405       -0.174

Means/Intercepts/Thresholds

[ SLEEP_1  ]                      37.237    -0.416     -0.416       -0.416
[ SLEEP4_1 ]                      13.146    -0.539     -0.539       -0.381
[ SLEEP6_1 ]                      12.809    -1.208     -1.208       -0.765
[ SLEEP7_1 ]                      28.989    -1.181     -1.181       -0.776
[ SLEEP4_1 ]                      13.095     0.272      0.272        0.192
[ SLEEP6_1 ]                      12.890     0.614      0.614        0.389
[ SLEEP7_1 ]                      28.804     0.596      0.596        0.391

Group FEMALE


ON/BY Statements

SLEEP3_1 ON SLEEP_1  /
SLEEP_1  BY SLEEP3_1              24.140    -0.125     -0.123       -0.094
SLEEP4_1 ON SLEEP_1  /
SLEEP_1  BY SLEEP4_1              20.683     0.137      0.134        0.096

ON Statements

SLEEP_1  ON SLEEP3_1              24.173    -0.208     -0.212       -0.277
SLEEP_1  ON SLEEP4_1              20.642     0.223      0.228        0.319
SLEEP2_1 ON SLEEP3_1              18.661     0.157      0.157        0.126
SLEEP3_1 ON SLEEP4_1              42.048    -0.193     -0.193       -0.207
SLEEP3_1 ON SLEEP5_1              36.082    -0.172     -0.172       -0.190
SLEEP3_1 ON SLEEP6_1              36.018    -0.168     -0.168       -0.200
SLEEP3_1 ON SLEEP7_1              47.807    -0.193     -0.193       -0.223
SLEEP4_1 ON SLEEP1_1              18.186     0.121      0.121        0.124
SLEEP4_1 ON SLEEP2_1              14.089     0.096      0.096        0.112
SLEEP4_1 ON SLEEP4_1              13.129     0.205      0.205        0.205
SLEEP4_1 ON SLEEP6_1              21.050     0.129      0.129        0.144
SLEEP4_1 ON SLEEP7_1              35.430     0.168      0.168        0.181
SLEEP5_1 ON SLEEP3_1              18.769    -0.159     -0.159       -0.143
SLEEP6_1 ON SLEEP6_1              12.657     0.324      0.324        0.324
SLEEP7_1 ON SLEEP3_1              15.192    -0.161     -0.161       -0.140
SLEEP7_1 ON SLEEP4_1              16.051     0.137      0.137        0.128
SLEEP7_1 ON SLEEP7_1              28.566     0.387      0.387        0.387

WITH Statements

SLEEP3_1 WITH SLEEP_1             24.140    -0.208     -0.212       -0.212
SLEEP3_1 WITH SLEEP2_1            31.153     0.247      0.247        0.247
SLEEP4_1 WITH SLEEP_1             20.683     0.224      0.228        0.228
SLEEP4_1 WITH SLEEP3_1            26.899    -0.254     -0.254       -0.254
SLEEP5_1 WITH SLEEP2_1            10.688    -0.179     -0.179       -0.179
SLEEP5_1 WITH SLEEP3_1            20.023    -0.220     -0.220       -0.220
SLEEP6_1 WITH SLEEP3_1            12.065    -0.213     -0.213       -0.213
SLEEP7_1 WITH SLEEP3_1            33.744    -0.314     -0.314       -0.314
SLEEP7_1 WITH SLEEP4_1            22.789     0.224      0.224        0.224

Variances/Residual Variances

SLEEP3_1                          20.547     0.417      0.417        0.243
SLEEP5_1                          11.542     0.346      0.346        0.165
SLEEP7_1                          11.367     0.402      0.402        0.177

Means/Intercepts/Thresholds

[ SLEEP_1  ]                      37.060     0.415      0.423        0.423
[ SLEEP4_1 ]                      13.056     0.537      0.537        0.383
[ SLEEP6_1 ]                      12.588     1.198      1.198        0.767
[ SLEEP7_1 ]                      28.407     1.169      1.169        0.776
[ SLEEP4_1 ]                      13.078    -0.266     -0.266       -0.190
[ SLEEP6_1 ]                      12.693    -0.594     -0.594       -0.380
[ SLEEP7_1 ]                      28.607    -0.579     -0.579       -0.384



SAVEDATA INFORMATION


  Difference testing

  Save file
    sleep1_student_gender_inv_metric.dat
  Save format      Free

     Beginning Time:  23:00:47
        Ending Time:  23:00:48
       Elapsed Time:  00:00:01



MUTHEN & MUTHEN
3463 Stoner Ave.
Los Angeles, CA  90066

Tel: (310) 391-9971
Fax: (310) 391-8971
Web: www.StatModel.com
Support: Support@StatModel.com

Copyright (c) 1998-2019 Muthen & Muthen
