Mplus VERSION 8.4 (Mac)
MUTHEN & MUTHEN
10/28/2023  11:00 PM

INPUT INSTRUCTIONS

  Title: Student Sleep Age Measurement Invariance Metric Model;

  Data:
     File is ../dat_stu_1.txt;

  Variable:
     Names are studentid index treatment girl age_w child_grade in_ukr
     guardian_living guardian_region
     grit1_1 grit2_1 grit3_1 grit4_1 grit5_1 grit6_1 grit7_1 grit8_1
     loc1_1 loc2_1 loc3_1 loc4_1
     dass1_1 dass2_1 dass3_1 dass4_1 dass5_1 dass6_1 dass7_1 dass8_1
     dass9_1 dass10_1 dass11_1 dass12_1 dass13_1 dass14_1
     sleep1_1 sleep2_1 sleep3_1 sleep4_1 sleep5_1 sleep6_1 sleep7_1
     edugoals_1 half;
     Missing are . ;

    Usevariable are
  	sleep1_1 sleep2_1 sleep3_1 sleep4_1 sleep5_1 sleep6_1 sleep7_1 age_c;

    Categorical is
  	sleep1_1 sleep2_1 sleep3_1 sleep4_1 sleep5_1 sleep6_1 sleep7_1;

    Idvariable is studentid;

    Group is age_c (1 = Older 0 = Younger);

  Define:
  	age_c = 0;
  	if(age_w ge 13) then age_c = 1;
  	
  Analysis:
     Estimator = wlsmv;
     Parameterization = theta;
     Difftest = sleep1_student_age_inv_config.dat


  !!! Model for Younger Students !!!

  Model:
    ! Factor loadings all freely estimated
    sleep_1 by
      sleep1_1-sleep7_1* (L1-L7);

    sleep1_1 with sleep2_1;
    sleep6_1 with sleep7_1;

    !estimating thresholds freely
    [sleep1_1$1-sleep7_1$1*] (T1_1-T1_7);
    [sleep1_1$2-sleep7_1$2*] (T2_1-T2_7);
    [sleep1_1$3-sleep7_1$3*] (T3_1-T3_7);

    !constraining item residual variance to 1 for identification
    sleep1_1-sleep7_1@1;

    !fixing latent mean to zero for identification
    [sleep_1@0];

    !fixing latent variance to one for identification
    sleep_1@1;

  !!! Model for Older Students !!!

  Model Older:
    ! Factor loadings constrained to *be equal to the control group*
    sleep_1 by sleep1_1-sleep7_1* (L1-L7);

    sleep1_1 with sleep2_1;
    sleep6_1 with sleep7_1;

    ! estimating thresholds freely
    [sleep1_1$1-sleep7_1$1*];
    [sleep1_1$2-sleep7_1$2*];
    [sleep1_1$3-sleep7_1$3*];

    ! constraining item residual variance to 1 for identification
    sleep1_1-sleep7_1@1;

    ! fixing latent factor mean to zero for identification
    [sleep_1@0];

    ! latent factor variance *estimated*
    sleep_1*;

  Output: sampstat stdyx modindices(all);
  Savedata: Difftest is sleep1_student_age_inv_metric.dat;



INPUT READING TERMINATED NORMALLY



Student Sleep Age Measurement Invariance Metric Model;

SUMMARY OF ANALYSIS

Number of groups                                                 2
Number of observations
   Group YOUNGER                                              1374
   Group OLDER                                                1393
   Total sample size                                          2767

Number of dependent variables                                    7
Number of independent variables                                  0
Number of continuous latent variables                            1

Observed dependent variables

  Binary and ordered categorical (ordinal)
   SLEEP1_1    SLEEP2_1    SLEEP3_1    SLEEP4_1    SLEEP5_1    SLEEP6_1
   SLEEP7_1

Continuous latent variables
   SLEEP_1

Variables with special functions

  Grouping variable     AGE_C
  ID variable           STUDENTI

Estimator                                                    WLSMV
Maximum number of iterations                                  1000
Convergence criterion                                    0.500D-04
Maximum number of steepest descent iterations                   20
Maximum number of iterations for H1                           2000
Convergence criterion for H1                             0.100D-03
Parameterization                                             THETA
Link                                                        PROBIT

Input data file(s)
  ../dat_stu_1.txt

Input data format  FREE


SUMMARY OF DATA

   Group YOUNGER
     Number of missing data patterns             1

   Group OLDER
     Number of missing data patterns             1


COVARIANCE COVERAGE OF DATA

Minimum covariance coverage value   0.100


     PROPORTION OF DATA PRESENT FOR YOUNGER


           Covariance Coverage
              SLEEP1_1      SLEEP2_1      SLEEP3_1      SLEEP4_1      SLEEP5_1
              ________      ________      ________      ________      ________
 SLEEP1_1       1.000
 SLEEP2_1       1.000         1.000
 SLEEP3_1       1.000         1.000         1.000
 SLEEP4_1       1.000         1.000         1.000         1.000
 SLEEP5_1       1.000         1.000         1.000         1.000         1.000
 SLEEP6_1       1.000         1.000         1.000         1.000         1.000
 SLEEP7_1       1.000         1.000         1.000         1.000         1.000


           Covariance Coverage
              SLEEP6_1      SLEEP7_1
              ________      ________
 SLEEP6_1       1.000
 SLEEP7_1       1.000         1.000


     PROPORTION OF DATA PRESENT FOR OLDER


           Covariance Coverage
              SLEEP1_1      SLEEP2_1      SLEEP3_1      SLEEP4_1      SLEEP5_1
              ________      ________      ________      ________      ________
 SLEEP1_1       1.000
 SLEEP2_1       1.000         1.000
 SLEEP3_1       1.000         1.000         1.000
 SLEEP4_1       1.000         1.000         1.000         1.000
 SLEEP5_1       1.000         1.000         1.000         1.000         1.000
 SLEEP6_1       1.000         1.000         1.000         1.000         1.000
 SLEEP7_1       1.000         1.000         1.000         1.000         1.000


           Covariance Coverage
              SLEEP6_1      SLEEP7_1
              ________      ________
 SLEEP6_1       1.000
 SLEEP7_1       1.000         1.000


UNIVARIATE PROPORTIONS AND COUNTS FOR CATEGORICAL VARIABLES

  Group YOUNGER
    SLEEP1_1
      Category 1    0.262          360.000
      Category 2    0.432          594.000
      Category 3    0.217          298.000
      Category 4    0.070           96.000
      Category 5    0.019           26.000
    SLEEP2_1
      Category 1    0.395          543.000
      Category 2    0.389          534.000
      Category 3    0.160          220.000
      Category 4    0.045           62.000
      Category 5    0.011           15.000
    SLEEP3_1
      Category 1    0.421          578.000
      Category 2    0.400          549.000
      Category 3    0.140          193.000
      Category 4    0.031           42.000
      Category 5    0.009           12.000
    SLEEP4_1
      Category 1    0.183          252.000
      Category 2    0.376          517.000
      Category 3    0.333          458.000
      Category 4    0.085          117.000
      Category 5    0.022           30.000
    SLEEP5_1
      Category 1    0.526          723.000
      Category 2    0.308          423.000
      Category 3    0.130          179.000
      Category 4    0.025           34.000
      Category 5    0.011           15.000
    SLEEP6_1
      Category 1    0.703          966.000
      Category 2    0.226          311.000
      Category 3    0.055           76.000
      Category 4    0.010           14.000
      Category 5    0.005            7.000
    SLEEP7_1
      Category 1    0.501          689.000
      Category 2    0.325          447.000
      Category 3    0.128          176.000
      Category 4    0.036           50.000
      Category 5    0.009           12.000

  Group OLDER
    SLEEP1_1
      Category 1    0.256          357.000
      Category 2    0.405          564.000
      Category 3    0.221          308.000
      Category 4    0.093          130.000
      Category 5    0.024           34.000
    SLEEP2_1
      Category 1    0.358          499.000
      Category 2    0.355          494.000
      Category 3    0.190          265.000
      Category 4    0.077          107.000
      Category 5    0.020           28.000
    SLEEP3_1
      Category 1    0.461          642.000
      Category 2    0.340          473.000
      Category 3    0.135          188.000
      Category 4    0.048           67.000
      Category 5    0.017           23.000
    SLEEP4_1
      Category 1    0.144          201.000
      Category 2    0.308          429.000
      Category 3    0.368          512.000
      Category 4    0.141          197.000
      Category 5    0.039           54.000
    SLEEP5_1
      Category 1    0.529          737.000
      Category 2    0.281          391.000
      Category 3    0.139          194.000
      Category 4    0.031           43.000
      Category 5    0.020           28.000
    SLEEP6_1
      Category 1    0.682          950.000
      Category 2    0.213          297.000
      Category 3    0.079          110.000
      Category 4    0.015           21.000
      Category 5    0.011           15.000
    SLEEP7_1
      Category 1    0.444          618.000
      Category 2    0.316          440.000
      Category 3    0.155          216.000
      Category 4    0.054           75.000
      Category 5    0.032           44.000


SAMPLE STATISTICS


     ESTIMATED SAMPLE STATISTICS FOR YOUNGER


           MEANS/INTERCEPTS/THRESHOLDS
              SLEEP1_1      SLEEP1_1      SLEEP1_1      SLEEP1_1      SLEEP2_1
              ________      ________      ________      ________      ________
               -0.637         0.508         1.348         2.077        -0.266


           MEANS/INTERCEPTS/THRESHOLDS
              SLEEP2_1      SLEEP2_1      SLEEP2_1      SLEEP3_1      SLEEP3_1
              ________      ________      ________      ________      ________
                0.785         1.589         2.293        -0.200         0.916


           MEANS/INTERCEPTS/THRESHOLDS
              SLEEP3_1      SLEEP3_1      SLEEP4_1      SLEEP4_1      SLEEP4_1
              ________      ________      ________      ________      ________
                1.759         2.377        -0.902         0.150         1.243


           MEANS/INTERCEPTS/THRESHOLDS
              SLEEP4_1      SLEEP5_1      SLEEP5_1      SLEEP5_1      SLEEP5_1
              ________      ________      ________      ________      ________
                2.017         0.066         0.970         1.803         2.293


           MEANS/INTERCEPTS/THRESHOLDS
              SLEEP6_1      SLEEP6_1      SLEEP6_1      SLEEP6_1      SLEEP7_1
              ________      ________      ________      ________      ________
                0.533         1.471         2.163         2.569         0.004


           MEANS/INTERCEPTS/THRESHOLDS
              SLEEP7_1      SLEEP7_1      SLEEP7_1
              ________      ________      ________
                0.942         1.694         2.377


           CORRELATION MATRIX (WITH VARIANCES ON THE DIAGONAL)
              SLEEP1_1      SLEEP2_1      SLEEP3_1      SLEEP4_1      SLEEP5_1
              ________      ________      ________      ________      ________
 SLEEP1_1
 SLEEP2_1       0.791
 SLEEP3_1       0.527         0.627
 SLEEP4_1       0.499         0.526         0.389
 SLEEP5_1       0.538         0.529         0.409         0.460
 SLEEP6_1       0.517         0.561         0.466         0.538         0.596
 SLEEP7_1       0.540         0.536         0.416         0.561         0.534


           CORRELATION MATRIX (WITH VARIANCES ON THE DIAGONAL)
              SLEEP6_1      SLEEP7_1
              ________      ________
 SLEEP7_1       0.663


     ESTIMATED SAMPLE STATISTICS FOR OLDER


           MEANS/INTERCEPTS/THRESHOLDS
              SLEEP1_1      SLEEP1_1      SLEEP1_1      SLEEP1_1      SLEEP2_1
              ________      ________      ________      ________      ________
               -0.655         0.416         1.186         1.970        -0.363


           MEANS/INTERCEPTS/THRESHOLDS
              SLEEP2_1      SLEEP2_1      SLEEP2_1      SLEEP3_1      SLEEP3_1
              ________      ________      ________      ________      ________
                0.562         1.299         2.052        -0.098         0.843


           MEANS/INTERCEPTS/THRESHOLDS
              SLEEP3_1      SLEEP3_1      SLEEP4_1      SLEEP4_1      SLEEP4_1
              ________      ________      ________      ________      ________
                1.517         2.132        -1.061        -0.120         0.915


           MEANS/INTERCEPTS/THRESHOLDS
              SLEEP4_1      SLEEP5_1      SLEEP5_1      SLEEP5_1      SLEEP5_1
              ________      ________      ________      ________      ________
                1.765         0.073         0.877         1.636         2.052


           MEANS/INTERCEPTS/THRESHOLDS
              SLEEP6_1      SLEEP6_1      SLEEP6_1      SLEEP6_1      SLEEP7_1
              ________      ________      ________      ________      ________
                0.473         1.255         1.946         2.298        -0.142


           MEANS/INTERCEPTS/THRESHOLDS
              SLEEP7_1      SLEEP7_1      SLEEP7_1
              ________      ________      ________
                0.705         1.369         1.858


           CORRELATION MATRIX (WITH VARIANCES ON THE DIAGONAL)
              SLEEP1_1      SLEEP2_1      SLEEP3_1      SLEEP4_1      SLEEP5_1
              ________      ________      ________      ________      ________
 SLEEP1_1
 SLEEP2_1       0.816
 SLEEP3_1       0.518         0.619
 SLEEP4_1       0.511         0.555         0.357
 SLEEP5_1       0.505         0.539         0.397         0.550
 SLEEP6_1       0.534         0.613         0.445         0.608         0.618
 SLEEP7_1       0.537         0.577         0.413         0.602         0.610


           CORRELATION MATRIX (WITH VARIANCES ON THE DIAGONAL)
              SLEEP6_1      SLEEP7_1
              ________      ________
 SLEEP7_1       0.678


THE MODEL ESTIMATION TERMINATED NORMALLY



MODEL FIT INFORMATION

Number of Free Parameters                       61

Chi-Square Test of Model Fit

          Value                            282.012*
          Degrees of Freedom                    37
          P-Value                           0.0000

Chi-Square Contribution From Each Group

          YOUNGER                          128.329
          OLDER                            153.684

Chi-Square Test for Difference Testing

          Value                             14.017*
          Degrees of Freedom                     6
          P-Value                           0.0294

*   The chi-square value for MLM, MLMV, MLR, ULSMV, WLSM and WLSMV cannot be used
    for chi-square difference testing in the regular way.  MLM, MLR and WLSM
    chi-square difference testing is described on the Mplus website.  MLMV, WLSMV,
    and ULSMV difference testing is done using the DIFFTEST option.  The DIFFTEST
    option assumes the models are nested.  The NESTED option can be used to verify
    that the models are nested.

RMSEA (Root Mean Square Error Of Approximation)

          Estimate                           0.069
          90 Percent C.I.                    0.062  0.077
          Probability RMSEA <= .05           0.000

CFI/TLI

          CFI                                0.989
          TLI                                0.987

Chi-Square Test of Model Fit for the Baseline Model

          Value                          21603.996
          Degrees of Freedom                    42
          P-Value                           0.0000

SRMR (Standardized Root Mean Square Residual)

          Value                              0.031

Optimum Function Value for Weighted Least-Squares Estimator

          Value                     0.41463937D-01



MODEL RESULTS

                                                    Two-Tailed
                    Estimate       S.E.  Est./S.E.    P-Value

Group YOUNGER

 SLEEP_1  BY
    SLEEP1_1           1.018      0.040     25.328      0.000
    SLEEP2_1           1.261      0.050     25.032      0.000
    SLEEP3_1           0.834      0.035     23.759      0.000
    SLEEP4_1           0.972      0.037     26.601      0.000
    SLEEP5_1           1.002      0.043     23.449      0.000
    SLEEP6_1           1.179      0.056     20.986      0.000
    SLEEP7_1           1.103      0.046     23.820      0.000

 SLEEP1_1 WITH
    SLEEP2_1           0.533      0.024     22.075      0.000

 SLEEP6_1 WITH
    SLEEP7_1           0.226      0.046      4.964      0.000

 Means
    SLEEP_1            0.000      0.000    999.000    999.000

 Thresholds
    SLEEP1_1$1        -0.909      0.052    -17.408      0.000
    SLEEP1_1$2         0.725      0.051     14.093      0.000
    SLEEP1_1$3         1.924      0.069     27.933      0.000
    SLEEP1_1$4         2.935      0.079     36.995      0.000
    SLEEP2_1$1        -0.428      0.055     -7.810      0.000
    SLEEP2_1$2         1.263      0.064     19.688      0.000
    SLEEP2_1$3         2.556      0.092     27.922      0.000
    SLEEP2_1$4         3.541      0.104     34.196      0.000
    SLEEP3_1$1        -0.261      0.044     -5.905      0.000
    SLEEP3_1$2         1.193      0.052     22.741      0.000
    SLEEP3_1$3         2.290      0.080     28.488      0.000
    SLEEP3_1$4         2.949      0.088     33.629      0.000
    SLEEP4_1$1        -1.258      0.054    -23.130      0.000
    SLEEP4_1$2         0.209      0.047      4.413      0.000
    SLEEP4_1$3         1.732      0.064     27.018      0.000
    SLEEP4_1$4         2.655      0.070     38.059      0.000
    SLEEP5_1$1         0.093      0.048      1.936      0.053
    SLEEP5_1$2         1.373      0.060     22.973      0.000
    SLEEP5_1$3         2.553      0.090     28.243      0.000
    SLEEP5_1$4         3.101      0.087     35.487      0.000
    SLEEP6_1$1         0.824      0.060     13.826      0.000
    SLEEP6_1$2         2.275      0.089     25.660      0.000
    SLEEP6_1$3         3.344      0.136     24.560      0.000
    SLEEP6_1$4         3.799      0.127     29.869      0.000
    SLEEP7_1$1         0.005      0.050      0.108      0.914
    SLEEP7_1$2         1.402      0.063     22.427      0.000
    SLEEP7_1$3         2.522      0.090     28.028      0.000
    SLEEP7_1$4         3.067      0.087     35.450      0.000

 Variances
    SLEEP_1            1.000      0.000    999.000    999.000

 Residual Variances
    SLEEP1_1           1.000      0.000    999.000    999.000
    SLEEP2_1           1.000      0.000    999.000    999.000
    SLEEP3_1           1.000      0.000    999.000    999.000
    SLEEP4_1           1.000      0.000    999.000    999.000
    SLEEP5_1           1.000      0.000    999.000    999.000
    SLEEP6_1           1.000      0.000    999.000    999.000
    SLEEP7_1           1.000      0.000    999.000    999.000

Group OLDER

 SLEEP_1  BY
    SLEEP1_1           1.018      0.040     25.328      0.000
    SLEEP2_1           1.261      0.050     25.032      0.000
    SLEEP3_1           0.834      0.035     23.759      0.000
    SLEEP4_1           0.972      0.037     26.601      0.000
    SLEEP5_1           1.002      0.043     23.449      0.000
    SLEEP6_1           1.179      0.056     20.986      0.000
    SLEEP7_1           1.103      0.046     23.820      0.000

 SLEEP1_1 WITH
    SLEEP2_1           0.559      0.021     26.868      0.000

 SLEEP6_1 WITH
    SLEEP7_1           0.203      0.045      4.481      0.000

 Means
    SLEEP_1            0.000      0.000    999.000    999.000

 Thresholds
    SLEEP1_1$1        -0.967      0.054    -17.769      0.000
    SLEEP1_1$2         0.614      0.052     11.817      0.000
    SLEEP1_1$3         1.752      0.067     26.336      0.000
    SLEEP1_1$4         2.935      0.079     36.995      0.000
    SLEEP2_1$1        -0.609      0.058    -10.573      0.000
    SLEEP2_1$2         0.942      0.062     15.261      0.000
    SLEEP2_1$3         2.178      0.081     26.770      0.000
    SLEEP2_1$4         3.541      0.104     34.196      0.000
    SLEEP3_1$1        -0.132      0.045     -2.929      0.003
    SLEEP3_1$2         1.129      0.053     21.391      0.000
    SLEEP3_1$3         2.031      0.071     28.628      0.000
    SLEEP3_1$4         2.949      0.088     33.629      0.000
    SLEEP4_1$1        -1.529      0.060    -25.300      0.000
    SLEEP4_1$2        -0.173      0.048     -3.565      0.000
    SLEEP4_1$3         1.318      0.057     23.125      0.000
    SLEEP4_1$4         2.655      0.070     38.059      0.000
    SLEEP5_1$1         0.107      0.049      2.161      0.031
    SLEEP5_1$2         1.284      0.060     21.543      0.000
    SLEEP5_1$3         2.394      0.083     28.698      0.000
    SLEEP5_1$4         3.101      0.087     35.487      0.000
    SLEEP6_1$1         0.761      0.060     12.638      0.000
    SLEEP6_1$2         2.017      0.082     24.518      0.000
    SLEEP6_1$3         3.128      0.120     26.061      0.000
    SLEEP6_1$4         3.799      0.127     29.869      0.000
    SLEEP7_1$1        -0.219      0.052     -4.227      0.000
    SLEEP7_1$2         1.089      0.059     18.315      0.000
    SLEEP7_1$3         2.116      0.077     27.631      0.000
    SLEEP7_1$4         3.067      0.087     35.450      0.000

 Variances
    SLEEP_1            1.139      0.082     13.812      0.000

 Residual Variances
    SLEEP1_1           1.000      0.000    999.000    999.000
    SLEEP2_1           1.000      0.000    999.000    999.000
    SLEEP3_1           1.000      0.000    999.000    999.000
    SLEEP4_1           1.000      0.000    999.000    999.000
    SLEEP5_1           1.000      0.000    999.000    999.000
    SLEEP6_1           1.000      0.000    999.000    999.000
    SLEEP7_1           1.000      0.000    999.000    999.000


STANDARDIZED MODEL RESULTS


STDYX Standardization

                                                    Two-Tailed
                    Estimate       S.E.  Est./S.E.    P-Value

Group YOUNGER

 SLEEP_1  BY
    SLEEP1_1           0.713      0.014     51.574      0.000
    SLEEP2_1           0.783      0.012     64.806      0.000
    SLEEP3_1           0.640      0.016     40.280      0.000
    SLEEP4_1           0.697      0.013     51.720      0.000
    SLEEP5_1           0.708      0.015     46.978      0.000
    SLEEP6_1           0.763      0.015     50.174      0.000
    SLEEP7_1           0.741      0.014     52.817      0.000

 SLEEP1_1 WITH
    SLEEP2_1           0.533      0.024     22.075      0.000

 SLEEP6_1 WITH
    SLEEP7_1           0.226      0.046      4.964      0.000

 Means
    SLEEP_1            0.000      0.000    999.000    999.000

 Thresholds
    SLEEP1_1$1        -0.637      0.036    -17.491      0.000
    SLEEP1_1$2         0.508      0.035     14.336      0.000
    SLEEP1_1$3         1.348      0.048     28.248      0.000
    SLEEP1_1$4         2.057      0.058     35.443      0.000
    SLEEP2_1$1        -0.266      0.034     -7.760      0.000
    SLEEP2_1$2         0.785      0.038     20.723      0.000
    SLEEP2_1$3         1.589      0.055     28.909      0.000
    SLEEP2_1$4         2.201      0.066     33.260      0.000
    SLEEP3_1$1        -0.200      0.034     -5.876      0.000
    SLEEP3_1$2         0.916      0.040     23.188      0.000
    SLEEP3_1$3         1.759      0.062     28.502      0.000
    SLEEP3_1$4         2.264      0.070     32.397      0.000
    SLEEP4_1$1        -0.902      0.039    -22.948      0.000
    SLEEP4_1$2         0.150      0.034      4.424      0.000
    SLEEP4_1$3         1.242      0.045     27.462      0.000
    SLEEP4_1$4         1.904      0.052     36.282      0.000
    SLEEP5_1$1         0.066      0.034      1.943      0.052
    SLEEP5_1$2         0.970      0.040     24.088      0.000
    SLEEP5_1$3         1.804      0.064     28.287      0.000
    SLEEP5_1$4         2.191      0.065     33.871      0.000
    SLEEP6_1$1         0.533      0.036     14.970      0.000
    SLEEP6_1$2         1.471      0.051     28.776      0.000
    SLEEP6_1$3         2.163      0.086     25.150      0.000
    SLEEP6_1$4         2.457      0.083     29.495      0.000
    SLEEP7_1$1         0.004      0.034      0.108      0.914
    SLEEP7_1$2         0.941      0.040     23.616      0.000
    SLEEP7_1$3         1.694      0.059     28.736      0.000
    SLEEP7_1$4         2.060      0.062     33.168      0.000

 Variances
    SLEEP_1            1.000      0.000    999.000    999.000

 Residual Variances
    SLEEP1_1           0.491      0.020     24.886      0.000
    SLEEP2_1           0.386      0.019     20.393      0.000
    SLEEP3_1           0.590      0.020     28.962      0.000
    SLEEP4_1           0.514      0.019     27.385      0.000
    SLEEP5_1           0.499      0.021     23.409      0.000
    SLEEP6_1           0.418      0.023     18.037      0.000
    SLEEP7_1           0.451      0.021     21.694      0.000

Group OLDER

 SLEEP_1  BY
    SLEEP1_1           0.736      0.014     54.114      0.000
    SLEEP2_1           0.803      0.012     69.771      0.000
    SLEEP3_1           0.665      0.016     42.577      0.000
    SLEEP4_1           0.720      0.013     56.309      0.000
    SLEEP5_1           0.730      0.014     51.001      0.000
    SLEEP6_1           0.783      0.014     54.850      0.000
    SLEEP7_1           0.762      0.013     58.724      0.000

 SLEEP1_1 WITH
    SLEEP2_1           0.559      0.021     26.868      0.000

 SLEEP6_1 WITH
    SLEEP7_1           0.203      0.045      4.481      0.000

 Means
    SLEEP_1            0.000      0.000    999.000    999.000

 Thresholds
    SLEEP1_1$1        -0.655      0.036    -18.025      0.000
    SLEEP1_1$2         0.416      0.035     11.993      0.000
    SLEEP1_1$3         1.186      0.044     27.116      0.000
    SLEEP1_1$4         1.988      0.056     35.625      0.000
    SLEEP2_1$1        -0.363      0.034    -10.560      0.000
    SLEEP2_1$2         0.562      0.036     15.788      0.000
    SLEEP2_1$3         1.299      0.046     28.118      0.000
    SLEEP2_1$4         2.112      0.065     32.733      0.000
    SLEEP3_1$1        -0.098      0.034     -2.920      0.003
    SLEEP3_1$2         0.843      0.038     22.012      0.000
    SLEEP3_1$3         1.517      0.052     29.070      0.000
    SLEEP3_1$4         2.203      0.066     33.378      0.000
    SLEEP4_1$1        -1.061      0.041    -25.603      0.000
    SLEEP4_1$2        -0.120      0.034     -3.563      0.000
    SLEEP4_1$3         0.915      0.039     23.321      0.000
    SLEEP4_1$4         1.843      0.049     37.387      0.000
    SLEEP5_1$1         0.073      0.034      2.170      0.030
    SLEEP5_1$2         0.877      0.039     22.650      0.000
    SLEEP5_1$3         1.636      0.056     29.066      0.000
    SLEEP5_1$4         2.118      0.063     33.584      0.000
    SLEEP6_1$1         0.473      0.035     13.528      0.000
    SLEEP6_1$2         1.255      0.045     27.763      0.000
    SLEEP6_1$3         1.946      0.071     27.503      0.000
    SLEEP6_1$4         2.363      0.081     29.099      0.000
    SLEEP7_1$1        -0.142      0.034     -4.206      0.000
    SLEEP7_1$2         0.705      0.037     19.154      0.000
    SLEEP7_1$3         1.370      0.048     28.563      0.000
    SLEEP7_1$4         1.985      0.058     34.320      0.000

 Variances
    SLEEP_1            1.000      0.000    999.000    999.000

 Residual Variances
    SLEEP1_1           0.459      0.020     22.926      0.000
    SLEEP2_1           0.356      0.018     19.277      0.000
    SLEEP3_1           0.558      0.021     26.879      0.000
    SLEEP4_1           0.482      0.018     26.178      0.000
    SLEEP5_1           0.467      0.021     22.314      0.000
    SLEEP6_1           0.387      0.022     17.313      0.000
    SLEEP7_1           0.419      0.020     21.178      0.000


R-SQUARE

Group YOUNGER

    Observed                                        Two-Tailed     Scale
    Variable        Estimate       S.E.  Est./S.E.    P-Value     Factors

    SLEEP1_1           0.509      0.020     25.787      0.000      0.701
    SLEEP2_1           0.614      0.019     32.403      0.000      0.621
    SLEEP3_1           0.410      0.020     20.140      0.000      0.768
    SLEEP4_1           0.486      0.019     25.860      0.000      0.717
    SLEEP5_1           0.501      0.021     23.489      0.000      0.707
    SLEEP6_1           0.582      0.023     25.087      0.000      0.647
    SLEEP7_1           0.549      0.021     26.408      0.000      0.672

Group OLDER

    Observed                                        Two-Tailed     Scale
    Variable        Estimate       S.E.  Est./S.E.    P-Value     Factors

    SLEEP1_1           0.541      0.020     27.057      0.000      0.677
    SLEEP2_1           0.644      0.018     34.885      0.000      0.597
    SLEEP3_1           0.442      0.021     21.288      0.000      0.747
    SLEEP4_1           0.518      0.018     28.155      0.000      0.694
    SLEEP5_1           0.533      0.021     25.501      0.000      0.683
    SLEEP6_1           0.613      0.022     27.425      0.000      0.622
    SLEEP7_1           0.581      0.020     29.362      0.000      0.647


QUALITY OF NUMERICAL RESULTS

     Condition Number for the Information Matrix              0.899E-02
       (ratio of smallest to largest eigenvalue)


MODEL MODIFICATION INDICES

Minimum M.I. value for printing the modification index    10.000

                                   M.I.     E.P.C.  Std E.P.C.  StdYX E.P.C.
Group YOUNGER


ON/BY Statements

SLEEP3_1 ON SLEEP_1  /
SLEEP_1  BY SLEEP3_1              10.926     0.060      0.060        0.046

ON Statements

SLEEP_1  ON SLEEP3_1              10.937     0.139      0.139        0.181
SLEEP1_1 ON SLEEP3_1              18.136     0.137      0.137        0.125
SLEEP2_1 ON SLEEP3_1              43.350     0.235      0.235        0.190
SLEEP3_1 ON SLEEP1_1              42.320     0.156      0.156        0.171
SLEEP3_1 ON SLEEP2_1              50.832     0.152      0.152        0.187
SLEEP7_1 ON SLEEP3_1              10.190    -0.126     -0.126       -0.110
SLEEP7_1 ON SLEEP7_1              22.568    -0.324     -0.324       -0.324

WITH Statements

SLEEP3_1 WITH SLEEP_1             10.926     0.139      0.139        0.139
SLEEP3_1 WITH SLEEP1_1            14.805     0.161      0.161        0.161
SLEEP3_1 WITH SLEEP2_1            66.078     0.353      0.353        0.353

Variances/Residual Variances

SLEEP3_1                          18.449    -0.398     -0.398       -0.235

Means/Intercepts/Thresholds

[ SLEEP_1  ]                      27.745    -0.364     -0.364       -0.364
[ SLEEP7_1 ]                      22.626    -0.996     -0.996       -0.669
[ SLEEP7_1 ]                      22.465     0.475      0.475        0.319

Group OLDER


ON/BY Statements

SLEEP3_1 ON SLEEP_1  /
SLEEP_1  BY SLEEP3_1              10.926    -0.079     -0.084       -0.063

ON Statements

SLEEP_1  ON SLEEP3_1              10.901    -0.158     -0.148       -0.198
SLEEP2_1 ON SLEEP3_1              23.099     0.180      0.180        0.144
SLEEP3_1 ON SLEEP4_1              31.306    -0.165     -0.165       -0.178
SLEEP3_1 ON SLEEP5_1              20.929    -0.133     -0.133       -0.145
SLEEP3_1 ON SLEEP6_1              19.571    -0.122     -0.122       -0.146
SLEEP3_1 ON SLEEP7_1              25.480    -0.142     -0.142       -0.164
SLEEP4_1 ON SLEEP6_1              11.328     0.094      0.094        0.105
SLEEP4_1 ON SLEEP7_1              15.062     0.107      0.107        0.115
SLEEP7_1 ON SLEEP4_1              15.949     0.133      0.133        0.124
SLEEP7_1 ON SLEEP5_1              13.018     0.128      0.128        0.121
SLEEP7_1 ON SLEEP7_1              22.399     0.323      0.323        0.323

WITH Statements

SLEEP3_1 WITH SLEEP_1             10.926    -0.158     -0.148       -0.148
SLEEP3_1 WITH SLEEP2_1            34.265     0.272      0.272        0.272
SLEEP4_1 WITH SLEEP3_1            31.161    -0.275     -0.275       -0.275
SLEEP5_1 WITH SLEEP3_1            15.381    -0.195     -0.195       -0.195
SLEEP7_1 WITH SLEEP3_1            20.930    -0.253     -0.253       -0.253
SLEEP7_1 WITH SLEEP4_1            15.030     0.179      0.179        0.179
SLEEP7_1 WITH SLEEP5_1            10.931     0.171      0.171        0.171

Variances/Residual Variances

SLEEP3_1                          18.412     0.397      0.397        0.222

Means/Intercepts/Thresholds

[ SLEEP_1  ]                      27.716     0.364      0.341        0.341
[ SLEEP7_1 ]                      22.394     0.991      0.991        0.642
[ SLEEP7_1 ]                      22.369    -0.517     -0.517       -0.335



SAVEDATA INFORMATION


  Difference testing

  Save file
    sleep1_student_age_inv_metric.dat
  Save format      Free

     Beginning Time:  23:00:52
        Ending Time:  23:00:52
       Elapsed Time:  00:00:00



MUTHEN & MUTHEN
3463 Stoner Ave.
Los Angeles, CA  90066

Tel: (310) 391-9971
Fax: (310) 391-8971
Web: www.StatModel.com
Support: Support@StatModel.com

Copyright (c) 1998-2019 Muthen & Muthen
