Mplus VERSION 8.4 (Mac)
MUTHEN & MUTHEN
10/28/2023  11:00 PM

INPUT INSTRUCTIONS

  Title: Student Sleep Treatment Measurement Invariance Scalar Model;

    Data:
       File is ../dat_stu_1.txt;

    Variable:
     Names are studentid index treatment girl age_w child_grade in_ukr
     guardian_living guardian_region
     grit1_1 grit2_1 grit3_1 grit4_1 grit5_1 grit6_1 grit7_1 grit8_1
     loc1_1 loc2_1 loc3_1 loc4_1
     dass1_1 dass2_1 dass3_1 dass4_1 dass5_1 dass6_1 dass7_1 dass8_1
     dass9_1 dass10_1 dass11_1 dass12_1 dass13_1 dass14_1
     sleep1_1 sleep2_1 sleep3_1 sleep4_1 sleep5_1 sleep6_1 sleep7_1
     edugoals_1 half;
     Missing are . ;

      Usevariable are
    	sleep1_1 sleep2_1 sleep3_1 sleep4_1 sleep5_1 sleep6_1 sleep7_1;

      Categorical is
    	sleep1_1 sleep2_1 sleep3_1 sleep4_1 sleep5_1 sleep6_1 sleep7_1;

      Idvariable is studentid;

      Group is treatment (1 = Treated 0 = Control);

  Analysis:
     Estimator = wlsmv;
     Parameterization = theta;
     Difftest = sleep1_student_tx_inv_metric.dat


  !!! Model for Control Group !!!

  Model:
    ! Factor loadings all freely estimated
    sleep_1 by
      sleep1_1-sleep7_1* (L1-L7);

    sleep1_1 with sleep2_1;
    sleep6_1 with sleep7_1;

    !estimating thresholds freely
    [sleep1_1$1-sleep7_1$1*] (T1_1-T1_7);
    [sleep1_1$2-sleep7_1$2*] (T2_1-T2_7);
    [sleep1_1$3-sleep7_1$3*] (T3_1-T3_7);

    !constraining item residual variance to 1 for identification
    sleep1_1-sleep7_1@1;

    !fixing latent mean to zero for identification
    [sleep_1@0];

    !fixing latent variance to one for identification
    sleep_1@1;

  !!! Model for Treatment Group !!!

  Model Treated:
    ! Factor loadings constrained to *be equal to the control group*
    sleep_1 by sleep1_1-sleep7_1* (L1-L7);

    sleep1_1 with sleep2_1;
    sleep6_1 with sleep7_1;

    ! *thresholds held equal to the control group when left blank*

    ! constraining item residual variance to 1 for identification
    sleep1_1-sleep7_1@1;

    ! latent factor mean *estimated*
    [sleep_1*];

    ! latent factor variance *estimated*
    sleep_1*;

  Output: sampstat stdyx modindices(all);
  Savedata: Difftest is sleep1_student_tx_inv_scalar.dat;



INPUT READING TERMINATED NORMALLY



Student Sleep Treatment Measurement Invariance Scalar Model;

SUMMARY OF ANALYSIS

Number of groups                                                 2
Number of observations
   Group CONTROL                                              1388
   Group TREATED                                              1379
   Total sample size                                          2767

Number of dependent variables                                    7
Number of independent variables                                  0
Number of continuous latent variables                            1

Observed dependent variables

  Binary and ordered categorical (ordinal)
   SLEEP1_1    SLEEP2_1    SLEEP3_1    SLEEP4_1    SLEEP5_1    SLEEP6_1
   SLEEP7_1

Continuous latent variables
   SLEEP_1

Variables with special functions

  Grouping variable     TREATMEN
  ID variable           STUDENTI

Estimator                                                    WLSMV
Maximum number of iterations                                  1000
Convergence criterion                                    0.500D-04
Maximum number of steepest descent iterations                   20
Maximum number of iterations for H1                           2000
Convergence criterion for H1                             0.100D-03
Parameterization                                             THETA
Link                                                        PROBIT

Input data file(s)
  ../dat_stu_1.txt

Input data format  FREE


SUMMARY OF DATA

   Group CONTROL
     Number of missing data patterns             1

   Group TREATED
     Number of missing data patterns             1


COVARIANCE COVERAGE OF DATA

Minimum covariance coverage value   0.100


     PROPORTION OF DATA PRESENT FOR CONTROL


           Covariance Coverage
              SLEEP1_1      SLEEP2_1      SLEEP3_1      SLEEP4_1      SLEEP5_1
              ________      ________      ________      ________      ________
 SLEEP1_1       1.000
 SLEEP2_1       1.000         1.000
 SLEEP3_1       1.000         1.000         1.000
 SLEEP4_1       1.000         1.000         1.000         1.000
 SLEEP5_1       1.000         1.000         1.000         1.000         1.000
 SLEEP6_1       1.000         1.000         1.000         1.000         1.000
 SLEEP7_1       1.000         1.000         1.000         1.000         1.000


           Covariance Coverage
              SLEEP6_1      SLEEP7_1
              ________      ________
 SLEEP6_1       1.000
 SLEEP7_1       1.000         1.000


     PROPORTION OF DATA PRESENT FOR TREATED


           Covariance Coverage
              SLEEP1_1      SLEEP2_1      SLEEP3_1      SLEEP4_1      SLEEP5_1
              ________      ________      ________      ________      ________
 SLEEP1_1       1.000
 SLEEP2_1       1.000         1.000
 SLEEP3_1       1.000         1.000         1.000
 SLEEP4_1       1.000         1.000         1.000         1.000
 SLEEP5_1       1.000         1.000         1.000         1.000         1.000
 SLEEP6_1       1.000         1.000         1.000         1.000         1.000
 SLEEP7_1       1.000         1.000         1.000         1.000         1.000


           Covariance Coverage
              SLEEP6_1      SLEEP7_1
              ________      ________
 SLEEP6_1       1.000
 SLEEP7_1       1.000         1.000


UNIVARIATE PROPORTIONS AND COUNTS FOR CATEGORICAL VARIABLES

  Group CONTROL
    SLEEP1_1
      Category 1    0.262          363.000
      Category 2    0.429          595.000
      Category 3    0.210          292.000
      Category 4    0.079          110.000
      Category 5    0.020           28.000
    SLEEP2_1
      Category 1    0.375          520.000
      Category 2    0.383          531.000
      Category 3    0.167          232.000
      Category 4    0.060           83.000
      Category 5    0.016           22.000
    SLEEP3_1
      Category 1    0.460          638.000
      Category 2    0.367          509.000
      Category 3    0.127          176.000
      Category 4    0.037           51.000
      Category 5    0.010           14.000
    SLEEP4_1
      Category 1    0.175          243.000
      Category 2    0.341          474.000
      Category 3    0.338          469.000
      Category 4    0.116          161.000
      Category 5    0.030           41.000
    SLEEP5_1
      Category 1    0.527          732.000
      Category 2    0.308          427.000
      Category 3    0.120          167.000
      Category 4    0.028           39.000
      Category 5    0.017           23.000
    SLEEP6_1
      Category 1    0.712          988.000
      Category 2    0.210          291.000
      Category 3    0.061           84.000
      Category 4    0.012           16.000
      Category 5    0.006            9.000
    SLEEP7_1
      Category 1    0.477          662.000
      Category 2    0.320          444.000
      Category 3    0.138          191.000
      Category 4    0.046           64.000
      Category 5    0.019           27.000

  Group TREATED
    SLEEP1_1
      Category 1    0.257          354.000
      Category 2    0.408          563.000
      Category 3    0.228          314.000
      Category 4    0.084          116.000
      Category 5    0.023           32.000
    SLEEP2_1
      Category 1    0.379          522.000
      Category 2    0.360          497.000
      Category 3    0.183          253.000
      Category 4    0.062           86.000
      Category 5    0.015           21.000
    SLEEP3_1
      Category 1    0.422          582.000
      Category 2    0.372          513.000
      Category 3    0.149          205.000
      Category 4    0.042           58.000
      Category 5    0.015           21.000
    SLEEP4_1
      Category 1    0.152          210.000
      Category 2    0.342          472.000
      Category 3    0.363          501.000
      Category 4    0.111          153.000
      Category 5    0.031           43.000
    SLEEP5_1
      Category 1    0.528          728.000
      Category 2    0.281          387.000
      Category 3    0.149          206.000
      Category 4    0.028           38.000
      Category 5    0.015           20.000
    SLEEP6_1
      Category 1    0.673          928.000
      Category 2    0.230          317.000
      Category 3    0.074          102.000
      Category 4    0.014           19.000
      Category 5    0.009           13.000
    SLEEP7_1
      Category 1    0.468          645.000
      Category 2    0.321          443.000
      Category 3    0.146          201.000
      Category 4    0.044           61.000
      Category 5    0.021           29.000


SAMPLE STATISTICS


     ESTIMATED SAMPLE STATISTICS FOR CONTROL


           MEANS/INTERCEPTS/THRESHOLDS
              SLEEP1_1      SLEEP1_1      SLEEP1_1      SLEEP1_1      SLEEP2_1
              ________      ________      ________      ________      ________
               -0.639         0.496         1.285         2.050        -0.320


           MEANS/INTERCEPTS/THRESHOLDS
              SLEEP2_1      SLEEP2_1      SLEEP2_1      SLEEP3_1      SLEEP3_1
              ________      ________      ________      ________      ________
                0.697         1.435         2.148        -0.101         0.940


           MEANS/INTERCEPTS/THRESHOLDS
              SLEEP3_1      SLEEP3_1      SLEEP4_1      SLEEP4_1      SLEEP4_1
              ________      ________      ________      ________      ________
                1.676         2.323        -0.934         0.042         1.056


           MEANS/INTERCEPTS/THRESHOLDS
              SLEEP4_1      SLEEP5_1      SLEEP5_1      SLEEP5_1      SLEEP5_1
              ________      ________      ________      ________      ________
                1.888         0.069         0.974         1.699         2.130


           MEANS/INTERCEPTS/THRESHOLDS
              SLEEP6_1      SLEEP6_1      SLEEP6_1      SLEEP6_1      SLEEP7_1
              ________      ________      ________      ________      ________
                0.559         1.415         2.097         2.485        -0.058


           MEANS/INTERCEPTS/THRESHOLDS
              SLEEP7_1      SLEEP7_1      SLEEP7_1
              ________      ________      ________
                0.830         1.510         2.065


           CORRELATION MATRIX (WITH VARIANCES ON THE DIAGONAL)
              SLEEP1_1      SLEEP2_1      SLEEP3_1      SLEEP4_1      SLEEP5_1
              ________      ________      ________      ________      ________
 SLEEP1_1
 SLEEP2_1       0.793
 SLEEP3_1       0.521         0.606
 SLEEP4_1       0.519         0.574         0.377
 SLEEP5_1       0.532         0.541         0.384         0.492
 SLEEP6_1       0.523         0.582         0.438         0.579         0.603
 SLEEP7_1       0.532         0.550         0.391         0.601         0.573


           CORRELATION MATRIX (WITH VARIANCES ON THE DIAGONAL)
              SLEEP6_1      SLEEP7_1
              ________      ________
 SLEEP7_1       0.657


     ESTIMATED SAMPLE STATISTICS FOR TREATED


           MEANS/INTERCEPTS/THRESHOLDS
              SLEEP1_1      SLEEP1_1      SLEEP1_1      SLEEP1_1      SLEEP2_1
              ________      ________      ________      ________      ________
               -0.654         0.426         1.241         1.992        -0.309


           MEANS/INTERCEPTS/THRESHOLDS
              SLEEP2_1      SLEEP2_1      SLEEP2_1      SLEEP3_1      SLEEP3_1
              ________      ________      ________      ________      ________
                0.640         1.421         2.164        -0.197         0.821


           MEANS/INTERCEPTS/THRESHOLDS
              SLEEP3_1      SLEEP3_1      SLEEP4_1      SLEEP4_1      SLEEP4_1
              ________      ________      ________      ________      ________
                1.578         2.164        -1.027        -0.014         1.071


           MEANS/INTERCEPTS/THRESHOLDS
              SLEEP4_1      SLEEP5_1      SLEEP5_1      SLEEP5_1      SLEEP5_1
              ________      ________      ________      ________      ________
                1.864         0.070         0.873         1.727         2.183


           MEANS/INTERCEPTS/THRESHOLDS
              SLEEP6_1      SLEEP6_1      SLEEP6_1      SLEEP6_1      SLEEP7_1
              ________      ________      ________      ________      ________
                0.448         1.298         1.992         2.348        -0.081


           MEANS/INTERCEPTS/THRESHOLDS
              SLEEP7_1      SLEEP7_1      SLEEP7_1
              ________      ________      ________
                0.803         1.512         2.033


           CORRELATION MATRIX (WITH VARIANCES ON THE DIAGONAL)
              SLEEP1_1      SLEEP2_1      SLEEP3_1      SLEEP4_1      SLEEP5_1
              ________      ________      ________      ________      ________
 SLEEP1_1
 SLEEP2_1       0.816
 SLEEP3_1       0.520         0.633
 SLEEP4_1       0.493         0.518         0.358
 SLEEP5_1       0.510         0.529         0.420         0.521
 SLEEP6_1       0.529         0.599         0.464         0.574         0.616
 SLEEP7_1       0.545         0.576         0.433         0.576         0.580


           CORRELATION MATRIX (WITH VARIANCES ON THE DIAGONAL)
              SLEEP6_1      SLEEP7_1
              ________      ________
 SLEEP7_1       0.688


THE MODEL ESTIMATION TERMINATED NORMALLY



MODEL FIT INFORMATION

Number of Free Parameters                       41

Chi-Square Test of Model Fit

          Value                            266.936*
          Degrees of Freedom                    57
          P-Value                           0.0000

Chi-Square Contribution From Each Group

          CONTROL                          128.782
          TREATED                          138.154

Chi-Square Test for Difference Testing

          Value                             19.962*
          Degrees of Freedom                    20
          P-Value                           0.4603

*   The chi-square value for MLM, MLMV, MLR, ULSMV, WLSM and WLSMV cannot be used
    for chi-square difference testing in the regular way.  MLM, MLR and WLSM
    chi-square difference testing is described on the Mplus website.  MLMV, WLSMV,
    and ULSMV difference testing is done using the DIFFTEST option.  The DIFFTEST
    option assumes the models are nested.  The NESTED option can be used to verify
    that the models are nested.

RMSEA (Root Mean Square Error Of Approximation)

          Estimate                           0.052
          90 Percent C.I.                    0.045  0.058
          Probability RMSEA <= .05           0.326

CFI/TLI

          CFI                                0.990
          TLI                                0.993

Chi-Square Test of Model Fit for the Baseline Model

          Value                          21437.476
          Degrees of Freedom                    42
          P-Value                           0.0000

SRMR (Standardized Root Mean Square Residual)

          Value                              0.030

Optimum Function Value for Weighted Least-Squares Estimator

          Value                     0.38387656D-01



MODEL RESULTS

                                                    Two-Tailed
                    Estimate       S.E.  Est./S.E.    P-Value

Group CONTROL

 SLEEP_1  BY
    SLEEP1_1           1.045      0.042     24.689      0.000
    SLEEP2_1           1.310      0.052     25.099      0.000
    SLEEP3_1           0.849      0.036     23.343      0.000
    SLEEP4_1           1.008      0.037     27.274      0.000
    SLEEP5_1           1.034      0.044     23.732      0.000
    SLEEP6_1           1.224      0.059     20.908      0.000
    SLEEP7_1           1.149      0.047     24.299      0.000

 SLEEP1_1 WITH
    SLEEP2_1           0.521      0.023     22.686      0.000

 SLEEP6_1 WITH
    SLEEP7_1           0.175      0.046      3.779      0.000

 Means
    SLEEP_1            0.000      0.000    999.000    999.000

 Thresholds
    SLEEP1_1$1        -0.902      0.044    -20.365      0.000
    SLEEP1_1$2         0.702      0.043     16.199      0.000
    SLEEP1_1$3         1.863      0.055     33.732      0.000
    SLEEP1_1$4         2.961      0.082     36.227      0.000
    SLEEP2_1$1        -0.477      0.049     -9.777      0.000
    SLEEP2_1$2         1.147      0.055     21.014      0.000
    SLEEP2_1$3         2.401      0.073     33.018      0.000
    SLEEP2_1$4         3.601      0.107     33.546      0.000
    SLEEP3_1$1        -0.168      0.036     -4.653      0.000
    SLEEP3_1$2         1.182      0.042     27.856      0.000
    SLEEP3_1$3         2.162      0.058     37.384      0.000
    SLEEP3_1$4         2.964      0.088     33.503      0.000
    SLEEP4_1$1        -1.360      0.046    -29.476      0.000
    SLEEP4_1$2         0.052      0.040      1.310      0.190
    SLEEP4_1$3         1.544      0.049     31.459      0.000
    SLEEP4_1$4         2.699      0.073     36.976      0.000
    SLEEP5_1$1         0.133      0.041      3.232      0.001
    SLEEP5_1$2         1.363      0.050     27.078      0.000
    SLEEP5_1$3         2.500      0.068     36.727      0.000
    SLEEP5_1$4         3.136      0.090     34.743      0.000
    SLEEP6_1$1         0.836      0.053     15.791      0.000
    SLEEP6_1$2         2.184      0.075     29.300      0.000
    SLEEP6_1$3         3.272      0.103     31.689      0.000
    SLEEP6_1$4         3.856      0.131     29.448      0.000
    SLEEP7_1$1        -0.069      0.044     -1.569      0.117
    SLEEP7_1$2         1.283      0.053     24.404      0.000
    SLEEP7_1$3         2.342      0.068     34.685      0.000
    SLEEP7_1$4         3.164      0.089     35.444      0.000

 Variances
    SLEEP_1            1.000      0.000    999.000    999.000

 Residual Variances
    SLEEP1_1           1.000      0.000    999.000    999.000
    SLEEP2_1           1.000      0.000    999.000    999.000
    SLEEP3_1           1.000      0.000    999.000    999.000
    SLEEP4_1           1.000      0.000    999.000    999.000
    SLEEP5_1           1.000      0.000    999.000    999.000
    SLEEP6_1           1.000      0.000    999.000    999.000
    SLEEP7_1           1.000      0.000    999.000    999.000

Group TREATED

 SLEEP_1  BY
    SLEEP1_1           1.045      0.042     24.689      0.000
    SLEEP2_1           1.310      0.052     25.099      0.000
    SLEEP3_1           0.849      0.036     23.343      0.000
    SLEEP4_1           1.008      0.037     27.274      0.000
    SLEEP5_1           1.034      0.044     23.732      0.000
    SLEEP6_1           1.224      0.059     20.908      0.000
    SLEEP7_1           1.149      0.047     24.299      0.000

 SLEEP1_1 WITH
    SLEEP2_1           0.575      0.022     26.343      0.000

 SLEEP6_1 WITH
    SLEEP7_1           0.245      0.044      5.520      0.000

 Means
    SLEEP_1            0.065      0.043      1.522      0.128

 Thresholds
    SLEEP1_1$1        -0.902      0.044    -20.365      0.000
    SLEEP1_1$2         0.702      0.043     16.199      0.000
    SLEEP1_1$3         1.863      0.055     33.732      0.000
    SLEEP1_1$4         2.961      0.082     36.227      0.000
    SLEEP2_1$1        -0.477      0.049     -9.777      0.000
    SLEEP2_1$2         1.147      0.055     21.014      0.000
    SLEEP2_1$3         2.401      0.073     33.018      0.000
    SLEEP2_1$4         3.601      0.107     33.546      0.000
    SLEEP3_1$1        -0.168      0.036     -4.653      0.000
    SLEEP3_1$2         1.182      0.042     27.856      0.000
    SLEEP3_1$3         2.162      0.058     37.384      0.000
    SLEEP3_1$4         2.964      0.088     33.503      0.000
    SLEEP4_1$1        -1.360      0.046    -29.476      0.000
    SLEEP4_1$2         0.052      0.040      1.310      0.190
    SLEEP4_1$3         1.544      0.049     31.459      0.000
    SLEEP4_1$4         2.699      0.073     36.976      0.000
    SLEEP5_1$1         0.133      0.041      3.232      0.001
    SLEEP5_1$2         1.363      0.050     27.078      0.000
    SLEEP5_1$3         2.500      0.068     36.727      0.000
    SLEEP5_1$4         3.136      0.090     34.743      0.000
    SLEEP6_1$1         0.836      0.053     15.791      0.000
    SLEEP6_1$2         2.184      0.075     29.300      0.000
    SLEEP6_1$3         3.272      0.103     31.689      0.000
    SLEEP6_1$4         3.856      0.131     29.448      0.000
    SLEEP7_1$1        -0.069      0.044     -1.569      0.117
    SLEEP7_1$2         1.283      0.053     24.404      0.000
    SLEEP7_1$3         2.342      0.068     34.685      0.000
    SLEEP7_1$4         3.164      0.089     35.444      0.000

 Variances
    SLEEP_1            1.011      0.072     14.080      0.000

 Residual Variances
    SLEEP1_1           1.000      0.000    999.000    999.000
    SLEEP2_1           1.000      0.000    999.000    999.000
    SLEEP3_1           1.000      0.000    999.000    999.000
    SLEEP4_1           1.000      0.000    999.000    999.000
    SLEEP5_1           1.000      0.000    999.000    999.000
    SLEEP6_1           1.000      0.000    999.000    999.000
    SLEEP7_1           1.000      0.000    999.000    999.000


STANDARDIZED MODEL RESULTS


STDYX Standardization

                                                    Two-Tailed
                    Estimate       S.E.  Est./S.E.    P-Value

Group CONTROL

 SLEEP_1  BY
    SLEEP1_1           0.722      0.014     51.649      0.000
    SLEEP2_1           0.795      0.012     68.196      0.000
    SLEEP3_1           0.647      0.016     40.178      0.000
    SLEEP4_1           0.710      0.013     54.966      0.000
    SLEEP5_1           0.719      0.015     49.103      0.000
    SLEEP6_1           0.774      0.015     52.218      0.000
    SLEEP7_1           0.754      0.013     56.391      0.000

 SLEEP1_1 WITH
    SLEEP2_1           0.521      0.023     22.686      0.000

 SLEEP6_1 WITH
    SLEEP7_1           0.175      0.046      3.779      0.000

 Means
    SLEEP_1            0.000      0.000    999.000    999.000

 Thresholds
    SLEEP1_1$1        -0.624      0.031    -20.019      0.000
    SLEEP1_1$2         0.485      0.029     16.647      0.000
    SLEEP1_1$3         1.288      0.037     34.710      0.000
    SLEEP1_1$4         2.047      0.058     35.354      0.000
    SLEEP2_1$1        -0.289      0.030     -9.580      0.000
    SLEEP2_1$2         0.696      0.031     22.345      0.000
    SLEEP2_1$3         1.457      0.042     34.915      0.000
    SLEEP2_1$4         2.185      0.066     32.869      0.000
    SLEEP3_1$1        -0.128      0.028     -4.612      0.000
    SLEEP3_1$2         0.901      0.031     29.083      0.000
    SLEEP3_1$3         1.648      0.043     38.531      0.000
    SLEEP3_1$4         2.259      0.068     33.106      0.000
    SLEEP4_1$1        -0.958      0.034    -28.008      0.000
    SLEEP4_1$2         0.037      0.028      1.312      0.190
    SLEEP4_1$3         1.087      0.034     32.153      0.000
    SLEEP4_1$4         1.901      0.052     36.686      0.000
    SLEEP5_1$1         0.093      0.028      3.261      0.001
    SLEEP5_1$2         0.947      0.032     29.362      0.000
    SLEEP5_1$3         1.738      0.046     37.480      0.000
    SLEEP5_1$4         2.180      0.064     33.951      0.000
    SLEEP6_1$1         0.529      0.030     17.608      0.000
    SLEEP6_1$2         1.382      0.040     34.866      0.000
    SLEEP6_1$3         2.071      0.060     34.459      0.000
    SLEEP6_1$4         2.440      0.082     29.774      0.000
    SLEEP7_1$1        -0.045      0.029     -1.562      0.118
    SLEEP7_1$2         0.842      0.032     26.588      0.000
    SLEEP7_1$3         1.537      0.042     36.670      0.000
    SLEEP7_1$4         2.077      0.060     34.641      0.000

 Variances
    SLEEP_1            1.000      0.000    999.000    999.000

 Residual Variances
    SLEEP1_1           0.478      0.020     23.650      0.000
    SLEEP2_1           0.368      0.019     19.859      0.000
    SLEEP3_1           0.581      0.021     27.854      0.000
    SLEEP4_1           0.496      0.018     27.067      0.000
    SLEEP5_1           0.483      0.021     22.965      0.000
    SLEEP6_1           0.400      0.023     17.435      0.000
    SLEEP7_1           0.431      0.020     21.349      0.000

Group TREATED

 SLEEP_1  BY
    SLEEP1_1           0.724      0.013     53.663      0.000
    SLEEP2_1           0.796      0.012     68.458      0.000
    SLEEP3_1           0.649      0.016     41.486      0.000
    SLEEP4_1           0.712      0.013     54.764      0.000
    SLEEP5_1           0.721      0.015     49.419      0.000
    SLEEP6_1           0.776      0.015     53.039      0.000
    SLEEP7_1           0.756      0.013     56.805      0.000

 SLEEP1_1 WITH
    SLEEP2_1           0.575      0.022     26.343      0.000

 SLEEP6_1 WITH
    SLEEP7_1           0.245      0.044      5.520      0.000

 Means
    SLEEP_1            0.065      0.043      1.509      0.131

 Thresholds
    SLEEP1_1$1        -0.622      0.030    -20.678      0.000
    SLEEP1_1$2         0.484      0.030     16.261      0.000
    SLEEP1_1$3         1.285      0.038     33.598      0.000
    SLEEP1_1$4         2.042      0.059     34.536      0.000
    SLEEP2_1$1        -0.288      0.029     -9.790      0.000
    SLEEP2_1$2         0.693      0.032     21.385      0.000
    SLEEP2_1$3         1.452      0.043     33.578      0.000
    SLEEP2_1$4         2.177      0.068     32.071      0.000
    SLEEP3_1$1        -0.128      0.028     -4.639      0.000
    SLEEP3_1$2         0.899      0.032     28.266      0.000
    SLEEP3_1$3         1.645      0.044     37.037      0.000
    SLEEP3_1$4         2.254      0.069     32.734      0.000
    SLEEP4_1$1        -0.955      0.033    -28.964      0.000
    SLEEP4_1$2         0.037      0.028      1.309      0.190
    SLEEP4_1$3         1.085      0.035     30.626      0.000
    SLEEP4_1$4         1.896      0.054     35.275      0.000
    SLEEP5_1$1         0.092      0.029      3.243      0.001
    SLEEP5_1$2         0.945      0.034     28.072      0.000
    SLEEP5_1$3         1.733      0.048     35.889      0.000
    SLEEP5_1$4         2.174      0.066     32.847      0.000
    SLEEP6_1$1         0.527      0.031     17.116      0.000
    SLEEP6_1$2         1.378      0.041     33.445      0.000
    SLEEP6_1$3         2.064      0.062     33.426      0.000
    SLEEP6_1$4         2.432      0.084     28.804      0.000
    SLEEP7_1$1        -0.045      0.029     -1.567      0.117
    SLEEP7_1$2         0.840      0.033     25.247      0.000
    SLEEP7_1$3         1.533      0.044     34.530      0.000
    SLEEP7_1$4         2.070      0.062     33.643      0.000

 Variances
    SLEEP_1            1.000      0.000    999.000    999.000

 Residual Variances
    SLEEP1_1           0.475      0.020     24.313      0.000
    SLEEP2_1           0.366      0.019     19.725      0.000
    SLEEP3_1           0.578      0.020     28.458      0.000
    SLEEP4_1           0.494      0.018     26.684      0.000
    SLEEP5_1           0.481      0.021     22.870      0.000
    SLEEP6_1           0.398      0.023     17.523      0.000
    SLEEP7_1           0.428      0.020     21.279      0.000


R-SQUARE

Group CONTROL

    Observed                                        Two-Tailed     Scale
    Variable        Estimate       S.E.  Est./S.E.    P-Value     Factors

    SLEEP1_1           0.522      0.020     25.825      0.000      0.691
    SLEEP2_1           0.632      0.019     34.098      0.000      0.607
    SLEEP3_1           0.419      0.021     20.089      0.000      0.762
    SLEEP4_1           0.504      0.018     27.483      0.000      0.704
    SLEEP5_1           0.517      0.021     24.552      0.000      0.695
    SLEEP6_1           0.600      0.023     26.109      0.000      0.633
    SLEEP7_1           0.569      0.020     28.196      0.000      0.656

Group TREATED

    Observed                                        Two-Tailed     Scale
    Variable        Estimate       S.E.  Est./S.E.    P-Value     Factors

    SLEEP1_1           0.525      0.020     26.832      0.000      0.689
    SLEEP2_1           0.634      0.019     34.229      0.000      0.605
    SLEEP3_1           0.422      0.020     20.743      0.000      0.761
    SLEEP4_1           0.506      0.018     27.382      0.000      0.703
    SLEEP5_1           0.519      0.021     24.709      0.000      0.693
    SLEEP6_1           0.602      0.023     26.519      0.000      0.631
    SLEEP7_1           0.572      0.020     28.403      0.000      0.654


QUALITY OF NUMERICAL RESULTS

     Condition Number for the Information Matrix              0.835E-02
       (ratio of smallest to largest eigenvalue)


MODEL MODIFICATION INDICES

Minimum M.I. value for printing the modification index    10.000

                                   M.I.     E.P.C.  Std E.P.C.  StdYX E.P.C.
Group CONTROL


ON Statements

SLEEP2_1 ON SLEEP3_1              21.686     0.160      0.160        0.128
SLEEP3_1 ON SLEEP4_1              14.728    -0.102     -0.102       -0.110
SLEEP3_1 ON SLEEP5_1              14.131    -0.099     -0.099       -0.109
SLEEP3_1 ON SLEEP6_1              11.425    -0.083     -0.083       -0.100
SLEEP3_1 ON SLEEP7_1              16.815    -0.102     -0.102       -0.119
SLEEP4_1 ON SLEEP7_1              18.090     0.106      0.106        0.114

WITH Statements

SLEEP3_1 WITH SLEEP2_1            33.414     0.263      0.263        0.263
SLEEP4_1 WITH SLEEP3_1            13.752    -0.178     -0.178       -0.178
SLEEP5_1 WITH SLEEP3_1            13.110    -0.179     -0.179       -0.179
SLEEP7_1 WITH SLEEP3_1            18.589    -0.230     -0.230       -0.230
SLEEP7_1 WITH SLEEP4_1            17.200     0.188      0.188        0.188

Group TREATED


ON Statements

SLEEP2_1 ON SLEEP3_1              38.218     0.214      0.214        0.170
SLEEP3_1 ON SLEEP1_1              30.716     0.127      0.127        0.140
SLEEP3_1 ON SLEEP2_1              38.235     0.123      0.123        0.155
SLEEP4_1 ON SLEEP1_1              10.804    -0.081     -0.081       -0.083
SLEEP4_1 ON SLEEP2_1              12.827    -0.080     -0.080       -0.092
SLEEP4_1 ON SLEEP3_1              25.098    -0.161     -0.161       -0.148
SLEEP6_1 ON SLEEP5_1              10.801     0.112      0.112        0.102

WITH Statements

SLEEP3_1 WITH SLEEP2_1            73.118     0.391      0.391        0.391
SLEEP4_1 WITH SLEEP3_1            24.383    -0.238     -0.238       -0.238
SLEEP6_1 WITH SLEEP5_1            11.015     0.185      0.185        0.185



SAVEDATA INFORMATION


  Difference testing

  Save file
    sleep1_student_tx_inv_scalar.dat
  Save format      Free

     Beginning Time:  23:00:45
        Ending Time:  23:00:45
       Elapsed Time:  00:00:00



MUTHEN & MUTHEN
3463 Stoner Ave.
Los Angeles, CA  90066

Tel: (310) 391-9971
Fax: (310) 391-8971
Web: www.StatModel.com
Support: Support@StatModel.com

Copyright (c) 1998-2019 Muthen & Muthen
