Mplus VERSION 8.4 (Mac)
MUTHEN & MUTHEN
11/14/2023  11:30 PM

INPUT INSTRUCTIONS

  Title: Student Locus of Control Baseline EFA;

  Data:
     File is ../dat_stu_2.txt;

  Variable:
     Names are studentid girl age_w grito1_2 grito5_2 grito6_2
     grito7_2 grito8_2 grit1_2 grit2_2 grit3_2 grit4_2 grit5_2
     grit6_2 grit7_2 grit8_2 loc1_2 loc2_2 loc3_2 loc4_2 dass1_2
     dass2_2 dass3_2 dass4_2 dass5_2 dass6_2 dass7_2 dass8_2
     dass9_2 dass10_2 dass11_2 dass12_2 dass13_2 dass14_2
     dass15_2 dass16_2 dass17_2 dass18_2 dass19_2 dass20_2 dass21_2
     treatment half;
     Missing are . ;

    Usevariable are
  	loc1_2 loc2_2 loc3_2 loc4_2;

    Categorical is
  	loc1_2 loc2_2 loc3_2 loc4_2;

    Useobservations is half eq 1;

  Analysis:
     Type = efa 1 2;
     Estimator = wlsmv;

  Output: sampstat stdy modindices(all);



*** WARNING in ANALYSIS command
  Too many factors were requested for EFA.
  The maximum number of factors is set to 1.
*** WARNING in OUTPUT command
  STANDARDIZED (STD, STDY, STDYX) options are not available for TYPE=EFA.
  Request for STANDARDIZED options will be ignored.  Note that STANDARDIZED options
  are available with the use of EFA factors (ESEM) declared in the MODEL command.
   2 WARNING(S) FOUND IN THE INPUT INSTRUCTIONS



Student Locus of Control Baseline EFA;

SUMMARY OF ANALYSIS

Number of groups                                                 1
Number of observations                                         684

Number of dependent variables                                    4
Number of independent variables                                  0
Number of continuous latent variables                            0

Observed dependent variables

  Binary and ordered categorical (ordinal)
   LOC1_2      LOC2_2      LOC3_2      LOC4_2


Estimator                                                    WLSMV
Rotation                                                    GEOMIN
Row standardization                                    CORRELATION
Type of rotation                                           OBLIQUE
Epsilon value                                               Varies
Maximum number of iterations                                  1000
Convergence criterion                                    0.500D-04
Maximum number of steepest descent iterations                   20
Maximum number of iterations for H1                           2000
Convergence criterion for H1                             0.100D-03
Optimization Specifications for the Exploratory Factor Analysis
Rotation Algorithm
  Number of random starts                                       30
  Maximum number of iterations                               10000
  Derivative convergence criterion                       0.100D-04
Link                                                        PROBIT

Input data file(s)
  ../dat_stu_2.txt

Input data format  FREE


SUMMARY OF DATA

     Number of missing data patterns             1


COVARIANCE COVERAGE OF DATA

Minimum covariance coverage value   0.100


     PROPORTION OF DATA PRESENT


           Covariance Coverage
              LOC1_2        LOC2_2        LOC3_2        LOC4_2
              ________      ________      ________      ________
 LOC1_2         1.000
 LOC2_2         1.000         1.000
 LOC3_2         1.000         1.000         1.000
 LOC4_2         1.000         1.000         1.000         1.000


UNIVARIATE PROPORTIONS AND COUNTS FOR CATEGORICAL VARIABLES

    LOC1_2
      Category 1    0.028           19.000
      Category 2    0.149          102.000
      Category 3    0.364          249.000
      Category 4    0.330          226.000
      Category 5    0.129           88.000
    LOC2_2
      Category 1    0.012            8.000
      Category 2    0.026           18.000
      Category 3    0.111           76.000
      Category 4    0.545          373.000
      Category 5    0.306          209.000
    LOC3_2
      Category 1    0.056           38.000
      Category 2    0.155          106.000
      Category 3    0.291          199.000
      Category 4    0.330          226.000
      Category 5    0.168          115.000
    LOC4_2
      Category 1    0.085           58.000
      Category 2    0.240          164.000
      Category 3    0.377          258.000
      Category 4    0.243          166.000
      Category 5    0.056           38.000


SAMPLE STATISTICS


     ESTIMATED SAMPLE STATISTICS


           MEANS/INTERCEPTS/THRESHOLDS
              LOC1_2$1      LOC1_2$2      LOC1_2$3      LOC1_2$4      LOC2_2$1
              ________      ________      ________      ________      ________
               -1.915        -0.927         0.103         1.133        -2.267


           MEANS/INTERCEPTS/THRESHOLDS
              LOC2_2$2      LOC2_2$3      LOC2_2$4      LOC3_2$1      LOC3_2$2
              ________      ________      ________      ________      ________
               -1.774        -1.040         0.508        -1.593        -0.805


           MEANS/INTERCEPTS/THRESHOLDS
              LOC3_2$3      LOC3_2$4      LOC4_2$1      LOC4_2$2      LOC4_2$3
              ________      ________      ________      ________      ________
                0.004         0.962        -1.374        -0.455         0.529


           MEANS/INTERCEPTS/THRESHOLDS
              LOC4_2$4
              ________
                1.593


           CORRELATION MATRIX (WITH VARIANCES ON THE DIAGONAL)
              LOC1_2        LOC2_2        LOC3_2        LOC4_2
              ________      ________      ________      ________
 LOC1_2
 LOC2_2         0.196
 LOC3_2         0.087         0.212
 LOC4_2         0.006         0.054         0.364


RESULTS FOR EXPLORATORY FACTOR ANALYSIS


           EIGENVALUES FOR SAMPLE CORRELATION MATRIX
                  1             2             3             4
              ________      ________      ________      ________
                1.492         1.108         0.800         0.600


EXPLORATORY FACTOR ANALYSIS WITH 1 FACTOR(S):


MODEL FIT INFORMATION

Number of Free Parameters                        4

Chi-Square Test of Model Fit

          Value                             28.850*
          Degrees of Freedom                     2
          P-Value                           0.0000

*   The chi-square value for MLM, MLMV, MLR, ULSMV, WLSM and WLSMV cannot be used
    for chi-square difference testing in the regular way.  MLM, MLR and WLSM
    chi-square difference testing is described on the Mplus website.  MLMV, WLSMV,
    and ULSMV difference testing is done using the DIFFTEST option.

RMSEA (Root Mean Square Error Of Approximation)

          Estimate                           0.140
          90 Percent C.I.                    0.098  0.187
          Probability RMSEA <= .05           0.000

CFI/TLI

          CFI                                0.861
          TLI                                0.583

Chi-Square Test of Model Fit for the Baseline Model

          Value                            199.081
          Degrees of Freedom                     6
          P-Value                           0.0000

SRMR (Standardized Root Mean Square Residual)

          Value                              0.073



MINIMUM ROTATION FUNCTION VALUE       1.08428



           GEOMIN ROTATED LOADINGS (* significant at 5% level)
                  1
              ________
 LOC1_2         0.119*
 LOC2_2         0.238*
 LOC3_2         0.932*
 LOC4_2         0.379*


           GEOMIN FACTOR CORRELATIONS (* significant at 5% level)
                  1
              ________
      1         1.000


           ESTIMATED RESIDUAL VARIANCES
              LOC1_2        LOC2_2        LOC3_2        LOC4_2
              ________      ________      ________      ________
                0.986         0.943         0.131         0.856


           S.E. GEOMIN ROTATED LOADINGS
                  1
              ________
 LOC1_2         0.041
 LOC2_2         0.053
 LOC3_2         0.156
 LOC4_2         0.067


           S.E. GEOMIN FACTOR CORRELATIONS
                  1
              ________
      1         0.000


           S.E. ESTIMATED RESIDUAL VARIANCES
              LOC1_2        LOC2_2        LOC3_2        LOC4_2
              ________      ________      ________      ________
                0.010         0.025         0.291         0.051


           Est./S.E. GEOMIN ROTATED LOADINGS
                  1
              ________
 LOC1_2         2.903
 LOC2_2         4.519
 LOC3_2         5.968
 LOC4_2         5.670


           Est./S.E. GEOMIN FACTOR CORRELATIONS
                  1
              ________
      1         0.000


           Est./S.E. ESTIMATED RESIDUAL VARIANCES
              LOC1_2        LOC2_2        LOC3_2        LOC4_2
              ________      ________      ________      ________
              100.934        37.641         0.448        16.896


MODIFICATION INDICES


     MODIFICATION INDICES FOR ANALYSIS WITH 1 FACTOR(S)



     MODIFICATION INDICES


           THETA
              LOC1_2        LOC2_2        LOC3_2        LOC4_2
              ________      ________      ________      ________
 LOC1_2         0.000
 LOC2_2        28.688         0.000
 LOC3_2         4.098         2.166         0.000
 LOC4_2         2.166         4.098        28.694         0.000


     EXPECTED PARAMETER CHANGE


           THETA
              LOC1_2        LOC2_2        LOC3_2        LOC4_2
              ________      ________      ________      ________
 LOC1_2         0.000
 LOC2_2         0.188         0.000
 LOC3_2        -0.176        -0.277         0.000
 LOC4_2        -0.056        -0.143         2.350         0.000


     Beginning Time:  23:30:51
        Ending Time:  23:30:51
       Elapsed Time:  00:00:00



MUTHEN & MUTHEN
3463 Stoner Ave.
Los Angeles, CA  90066

Tel: (310) 391-9971
Fax: (310) 391-8971
Web: www.StatModel.com
Support: Support@StatModel.com

Copyright (c) 1998-2019 Muthen & Muthen
