Mplus VERSION 8.4 (Mac)
MUTHEN & MUTHEN
10/30/2023   8:47 PM

INPUT INSTRUCTIONS

  Title: Tutor Bias Baseline EFA;

  Data:
     File is ../dat_tutor.txt;

  Variable:
     Names are tutorid
     dass1_1 dass2_1 dass3_1 dass4_1 dass5_1 dass6_1 dass7_1
     empathy1_1 empathy2_1 empathy3_1 empathy4_1 empathy5_1
     empathy6_1 empathy7_1 empathy8_1 empathy9_1
     auto1_1 auto2_1 auto3_1 auto4_1 auto5_1
     auto6_1 auto7_1 auto8_1 auto9_1 auto10_1
     bias1_1 bias2_1 bias3_1 bias4_1 bias5_1 bias6_1 bias7_1
     bias8_1 bias9_1 bias10_1 bias11_1 bias12_1 bias13_1
     hard_work1_1 hard_work2_1 hard_work3_1
     prosocial1_1 prosocial2_1 prosocial3_1 prosocial4_1
     prosocial5_1 prosocial6_1 prosocial7_1 prosocial8_1
     prosocial9_1 prosocial10_1 prosocial11_1 prosocial12_1
     prosocial13_1 prosocial14_1 prosocial15_1 prosocial16_1
     perceptions1_1 perceptions2a_1 perceptions2b_1 perceptions2c_1
     perceptions2d_1 perceptions2e_1 perceptions2f_1 perceptions2g_1
     perceptions2h_1 perceptions3_1 perceptions4_1 perceptions5_1
     perceptions6a_1 perceptions6b_1 perceptions6c_1 perceptions6d_1
     perceptions7_1 perceptions8a_1 perceptions8b_1 perceptions8c_1
     perceptions8d_1 half;
     Missing are . ;

    Usevariable are
  	bias1_1 bias2_1 bias3_1 bias4_1 bias5_1 bias6_1 bias7_1
  	bias8_1 bias9_1 bias10_1 bias11_1 bias12_1 bias13_1;

    Categorical is
  	bias1_1 bias2_1 bias3_1 bias4_1 bias5_1 bias6_1 bias7_1
  	bias8_1 bias9_1 bias10_1 bias11_1 bias12_1 bias13_1;

    Useobservations is half eq 1;

  Analysis:
     Type = efa 1 5;
     Estimator = wlsmv;

  Output: sampstat stdy modindices(all);



*** WARNING in OUTPUT command
  STANDARDIZED (STD, STDY, STDYX) options are not available for TYPE=EFA.
  Request for STANDARDIZED options will be ignored.  Note that STANDARDIZED options
  are available with the use of EFA factors (ESEM) declared in the MODEL command.
   1 WARNING(S) FOUND IN THE INPUT INSTRUCTIONS



Tutor Bias Baseline EFA;

SUMMARY OF ANALYSIS

Number of groups                                                 1
Number of observations                                         174

Number of dependent variables                                   13
Number of independent variables                                  0
Number of continuous latent variables                            0

Observed dependent variables

  Binary and ordered categorical (ordinal)
   BIAS1_1     BIAS2_1     BIAS3_1     BIAS4_1     BIAS5_1     BIAS6_1
   BIAS7_1     BIAS8_1     BIAS9_1     BIAS10_1    BIAS11_1    BIAS12_1
   BIAS13_1


Estimator                                                    WLSMV
Rotation                                                    GEOMIN
Row standardization                                    CORRELATION
Type of rotation                                           OBLIQUE
Epsilon value                                               Varies
Maximum number of iterations                                  1000
Convergence criterion                                    0.500D-04
Maximum number of steepest descent iterations                   20
Maximum number of iterations for H1                           2000
Convergence criterion for H1                             0.100D-03
Optimization Specifications for the Exploratory Factor Analysis
Rotation Algorithm
  Number of random starts                                       30
  Maximum number of iterations                               10000
  Derivative convergence criterion                       0.100D-04
Link                                                        PROBIT

Input data file(s)
  ../dat_tutor.txt

Input data format  FREE


SUMMARY OF DATA

     Number of missing data patterns             1


COVARIANCE COVERAGE OF DATA

Minimum covariance coverage value   0.100


     PROPORTION OF DATA PRESENT


           Covariance Coverage
              BIAS1_1       BIAS2_1       BIAS3_1       BIAS4_1       BIAS5_1
              ________      ________      ________      ________      ________
 BIAS1_1        1.000
 BIAS2_1        1.000         1.000
 BIAS3_1        1.000         1.000         1.000
 BIAS4_1        1.000         1.000         1.000         1.000
 BIAS5_1        1.000         1.000         1.000         1.000         1.000
 BIAS6_1        1.000         1.000         1.000         1.000         1.000
 BIAS7_1        1.000         1.000         1.000         1.000         1.000
 BIAS8_1        1.000         1.000         1.000         1.000         1.000
 BIAS9_1        1.000         1.000         1.000         1.000         1.000
 BIAS10_1       1.000         1.000         1.000         1.000         1.000
 BIAS11_1       1.000         1.000         1.000         1.000         1.000
 BIAS12_1       1.000         1.000         1.000         1.000         1.000
 BIAS13_1       1.000         1.000         1.000         1.000         1.000


           Covariance Coverage
              BIAS6_1       BIAS7_1       BIAS8_1       BIAS9_1       BIAS10_1
              ________      ________      ________      ________      ________
 BIAS6_1        1.000
 BIAS7_1        1.000         1.000
 BIAS8_1        1.000         1.000         1.000
 BIAS9_1        1.000         1.000         1.000         1.000
 BIAS10_1       1.000         1.000         1.000         1.000         1.000
 BIAS11_1       1.000         1.000         1.000         1.000         1.000
 BIAS12_1       1.000         1.000         1.000         1.000         1.000
 BIAS13_1       1.000         1.000         1.000         1.000         1.000


           Covariance Coverage
              BIAS11_1      BIAS12_1      BIAS13_1
              ________      ________      ________
 BIAS11_1       1.000
 BIAS12_1       1.000         1.000
 BIAS13_1       1.000         1.000         1.000


UNIVARIATE PROPORTIONS AND COUNTS FOR CATEGORICAL VARIABLES

    BIAS1_1
      Category 1    0.569           99.000
      Category 2    0.431           75.000
    BIAS2_1
      Category 1    0.374           65.000
      Category 2    0.626          109.000
    BIAS3_1
      Category 1    0.822          143.000
      Category 2    0.178           31.000
    BIAS4_1
      Category 1    0.828          144.000
      Category 2    0.172           30.000
    BIAS5_1
      Category 1    0.011            2.000
      Category 2    0.989          172.000
    BIAS6_1
      Category 1    0.661          115.000
      Category 2    0.339           59.000
    BIAS7_1
      Category 1    0.075           13.000
      Category 2    0.925          161.000
    BIAS8_1
      Category 1    0.902          157.000
      Category 2    0.098           17.000
    BIAS9_1
      Category 1    0.109           19.000
      Category 2    0.891          155.000
    BIAS10_1
      Category 1    0.397           69.000
      Category 2    0.603          105.000
    BIAS11_1
      Category 1    0.649          113.000
      Category 2    0.351           61.000
    BIAS12_1
      Category 1    0.649          113.000
      Category 2    0.351           61.000
    BIAS13_1
      Category 1    0.960          167.000
      Category 2    0.040            7.000


SAMPLE STATISTICS


     ESTIMATED SAMPLE STATISTICS


           MEANS/INTERCEPTS/THRESHOLDS
              BIAS1_1$      BIAS2_1$      BIAS3_1$      BIAS4_1$      BIAS5_1$
              ________      ________      ________      ________      ________
                0.174        -0.322         0.922         0.945        -2.274


           MEANS/INTERCEPTS/THRESHOLDS
              BIAS6_1$      BIAS7_1$      BIAS8_1$      BIAS9_1$      BIAS10_1
              ________      ________      ________      ________      ________
                0.415        -1.442         1.295        -1.231        -0.262


           MEANS/INTERCEPTS/THRESHOLDS
              BIAS11_1      BIAS12_1      BIAS13_1
              ________      ________      ________
                0.384         0.384         1.748


           CORRELATION MATRIX (WITH VARIANCES ON THE DIAGONAL)
              BIAS1_1       BIAS2_1       BIAS3_1       BIAS4_1       BIAS5_1
              ________      ________      ________      ________      ________
 BIAS1_1
 BIAS2_1        0.527
 BIAS3_1        0.308         0.343
 BIAS4_1        0.117         0.260         0.347
 BIAS5_1       -0.066        -0.132        -0.353        -0.577
 BIAS6_1        0.219         0.378         0.311         0.335         0.098
 BIAS7_1       -0.041        -0.212        -0.341        -0.112         0.304
 BIAS8_1       -0.203         0.031         0.116         0.236        -0.244
 BIAS9_1       -0.441        -0.267        -0.173         0.346         0.218
 BIAS10_1      -0.197        -0.031        -0.365        -0.006         0.100
 BIAS11_1       0.145         0.403         0.493         0.204        -0.386
 BIAS12_1       0.476         0.403         0.342         0.314        -0.147
 BIAS13_1       0.331         0.463         0.169        -0.056        -0.669


           CORRELATION MATRIX (WITH VARIANCES ON THE DIAGONAL)
              BIAS6_1       BIAS7_1       BIAS8_1       BIAS9_1       BIAS10_1
              ________      ________      ________      ________      ________
 BIAS7_1       -0.169
 BIAS8_1        0.276        -0.553
 BIAS9_1        0.038         0.612        -0.305
 BIAS10_1      -0.105         0.189        -0.271         0.413
 BIAS11_1       0.413        -0.253         0.176        -0.186        -0.229
 BIAS12_1       0.338        -0.153         0.176        -0.546        -0.415
 BIAS13_1       0.274        -0.181         0.669        -0.641        -0.369


           CORRELATION MATRIX (WITH VARIANCES ON THE DIAGONAL)
              BIAS11_1      BIAS12_1      BIAS13_1
              ________      ________      ________
 BIAS12_1       0.420
 BIAS13_1       0.421         0.592

     WARNING:  THE BIVARIATE TABLE OF BIAS5_1 AND BIAS2_1 HAS AN EMPTY CELL.

     WARNING:  THE BIVARIATE TABLE OF BIAS5_1 AND BIAS4_1 HAS AN EMPTY CELL.

     WARNING:  THE BIVARIATE TABLE OF BIAS6_1 AND BIAS5_1 HAS AN EMPTY CELL.

     WARNING:  THE BIVARIATE TABLE OF BIAS7_1 AND BIAS5_1 HAS AN EMPTY CELL.

     WARNING:  THE BIVARIATE TABLE OF BIAS8_1 AND BIAS5_1 HAS AN EMPTY CELL.

     WARNING:  THE BIVARIATE TABLE OF BIAS9_1 AND BIAS5_1 HAS AN EMPTY CELL.

     WARNING:  THE BIVARIATE TABLE OF BIAS11_1 AND BIAS5_1 HAS AN EMPTY CELL.

     WARNING:  THE BIVARIATE TABLE OF BIAS13_1 AND BIAS2_1 HAS AN EMPTY CELL.


     NO CONVERGENCE.  NUMBER OF ITERATIONS EXCEEDED.
     PROBLEM OCCURRED IN EXPLORATORY FACTOR ANALYSIS WITH 4 FACTOR(S).


     NO CONVERGENCE.  NUMBER OF ITERATIONS EXCEEDED.
     PROBLEM OCCURRED IN EXPLORATORY FACTOR ANALYSIS WITH 5 FACTOR(S).




SUMMARY OF MODEL FIT INFORMATION


                   Number of                   Degrees of
     Model        Parameters      Chi-Square    Freedom     P-Value

     1-factor          13            112.933        65       0.0002
     2-factor          25             83.733        53       0.0045
     3-factor          36             51.399        42       0.1517
     4-factor         N/A
     5-factor         N/A

                                               Degrees of
     Models Compared              Chi-Square    Freedom     P-Value

     1-factor against 2-factor        35.041        12       0.0005
     2-factor against 3-factor        35.705        11       0.0002



RESULTS FOR EXPLORATORY FACTOR ANALYSIS


           EIGENVALUES FOR SAMPLE CORRELATION MATRIX
                  1             2             3             4             5
              ________      ________      ________      ________      ________
                4.409         1.862         1.700         1.159         1.033


           EIGENVALUES FOR SAMPLE CORRELATION MATRIX
                  6             7             8             9            10
              ________      ________      ________      ________      ________
                0.961         0.789         0.497         0.386         0.309


           EIGENVALUES FOR SAMPLE CORRELATION MATRIX
                 11            12            13
              ________      ________      ________
                0.199        -0.031        -0.273


EXPLORATORY FACTOR ANALYSIS WITH 1 FACTOR(S):


MODEL FIT INFORMATION

Number of Free Parameters                       13

Chi-Square Test of Model Fit

          Value                            112.933*
          Degrees of Freedom                    65
          P-Value                           0.0002

*   The chi-square value for MLM, MLMV, MLR, ULSMV, WLSM and WLSMV cannot be used
    for chi-square difference testing in the regular way.  MLM, MLR and WLSM
    chi-square difference testing is described on the Mplus website.  MLMV, WLSMV,
    and ULSMV difference testing is done using the DIFFTEST option.

RMSEA (Root Mean Square Error Of Approximation)

          Estimate                           0.065
          90 Percent C.I.                    0.044  0.085
          Probability RMSEA <= .05           0.108

CFI/TLI

          CFI                                0.812
          TLI                                0.774

Chi-Square Test of Model Fit for the Baseline Model

          Value                            332.722
          Degrees of Freedom                    78
          P-Value                           0.0000

SRMR (Standardized Root Mean Square Residual)

          Value                              0.181



MINIMUM ROTATION FUNCTION VALUE       4.15781



           GEOMIN ROTATED LOADINGS (* significant at 5% level)
                  1
              ________
 BIAS1_1        0.517*
 BIAS2_1        0.533*
 BIAS3_1        0.588*
 BIAS4_1        0.517*
 BIAS5_1       -0.521*
 BIAS6_1        0.356*
 BIAS7_1       -0.524*
 BIAS8_1        0.447*
 BIAS9_1       -0.581*
 BIAS10_1      -0.428*
 BIAS11_1       0.614*
 BIAS12_1       0.738*
 BIAS13_1       0.823*


           GEOMIN FACTOR CORRELATIONS (* significant at 5% level)
                  1
              ________
      1         1.000


           ESTIMATED RESIDUAL VARIANCES
              BIAS1_1       BIAS2_1       BIAS3_1       BIAS4_1       BIAS5_1
              ________      ________      ________      ________      ________
                0.733         0.716         0.654         0.733         0.728


           ESTIMATED RESIDUAL VARIANCES
              BIAS6_1       BIAS7_1       BIAS8_1       BIAS9_1       BIAS10_1
              ________      ________      ________      ________      ________
                0.873         0.726         0.800         0.662         0.817


           ESTIMATED RESIDUAL VARIANCES
              BIAS11_1      BIAS12_1      BIAS13_1
              ________      ________      ________
                0.623         0.455         0.323


           S.E. GEOMIN ROTATED LOADINGS
                  1
              ________
 BIAS1_1        0.095
 BIAS2_1        0.082
 BIAS3_1        0.117
 BIAS4_1        0.094
 BIAS5_1        0.069
 BIAS6_1        0.090
 BIAS7_1        0.104
 BIAS8_1        0.101
 BIAS9_1        0.097
 BIAS10_1       0.099
 BIAS11_1       0.082
 BIAS12_1       0.080
 BIAS13_1       0.144


           S.E. GEOMIN FACTOR CORRELATIONS
                  1
              ________
      1         0.000


           S.E. ESTIMATED RESIDUAL VARIANCES
              BIAS1_1       BIAS2_1       BIAS3_1       BIAS4_1       BIAS5_1
              ________      ________      ________      ________      ________
                0.098         0.087         0.138         0.097         0.071


           S.E. ESTIMATED RESIDUAL VARIANCES
              BIAS6_1       BIAS7_1       BIAS8_1       BIAS9_1       BIAS10_1
              ________      ________      ________      ________      ________
                0.064         0.109         0.090         0.112         0.085


           S.E. ESTIMATED RESIDUAL VARIANCES
              BIAS11_1      BIAS12_1      BIAS13_1
              ________      ________      ________
                0.100         0.119         0.237


           Est./S.E. GEOMIN ROTATED LOADINGS
                  1
              ________
 BIAS1_1        5.453
 BIAS2_1        6.495
 BIAS3_1        5.027
 BIAS4_1        5.519
 BIAS5_1       -7.609
 BIAS6_1        3.967
 BIAS7_1       -5.052
 BIAS8_1        4.437
 BIAS9_1       -6.011
 BIAS10_1      -4.332
 BIAS11_1       7.518
 BIAS12_1       9.191
 BIAS13_1       5.711


           Est./S.E. GEOMIN FACTOR CORRELATIONS
                  1
              ________
      1         0.000


           Est./S.E. ESTIMATED RESIDUAL VARIANCES
              BIAS1_1       BIAS2_1       BIAS3_1       BIAS4_1       BIAS5_1
              ________      ________      ________      ________      ________
                7.488         8.184         4.754         7.561        10.191


           Est./S.E. ESTIMATED RESIDUAL VARIANCES
              BIAS6_1       BIAS7_1       BIAS8_1       BIAS9_1       BIAS10_1
              ________      ________      ________      ________      ________
               13.653         6.677         8.888         5.890         9.646


           Est./S.E. ESTIMATED RESIDUAL VARIANCES
              BIAS11_1      BIAS12_1      BIAS13_1
              ________      ________      ________
                6.215         3.843         1.365


EXPLORATORY FACTOR ANALYSIS WITH 2 FACTOR(S):


MODEL FIT INFORMATION

Number of Free Parameters                       25

Chi-Square Test of Model Fit

          Value                             83.733*
          Degrees of Freedom                    53
          P-Value                           0.0045

*   The chi-square value for MLM, MLMV, MLR, ULSMV, WLSM and WLSMV cannot be used
    for chi-square difference testing in the regular way.  MLM, MLR and WLSM
    chi-square difference testing is described on the Mplus website.  MLMV, WLSMV,
    and ULSMV difference testing is done using the DIFFTEST option.

RMSEA (Root Mean Square Error Of Approximation)

          Estimate                           0.058
          90 Percent C.I.                    0.032  0.080
          Probability RMSEA <= .05           0.279

CFI/TLI

          CFI                                0.879
          TLI                                0.822

Chi-Square Test of Model Fit for the Baseline Model

          Value                            332.722
          Degrees of Freedom                    78
          P-Value                           0.0000

SRMR (Standardized Root Mean Square Residual)

          Value                              0.145



MINIMUM ROTATION FUNCTION VALUE       0.86107



           GEOMIN ROTATED LOADINGS (* significant at 5% level)
                  1             2
              ________      ________
 BIAS1_1       -0.002         0.530*
 BIAS2_1        0.077         0.537*
 BIAS3_1        0.168         0.531*
 BIAS4_1        1.648*        0.000
 BIAS5_1       -0.289*       -0.365*
 BIAS6_1        0.123         0.334*
 BIAS7_1        0.007        -0.559*
 BIAS8_1        0.066         0.445*
 BIAS9_1        0.345*       -0.761*
 BIAS10_1       0.064        -0.462*
 BIAS11_1       0.134         0.584*
 BIAS12_1       0.078         0.721*
 BIAS13_1      -0.114         0.853*


           GEOMIN FACTOR CORRELATIONS (* significant at 5% level)
                  1             2
              ________      ________
      1         1.000
      2         0.132         1.000


           ESTIMATED RESIDUAL VARIANCES
              BIAS1_1       BIAS2_1       BIAS3_1       BIAS4_1       BIAS5_1
              ________      ________      ________      ________      ________
                0.720         0.694         0.666        -1.716         0.756


           ESTIMATED RESIDUAL VARIANCES
              BIAS6_1       BIAS7_1       BIAS8_1       BIAS9_1       BIAS10_1
              ________      ________      ________      ________      ________
                0.862         0.688         0.790         0.371         0.790


           ESTIMATED RESIDUAL VARIANCES
              BIAS11_1      BIAS12_1      BIAS13_1
              ________      ________      ________
                0.620         0.460         0.285


           S.E. GEOMIN ROTATED LOADINGS
                  1             2
              ________      ________
 BIAS1_1        0.066         0.097
 BIAS2_1        0.104         0.086
 BIAS3_1        0.127         0.126
 BIAS4_1        0.516         0.001
 BIAS5_1        0.129         0.080
 BIAS6_1        0.089         0.108
 BIAS7_1        0.095         0.132
 BIAS8_1        0.114         0.122
 BIAS9_1        0.126         0.107
 BIAS10_1       0.100         0.097
 BIAS11_1       0.130         0.100
 BIAS12_1       0.116         0.082
 BIAS13_1       0.191         0.143


           S.E. GEOMIN FACTOR CORRELATIONS
                  1             2
              ________      ________
      1         0.000
      2         0.124         0.000


           S.E. ESTIMATED RESIDUAL VARIANCES
              BIAS1_1       BIAS2_1       BIAS3_1       BIAS4_1       BIAS5_1
              ________      ________      ________      ________      ________
                0.102         0.094         0.134         1.701         0.074


           S.E. ESTIMATED RESIDUAL VARIANCES
              BIAS6_1       BIAS7_1       BIAS8_1       BIAS9_1       BIAS10_1
              ________      ________      ________      ________      ________
                0.066         0.141         0.100         0.174         0.088


           S.E. ESTIMATED RESIDUAL VARIANCES
              BIAS11_1      BIAS12_1      BIAS13_1
              ________      ________      ________
                0.105         0.116         0.242


           Est./S.E. GEOMIN ROTATED LOADINGS
                  1             2
              ________      ________
 BIAS1_1       -0.037         5.447
 BIAS2_1        0.740         6.224
 BIAS3_1        1.325         4.218
 BIAS4_1        3.193         0.297
 BIAS5_1       -2.234        -4.577
 BIAS6_1        1.383         3.100
 BIAS7_1        0.069        -4.254
 BIAS8_1        0.576         3.638
 BIAS9_1        2.743        -7.094
 BIAS10_1       0.645        -4.757
 BIAS11_1       1.032         5.868
 BIAS12_1       0.668         8.794
 BIAS13_1      -0.596         5.945


           Est./S.E. GEOMIN FACTOR CORRELATIONS
                  1             2
              ________      ________
      1         0.000
      2         1.065         0.000


           Est./S.E. ESTIMATED RESIDUAL VARIANCES
              BIAS1_1       BIAS2_1       BIAS3_1       BIAS4_1       BIAS5_1
              ________      ________      ________      ________      ________
                7.077         7.415         4.986        -1.009        10.265


           Est./S.E. ESTIMATED RESIDUAL VARIANCES
              BIAS6_1       BIAS7_1       BIAS8_1       BIAS9_1       BIAS10_1
              ________      ________      ________      ________      ________
               13.007         4.885         7.896         2.128         8.961


           Est./S.E. ESTIMATED RESIDUAL VARIANCES
              BIAS11_1      BIAS12_1      BIAS13_1
              ________      ________      ________
                5.914         3.980         1.175


           FACTOR STRUCTURE
                  1             2
              ________      ________
 BIAS1_1        0.067         0.529
 BIAS2_1        0.148         0.547
 BIAS3_1        0.238         0.553
 BIAS4_1        1.648         0.217
 BIAS5_1       -0.337        -0.403
 BIAS6_1        0.167         0.351
 BIAS7_1       -0.067        -0.559
 BIAS8_1        0.124         0.453
 BIAS9_1        0.244        -0.716
 BIAS10_1       0.004        -0.454
 BIAS11_1       0.211         0.602
 BIAS12_1       0.172         0.731
 BIAS13_1      -0.002         0.838


EXPLORATORY FACTOR ANALYSIS WITH 3 FACTOR(S):


MODEL FIT INFORMATION

Number of Free Parameters                       36

Chi-Square Test of Model Fit

          Value                             51.399*
          Degrees of Freedom                    42
          P-Value                           0.1517

*   The chi-square value for MLM, MLMV, MLR, ULSMV, WLSM and WLSMV cannot be used
    for chi-square difference testing in the regular way.  MLM, MLR and WLSM
    chi-square difference testing is described on the Mplus website.  MLMV, WLSMV,
    and ULSMV difference testing is done using the DIFFTEST option.

RMSEA (Root Mean Square Error Of Approximation)

          Estimate                           0.036
          90 Percent C.I.                    0.000  0.066
          Probability RMSEA <= .05           0.751

CFI/TLI

          CFI                                0.963
          TLI                                0.931

Chi-Square Test of Model Fit for the Baseline Model

          Value                            332.722
          Degrees of Freedom                    78
          P-Value                           0.0000

SRMR (Standardized Root Mean Square Residual)

          Value                              0.117



MINIMUM ROTATION FUNCTION VALUE       0.60052



           GEOMIN ROTATED LOADINGS (* significant at 5% level)
                  1             2             3
              ________      ________      ________
 BIAS1_1       -0.010         0.614*       -0.211
 BIAS2_1        0.324         0.483*       -0.020
 BIAS3_1        0.530*        0.205         0.006
 BIAS4_1        0.774*        0.001         0.495*
 BIAS5_1       -1.098*        0.747         0.001
 BIAS6_1        0.221         0.552*        0.179
 BIAS7_1       -0.271*        0.062         0.440*
 BIAS8_1        0.279*       -0.072        -0.321
 BIAS9_1        0.001        -0.008         1.086*
 BIAS10_1      -0.231        -0.041         0.345*
 BIAS11_1       0.542*        0.200         0.006
 BIAS12_1       0.351*        0.378*       -0.293*
 BIAS13_1       0.551*        0.008        -0.509*


           GEOMIN FACTOR CORRELATIONS (* significant at 5% level)
                  1             2             3
              ________      ________      ________
      1         1.000
      2         0.354         1.000
      3        -0.295*       -0.194         1.000


           ESTIMATED RESIDUAL VARIANCES
              BIAS1_1       BIAS2_1       BIAS3_1       BIAS4_1       BIAS5_1
              ________      ________      ________      ________      ________
                0.533         0.543         0.603         0.382        -0.183


           ESTIMATED RESIDUAL VARIANCES
              BIAS6_1       BIAS7_1       BIAS8_1       BIAS9_1       BIAS10_1
              ________      ________      ________      ________      ________
                0.589         0.681         0.785        -0.183         0.767


           ESTIMATED RESIDUAL VARIANCES
              BIAS11_1      BIAS12_1      BIAS13_1
              ________      ________      ________
                0.592         0.451         0.266


           S.E. GEOMIN ROTATED LOADINGS
                  1             2             3
              ________      ________      ________
 BIAS1_1        0.024         0.128         0.176
 BIAS2_1        0.204         0.167         0.113
 BIAS3_1        0.229         0.249         0.102
 BIAS4_1        0.150         0.028         0.225
 BIAS5_1        0.319         0.401         0.006
 BIAS6_1        0.237         0.188         0.158
 BIAS7_1        0.090         0.125         0.154
 BIAS8_1        0.098         0.113         0.164
 BIAS9_1        0.025         0.165         0.133
 BIAS10_1       0.174         0.161         0.139
 BIAS11_1       0.113         0.144         0.092
 BIAS12_1       0.129         0.143         0.143
 BIAS13_1       0.238         0.051         0.195


           S.E. GEOMIN FACTOR CORRELATIONS
                  1             2             3
              ________      ________      ________
      1         0.000
      2         0.242         0.000
      3         0.131         0.220         0.000


           S.E. ESTIMATED RESIDUAL VARIANCES
              BIAS1_1       BIAS2_1       BIAS3_1       BIAS4_1       BIAS5_1
              ________      ________      ________      ________      ________
                0.175         0.113         0.162         0.273         0.577


           S.E. ESTIMATED RESIDUAL VARIANCES
              BIAS6_1       BIAS7_1       BIAS8_1       BIAS9_1       BIAS10_1
              ________      ________      ________      ________      ________
                0.163         0.145         0.104         0.280         0.099


           S.E. ESTIMATED RESIDUAL VARIANCES
              BIAS11_1      BIAS12_1      BIAS13_1
              ________      ________      ________
                0.107         0.118         0.231


           Est./S.E. GEOMIN ROTATED LOADINGS
                  1             2             3
              ________      ________      ________
 BIAS1_1       -0.405         4.803        -1.199
 BIAS2_1        1.588         2.896        -0.177
 BIAS3_1        2.312         0.822         0.062
 BIAS4_1        5.167         0.024         2.197
 BIAS5_1       -3.438         1.860         0.132
 BIAS6_1        0.931         2.943         1.135
 BIAS7_1       -2.997         0.498         2.858
 BIAS8_1        2.834        -0.640        -1.953
 BIAS9_1        0.026        -0.048         8.180
 BIAS10_1      -1.326        -0.256         2.479
 BIAS11_1       4.801         1.392         0.063
 BIAS12_1       2.721         2.641        -2.051
 BIAS13_1       2.316         0.165        -2.614


           Est./S.E. GEOMIN FACTOR CORRELATIONS
                  1             2             3
              ________      ________      ________
      1         0.000
      2         1.460         0.000
      3        -2.255        -0.880         0.000


           Est./S.E. ESTIMATED RESIDUAL VARIANCES
              BIAS1_1       BIAS2_1       BIAS3_1       BIAS4_1       BIAS5_1
              ________      ________      ________      ________      ________
                3.052         4.787         3.722         1.400        -0.317


           Est./S.E. ESTIMATED RESIDUAL VARIANCES
              BIAS6_1       BIAS7_1       BIAS8_1       BIAS9_1       BIAS10_1
              ________      ________      ________      ________      ________
                3.611         4.685         7.560        -0.655         7.751


           Est./S.E. ESTIMATED RESIDUAL VARIANCES
              BIAS11_1      BIAS12_1      BIAS13_1
              ________      ________      ________
                5.529         3.816         1.153


           FACTOR STRUCTURE
                  1             2             3
              ________      ________      ________
 BIAS1_1        0.270         0.652        -0.327
 BIAS2_1        0.501         0.601        -0.209
 BIAS3_1        0.600         0.391        -0.190
 BIAS4_1        0.628         0.178         0.267
 BIAS5_1       -0.834         0.358         0.180
 BIAS6_1        0.363         0.596         0.007
 BIAS7_1       -0.379        -0.119         0.508
 BIAS8_1        0.348         0.089        -0.389
 BIAS9_1       -0.323        -0.218         1.088
 BIAS10_1      -0.347        -0.190         0.421
 BIAS11_1       0.611         0.390        -0.193
 BIAS12_1       0.571         0.558        -0.470
 BIAS13_1       0.704         0.302        -0.674


MODIFICATION INDICES


     MODIFICATION INDICES FOR ANALYSIS WITH 1 FACTOR(S)



     MODIFICATION INDICES


           THETA
              BIAS1_1       BIAS2_1       BIAS3_1       BIAS4_1       BIAS5_1
              ________      ________      ________      ________      ________
 BIAS1_1        0.000
 BIAS2_1        6.176         0.000
 BIAS3_1        0.001         0.040         0.000
 BIAS4_1        0.959         0.010         0.077         0.000
 BIAS5_1        0.268         3.989         0.015        18.717         0.000
 BIAS6_1        0.071         2.244         0.482         1.056        13.521
 BIAS7_1        1.339         0.111         0.029         0.493         0.148
 BIAS8_1        5.646         1.214         0.505         0.001         0.018
 BIAS9_1        0.878         0.058         0.770         8.122         1.144
 BIAS10_1       0.035         2.156         0.695         1.852         0.099
 BIAS11_1       1.807         0.424         1.261         0.583         0.936
 BIAS12_1       0.953         0.008         0.520         0.247         0.379
 BIAS13_1       0.181         0.026         1.533         2.712         0.687


           THETA
              BIAS6_1       BIAS7_1       BIAS8_1       BIAS9_1       BIAS10_1
              ________      ________      ________      ________      ________
 BIAS6_1        0.000
 BIAS7_1        0.008         0.000
 BIAS8_1        0.425         3.285         0.000
 BIAS9_1        1.729         4.049         0.046         0.000
 BIAS10_1       0.116         0.032         0.205         1.135         0.000
 BIAS11_1       2.715         0.135         0.300         1.003         0.070
 BIAS12_1       0.385         1.520         0.770         0.869         0.858
 BIAS13_1       0.007         0.630         3.512         0.987         0.006


           THETA
              BIAS11_1      BIAS12_1      BIAS13_1
              ________      ________      ________
 BIAS11_1       0.000
 BIAS12_1       0.100         0.000
 BIAS13_1       0.171         0.008         0.000


     EXPECTED PARAMETER CHANGE


           THETA
              BIAS1_1       BIAS2_1       BIAS3_1       BIAS4_1       BIAS5_1
              ________      ________      ________      ________      ________
 BIAS1_1        0.000
 BIAS2_1        0.329         0.000
 BIAS3_1        0.005         0.035         0.000
 BIAS4_1       -0.174        -0.017         0.051         0.000
 BIAS5_1        0.207         0.215        -0.047        -0.481         0.000
 BIAS6_1        0.040         0.216         0.115         0.168         0.379
 BIAS7_1        0.255         0.075        -0.038         0.173         0.048
 BIAS8_1       -0.479        -0.228        -0.162         0.005        -0.016
 BIAS9_1       -0.167         0.048         0.194         0.706        -0.128
 BIAS10_1       0.028         0.229        -0.137         0.242        -0.125
 BIAS11_1      -0.214         0.097         0.179        -0.137        -0.108
 BIAS12_1       0.146         0.014        -0.131        -0.089         0.246
 BIAS13_1      -0.111         0.033        -0.369        -0.534        -0.263


           THETA
              BIAS6_1       BIAS7_1       BIAS8_1       BIAS9_1       BIAS10_1
              ________      ________      ________      ________      ________
 BIAS6_1        0.000
 BIAS7_1        0.019         0.000
 BIAS8_1        0.124        -0.362         0.000
 BIAS9_1        0.265         0.377        -0.049         0.000
 BIAS10_1       0.052        -0.038        -0.087         0.189         0.000
 BIAS11_1       0.234         0.079        -0.112         0.200         0.041
 BIAS12_1       0.095         0.281        -0.183        -0.163        -0.140
 BIAS13_1      -0.021         0.277         0.394        -0.220        -0.019


           THETA
              BIAS11_1      BIAS12_1      BIAS13_1
              ________      ________      ________
 BIAS11_1       0.000
 BIAS12_1      -0.050         0.000
 BIAS13_1      -0.104        -0.022         0.000


     MODIFICATION INDICES FOR ANALYSIS WITH 2 FACTOR(S)



     MODIFICATION INDICES


           THETA
              BIAS1_1       BIAS2_1       BIAS3_1       BIAS4_1       BIAS5_1
              ________      ________      ________      ________      ________
 BIAS1_1        0.000
 BIAS2_1        6.384         0.000
 BIAS3_1        0.014         0.039         0.000
 BIAS4_1        0.023         0.098         1.618         0.000
 BIAS5_1        0.155         2.647         0.056         6.187         0.000
 BIAS6_1        0.076         2.260         0.492         1.689        15.050
 BIAS7_1        1.880         0.242         0.034         0.000         1.137
 BIAS8_1        6.672         1.583         0.557         0.166         0.305
 BIAS9_1        0.224         0.393         0.933         3.702         0.406
 BIAS10_1       0.129         2.883         0.958         0.079         0.030
 BIAS11_1       2.082         0.340         1.541         8.810         2.976
 BIAS12_1       0.956         0.001         0.385         0.597         0.215
 BIAS13_1       0.298         0.009         1.331         0.289         1.777


           THETA
              BIAS6_1       BIAS7_1       BIAS8_1       BIAS9_1       BIAS10_1
              ________      ________      ________      ________      ________
 BIAS6_1        0.000
 BIAS7_1        0.019         0.000
 BIAS8_1        0.418         3.345         0.000
 BIAS9_1        2.214         2.845         0.000         0.000
 BIAS10_1       0.126         0.125         0.179         0.265         0.000
 BIAS11_1       2.810         0.220         0.389         1.748         0.088
 BIAS12_1       0.408         2.065         0.950         0.208         0.781
 BIAS13_1       0.001         0.960         4.047         0.000         0.008


           THETA
              BIAS11_1      BIAS12_1      BIAS13_1
              ________      ________      ________
 BIAS11_1       0.000
 BIAS12_1       0.095         0.000
 BIAS13_1       0.131         0.006         0.000


     EXPECTED PARAMETER CHANGE


           THETA
              BIAS1_1       BIAS2_1       BIAS3_1       BIAS4_1       BIAS5_1
              ________      ________      ________      ________      ________
 BIAS1_1        0.000
 BIAS2_1        0.323         0.000
 BIAS3_1        0.019         0.033         0.000
 BIAS4_1        0.087         0.142        -0.894         0.000
 BIAS5_1        0.149         0.169        -0.085        -1.974         0.000
 BIAS6_1        0.039         0.207         0.110         0.607         0.391
 BIAS7_1        0.290         0.106        -0.039        -0.009         0.125
 BIAS8_1       -0.497        -0.248        -0.161         0.206        -0.062
 BIAS9_1       -0.088         0.126         0.214        -3.265         0.126
 BIAS10_1       0.052         0.255        -0.153        -0.168        -0.065
 BIAS11_1      -0.220         0.083         0.187        -1.463        -0.192
 BIAS12_1       0.139        -0.004        -0.107         0.442         0.176
 BIAS13_1      -0.136         0.018        -0.328        -0.454        -0.402


           THETA
              BIAS6_1       BIAS7_1       BIAS8_1       BIAS9_1       BIAS10_1
              ________      ________      ________      ________      ________
 BIAS6_1        0.000
 BIAS7_1        0.028         0.000
 BIAS8_1        0.117        -0.351         0.000
 BIAS9_1        0.301         0.347        -0.003         0.000
 BIAS10_1       0.052        -0.073        -0.078         0.098         0.000
 BIAS11_1       0.226         0.097        -0.121         0.268         0.044
 BIAS12_1       0.093         0.313        -0.194        -0.083        -0.128
 BIAS13_1      -0.007         0.329         0.413        -0.005         0.022


           THETA
              BIAS11_1      BIAS12_1      BIAS13_1
              ________      ________      ________
 BIAS11_1       0.000
 BIAS12_1      -0.046         0.000
 BIAS13_1      -0.088        -0.018         0.000


     MODIFICATION INDICES FOR ANALYSIS WITH 3 FACTOR(S)



     MODIFICATION INDICES


           THETA
              BIAS1_1       BIAS2_1       BIAS3_1       BIAS4_1       BIAS5_1
              ________      ________      ________      ________      ________
 BIAS1_1        0.000
 BIAS2_1        3.437         0.000
 BIAS3_1        0.114         0.153         0.000
 BIAS4_1        0.620         0.054         0.065         0.000
 BIAS5_1        1.320         1.743         0.003         3.420         0.000
 BIAS6_1        3.194         0.126         0.001         0.358         6.647
 BIAS7_1        0.759         0.017         0.570         0.179         0.984
 BIAS8_1        5.474         0.768         0.239         1.224         7.878
 BIAS9_1        1.054         0.115         0.088         0.413         2.480
 BIAS10_1       0.002         2.866         1.706         0.275         0.229
 BIAS11_1       1.691         0.020         0.920         3.466         0.109
 BIAS12_1       0.390         0.518         0.445         1.330         0.048
 BIAS13_1       0.004         0.408         1.546         1.548         0.670


           THETA
              BIAS6_1       BIAS7_1       BIAS8_1       BIAS9_1       BIAS10_1
              ________      ________      ________      ________      ________
 BIAS6_1        0.000
 BIAS7_1        0.545         0.000
 BIAS8_1        2.734         4.117         0.000
 BIAS9_1        0.127         0.810         0.943         0.000
 BIAS10_1       0.000         0.242         0.134         0.335         0.000
 BIAS11_1       1.370         0.030         0.035         0.062         0.003
 BIAS12_1       0.022         1.250         0.414         0.227         1.210
 BIAS13_1       0.168         1.195         4.646         1.655         0.046


           THETA
              BIAS11_1      BIAS12_1      BIAS13_1
              ________      ________      ________
 BIAS11_1       0.000
 BIAS12_1       0.000         0.000
 BIAS13_1       0.011         0.055         0.000


     EXPECTED PARAMETER CHANGE


           THETA
              BIAS1_1       BIAS2_1       BIAS3_1       BIAS4_1       BIAS5_1
              ________      ________      ________      ________      ________
 BIAS1_1        0.000
 BIAS2_1        0.292         0.000
 BIAS3_1        0.061        -0.066         0.000
 BIAS4_1        0.180        -0.046        -0.058         0.000
 BIAS5_1       -0.608        -0.330         0.024        -0.960         0.000
 BIAS6_1       -0.335        -0.064        -0.007         0.129         0.764
 BIAS7_1        0.184        -0.028        -0.154        -0.106        -0.313
 BIAS8_1       -0.451        -0.169        -0.101         0.248         0.793
 BIAS9_1       -0.263        -0.086         0.079         0.306         0.692
 BIAS10_1       0.008         0.249        -0.197         0.107        -0.193
 BIAS11_1      -0.200         0.021         0.143        -0.400        -0.088
 BIAS12_1       0.108        -0.111        -0.108         0.233         0.087
 BIAS13_1       0.015         0.128        -0.337        -0.411        -0.383


           THETA
              BIAS6_1       BIAS7_1       BIAS8_1       BIAS9_1       BIAS10_1
              ________      ________      ________      ________      ________
 BIAS6_1        0.000
 BIAS7_1       -0.159         0.000
 BIAS8_1        0.319        -0.371         0.000
 BIAS9_1        0.104         0.295         0.286         0.000
 BIAS10_1       0.001        -0.097        -0.064        -0.152         0.000
 BIAS11_1       0.178        -0.034        -0.034         0.061        -0.008
 BIAS12_1      -0.024         0.233        -0.122        -0.118        -0.150
 BIAS13_1       0.103         0.344         0.423         0.487         0.050


           THETA
              BIAS11_1      BIAS12_1      BIAS13_1
              ________      ________      ________
 BIAS11_1       0.000
 BIAS12_1       0.003         0.000
 BIAS13_1      -0.024         0.052         0.000


     MODIFICATION INDICES FOR ANALYSIS WITH 4 FACTOR(S)



     MODIFICATION INDICES FOR ANALYSIS WITH 5 FACTOR(S)



     Beginning Time:  20:47:24
        Ending Time:  20:47:24
       Elapsed Time:  00:00:00



MUTHEN & MUTHEN
3463 Stoner Ave.
Los Angeles, CA  90066

Tel: (310) 391-9971
Fax: (310) 391-8971
Web: www.StatModel.com
Support: Support@StatModel.com

Copyright (c) 1998-2019 Muthen & Muthen
