Mplus VERSION 8.4 (Mac)
MUTHEN & MUTHEN
10/30/2023   8:47 PM

INPUT INSTRUCTIONS

  Title: Tutor Bias Baseline CFA;

  Data:
     File is ../dat_tutor.txt;

  Variable:
     Names are tutorid
     dass1_1 dass2_1 dass3_1 dass4_1 dass5_1 dass6_1 dass7_1
     empathy1_1 empathy2_1 empathy3_1 empathy4_1 empathy5_1
     empathy6_1 empathy7_1 empathy8_1 empathy9_1
     auto1_1 auto2_1 auto3_1 auto4_1 auto5_1
     auto6_1 auto7_1 auto8_1 auto9_1 auto10_1
     bias1_1 bias2_1 bias3_1 bias4_1 bias5_1 bias6_1 bias7_1
     bias8_1 bias9_1 bias10_1 bias11_1 bias12_1 bias13_1
     hard_work1_1 hard_work2_1 hard_work3_1
     prosocial1_1 prosocial2_1 prosocial3_1 prosocial4_1
     prosocial5_1 prosocial6_1 prosocial7_1 prosocial8_1
     prosocial9_1 prosocial10_1 prosocial11_1 prosocial12_1
     prosocial13_1 prosocial14_1 prosocial15_1 prosocial16_1
     perceptions1_1 perceptions2a_1 perceptions2b_1 perceptions2c_1
     perceptions2d_1 perceptions2e_1 perceptions2f_1 perceptions2g_1
     perceptions2h_1 perceptions3_1 perceptions4_1 perceptions5_1
     perceptions6a_1 perceptions6b_1 perceptions6c_1 perceptions6d_1
     perceptions7_1 perceptions8a_1 perceptions8b_1 perceptions8c_1
     perceptions8d_1 half;
     Missing are . ;

    Usevariable are
  	bias2_1 bias4_1 bias6_1 bias7_1
  	bias8_1 bias9_1 bias10_1 bias11_1 bias12_1 ;

    Categorical is
  	bias2_1 bias4_1 bias6_1 bias7_1
  	bias8_1 bias9_1 bias10_1 bias11_1 bias12_1;

    Useobservations is half eq 0;

  Analysis:
     Estimator = wlsmv;

  Model:
    ! External Reaction and Emotion Management
    f1_1 by bias2_1 bias11_1 bias12_1;

    ! Interpersonal Skills and Ethical Conduct
    f2_1 by bias7_1 bias8_1 bias9_1;

    ! Authority Perception and Ethical Boundaries:
    f3_1 by bias4_1 bias6_1 bias10_1;

  Output: sampstat stdyx modindices(all);



INPUT READING TERMINATED NORMALLY



Tutor Bias Baseline CFA;

SUMMARY OF ANALYSIS

Number of groups                                                 1
Number of observations                                         173

Number of dependent variables                                    9
Number of independent variables                                  0
Number of continuous latent variables                            3

Observed dependent variables

  Binary and ordered categorical (ordinal)
   BIAS2_1     BIAS4_1     BIAS6_1     BIAS7_1     BIAS8_1     BIAS9_1
   BIAS10_1    BIAS11_1    BIAS12_1

Continuous latent variables
   F1_1        F2_1        F3_1


Estimator                                                    WLSMV
Maximum number of iterations                                  1000
Convergence criterion                                    0.500D-04
Maximum number of steepest descent iterations                   20
Maximum number of iterations for H1                           2000
Convergence criterion for H1                             0.100D-03
Parameterization                                             DELTA
Link                                                        PROBIT

Input data file(s)
  ../dat_tutor.txt

Input data format  FREE


SUMMARY OF DATA

     Number of missing data patterns             1


COVARIANCE COVERAGE OF DATA

Minimum covariance coverage value   0.100


     PROPORTION OF DATA PRESENT


           Covariance Coverage
              BIAS2_1       BIAS4_1       BIAS6_1       BIAS7_1       BIAS8_1
              ________      ________      ________      ________      ________
 BIAS2_1        1.000
 BIAS4_1        1.000         1.000
 BIAS6_1        1.000         1.000         1.000
 BIAS7_1        1.000         1.000         1.000         1.000
 BIAS8_1        1.000         1.000         1.000         1.000         1.000
 BIAS9_1        1.000         1.000         1.000         1.000         1.000
 BIAS10_1       1.000         1.000         1.000         1.000         1.000
 BIAS11_1       1.000         1.000         1.000         1.000         1.000
 BIAS12_1       1.000         1.000         1.000         1.000         1.000


           Covariance Coverage
              BIAS9_1       BIAS10_1      BIAS11_1      BIAS12_1
              ________      ________      ________      ________
 BIAS9_1        1.000
 BIAS10_1       1.000         1.000
 BIAS11_1       1.000         1.000         1.000
 BIAS12_1       1.000         1.000         1.000         1.000


UNIVARIATE PROPORTIONS AND COUNTS FOR CATEGORICAL VARIABLES

    BIAS2_1
      Category 1    0.422           73.000
      Category 2    0.578          100.000
    BIAS4_1
      Category 1    0.855          148.000
      Category 2    0.145           25.000
    BIAS6_1
      Category 1    0.694          120.000
      Category 2    0.306           53.000
    BIAS7_1
      Category 1    0.069           12.000
      Category 2    0.931          161.000
    BIAS8_1
      Category 1    0.861          149.000
      Category 2    0.139           24.000
    BIAS9_1
      Category 1    0.168           29.000
      Category 2    0.832          144.000
    BIAS10_1
      Category 1    0.358           62.000
      Category 2    0.642          111.000
    BIAS11_1
      Category 1    0.682          118.000
      Category 2    0.318           55.000
    BIAS12_1
      Category 1    0.723          125.000
      Category 2    0.277           48.000


SAMPLE STATISTICS


     ESTIMATED SAMPLE STATISTICS


           MEANS/INTERCEPTS/THRESHOLDS
              BIAS2_1$      BIAS4_1$      BIAS6_1$      BIAS7_1$      BIAS8_1$
              ________      ________      ________      ________      ________
               -0.197         1.060         0.506        -1.481         1.086


           MEANS/INTERCEPTS/THRESHOLDS
              BIAS9_1$      BIAS10_1      BIAS11_1      BIAS12_1
              ________      ________      ________      ________
               -0.964        -0.363         0.474         0.590


           CORRELATION MATRIX (WITH VARIANCES ON THE DIAGONAL)
              BIAS2_1       BIAS4_1       BIAS6_1       BIAS7_1       BIAS8_1
              ________      ________      ________      ________      ________
 BIAS2_1
 BIAS4_1        0.452
 BIAS6_1        0.353         0.025
 BIAS7_1       -0.371        -0.642        -0.155
 BIAS8_1       -0.058        -0.056         0.254        -0.353
 BIAS9_1       -0.256        -0.079        -0.008         0.285        -0.348
 BIAS10_1      -0.204        -0.070        -0.131         0.398         0.115
 BIAS11_1       0.258         0.207         0.314        -0.138         0.167
 BIAS12_1       0.323         0.217         0.063        -0.409         0.173


           CORRELATION MATRIX (WITH VARIANCES ON THE DIAGONAL)
              BIAS9_1       BIAS10_1      BIAS11_1      BIAS12_1
              ________      ________      ________      ________
 BIAS10_1       0.326
 BIAS11_1      -0.173        -0.056
 BIAS12_1      -0.192        -0.215         0.309


THE MODEL ESTIMATION TERMINATED NORMALLY

     WARNING:  THE LATENT VARIABLE COVARIANCE MATRIX (PSI) IS NOT POSITIVE
     DEFINITE.  THIS COULD INDICATE A NEGATIVE VARIANCE/RESIDUAL VARIANCE FOR A
     LATENT VARIABLE, A CORRELATION GREATER OR EQUAL TO ONE BETWEEN TWO LATENT
     VARIABLES, OR A LINEAR DEPENDENCY AMONG MORE THAN TWO LATENT VARIABLES.
     CHECK THE TECH4 OUTPUT FOR MORE INFORMATION.
     PROBLEM INVOLVING VARIABLE F3_1.




MODEL FIT INFORMATION

Number of Free Parameters                       21

Chi-Square Test of Model Fit

          Value                             26.343*
          Degrees of Freedom                    24
          P-Value                           0.3360

*   The chi-square value for MLM, MLMV, MLR, ULSMV, WLSM and WLSMV cannot be used
    for chi-square difference testing in the regular way.  MLM, MLR and WLSM
    chi-square difference testing is described on the Mplus website.  MLMV, WLSMV,
    and ULSMV difference testing is done using the DIFFTEST option.

RMSEA (Root Mean Square Error Of Approximation)

          Estimate                           0.024
          90 Percent C.I.                    0.000  0.068
          Probability RMSEA <= .05           0.797

CFI/TLI

          CFI                                0.968
          TLI                                0.951

Chi-Square Test of Model Fit for the Baseline Model

          Value                            108.158
          Degrees of Freedom                    36
          P-Value                           0.0000

SRMR (Standardized Root Mean Square Residual)

          Value                              0.096

Optimum Function Value for Weighted Least-Squares Estimator

          Value                     0.63727651D-01



MODEL RESULTS

                                                    Two-Tailed
                    Estimate       S.E.  Est./S.E.    P-Value

 F1_1     BY
    BIAS2_1            1.000      0.000    999.000    999.000
    BIAS11_1           0.656      0.216      3.033      0.002
    BIAS12_1           0.771      0.237      3.251      0.001

 F2_1     BY
    BIAS7_1            1.000      0.000    999.000    999.000
    BIAS8_1           -0.307      0.184     -1.665      0.096
    BIAS9_1            0.445      0.155      2.868      0.004

 F3_1     BY
    BIAS4_1            1.000      0.000    999.000    999.000
    BIAS6_1            0.640      0.263      2.429      0.015
    BIAS10_1          -0.627      0.234     -2.679      0.007

 F2_1     WITH
    F1_1              -0.422      0.122     -3.471      0.001

 F3_1     WITH
    F1_1               0.395      0.114      3.478      0.001
    F2_1              -0.536      0.133     -4.031      0.000

 Thresholds
    BIAS2_1$1         -0.197      0.096     -2.052      0.040
    BIAS4_1$1          1.060      0.118      9.020      0.000
    BIAS6_1$1          0.506      0.100      5.069      0.000
    BIAS7_1$1         -1.481      0.145    -10.219      0.000
    BIAS8_1$1          1.086      0.119      9.141      0.000
    BIAS9_1$1         -0.964      0.113     -8.509      0.000
    BIAS10_1$1        -0.363      0.098     -3.717      0.000
    BIAS11_1$1         0.474      0.099      4.770      0.000
    BIAS12_1$1         0.590      0.102      5.813      0.000

 Variances
    F1_1               0.448      0.162      2.757      0.006
    F2_1               0.963      0.417      2.306      0.021
    F3_1               0.132      0.174      0.757      0.449


STANDARDIZED MODEL RESULTS


STDYX Standardization

                                                    Two-Tailed
                    Estimate       S.E.  Est./S.E.    P-Value

 F1_1     BY
    BIAS2_1            0.669      0.121      5.514      0.000
    BIAS11_1           0.439      0.127      3.469      0.001
    BIAS12_1           0.516      0.128      4.043      0.000

 F2_1     BY
    BIAS7_1            0.981      0.213      4.613      0.000
    BIAS8_1           -0.301      0.167     -1.808      0.071
    BIAS9_1            0.437      0.145      3.012      0.003

 F3_1     BY
    BIAS4_1            0.363      0.240      1.513      0.130
    BIAS6_1            0.232      0.166      1.402      0.161
    BIAS10_1          -0.228      0.161     -1.413      0.158

 F2_1     WITH
    F1_1              -0.643      0.171     -3.759      0.000

 F3_1     WITH
    F1_1               1.629      0.996      1.635      0.102
    F2_1              -1.505      0.958     -1.572      0.116

 Thresholds
    BIAS2_1$1         -0.197      0.096     -2.052      0.040
    BIAS4_1$1          1.060      0.118      9.020      0.000
    BIAS6_1$1          0.506      0.100      5.069      0.000
    BIAS7_1$1         -1.481      0.145    -10.219      0.000
    BIAS8_1$1          1.086      0.119      9.141      0.000
    BIAS9_1$1         -0.964      0.113     -8.509      0.000
    BIAS10_1$1        -0.363      0.098     -3.717      0.000
    BIAS11_1$1         0.474      0.099      4.770      0.000
    BIAS12_1$1         0.590      0.102      5.813      0.000

 Variances
    F1_1               1.000      0.000    999.000    999.000
    F2_1               1.000      0.000    999.000    999.000
    F3_1               1.000      0.000    999.000    999.000


R-SQUARE

    Observed                                        Two-Tailed   Residual
    Variable        Estimate       S.E.  Est./S.E.    P-Value    Variance

    BIAS2_1            0.448      0.162      2.757      0.006      0.552
    BIAS4_1            0.132      0.174      0.757      0.449      0.868
    BIAS6_1            0.054      0.077      0.701      0.483      0.946
    BIAS7_1            0.963      0.417      2.306      0.021      0.037
    BIAS8_1            0.091      0.100      0.904      0.366      0.909
    BIAS9_1            0.191      0.127      1.506      0.132      0.809
    BIAS10_1           0.052      0.073      0.707      0.480      0.948
    BIAS11_1           0.193      0.111      1.734      0.083      0.807
    BIAS12_1           0.266      0.132      2.021      0.043      0.734


QUALITY OF NUMERICAL RESULTS

     Condition Number for the Information Matrix              0.169E-01
       (ratio of smallest to largest eigenvalue)


MODEL MODIFICATION INDICES

Minimum M.I. value for printing the modification index    10.000

                                   M.I.     E.P.C.  Std E.P.C.  StdYX E.P.C.

No modification indices above the minimum value.



     Beginning Time:  20:47:30
        Ending Time:  20:47:30
       Elapsed Time:  00:00:00



MUTHEN & MUTHEN
3463 Stoner Ave.
Los Angeles, CA  90066

Tel: (310) 391-9971
Fax: (310) 391-8971
Web: www.StatModel.com
Support: Support@StatModel.com

Copyright (c) 1998-2019 Muthen & Muthen
