Mplus VERSION 8.4 (Mac)
MUTHEN & MUTHEN
10/30/2023   8:47 PM

INPUT INSTRUCTIONS

  Title: Tutor DASS Baseline CFA;

  Data:
     File is ../dat_tutor.txt;

  Variable:
     Names are tutorid
     dass1_1 dass2_1 dass3_1 dass4_1 dass5_1 dass6_1 dass7_1
     empathy1_1 empathy2_1 empathy3_1 empathy4_1 empathy5_1
     empathy6_1 empathy7_1 empathy8_1 empathy9_1
     auto1_1 auto2_1 auto3_1 auto4_1 auto5_1
     auto6_1 auto7_1 auto8_1 auto9_1 auto10_1
     bias1_1 bias2_1 bias3_1 bias4_1 bias5_1 bias6_1 bias7_1
     bias8_1 bias9_1 bias10_1 bias11_1 bias12_1 bias13_1
     hard_work1_1 hard_work2_1 hard_work3_1
     prosocial1_1 prosocial2_1 prosocial3_1 prosocial4_1
     prosocial5_1 prosocial6_1 prosocial7_1 prosocial8_1
     prosocial9_1 prosocial10_1 prosocial11_1 prosocial12_1
     prosocial13_1 prosocial14_1 prosocial15_1 prosocial16_1
     perceptions1_1 perceptions2a_1 perceptions2b_1 perceptions2c_1
     perceptions2d_1 perceptions2e_1 perceptions2f_1 perceptions2g_1
     perceptions2h_1 perceptions3_1 perceptions4_1 perceptions5_1
     perceptions6a_1 perceptions6b_1 perceptions6c_1 perceptions6d_1
     perceptions7_1 perceptions8a_1 perceptions8b_1 perceptions8c_1
     perceptions8d_1 half;
     Missing are . ;

    Usevariable are
  	dass1_1 dass2_1 dass3_1 dass4_1 dass5_1 dass6_1 dass7_1;

    Categorical is
  	dass1_1 dass2_1 dass3_1 dass4_1 dass5_1 dass6_1 dass7_1;

    Useobservations is half eq 0;

  Analysis:
     Estimator = wlsmv;

  Model:
    dasst_1 by
      dass1_1 dass2_1 dass3_1 dass4_1 dass5_1 dass6_1 dass7_1;

    dass6_1 WITH dass4_1;

  Output: sampstat stdyx modindices(all);



INPUT READING TERMINATED NORMALLY



Tutor DASS Baseline CFA;

SUMMARY OF ANALYSIS

Number of groups                                                 1
Number of observations                                         173

Number of dependent variables                                    7
Number of independent variables                                  0
Number of continuous latent variables                            1

Observed dependent variables

  Binary and ordered categorical (ordinal)
   DASS1_1     DASS2_1     DASS3_1     DASS4_1     DASS5_1     DASS6_1
   DASS7_1

Continuous latent variables
   DASST_1


Estimator                                                    WLSMV
Maximum number of iterations                                  1000
Convergence criterion                                    0.500D-04
Maximum number of steepest descent iterations                   20
Maximum number of iterations for H1                           2000
Convergence criterion for H1                             0.100D-03
Parameterization                                             DELTA
Link                                                        PROBIT

Input data file(s)
  ../dat_tutor.txt

Input data format  FREE


SUMMARY OF DATA

     Number of missing data patterns             1


COVARIANCE COVERAGE OF DATA

Minimum covariance coverage value   0.100


     PROPORTION OF DATA PRESENT


           Covariance Coverage
              DASS1_1       DASS2_1       DASS3_1       DASS4_1       DASS5_1
              ________      ________      ________      ________      ________
 DASS1_1        1.000
 DASS2_1        1.000         1.000
 DASS3_1        1.000         1.000         1.000
 DASS4_1        1.000         1.000         1.000         1.000
 DASS5_1        1.000         1.000         1.000         1.000         1.000
 DASS6_1        1.000         1.000         1.000         1.000         1.000
 DASS7_1        1.000         1.000         1.000         1.000         1.000


           Covariance Coverage
              DASS6_1       DASS7_1
              ________      ________
 DASS6_1        1.000
 DASS7_1        1.000         1.000


UNIVARIATE PROPORTIONS AND COUNTS FOR CATEGORICAL VARIABLES

    DASS1_1
      Category 1    0.416           72.000
      Category 2    0.520           90.000
      Category 3    0.058           10.000
      Category 4    0.006            1.000
    DASS2_1
      Category 1    0.486           84.000
      Category 2    0.468           81.000
      Category 3    0.029            5.000
      Category 4    0.017            3.000
    DASS3_1
      Category 1    0.335           58.000
      Category 2    0.532           92.000
      Category 3    0.116           20.000
      Category 4    0.017            3.000
    DASS4_1
      Category 1    0.231           40.000
      Category 2    0.694          120.000
      Category 3    0.058           10.000
      Category 4    0.017            3.000
    DASS5_1
      Category 1    0.329           57.000
      Category 2    0.555           96.000
      Category 3    0.098           17.000
      Category 4    0.017            3.000
    DASS6_1
      Category 1    0.630          109.000
      Category 2    0.364           63.000
      Category 3    0.006            1.000
    DASS7_1
      Category 1    0.405           70.000
      Category 2    0.520           90.000
      Category 3    0.064           11.000
      Category 4    0.012            2.000


SAMPLE STATISTICS


     ESTIMATED SAMPLE STATISTICS


           MEANS/INTERCEPTS/THRESHOLDS
              DASS1_1$      DASS1_1$      DASS1_1$      DASS2_1$      DASS2_1$
              ________      ________      ________      ________      ________
               -0.212         1.525         2.525        -0.036         1.682


           MEANS/INTERCEPTS/THRESHOLDS
              DASS2_1$      DASS3_1$      DASS3_1$      DASS3_1$      DASS4_1$
              ________      ________      ________      ________      ________
                2.112        -0.425         1.113         2.112        -0.735


           MEANS/INTERCEPTS/THRESHOLDS
              DASS4_1$      DASS4_1$      DASS5_1$      DASS5_1$      DASS5_1$
              ________      ________      ________      ________      ________
                1.439         2.112        -0.441         1.197         2.112


           MEANS/INTERCEPTS/THRESHOLDS
              DASS6_1$      DASS6_1$      DASS7_1$      DASS7_1$      DASS7_1$
              ________      ________      ________      ________      ________
                0.332         2.525        -0.241         1.439         2.271


           CORRELATION MATRIX (WITH VARIANCES ON THE DIAGONAL)
              DASS1_1       DASS2_1       DASS3_1       DASS4_1       DASS5_1
              ________      ________      ________      ________      ________
 DASS1_1
 DASS2_1        0.793
 DASS3_1        0.581         0.560
 DASS4_1        0.545         0.492         0.659
 DASS5_1        0.445         0.519         0.510         0.407
 DASS6_1        0.330         0.489         0.306         0.100         0.311
 DASS7_1        0.408         0.383         0.482         0.458         0.326


           CORRELATION MATRIX (WITH VARIANCES ON THE DIAGONAL)
              DASS6_1       DASS7_1
              ________      ________
 DASS7_1        0.245


THE MODEL ESTIMATION TERMINATED NORMALLY



MODEL FIT INFORMATION

Number of Free Parameters                       28

Chi-Square Test of Model Fit

          Value                             27.908*
          Degrees of Freedom                    13
          P-Value                           0.0093

*   The chi-square value for MLM, MLMV, MLR, ULSMV, WLSM and WLSMV cannot be used
    for chi-square difference testing in the regular way.  MLM, MLR and WLSM
    chi-square difference testing is described on the Mplus website.  MLMV, WLSMV,
    and ULSMV difference testing is done using the DIFFTEST option.

RMSEA (Root Mean Square Error Of Approximation)

          Estimate                           0.081
          90 Percent C.I.                    0.039  0.123
          Probability RMSEA <= .05           0.100

CFI/TLI

          CFI                                0.980
          TLI                                0.967

Chi-Square Test of Model Fit for the Baseline Model

          Value                            756.501
          Degrees of Freedom                    21
          P-Value                           0.0000

SRMR (Standardized Root Mean Square Residual)

          Value                              0.042

Optimum Function Value for Weighted Least-Squares Estimator

          Value                     0.56326901D-01



MODEL RESULTS

                                                    Two-Tailed
                    Estimate       S.E.  Est./S.E.    P-Value

 DASST_1  BY
    DASS1_1            1.000      0.000    999.000    999.000
    DASS2_1            1.025      0.064     16.066      0.000
    DASS3_1            0.950      0.059     16.053      0.000
    DASS4_1            0.893      0.071     12.588      0.000
    DASS5_1            0.730      0.077      9.436      0.000
    DASS6_1            0.565      0.100      5.632      0.000
    DASS7_1            0.664      0.081      8.202      0.000

 DASS6_1  WITH
    DASS4_1           -0.241      0.100     -2.398      0.016

 Thresholds
    DASS1_1$1         -0.212      0.096     -2.203      0.028
    DASS1_1$2          1.525      0.149     10.248      0.000
    DASS1_1$3          2.525      0.350      7.207      0.000
    DASS2_1$1         -0.036      0.095     -0.380      0.704
    DASS2_1$2          1.682      0.165     10.209      0.000
    DASS2_1$3          2.112      0.231      9.126      0.000
    DASS3_1$1         -0.425      0.098     -4.320      0.000
    DASS3_1$2          1.113      0.120      9.260      0.000
    DASS3_1$3          2.112      0.231      9.126      0.000
    DASS4_1$1         -0.735      0.105     -6.982      0.000
    DASS4_1$2          1.439      0.141     10.175      0.000
    DASS4_1$3          2.112      0.231      9.126      0.000
    DASS5_1$1         -0.441      0.099     -4.470      0.000
    DASS5_1$2          1.197      0.125      9.595      0.000
    DASS5_1$3          2.112      0.231      9.126      0.000
    DASS6_1$1          0.332      0.097      3.415      0.001
    DASS6_1$2          2.525      0.350      7.207      0.000
    DASS7_1$1         -0.241      0.096     -2.507      0.012
    DASS7_1$2          1.439      0.141     10.175      0.000
    DASS7_1$3          2.271      0.269      8.451      0.000

 Variances
    DASST_1            0.676      0.060     11.307      0.000


STANDARDIZED MODEL RESULTS


STDYX Standardization

                                                    Two-Tailed
                    Estimate       S.E.  Est./S.E.    P-Value

 DASST_1  BY
    DASS1_1            0.822      0.036     22.615      0.000
    DASS2_1            0.843      0.039     21.531      0.000
    DASS3_1            0.781      0.038     20.373      0.000
    DASS4_1            0.734      0.050     14.645      0.000
    DASS5_1            0.600      0.063      9.550      0.000
    DASS6_1            0.464      0.080      5.778      0.000
    DASS7_1            0.546      0.061      8.998      0.000

 DASS6_1  WITH
    DASS4_1           -0.401      0.174     -2.306      0.021

 Thresholds
    DASS1_1$1         -0.212      0.096     -2.203      0.028
    DASS1_1$2          1.525      0.149     10.248      0.000
    DASS1_1$3          2.525      0.350      7.207      0.000
    DASS2_1$1         -0.036      0.095     -0.380      0.704
    DASS2_1$2          1.682      0.165     10.209      0.000
    DASS2_1$3          2.112      0.231      9.126      0.000
    DASS3_1$1         -0.425      0.098     -4.320      0.000
    DASS3_1$2          1.113      0.120      9.260      0.000
    DASS3_1$3          2.112      0.231      9.126      0.000
    DASS4_1$1         -0.735      0.105     -6.982      0.000
    DASS4_1$2          1.439      0.141     10.175      0.000
    DASS4_1$3          2.112      0.231      9.126      0.000
    DASS5_1$1         -0.441      0.099     -4.470      0.000
    DASS5_1$2          1.197      0.125      9.595      0.000
    DASS5_1$3          2.112      0.231      9.126      0.000
    DASS6_1$1          0.332      0.097      3.415      0.001
    DASS6_1$2          2.525      0.350      7.207      0.000
    DASS7_1$1         -0.241      0.096     -2.507      0.012
    DASS7_1$2          1.439      0.141     10.175      0.000
    DASS7_1$3          2.271      0.269      8.451      0.000

 Variances
    DASST_1            1.000      0.000    999.000    999.000


R-SQUARE

    Observed                                        Two-Tailed   Residual
    Variable        Estimate       S.E.  Est./S.E.    P-Value    Variance

    DASS1_1            0.676      0.060     11.307      0.000      0.324
    DASS2_1            0.711      0.066     10.766      0.000      0.289
    DASS3_1            0.610      0.060     10.187      0.000      0.390
    DASS4_1            0.539      0.074      7.322      0.000      0.461
    DASS5_1            0.361      0.076      4.775      0.000      0.639
    DASS6_1            0.216      0.075      2.889      0.004      0.784
    DASS7_1            0.298      0.066      4.499      0.000      0.702


QUALITY OF NUMERICAL RESULTS

     Condition Number for the Information Matrix              0.424E-02
       (ratio of smallest to largest eigenvalue)


MODEL MODIFICATION INDICES

Minimum M.I. value for printing the modification index    10.000

                                   M.I.     E.P.C.  Std E.P.C.  StdYX E.P.C.

ON Statements

DASS1_1  ON DASS2_1               16.937     0.308      0.308        0.308
DASS2_1  ON DASS1_1               16.937     0.308      0.308        0.308

WITH Statements

DASS2_1  WITH DASS1_1             16.937     0.308      0.308        1.007


     Beginning Time:  20:47:04
        Ending Time:  20:47:04
       Elapsed Time:  00:00:00



MUTHEN & MUTHEN
3463 Stoner Ave.
Los Angeles, CA  90066

Tel: (310) 391-9971
Fax: (310) 391-8971
Web: www.StatModel.com
Support: Support@StatModel.com

Copyright (c) 1998-2019 Muthen & Muthen
