Mplus VERSION 8.4 (Mac)
MUTHEN & MUTHEN
10/30/2023   8:47 PM

INPUT INSTRUCTIONS

  Title: Tutor DASS Baseline CFA;

  Data:
     File is ../dat_tutor.txt;

  Variable:
     Names are tutorid
     dass1_1 dass2_1 dass3_1 dass4_1 dass5_1 dass6_1 dass7_1
     empathy1_1 empathy2_1 empathy3_1 empathy4_1 empathy5_1
     empathy6_1 empathy7_1 empathy8_1 empathy9_1
     auto1_1 auto2_1 auto3_1 auto4_1 auto5_1
     auto6_1 auto7_1 auto8_1 auto9_1 auto10_1
     bias1_1 bias2_1 bias3_1 bias4_1 bias5_1 bias6_1 bias7_1
     bias8_1 bias9_1 bias10_1 bias11_1 bias12_1 bias13_1
     hard_work1_1 hard_work2_1 hard_work3_1
     prosocial1_1 prosocial2_1 prosocial3_1 prosocial4_1
     prosocial5_1 prosocial6_1 prosocial7_1 prosocial8_1
     prosocial9_1 prosocial10_1 prosocial11_1 prosocial12_1
     prosocial13_1 prosocial14_1 prosocial15_1 prosocial16_1
     perceptions1_1 perceptions2a_1 perceptions2b_1 perceptions2c_1
     perceptions2d_1 perceptions2e_1 perceptions2f_1 perceptions2g_1
     perceptions2h_1 perceptions3_1 perceptions4_1 perceptions5_1
     perceptions6a_1 perceptions6b_1 perceptions6c_1 perceptions6d_1
     perceptions7_1 perceptions8a_1 perceptions8b_1 perceptions8c_1
     perceptions8d_1 half;
     Missing are . ;

    Usevariable are
    empathy1_1 empathy2_1 empathy3_1 empathy4_1 empathy5_1;
    !empathy6_1 empathy7_1 empathy8_1 empathy9_1;

    Categorical is
    empathy1_1 empathy2_1 empathy3_1 empathy4_1 empathy5_1;
    !empathy6_1 empathy7_1 empathy8_1 empathy9_1;

    Useobservations is half eq 0;

  Analysis:
     Estimator = wlsmv;

  Model:
    empathy_1 by empathy1_1 empathy2_1 empathy3_1 empathy4_1 empathy5_1;
    !empathy6_1 empathy7_1 empathy8_1 empathy9_1;

  Output: sampstat stdyx modindices(all);



*** WARNING in VARIABLE command
  Note that only the first 8 characters of variable names are used in the output.
  Shorten variable names to avoid any confusion.
   1 WARNING(S) FOUND IN THE INPUT INSTRUCTIONS



Tutor DASS Baseline CFA;

SUMMARY OF ANALYSIS

Number of groups                                                 1
Number of observations                                         173

Number of dependent variables                                    5
Number of independent variables                                  0
Number of continuous latent variables                            1

Observed dependent variables

  Binary and ordered categorical (ordinal)
   EMPATHY1    EMPATHY2    EMPATHY3    EMPATHY4    EMPATHY5

Continuous latent variables
   EMPATHY_


Estimator                                                    WLSMV
Maximum number of iterations                                  1000
Convergence criterion                                    0.500D-04
Maximum number of steepest descent iterations                   20
Maximum number of iterations for H1                           2000
Convergence criterion for H1                             0.100D-03
Parameterization                                             DELTA
Link                                                        PROBIT

Input data file(s)
  ../dat_tutor.txt

Input data format  FREE


SUMMARY OF DATA

     Number of missing data patterns             1


COVARIANCE COVERAGE OF DATA

Minimum covariance coverage value   0.100


     PROPORTION OF DATA PRESENT


           Covariance Coverage
              EMPATHY1      EMPATHY2      EMPATHY3      EMPATHY4      EMPATHY5
              ________      ________      ________      ________      ________
 EMPATHY1       1.000
 EMPATHY2       1.000         1.000
 EMPATHY3       1.000         1.000         1.000
 EMPATHY4       1.000         1.000         1.000         1.000
 EMPATHY5       1.000         1.000         1.000         1.000         1.000


UNIVARIATE PROPORTIONS AND COUNTS FOR CATEGORICAL VARIABLES

    EMPATHY1
      Category 1    0.006            1.000
      Category 2    0.081           14.000
      Category 3    0.694          120.000
      Category 4    0.220           38.000
    EMPATHY2
      Category 1    0.012            2.000
      Category 2    0.283           49.000
      Category 3    0.613          106.000
      Category 4    0.092           16.000
    EMPATHY3
      Category 1    0.017            3.000
      Category 2    0.139           24.000
      Category 3    0.642          111.000
      Category 4    0.202           35.000
    EMPATHY4
      Category 1    0.006            1.000
      Category 2    0.069           12.000
      Category 3    0.399           69.000
      Category 4    0.526           91.000
    EMPATHY5
      Category 1    0.023            4.000
      Category 2    0.058           10.000
      Category 3    0.584          101.000
      Category 4    0.335           58.000


SAMPLE STATISTICS


     ESTIMATED SAMPLE STATISTICS


           MEANS/INTERCEPTS/THRESHOLDS
              EMPATHY1      EMPATHY1      EMPATHY1      EMPATHY2      EMPATHY2
              ________      ________      ________      ________      ________
               -2.525        -1.361         0.773        -2.271        -0.539


           MEANS/INTERCEPTS/THRESHOLDS
              EMPATHY2      EMPATHY3      EMPATHY3      EMPATHY3      EMPATHY4
              ________      ________      ________      ________      ________
                1.326        -2.112        -1.011         0.833        -2.525


           MEANS/INTERCEPTS/THRESHOLDS
              EMPATHY4      EMPATHY4      EMPATHY5      EMPATHY5      EMPATHY5
              ________      ________      ________      ________      ________
               -1.439        -0.065        -1.993        -1.399         0.425


           CORRELATION MATRIX (WITH VARIANCES ON THE DIAGONAL)
              EMPATHY1      EMPATHY2      EMPATHY3      EMPATHY4      EMPATHY5
              ________      ________      ________      ________      ________
 EMPATHY1
 EMPATHY2       0.142
 EMPATHY3       0.512         0.217
 EMPATHY4       0.524         0.029         0.502
 EMPATHY5       0.346         0.090         0.325         0.764


THE MODEL ESTIMATION TERMINATED NORMALLY



MODEL FIT INFORMATION

Number of Free Parameters                       20

Chi-Square Test of Model Fit

          Value                             26.098*
          Degrees of Freedom                     5
          P-Value                           0.0001

*   The chi-square value for MLM, MLMV, MLR, ULSMV, WLSM and WLSMV cannot be used
    for chi-square difference testing in the regular way.  MLM, MLR and WLSM
    chi-square difference testing is described on the Mplus website.  MLMV, WLSMV,
    and ULSMV difference testing is done using the DIFFTEST option.

RMSEA (Root Mean Square Error Of Approximation)

          Estimate                           0.156
          90 Percent C.I.                    0.100  0.218
          Probability RMSEA <= .05           0.002

CFI/TLI

          CFI                                0.927
          TLI                                0.853

Chi-Square Test of Model Fit for the Baseline Model

          Value                            297.407
          Degrees of Freedom                    10
          P-Value                           0.0000

SRMR (Standardized Root Mean Square Residual)

          Value                              0.055

Optimum Function Value for Weighted Least-Squares Estimator

          Value                     0.50523159D-01



MODEL RESULTS

                                                    Two-Tailed
                    Estimate       S.E.  Est./S.E.    P-Value

 EMPATHY_ BY
    EMPATHY1_1         1.000      0.000    999.000    999.000
    EMPATHY2_1         0.287      0.117      2.443      0.015
    EMPATHY3_1         0.966      0.137      7.036      0.000
    EMPATHY4_1         1.514      0.176      8.579      0.000
    EMPATHY5_1         1.163      0.153      7.609      0.000

 Thresholds
    EMPATHY1$1        -2.525      0.350     -7.207      0.000
    EMPATHY1$2        -1.361      0.135    -10.050      0.000
    EMPATHY1$3         0.773      0.106      7.268      0.000
    EMPATHY2$1        -2.271      0.269     -8.451      0.000
    EMPATHY2$2        -0.539      0.101     -5.367      0.000
    EMPATHY2$3         1.326      0.133      9.973      0.000
    EMPATHY3$1        -2.112      0.231     -9.126      0.000
    EMPATHY3$2        -1.011      0.115     -8.768      0.000
    EMPATHY3$3         0.833      0.108      7.692      0.000
    EMPATHY4$1        -2.525      0.350     -7.207      0.000
    EMPATHY4$2        -1.439      0.141    -10.175      0.000
    EMPATHY4$3        -0.065      0.095     -0.684      0.494
    EMPATHY5$1        -1.993      0.209     -9.547      0.000
    EMPATHY5$2        -1.399      0.138    -10.117      0.000
    EMPATHY5$3         0.425      0.098      4.320      0.000

 Variances
    EMPATHY_1          0.389      0.083      4.681      0.000


STANDARDIZED MODEL RESULTS


STDYX Standardization

                                                    Two-Tailed
                    Estimate       S.E.  Est./S.E.    P-Value

 EMPATHY_ BY
    EMPATHY1_1         0.623      0.067      9.363      0.000
    EMPATHY2_1         0.179      0.073      2.453      0.014
    EMPATHY3_1         0.602      0.063      9.534      0.000
    EMPATHY4_1         0.944      0.052     18.267      0.000
    EMPATHY5_1         0.725      0.063     11.471      0.000

 Thresholds
    EMPATHY1$1        -2.525      0.350     -7.207      0.000
    EMPATHY1$2        -1.361      0.135    -10.050      0.000
    EMPATHY1$3         0.773      0.106      7.268      0.000
    EMPATHY2$1        -2.271      0.269     -8.451      0.000
    EMPATHY2$2        -0.539      0.101     -5.367      0.000
    EMPATHY2$3         1.326      0.133      9.973      0.000
    EMPATHY3$1        -2.112      0.231     -9.126      0.000
    EMPATHY3$2        -1.011      0.115     -8.768      0.000
    EMPATHY3$3         0.833      0.108      7.692      0.000
    EMPATHY4$1        -2.525      0.350     -7.207      0.000
    EMPATHY4$2        -1.439      0.141    -10.175      0.000
    EMPATHY4$3        -0.065      0.095     -0.684      0.494
    EMPATHY5$1        -1.993      0.209     -9.547      0.000
    EMPATHY5$2        -1.399      0.138    -10.117      0.000
    EMPATHY5$3         0.425      0.098      4.320      0.000

 Variances
    EMPATHY_1          1.000      0.000    999.000    999.000


R-SQUARE

    Observed                                        Two-Tailed   Residual
    Variable        Estimate       S.E.  Est./S.E.    P-Value    Variance

    EMPATHY1           0.389      0.083      4.681      0.000      0.611
    EMPATHY2           0.032      0.026      1.227      0.220      0.968
    EMPATHY3           0.363      0.076      4.767      0.000      0.637
    EMPATHY4           0.890      0.097      9.134      0.000      0.110
    EMPATHY5           0.526      0.092      5.735      0.000      0.474


QUALITY OF NUMERICAL RESULTS

     Condition Number for the Information Matrix              0.489E-02
       (ratio of smallest to largest eigenvalue)


MODEL MODIFICATION INDICES

Minimum M.I. value for printing the modification index    10.000

                                   M.I.     E.P.C.  Std E.P.C.  StdYX E.P.C.

ON Statements

EMPATHY1 ON EMPATHY3              13.935     0.281      0.281        0.281
EMPATHY3 ON EMPATHY1              13.932     0.281      0.281        0.281
EMPATHY4 ON EMPATHY5              21.658     0.623      0.623        0.623
EMPATHY5 ON EMPATHY4              21.663     0.623      0.623        0.623

WITH Statements

EMPATHY3 WITH EMPATHY1            13.935     0.281      0.281        0.451
EMPATHY5 WITH EMPATHY4            21.653     0.623      0.623        2.731


     Beginning Time:  20:47:17
        Ending Time:  20:47:17
       Elapsed Time:  00:00:00



MUTHEN & MUTHEN
3463 Stoner Ave.
Los Angeles, CA  90066

Tel: (310) 391-9971
Fax: (310) 391-8971
Web: www.StatModel.com
Support: Support@StatModel.com

Copyright (c) 1998-2019 Muthen & Muthen
