Mplus VERSION 8.4 (Mac)
MUTHEN & MUTHEN
10/30/2023   8:47 PM

INPUT INSTRUCTIONS

  Title: Tutor Hard Work Baseline EFA;

  Data:
     File is ../dat_tutor.txt;

  Variable:
     Names are tutorid
     dass1_1 dass2_1 dass3_1 dass4_1 dass5_1 dass6_1 dass7_1
     empathy1_1 empathy2_1 empathy3_1 empathy4_1 empathy5_1
     empathy6_1 empathy7_1 empathy8_1 empathy9_1
     auto1_1 auto2_1 auto3_1 auto4_1 auto5_1
     auto6_1 auto7_1 auto8_1 auto9_1 auto10_1
     bias1_1 bias2_1 bias3_1 bias4_1 bias5_1 bias6_1 bias7_1
     bias8_1 bias9_1 bias10_1 bias11_1 bias12_1 bias13_1
     hw1_1 hw2_1 hw3_1
     prosocial1_1 prosocial2_1 prosocial3_1 prosocial4_1
     prosocial5_1 prosocial6_1 prosocial7_1 prosocial8_1
     prosocial9_1 prosocial10_1 prosocial11_1 prosocial12_1
     prosocial13_1 prosocial14_1 prosocial15_1 prosocial16_1
     perceptions1_1 perceptions2a_1 perceptions2b_1 perceptions2c_1
     perceptions2d_1 perceptions2e_1 perceptions2f_1 perceptions2g_1
     perceptions2h_1 perceptions3_1 perceptions4_1 perceptions5_1
     perceptions6a_1 perceptions6b_1 perceptions6c_1 perceptions6d_1
     perceptions7_1 perceptions8a_1 perceptions8b_1 perceptions8c_1
     perceptions8d_1 half;
     Missing are . ;

    Usevariable are
  	hw1_1 hw2_1 hw3_1;

    Categorical is
  	hw1_1 hw2_1 hw3_1;

    Useobservations is half eq 1;

  Analysis:
     Type = efa 1 3;
     Estimator = wlsmv;

  Output: sampstat stdy modindices(all);



*** WARNING in ANALYSIS command
  Too many factors were requested for EFA.
  The maximum number of factors is set to 1.
*** WARNING in OUTPUT command
  STANDARDIZED (STD, STDY, STDYX) options are not available for TYPE=EFA.
  Request for STANDARDIZED options will be ignored.  Note that STANDARDIZED options
  are available with the use of EFA factors (ESEM) declared in the MODEL command.
   2 WARNING(S) FOUND IN THE INPUT INSTRUCTIONS



Tutor Hard Work Baseline EFA;

SUMMARY OF ANALYSIS

Number of groups                                                 1
Number of observations                                         174

Number of dependent variables                                    3
Number of independent variables                                  0
Number of continuous latent variables                            0

Observed dependent variables

  Binary and ordered categorical (ordinal)
   HW1_1       HW2_1       HW3_1


Estimator                                                    WLSMV
Rotation                                                    GEOMIN
Row standardization                                    CORRELATION
Type of rotation                                           OBLIQUE
Epsilon value                                               Varies
Maximum number of iterations                                  1000
Convergence criterion                                    0.500D-04
Maximum number of steepest descent iterations                   20
Maximum number of iterations for H1                           2000
Convergence criterion for H1                             0.100D-03
Optimization Specifications for the Exploratory Factor Analysis
Rotation Algorithm
  Number of random starts                                       30
  Maximum number of iterations                               10000
  Derivative convergence criterion                       0.100D-04
Link                                                        PROBIT

Input data file(s)
  ../dat_tutor.txt

Input data format  FREE


SUMMARY OF DATA

     Number of missing data patterns             1


COVARIANCE COVERAGE OF DATA

Minimum covariance coverage value   0.100


     PROPORTION OF DATA PRESENT


           Covariance Coverage
              HW1_1         HW2_1         HW3_1
              ________      ________      ________
 HW1_1          1.000
 HW2_1          1.000         1.000
 HW3_1          1.000         1.000         1.000


UNIVARIATE PROPORTIONS AND COUNTS FOR CATEGORICAL VARIABLES

    HW1_1
      Category 1    0.006            1.000
      Category 2    0.011            2.000
      Category 3    0.017            3.000
      Category 4    0.011            2.000
      Category 5    0.138           24.000
      Category 6    0.080           14.000
      Category 7    0.178           31.000
      Category 8    0.236           41.000
      Category 9    0.149           26.000
      Category 10    0.172           30.000
    HW2_1
      Category 1    0.224           39.000
      Category 2    0.167           29.000
      Category 3    0.092           16.000
      Category 4    0.075           13.000
      Category 5    0.161           28.000
      Category 6    0.086           15.000
      Category 7    0.057           10.000
      Category 8    0.069           12.000
      Category 9    0.034            6.000
      Category 10    0.034            6.000
    HW3_1
      Category 1    0.069           12.000
      Category 2    0.598          104.000
      Category 3    0.333           58.000


SAMPLE STATISTICS


     ESTIMATED SAMPLE STATISTICS


           MEANS/INTERCEPTS/THRESHOLDS
              HW1_1$1       HW1_1$2       HW1_1$3       HW1_1$4       HW1_1$5
              ________      ________      ________      ________      ________
               -2.527        -2.114        -1.819        -1.685        -0.901


           MEANS/INTERCEPTS/THRESHOLDS
              HW1_1$6       HW1_1$7       HW1_1$8       HW1_1$9       HW2_1$1
              ________      ________      ________      ________      ________
               -0.630        -0.145         0.463         0.945        -0.758


           MEANS/INTERCEPTS/THRESHOLDS
              HW2_1$2       HW2_1$3       HW2_1$4       HW2_1$5       HW2_1$6
              ________      ________      ________      ________      ________
               -0.277        -0.043         0.145         0.578         0.858


           MEANS/INTERCEPTS/THRESHOLDS
              HW2_1$7       HW2_1$8       HW2_1$9       HW3_1$1       HW3_1$2
              ________      ________      ________      ________      ________
                1.090         1.484         1.819        -1.484         0.431


           CORRELATION MATRIX (WITH VARIANCES ON THE DIAGONAL)
              HW1_1         HW2_1         HW3_1
              ________      ________      ________
 HW1_1
 HW2_1          0.098
 HW3_1          0.219        -0.196


     NO CONVERGENCE.  NUMBER OF ITERATIONS EXCEEDED.
     PROBLEM OCCURRED IN EXPLORATORY FACTOR ANALYSIS WITH 1 FACTOR(S).




RESULTS FOR EXPLORATORY FACTOR ANALYSIS


           EIGENVALUES FOR SAMPLE CORRELATION MATRIX
                  1             2             3
              ________      ________      ________
                1.249         1.097         0.654


MODIFICATION INDICES


     MODIFICATION INDICES FOR ANALYSIS WITH 1 FACTOR(S)



     Beginning Time:  20:47:56
        Ending Time:  20:47:56
       Elapsed Time:  00:00:00



MUTHEN & MUTHEN
3463 Stoner Ave.
Los Angeles, CA  90066

Tel: (310) 391-9971
Fax: (310) 391-8971
Web: www.StatModel.com
Support: Support@StatModel.com

Copyright (c) 1998-2019 Muthen & Muthen
