Mplus VERSION 8.4 (Mac)
MUTHEN & MUTHEN
05/03/2023   9:56 PM

INPUT INSTRUCTIONS

  Title: Student Sleep Treatment Measurement Invariance Metric Model;

  Data:
     File is ../dat_stu.txt;

  Variable:
     Names are studentid index treatment girl age_w child_grade in_ukr
     guardian_living guardian_region
     grit1_1 grit2_1 grit3_1 grit4_1 grit5_1 grit6_1 grit7_1 grit8_1
     loc1_1 loc2_1 loc3_1 loc4_1
     dass1_1 dass2_1 dass3_1 dass4_1 dass5_1 dass6_1 dass7_1 dass8_1
     dass9_1 dass10_1 dass11_1 dass12_1 dass13_1 dass14_1
     sleep1_1 sleep2_1 sleep3_1 sleep4_1 sleep5_1 sleep6_1 sleep7_1
     efficacy_1 edugoals_1 remotediff_1 timeclass_1 timehomework_1
     grit1_2 grit2_2 grit3_2 grit4_2 grit5_2 grit6_2 grit7_2 grit8_2
     loc1_2 loc2_2 loc3_2 loc4_2
     dass1_2 dass2_2 dass3_2 dass4_2 dass5_2 dass6_2 dass7_2 dass8_2
     dass9_2 dass10_2 dass11_2 dass12_2 dass13_2 dass14_2
     efficacy_2 edugoals_2 timeclass_2 timehomework_2 compmath_2 half;
     Missing are . ;

    Usevariable are
  	sleep1_1 sleep2_1 sleep3_1 sleep4_1 sleep5_1 sleep6_1 sleep7_1;

    Categorical is
  	sleep1_1 sleep2_1 sleep3_1 sleep4_1 sleep5_1 sleep6_1 sleep7_1;

    Idvariable is studentid;

    Group is treatment (1 = Treated 0 = Control);

  Analysis:
     Estimator = wlsmv;
     Parameterization = theta;
     Difftest = sleep1_student_tx_inv_config.dat


  !!! Model for Control Group !!!

  Model:
    ! Factor loadings all freely estimated
    sleep_1 by
      sleep1_1-sleep7_1* (L1-L7);

    sleep1_1 with sleep2_1;
    sleep6_1 with sleep7_1;

    !estimating thresholds freely
    [sleep1_1$1-sleep7_1$1*] (T1_1-T1_7);
    [sleep1_1$2-sleep7_1$2*] (T2_1-T2_7);
    [sleep1_1$3-sleep7_1$3*] (T3_1-T3_7);

    !constraining item residual variance to 1 for identification
    sleep1_1-sleep7_1@1;

    !fixing latent mean to zero for identification
    [sleep_1@0];

    !fixing latent variance to one for identification
    sleep_1@1;

  !!! Model for Treatment Group !!!

  Model Treated:
    ! Factor loadings constrained to *be equal to the control group*
    sleep_1 by sleep1_1-sleep7_1* (L1-L7);

    sleep1_1 with sleep2_1;
    sleep6_1 with sleep7_1;

    ! estimating thresholds freely
    [sleep1_1$1-sleep7_1$1*];
    [sleep1_1$2-sleep7_1$2*];
    [sleep1_1$3-sleep7_1$3*];

    ! constraining item residual variance to 1 for identification
    sleep1_1-sleep7_1@1;

    ! fixing latent factor mean to zero for identification
    [sleep_1@0];

    ! latent factor variance *estimated*
    sleep_1*;

  Output: sampstat stdyx modindices(all);
  Savedata: Difftest is sleep1_student_tx_inv_metric.dat;



INPUT READING TERMINATED NORMALLY



Student Sleep Treatment Measurement Invariance Metric Model;

SUMMARY OF ANALYSIS

Number of groups                                                 2
Number of observations
   Group CONTROL                                              1259
   Group TREATED                                              1285
   Total sample size                                          2544

Number of dependent variables                                    7
Number of independent variables                                  0
Number of continuous latent variables                            1

Observed dependent variables

  Binary and ordered categorical (ordinal)
   SLEEP1_1    SLEEP2_1    SLEEP3_1    SLEEP4_1    SLEEP5_1    SLEEP6_1
   SLEEP7_1

Continuous latent variables
   SLEEP_1

Variables with special functions

  Grouping variable     TREATMEN
  ID variable           STUDENTI

Estimator                                                    WLSMV
Maximum number of iterations                                  1000
Convergence criterion                                    0.500D-04
Maximum number of steepest descent iterations                   20
Maximum number of iterations for H1                           2000
Convergence criterion for H1                             0.100D-03
Parameterization                                             THETA
Link                                                        PROBIT

Input data file(s)
  ../dat_stu.txt

Input data format  FREE


SUMMARY OF DATA

   Group CONTROL
     Number of missing data patterns             1

   Group TREATED
     Number of missing data patterns             1


COVARIANCE COVERAGE OF DATA

Minimum covariance coverage value   0.100


     PROPORTION OF DATA PRESENT FOR CONTROL


           Covariance Coverage
              SLEEP1_1      SLEEP2_1      SLEEP3_1      SLEEP4_1      SLEEP5_1
              ________      ________      ________      ________      ________
 SLEEP1_1       1.000
 SLEEP2_1       1.000         1.000
 SLEEP3_1       1.000         1.000         1.000
 SLEEP4_1       1.000         1.000         1.000         1.000
 SLEEP5_1       1.000         1.000         1.000         1.000         1.000
 SLEEP6_1       1.000         1.000         1.000         1.000         1.000
 SLEEP7_1       1.000         1.000         1.000         1.000         1.000


           Covariance Coverage
              SLEEP6_1      SLEEP7_1
              ________      ________
 SLEEP6_1       1.000
 SLEEP7_1       1.000         1.000


     PROPORTION OF DATA PRESENT FOR TREATED


           Covariance Coverage
              SLEEP1_1      SLEEP2_1      SLEEP3_1      SLEEP4_1      SLEEP5_1
              ________      ________      ________      ________      ________
 SLEEP1_1       1.000
 SLEEP2_1       1.000         1.000
 SLEEP3_1       1.000         1.000         1.000
 SLEEP4_1       1.000         1.000         1.000         1.000
 SLEEP5_1       1.000         1.000         1.000         1.000         1.000
 SLEEP6_1       1.000         1.000         1.000         1.000         1.000
 SLEEP7_1       1.000         1.000         1.000         1.000         1.000


           Covariance Coverage
              SLEEP6_1      SLEEP7_1
              ________      ________
 SLEEP6_1       1.000
 SLEEP7_1       1.000         1.000


UNIVARIATE PROPORTIONS AND COUNTS FOR CATEGORICAL VARIABLES

  Group CONTROL
    SLEEP1_1
      Category 1    0.258          325.000
      Category 2    0.375          472.000
      Category 3    0.235          296.000
      Category 4    0.102          129.000
      Category 5    0.029           37.000
    SLEEP2_1
      Category 1    0.379          477.000
      Category 2    0.328          413.000
      Category 3    0.203          256.000
      Category 4    0.074           93.000
      Category 5    0.016           20.000
    SLEEP3_1
      Category 1    0.480          604.000
      Category 2    0.336          423.000
      Category 3    0.115          145.000
      Category 4    0.057           72.000
      Category 5    0.012           15.000
    SLEEP4_1
      Category 1    0.129          162.000
      Category 2    0.358          451.000
      Category 3    0.343          432.000
      Category 4    0.142          179.000
      Category 5    0.028           35.000
    SLEEP5_1
      Category 1    0.505          636.000
      Category 2    0.299          377.000
      Category 3    0.133          167.000
      Category 4    0.048           61.000
      Category 5    0.014           18.000
    SLEEP6_1
      Category 1    0.689          867.000
      Category 2    0.205          258.000
      Category 3    0.089          112.000
      Category 4    0.012           15.000
      Category 5    0.006            7.000
    SLEEP7_1
      Category 1    0.485          611.000
      Category 2    0.322          405.000
      Category 3    0.126          159.000
      Category 4    0.057           72.000
      Category 5    0.010           12.000

  Group TREATED
    SLEEP1_1
      Category 1    0.258          332.000
      Category 2    0.388          498.000
      Category 3    0.230          296.000
      Category 4    0.094          121.000
      Category 5    0.030           38.000
    SLEEP2_1
      Category 1    0.374          481.000
      Category 2    0.350          450.000
      Category 3    0.187          240.000
      Category 4    0.075           96.000
      Category 5    0.014           18.000
    SLEEP3_1
      Category 1    0.445          572.000
      Category 2    0.363          466.000
      Category 3    0.129          166.000
      Category 4    0.051           66.000
      Category 5    0.012           15.000
    SLEEP4_1
      Category 1    0.154          198.000
      Category 2    0.352          452.000
      Category 3    0.331          425.000
      Category 4    0.140          180.000
      Category 5    0.023           30.000
    SLEEP5_1
      Category 1    0.519          667.000
      Category 2    0.296          381.000
      Category 3    0.132          170.000
      Category 4    0.037           47.000
      Category 5    0.016           20.000
    SLEEP6_1
      Category 1    0.683          878.000
      Category 2    0.220          283.000
      Category 3    0.071           91.000
      Category 4    0.023           29.000
      Category 5    0.003            4.000
    SLEEP7_1
      Category 1    0.489          629.000
      Category 2    0.314          404.000
      Category 3    0.139          178.000
      Category 4    0.047           60.000
      Category 5    0.011           14.000


SAMPLE STATISTICS


     ESTIMATED SAMPLE STATISTICS FOR CONTROL


           MEANS/INTERCEPTS/THRESHOLDS
              SLEEP1_1      SLEEP1_1      SLEEP1_1      SLEEP1_1      SLEEP2_1
              ________      ________      ________      ________      ________
               -0.649         0.340         1.118         1.890        -0.308


           MEANS/INTERCEPTS/THRESHOLDS
              SLEEP2_1      SLEEP2_1      SLEEP2_1      SLEEP3_1      SLEEP3_1
              ________      ________      ________      ________      ________
                0.544         1.342         2.147        -0.051         0.899


           MEANS/INTERCEPTS/THRESHOLDS
              SLEEP3_1      SLEEP3_1      SLEEP4_1      SLEEP4_1      SLEEP4_1
              ________      ________      ________      ________      ________
                1.483         2.260        -1.133        -0.033         0.954


           MEANS/INTERCEPTS/THRESHOLDS
              SLEEP4_1      SLEEP5_1      SLEEP5_1      SLEEP5_1      SLEEP5_1
              ________      ________      ________      ________      ________
                1.914         0.013         0.858         1.532         2.189


           MEANS/INTERCEPTS/THRESHOLDS
              SLEEP6_1      SLEEP6_1      SLEEP6_1      SLEEP6_1      SLEEP7_1
              ________      ________      ________      ________      ________
                0.492         1.246         2.109         2.539        -0.037


           MEANS/INTERCEPTS/THRESHOLDS
              SLEEP7_1      SLEEP7_1      SLEEP7_1
              ________      ________      ________
                0.867         1.501         2.344


           CORRELATION MATRIX (WITH VARIANCES ON THE DIAGONAL)
              SLEEP1_1      SLEEP2_1      SLEEP3_1      SLEEP4_1      SLEEP5_1
              ________      ________      ________      ________      ________
 SLEEP1_1
 SLEEP2_1       0.815
 SLEEP3_1       0.507         0.604
 SLEEP4_1       0.547         0.560         0.410
 SLEEP5_1       0.509         0.528         0.414         0.480
 SLEEP6_1       0.546         0.590         0.466         0.541         0.598
 SLEEP7_1       0.510         0.554         0.417         0.597         0.559


           CORRELATION MATRIX (WITH VARIANCES ON THE DIAGONAL)
              SLEEP6_1      SLEEP7_1
              ________      ________
 SLEEP7_1       0.660


     ESTIMATED SAMPLE STATISTICS FOR TREATED


           MEANS/INTERCEPTS/THRESHOLDS
              SLEEP1_1      SLEEP1_1      SLEEP1_1      SLEEP1_1      SLEEP2_1
              ________      ________      ________      ________      ________
               -0.648         0.374         1.157         1.887        -0.320


           MEANS/INTERCEPTS/THRESHOLDS
              SLEEP2_1      SLEEP2_1      SLEEP2_1      SLEEP3_1      SLEEP3_1
              ________      ________      ________      ________      ________
                0.596         1.349         2.197        -0.138         0.870


           MEANS/INTERCEPTS/THRESHOLDS
              SLEEP3_1      SLEEP3_1      SLEEP4_1      SLEEP4_1      SLEEP4_1
              ________      ________      ________      ________      ________
                1.530         2.268        -1.019         0.015         0.980


           MEANS/INTERCEPTS/THRESHOLDS
              SLEEP4_1      SLEEP5_1      SLEEP5_1      SLEEP5_1      SLEEP5_1
              ________      ________      ________      ________      ________
                1.989         0.048         0.899         1.624         2.155


           MEANS/INTERCEPTS/THRESHOLDS
              SLEEP6_1      SLEEP6_1      SLEEP6_1      SLEEP6_1      SLEEP7_1
              ________      ________      ________      ________      ________
                0.477         1.302         1.948         2.736        -0.026


           MEANS/INTERCEPTS/THRESHOLDS
              SLEEP7_1      SLEEP7_1      SLEEP7_1
              ________      ________      ________
                0.856         1.575         2.294


           CORRELATION MATRIX (WITH VARIANCES ON THE DIAGONAL)
              SLEEP1_1      SLEEP2_1      SLEEP3_1      SLEEP4_1      SLEEP5_1
              ________      ________      ________      ________      ________
 SLEEP1_1
 SLEEP2_1       0.814
 SLEEP3_1       0.517         0.636
 SLEEP4_1       0.569         0.573         0.400
 SLEEP5_1       0.544         0.571         0.428         0.530
 SLEEP6_1       0.548         0.600         0.500         0.609         0.650
 SLEEP7_1       0.499         0.527         0.407         0.577         0.637


           CORRELATION MATRIX (WITH VARIANCES ON THE DIAGONAL)
              SLEEP6_1      SLEEP7_1
              ________      ________
 SLEEP7_1       0.691


THE MODEL ESTIMATION TERMINATED NORMALLY



MODEL FIT INFORMATION

Number of Free Parameters                       61

Chi-Square Test of Model Fit

          Value                            229.100*
          Degrees of Freedom                    37
          P-Value                           0.0000

Chi-Square Contribution From Each Group

          CONTROL                           88.214
          TREATED                          140.887

Chi-Square Test for Difference Testing

          Value                              5.553*
          Degrees of Freedom                     6
          P-Value                           0.4751

*   The chi-square value for MLM, MLMV, MLR, ULSMV, WLSM and WLSMV cannot be used
    for chi-square difference testing in the regular way.  MLM, MLR and WLSM
    chi-square difference testing is described on the Mplus website.  MLMV, WLSMV,
    and ULSMV difference testing is done using the DIFFTEST option.  The DIFFTEST
    option assumes the models are nested.  The NESTED option can be used to verify
    that the models are nested.

RMSEA (Root Mean Square Error Of Approximation)

          Estimate                           0.064
          90 Percent C.I.                    0.056  0.072
          Probability RMSEA <= .05           0.002

CFI/TLI

          CFI                                0.991
          TLI                                0.990

Chi-Square Test of Model Fit for the Baseline Model

          Value                          21271.622
          Degrees of Freedom                    42
          P-Value                           0.0000

SRMR (Standardized Root Mean Square Residual)

          Value                              0.029

Optimum Function Value for Weighted Least-Squares Estimator

          Value                     0.36472462D-01



MODEL RESULTS

                                                    Two-Tailed
                    Estimate       S.E.  Est./S.E.    P-Value

Group CONTROL

 SLEEP_1  BY
    SLEEP1_1           1.042      0.044     23.768      0.000
    SLEEP2_1           1.268      0.051     24.769      0.000
    SLEEP3_1           0.857      0.038     22.461      0.000
    SLEEP4_1           1.051      0.041     25.547      0.000
    SLEEP5_1           1.078      0.047     22.869      0.000
    SLEEP6_1           1.227      0.059     20.718      0.000
    SLEEP7_1           1.084      0.046     23.338      0.000

 SLEEP1_1 WITH
    SLEEP2_1           0.579      0.023     25.517      0.000

 SLEEP6_1 WITH
    SLEEP7_1           0.212      0.045      4.662      0.000

 Means
    SLEEP_1            0.000      0.000    999.000    999.000

 Thresholds
    SLEEP1_1$1        -0.937      0.056    -16.876      0.000
    SLEEP1_1$2         0.491      0.053      9.317      0.000
    SLEEP1_1$3         1.614      0.066     24.386      0.000
    SLEEP1_1$4         2.753      0.076     36.129      0.000
    SLEEP2_1$1        -0.498      0.058     -8.659      0.000
    SLEEP2_1$2         0.879      0.062     14.268      0.000
    SLEEP2_1$3         2.167      0.083     26.130      0.000
    SLEEP2_1$4         3.543      0.104     34.003      0.000
    SLEEP3_1$1        -0.067      0.046     -1.439      0.150
    SLEEP3_1$2         1.184      0.056     21.328      0.000
    SLEEP3_1$3         1.952      0.071     27.541      0.000
    SLEEP3_1$4         3.004      0.092     32.482      0.000
    SLEEP4_1$1        -1.643      0.067    -24.503      0.000
    SLEEP4_1$2        -0.048      0.051     -0.930      0.352
    SLEEP4_1$3         1.384      0.062     22.348      0.000
    SLEEP4_1$4         2.853      0.077     37.050      0.000
    SLEEP5_1$1         0.019      0.052      0.366      0.714
    SLEEP5_1$2         1.262      0.062     20.250      0.000
    SLEEP5_1$3         2.253      0.085     26.569      0.000
    SLEEP5_1$4         3.226      0.097     33.212      0.000
    SLEEP6_1$1         0.779      0.062     12.489      0.000
    SLEEP6_1$2         1.972      0.083     23.843      0.000
    SLEEP6_1$3         3.338      0.141     23.691      0.000
    SLEEP6_1$4         4.176      0.170     24.593      0.000
    SLEEP7_1$1        -0.054      0.052     -1.045      0.296
    SLEEP7_1$2         1.279      0.063     20.401      0.000
    SLEEP7_1$3         2.214      0.082     26.909      0.000
    SLEEP7_1$4         3.454      0.111     31.163      0.000

 Variances
    SLEEP_1            1.000      0.000    999.000    999.000

 Residual Variances
    SLEEP1_1           1.000      0.000    999.000    999.000
    SLEEP2_1           1.000      0.000    999.000    999.000
    SLEEP3_1           1.000      0.000    999.000    999.000
    SLEEP4_1           1.000      0.000    999.000    999.000
    SLEEP5_1           1.000      0.000    999.000    999.000
    SLEEP6_1           1.000      0.000    999.000    999.000
    SLEEP7_1           1.000      0.000    999.000    999.000

Group TREATED

 SLEEP_1  BY
    SLEEP1_1           1.042      0.044     23.768      0.000
    SLEEP2_1           1.268      0.051     24.769      0.000
    SLEEP3_1           0.857      0.038     22.461      0.000
    SLEEP4_1           1.051      0.041     25.547      0.000
    SLEEP5_1           1.078      0.047     22.869      0.000
    SLEEP6_1           1.227      0.059     20.718      0.000
    SLEEP7_1           1.084      0.046     23.338      0.000

 SLEEP1_1 WITH
    SLEEP2_1           0.559      0.023     24.190      0.000

 SLEEP6_1 WITH
    SLEEP7_1           0.252      0.042      5.968      0.000

 Means
    SLEEP_1            0.000      0.000    999.000    999.000

 Thresholds
    SLEEP1_1$1        -0.954      0.056    -16.927      0.000
    SLEEP1_1$2         0.551      0.053     10.317      0.000
    SLEEP1_1$3         1.702      0.067     25.262      0.000
    SLEEP1_1$4         2.753      0.076     36.129      0.000
    SLEEP2_1$1        -0.529      0.059     -9.046      0.000
    SLEEP2_1$2         0.985      0.064     15.399      0.000
    SLEEP2_1$3         2.228      0.084     26.670      0.000
    SLEEP2_1$4         3.543      0.104     34.003      0.000
    SLEEP3_1$1        -0.184      0.047     -3.946      0.000
    SLEEP3_1$2         1.163      0.055     21.032      0.000
    SLEEP3_1$3         2.046      0.074     27.654      0.000
    SLEEP3_1$4         3.004      0.092     32.482      0.000
    SLEEP4_1$1        -1.507      0.064    -23.460      0.000
    SLEEP4_1$2         0.022      0.052      0.418      0.676
    SLEEP4_1$3         1.450      0.063     23.085      0.000
    SLEEP4_1$4         2.853      0.077     37.050      0.000
    SLEEP5_1$1         0.072      0.053      1.363      0.173
    SLEEP5_1$2         1.348      0.064     20.947      0.000
    SLEEP5_1$3         2.437      0.090     27.041      0.000
    SLEEP5_1$4         3.226      0.097     33.212      0.000
    SLEEP6_1$1         0.772      0.063     12.197      0.000
    SLEEP6_1$2         2.107      0.087     24.104      0.000
    SLEEP6_1$3         3.153      0.126     24.992      0.000
    SLEEP6_1$4         4.176      0.170     24.593      0.000
    SLEEP7_1$1        -0.040      0.053     -0.755      0.450
    SLEEP7_1$2         1.288      0.064     20.188      0.000
    SLEEP7_1$3         2.370      0.089     26.724      0.000
    SLEEP7_1$4         3.454      0.111     31.163      0.000

 Variances
    SLEEP_1            1.075      0.079     13.674      0.000

 Residual Variances
    SLEEP1_1           1.000      0.000    999.000    999.000
    SLEEP2_1           1.000      0.000    999.000    999.000
    SLEEP3_1           1.000      0.000    999.000    999.000
    SLEEP4_1           1.000      0.000    999.000    999.000
    SLEEP5_1           1.000      0.000    999.000    999.000
    SLEEP6_1           1.000      0.000    999.000    999.000
    SLEEP7_1           1.000      0.000    999.000    999.000


STANDARDIZED MODEL RESULTS


STDYX Standardization

                                                    Two-Tailed
                    Estimate       S.E.  Est./S.E.    P-Value

Group CONTROL

 SLEEP_1  BY
    SLEEP1_1           0.721      0.015     49.555      0.000
    SLEEP2_1           0.785      0.012     64.571      0.000
    SLEEP3_1           0.651      0.017     38.944      0.000
    SLEEP4_1           0.724      0.013     53.748      0.000
    SLEEP5_1           0.733      0.015     49.444      0.000
    SLEEP6_1           0.775      0.015     51.924      0.000
    SLEEP7_1           0.735      0.014     50.786      0.000

 SLEEP1_1 WITH
    SLEEP2_1           0.579      0.023     25.517      0.000

 SLEEP6_1 WITH
    SLEEP7_1           0.212      0.045      4.662      0.000

 Means
    SLEEP_1            0.000      0.000    999.000    999.000

 Thresholds
    SLEEP1_1$1        -0.649      0.038    -17.008      0.000
    SLEEP1_1$2         0.340      0.036      9.423      0.000
    SLEEP1_1$3         1.118      0.045     25.040      0.000
    SLEEP1_1$4         1.907      0.055     34.958      0.000
    SLEEP2_1$1        -0.308      0.036     -8.583      0.000
    SLEEP2_1$2         0.544      0.037     14.599      0.000
    SLEEP2_1$3         1.342      0.050     27.004      0.000
    SLEEP2_1$4         2.194      0.070     31.316      0.000
    SLEEP3_1$1        -0.051      0.035     -1.436      0.151
    SLEEP3_1$2         0.899      0.041     21.913      0.000
    SLEEP3_1$3         1.483      0.054     27.573      0.000
    SLEEP3_1$4         2.282      0.073     31.229      0.000
    SLEEP4_1$1        -1.133      0.045    -25.208      0.000
    SLEEP4_1$2        -0.033      0.035     -0.930      0.352
    SLEEP4_1$3         0.954      0.042     22.808      0.000
    SLEEP4_1$4         1.967      0.057     34.630      0.000
    SLEEP5_1$1         0.013      0.035      0.366      0.714
    SLEEP5_1$2         0.858      0.040     21.202      0.000
    SLEEP5_1$3         1.532      0.055     27.656      0.000
    SLEEP5_1$4         2.194      0.068     32.132      0.000
    SLEEP6_1$1         0.492      0.037     13.326      0.000
    SLEEP6_1$2         1.246      0.047     26.320      0.000
    SLEEP6_1$3         2.108      0.086     24.644      0.000
    SLEEP6_1$4         2.638      0.108     24.333      0.000
    SLEEP7_1$1        -0.037      0.035     -1.043      0.297
    SLEEP7_1$2         0.867      0.041     21.354      0.000
    SLEEP7_1$3         1.501      0.054     27.607      0.000
    SLEEP7_1$4         2.342      0.078     30.206      0.000

 Variances
    SLEEP_1            1.000      0.000    999.000    999.000

 Residual Variances
    SLEEP1_1           0.480      0.021     22.838      0.000
    SLEEP2_1           0.384      0.019     20.092      0.000
    SLEEP3_1           0.577      0.022     26.534      0.000
    SLEEP4_1           0.475      0.020     24.344      0.000
    SLEEP5_1           0.463      0.022     21.274      0.000
    SLEEP6_1           0.399      0.023     17.237      0.000
    SLEEP7_1           0.460      0.021     21.591      0.000

Group TREATED

 SLEEP_1  BY
    SLEEP1_1           0.734      0.014     52.157      0.000
    SLEEP2_1           0.796      0.012     67.913      0.000
    SLEEP3_1           0.664      0.016     42.194      0.000
    SLEEP4_1           0.737      0.013     57.061      0.000
    SLEEP5_1           0.745      0.014     52.733      0.000
    SLEEP6_1           0.786      0.014     55.571      0.000
    SLEEP7_1           0.747      0.014     53.447      0.000

 SLEEP1_1 WITH
    SLEEP2_1           0.559      0.023     24.190      0.000

 SLEEP6_1 WITH
    SLEEP7_1           0.252      0.042      5.968      0.000

 Means
    SLEEP_1            0.000      0.000    999.000    999.000

 Thresholds
    SLEEP1_1$1        -0.648      0.038    -17.167      0.000
    SLEEP1_1$2         0.374      0.036     10.435      0.000
    SLEEP1_1$3         1.156      0.045     25.732      0.000
    SLEEP1_1$4         1.870      0.052     36.010      0.000
    SLEEP2_1$1        -0.320      0.036     -8.996      0.000
    SLEEP2_1$2         0.596      0.037     15.980      0.000
    SLEEP2_1$3         1.349      0.049     27.319      0.000
    SLEEP2_1$4         2.145      0.067     32.243      0.000
    SLEEP3_1$1        -0.138      0.035     -3.929      0.000
    SLEEP3_1$2         0.870      0.040     21.623      0.000
    SLEEP3_1$3         1.530      0.055     27.938      0.000
    SLEEP3_1$4         2.246      0.071     31.828      0.000
    SLEEP4_1$1        -1.019      0.042    -24.014      0.000
    SLEEP4_1$2         0.015      0.035      0.418      0.676
    SLEEP4_1$3         0.980      0.042     23.448      0.000
    SLEEP4_1$4         1.929      0.055     35.151      0.000
    SLEEP5_1$1         0.048      0.035      1.367      0.172
    SLEEP5_1$2         0.899      0.041     22.129      0.000
    SLEEP5_1$3         1.625      0.058     27.932      0.000
    SLEEP5_1$4         2.151      0.066     32.375      0.000
    SLEEP6_1$1         0.477      0.036     13.084      0.000
    SLEEP6_1$2         1.302      0.048     27.022      0.000
    SLEEP6_1$3         1.948      0.074     26.393      0.000
    SLEEP6_1$4         2.580      0.104     24.832      0.000
    SLEEP7_1$1        -0.026      0.035     -0.753      0.451
    SLEEP7_1$2         0.856      0.040     21.372      0.000
    SLEEP7_1$3         1.575      0.056     27.957      0.000
    SLEEP7_1$4         2.296      0.077     29.975      0.000

 Variances
    SLEEP_1            1.000      0.000    999.000    999.000

 Residual Variances
    SLEEP1_1           0.462      0.021     22.355      0.000
    SLEEP2_1           0.367      0.019     19.652      0.000
    SLEEP3_1           0.559      0.021     26.735      0.000
    SLEEP4_1           0.457      0.019     24.035      0.000
    SLEEP5_1           0.445      0.021     21.100      0.000
    SLEEP6_1           0.382      0.022     17.156      0.000
    SLEEP7_1           0.442      0.021     21.131      0.000


R-SQUARE

Group CONTROL

    Observed                                        Two-Tailed     Scale
    Variable        Estimate       S.E.  Est./S.E.    P-Value     Factors

    SLEEP1_1           0.520      0.021     24.777      0.000      0.693
    SLEEP2_1           0.616      0.019     32.285      0.000      0.619
    SLEEP3_1           0.423      0.022     19.472      0.000      0.759
    SLEEP4_1           0.525      0.020     26.874      0.000      0.689
    SLEEP5_1           0.537      0.022     24.722      0.000      0.680
    SLEEP6_1           0.601      0.023     25.962      0.000      0.632
    SLEEP7_1           0.540      0.021     25.393      0.000      0.678

Group TREATED

    Observed                                        Two-Tailed     Scale
    Variable        Estimate       S.E.  Est./S.E.    P-Value     Factors

    SLEEP1_1           0.538      0.021     26.079      0.000      0.679
    SLEEP2_1           0.633      0.019     33.956      0.000      0.605
    SLEEP3_1           0.441      0.021     21.097      0.000      0.748
    SLEEP4_1           0.543      0.019     28.531      0.000      0.676
    SLEEP5_1           0.555      0.021     26.367      0.000      0.667
    SLEEP6_1           0.618      0.022     27.786      0.000      0.618
    SLEEP7_1           0.558      0.021     26.724      0.000      0.665


QUALITY OF NUMERICAL RESULTS

     Condition Number for the Information Matrix              0.902E-02
       (ratio of smallest to largest eigenvalue)


MODEL MODIFICATION INDICES

Minimum M.I. value for printing the modification index    10.000

                                   M.I.     E.P.C.  Std E.P.C.  StdYX E.P.C.
Group CONTROL


ON Statements

SLEEP2_1 ON SLEEP3_1              25.635     0.184      0.184        0.150
SLEEP3_1 ON SLEEP1_1              10.064     0.079      0.079        0.087
SLEEP3_1 ON SLEEP2_1              13.518     0.081      0.081        0.100
SLEEP4_1 ON SLEEP7_1              10.317     0.091      0.091        0.093
SLEEP5_1 ON SLEEP1_1              10.125    -0.100     -0.100       -0.098
SLEEP5_1 ON SLEEP2_1              12.806    -0.103     -0.103       -0.114
SLEEP5_1 ON SLEEP3_1              13.621    -0.142     -0.142       -0.127
SLEEP5_1 ON SLEEP4_1              13.022    -0.121     -0.121       -0.119
SLEEP7_1 ON SLEEP4_1              12.088     0.105      0.105        0.103

WITH Statements

SLEEP3_1 WITH SLEEP2_1            34.457     0.265      0.265        0.265
SLEEP7_1 WITH SLEEP4_1            18.876     0.190      0.190        0.190

Group TREATED


ON Statements

SLEEP2_1 ON SLEEP3_1              29.472     0.203      0.203        0.164
SLEEP2_1 ON SLEEP7_1              10.180    -0.122     -0.122       -0.111
SLEEP3_1 ON SLEEP2_1              13.188     0.082      0.082        0.101
SLEEP4_1 ON SLEEP3_1              11.637    -0.127     -0.127       -0.115
SLEEP5_1 ON SLEEP6_1              27.103     0.165      0.165        0.178
SLEEP5_1 ON SLEEP7_1              38.129     0.198      0.198        0.199
SLEEP7_1 ON SLEEP2_1              10.541    -0.095     -0.095       -0.105
SLEEP7_1 ON SLEEP3_1              11.666    -0.136     -0.136       -0.121
SLEEP7_1 ON SLEEP5_1              11.371     0.112      0.112        0.112

WITH Statements

SLEEP3_1 WITH SLEEP2_1            52.707     0.341      0.341        0.341
SLEEP4_1 WITH SLEEP3_1            16.938    -0.216     -0.216       -0.216
SLEEP6_1 WITH SLEEP5_1            17.050     0.244      0.244        0.244
SLEEP7_1 WITH SLEEP2_1            14.426    -0.218     -0.218       -0.218
SLEEP7_1 WITH SLEEP3_1            16.112    -0.220     -0.220       -0.220
SLEEP7_1 WITH SLEEP5_1            36.309     0.309      0.309        0.309



SAVEDATA INFORMATION


  Difference testing

  Save file
    sleep1_student_tx_inv_metric.dat
  Save format      Free

     Beginning Time:  21:56:26
        Ending Time:  21:56:26
       Elapsed Time:  00:00:00



MUTHEN & MUTHEN
3463 Stoner Ave.
Los Angeles, CA  90066

Tel: (310) 391-9971
Fax: (310) 391-8971
Web: www.StatModel.com
Support: Support@StatModel.com

Copyright (c) 1998-2019 Muthen & Muthen
