Mplus VERSION 8.4 (Mac)
MUTHEN & MUTHEN
05/03/2023  10:21 PM

INPUT INSTRUCTIONS

  Title: Student Sleep Age Measurement Invariance Metric Model;

  Data:
     File is ../dat_stu.txt;

  Variable:
     Names are studentid index treatment girl age_w child_grade in_ukr
     guardian_living guardian_region
     grit1_1 grit2_1 grit3_1 grit4_1 grit5_1 grit6_1 grit7_1 grit8_1
     loc1_1 loc2_1 loc3_1 loc4_1
     dass1_1 dass2_1 dass3_1 dass4_1 dass5_1 dass6_1 dass7_1 dass8_1
     dass9_1 dass10_1 dass11_1 dass12_1 dass13_1 dass14_1
     sleep1_1 sleep2_1 sleep3_1 sleep4_1 sleep5_1 sleep6_1 sleep7_1
     efficacy_1 edugoals_1 remotediff_1 timeclass_1 timehomework_1
     grit1_2 grit2_2 grit3_2 grit4_2 grit5_2 grit6_2 grit7_2 grit8_2
     loc1_2 loc2_2 loc3_2 loc4_2
     dass1_2 dass2_2 dass3_2 dass4_2 dass5_2 dass6_2 dass7_2 dass8_2
     dass9_2 dass10_2 dass11_2 dass12_2 dass13_2 dass14_2
     efficacy_2 edugoals_2 timeclass_2 timehomework_2 compmath_2 half;
     Missing are . ;

    Usevariable are
  	sleep1_1 sleep2_1 sleep3_1 sleep4_1 sleep5_1 sleep6_1 sleep7_1 age_c;

    Categorical is
  	sleep1_1 sleep2_1 sleep3_1 sleep4_1 sleep5_1 sleep6_1 sleep7_1;

    Idvariable is studentid;

    Group is age_c (1 = Older 0 = Younger);

  Define:
  	age_c = 0;
  	if(age_w ge 13) then age_c = 1;
  	
  Analysis:
     Estimator = wlsmv;
     Parameterization = theta;
     Difftest = sleep1_student_age_inv_config.dat


  !!! Model for Younger Students !!!

  Model:
    ! Factor loadings all freely estimated
    sleep_1 by
      sleep1_1-sleep7_1* (L1-L7);

    sleep1_1 with sleep2_1;
    sleep6_1 with sleep7_1;

    !estimating thresholds freely
    [sleep1_1$1-sleep7_1$1*] (T1_1-T1_7);
    [sleep1_1$2-sleep7_1$2*] (T2_1-T2_7);
    [sleep1_1$3-sleep7_1$3*] (T3_1-T3_7);

    !constraining item residual variance to 1 for identification
    sleep1_1-sleep7_1@1;

    !fixing latent mean to zero for identification
    [sleep_1@0];

    !fixing latent variance to one for identification
    sleep_1@1;

  !!! Model for Older Students !!!

  Model Older:
    ! Factor loadings constrained to *be equal to the control group*
    sleep_1 by sleep1_1-sleep7_1* (L1-L7);

    sleep1_1 with sleep2_1;
    sleep6_1 with sleep7_1;

    ! estimating thresholds freely
    [sleep1_1$1-sleep7_1$1*];
    [sleep1_1$2-sleep7_1$2*];
    [sleep1_1$3-sleep7_1$3*];

    ! constraining item residual variance to 1 for identification
    sleep1_1-sleep7_1@1;

    ! fixing latent factor mean to zero for identification
    [sleep_1@0];

    ! latent factor variance *estimated*
    sleep_1*;

  Output: sampstat stdyx modindices(all);
  Savedata: Difftest is sleep1_student_age_inv_metric.dat;



INPUT READING TERMINATED NORMALLY



Student Sleep Age Measurement Invariance Metric Model;

SUMMARY OF ANALYSIS

Number of groups                                                 2
Number of observations
   Group YOUNGER                                              1280
   Group OLDER                                                1264
   Total sample size                                          2544

Number of dependent variables                                    7
Number of independent variables                                  0
Number of continuous latent variables                            1

Observed dependent variables

  Binary and ordered categorical (ordinal)
   SLEEP1_1    SLEEP2_1    SLEEP3_1    SLEEP4_1    SLEEP5_1    SLEEP6_1
   SLEEP7_1

Continuous latent variables
   SLEEP_1

Variables with special functions

  Grouping variable     AGE_C
  ID variable           STUDENTI

Estimator                                                    WLSMV
Maximum number of iterations                                  1000
Convergence criterion                                    0.500D-04
Maximum number of steepest descent iterations                   20
Maximum number of iterations for H1                           2000
Convergence criterion for H1                             0.100D-03
Parameterization                                             THETA
Link                                                        PROBIT

Input data file(s)
  ../dat_stu.txt

Input data format  FREE


SUMMARY OF DATA

   Group YOUNGER
     Number of missing data patterns             1

   Group OLDER
     Number of missing data patterns             1


COVARIANCE COVERAGE OF DATA

Minimum covariance coverage value   0.100


     PROPORTION OF DATA PRESENT FOR YOUNGER


           Covariance Coverage
              SLEEP1_1      SLEEP2_1      SLEEP3_1      SLEEP4_1      SLEEP5_1
              ________      ________      ________      ________      ________
 SLEEP1_1       1.000
 SLEEP2_1       1.000         1.000
 SLEEP3_1       1.000         1.000         1.000
 SLEEP4_1       1.000         1.000         1.000         1.000
 SLEEP5_1       1.000         1.000         1.000         1.000         1.000
 SLEEP6_1       1.000         1.000         1.000         1.000         1.000
 SLEEP7_1       1.000         1.000         1.000         1.000         1.000


           Covariance Coverage
              SLEEP6_1      SLEEP7_1
              ________      ________
 SLEEP6_1       1.000
 SLEEP7_1       1.000         1.000


     PROPORTION OF DATA PRESENT FOR OLDER


           Covariance Coverage
              SLEEP1_1      SLEEP2_1      SLEEP3_1      SLEEP4_1      SLEEP5_1
              ________      ________      ________      ________      ________
 SLEEP1_1       1.000
 SLEEP2_1       1.000         1.000
 SLEEP3_1       1.000         1.000         1.000
 SLEEP4_1       1.000         1.000         1.000         1.000
 SLEEP5_1       1.000         1.000         1.000         1.000         1.000
 SLEEP6_1       1.000         1.000         1.000         1.000         1.000
 SLEEP7_1       1.000         1.000         1.000         1.000         1.000


           Covariance Coverage
              SLEEP6_1      SLEEP7_1
              ________      ________
 SLEEP6_1       1.000
 SLEEP7_1       1.000         1.000


UNIVARIATE PROPORTIONS AND COUNTS FOR CATEGORICAL VARIABLES

  Group YOUNGER
    SLEEP1_1
      Category 1    0.273          350.000
      Category 2    0.411          526.000
      Category 3    0.213          273.000
      Category 4    0.081          104.000
      Category 5    0.021           27.000
    SLEEP2_1
      Category 1    0.406          520.000
      Category 2    0.351          449.000
      Category 3    0.174          223.000
      Category 4    0.057           73.000
      Category 5    0.012           15.000
    SLEEP3_1
      Category 1    0.481          616.000
      Category 2    0.355          454.000
      Category 3    0.113          144.000
      Category 4    0.043           55.000
      Category 5    0.009           11.000
    SLEEP4_1
      Category 1    0.164          210.000
      Category 2    0.418          535.000
      Category 3    0.292          374.000
      Category 4    0.112          143.000
      Category 5    0.014           18.000
    SLEEP5_1
      Category 1    0.543          695.000
      Category 2    0.295          377.000
      Category 3    0.110          141.000
      Category 4    0.038           49.000
      Category 5    0.014           18.000
    SLEEP6_1
      Category 1    0.714          914.000
      Category 2    0.204          261.000
      Category 3    0.064           82.000
      Category 4    0.016           21.000
      Category 5    0.002            2.000
    SLEEP7_1
      Category 1    0.530          678.000
      Category 2    0.313          401.000
      Category 3    0.112          143.000
      Category 4    0.041           52.000
      Category 5    0.005            6.000

  Group OLDER
    SLEEP1_1
      Category 1    0.243          307.000
      Category 2    0.351          444.000
      Category 3    0.252          319.000
      Category 4    0.116          146.000
      Category 5    0.038           48.000
    SLEEP2_1
      Category 1    0.347          438.000
      Category 2    0.328          414.000
      Category 3    0.216          273.000
      Category 4    0.092          116.000
      Category 5    0.018           23.000
    SLEEP3_1
      Category 1    0.443          560.000
      Category 2    0.344          435.000
      Category 3    0.132          167.000
      Category 4    0.066           83.000
      Category 5    0.015           19.000
    SLEEP4_1
      Category 1    0.119          150.000
      Category 2    0.291          368.000
      Category 3    0.382          483.000
      Category 4    0.171          216.000
      Category 5    0.037           47.000
    SLEEP5_1
      Category 1    0.481          608.000
      Category 2    0.301          381.000
      Category 3    0.155          196.000
      Category 4    0.047           59.000
      Category 5    0.016           20.000
    SLEEP6_1
      Category 1    0.657          831.000
      Category 2    0.222          280.000
      Category 3    0.096          121.000
      Category 4    0.018           23.000
      Category 5    0.007            9.000
    SLEEP7_1
      Category 1    0.445          562.000
      Category 2    0.323          408.000
      Category 3    0.153          194.000
      Category 4    0.063           80.000
      Category 5    0.016           20.000


SAMPLE STATISTICS


     ESTIMATED SAMPLE STATISTICS FOR YOUNGER


           MEANS/INTERCEPTS/THRESHOLDS
              SLEEP1_1      SLEEP1_1      SLEEP1_1      SLEEP1_1      SLEEP2_1
              ________      ________      ________      ________      ________
               -0.602         0.480         1.268         2.032        -0.237


           MEANS/INTERCEPTS/THRESHOLDS
              SLEEP2_1      SLEEP2_1      SLEEP2_1      SLEEP3_1      SLEEP3_1
              ________      ________      ________      ________      ________
                0.697         1.485         2.266        -0.047         0.978


           MEANS/INTERCEPTS/THRESHOLDS
              SLEEP3_1      SLEEP3_1      SLEEP4_1      SLEEP4_1      SLEEP4_1
              ________      ________      ________      ________      ________
                1.630         2.383        -0.978         0.207         1.147


           MEANS/INTERCEPTS/THRESHOLDS
              SLEEP4_1      SLEEP5_1      SLEEP5_1      SLEEP5_1      SLEEP5_1
              ________      ________      ________      ________      ________
                2.196         0.108         0.984         1.623         2.196


           MEANS/INTERCEPTS/THRESHOLDS
              SLEEP6_1      SLEEP6_1      SLEEP6_1      SLEEP6_1      SLEEP7_1
              ________      ________      ________      ________      ________
                0.565         1.392         2.098         2.955         0.074


           MEANS/INTERCEPTS/THRESHOLDS
              SLEEP7_1      SLEEP7_1      SLEEP7_1
              ________      ________      ________
                1.007         1.692         2.598


           CORRELATION MATRIX (WITH VARIANCES ON THE DIAGONAL)
              SLEEP1_1      SLEEP2_1      SLEEP3_1      SLEEP4_1      SLEEP5_1
              ________      ________      ________      ________      ________
 SLEEP1_1
 SLEEP2_1       0.801
 SLEEP3_1       0.499         0.600
 SLEEP4_1       0.529         0.542         0.386
 SLEEP5_1       0.551         0.598         0.445         0.501
 SLEEP6_1       0.568         0.630         0.514         0.591         0.672
 SLEEP7_1       0.526         0.549         0.429         0.572         0.656


           CORRELATION MATRIX (WITH VARIANCES ON THE DIAGONAL)
              SLEEP6_1      SLEEP7_1
              ________      ________
 SLEEP7_1       0.678


     ESTIMATED SAMPLE STATISTICS FOR OLDER


           MEANS/INTERCEPTS/THRESHOLDS
              SLEEP1_1      SLEEP1_1      SLEEP1_1      SLEEP1_1      SLEEP2_1
              ________      ________      ________      ________      ________
               -0.697         0.238         1.022         1.775        -0.395


           MEANS/INTERCEPTS/THRESHOLDS
              SLEEP2_1      SLEEP2_1      SLEEP2_1      SLEEP3_1      SLEEP3_1
              ________      ________      ________      ________      ________
                0.451         1.227         2.093        -0.143         0.797


           MEANS/INTERCEPTS/THRESHOLDS
              SLEEP3_1      SLEEP3_1      SLEEP4_1      SLEEP4_1      SLEEP4_1
              ________      ________      ________      ________      ________
                1.400         2.169        -1.182        -0.228         0.813


           MEANS/INTERCEPTS/THRESHOLDS
              SLEEP4_1      SLEEP5_1      SLEEP5_1      SLEEP5_1      SLEEP5_1
              ________      ________      ________      ________      ________
                1.784        -0.048         0.780         1.534         2.149


           MEANS/INTERCEPTS/THRESHOLDS
              SLEEP6_1      SLEEP6_1      SLEEP6_1      SLEEP6_1      SLEEP7_1
              ________      ________      ________      ________      ________
                0.405         1.170         1.955         2.451        -0.139


           MEANS/INTERCEPTS/THRESHOLDS
              SLEEP7_1      SLEEP7_1      SLEEP7_1
              ________      ________      ________
                0.730         1.411         2.149


           CORRELATION MATRIX (WITH VARIANCES ON THE DIAGONAL)
              SLEEP1_1      SLEEP2_1      SLEEP3_1      SLEEP4_1      SLEEP5_1
              ________      ________      ________      ________      ________
 SLEEP1_1
 SLEEP2_1       0.823
 SLEEP3_1       0.516         0.632
 SLEEP4_1       0.574         0.576         0.409
 SLEEP5_1       0.498         0.499         0.393         0.501
 SLEEP6_1       0.523         0.557         0.452         0.553         0.575
 SLEEP7_1       0.476         0.522         0.387         0.583         0.543


           CORRELATION MATRIX (WITH VARIANCES ON THE DIAGONAL)
              SLEEP6_1      SLEEP7_1
              ________      ________
 SLEEP7_1       0.666


THE MODEL ESTIMATION TERMINATED NORMALLY



MODEL FIT INFORMATION

Number of Free Parameters                       61

Chi-Square Test of Model Fit

          Value                            315.990*
          Degrees of Freedom                    37
          P-Value                           0.0000

Chi-Square Contribution From Each Group

          YOUNGER                          145.915
          OLDER                            170.075

Chi-Square Test for Difference Testing

          Value                             33.556*
          Degrees of Freedom                     6
          P-Value                           0.0000

*   The chi-square value for MLM, MLMV, MLR, ULSMV, WLSM and WLSMV cannot be used
    for chi-square difference testing in the regular way.  MLM, MLR and WLSM
    chi-square difference testing is described on the Mplus website.  MLMV, WLSMV,
    and ULSMV difference testing is done using the DIFFTEST option.  The DIFFTEST
    option assumes the models are nested.  The NESTED option can be used to verify
    that the models are nested.

RMSEA (Root Mean Square Error Of Approximation)

          Estimate                           0.077
          90 Percent C.I.                    0.069  0.085
          Probability RMSEA <= .05           0.000

CFI/TLI

          CFI                                0.987
          TLI                                0.985

Chi-Square Test of Model Fit for the Baseline Model

          Value                          21297.260
          Degrees of Freedom                    42
          P-Value                           0.0000

SRMR (Standardized Root Mean Square Residual)

          Value                              0.031

Optimum Function Value for Weighted Least-Squares Estimator

          Value                     0.51199695D-01



MODEL RESULTS

                                                    Two-Tailed
                    Estimate       S.E.  Est./S.E.    P-Value

Group YOUNGER

 SLEEP_1  BY
    SLEEP1_1           1.064      0.045     23.847      0.000
    SLEEP2_1           1.301      0.052     24.915      0.000
    SLEEP3_1           0.876      0.039     22.612      0.000
    SLEEP4_1           1.056      0.042     25.423      0.000
    SLEEP5_1           1.127      0.047     24.146      0.000
    SLEEP6_1           1.291      0.062     20.671      0.000
    SLEEP7_1           1.102      0.046     23.946      0.000

 SLEEP1_1 WITH
    SLEEP2_1           0.535      0.024     22.325      0.000

 SLEEP6_1 WITH
    SLEEP7_1           0.224      0.041      5.409      0.000

 Means
    SLEEP_1            0.000      0.000    999.000    999.000

 Thresholds
    SLEEP1_1$1        -0.880      0.055    -15.964      0.000
    SLEEP1_1$2         0.701      0.054     12.866      0.000
    SLEEP1_1$3         1.852      0.071     26.057      0.000
    SLEEP1_1$4         2.722      0.076     35.822      0.000
    SLEEP2_1$1        -0.389      0.057     -6.782      0.000
    SLEEP2_1$2         1.143      0.066     17.404      0.000
    SLEEP2_1$3         2.437      0.090     27.134      0.000
    SLEEP2_1$4         3.524      0.104     33.822      0.000
    SLEEP3_1$1        -0.062      0.047     -1.343      0.179
    SLEEP3_1$2         1.300      0.057     22.634      0.000
    SLEEP3_1$3         2.168      0.078     27.695      0.000
    SLEEP3_1$4         2.980      0.093     32.126      0.000
    SLEEP4_1$1        -1.422      0.062    -22.890      0.000
    SLEEP4_1$2         0.301      0.052      5.840      0.000
    SLEEP4_1$3         1.667      0.067     24.938      0.000
    SLEEP4_1$4         2.772      0.076     36.333      0.000
    SLEEP5_1$1         0.163      0.053      3.046      0.002
    SLEEP5_1$2         1.483      0.068     21.957      0.000
    SLEEP5_1$3         2.444      0.091     26.869      0.000
    SLEEP5_1$4         3.249      0.098     33.065      0.000
    SLEEP6_1$1         0.923      0.067     13.826      0.000
    SLEEP6_1$2         2.272      0.093     24.318      0.000
    SLEEP6_1$3         3.425      0.141     24.245      0.000
    SLEEP6_1$4         4.145      0.173     23.981      0.000
    SLEEP7_1$1         0.111      0.052      2.114      0.035
    SLEEP7_1$2         1.498      0.066     22.608      0.000
    SLEEP7_1$3         2.518      0.092     27.478      0.000
    SLEEP7_1$4         3.356      0.111     30.310      0.000

 Variances
    SLEEP_1            1.000      0.000    999.000    999.000

 Residual Variances
    SLEEP1_1           1.000      0.000    999.000    999.000
    SLEEP2_1           1.000      0.000    999.000    999.000
    SLEEP3_1           1.000      0.000    999.000    999.000
    SLEEP4_1           1.000      0.000    999.000    999.000
    SLEEP5_1           1.000      0.000    999.000    999.000
    SLEEP6_1           1.000      0.000    999.000    999.000
    SLEEP7_1           1.000      0.000    999.000    999.000

Group OLDER

 SLEEP_1  BY
    SLEEP1_1           1.064      0.045     23.847      0.000
    SLEEP2_1           1.301      0.052     24.915      0.000
    SLEEP3_1           0.876      0.039     22.612      0.000
    SLEEP4_1           1.056      0.042     25.423      0.000
    SLEEP5_1           1.127      0.047     24.146      0.000
    SLEEP6_1           1.291      0.062     20.671      0.000
    SLEEP7_1           1.102      0.046     23.946      0.000

 SLEEP1_1 WITH
    SLEEP2_1           0.598      0.022     27.271      0.000

 SLEEP6_1 WITH
    SLEEP7_1           0.218      0.045      4.825      0.000

 Means
    SLEEP_1            0.000      0.000    999.000    999.000

 Thresholds
    SLEEP1_1$1        -1.006      0.056    -17.847      0.000
    SLEEP1_1$2         0.344      0.052      6.649      0.000
    SLEEP1_1$3         1.474      0.063     23.307      0.000
    SLEEP1_1$4         2.722      0.076     35.822      0.000
    SLEEP2_1$1        -0.639      0.059    -10.908      0.000
    SLEEP2_1$2         0.730      0.060     12.090      0.000
    SLEEP2_1$3         1.984      0.078     25.434      0.000
    SLEEP2_1$4         3.524      0.104     33.822      0.000
    SLEEP3_1$1        -0.189      0.046     -4.068      0.000
    SLEEP3_1$2         1.049      0.053     19.638      0.000
    SLEEP3_1$3         1.844      0.068     27.201      0.000
    SLEEP3_1$4         2.980      0.093     32.126      0.000
    SLEEP4_1$1        -1.697      0.067    -25.151      0.000
    SLEEP4_1$2        -0.328      0.051     -6.418      0.000
    SLEEP4_1$3         1.168      0.058     20.185      0.000
    SLEEP4_1$4         2.772      0.076     36.333      0.000
    SLEEP5_1$1        -0.071      0.052     -1.352      0.176
    SLEEP5_1$2         1.161      0.061     18.954      0.000
    SLEEP5_1$3         2.282      0.086     26.530      0.000
    SLEEP5_1$4         3.249      0.098     33.065      0.000
    SLEEP6_1$1         0.653      0.062     10.587      0.000
    SLEEP6_1$2         1.883      0.083     22.806      0.000
    SLEEP6_1$3         3.146      0.130     24.124      0.000
    SLEEP6_1$4         4.145      0.173     23.981      0.000
    SLEEP7_1$1        -0.205      0.052     -3.960      0.000
    SLEEP7_1$2         1.073      0.060     17.936      0.000
    SLEEP7_1$3         2.074      0.079     26.091      0.000
    SLEEP7_1$4         3.356      0.111     30.310      0.000

 Variances
    SLEEP_1            0.955      0.070     13.615      0.000

 Residual Variances
    SLEEP1_1           1.000      0.000    999.000    999.000
    SLEEP2_1           1.000      0.000    999.000    999.000
    SLEEP3_1           1.000      0.000    999.000    999.000
    SLEEP4_1           1.000      0.000    999.000    999.000
    SLEEP5_1           1.000      0.000    999.000    999.000
    SLEEP6_1           1.000      0.000    999.000    999.000
    SLEEP7_1           1.000      0.000    999.000    999.000


STANDARDIZED MODEL RESULTS


STDYX Standardization

                                                    Two-Tailed
                    Estimate       S.E.  Est./S.E.    P-Value

Group YOUNGER

 SLEEP_1  BY
    SLEEP1_1           0.729      0.014     50.854      0.000
    SLEEP2_1           0.793      0.012     67.088      0.000
    SLEEP3_1           0.659      0.016     39.977      0.000
    SLEEP4_1           0.726      0.014     53.755      0.000
    SLEEP5_1           0.748      0.014     54.798      0.000
    SLEEP6_1           0.790      0.014     55.105      0.000
    SLEEP7_1           0.741      0.014     53.046      0.000

 SLEEP1_1 WITH
    SLEEP2_1           0.535      0.024     22.325      0.000

 SLEEP6_1 WITH
    SLEEP7_1           0.224      0.041      5.409      0.000

 Means
    SLEEP_1            0.000      0.000    999.000    999.000

 Thresholds
    SLEEP1_1$1        -0.602      0.037    -16.089      0.000
    SLEEP1_1$2         0.480      0.037     13.135      0.000
    SLEEP1_1$3         1.268      0.047     26.720      0.000
    SLEEP1_1$4         1.864      0.054     34.370      0.000
    SLEEP2_1$1        -0.237      0.035     -6.702      0.000
    SLEEP2_1$2         0.697      0.038     18.191      0.000
    SLEEP2_1$3         1.485      0.053     27.806      0.000
    SLEEP2_1$4         2.147      0.069     30.919      0.000
    SLEEP3_1$1        -0.047      0.035     -1.341      0.180
    SLEEP3_1$2         0.978      0.042     23.366      0.000
    SLEEP3_1$3         1.630      0.058     27.876      0.000
    SLEEP3_1$4         2.241      0.073     30.846      0.000
    SLEEP4_1$1        -0.978      0.042    -23.365      0.000
    SLEEP4_1$2         0.207      0.035      5.864      0.000
    SLEEP4_1$3         1.146      0.045     25.573      0.000
    SLEEP4_1$4         1.906      0.057     33.625      0.000
    SLEEP5_1$1         0.108      0.035      3.073      0.002
    SLEEP5_1$2         0.984      0.042     23.459      0.000
    SLEEP5_1$3         1.623      0.058     27.879      0.000
    SLEEP5_1$4         2.157      0.068     31.716      0.000
    SLEEP6_1$1         0.565      0.037     15.220      0.000
    SLEEP6_1$2         1.391      0.051     27.484      0.000
    SLEEP6_1$3         2.097      0.084     24.970      0.000
    SLEEP6_1$4         2.538      0.108     23.433      0.000
    SLEEP7_1$1         0.075      0.035      2.125      0.034
    SLEEP7_1$2         1.007      0.042     23.792      0.000
    SLEEP7_1$3         1.692      0.061     27.739      0.000
    SLEEP7_1$4         2.255      0.078     29.045      0.000

 Variances
    SLEEP_1            1.000      0.000    999.000    999.000

 Residual Variances
    SLEEP1_1           0.469      0.021     22.451      0.000
    SLEEP2_1           0.371      0.019     19.817      0.000
    SLEEP3_1           0.566      0.022     26.028      0.000
    SLEEP4_1           0.473      0.020     24.118      0.000
    SLEEP5_1           0.441      0.020     21.583      0.000
    SLEEP6_1           0.375      0.023     16.540      0.000
    SLEEP7_1           0.451      0.021     21.825      0.000

Group OLDER

 SLEEP_1  BY
    SLEEP1_1           0.721      0.015     49.517      0.000
    SLEEP2_1           0.786      0.012     64.947      0.000
    SLEEP3_1           0.650      0.016     40.584      0.000
    SLEEP4_1           0.718      0.013     54.008      0.000
    SLEEP5_1           0.740      0.015     50.829      0.000
    SLEEP6_1           0.784      0.015     53.021      0.000
    SLEEP7_1           0.733      0.015     49.721      0.000

 SLEEP1_1 WITH
    SLEEP2_1           0.598      0.022     27.271      0.000

 SLEEP6_1 WITH
    SLEEP7_1           0.218      0.045      4.825      0.000

 Means
    SLEEP_1            0.000      0.000    999.000    999.000

 Thresholds
    SLEEP1_1$1        -0.697      0.039    -18.083      0.000
    SLEEP1_1$2         0.238      0.036      6.688      0.000
    SLEEP1_1$3         1.022      0.043     23.857      0.000
    SLEEP1_1$4         1.887      0.053     35.776      0.000
    SLEEP2_1$1        -0.395      0.036    -10.885      0.000
    SLEEP2_1$2         0.451      0.037     12.332      0.000
    SLEEP2_1$3         1.227      0.047     26.210      0.000
    SLEEP2_1$4         2.179      0.068     32.189      0.000
    SLEEP3_1$1        -0.143      0.035     -4.049      0.000
    SLEEP3_1$2         0.796      0.040     20.096      0.000
    SLEEP3_1$3         1.400      0.051     27.355      0.000
    SLEEP3_1$4         2.263      0.072     31.616      0.000
    SLEEP4_1$1        -1.182      0.046    -25.781      0.000
    SLEEP4_1$2        -0.228      0.036     -6.407      0.000
    SLEEP4_1$3         0.813      0.040     20.415      0.000
    SLEEP4_1$4         1.930      0.056     34.582      0.000
    SLEEP5_1$1        -0.048      0.035     -1.350      0.177
    SLEEP5_1$2         0.781      0.039     19.788      0.000
    SLEEP5_1$3         1.534      0.055     27.712      0.000
    SLEEP5_1$4         2.185      0.067     32.643      0.000
    SLEEP6_1$1         0.406      0.036     11.163      0.000
    SLEEP6_1$2         1.170      0.046     25.662      0.000
    SLEEP6_1$3         1.955      0.075     26.129      0.000
    SLEEP6_1$4         2.575      0.107     23.975      0.000
    SLEEP7_1$1        -0.139      0.035     -3.938      0.000
    SLEEP7_1$2         0.730      0.039     18.780      0.000
    SLEEP7_1$3         1.411      0.051     27.402      0.000
    SLEEP7_1$4         2.284      0.077     29.475      0.000

 Variances
    SLEEP_1            1.000      0.000    999.000    999.000

 Residual Variances
    SLEEP1_1           0.480      0.021     22.900      0.000
    SLEEP2_1           0.382      0.019     20.096      0.000
    SLEEP3_1           0.577      0.021     27.679      0.000
    SLEEP4_1           0.485      0.019     25.383      0.000
    SLEEP5_1           0.452      0.022     20.971      0.000
    SLEEP6_1           0.386      0.023     16.670      0.000
    SLEEP7_1           0.463      0.022     21.429      0.000


R-SQUARE

Group YOUNGER

    Observed                                        Two-Tailed     Scale
    Variable        Estimate       S.E.  Est./S.E.    P-Value     Factors

    SLEEP1_1           0.531      0.021     25.427      0.000      0.685
    SLEEP2_1           0.629      0.019     33.544      0.000      0.609
    SLEEP3_1           0.434      0.022     19.989      0.000      0.752
    SLEEP4_1           0.527      0.020     26.878      0.000      0.688
    SLEEP5_1           0.559      0.020     27.399      0.000      0.664
    SLEEP6_1           0.625      0.023     27.552      0.000      0.612
    SLEEP7_1           0.549      0.021     26.523      0.000      0.672

Group OLDER

    Observed                                        Two-Tailed     Scale
    Variable        Estimate       S.E.  Est./S.E.    P-Value     Factors

    SLEEP1_1           0.520      0.021     24.759      0.000      0.693
    SLEEP2_1           0.618      0.019     32.474      0.000      0.618
    SLEEP3_1           0.423      0.021     20.292      0.000      0.760
    SLEEP4_1           0.515      0.019     27.004      0.000      0.696
    SLEEP5_1           0.548      0.022     25.414      0.000      0.672
    SLEEP6_1           0.614      0.023     26.510      0.000      0.621
    SLEEP7_1           0.537      0.022     24.861      0.000      0.680


QUALITY OF NUMERICAL RESULTS

     Condition Number for the Information Matrix              0.812E-02
       (ratio of smallest to largest eigenvalue)


MODEL MODIFICATION INDICES

Minimum M.I. value for printing the modification index    10.000

                                   M.I.     E.P.C.  Std E.P.C.  StdYX E.P.C.
Group YOUNGER


ON/BY Statements

SLEEP4_1 ON SLEEP_1  /
SLEEP_1  BY SLEEP4_1              21.329    -0.104     -0.104       -0.071
SLEEP5_1 ON SLEEP_1  /
SLEEP_1  BY SLEEP5_1              29.514     0.129      0.129        0.086

ON Statements

SLEEP_1  ON SLEEP4_1              21.310    -0.250     -0.250       -0.363
SLEEP_1  ON SLEEP5_1              29.538     0.312      0.312        0.470
SLEEP_1  ON SLEEP6_1              13.061     0.323      0.323        0.528
SLEEP1_1 ON SLEEP1_1              10.681    -0.181     -0.181       -0.181
SLEEP3_1 ON SLEEP4_1              13.393    -0.110     -0.110       -0.120
SLEEP4_1 ON SLEEP1_1              10.705    -0.095     -0.095       -0.095
SLEEP4_1 ON SLEEP2_1              16.056    -0.106     -0.106       -0.120
SLEEP4_1 ON SLEEP3_1              31.593    -0.207     -0.207       -0.189
SLEEP4_1 ON SLEEP4_1              23.491    -0.304     -0.304       -0.304
SLEEP4_1 ON SLEEP5_1              19.430    -0.138     -0.138       -0.143
SLEEP5_1 ON SLEEP1_1              12.309     0.112      0.112        0.108
SLEEP5_1 ON SLEEP2_1              14.772     0.112      0.112        0.122
SLEEP5_1 ON SLEEP6_1              56.538     0.217      0.217        0.235
SLEEP5_1 ON SLEEP7_1              67.374     0.248      0.248        0.245
SLEEP6_1 ON SLEEP5_1              28.292     0.193      0.193        0.178
SLEEP7_1 ON SLEEP5_1              26.488     0.158      0.158        0.160
SLEEP7_1 ON SLEEP7_1              14.255    -0.304     -0.304       -0.304

WITH Statements

SLEEP3_1 WITH SLEEP2_1            20.337     0.218      0.218        0.218
SLEEP4_1 WITH SLEEP_1             21.329    -0.250     -0.250       -0.250
SLEEP4_1 WITH SLEEP3_1            16.137    -0.207     -0.207       -0.207
SLEEP5_1 WITH SLEEP_1             29.514     0.312      0.312        0.312
SLEEP6_1 WITH SLEEP5_1            29.525     0.277      0.277        0.277
SLEEP7_1 WITH SLEEP5_1            43.639     0.305      0.305        0.305

Variances/Residual Variances

SLEEP5_1                          34.377    -0.581     -0.581       -0.256
SLEEP6_1                          23.485    -0.650     -0.650       -0.244
SLEEP7_1                          15.348    -0.432     -0.432       -0.195

Means/Intercepts/Thresholds

[ SLEEP_1  ]                      52.320    -0.519     -0.519       -0.519
[ SLEEP1_1 ]                      10.684    -0.493     -0.493       -0.338
[ SLEEP4_1 ]                      23.569    -0.843     -0.843       -0.580
[ SLEEP7_1 ]                      14.283    -1.021     -1.021       -0.686
[ SLEEP1_1 ]                      10.656     0.250      0.250        0.171
[ SLEEP4_1 ]                      23.425     0.426      0.426        0.293
[ SLEEP7_1 ]                      14.157     0.515      0.515        0.346

Group OLDER


ON/BY Statements

SLEEP4_1 ON SLEEP_1  /
SLEEP_1  BY SLEEP4_1              21.344     0.146      0.143        0.099
SLEEP5_1 ON SLEEP_1  /
SLEEP_1  BY SLEEP5_1              29.509    -0.183     -0.179       -0.120

ON Statements

SLEEP_1  ON SLEEP4_1              21.383     0.239      0.244        0.351
SLEEP_1  ON SLEEP5_1              29.457    -0.298     -0.305       -0.453
SLEEP_1  ON SLEEP6_1              12.856    -0.306     -0.313       -0.504
SLEEP1_1 ON SLEEP1_1              10.687     0.181      0.181        0.181
SLEEP1_1 ON SLEEP4_1              12.642     0.112      0.112        0.111
SLEEP2_1 ON SLEEP3_1              60.650     0.295      0.295        0.240
SLEEP3_1 ON SLEEP1_1              30.675     0.142      0.142        0.155
SLEEP3_1 ON SLEEP2_1              40.816     0.145      0.145        0.178
SLEEP4_1 ON SLEEP1_1              26.235     0.145      0.145        0.145
SLEEP4_1 ON SLEEP2_1              20.481     0.117      0.117        0.131
SLEEP4_1 ON SLEEP4_1              23.373     0.303      0.303        0.303
SLEEP4_1 ON SLEEP6_1              12.587     0.105      0.105        0.118
SLEEP4_1 ON SLEEP7_1              24.362     0.142      0.142        0.145
SLEEP5_1 ON SLEEP1_1              30.711    -0.172     -0.172       -0.167
SLEEP5_1 ON SLEEP2_1              37.794    -0.175     -0.175       -0.190
SLEEP5_1 ON SLEEP3_1              33.679    -0.221     -0.221       -0.195
SLEEP5_1 ON SLEEP4_1              19.372    -0.147     -0.147       -0.142
SLEEP5_1 ON SLEEP6_1              13.050    -0.103     -0.103       -0.111
SLEEP6_1 ON SLEEP1_1              12.548    -0.138     -0.138       -0.124
SLEEP6_1 ON SLEEP2_1              13.241    -0.129     -0.129       -0.129
SLEEP6_1 ON SLEEP3_1              11.132    -0.159     -0.159       -0.130
SLEEP7_1 ON SLEEP1_1              10.324    -0.099     -0.099       -0.097
SLEEP7_1 ON SLEEP3_1              12.247    -0.134     -0.134       -0.120
SLEEP7_1 ON SLEEP7_1              14.051     0.302      0.302        0.302

WITH Statements

SLEEP3_1 WITH SLEEP2_1            83.476     0.431      0.431        0.431
SLEEP4_1 WITH SLEEP_1             21.344     0.239      0.244        0.244
SLEEP4_1 WITH SLEEP1_1            14.330     0.176      0.176        0.176
SLEEP5_1 WITH SLEEP_1             29.509    -0.298     -0.305       -0.305
SLEEP5_1 WITH SLEEP2_1            16.120    -0.221     -0.221       -0.221
SLEEP5_1 WITH SLEEP3_1            13.058    -0.187     -0.187       -0.187
SLEEP7_1 WITH SLEEP3_1            13.835    -0.192     -0.192       -0.192
SLEEP7_1 WITH SLEEP4_1            12.245     0.154      0.154        0.154

Variances/Residual Variances

SLEEP5_1                          34.385     0.581      0.581        0.263
SLEEP6_1                          23.448     0.650      0.650        0.251
SLEEP7_1                          15.185     0.430      0.430        0.199

Means/Intercepts/Thresholds

[ SLEEP_1  ]                      52.284     0.518      0.530        0.530
[ SLEEP1_1 ]                      10.684     0.493      0.493        0.342
[ SLEEP4_1 ]                      23.518     0.843      0.843        0.586
[ SLEEP7_1 ]                      14.054     1.012      1.012        0.689
[ SLEEP1_1 ]                      10.666    -0.243     -0.243       -0.168
[ SLEEP4_1 ]                      23.398    -0.414     -0.414       -0.288
[ SLEEP7_1 ]                      13.985    -0.498     -0.498       -0.339



SAVEDATA INFORMATION


  Difference testing

  Save file
    sleep1_student_age_inv_metric.dat
  Save format      Free

     Beginning Time:  22:21:53
        Ending Time:  22:21:53
       Elapsed Time:  00:00:00



MUTHEN & MUTHEN
3463 Stoner Ave.
Los Angeles, CA  90066

Tel: (310) 391-9971
Fax: (310) 391-8971
Web: www.StatModel.com
Support: Support@StatModel.com

Copyright (c) 1998-2019 Muthen & Muthen
