Mplus VERSION 8.4 (Mac)
MUTHEN & MUTHEN
05/03/2023  10:16 PM

INPUT INSTRUCTIONS

  Title: Student Sleep Gender Measurement Invariance Metric Model;

  Data:
     File is ../dat_stu.txt;

  Variable:
     Names are studentid index treatment girl age_w child_grade in_ukr
     guardian_living guardian_region
     grit1_1 grit2_1 grit3_1 grit4_1 grit5_1 grit6_1 grit7_1 grit8_1
     loc1_1 loc2_1 loc3_1 loc4_1
     dass1_1 dass2_1 dass3_1 dass4_1 dass5_1 dass6_1 dass7_1 dass8_1
     dass9_1 dass10_1 dass11_1 dass12_1 dass13_1 dass14_1
     sleep1_1 sleep2_1 sleep3_1 sleep4_1 sleep5_1 sleep6_1 sleep7_1
     efficacy_1 edugoals_1 remotediff_1 timeclass_1 timehomework_1
     grit1_2 grit2_2 grit3_2 grit4_2 grit5_2 grit6_2 grit7_2 grit8_2
     loc1_2 loc2_2 loc3_2 loc4_2
     dass1_2 dass2_2 dass3_2 dass4_2 dass5_2 dass6_2 dass7_2 dass8_2
     dass9_2 dass10_2 dass11_2 dass12_2 dass13_2 dass14_2
     efficacy_2 edugoals_2 timeclass_2 timehomework_2 compmath_2 half;
     Missing are . ;

    Usevariable are
  	sleep1_1 sleep2_1 sleep3_1 sleep4_1 sleep5_1 sleep6_1 sleep7_1;

    Categorical is
  	sleep1_1 sleep2_1 sleep3_1 sleep4_1 sleep5_1 sleep6_1 sleep7_1;

    Idvariable is studentid;

    Group is girl (1 = Female 0 = Male);

  Analysis:
     Estimator = wlsmv;
     Parameterization = theta;
     Difftest = sleep1_student_gender_inv_config.dat


  !!! Model for Male Group !!!

  Model:
    ! Factor loadings all freely estimated
    sleep_1 by
      sleep1_1-sleep7_1* (L1-L7);

    sleep1_1 with sleep2_1;
    sleep6_1 with sleep7_1;

    !estimating thresholds freely
    [sleep1_1$1-sleep7_1$1*] (T1_1-T1_7);
    [sleep1_1$2-sleep7_1$2*] (T2_1-T2_7);
    [sleep1_1$3-sleep7_1$3*] (T3_1-T3_7);

    !constraining item residual variance to 1 for identification
    sleep1_1-sleep7_1@1;

    !fixing latent mean to zero for identification
    [sleep_1@0];

    !fixing latent variance to one for identification
    sleep_1@1;

  !!! Model for Female Group !!!

  Model Female:
    ! Factor loadings constrained to *be equal to the control group*
    sleep_1 by sleep1_1-sleep7_1* (L1-L7);

    sleep1_1 with sleep2_1;
    sleep6_1 with sleep7_1;

    ! estimating thresholds freely
    [sleep1_1$1-sleep7_1$1*];
    [sleep1_1$2-sleep7_1$2*];
    [sleep1_1$3-sleep7_1$3*];

    ! constraining item residual variance to 1 for identification
    sleep1_1-sleep7_1@1;

    ! fixing latent factor mean to zero for identification
    [sleep_1@0];

    ! latent factor variance *estimated*
    sleep_1*;

  Output: sampstat stdyx modindices(all);
  Savedata: Difftest is sleep1_student_gender_inv_metric.dat;



INPUT READING TERMINATED NORMALLY



Student Sleep Gender Measurement Invariance Metric Model;

SUMMARY OF ANALYSIS

Number of groups                                                 2
Number of observations
   Group MALE                                                 1133
   Group FEMALE                                               1411
   Total sample size                                          2544

Number of dependent variables                                    7
Number of independent variables                                  0
Number of continuous latent variables                            1

Observed dependent variables

  Binary and ordered categorical (ordinal)
   SLEEP1_1    SLEEP2_1    SLEEP3_1    SLEEP4_1    SLEEP5_1    SLEEP6_1
   SLEEP7_1

Continuous latent variables
   SLEEP_1

Variables with special functions

  Grouping variable     GIRL
  ID variable           STUDENTI

Estimator                                                    WLSMV
Maximum number of iterations                                  1000
Convergence criterion                                    0.500D-04
Maximum number of steepest descent iterations                   20
Maximum number of iterations for H1                           2000
Convergence criterion for H1                             0.100D-03
Parameterization                                             THETA
Link                                                        PROBIT

Input data file(s)
  ../dat_stu.txt

Input data format  FREE


SUMMARY OF DATA

   Group MALE
     Number of missing data patterns             1

   Group FEMALE
     Number of missing data patterns             1


COVARIANCE COVERAGE OF DATA

Minimum covariance coverage value   0.100


     PROPORTION OF DATA PRESENT FOR MALE


           Covariance Coverage
              SLEEP1_1      SLEEP2_1      SLEEP3_1      SLEEP4_1      SLEEP5_1
              ________      ________      ________      ________      ________
 SLEEP1_1       1.000
 SLEEP2_1       1.000         1.000
 SLEEP3_1       1.000         1.000         1.000
 SLEEP4_1       1.000         1.000         1.000         1.000
 SLEEP5_1       1.000         1.000         1.000         1.000         1.000
 SLEEP6_1       1.000         1.000         1.000         1.000         1.000
 SLEEP7_1       1.000         1.000         1.000         1.000         1.000


           Covariance Coverage
              SLEEP6_1      SLEEP7_1
              ________      ________
 SLEEP6_1       1.000
 SLEEP7_1       1.000         1.000


     PROPORTION OF DATA PRESENT FOR FEMALE


           Covariance Coverage
              SLEEP1_1      SLEEP2_1      SLEEP3_1      SLEEP4_1      SLEEP5_1
              ________      ________      ________      ________      ________
 SLEEP1_1       1.000
 SLEEP2_1       1.000         1.000
 SLEEP3_1       1.000         1.000         1.000
 SLEEP4_1       1.000         1.000         1.000         1.000
 SLEEP5_1       1.000         1.000         1.000         1.000         1.000
 SLEEP6_1       1.000         1.000         1.000         1.000         1.000
 SLEEP7_1       1.000         1.000         1.000         1.000         1.000


           Covariance Coverage
              SLEEP6_1      SLEEP7_1
              ________      ________
 SLEEP6_1       1.000
 SLEEP7_1       1.000         1.000


UNIVARIATE PROPORTIONS AND COUNTS FOR CATEGORICAL VARIABLES

  Group MALE
    SLEEP1_1
      Category 1    0.287          325.000
      Category 2    0.391          443.000
      Category 3    0.214          242.000
      Category 4    0.086           97.000
      Category 5    0.023           26.000
    SLEEP2_1
      Category 1    0.425          482.000
      Category 2    0.335          379.000
      Category 3    0.175          198.000
      Category 4    0.053           60.000
      Category 5    0.012           14.000
    SLEEP3_1
      Category 1    0.479          543.000
      Category 2    0.352          399.000
      Category 3    0.121          137.000
      Category 4    0.038           43.000
      Category 5    0.010           11.000
    SLEEP4_1
      Category 1    0.173          196.000
      Category 2    0.398          451.000
      Category 3    0.308          349.000
      Category 4    0.103          117.000
      Category 5    0.018           20.000
    SLEEP5_1
      Category 1    0.547          620.000
      Category 2    0.283          321.000
      Category 3    0.108          122.000
      Category 4    0.047           53.000
      Category 5    0.015           17.000
    SLEEP6_1
      Category 1    0.721          817.000
      Category 2    0.199          225.000
      Category 3    0.066           75.000
      Category 4    0.011           12.000
      Category 5    0.004            4.000
    SLEEP7_1
      Category 1    0.534          605.000
      Category 2    0.306          347.000
      Category 3    0.114          129.000
      Category 4    0.040           45.000
      Category 5    0.006            7.000

  Group FEMALE
    SLEEP1_1
      Category 1    0.235          332.000
      Category 2    0.373          527.000
      Category 3    0.248          350.000
      Category 4    0.108          153.000
      Category 5    0.035           49.000
    SLEEP2_1
      Category 1    0.337          476.000
      Category 2    0.343          484.000
      Category 3    0.211          298.000
      Category 4    0.091          129.000
      Category 5    0.017           24.000
    SLEEP3_1
      Category 1    0.449          633.000
      Category 2    0.347          490.000
      Category 3    0.123          174.000
      Category 4    0.067           95.000
      Category 5    0.013           19.000
    SLEEP4_1
      Category 1    0.116          164.000
      Category 2    0.320          452.000
      Category 3    0.360          508.000
      Category 4    0.172          242.000
      Category 5    0.032           45.000
    SLEEP5_1
      Category 1    0.484          683.000
      Category 2    0.310          437.000
      Category 3    0.152          215.000
      Category 4    0.039           55.000
      Category 5    0.015           21.000
    SLEEP6_1
      Category 1    0.658          928.000
      Category 2    0.224          316.000
      Category 3    0.091          128.000
      Category 4    0.023           32.000
      Category 5    0.005            7.000
    SLEEP7_1
      Category 1    0.450          635.000
      Category 2    0.327          462.000
      Category 3    0.147          208.000
      Category 4    0.062           87.000
      Category 5    0.013           19.000


SAMPLE STATISTICS


     ESTIMATED SAMPLE STATISTICS FOR MALE


           MEANS/INTERCEPTS/THRESHOLDS
              SLEEP1_1      SLEEP1_1      SLEEP1_1      SLEEP1_1      SLEEP2_1
              ________      ________      ________      ________      ________
               -0.563         0.462         1.234         1.996        -0.188


           MEANS/INTERCEPTS/THRESHOLDS
              SLEEP2_1      SLEEP2_1      SLEEP2_1      SLEEP3_1      SLEEP3_1
              ________      ________      ________      ________      ________
                0.706         1.512         2.246        -0.052         0.960


           MEANS/INTERCEPTS/THRESHOLDS
              SLEEP3_1      SLEEP3_1      SLEEP4_1      SLEEP4_1      SLEEP4_1
              ________      ________      ________      ________      ________
                1.668         2.337        -0.942         0.179         1.170


           MEANS/INTERCEPTS/THRESHOLDS
              SLEEP4_1      SLEEP5_1      SLEEP5_1      SLEEP5_1      SLEEP5_1
              ________      ________      ________      ________      ________
                2.105         0.119         0.956         1.540         2.170


           MEANS/INTERCEPTS/THRESHOLDS
              SLEEP6_1      SLEEP6_1      SLEEP6_1      SLEEP6_1      SLEEP7_1
              ________      ________      ________      ________      ________
                0.586         1.403         2.194         2.694         0.085


           MEANS/INTERCEPTS/THRESHOLDS
              SLEEP7_1      SLEEP7_1      SLEEP7_1
              ________      ________      ________
                0.995         1.686         2.502


           CORRELATION MATRIX (WITH VARIANCES ON THE DIAGONAL)
              SLEEP1_1      SLEEP2_1      SLEEP3_1      SLEEP4_1      SLEEP5_1
              ________      ________      ________      ________      ________
 SLEEP1_1
 SLEEP2_1       0.818
 SLEEP3_1       0.505         0.615
 SLEEP4_1       0.506         0.533         0.362
 SLEEP5_1       0.557         0.613         0.475         0.518
 SLEEP6_1       0.562         0.605         0.525         0.571         0.646
 SLEEP7_1       0.521         0.576         0.439         0.597         0.618


           CORRELATION MATRIX (WITH VARIANCES ON THE DIAGONAL)
              SLEEP6_1      SLEEP7_1
              ________      ________
 SLEEP7_1       0.692


     ESTIMATED SAMPLE STATISTICS FOR FEMALE


           MEANS/INTERCEPTS/THRESHOLDS
              SLEEP1_1      SLEEP1_1      SLEEP1_1      SLEEP1_1      SLEEP2_1
              ________      ________      ________      ________      ________
               -0.722         0.276         1.066         1.815        -0.420


           MEANS/INTERCEPTS/THRESHOLDS
              SLEEP2_1      SLEEP2_1      SLEEP2_1      SLEEP3_1      SLEEP3_1
              ________      ________      ________      ________      ________
                0.469         1.235         2.120        -0.129         0.827


           MEANS/INTERCEPTS/THRESHOLDS
              SLEEP3_1      SLEEP3_1      SLEEP4_1      SLEEP4_1      SLEEP4_1
              ________      ________      ________      ________      ________
                1.400         2.213        -1.194        -0.160         0.830


           MEANS/INTERCEPTS/THRESHOLDS
              SLEEP4_1      SLEEP5_1      SLEEP5_1      SLEEP5_1      SLEEP5_1
              ________      ________      ________      ________      ________
                1.854        -0.040         0.820         1.609         2.173


           MEANS/INTERCEPTS/THRESHOLDS
              SLEEP6_1      SLEEP6_1      SLEEP6_1      SLEEP6_1      SLEEP7_1
              ________      ________      ________      ________      ________
                0.406         1.183         1.917         2.579        -0.126


           MEANS/INTERCEPTS/THRESHOLDS
              SLEEP7_1      SLEEP7_1      SLEEP7_1
              ________      ________      ________
                0.764         1.439         2.213


           CORRELATION MATRIX (WITH VARIANCES ON THE DIAGONAL)
              SLEEP1_1      SLEEP2_1      SLEEP3_1      SLEEP4_1      SLEEP5_1
              ________      ________      ________      ________      ________
 SLEEP1_1
 SLEEP2_1       0.810
 SLEEP3_1       0.513         0.621
 SLEEP4_1       0.590         0.579         0.430
 SLEEP5_1       0.497         0.496         0.376         0.493
 SLEEP6_1       0.531         0.581         0.451         0.569         0.606
 SLEEP7_1       0.485         0.504         0.387         0.568         0.582


           CORRELATION MATRIX (WITH VARIANCES ON THE DIAGONAL)
              SLEEP6_1      SLEEP7_1
              ________      ________
 SLEEP7_1       0.659


THE MODEL ESTIMATION TERMINATED NORMALLY



MODEL FIT INFORMATION

Number of Free Parameters                       61

Chi-Square Test of Model Fit

          Value                            285.553*
          Degrees of Freedom                    37
          P-Value                           0.0000

Chi-Square Contribution From Each Group

          MALE                             107.352
          FEMALE                           178.201

Chi-Square Test for Difference Testing

          Value                             20.043*
          Degrees of Freedom                     6
          P-Value                           0.0027

*   The chi-square value for MLM, MLMV, MLR, ULSMV, WLSM and WLSMV cannot be used
    for chi-square difference testing in the regular way.  MLM, MLR and WLSM
    chi-square difference testing is described on the Mplus website.  MLMV, WLSMV,
    and ULSMV difference testing is done using the DIFFTEST option.  The DIFFTEST
    option assumes the models are nested.  The NESTED option can be used to verify
    that the models are nested.

RMSEA (Root Mean Square Error Of Approximation)

          Estimate                           0.073
          90 Percent C.I.                    0.065  0.081
          Probability RMSEA <= .05           0.000

CFI/TLI

          CFI                                0.988
          TLI                                0.986

Chi-Square Test of Model Fit for the Baseline Model

          Value                          20197.378
          Degrees of Freedom                    42
          P-Value                           0.0000

SRMR (Standardized Root Mean Square Residual)

          Value                              0.032

Optimum Function Value for Weighted Least-Squares Estimator

          Value                     0.44374061D-01



MODEL RESULTS

                                                    Two-Tailed
                    Estimate       S.E.  Est./S.E.    P-Value

Group MALE

 SLEEP_1  BY
    SLEEP1_1           1.075      0.047     22.664      0.000
    SLEEP2_1           1.309      0.056     23.531      0.000
    SLEEP3_1           0.882      0.041     21.314      0.000
    SLEEP4_1           1.070      0.045     23.685      0.000
    SLEEP5_1           1.111      0.050     22.014      0.000
    SLEEP6_1           1.254      0.064     19.672      0.000
    SLEEP7_1           1.099      0.049     22.492      0.000

 SLEEP1_1 WITH
    SLEEP2_1           0.571      0.025     22.654      0.000

 SLEEP6_1 WITH
    SLEEP7_1           0.271      0.046      5.828      0.000

 Means
    SLEEP_1            0.000      0.000    999.000    999.000

 Thresholds
    SLEEP1_1$1        -0.826      0.058    -14.181      0.000
    SLEEP1_1$2         0.678      0.058     11.674      0.000
    SLEEP1_1$3         1.812      0.075     24.038      0.000
    SLEEP1_1$4         2.745      0.076     35.973      0.000
    SLEEP2_1$1        -0.310      0.061     -5.063      0.000
    SLEEP2_1$2         1.163      0.071     16.456      0.000
    SLEEP2_1$3         2.490      0.098     25.387      0.000
    SLEEP2_1$4         3.543      0.105     33.876      0.000
    SLEEP3_1$1        -0.069      0.050     -1.399      0.162
    SLEEP3_1$2         1.280      0.061     20.959      0.000
    SLEEP3_1$3         2.224      0.086     25.926      0.000
    SLEEP3_1$4         2.997      0.093     32.347      0.000
    SLEEP4_1$1        -1.380      0.066    -20.925      0.000
    SLEEP4_1$2         0.262      0.055      4.754      0.000
    SLEEP4_1$3         1.714      0.073     23.420      0.000
    SLEEP4_1$4         2.821      0.077     36.603      0.000
    SLEEP5_1$1         0.177      0.056      3.153      0.002
    SLEEP5_1$2         1.430      0.070     20.527      0.000
    SLEEP5_1$3         2.302      0.091     25.389      0.000
    SLEEP5_1$4         3.226      0.097     33.223      0.000
    SLEEP6_1$1         0.940      0.069     13.545      0.000
    SLEEP6_1$2         2.251      0.096     23.346      0.000
    SLEEP6_1$3         3.519      0.159     22.116      0.000
    SLEEP6_1$4         4.173      0.170     24.560      0.000
    SLEEP7_1$1         0.127      0.056      2.273      0.023
    SLEEP7_1$2         1.479      0.070     21.134      0.000
    SLEEP7_1$3         2.505      0.096     26.032      0.000
    SLEEP7_1$4         3.391      0.111     30.682      0.000

 Variances
    SLEEP_1            1.000      0.000    999.000    999.000

 Residual Variances
    SLEEP1_1           1.000      0.000    999.000    999.000
    SLEEP2_1           1.000      0.000    999.000    999.000
    SLEEP3_1           1.000      0.000    999.000    999.000
    SLEEP4_1           1.000      0.000    999.000    999.000
    SLEEP5_1           1.000      0.000    999.000    999.000
    SLEEP6_1           1.000      0.000    999.000    999.000
    SLEEP7_1           1.000      0.000    999.000    999.000

Group FEMALE

 SLEEP_1  BY
    SLEEP1_1           1.075      0.047     22.664      0.000
    SLEEP2_1           1.309      0.056     23.531      0.000
    SLEEP3_1           0.882      0.041     21.314      0.000
    SLEEP4_1           1.070      0.045     23.685      0.000
    SLEEP5_1           1.111      0.050     22.014      0.000
    SLEEP6_1           1.254      0.064     19.672      0.000
    SLEEP7_1           1.099      0.049     22.492      0.000

 SLEEP1_1 WITH
    SLEEP2_1           0.563      0.022     25.881      0.000

 SLEEP6_1 WITH
    SLEEP7_1           0.211      0.041      5.114      0.000

 Means
    SLEEP_1            0.000      0.000    999.000    999.000

 Thresholds
    SLEEP1_1$1        -1.048      0.054    -19.290      0.000
    SLEEP1_1$2         0.401      0.049      8.115      0.000
    SLEEP1_1$3         1.548      0.061     25.337      0.000
    SLEEP1_1$4         2.745      0.076     35.973      0.000
    SLEEP2_1$1        -0.682      0.056    -12.200      0.000
    SLEEP2_1$2         0.762      0.058     13.232      0.000
    SLEEP2_1$3         2.008      0.074     27.045      0.000
    SLEEP2_1$4         3.543      0.105     33.876      0.000
    SLEEP3_1$1        -0.171      0.044     -3.880      0.000
    SLEEP3_1$2         1.093      0.051     21.362      0.000
    SLEEP3_1$3         1.849      0.064     28.798      0.000
    SLEEP3_1$4         2.997      0.093     32.347      0.000
    SLEEP4_1$1        -1.729      0.065    -26.641      0.000
    SLEEP4_1$2        -0.231      0.049     -4.762      0.000
    SLEEP4_1$3         1.201      0.055     21.736      0.000
    SLEEP4_1$4         2.821      0.077     36.603      0.000
    SLEEP5_1$1        -0.059      0.049     -1.200      0.230
    SLEEP5_1$2         1.211      0.058     20.796      0.000
    SLEEP5_1$3         2.377      0.083     28.471      0.000
    SLEEP5_1$4         3.226      0.097     33.223      0.000
    SLEEP6_1$1         0.643      0.057     11.188      0.000
    SLEEP6_1$2         1.874      0.076     24.563      0.000
    SLEEP6_1$3         3.036      0.116     26.149      0.000
    SLEEP6_1$4         4.173      0.170     24.560      0.000
    SLEEP7_1$1        -0.184      0.049     -3.771      0.000
    SLEEP7_1$2         1.122      0.057     19.622      0.000
    SLEEP7_1$3         2.113      0.076     27.697      0.000
    SLEEP7_1$4         3.391      0.111     30.682      0.000

 Variances
    SLEEP_1            0.959      0.073     13.061      0.000

 Residual Variances
    SLEEP1_1           1.000      0.000    999.000    999.000
    SLEEP2_1           1.000      0.000    999.000    999.000
    SLEEP3_1           1.000      0.000    999.000    999.000
    SLEEP4_1           1.000      0.000    999.000    999.000
    SLEEP5_1           1.000      0.000    999.000    999.000
    SLEEP6_1           1.000      0.000    999.000    999.000
    SLEEP7_1           1.000      0.000    999.000    999.000


STANDARDIZED MODEL RESULTS


STDYX Standardization

                                                    Two-Tailed
                    Estimate       S.E.  Est./S.E.    P-Value

Group MALE

 SLEEP_1  BY
    SLEEP1_1           0.732      0.015     48.856      0.000
    SLEEP2_1           0.795      0.012     63.857      0.000
    SLEEP3_1           0.661      0.017     37.881      0.000
    SLEEP4_1           0.731      0.014     50.808      0.000
    SLEEP5_1           0.743      0.015     49.187      0.000
    SLEEP6_1           0.782      0.015     50.625      0.000
    SLEEP7_1           0.740      0.015     49.650      0.000

 SLEEP1_1 WITH
    SLEEP2_1           0.571      0.025     22.654      0.000

 SLEEP6_1 WITH
    SLEEP7_1           0.271      0.046      5.828      0.000

 Means
    SLEEP_1            0.000      0.000    999.000    999.000

 Thresholds
    SLEEP1_1$1        -0.563      0.039    -14.259      0.000
    SLEEP1_1$2         0.462      0.039     11.926      0.000
    SLEEP1_1$3         1.234      0.050     24.872      0.000
    SLEEP1_1$4         1.870      0.055     33.900      0.000
    SLEEP2_1$1        -0.188      0.037     -5.019      0.000
    SLEEP2_1$2         0.706      0.041     17.301      0.000
    SLEEP2_1$3         1.512      0.058     26.210      0.000
    SLEEP2_1$4         2.151      0.071     30.218      0.000
    SLEEP3_1$1        -0.052      0.037     -1.397      0.163
    SLEEP3_1$2         0.960      0.044     21.721      0.000
    SLEEP3_1$3         1.668      0.064     26.159      0.000
    SLEEP3_1$4         2.248      0.074     30.381      0.000
    SLEEP4_1$1        -0.942      0.044    -21.460      0.000
    SLEEP4_1$2         0.179      0.037      4.781      0.000
    SLEEP4_1$3         1.170      0.048     24.299      0.000
    SLEEP4_1$4         1.926      0.059     32.778      0.000
    SLEEP5_1$1         0.119      0.037      3.178      0.001
    SLEEP5_1$2         0.956      0.044     21.669      0.000
    SLEEP5_1$3         1.540      0.059     26.242      0.000
    SLEEP5_1$4         2.158      0.070     30.620      0.000
    SLEEP6_1$1         0.586      0.040     14.780      0.000
    SLEEP6_1$2         1.403      0.054     25.910      0.000
    SLEEP6_1$3         2.194      0.097     22.502      0.000
    SLEEP6_1$4         2.601      0.111     23.352      0.000
    SLEEP7_1$1         0.085      0.037      2.287      0.022
    SLEEP7_1$2         0.995      0.045     22.230      0.000
    SLEEP7_1$3         1.686      0.065     26.114      0.000
    SLEEP7_1$4         2.282      0.082     27.869      0.000

 Variances
    SLEEP_1            1.000      0.000    999.000    999.000

 Residual Variances
    SLEEP1_1           0.464      0.022     21.138      0.000
    SLEEP2_1           0.368      0.020     18.631      0.000
    SLEEP3_1           0.563      0.023     24.369      0.000
    SLEEP4_1           0.466      0.021     22.183      0.000
    SLEEP5_1           0.448      0.022     19.923      0.000
    SLEEP6_1           0.389      0.024     16.087      0.000
    SLEEP7_1           0.453      0.022     20.560      0.000

Group FEMALE

 SLEEP_1  BY
    SLEEP1_1           0.725      0.014     52.062      0.000
    SLEEP2_1           0.788      0.012     67.389      0.000
    SLEEP3_1           0.653      0.015     42.342      0.000
    SLEEP4_1           0.723      0.013     56.790      0.000
    SLEEP5_1           0.736      0.014     53.466      0.000
    SLEEP6_1           0.775      0.014     54.295      0.000
    SLEEP7_1           0.732      0.014     52.231      0.000

 SLEEP1_1 WITH
    SLEEP2_1           0.563      0.022     25.881      0.000

 SLEEP6_1 WITH
    SLEEP7_1           0.211      0.041      5.114      0.000

 Means
    SLEEP_1            0.000      0.000    999.000    999.000

 Thresholds
    SLEEP1_1$1        -0.722      0.037    -19.648      0.000
    SLEEP1_1$2         0.276      0.034      8.163      0.000
    SLEEP1_1$3         1.066      0.041     25.843      0.000
    SLEEP1_1$4         1.891      0.052     36.071      0.000
    SLEEP2_1$1        -0.420      0.034    -12.182      0.000
    SLEEP2_1$2         0.469      0.035     13.496      0.000
    SLEEP2_1$3         1.235      0.044     27.766      0.000
    SLEEP2_1$4         2.180      0.067     32.518      0.000
    SLEEP3_1$1        -0.129      0.033     -3.864      0.000
    SLEEP3_1$2         0.827      0.038     21.846      0.000
    SLEEP3_1$3         1.400      0.048     28.897      0.000
    SLEEP3_1$4         2.268      0.071     32.055      0.000
    SLEEP4_1$1        -1.194      0.044    -27.370      0.000
    SLEEP4_1$2        -0.160      0.034     -4.764      0.000
    SLEEP4_1$3         0.829      0.038     21.891      0.000
    SLEEP4_1$4         1.947      0.055     35.687      0.000
    SLEEP5_1$1        -0.040      0.033     -1.198      0.231
    SLEEP5_1$2         0.820      0.038     21.696      0.000
    SLEEP5_1$3         1.609      0.055     29.290      0.000
    SLEEP5_1$4         2.183      0.065     33.450      0.000
    SLEEP6_1$1         0.406      0.034     11.812      0.000
    SLEEP6_1$2         1.183      0.043     27.256      0.000
    SLEEP6_1$3         1.917      0.069     27.917      0.000
    SLEEP6_1$4         2.635      0.104     25.390      0.000
    SLEEP7_1$1        -0.126      0.033     -3.753      0.000
    SLEEP7_1$2         0.764      0.037     20.553      0.000
    SLEEP7_1$3         1.439      0.050     29.058      0.000
    SLEEP7_1$4         2.308      0.075     30.781      0.000

 Variances
    SLEEP_1            1.000      0.000    999.000    999.000

 Residual Variances
    SLEEP1_1           0.474      0.020     23.499      0.000
    SLEEP2_1           0.378      0.018     20.511      0.000
    SLEEP3_1           0.573      0.020     28.416      0.000
    SLEEP4_1           0.477      0.018     25.866      0.000
    SLEEP5_1           0.458      0.020     22.592      0.000
    SLEEP6_1           0.399      0.022     17.998      0.000
    SLEEP7_1           0.464      0.021     22.563      0.000


R-SQUARE

Group MALE

    Observed                                        Two-Tailed     Scale
    Variable        Estimate       S.E.  Est./S.E.    P-Value     Factors

    SLEEP1_1           0.536      0.022     24.428      0.000      0.681
    SLEEP2_1           0.632      0.020     31.928      0.000      0.607
    SLEEP3_1           0.437      0.023     18.940      0.000      0.750
    SLEEP4_1           0.534      0.021     25.404      0.000      0.683
    SLEEP5_1           0.552      0.022     24.594      0.000      0.669
    SLEEP6_1           0.611      0.024     25.313      0.000      0.623
    SLEEP7_1           0.547      0.022     24.825      0.000      0.673

Group FEMALE

    Observed                                        Two-Tailed     Scale
    Variable        Estimate       S.E.  Est./S.E.    P-Value     Factors

    SLEEP1_1           0.526      0.020     26.031      0.000      0.689
    SLEEP2_1           0.622      0.018     33.695      0.000      0.615
    SLEEP3_1           0.427      0.020     21.171      0.000      0.757
    SLEEP4_1           0.523      0.018     28.395      0.000      0.690
    SLEEP5_1           0.542      0.020     26.733      0.000      0.677
    SLEEP6_1           0.601      0.022     27.148      0.000      0.631
    SLEEP7_1           0.536      0.021     26.115      0.000      0.681


QUALITY OF NUMERICAL RESULTS

     Condition Number for the Information Matrix              0.780E-02
       (ratio of smallest to largest eigenvalue)


MODEL MODIFICATION INDICES

Minimum M.I. value for printing the modification index    10.000

                                   M.I.     E.P.C.  Std E.P.C.  StdYX E.P.C.
Group MALE


ON/BY Statements

SLEEP4_1 ON SLEEP_1  /
SLEEP_1  BY SLEEP4_1              21.380    -0.110     -0.110       -0.075
SLEEP5_1 ON SLEEP_1  /
SLEEP_1  BY SLEEP5_1              17.162     0.103      0.103        0.069

ON Statements

SLEEP_1  ON SLEEP4_1              21.332    -0.265     -0.265       -0.388
SLEEP_1  ON SLEEP5_1              17.209     0.247      0.247        0.370
SLEEP2_1 ON SLEEP3_1              18.852     0.171      0.171        0.138
SLEEP4_1 ON SLEEP1_1              19.989    -0.138     -0.138       -0.138
SLEEP4_1 ON SLEEP2_1              23.445    -0.137     -0.137       -0.154
SLEEP4_1 ON SLEEP3_1              40.017    -0.247     -0.247       -0.225
SLEEP4_1 ON SLEEP5_1              14.425    -0.125     -0.125       -0.128
SLEEP5_1 ON SLEEP1_1              10.238     0.103      0.103        0.101
SLEEP5_1 ON SLEEP2_1              12.444     0.104      0.104        0.115
SLEEP5_1 ON SLEEP6_1              28.467     0.173      0.173        0.185
SLEEP5_1 ON SLEEP7_1              30.378     0.178      0.178        0.177
SLEEP7_1 ON SLEEP4_1              12.555     0.112      0.112        0.110
SLEEP7_1 ON SLEEP5_1              13.741     0.123      0.123        0.123

WITH Statements

SLEEP3_1 WITH SLEEP2_1            28.124     0.260      0.260        0.260
SLEEP4_1 WITH SLEEP_1             21.380    -0.265     -0.265       -0.265
SLEEP4_1 WITH SLEEP3_1            24.885    -0.274     -0.274       -0.274
SLEEP5_1 WITH SLEEP_1             17.162     0.247      0.247        0.247
SLEEP6_1 WITH SLEEP5_1            11.396     0.202      0.202        0.202
SLEEP7_1 WITH SLEEP4_1            13.560     0.168      0.168        0.168
SLEEP7_1 WITH SLEEP5_1            15.709     0.199      0.199        0.199

Variances/Residual Variances

SLEEP5_1                          17.597    -0.436     -0.436       -0.195
SLEEP7_1                          14.499    -0.430     -0.430       -0.195

Means/Intercepts/Thresholds

[ SLEEP_1  ]                      22.840    -0.339     -0.339       -0.339

Group FEMALE


ON/BY Statements

SLEEP4_1 ON SLEEP_1  /
SLEEP_1  BY SLEEP4_1              21.393     0.155      0.152        0.105
SLEEP5_1 ON SLEEP_1  /
SLEEP_1  BY SLEEP5_1              17.159    -0.144     -0.141       -0.096

ON Statements

SLEEP_1  ON SLEEP4_1              21.368     0.254      0.259        0.376
SLEEP_1  ON SLEEP5_1              17.184    -0.237     -0.242       -0.358
SLEEP1_1 ON SLEEP4_1              27.117     0.175      0.175        0.175
SLEEP2_1 ON SLEEP3_1              47.881     0.268      0.268        0.218
SLEEP2_1 ON SLEEP5_1              12.034    -0.137     -0.137       -0.124
SLEEP2_1 ON SLEEP7_1              11.319    -0.130     -0.130       -0.117
SLEEP3_1 ON SLEEP1_1              16.642     0.108      0.108        0.118
SLEEP3_1 ON SLEEP2_1              24.473     0.115      0.115        0.142
SLEEP4_1 ON SLEEP1_1              41.208     0.196      0.196        0.197
SLEEP4_1 ON SLEEP2_1              26.546     0.144      0.144        0.162
SLEEP4_1 ON SLEEP6_1              16.080     0.132      0.132        0.145
SLEEP4_1 ON SLEEP7_1              18.635     0.128      0.128        0.130
SLEEP5_1 ON SLEEP1_1              27.043    -0.166     -0.166       -0.163
SLEEP5_1 ON SLEEP2_1              33.756    -0.170     -0.170       -0.187
SLEEP5_1 ON SLEEP3_1              36.011    -0.230     -0.230       -0.206
SLEEP5_1 ON SLEEP4_1              17.002    -0.140     -0.140       -0.137
SLEEP7_1 ON SLEEP1_1              17.086    -0.133     -0.133       -0.131
SLEEP7_1 ON SLEEP2_1              18.631    -0.127     -0.127       -0.140
SLEEP7_1 ON SLEEP3_1              20.066    -0.179     -0.179       -0.161

WITH Statements

SLEEP3_1 WITH SLEEP2_1            75.652     0.418      0.418        0.418
SLEEP4_1 WITH SLEEP_1             21.393     0.254      0.259        0.259
SLEEP4_1 WITH SLEEP1_1            34.247     0.297      0.297        0.297
SLEEP5_1 WITH SLEEP_1             17.159    -0.237     -0.242       -0.242
SLEEP5_1 WITH SLEEP2_1            23.192    -0.273     -0.273       -0.273
SLEEP5_1 WITH SLEEP3_1            24.564    -0.258     -0.258       -0.258
SLEEP7_1 WITH SLEEP2_1            19.111    -0.243     -0.243       -0.243
SLEEP7_1 WITH SLEEP3_1            21.745    -0.252     -0.252       -0.252
SLEEP7_1 WITH SLEEP5_1            10.021     0.155      0.155        0.155

Variances/Residual Variances

SLEEP5_1                          17.711     0.438      0.438        0.200
SLEEP7_1                          14.327     0.427      0.427        0.198

Means/Intercepts/Thresholds

[ SLEEP_1  ]                      22.836     0.339      0.346        0.346



SAVEDATA INFORMATION


  Difference testing

  Save file
    sleep1_student_gender_inv_metric.dat
  Save format      Free

     Beginning Time:  22:16:03
        Ending Time:  22:16:03
       Elapsed Time:  00:00:00



MUTHEN & MUTHEN
3463 Stoner Ave.
Los Angeles, CA  90066

Tel: (310) 391-9971
Fax: (310) 391-8971
Web: www.StatModel.com
Support: Support@StatModel.com

Copyright (c) 1998-2019 Muthen & Muthen
