Mplus VERSION 8.4 (Mac)
MUTHEN & MUTHEN
05/03/2023  10:21 PM

INPUT INSTRUCTIONS

  Title: Student Sleep Gender Measurement Invariance Scalar Model;

    Data:
       File is ../dat_stu.txt;

    Variable:
       Names are studentid index treatment girl age_w child_grade in_ukr
       guardian_living guardian_region
       grit1_1 grit2_1 grit3_1 grit4_1 grit5_1 grit6_1 grit7_1 grit8_1
       loc1_1 loc2_1 loc3_1 loc4_1
       dass1_1 dass2_1 dass3_1 dass4_1 dass5_1 dass6_1 dass7_1 dass8_1
       dass9_1 dass10_1 dass11_1 dass12_1 dass13_1 dass14_1
       sleep1_1 sleep2_1 sleep3_1 sleep4_1 sleep5_1 sleep6_1 sleep7_1
       efficacy_1 edugoals_1 remotediff_1 timeclass_1 timehomework_1
       grit1_2 grit2_2 grit3_2 grit4_2 grit5_2 grit6_2 grit7_2 grit8_2
       loc1_2 loc2_2 loc3_2 loc4_2
       dass1_2 dass2_2 dass3_2 dass4_2 dass5_2 dass6_2 dass7_2 dass8_2
       dass9_2 dass10_2 dass11_2 dass12_2 dass13_2 dass14_2
       efficacy_2 edugoals_2 timeclass_2 timehomework_2 compmath_2 half;
       Missing are . ;

      Usevariable are
    	sleep1_1 sleep2_1 sleep3_1 sleep4_1 sleep5_1 sleep6_1 sleep7_1 age_c;

      Categorical is
    	sleep1_1 sleep2_1 sleep3_1 sleep4_1 sleep5_1 sleep6_1 sleep7_1;

      Idvariable is studentid;

      Group is age_c (1 = Older 0 = Younger);

  Define:
  	age_c = 0;
  	if(age_w ge 13) then age_c = 1;

  Analysis:
     Estimator = wlsmv;
     Parameterization = theta;
     Difftest = sleep1_student_age_inv_metric.dat


  !!! Model for Younger Students !!!

  Model:
    ! Factor loadings all freely estimated
    sleep_1 by
      sleep1_1-sleep7_1* (L1-L7);

    sleep1_1 with sleep2_1;
    sleep6_1 with sleep7_1;

    !estimating thresholds freely
    [sleep1_1$1-sleep7_1$1*] (T1_1-T1_7);
    [sleep1_1$2-sleep7_1$2*] (T2_1-T2_7);
    [sleep1_1$3-sleep7_1$3*] (T3_1-T3_7);

    !constraining item residual variance to 1 for identification
    sleep1_1-sleep7_1@1;

    !fixing latent mean to zero for identification
    [sleep_1@0];

    !fixing latent variance to one for identification
    sleep_1@1;

  !!! Model for Older Students !!!

  Model Older:
    ! Factor loadings constrained to *be equal to the control group*
    sleep_1 by sleep1_1-sleep7_1* (L1-L7);

    sleep1_1 with sleep2_1;
    sleep6_1 with sleep7_1;

    ! *thresholds held equal to the control group when left blank*

    ! constraining item residual variance to 1 for identification
    sleep1_1-sleep7_1@1;

    ! latent factor mean *estimated*
    [sleep_1*];

    ! latent factor variance *estimated*
    sleep_1*;

  Output: sampstat stdyx modindices(all);
  Savedata: Difftest is sleep1_student_age_inv_scalar.dat;



INPUT READING TERMINATED NORMALLY



Student Sleep Gender Measurement Invariance Scalar Model;

SUMMARY OF ANALYSIS

Number of groups                                                 2
Number of observations
   Group YOUNGER                                              1280
   Group OLDER                                                1264
   Total sample size                                          2544

Number of dependent variables                                    7
Number of independent variables                                  0
Number of continuous latent variables                            1

Observed dependent variables

  Binary and ordered categorical (ordinal)
   SLEEP1_1    SLEEP2_1    SLEEP3_1    SLEEP4_1    SLEEP5_1    SLEEP6_1
   SLEEP7_1

Continuous latent variables
   SLEEP_1

Variables with special functions

  Grouping variable     AGE_C
  ID variable           STUDENTI

Estimator                                                    WLSMV
Maximum number of iterations                                  1000
Convergence criterion                                    0.500D-04
Maximum number of steepest descent iterations                   20
Maximum number of iterations for H1                           2000
Convergence criterion for H1                             0.100D-03
Parameterization                                             THETA
Link                                                        PROBIT

Input data file(s)
  ../dat_stu.txt

Input data format  FREE


SUMMARY OF DATA

   Group YOUNGER
     Number of missing data patterns             1

   Group OLDER
     Number of missing data patterns             1


COVARIANCE COVERAGE OF DATA

Minimum covariance coverage value   0.100


     PROPORTION OF DATA PRESENT FOR YOUNGER


           Covariance Coverage
              SLEEP1_1      SLEEP2_1      SLEEP3_1      SLEEP4_1      SLEEP5_1
              ________      ________      ________      ________      ________
 SLEEP1_1       1.000
 SLEEP2_1       1.000         1.000
 SLEEP3_1       1.000         1.000         1.000
 SLEEP4_1       1.000         1.000         1.000         1.000
 SLEEP5_1       1.000         1.000         1.000         1.000         1.000
 SLEEP6_1       1.000         1.000         1.000         1.000         1.000
 SLEEP7_1       1.000         1.000         1.000         1.000         1.000


           Covariance Coverage
              SLEEP6_1      SLEEP7_1
              ________      ________
 SLEEP6_1       1.000
 SLEEP7_1       1.000         1.000


     PROPORTION OF DATA PRESENT FOR OLDER


           Covariance Coverage
              SLEEP1_1      SLEEP2_1      SLEEP3_1      SLEEP4_1      SLEEP5_1
              ________      ________      ________      ________      ________
 SLEEP1_1       1.000
 SLEEP2_1       1.000         1.000
 SLEEP3_1       1.000         1.000         1.000
 SLEEP4_1       1.000         1.000         1.000         1.000
 SLEEP5_1       1.000         1.000         1.000         1.000         1.000
 SLEEP6_1       1.000         1.000         1.000         1.000         1.000
 SLEEP7_1       1.000         1.000         1.000         1.000         1.000


           Covariance Coverage
              SLEEP6_1      SLEEP7_1
              ________      ________
 SLEEP6_1       1.000
 SLEEP7_1       1.000         1.000


UNIVARIATE PROPORTIONS AND COUNTS FOR CATEGORICAL VARIABLES

  Group YOUNGER
    SLEEP1_1
      Category 1    0.273          350.000
      Category 2    0.411          526.000
      Category 3    0.213          273.000
      Category 4    0.081          104.000
      Category 5    0.021           27.000
    SLEEP2_1
      Category 1    0.406          520.000
      Category 2    0.351          449.000
      Category 3    0.174          223.000
      Category 4    0.057           73.000
      Category 5    0.012           15.000
    SLEEP3_1
      Category 1    0.481          616.000
      Category 2    0.355          454.000
      Category 3    0.113          144.000
      Category 4    0.043           55.000
      Category 5    0.009           11.000
    SLEEP4_1
      Category 1    0.164          210.000
      Category 2    0.418          535.000
      Category 3    0.292          374.000
      Category 4    0.112          143.000
      Category 5    0.014           18.000
    SLEEP5_1
      Category 1    0.543          695.000
      Category 2    0.295          377.000
      Category 3    0.110          141.000
      Category 4    0.038           49.000
      Category 5    0.014           18.000
    SLEEP6_1
      Category 1    0.714          914.000
      Category 2    0.204          261.000
      Category 3    0.064           82.000
      Category 4    0.016           21.000
      Category 5    0.002            2.000
    SLEEP7_1
      Category 1    0.530          678.000
      Category 2    0.313          401.000
      Category 3    0.112          143.000
      Category 4    0.041           52.000
      Category 5    0.005            6.000

  Group OLDER
    SLEEP1_1
      Category 1    0.243          307.000
      Category 2    0.351          444.000
      Category 3    0.252          319.000
      Category 4    0.116          146.000
      Category 5    0.038           48.000
    SLEEP2_1
      Category 1    0.347          438.000
      Category 2    0.328          414.000
      Category 3    0.216          273.000
      Category 4    0.092          116.000
      Category 5    0.018           23.000
    SLEEP3_1
      Category 1    0.443          560.000
      Category 2    0.344          435.000
      Category 3    0.132          167.000
      Category 4    0.066           83.000
      Category 5    0.015           19.000
    SLEEP4_1
      Category 1    0.119          150.000
      Category 2    0.291          368.000
      Category 3    0.382          483.000
      Category 4    0.171          216.000
      Category 5    0.037           47.000
    SLEEP5_1
      Category 1    0.481          608.000
      Category 2    0.301          381.000
      Category 3    0.155          196.000
      Category 4    0.047           59.000
      Category 5    0.016           20.000
    SLEEP6_1
      Category 1    0.657          831.000
      Category 2    0.222          280.000
      Category 3    0.096          121.000
      Category 4    0.018           23.000
      Category 5    0.007            9.000
    SLEEP7_1
      Category 1    0.445          562.000
      Category 2    0.323          408.000
      Category 3    0.153          194.000
      Category 4    0.063           80.000
      Category 5    0.016           20.000


SAMPLE STATISTICS


     ESTIMATED SAMPLE STATISTICS FOR YOUNGER


           MEANS/INTERCEPTS/THRESHOLDS
              SLEEP1_1      SLEEP1_1      SLEEP1_1      SLEEP1_1      SLEEP2_1
              ________      ________      ________      ________      ________
               -0.602         0.480         1.268         2.032        -0.237


           MEANS/INTERCEPTS/THRESHOLDS
              SLEEP2_1      SLEEP2_1      SLEEP2_1      SLEEP3_1      SLEEP3_1
              ________      ________      ________      ________      ________
                0.697         1.485         2.266        -0.047         0.978


           MEANS/INTERCEPTS/THRESHOLDS
              SLEEP3_1      SLEEP3_1      SLEEP4_1      SLEEP4_1      SLEEP4_1
              ________      ________      ________      ________      ________
                1.630         2.383        -0.978         0.207         1.147


           MEANS/INTERCEPTS/THRESHOLDS
              SLEEP4_1      SLEEP5_1      SLEEP5_1      SLEEP5_1      SLEEP5_1
              ________      ________      ________      ________      ________
                2.196         0.108         0.984         1.623         2.196


           MEANS/INTERCEPTS/THRESHOLDS
              SLEEP6_1      SLEEP6_1      SLEEP6_1      SLEEP6_1      SLEEP7_1
              ________      ________      ________      ________      ________
                0.565         1.392         2.098         2.955         0.074


           MEANS/INTERCEPTS/THRESHOLDS
              SLEEP7_1      SLEEP7_1      SLEEP7_1
              ________      ________      ________
                1.007         1.692         2.598


           CORRELATION MATRIX (WITH VARIANCES ON THE DIAGONAL)
              SLEEP1_1      SLEEP2_1      SLEEP3_1      SLEEP4_1      SLEEP5_1
              ________      ________      ________      ________      ________
 SLEEP1_1
 SLEEP2_1       0.801
 SLEEP3_1       0.499         0.600
 SLEEP4_1       0.529         0.542         0.386
 SLEEP5_1       0.551         0.598         0.445         0.501
 SLEEP6_1       0.568         0.630         0.514         0.591         0.672
 SLEEP7_1       0.526         0.549         0.429         0.572         0.656


           CORRELATION MATRIX (WITH VARIANCES ON THE DIAGONAL)
              SLEEP6_1      SLEEP7_1
              ________      ________
 SLEEP7_1       0.678


     ESTIMATED SAMPLE STATISTICS FOR OLDER


           MEANS/INTERCEPTS/THRESHOLDS
              SLEEP1_1      SLEEP1_1      SLEEP1_1      SLEEP1_1      SLEEP2_1
              ________      ________      ________      ________      ________
               -0.697         0.238         1.022         1.775        -0.395


           MEANS/INTERCEPTS/THRESHOLDS
              SLEEP2_1      SLEEP2_1      SLEEP2_1      SLEEP3_1      SLEEP3_1
              ________      ________      ________      ________      ________
                0.451         1.227         2.093        -0.143         0.797


           MEANS/INTERCEPTS/THRESHOLDS
              SLEEP3_1      SLEEP3_1      SLEEP4_1      SLEEP4_1      SLEEP4_1
              ________      ________      ________      ________      ________
                1.400         2.169        -1.182        -0.228         0.813


           MEANS/INTERCEPTS/THRESHOLDS
              SLEEP4_1      SLEEP5_1      SLEEP5_1      SLEEP5_1      SLEEP5_1
              ________      ________      ________      ________      ________
                1.784        -0.048         0.780         1.534         2.149


           MEANS/INTERCEPTS/THRESHOLDS
              SLEEP6_1      SLEEP6_1      SLEEP6_1      SLEEP6_1      SLEEP7_1
              ________      ________      ________      ________      ________
                0.405         1.170         1.955         2.451        -0.139


           MEANS/INTERCEPTS/THRESHOLDS
              SLEEP7_1      SLEEP7_1      SLEEP7_1
              ________      ________      ________
                0.730         1.411         2.149


           CORRELATION MATRIX (WITH VARIANCES ON THE DIAGONAL)
              SLEEP1_1      SLEEP2_1      SLEEP3_1      SLEEP4_1      SLEEP5_1
              ________      ________      ________      ________      ________
 SLEEP1_1
 SLEEP2_1       0.823
 SLEEP3_1       0.516         0.632
 SLEEP4_1       0.574         0.576         0.409
 SLEEP5_1       0.498         0.499         0.393         0.501
 SLEEP6_1       0.523         0.557         0.452         0.553         0.575
 SLEEP7_1       0.476         0.522         0.387         0.583         0.543


           CORRELATION MATRIX (WITH VARIANCES ON THE DIAGONAL)
              SLEEP6_1      SLEEP7_1
              ________      ________
 SLEEP7_1       0.666


THE MODEL ESTIMATION TERMINATED NORMALLY



MODEL FIT INFORMATION

Number of Free Parameters                       41

Chi-Square Test of Model Fit

          Value                            341.219*
          Degrees of Freedom                    57
          P-Value                           0.0000

Chi-Square Contribution From Each Group

          YOUNGER                          154.856
          OLDER                            186.363

Chi-Square Test for Difference Testing

          Value                             20.802*
          Degrees of Freedom                    20
          P-Value                           0.4088

*   The chi-square value for MLM, MLMV, MLR, ULSMV, WLSM and WLSMV cannot be used
    for chi-square difference testing in the regular way.  MLM, MLR and WLSM
    chi-square difference testing is described on the Mplus website.  MLMV, WLSMV,
    and ULSMV difference testing is done using the DIFFTEST option.  The DIFFTEST
    option assumes the models are nested.  The NESTED option can be used to verify
    that the models are nested.

RMSEA (Root Mean Square Error Of Approximation)

          Estimate                           0.063
          90 Percent C.I.                    0.056  0.069
          Probability RMSEA <= .05           0.001

CFI/TLI

          CFI                                0.987
          TLI                                0.990

Chi-Square Test of Model Fit for the Baseline Model

          Value                          21297.260
          Degrees of Freedom                    42
          P-Value                           0.0000

SRMR (Standardized Root Mean Square Residual)

          Value                              0.033

Optimum Function Value for Weighted Least-Squares Estimator

          Value                     0.54043778D-01



MODEL RESULTS

                                                    Two-Tailed
                    Estimate       S.E.  Est./S.E.    P-Value

Group YOUNGER

 SLEEP_1  BY
    SLEEP1_1           1.065      0.044     24.215      0.000
    SLEEP2_1           1.301      0.052     25.107      0.000
    SLEEP3_1           0.878      0.039     22.762      0.000
    SLEEP4_1           1.071      0.042     25.759      0.000
    SLEEP5_1           1.126      0.047     24.210      0.000
    SLEEP6_1           1.293      0.062     20.764      0.000
    SLEEP7_1           1.110      0.046     24.028      0.000

 SLEEP1_1 WITH
    SLEEP2_1           0.535      0.024     22.356      0.000

 SLEEP6_1 WITH
    SLEEP7_1           0.220      0.042      5.266      0.000

 Means
    SLEEP_1            0.000      0.000    999.000    999.000

 Thresholds
    SLEEP1_1$1        -0.781      0.046    -17.129      0.000
    SLEEP1_1$2         0.682      0.046     14.854      0.000
    SLEEP1_1$3         1.817      0.057     31.630      0.000
    SLEEP1_1$4         2.910      0.082     35.529      0.000
    SLEEP2_1$1        -0.316      0.050     -6.355      0.000
    SLEEP2_1$2         1.131      0.057     19.984      0.000
    SLEEP2_1$3         2.397      0.073     32.914      0.000
    SLEEP2_1$4         3.744      0.111     33.774      0.000
    SLEEP3_1$1         0.008      0.039      0.199      0.842
    SLEEP3_1$2         1.307      0.046     28.346      0.000
    SLEEP3_1$3         2.132      0.059     36.149      0.000
    SLEEP3_1$4         3.136      0.096     32.538      0.000
    SLEEP4_1$1        -1.408      0.051    -27.638      0.000
    SLEEP4_1$2         0.148      0.044      3.378      0.001
    SLEEP4_1$3         1.576      0.053     29.589      0.000
    SLEEP4_1$4         3.002      0.083     36.374      0.000
    SLEEP5_1$1         0.217      0.046      4.682      0.000
    SLEEP5_1$2         1.489      0.057     26.117      0.000
    SLEEP5_1$3         2.533      0.074     34.175      0.000
    SLEEP5_1$4         3.420      0.104     33.009      0.000
    SLEEP6_1$1         0.985      0.060     16.311      0.000
    SLEEP6_1$2         2.270      0.081     28.142      0.000
    SLEEP6_1$3         3.483      0.115     30.240      0.000
    SLEEP6_1$4         4.435      0.178     24.920      0.000
    SLEEP7_1$1         0.121      0.046      2.664      0.008
    SLEEP7_1$2         1.451      0.056     25.977      0.000
    SLEEP7_1$3         2.457      0.072     34.206      0.000
    SLEEP7_1$4         3.599      0.116     31.139      0.000

 Variances
    SLEEP_1            1.000      0.000    999.000    999.000

 Residual Variances
    SLEEP1_1           1.000      0.000    999.000    999.000
    SLEEP2_1           1.000      0.000    999.000    999.000
    SLEEP3_1           1.000      0.000    999.000    999.000
    SLEEP4_1           1.000      0.000    999.000    999.000
    SLEEP5_1           1.000      0.000    999.000    999.000
    SLEEP6_1           1.000      0.000    999.000    999.000
    SLEEP7_1           1.000      0.000    999.000    999.000

Group OLDER

 SLEEP_1  BY
    SLEEP1_1           1.065      0.044     24.215      0.000
    SLEEP2_1           1.301      0.052     25.107      0.000
    SLEEP3_1           0.878      0.039     22.762      0.000
    SLEEP4_1           1.071      0.042     25.759      0.000
    SLEEP5_1           1.126      0.047     24.210      0.000
    SLEEP6_1           1.293      0.062     20.764      0.000
    SLEEP7_1           1.110      0.046     24.028      0.000

 SLEEP1_1 WITH
    SLEEP2_1           0.602      0.021     28.138      0.000

 SLEEP6_1 WITH
    SLEEP7_1           0.221      0.044      4.974      0.000

 Means
    SLEEP_1            0.302      0.044      6.912      0.000

 Thresholds
    SLEEP1_1$1        -0.781      0.046    -17.129      0.000
    SLEEP1_1$2         0.682      0.046     14.854      0.000
    SLEEP1_1$3         1.817      0.057     31.630      0.000
    SLEEP1_1$4         2.910      0.082     35.529      0.000
    SLEEP2_1$1        -0.316      0.050     -6.355      0.000
    SLEEP2_1$2         1.131      0.057     19.984      0.000
    SLEEP2_1$3         2.397      0.073     32.914      0.000
    SLEEP2_1$4         3.744      0.111     33.774      0.000
    SLEEP3_1$1         0.008      0.039      0.199      0.842
    SLEEP3_1$2         1.307      0.046     28.346      0.000
    SLEEP3_1$3         2.132      0.059     36.149      0.000
    SLEEP3_1$4         3.136      0.096     32.538      0.000
    SLEEP4_1$1        -1.408      0.051    -27.638      0.000
    SLEEP4_1$2         0.148      0.044      3.378      0.001
    SLEEP4_1$3         1.576      0.053     29.589      0.000
    SLEEP4_1$4         3.002      0.083     36.374      0.000
    SLEEP5_1$1         0.217      0.046      4.682      0.000
    SLEEP5_1$2         1.489      0.057     26.117      0.000
    SLEEP5_1$3         2.533      0.074     34.175      0.000
    SLEEP5_1$4         3.420      0.104     33.009      0.000
    SLEEP6_1$1         0.985      0.060     16.311      0.000
    SLEEP6_1$2         2.270      0.081     28.142      0.000
    SLEEP6_1$3         3.483      0.115     30.240      0.000
    SLEEP6_1$4         4.435      0.178     24.920      0.000
    SLEEP7_1$1         0.121      0.046      2.664      0.008
    SLEEP7_1$2         1.451      0.056     25.977      0.000
    SLEEP7_1$3         2.457      0.072     34.206      0.000
    SLEEP7_1$4         3.599      0.116     31.139      0.000

 Variances
    SLEEP_1            0.939      0.068     13.867      0.000

 Residual Variances
    SLEEP1_1           1.000      0.000    999.000    999.000
    SLEEP2_1           1.000      0.000    999.000    999.000
    SLEEP3_1           1.000      0.000    999.000    999.000
    SLEEP4_1           1.000      0.000    999.000    999.000
    SLEEP5_1           1.000      0.000    999.000    999.000
    SLEEP6_1           1.000      0.000    999.000    999.000
    SLEEP7_1           1.000      0.000    999.000    999.000


STANDARDIZED MODEL RESULTS


STDYX Standardization

                                                    Two-Tailed
                    Estimate       S.E.  Est./S.E.    P-Value

Group YOUNGER

 SLEEP_1  BY
    SLEEP1_1           0.729      0.014     51.671      0.000
    SLEEP2_1           0.793      0.012     67.623      0.000
    SLEEP3_1           0.660      0.016     40.311      0.000
    SLEEP4_1           0.731      0.013     55.311      0.000
    SLEEP5_1           0.748      0.014     54.909      0.000
    SLEEP6_1           0.791      0.014     55.482      0.000
    SLEEP7_1           0.743      0.014     53.634      0.000

 SLEEP1_1 WITH
    SLEEP2_1           0.535      0.024     22.356      0.000

 SLEEP6_1 WITH
    SLEEP7_1           0.220      0.042      5.266      0.000

 Means
    SLEEP_1            0.000      0.000    999.000    999.000

 Thresholds
    SLEEP1_1$1        -0.535      0.032    -16.592      0.000
    SLEEP1_1$2         0.467      0.030     15.526      0.000
    SLEEP1_1$3         1.244      0.037     33.965      0.000
    SLEEP1_1$4         1.992      0.055     35.995      0.000
    SLEEP2_1$1        -0.193      0.031     -6.209      0.000
    SLEEP2_1$2         0.689      0.032     21.432      0.000
    SLEEP2_1$3         1.461      0.042     34.704      0.000
    SLEEP2_1$4         2.281      0.071     32.322      0.000
    SLEEP3_1$1         0.006      0.029      0.199      0.842
    SLEEP3_1$2         0.982      0.032     30.396      0.000
    SLEEP3_1$3         1.602      0.042     37.814      0.000
    SLEEP3_1$4         2.356      0.073     32.220      0.000
    SLEEP4_1$1        -0.961      0.036    -26.438      0.000
    SLEEP4_1$2         0.101      0.030      3.402      0.001
    SLEEP4_1$3         1.075      0.035     31.107      0.000
    SLEEP4_1$4         2.048      0.057     35.744      0.000
    SLEEP5_1$1         0.144      0.030      4.774      0.000
    SLEEP5_1$2         0.989      0.034     28.927      0.000
    SLEEP5_1$3         1.682      0.045     37.079      0.000
    SLEEP5_1$4         2.271      0.069     32.816      0.000
    SLEEP6_1$1         0.603      0.032     18.846      0.000
    SLEEP6_1$2         1.389      0.041     34.135      0.000
    SLEEP6_1$3         2.131      0.061     34.807      0.000
    SLEEP6_1$4         2.713      0.108     25.192      0.000
    SLEEP7_1$1         0.081      0.030      2.693      0.007
    SLEEP7_1$2         0.971      0.034     28.614      0.000
    SLEEP7_1$3         1.645      0.045     36.749      0.000
    SLEEP7_1$4         2.409      0.078     31.066      0.000

 Variances
    SLEEP_1            1.000      0.000    999.000    999.000

 Residual Variances
    SLEEP1_1           0.469      0.021     22.785      0.000
    SLEEP2_1           0.371      0.019     19.967      0.000
    SLEEP3_1           0.565      0.022     26.143      0.000
    SLEEP4_1           0.466      0.019     24.106      0.000
    SLEEP5_1           0.441      0.020     21.651      0.000
    SLEEP6_1           0.374      0.023     16.592      0.000
    SLEEP7_1           0.448      0.021     21.764      0.000

Group OLDER

 SLEEP_1  BY
    SLEEP1_1           0.718      0.015     49.519      0.000
    SLEEP2_1           0.784      0.012     64.870      0.000
    SLEEP3_1           0.648      0.016     40.615      0.000
    SLEEP4_1           0.720      0.013     54.218      0.000
    SLEEP5_1           0.737      0.014     50.885      0.000
    SLEEP6_1           0.782      0.015     53.178      0.000
    SLEEP7_1           0.732      0.015     50.253      0.000

 SLEEP1_1 WITH
    SLEEP2_1           0.602      0.021     28.138      0.000

 SLEEP6_1 WITH
    SLEEP7_1           0.221      0.044      4.974      0.000

 Means
    SLEEP_1            0.312      0.047      6.637      0.000

 Thresholds
    SLEEP1_1$1        -0.544      0.032    -17.204      0.000
    SLEEP1_1$2         0.475      0.031     15.098      0.000
    SLEEP1_1$3         1.265      0.039     32.524      0.000
    SLEEP1_1$4         2.025      0.057     35.555      0.000
    SLEEP2_1$1        -0.196      0.031     -6.318      0.000
    SLEEP2_1$2         0.703      0.034     20.570      0.000
    SLEEP2_1$3         1.490      0.044     33.566      0.000
    SLEEP2_1$4         2.327      0.072     32.159      0.000
    SLEEP3_1$1         0.006      0.029      0.199      0.842
    SLEEP3_1$2         0.995      0.034     29.521      0.000
    SLEEP3_1$3         1.624      0.044     37.054      0.000
    SLEEP3_1$4         2.388      0.074     32.220      0.000
    SLEEP4_1$1        -0.977      0.035    -27.608      0.000
    SLEEP4_1$2         0.103      0.030      3.387      0.001
    SLEEP4_1$3         1.093      0.037     29.812      0.000
    SLEEP4_1$4         2.083      0.060     34.815      0.000
    SLEEP5_1$1         0.147      0.031      4.722      0.000
    SLEEP5_1$2         1.006      0.036     27.694      0.000
    SLEEP5_1$3         1.711      0.049     35.181      0.000
    SLEEP5_1$4         2.311      0.071     32.627      0.000
    SLEEP6_1$1         0.614      0.034     18.033      0.000
    SLEEP6_1$2         1.416      0.043     33.117      0.000
    SLEEP6_1$3         2.173      0.065     33.229      0.000
    SLEEP6_1$4         2.767      0.110     25.074      0.000
    SLEEP7_1$1         0.083      0.031      2.678      0.007
    SLEEP7_1$2         0.988      0.036     27.708      0.000
    SLEEP7_1$3         1.673      0.047     35.871      0.000
    SLEEP7_1$4         2.451      0.081     30.428      0.000

 Variances
    SLEEP_1            1.000      0.000    999.000    999.000

 Residual Variances
    SLEEP1_1           0.484      0.021     23.258      0.000
    SLEEP2_1           0.386      0.019     20.401      0.000
    SLEEP3_1           0.580      0.021     28.056      0.000
    SLEEP4_1           0.481      0.019     25.168      0.000
    SLEEP5_1           0.457      0.021     21.370      0.000
    SLEEP6_1           0.389      0.023     16.938      0.000
    SLEEP7_1           0.464      0.021     21.719      0.000


R-SQUARE

Group YOUNGER

    Observed                                        Two-Tailed     Scale
    Variable        Estimate       S.E.  Est./S.E.    P-Value     Factors

    SLEEP1_1           0.531      0.021     25.835      0.000      0.685
    SLEEP2_1           0.629      0.019     33.812      0.000      0.609
    SLEEP3_1           0.435      0.022     20.155      0.000      0.751
    SLEEP4_1           0.534      0.019     27.656      0.000      0.682
    SLEEP5_1           0.559      0.020     27.455      0.000      0.664
    SLEEP6_1           0.626      0.023     27.741      0.000      0.612
    SLEEP7_1           0.552      0.021     26.817      0.000      0.669

Group OLDER

    Observed                                        Two-Tailed     Scale
    Variable        Estimate       S.E.  Est./S.E.    P-Value     Factors

    SLEEP1_1           0.516      0.021     24.759      0.000      0.696
    SLEEP2_1           0.614      0.019     32.435      0.000      0.621
    SLEEP3_1           0.420      0.021     20.308      0.000      0.762
    SLEEP4_1           0.519      0.019     27.109      0.000      0.694
    SLEEP5_1           0.543      0.021     25.442      0.000      0.676
    SLEEP6_1           0.611      0.023     26.589      0.000      0.624
    SLEEP7_1           0.536      0.021     25.127      0.000      0.681


QUALITY OF NUMERICAL RESULTS

     Condition Number for the Information Matrix              0.692E-02
       (ratio of smallest to largest eigenvalue)


MODEL MODIFICATION INDICES

Minimum M.I. value for printing the modification index    10.000

                                   M.I.     E.P.C.  Std E.P.C.  StdYX E.P.C.
Group YOUNGER


ON/BY Statements

SLEEP4_1 ON SLEEP_1  /
SLEEP_1  BY SLEEP4_1              27.167    -0.100     -0.100       -0.068
SLEEP5_1 ON SLEEP_1  /
SLEEP_1  BY SLEEP5_1              33.638     0.113      0.113        0.075

ON Statements

SLEEP_1  ON SLEEP4_1              27.162    -0.235     -0.235       -0.344
SLEEP_1  ON SLEEP5_1              33.643     0.254      0.254        0.382
SLEEP3_1 ON SLEEP4_1              11.194    -0.089     -0.089       -0.098
SLEEP4_1 ON SLEEP1_1              16.958    -0.111     -0.111       -0.111
SLEEP4_1 ON SLEEP2_1              23.244    -0.117     -0.117       -0.131
SLEEP4_1 ON SLEEP3_1              39.145    -0.214     -0.214       -0.194
SLEEP4_1 ON SLEEP4_1              12.823    -0.117     -0.117       -0.117
SLEEP4_1 ON SLEEP5_1              26.393    -0.148     -0.148       -0.152
SLEEP4_1 ON SLEEP6_1              12.252    -0.094     -0.094       -0.105
SLEEP5_1 ON SLEEP1_1              17.905     0.119      0.119        0.115
SLEEP5_1 ON SLEEP2_1              20.731     0.114      0.114        0.124
SLEEP5_1 ON SLEEP6_1              60.018     0.193      0.193        0.210
SLEEP5_1 ON SLEEP7_1              70.042     0.224      0.224        0.222
SLEEP6_1 ON SLEEP5_1              26.752     0.160      0.160        0.147
SLEEP7_1 ON SLEEP5_1              15.327     0.107      0.107        0.108

WITH Statements

SLEEP3_1 WITH SLEEP2_1            20.142     0.215      0.215        0.215
SLEEP4_1 WITH SLEEP_1             27.167    -0.235     -0.235       -0.235
SLEEP4_1 WITH SLEEP3_1            17.671    -0.217     -0.217       -0.217
SLEEP5_1 WITH SLEEP_1             33.638     0.254      0.254        0.254
SLEEP6_1 WITH SLEEP5_1            29.515     0.274      0.274        0.274
SLEEP7_1 WITH SLEEP5_1            42.544     0.299      0.299        0.299

Variances/Residual Variances

SLEEP5_1                          11.428    -0.281     -0.281       -0.124
SLEEP7_1                          11.844    -0.313     -0.313       -0.140

Means/Intercepts/Thresholds

[ SLEEP4_1 ]                      23.578    -0.225     -0.225       -0.153
[ SLEEP4_1 ]                      22.923     0.155      0.155        0.106

Group OLDER


ON/BY Statements

SLEEP4_1 ON SLEEP_1  /
SLEEP_1  BY SLEEP4_1              27.170     0.135      0.131        0.091
SLEEP5_1 ON SLEEP_1  /
SLEEP_1  BY SLEEP5_1              33.646    -0.141     -0.137       -0.093

ON Statements

SLEEP_1  ON SLEEP4_1              15.215     0.170      0.175        0.253
SLEEP_1  ON SLEEP5_1              34.835    -0.276     -0.285       -0.422
SLEEP_1  ON SLEEP6_1              10.564    -0.202     -0.208       -0.333
SLEEP1_1 ON SLEEP4_1              12.497     0.101      0.101        0.101
SLEEP2_1 ON SLEEP3_1              55.600     0.259      0.259        0.211
SLEEP3_1 ON SLEEP1_1              28.728     0.126      0.126        0.138
SLEEP3_1 ON SLEEP2_1              36.805     0.125      0.125        0.153
SLEEP4_1 ON SLEEP1_1              32.595     0.151      0.151        0.150
SLEEP4_1 ON SLEEP2_1              26.687     0.123      0.123        0.138
SLEEP4_1 ON SLEEP4_1              12.817     0.116      0.116        0.116
SLEEP4_1 ON SLEEP6_1              18.096     0.114      0.114        0.127
SLEEP4_1 ON SLEEP7_1              29.947     0.146      0.146        0.149
SLEEP5_1 ON SLEEP1_1              35.452    -0.165     -0.165       -0.160
SLEEP5_1 ON SLEEP2_1              42.304    -0.161     -0.161       -0.176
SLEEP5_1 ON SLEEP3_1              39.128    -0.212     -0.212       -0.188
SLEEP5_1 ON SLEEP4_1              25.994    -0.149     -0.149       -0.146
SLEEP5_1 ON SLEEP6_1              18.304    -0.106     -0.106       -0.115
SLEEP5_1 ON SLEEP7_1              14.705    -0.102     -0.102       -0.101
SLEEP6_1 ON SLEEP1_1              12.759    -0.119     -0.119       -0.107
SLEEP6_1 ON SLEEP2_1              13.176    -0.107     -0.107       -0.107
SLEEP6_1 ON SLEEP3_1              11.661    -0.139     -0.139       -0.113

WITH Statements

SLEEP3_1 WITH SLEEP2_1            88.976     0.438      0.438        0.438
SLEEP4_1 WITH SLEEP_1             15.210     0.170      0.175        0.175
SLEEP4_1 WITH SLEEP1_1            14.680     0.177      0.177        0.177
SLEEP5_1 WITH SLEEP_1             34.844    -0.276     -0.285       -0.285
SLEEP5_1 WITH SLEEP2_1            14.655    -0.207     -0.207       -0.207
SLEEP5_1 WITH SLEEP3_1            12.098    -0.177     -0.177       -0.177
SLEEP7_1 WITH SLEEP3_1            13.323    -0.186     -0.186       -0.186
SLEEP7_1 WITH SLEEP4_1            11.826     0.151      0.151        0.151

Variances/Residual Variances

SLEEP5_1                          11.446     0.281      0.281        0.128
SLEEP7_1                          11.804     0.312      0.312        0.145

Means/Intercepts/Thresholds

[ SLEEP4_1 ]                      23.573     0.225      0.225        0.156
[ SLEEP4_1 ]                      22.893    -0.174     -0.174       -0.121



SAVEDATA INFORMATION


  Difference testing

  Save file
    sleep1_student_age_inv_scalar.dat
  Save format      Free

     Beginning Time:  22:21:54
        Ending Time:  22:21:54
       Elapsed Time:  00:00:00



MUTHEN & MUTHEN
3463 Stoner Ave.
Los Angeles, CA  90066

Tel: (310) 391-9971
Fax: (310) 391-8971
Web: www.StatModel.com
Support: Support@StatModel.com

Copyright (c) 1998-2019 Muthen & Muthen
