Mplus VERSION 8.4 (Mac)
MUTHEN & MUTHEN
05/18/2023  10:45 PM

INPUT INSTRUCTIONS

  Title: Tutor Work-related Efficacy Baseline CFA;

  Data:
     File is ../dat_tutor.txt;

  Variable:
     Names are tutorid
     dass1_1 dass2_1 dass3_1 dass4_1 dass5_1 dass6_1 dass7_1
     empathy1_1 empathy2_1 empathy3_1 empathy4_1 empathy5_1
     empathy6_1 empathy7_1 empathy8_1 empathy9_1
     auto1_1 auto2_1 auto3_1 auto4_1 auto5_1
     auto6_1 auto7_1 auto8_1 auto9_1 auto10_1
     bias1_1 bias2_1 bias3_1 bias4_1 bias5_1 bias6_1 bias7_1
     bias8_1 bias9_1 bias10_1 bias11_1 bias12_1 bias13_1
     hard_work1_1 hard_work2_1 hard_work3_1
     prosocial1_1 prosocial2_1 prosocial3_1 prosocial4_1
     prosocial5_1 prosocial6_1 prosocial7_1 prosocial8_1
     prosocial9_1 prosocial10_1 prosocial11_1 prosocial12_1
     prosocial13_1 prosocial14_1 prosocial15_1 prosocial16_1
     perceptions1_1 perceptions2a_1 perceptions2b_1 perceptions2c_1
     perceptions2d_1 perceptions2e_1 perceptions2f_1 perceptions2g_1
     perceptions2h_1 perceptions3_1 perceptions4_1 perceptions5_1
     perceptions6a_1 perceptions6b_1 perceptions6c_1 perceptions6d_1
     perceptions7_1 perceptions8a_1 perceptions8b_1 perceptions8c_1
     perceptions8d_1 half;
     Missing are . ;

    Usevariable are
  	auto1_1 auto2_1 auto3_1 auto4_1 auto5_1 auto6_1 auto7_1 auto8_1 auto9_1 auto10_1;

    Categorical is
  	auto1_1 auto2_1 auto3_1 auto4_1 auto5_1 auto6_1 auto7_1 auto8_1 auto9_1 auto10_1;

    Useobservations is half eq 0;

  Analysis:
     Estimator = wlsmv;

  Model:
    pos_1 by
      auto1_1 auto2_1 auto6_1 auto7_1;

    neg_1 by
      auto3_1 auto4_1 auto5_1 auto8_1 auto9_1 auto10_1;

  Output: sampstat stdyx modindices(all);



INPUT READING TERMINATED NORMALLY



Tutor Work-related Efficacy Baseline CFA;

SUMMARY OF ANALYSIS

Number of groups                                                 1
Number of observations                                         100

Number of dependent variables                                   10
Number of independent variables                                  0
Number of continuous latent variables                            2

Observed dependent variables

  Binary and ordered categorical (ordinal)
   AUTO1_1     AUTO2_1     AUTO3_1     AUTO4_1     AUTO5_1     AUTO6_1
   AUTO7_1     AUTO8_1     AUTO9_1     AUTO10_1

Continuous latent variables
   POS_1       NEG_1


Estimator                                                    WLSMV
Maximum number of iterations                                  1000
Convergence criterion                                    0.500D-04
Maximum number of steepest descent iterations                   20
Maximum number of iterations for H1                           2000
Convergence criterion for H1                             0.100D-03
Parameterization                                             DELTA
Link                                                        PROBIT

Input data file(s)
  ../dat_tutor.txt

Input data format  FREE


SUMMARY OF DATA

     Number of missing data patterns             1


COVARIANCE COVERAGE OF DATA

Minimum covariance coverage value   0.100


     PROPORTION OF DATA PRESENT


           Covariance Coverage
              AUTO1_1       AUTO2_1       AUTO3_1       AUTO4_1       AUTO5_1
              ________      ________      ________      ________      ________
 AUTO1_1        1.000
 AUTO2_1        1.000         1.000
 AUTO3_1        1.000         1.000         1.000
 AUTO4_1        1.000         1.000         1.000         1.000
 AUTO5_1        1.000         1.000         1.000         1.000         1.000
 AUTO6_1        1.000         1.000         1.000         1.000         1.000
 AUTO7_1        1.000         1.000         1.000         1.000         1.000
 AUTO8_1        1.000         1.000         1.000         1.000         1.000
 AUTO9_1        1.000         1.000         1.000         1.000         1.000
 AUTO10_1       1.000         1.000         1.000         1.000         1.000


           Covariance Coverage
              AUTO6_1       AUTO7_1       AUTO8_1       AUTO9_1       AUTO10_1
              ________      ________      ________      ________      ________
 AUTO6_1        1.000
 AUTO7_1        1.000         1.000
 AUTO8_1        1.000         1.000         1.000
 AUTO9_1        1.000         1.000         1.000         1.000
 AUTO10_1       1.000         1.000         1.000         1.000         1.000


UNIVARIATE PROPORTIONS AND COUNTS FOR CATEGORICAL VARIABLES

    AUTO1_1
      Category 1    0.020            2.000
      Category 2    0.190           19.000
      Category 3    0.620           62.000
      Category 4    0.170           17.000
    AUTO2_1
      Category 1    0.180           18.000
      Category 2    0.650           65.000
      Category 3    0.170           17.000
    AUTO3_1
      Category 1    0.090            9.000
      Category 2    0.460           46.000
      Category 3    0.350           35.000
      Category 4    0.090            9.000
      Category 5    0.010            1.000
    AUTO4_1
      Category 1    0.280           28.000
      Category 2    0.620           62.000
      Category 3    0.090            9.000
      Category 4    0.010            1.000
    AUTO5_1
      Category 1    0.150           15.000
      Category 2    0.450           45.000
      Category 3    0.360           36.000
      Category 4    0.040            4.000
    AUTO6_1
      Category 1    0.040            4.000
      Category 2    0.290           29.000
      Category 3    0.550           55.000
      Category 4    0.120           12.000
    AUTO7_1
      Category 1    0.230           23.000
      Category 2    0.610           61.000
      Category 3    0.160           16.000
    AUTO8_1
      Category 1    0.230           23.000
      Category 2    0.530           53.000
      Category 3    0.210           21.000
      Category 4    0.030            3.000
    AUTO9_1
      Category 1    0.240           24.000
      Category 2    0.570           57.000
      Category 3    0.150           15.000
      Category 4    0.040            4.000
    AUTO10_1
      Category 1    0.110           11.000
      Category 2    0.340           34.000
      Category 3    0.390           39.000
      Category 4    0.160           16.000


SAMPLE STATISTICS


     ESTIMATED SAMPLE STATISTICS


           MEANS/INTERCEPTS/THRESHOLDS
              AUTO1_1$      AUTO1_1$      AUTO1_1$      AUTO2_1$      AUTO2_1$
              ________      ________      ________      ________      ________
               -2.054        -0.806         0.954        -0.915         0.954


           MEANS/INTERCEPTS/THRESHOLDS
              AUTO3_1$      AUTO3_1$      AUTO3_1$      AUTO3_1$      AUTO4_1$
              ________      ________      ________      ________      ________
               -1.341         0.126         1.282         2.326        -0.583


           MEANS/INTERCEPTS/THRESHOLDS
              AUTO4_1$      AUTO4_1$      AUTO5_1$      AUTO5_1$      AUTO5_1$
              ________      ________      ________      ________      ________
                1.282         2.326        -1.036         0.253         1.751


           MEANS/INTERCEPTS/THRESHOLDS
              AUTO6_1$      AUTO6_1$      AUTO6_1$      AUTO7_1$      AUTO7_1$
              ________      ________      ________      ________      ________
               -1.751        -0.440         1.175        -0.739         0.994


           MEANS/INTERCEPTS/THRESHOLDS
              AUTO8_1$      AUTO8_1$      AUTO8_1$      AUTO9_1$      AUTO9_1$
              ________      ________      ________      ________      ________
               -0.739         0.706         1.881        -0.706         0.878


           MEANS/INTERCEPTS/THRESHOLDS
              AUTO9_1$      AUTO10_1      AUTO10_1      AUTO10_1
              ________      ________      ________      ________
                1.751        -1.227        -0.126         0.994


           CORRELATION MATRIX (WITH VARIANCES ON THE DIAGONAL)
              AUTO1_1       AUTO2_1       AUTO3_1       AUTO4_1       AUTO5_1
              ________      ________      ________      ________      ________
 AUTO1_1
 AUTO2_1        0.687
 AUTO3_1       -0.386        -0.358
 AUTO4_1       -0.412        -0.604         0.408
 AUTO5_1       -0.186        -0.211         0.343         0.419
 AUTO6_1        0.521         0.422        -0.172        -0.066        -0.266
 AUTO7_1        0.679         0.559        -0.316        -0.478        -0.178
 AUTO8_1       -0.458        -0.311         0.361         0.500         0.335
 AUTO9_1       -0.397        -0.330         0.421         0.522         0.307
 AUTO10_1       0.008        -0.218         0.214         0.161         0.277


           CORRELATION MATRIX (WITH VARIANCES ON THE DIAGONAL)
              AUTO6_1       AUTO7_1       AUTO8_1       AUTO9_1       AUTO10_1
              ________      ________      ________      ________      ________
 AUTO7_1        0.405
 AUTO8_1       -0.276        -0.398
 AUTO9_1       -0.244        -0.327         0.491
 AUTO10_1      -0.049         0.140         0.372         0.108


THE MODEL ESTIMATION TERMINATED NORMALLY



MODEL FIT INFORMATION

Number of Free Parameters                       40

Chi-Square Test of Model Fit

          Value                             56.380*
          Degrees of Freedom                    34
          P-Value                           0.0093

*   The chi-square value for MLM, MLMV, MLR, ULSMV, WLSM and WLSMV cannot be used
    for chi-square difference testing in the regular way.  MLM, MLR and WLSM
    chi-square difference testing is described on the Mplus website.  MLMV, WLSMV,
    and ULSMV difference testing is done using the DIFFTEST option.

RMSEA (Root Mean Square Error Of Approximation)

          Estimate                           0.081
          90 Percent C.I.                    0.041  0.118
          Probability RMSEA <= .05           0.092

CFI/TLI

          CFI                                0.963
          TLI                                0.951

Chi-Square Test of Model Fit for the Baseline Model

          Value                            644.925
          Degrees of Freedom                    45
          P-Value                           0.0000

SRMR (Standardized Root Mean Square Residual)

          Value                              0.063

Optimum Function Value for Weighted Least-Squares Estimator

          Value                     0.19099811D+00



MODEL RESULTS

                                                    Two-Tailed
                    Estimate       S.E.  Est./S.E.    P-Value

 POS_1    BY
    AUTO1_1            1.000      0.000    999.000    999.000
    AUTO2_1            0.931      0.093      9.992      0.000
    AUTO6_1            0.592      0.116      5.094      0.000
    AUTO7_1            0.857      0.084     10.179      0.000

 NEG_1    BY
    AUTO3_1            1.000      0.000    999.000    999.000
    AUTO4_1            1.285      0.184      6.996      0.000
    AUTO5_1            0.874      0.167      5.223      0.000
    AUTO8_1            1.181      0.167      7.059      0.000
    AUTO9_1            1.125      0.182      6.189      0.000
    AUTO10_1           0.475      0.181      2.629      0.009

 NEG_1    WITH
    POS_1             -0.355      0.049     -7.313      0.000

 Thresholds
    AUTO1_1$1         -2.054      0.289     -7.103      0.000
    AUTO1_1$2         -0.806      0.141     -5.706      0.000
    AUTO1_1$3          0.954      0.148      6.428      0.000
    AUTO2_1$1         -0.915      0.146     -6.252      0.000
    AUTO2_1$2          0.954      0.148      6.428      0.000
    AUTO3_1$1         -1.341      0.176     -7.608      0.000
    AUTO3_1$2          0.126      0.126      1.000      0.317
    AUTO3_1$3          1.282      0.171      7.497      0.000
    AUTO3_1$4          2.326      0.373      6.231      0.000
    AUTO4_1$1         -0.583      0.133     -4.370      0.000
    AUTO4_1$2          1.282      0.171      7.497      0.000
    AUTO4_1$3          2.326      0.373      6.231      0.000
    AUTO5_1$1         -1.036      0.153     -6.768      0.000
    AUTO5_1$2          0.253      0.127      1.998      0.046
    AUTO5_1$3          1.751      0.227      7.699      0.000
    AUTO6_1$1         -1.751      0.227     -7.699      0.000
    AUTO6_1$2         -0.440      0.130     -3.388      0.001
    AUTO6_1$3          1.175      0.162      7.233      0.000
    AUTO7_1$1         -0.739      0.139     -5.331      0.000
    AUTO7_1$2          0.994      0.151      6.600      0.000
    AUTO8_1$1         -0.739      0.139     -5.331      0.000
    AUTO8_1$2          0.706      0.137      5.141      0.000
    AUTO8_1$3          1.881      0.251      7.502      0.000
    AUTO9_1$1         -0.706      0.137     -5.141      0.000
    AUTO9_1$2          0.878      0.145      6.073      0.000
    AUTO9_1$3          1.751      0.227      7.699      0.000
    AUTO10_1$1        -1.227      0.166     -7.371      0.000
    AUTO10_1$2        -0.126      0.126     -1.000      0.317
    AUTO10_1$3         0.994      0.151      6.600      0.000

 Variances
    POS_1              0.767      0.091      8.477      0.000
    NEG_1              0.350      0.078      4.505      0.000


STANDARDIZED MODEL RESULTS


STDYX Standardization

                                                    Two-Tailed
                    Estimate       S.E.  Est./S.E.    P-Value

 POS_1    BY
    AUTO1_1            0.876      0.052     16.954      0.000
    AUTO2_1            0.816      0.060     13.547      0.000
    AUTO6_1            0.519      0.093      5.578      0.000
    AUTO7_1            0.750      0.058     12.870      0.000

 NEG_1    BY
    AUTO3_1            0.592      0.066      9.009      0.000
    AUTO4_1            0.760      0.062     12.190      0.000
    AUTO5_1            0.517      0.092      5.634      0.000
    AUTO8_1            0.699      0.064     10.894      0.000
    AUTO9_1            0.665      0.079      8.467      0.000
    AUTO10_1           0.281      0.102      2.756      0.006

 NEG_1    WITH
    POS_1             -0.685      0.059    -11.624      0.000

 Thresholds
    AUTO1_1$1         -2.054      0.289     -7.103      0.000
    AUTO1_1$2         -0.806      0.141     -5.706      0.000
    AUTO1_1$3          0.954      0.148      6.428      0.000
    AUTO2_1$1         -0.915      0.146     -6.252      0.000
    AUTO2_1$2          0.954      0.148      6.428      0.000
    AUTO3_1$1         -1.341      0.176     -7.608      0.000
    AUTO3_1$2          0.126      0.126      1.000      0.317
    AUTO3_1$3          1.282      0.171      7.497      0.000
    AUTO3_1$4          2.326      0.373      6.231      0.000
    AUTO4_1$1         -0.583      0.133     -4.370      0.000
    AUTO4_1$2          1.282      0.171      7.497      0.000
    AUTO4_1$3          2.326      0.373      6.231      0.000
    AUTO5_1$1         -1.036      0.153     -6.768      0.000
    AUTO5_1$2          0.253      0.127      1.998      0.046
    AUTO5_1$3          1.751      0.227      7.699      0.000
    AUTO6_1$1         -1.751      0.227     -7.699      0.000
    AUTO6_1$2         -0.440      0.130     -3.388      0.001
    AUTO6_1$3          1.175      0.162      7.233      0.000
    AUTO7_1$1         -0.739      0.139     -5.331      0.000
    AUTO7_1$2          0.994      0.151      6.600      0.000
    AUTO8_1$1         -0.739      0.139     -5.331      0.000
    AUTO8_1$2          0.706      0.137      5.141      0.000
    AUTO8_1$3          1.881      0.251      7.502      0.000
    AUTO9_1$1         -0.706      0.137     -5.141      0.000
    AUTO9_1$2          0.878      0.145      6.073      0.000
    AUTO9_1$3          1.751      0.227      7.699      0.000
    AUTO10_1$1        -1.227      0.166     -7.371      0.000
    AUTO10_1$2        -0.126      0.126     -1.000      0.317
    AUTO10_1$3         0.994      0.151      6.600      0.000

 Variances
    POS_1              1.000      0.000    999.000    999.000
    NEG_1              1.000      0.000    999.000    999.000


R-SQUARE

    Observed                                        Two-Tailed   Residual
    Variable        Estimate       S.E.  Est./S.E.    P-Value    Variance

    AUTO1_1            0.767      0.091      8.477      0.000      0.233
    AUTO2_1            0.665      0.098      6.773      0.000      0.335
    AUTO3_1            0.350      0.078      4.505      0.000      0.650
    AUTO4_1            0.578      0.095      6.095      0.000      0.422
    AUTO5_1            0.268      0.095      2.817      0.005      0.732
    AUTO6_1            0.269      0.096      2.789      0.005      0.731
    AUTO7_1            0.563      0.088      6.435      0.000      0.437
    AUTO8_1            0.488      0.090      5.447      0.000      0.512
    AUTO9_1            0.443      0.105      4.233      0.000      0.557
    AUTO10_1           0.079      0.057      1.378      0.168      0.921


QUALITY OF NUMERICAL RESULTS

     Condition Number for the Information Matrix              0.350E-02
       (ratio of smallest to largest eigenvalue)


MODEL MODIFICATION INDICES

Minimum M.I. value for printing the modification index    10.000

                                   M.I.     E.P.C.  Std E.P.C.  StdYX E.P.C.

ON Statements

AUTO7_1  ON AUTO10_1              10.378     0.291      0.291        0.291
AUTO10_1 ON AUTO7_1               14.218     0.271      0.271        0.271

WITH Statements

AUTO10_1 WITH AUTO7_1             11.142     0.313      0.313        0.494


     Beginning Time:  22:45:34
        Ending Time:  22:45:34
       Elapsed Time:  00:00:00



MUTHEN & MUTHEN
3463 Stoner Ave.
Los Angeles, CA  90066

Tel: (310) 391-9971
Fax: (310) 391-8971
Web: www.StatModel.com
Support: Support@StatModel.com

Copyright (c) 1998-2019 Muthen & Muthen
