Mplus VERSION 8.4 (Mac)
MUTHEN & MUTHEN
05/21/2023  10:11 AM

INPUT INSTRUCTIONS

  Title: Tutor DASS Baseline CFA;

  Data:
     File is ../dat_tutor.txt;

  Variable:
     Names are tutorid
     dass1_1 dass2_1 dass3_1 dass4_1 dass5_1 dass6_1 dass7_1
     empathy1_1 empathy2_1 empathy3_1 empathy4_1 empathy5_1
     empathy6_1 empathy7_1 empathy8_1 empathy9_1
     auto1_1 auto2_1 auto3_1 auto4_1 auto5_1
     auto6_1 auto7_1 auto8_1 auto9_1 auto10_1
     bias1_1 bias2_1 bias3_1 bias4_1 bias5_1 bias6_1 bias7_1
     bias8_1 bias9_1 bias10_1 bias11_1 bias12_1 bias13_1
     hard_work1_1 hard_work2_1 hard_work3_1
     prosocial1_1 prosocial2_1 prosocial3_1 prosocial4_1
     prosocial5_1 prosocial6_1 prosocial7_1 prosocial8_1
     prosocial9_1 prosocial10_1 prosocial11_1 prosocial12_1
     prosocial13_1 prosocial14_1 prosocial15_1 prosocial16_1
     perceptions1_1 perceptions2a_1 perceptions2b_1 perceptions2c_1
     perceptions2d_1 perceptions2e_1 perceptions2f_1 perceptions2g_1
     perceptions2h_1 perceptions3_1 perceptions4_1 perceptions5_1
     perceptions6a_1 perceptions6b_1 perceptions6c_1 perceptions6d_1
     perceptions7_1 perceptions8a_1 perceptions8b_1 perceptions8c_1
     perceptions8d_1 half;
     Missing are . ;

    Usevariable are
    empathy1_1 empathy3_1 empathy4_1 empathy5_1
    empathy6_1 empathy7_1 empathy8_1 empathy9_1;

    Categorical is
    empathy1_1 empathy3_1 empathy4_1 empathy5_1
    empathy6_1 empathy7_1 empathy8_1 empathy9_1;

    Useobservations is half eq 0;

  Analysis:
     Estimator = wlsmv;

  Model:
    perspective_1 by
      empathy1_1 empathy3_1 empathy4_1 empathy5_1;

    recognition_1 by
      empathy6_1 empathy7_1 empathy8_1 empathy9_1;


  Output: sampstat stdyx modindices(all);



*** WARNING in VARIABLE command
  Note that only the first 8 characters of variable names are used in the output.
  Shorten variable names to avoid any confusion.
   1 WARNING(S) FOUND IN THE INPUT INSTRUCTIONS



Tutor DASS Baseline CFA;

SUMMARY OF ANALYSIS

Number of groups                                                 1
Number of observations                                         100

Number of dependent variables                                    8
Number of independent variables                                  0
Number of continuous latent variables                            2

Observed dependent variables

  Binary and ordered categorical (ordinal)
   EMPATHY1    EMPATHY3    EMPATHY4    EMPATHY5    EMPATHY6    EMPATHY7
   EMPATHY8    EMPATHY9

Continuous latent variables
   PERSPECT    RECOGNIT


Estimator                                                    WLSMV
Maximum number of iterations                                  1000
Convergence criterion                                    0.500D-04
Maximum number of steepest descent iterations                   20
Maximum number of iterations for H1                           2000
Convergence criterion for H1                             0.100D-03
Parameterization                                             DELTA
Link                                                        PROBIT

Input data file(s)
  ../dat_tutor.txt

Input data format  FREE


SUMMARY OF DATA

     Number of missing data patterns             1


COVARIANCE COVERAGE OF DATA

Minimum covariance coverage value   0.100


     PROPORTION OF DATA PRESENT


           Covariance Coverage
              EMPATHY1      EMPATHY3      EMPATHY4      EMPATHY5      EMPATHY6
              ________      ________      ________      ________      ________
 EMPATHY1       1.000
 EMPATHY3       1.000         1.000
 EMPATHY4       1.000         1.000         1.000
 EMPATHY5       1.000         1.000         1.000         1.000
 EMPATHY6       1.000         1.000         1.000         1.000         1.000
 EMPATHY7       1.000         1.000         1.000         1.000         1.000
 EMPATHY8       1.000         1.000         1.000         1.000         1.000
 EMPATHY9       1.000         1.000         1.000         1.000         1.000


           Covariance Coverage
              EMPATHY7      EMPATHY8      EMPATHY9
              ________      ________      ________
 EMPATHY7       1.000
 EMPATHY8       1.000         1.000
 EMPATHY9       1.000         1.000         1.000


UNIVARIATE PROPORTIONS AND COUNTS FOR CATEGORICAL VARIABLES

    EMPATHY1
      Category 1    0.090            9.000
      Category 2    0.620           62.000
      Category 3    0.290           29.000
    EMPATHY3
      Category 1    0.130           13.000
      Category 2    0.710           71.000
      Category 3    0.160           16.000
    EMPATHY4
      Category 1    0.060            6.000
      Category 2    0.510           51.000
      Category 3    0.430           43.000
    EMPATHY5
      Category 1    0.010            1.000
      Category 2    0.060            6.000
      Category 3    0.620           62.000
      Category 4    0.310           31.000
    EMPATHY6
      Category 1    0.030            3.000
      Category 2    0.280           28.000
      Category 3    0.600           60.000
      Category 4    0.090            9.000
    EMPATHY7
      Category 1    0.060            6.000
      Category 2    0.440           44.000
      Category 3    0.440           44.000
      Category 4    0.060            6.000
    EMPATHY8
      Category 1    0.030            3.000
      Category 2    0.170           17.000
      Category 3    0.660           66.000
      Category 4    0.140           14.000
    EMPATHY9
      Category 1    0.030            3.000
      Category 2    0.260           26.000
      Category 3    0.610           61.000
      Category 4    0.100           10.000


SAMPLE STATISTICS


     ESTIMATED SAMPLE STATISTICS


           MEANS/INTERCEPTS/THRESHOLDS
              EMPATHY1      EMPATHY1      EMPATHY3      EMPATHY3      EMPATHY4
              ________      ________      ________      ________      ________
               -1.341         0.553        -1.126         0.994        -1.555


           MEANS/INTERCEPTS/THRESHOLDS
              EMPATHY4      EMPATHY5      EMPATHY5      EMPATHY5      EMPATHY6
              ________      ________      ________      ________      ________
                0.176        -2.326        -1.476         0.496        -1.881


           MEANS/INTERCEPTS/THRESHOLDS
              EMPATHY6      EMPATHY6      EMPATHY7      EMPATHY7      EMPATHY7
              ________      ________      ________      ________      ________
               -0.496         1.341        -1.555         0.000         1.555


           MEANS/INTERCEPTS/THRESHOLDS
              EMPATHY8      EMPATHY8      EMPATHY8      EMPATHY9      EMPATHY9
              ________      ________      ________      ________      ________
               -1.881        -0.842         1.080        -1.881        -0.553


           MEANS/INTERCEPTS/THRESHOLDS
              EMPATHY9
              ________
                1.282


           CORRELATION MATRIX (WITH VARIANCES ON THE DIAGONAL)
              EMPATHY1      EMPATHY3      EMPATHY4      EMPATHY5      EMPATHY6
              ________      ________      ________      ________      ________
 EMPATHY1
 EMPATHY3       0.525
 EMPATHY4       0.488         0.413
 EMPATHY5       0.395         0.395         0.647
 EMPATHY6       0.581         0.749         0.309         0.394
 EMPATHY7       0.276         0.414         0.140         0.396         0.449
 EMPATHY8       0.244         0.453         0.044         0.143         0.406
 EMPATHY9       0.495         0.365         0.285         0.429         0.368


           CORRELATION MATRIX (WITH VARIANCES ON THE DIAGONAL)
              EMPATHY7      EMPATHY8      EMPATHY9
              ________      ________      ________
 EMPATHY8       0.608
 EMPATHY9       0.644         0.643


THE MODEL ESTIMATION TERMINATED NORMALLY



MODEL FIT INFORMATION

Number of Free Parameters                       30

Chi-Square Test of Model Fit

          Value                             84.302*
          Degrees of Freedom                    19
          P-Value                           0.0000

*   The chi-square value for MLM, MLMV, MLR, ULSMV, WLSM and WLSMV cannot be used
    for chi-square difference testing in the regular way.  MLM, MLR and WLSM
    chi-square difference testing is described on the Mplus website.  MLMV, WLSMV,
    and ULSMV difference testing is done using the DIFFTEST option.

RMSEA (Root Mean Square Error Of Approximation)

          Estimate                           0.185
          90 Percent C.I.                    0.146  0.227
          Probability RMSEA <= .05           0.000

CFI/TLI

          CFI                                0.869
          TLI                                0.807

Chi-Square Test of Model Fit for the Baseline Model

          Value                            525.797
          Degrees of Freedom                    28
          P-Value                           0.0000

SRMR (Standardized Root Mean Square Residual)

          Value                              0.097

Optimum Function Value for Weighted Least-Squares Estimator

          Value                     0.34016768D+00



MODEL RESULTS

                                                    Two-Tailed
                    Estimate       S.E.  Est./S.E.    P-Value

 PERSPECT BY
    EMPATHY1_1         1.000      0.000    999.000    999.000
    EMPATHY3_1         1.244      0.162      7.682      0.000
    EMPATHY4_1         0.867      0.137      6.345      0.000
    EMPATHY5_1         1.000      0.168      5.960      0.000

 RECOGNIT BY
    EMPATHY6_1         1.000      0.000    999.000    999.000
    EMPATHY7_1         0.974      0.106      9.235      0.000
    EMPATHY8_1         0.922      0.103      8.984      0.000
    EMPATHY9_1         1.062      0.119      8.926      0.000

 RECOGNIT WITH
    PERSPECTIV         0.382      0.073      5.253      0.000

 Thresholds
    EMPATHY1$1        -1.341      0.176     -7.608      0.000
    EMPATHY1$2         0.553      0.133      4.175      0.000
    EMPATHY3$1        -1.126      0.159     -7.085      0.000
    EMPATHY3$2         0.994      0.151      6.600      0.000
    EMPATHY4$1        -1.555      0.199     -7.799      0.000
    EMPATHY4$2         0.176      0.126      1.399      0.162
    EMPATHY5$1        -2.326      0.373     -6.231      0.000
    EMPATHY5$2        -1.476      0.190     -7.766      0.000
    EMPATHY5$3         0.496      0.131      3.782      0.000
    EMPATHY6$1        -1.881      0.251     -7.502      0.000
    EMPATHY6$2        -0.496      0.131     -3.782      0.000
    EMPATHY6$3         1.341      0.176      7.608      0.000
    EMPATHY7$1        -1.555      0.199     -7.799      0.000
    EMPATHY7$2         0.000      0.125      0.000      1.000
    EMPATHY7$3         1.555      0.199      7.799      0.000
    EMPATHY8$1        -1.881      0.251     -7.502      0.000
    EMPATHY8$2        -0.842      0.143     -5.891      0.000
    EMPATHY8$3         1.080      0.156      6.930      0.000
    EMPATHY9$1        -1.881      0.251     -7.502      0.000
    EMPATHY9$2        -0.553      0.133     -4.175      0.000
    EMPATHY9$3         1.282      0.171      7.497      0.000

 Variances
    PERSPECTIV         0.458      0.096      4.758      0.000
    RECOGNITIO         0.572      0.110      5.192      0.000


STANDARDIZED MODEL RESULTS


STDYX Standardization

                                                    Two-Tailed
                    Estimate       S.E.  Est./S.E.    P-Value

 PERSPECT BY
    EMPATHY1_1         0.677      0.071      9.515      0.000
    EMPATHY3_1         0.842      0.059     14.341      0.000
    EMPATHY4_1         0.587      0.079      7.392      0.000
    EMPATHY5_1         0.677      0.083      8.116      0.000

 RECOGNIT BY
    EMPATHY6_1         0.756      0.073     10.383      0.000
    EMPATHY7_1         0.737      0.054     13.697      0.000
    EMPATHY8_1         0.697      0.051     13.540      0.000
    EMPATHY9_1         0.803      0.058     13.926      0.000

 RECOGNIT WITH
    PERSPECTIV         0.747      0.066     11.287      0.000

 Thresholds
    EMPATHY1$1        -1.341      0.176     -7.608      0.000
    EMPATHY1$2         0.553      0.133      4.175      0.000
    EMPATHY3$1        -1.126      0.159     -7.085      0.000
    EMPATHY3$2         0.994      0.151      6.600      0.000
    EMPATHY4$1        -1.555      0.199     -7.799      0.000
    EMPATHY4$2         0.176      0.126      1.399      0.162
    EMPATHY5$1        -2.326      0.373     -6.231      0.000
    EMPATHY5$2        -1.476      0.190     -7.766      0.000
    EMPATHY5$3         0.496      0.131      3.782      0.000
    EMPATHY6$1        -1.881      0.251     -7.502      0.000
    EMPATHY6$2        -0.496      0.131     -3.782      0.000
    EMPATHY6$3         1.341      0.176      7.608      0.000
    EMPATHY7$1        -1.555      0.199     -7.799      0.000
    EMPATHY7$2         0.000      0.125      0.000      1.000
    EMPATHY7$3         1.555      0.199      7.799      0.000
    EMPATHY8$1        -1.881      0.251     -7.502      0.000
    EMPATHY8$2        -0.842      0.143     -5.891      0.000
    EMPATHY8$3         1.080      0.156      6.930      0.000
    EMPATHY9$1        -1.881      0.251     -7.502      0.000
    EMPATHY9$2        -0.553      0.133     -4.175      0.000
    EMPATHY9$3         1.282      0.171      7.497      0.000

 Variances
    PERSPECTIV         1.000      0.000    999.000    999.000
    RECOGNITIO         1.000      0.000    999.000    999.000


R-SQUARE

    Observed                                        Two-Tailed   Residual
    Variable        Estimate       S.E.  Est./S.E.    P-Value    Variance

    EMPATHY1           0.458      0.096      4.758      0.000      0.542
    EMPATHY3           0.709      0.099      7.171      0.000      0.291
    EMPATHY4           0.344      0.093      3.696      0.000      0.656
    EMPATHY5           0.458      0.113      4.058      0.000      0.542
    EMPATHY6           0.572      0.110      5.192      0.000      0.428
    EMPATHY7           0.543      0.079      6.848      0.000      0.457
    EMPATHY8           0.486      0.072      6.770      0.000      0.514
    EMPATHY9           0.645      0.093      6.963      0.000      0.355


QUALITY OF NUMERICAL RESULTS

     Condition Number for the Information Matrix              0.433E-02
       (ratio of smallest to largest eigenvalue)


MODEL MODIFICATION INDICES

Minimum M.I. value for printing the modification index    10.000

                                   M.I.     E.P.C.  Std E.P.C.  StdYX E.P.C.

ON/BY Statements

EMPATHY3 ON RECOGNIT /
RECOGNIT BY EMPATHY3              13.095     1.262      0.954        0.954
EMPATHY4 ON RECOGNIT /
RECOGNIT BY EMPATHY4              16.074    -1.139     -0.862       -0.862
EMPATHY6 ON PERSPECT /
PERSPECT BY EMPATHY6              34.868     1.767      1.196        1.196
EMPATHY8 ON PERSPECT /
PERSPECT BY EMPATHY8              11.011    -0.937     -0.634       -0.634

ON Statements

PERSPECT ON EMPATHY3              13.095    -0.383     -0.565       -0.565
PERSPECT ON EMPATHY4              16.074     0.345      0.510        0.510
PERSPECT ON EMPATHY6              34.868     0.358      0.529        0.529
PERSPECT ON EMPATHY8              11.011    -0.190     -0.280       -0.280
RECOGNIT ON EMPATHY3              13.094     0.319      0.422        0.422
RECOGNIT ON EMPATHY4              16.074    -0.288     -0.381       -0.381
RECOGNIT ON EMPATHY6              34.869    -0.536     -0.708       -0.708
RECOGNIT ON EMPATHY8              11.011     0.284      0.376        0.376
EMPATHY3 ON EMPATHY6              31.795     0.447      0.447        0.447
EMPATHY4 ON EMPATHY5              21.910     0.429      0.429        0.429
EMPATHY4 ON EMPATHY8              14.672    -0.336     -0.336       -0.336
EMPATHY5 ON EMPATHY4              21.910     0.429      0.429        0.429
EMPATHY6 ON EMPATHY1              15.079     0.353      0.353        0.353
EMPATHY6 ON EMPATHY3              35.994     0.422      0.422        0.422
EMPATHY6 ON EMPATHY9              11.422    -0.383     -0.383       -0.383
EMPATHY8 ON EMPATHY4              13.455    -0.329     -0.329       -0.329
EMPATHY8 ON EMPATHY5              10.283    -0.273     -0.273       -0.273
EMPATHY9 ON EMPATHY6              11.422    -0.383     -0.383       -0.383

WITH Statements

EMPATHY3 WITH PERSPECT            13.094    -0.382     -0.565       -1.047
EMPATHY3 WITH RECOGNIT            13.094     0.319      0.422        0.782
EMPATHY4 WITH PERSPECT            16.074     0.345      0.510        0.630
EMPATHY4 WITH RECOGNIT            16.074    -0.288     -0.381       -0.471
EMPATHY5 WITH EMPATHY4            21.910     0.429      0.429        0.720
EMPATHY6 WITH PERSPECT            34.868     0.358      0.529        0.808
EMPATHY6 WITH RECOGNIT            34.869    -0.536     -0.708       -1.083
EMPATHY6 WITH EMPATHY3            28.161     0.464      0.464        1.313
EMPATHY8 WITH PERSPECT            11.011    -0.190     -0.280       -0.391
EMPATHY8 WITH RECOGNIT            11.011     0.284      0.376        0.524
EMPATHY9 WITH EMPATHY6            11.422    -0.383     -0.383       -0.983


     Beginning Time:  10:11:42
        Ending Time:  10:11:42
       Elapsed Time:  00:00:00



MUTHEN & MUTHEN
3463 Stoner Ave.
Los Angeles, CA  90066

Tel: (310) 391-9971
Fax: (310) 391-8971
Web: www.StatModel.com
Support: Support@StatModel.com

Copyright (c) 1998-2019 Muthen & Muthen
