Mplus VERSION 8.4 (Mac)
MUTHEN & MUTHEN
05/05/2023  10:38 AM

INPUT INSTRUCTIONS

  Title: Student DASS Treatment Measurement Invariance Metric Model;

  Data:
     File is ../dat_stu.txt;

  Variable:
     Names are studentid index treatment girl age_w child_grade in_ukr
     guardian_living guardian_region
     grit1_1 grit2_1 grit3_1 grit4_1 grit5_1 grit6_1 grit7_1 grit8_1
     loc1_1 loc2_1 loc3_1 loc4_1
     dass1_1 dass2_1 dass3_1 dass4_1 dass5_1 dass6_1 dass7_1 dass8_1
     dass9_1 dass10_1 dass11_1 dass12_1 dass13_1 dass14_1
     sleep1_1 sleep2_1 sleep3_1 sleep4_1 sleep5_1 sleep6_1 sleep7_1
     efficacy_1 edugoals_1 remotediff_1 timeclass_1 timehomework_1
     grit1_2 grit2_2 grit3_2 grit4_2 grit5_2 grit6_2 grit7_2 grit8_2
     loc1_2 loc2_2 loc3_2 loc4_2
     dass1_2 dass2_2 dass3_2 dass4_2 dass5_2 dass6_2 dass7_2 dass8_2
     dass9_2 dass10_2 dass11_2 dass12_2 dass13_2 dass14_2
     efficacy_2 edugoals_2 timeclass_2 timehomework_2 compmath_2 half;
     Missing are . ;

    Usevariable are
  	dass1_1 dass2_1 dass3_1 dass4_1 dass5_1 dass6_1 dass7_1 dass8_1
    dass9_1 dass10_1 dass11_1 dass12_1 dass13_1 dass14_1;

    Categorical is
  	dass1_1 dass2_1 dass3_1 dass4_1 dass5_1 dass6_1 dass7_1 dass8_1
    dass9_1 dass10_1 dass11_1 dass12_1 dass13_1 dass14_1;

    Idvariable is studentid;

    Group is treatment (1 = Treated 0 = Control);

  Analysis:
     Estimator = wlsmv;
     Parameterization = theta;
     Difftest = dass1_student_tx_inv_config.dat


  !!! Model for Control Group !!!

  Model:
    ! Factor loadings all freely estimated
    stress_1 by
      dass1_1* dass4_1* dass6_1* dass8_1* dass9_1* dass10_1* dass12_1* (L1-L7);

    anxiety_1 by
      dass2_1* dass3_1* dass5_1* dass7_1* dass11_1* dass13_1* dass14_1* (L8-L14);

    !estimating thresholds freely
    [dass1_1$1-dass14_1$1*] (T1_1-T1_14);
    [dass1_1$2-dass14_1$2*] (T2_1-T2_14);
    [dass1_1$3-dass14_1$3*] (T3_1-T3_14);

    !constraining item residual variance to 1 for identification
    dass1_1-dass14_1@1;

    !fixing latent mean to zero for identification
    [stress_1@0];
    [anxiety_1@0];

    !fixing latent variance to one for identification
    stress_1@1;
    anxiety_1@1;

  !!! Model for Treatment Group !!!

  Model Treated:
    ! Factor loadings constrained to *be equal to the control group*
    stress_1 by
      dass1_1* dass4_1* dass6_1* dass8_1* dass9_1* dass10_1* dass12_1* (L1-L7);

    anxiety_1 by
      dass2_1* dass3_1* dass5_1* dass7_1* dass11_1* dass13_1* dass14_1* (L8-L14);

    ! estimating thresholds freely
    [dass1_1$1-dass14_1$1*];
    [dass1_1$2-dass14_1$2*];
    [dass1_1$3-dass14_1$3*];

    ! constraining item residual variance to 1 for identification
    dass1_1-dass14_1@1;

    ! fixing latent factor mean to zero for identification
    [stress_1@0];
    [anxiety_1@0];

    ! latent factor variance *estimated*
    stress_1*;
    anxiety_1*;

  Output: sampstat stdyx modindices(all);
  Savedata: Difftest is dass1_student_tx_inv_metric.dat;



INPUT READING TERMINATED NORMALLY



Student DASS Treatment Measurement Invariance Metric Model;

SUMMARY OF ANALYSIS

Number of groups                                                 2
Number of observations
   Group CONTROL                                              1259
   Group TREATED                                              1285
   Total sample size                                          2544

Number of dependent variables                                   14
Number of independent variables                                  0
Number of continuous latent variables                            2

Observed dependent variables

  Binary and ordered categorical (ordinal)
   DASS1_1     DASS2_1     DASS3_1     DASS4_1     DASS5_1     DASS6_1
   DASS7_1     DASS8_1     DASS9_1     DASS10_1    DASS11_1    DASS12_1
   DASS13_1    DASS14_1

Continuous latent variables
   STRESS_1    ANXIETY_

Variables with special functions

  Grouping variable     TREATMEN
  ID variable           STUDENTI

Estimator                                                    WLSMV
Maximum number of iterations                                  1000
Convergence criterion                                    0.500D-04
Maximum number of steepest descent iterations                   20
Maximum number of iterations for H1                           2000
Convergence criterion for H1                             0.100D-03
Parameterization                                             THETA
Link                                                        PROBIT

Input data file(s)
  ../dat_stu.txt

Input data format  FREE


SUMMARY OF DATA

   Group CONTROL
     Number of missing data patterns             1

   Group TREATED
     Number of missing data patterns             1


COVARIANCE COVERAGE OF DATA

Minimum covariance coverage value   0.100


     PROPORTION OF DATA PRESENT FOR CONTROL


           Covariance Coverage
              DASS1_1       DASS2_1       DASS3_1       DASS4_1       DASS5_1
              ________      ________      ________      ________      ________
 DASS1_1        1.000
 DASS2_1        1.000         1.000
 DASS3_1        1.000         1.000         1.000
 DASS4_1        1.000         1.000         1.000         1.000
 DASS5_1        1.000         1.000         1.000         1.000         1.000
 DASS6_1        1.000         1.000         1.000         1.000         1.000
 DASS7_1        1.000         1.000         1.000         1.000         1.000
 DASS8_1        1.000         1.000         1.000         1.000         1.000
 DASS9_1        1.000         1.000         1.000         1.000         1.000
 DASS10_1       1.000         1.000         1.000         1.000         1.000
 DASS11_1       1.000         1.000         1.000         1.000         1.000
 DASS12_1       1.000         1.000         1.000         1.000         1.000
 DASS13_1       1.000         1.000         1.000         1.000         1.000
 DASS14_1       1.000         1.000         1.000         1.000         1.000


           Covariance Coverage
              DASS6_1       DASS7_1       DASS8_1       DASS9_1       DASS10_1
              ________      ________      ________      ________      ________
 DASS6_1        1.000
 DASS7_1        1.000         1.000
 DASS8_1        1.000         1.000         1.000
 DASS9_1        1.000         1.000         1.000         1.000
 DASS10_1       1.000         1.000         1.000         1.000         1.000
 DASS11_1       1.000         1.000         1.000         1.000         1.000
 DASS12_1       1.000         1.000         1.000         1.000         1.000
 DASS13_1       1.000         1.000         1.000         1.000         1.000
 DASS14_1       1.000         1.000         1.000         1.000         1.000


           Covariance Coverage
              DASS11_1      DASS12_1      DASS13_1      DASS14_1
              ________      ________      ________      ________
 DASS11_1       1.000
 DASS12_1       1.000         1.000
 DASS13_1       1.000         1.000         1.000
 DASS14_1       1.000         1.000         1.000         1.000


     PROPORTION OF DATA PRESENT FOR TREATED


           Covariance Coverage
              DASS1_1       DASS2_1       DASS3_1       DASS4_1       DASS5_1
              ________      ________      ________      ________      ________
 DASS1_1        1.000
 DASS2_1        1.000         1.000
 DASS3_1        1.000         1.000         1.000
 DASS4_1        1.000         1.000         1.000         1.000
 DASS5_1        1.000         1.000         1.000         1.000         1.000
 DASS6_1        1.000         1.000         1.000         1.000         1.000
 DASS7_1        1.000         1.000         1.000         1.000         1.000
 DASS8_1        1.000         1.000         1.000         1.000         1.000
 DASS9_1        1.000         1.000         1.000         1.000         1.000
 DASS10_1       1.000         1.000         1.000         1.000         1.000
 DASS11_1       1.000         1.000         1.000         1.000         1.000
 DASS12_1       1.000         1.000         1.000         1.000         1.000
 DASS13_1       1.000         1.000         1.000         1.000         1.000
 DASS14_1       1.000         1.000         1.000         1.000         1.000


           Covariance Coverage
              DASS6_1       DASS7_1       DASS8_1       DASS9_1       DASS10_1
              ________      ________      ________      ________      ________
 DASS6_1        1.000
 DASS7_1        1.000         1.000
 DASS8_1        1.000         1.000         1.000
 DASS9_1        1.000         1.000         1.000         1.000
 DASS10_1       1.000         1.000         1.000         1.000         1.000
 DASS11_1       1.000         1.000         1.000         1.000         1.000
 DASS12_1       1.000         1.000         1.000         1.000         1.000
 DASS13_1       1.000         1.000         1.000         1.000         1.000
 DASS14_1       1.000         1.000         1.000         1.000         1.000


           Covariance Coverage
              DASS11_1      DASS12_1      DASS13_1      DASS14_1
              ________      ________      ________      ________
 DASS11_1       1.000
 DASS12_1       1.000         1.000
 DASS13_1       1.000         1.000         1.000
 DASS14_1       1.000         1.000         1.000         1.000


UNIVARIATE PROPORTIONS AND COUNTS FOR CATEGORICAL VARIABLES

  Group CONTROL
    DASS1_1
      Category 1    0.278          350.000
      Category 2    0.476          599.000
      Category 3    0.188          237.000
      Category 4    0.058           73.000
    DASS2_1
      Category 1    0.532          670.000
      Category 2    0.320          403.000
      Category 3    0.109          137.000
      Category 4    0.039           49.000
    DASS3_1
      Category 1    0.583          734.000
      Category 2    0.274          345.000
      Category 3    0.106          134.000
      Category 4    0.037           46.000
    DASS4_1
      Category 1    0.244          307.000
      Category 2    0.427          538.000
      Category 3    0.218          275.000
      Category 4    0.110          139.000
    DASS5_1
      Category 1    0.494          622.000
      Category 2    0.307          386.000
      Category 3    0.131          165.000
      Category 4    0.068           86.000
    DASS6_1
      Category 1    0.351          442.000
      Category 2    0.392          493.000
      Category 3    0.164          206.000
      Category 4    0.094          118.000
    DASS7_1
      Category 1    0.320          403.000
      Category 2    0.385          485.000
      Category 3    0.214          270.000
      Category 4    0.080          101.000
    DASS8_1
      Category 1    0.290          365.000
      Category 2    0.427          538.000
      Category 3    0.193          243.000
      Category 4    0.090          113.000
    DASS9_1
      Category 1    0.373          469.000
      Category 2    0.390          491.000
      Category 3    0.155          195.000
      Category 4    0.083          104.000
    DASS10_1
      Category 1    0.273          344.000
      Category 2    0.445          560.000
      Category 3    0.205          258.000
      Category 4    0.077           97.000
    DASS11_1
      Category 1    0.450          566.000
      Category 2    0.361          454.000
      Category 3    0.137          173.000
      Category 4    0.052           66.000
    DASS12_1
      Category 1    0.310          390.000
      Category 2    0.395          497.000
      Category 3    0.195          246.000
      Category 4    0.100          126.000
    DASS13_1
      Category 1    0.465          586.000
      Category 2    0.338          425.000
      Category 3    0.134          169.000
      Category 4    0.063           79.000
    DASS14_1
      Category 1    0.527          663.000
      Category 2    0.315          396.000
      Category 3    0.105          132.000
      Category 4    0.054           68.000

  Group TREATED
    DASS1_1
      Category 1    0.266          342.000
      Category 2    0.454          584.000
      Category 3    0.191          246.000
      Category 4    0.088          113.000
    DASS2_1
      Category 1    0.528          678.000
      Category 2    0.307          394.000
      Category 3    0.121          155.000
      Category 4    0.045           58.000
    DASS3_1
      Category 1    0.582          748.000
      Category 2    0.265          341.000
      Category 3    0.109          140.000
      Category 4    0.044           56.000
    DASS4_1
      Category 1    0.244          314.000
      Category 2    0.428          550.000
      Category 3    0.214          275.000
      Category 4    0.114          146.000
    DASS5_1
      Category 1    0.494          635.000
      Category 2    0.296          380.000
      Category 3    0.126          162.000
      Category 4    0.084          108.000
    DASS6_1
      Category 1    0.328          421.000
      Category 2    0.385          495.000
      Category 3    0.182          234.000
      Category 4    0.105          135.000
    DASS7_1
      Category 1    0.311          400.000
      Category 2    0.417          536.000
      Category 3    0.181          233.000
      Category 4    0.090          116.000
    DASS8_1
      Category 1    0.273          351.000
      Category 2    0.439          564.000
      Category 3    0.197          253.000
      Category 4    0.091          117.000
    DASS9_1
      Category 1    0.342          439.000
      Category 2    0.401          515.000
      Category 3    0.179          230.000
      Category 4    0.079          101.000
    DASS10_1
      Category 1    0.270          347.000
      Category 2    0.436          560.000
      Category 3    0.192          247.000
      Category 4    0.102          131.000
    DASS11_1
      Category 1    0.440          565.000
      Category 2    0.353          453.000
      Category 3    0.142          183.000
      Category 4    0.065           84.000
    DASS12_1
      Category 1    0.303          389.000
      Category 2    0.416          535.000
      Category 3    0.183          235.000
      Category 4    0.098          126.000
    DASS13_1
      Category 1    0.475          610.000
      Category 2    0.329          423.000
      Category 3    0.118          152.000
      Category 4    0.078          100.000
    DASS14_1
      Category 1    0.521          670.000
      Category 2    0.312          401.000
      Category 3    0.108          139.000
      Category 4    0.058           75.000


SAMPLE STATISTICS


     ESTIMATED SAMPLE STATISTICS FOR CONTROL


           MEANS/INTERCEPTS/THRESHOLDS
              DASS1_1$      DASS1_1$      DASS1_1$      DASS2_1$      DASS2_1$
              ________      ________      ________      ________      ________
               -0.589         0.686         1.572         0.081         1.046


           MEANS/INTERCEPTS/THRESHOLDS
              DASS2_1$      DASS3_1$      DASS3_1$      DASS3_1$      DASS4_1$
              ________      ________      ________      ________      ________
                1.763         0.210         1.067         1.792        -0.694


           MEANS/INTERCEPTS/THRESHOLDS
              DASS4_1$      DASS4_1$      DASS5_1$      DASS5_1$      DASS5_1$
              ________      ________      ________      ________      ________
                0.443         1.224        -0.015         0.844         1.489


           MEANS/INTERCEPTS/THRESHOLDS
              DASS6_1$      DASS6_1$      DASS6_1$      DASS7_1$      DASS7_1$
              ________      ________      ________      ________      ________
               -0.382         0.652         1.318        -0.467         0.540


           MEANS/INTERCEPTS/THRESHOLDS
              DASS7_1$      DASS8_1$      DASS8_1$      DASS8_1$      DASS9_1$
              ________      ________      ________      ________      ________
                1.404        -0.554         0.575         1.342        -0.325


           MEANS/INTERCEPTS/THRESHOLDS
              DASS9_1$      DASS9_1$      DASS10_1      DASS10_1      DASS10_1
              ________      ________      ________      ________      ________
                0.714         1.388        -0.603         0.577         1.425


           MEANS/INTERCEPTS/THRESHOLDS
              DASS11_1      DASS11_1      DASS11_1      DASS12_1      DASS12_1
              ________      ________      ________      ________      ________
               -0.127         0.879         1.622        -0.497         0.537


           MEANS/INTERCEPTS/THRESHOLDS
              DASS12_1      DASS13_1      DASS13_1      DASS13_1      DASS14_1
              ________      ________      ________      ________      ________
                1.281        -0.087         0.852         1.532         0.067


           MEANS/INTERCEPTS/THRESHOLDS
              DASS14_1      DASS14_1
              ________      ________
                0.999         1.607


           CORRELATION MATRIX (WITH VARIANCES ON THE DIAGONAL)
              DASS1_1       DASS2_1       DASS3_1       DASS4_1       DASS5_1
              ________      ________      ________      ________      ________
 DASS1_1
 DASS2_1        0.432
 DASS3_1        0.427         0.544
 DASS4_1        0.566         0.472         0.456
 DASS5_1        0.513         0.544         0.532         0.514
 DASS6_1        0.547         0.510         0.521         0.643         0.582
 DASS7_1        0.526         0.457         0.490         0.512         0.541
 DASS8_1        0.527         0.457         0.499         0.533         0.521
 DASS9_1        0.581         0.450         0.509         0.573         0.569
 DASS10_1       0.425         0.371         0.357         0.494         0.406
 DASS11_1       0.546         0.481         0.496         0.555         0.571
 DASS12_1       0.484         0.419         0.389         0.556         0.510
 DASS13_1       0.412         0.460         0.576         0.479         0.593
 DASS14_1       0.479         0.479         0.553         0.455         0.575


           CORRELATION MATRIX (WITH VARIANCES ON THE DIAGONAL)
              DASS6_1       DASS7_1       DASS8_1       DASS9_1       DASS10_1
              ________      ________      ________      ________      ________
 DASS7_1        0.613
 DASS8_1        0.615         0.645
 DASS9_1        0.656         0.578         0.627
 DASS10_1       0.483         0.473         0.459         0.487
 DASS11_1       0.582         0.608         0.662         0.652         0.499
 DASS12_1       0.581         0.530         0.574         0.557         0.441
 DASS13_1       0.547         0.510         0.557         0.591         0.399
 DASS14_1       0.517         0.531         0.546         0.555         0.377


           CORRELATION MATRIX (WITH VARIANCES ON THE DIAGONAL)
              DASS11_1      DASS12_1      DASS13_1      DASS14_1
              ________      ________      ________      ________
 DASS12_1       0.653
 DASS13_1       0.613         0.546
 DASS14_1       0.602         0.526         0.639


     ESTIMATED SAMPLE STATISTICS FOR TREATED


           MEANS/INTERCEPTS/THRESHOLDS
              DASS1_1$      DASS1_1$      DASS1_1$      DASS2_1$      DASS2_1$
              ________      ________      ________      ________      ________
               -0.625         0.585         1.354         0.069         0.971


           MEANS/INTERCEPTS/THRESHOLDS
              DASS2_1$      DASS3_1$      DASS3_1$      DASS3_1$      DASS4_1$
              ________      ________      ________      ________      ________
                1.694         0.207         1.026         1.711        -0.692


           MEANS/INTERCEPTS/THRESHOLDS
              DASS4_1$      DASS4_1$      DASS5_1$      DASS5_1$      DASS5_1$
              ________      ________      ________      ________      ________
                0.446         1.208        -0.015         0.806         1.378


           MEANS/INTERCEPTS/THRESHOLDS
              DASS6_1$      DASS6_1$      DASS6_1$      DASS7_1$      DASS7_1$
              ________      ________      ________      ________      ________
               -0.446         0.562         1.253        -0.492         0.608


           MEANS/INTERCEPTS/THRESHOLDS
              DASS7_1$      DASS8_1$      DASS8_1$      DASS8_1$      DASS9_1$
              ________      ________      ________      ________      ________
                1.339        -0.603         0.559         1.334        -0.408


           MEANS/INTERCEPTS/THRESHOLDS
              DASS9_1$      DASS9_1$      DASS10_1      DASS10_1      DASS10_1
              ________      ________      ________      ________      ________
                0.651         1.415        -0.613         0.541         1.271


           MEANS/INTERCEPTS/THRESHOLDS
              DASS11_1      DASS11_1      DASS11_1      DASS12_1      DASS12_1
              ________      ________      ________      ________      ________
               -0.152         0.814         1.511        -0.517         0.580


           MEANS/INTERCEPTS/THRESHOLDS
              DASS12_1      DASS13_1      DASS13_1      DASS13_1      DASS14_1
              ________      ________      ________      ________      ________
                1.293        -0.063         0.856         1.420         0.054


           MEANS/INTERCEPTS/THRESHOLDS
              DASS14_1      DASS14_1
              ________      ________
                0.968         1.569


           CORRELATION MATRIX (WITH VARIANCES ON THE DIAGONAL)
              DASS1_1       DASS2_1       DASS3_1       DASS4_1       DASS5_1
              ________      ________      ________      ________      ________
 DASS1_1
 DASS2_1        0.472
 DASS3_1        0.438         0.561
 DASS4_1        0.546         0.452         0.482
 DASS5_1        0.490         0.533         0.582         0.516
 DASS6_1        0.598         0.505         0.495         0.686         0.611
 DASS7_1        0.537         0.441         0.489         0.549         0.519
 DASS8_1        0.553         0.434         0.476         0.573         0.575
 DASS9_1        0.607         0.495         0.472         0.555         0.564
 DASS10_1       0.423         0.391         0.391         0.546         0.425
 DASS11_1       0.539         0.460         0.492         0.556         0.575
 DASS12_1       0.510         0.403         0.431         0.599         0.478
 DASS13_1       0.454         0.530         0.583         0.451         0.641
 DASS14_1       0.489         0.515         0.576         0.491         0.555


           CORRELATION MATRIX (WITH VARIANCES ON THE DIAGONAL)
              DASS6_1       DASS7_1       DASS8_1       DASS9_1       DASS10_1
              ________      ________      ________      ________      ________
 DASS7_1        0.633
 DASS8_1        0.649         0.662
 DASS9_1        0.683         0.615         0.648
 DASS10_1       0.550         0.456         0.449         0.552
 DASS11_1       0.594         0.615         0.632         0.645         0.499
 DASS12_1       0.560         0.528         0.592         0.569         0.463
 DASS13_1       0.567         0.544         0.567         0.598         0.490
 DASS14_1       0.576         0.534         0.550         0.603         0.452


           CORRELATION MATRIX (WITH VARIANCES ON THE DIAGONAL)
              DASS11_1      DASS12_1      DASS13_1      DASS14_1
              ________      ________      ________      ________
 DASS12_1       0.664
 DASS13_1       0.624         0.547
 DASS14_1       0.667         0.562         0.693


THE MODEL ESTIMATION TERMINATED NORMALLY



MODEL FIT INFORMATION

Number of Free Parameters                      102

Chi-Square Test of Model Fit

          Value                            734.541*
          Degrees of Freedom                   164
          P-Value                           0.0000

Chi-Square Contribution From Each Group

          CONTROL                          304.570
          TREATED                          429.971

Chi-Square Test for Difference Testing

          Value                              7.174*
          Degrees of Freedom                    12
          P-Value                           0.8459

*   The chi-square value for MLM, MLMV, MLR, ULSMV, WLSM and WLSMV cannot be used
    for chi-square difference testing in the regular way.  MLM, MLR and WLSM
    chi-square difference testing is described on the Mplus website.  MLMV, WLSMV,
    and ULSMV difference testing is done using the DIFFTEST option.  The DIFFTEST
    option assumes the models are nested.  The NESTED option can be used to verify
    that the models are nested.

RMSEA (Root Mean Square Error Of Approximation)

          Estimate                           0.052
          90 Percent C.I.                    0.048  0.056
          Probability RMSEA <= .05           0.159

CFI/TLI

          CFI                                0.985
          TLI                                0.984

Chi-Square Test of Model Fit for the Baseline Model

          Value                          38988.134
          Degrees of Freedom                   182
          P-Value                           0.0000

SRMR (Standardized Root Mean Square Residual)

          Value                              0.031

Optimum Function Value for Weighted Least-Squares Estimator

          Value                     0.11231614D+00



MODEL RESULTS

                                                    Two-Tailed
                    Estimate       S.E.  Est./S.E.    P-Value

Group CONTROL

 STRESS_1 BY
    DASS1_1            0.958      0.037     26.211      0.000
    DASS4_1            1.083      0.039     27.713      0.000
    DASS6_1            1.383      0.050     27.575      0.000
    DASS8_1            1.263      0.046     27.657      0.000
    DASS9_1            1.339      0.049     27.477      0.000
    DASS10_1           0.778      0.031     24.993      0.000
    DASS12_1           1.068      0.039     27.146      0.000

 ANXIETY_ BY
    DASS2_1            0.835      0.037     22.805      0.000
    DASS3_1            0.919      0.040     22.934      0.000
    DASS5_1            1.111      0.044     25.170      0.000
    DASS7_1            1.173      0.044     26.857      0.000
    DASS11_1           1.412      0.054     25.989      0.000
    DASS13_1           1.175      0.046     25.690      0.000
    DASS14_1           1.151      0.046     24.794      0.000

 ANXIETY_ WITH
    STRESS_1           0.949      0.007    130.620      0.000

 Means
    STRESS_1           0.000      0.000    999.000    999.000
    ANXIETY_1          0.000      0.000    999.000    999.000

 Thresholds
    DASS1_1$1         -0.815      0.051    -15.847      0.000
    DASS1_1$2          0.950      0.054     17.662      0.000
    DASS1_1$3          2.176      0.077     28.209      0.000
    DASS2_1$1          0.105      0.046      2.278      0.023
    DASS2_1$2          1.363      0.057     23.912      0.000
    DASS2_1$3          2.298      0.083     27.776      0.000
    DASS3_1$1          0.285      0.049      5.812      0.000
    DASS3_1$2          1.449      0.060     24.027      0.000
    DASS3_1$3          2.434      0.088     27.645      0.000
    DASS4_1$1         -1.023      0.056    -18.270      0.000
    DASS4_1$2          0.653      0.054     12.086      0.000
    DASS4_1$3          1.805      0.067     26.954      0.000
    DASS5_1$1         -0.022      0.053     -0.423      0.672
    DASS5_1$2          1.262      0.061     20.593      0.000
    DASS5_1$3          2.225      0.078     28.410      0.000
    DASS6_1$1         -0.653      0.061    -10.707      0.000
    DASS6_1$2          1.112      0.066     16.873      0.000
    DASS6_1$3          2.250      0.082     27.417      0.000
    DASS7_1$1         -0.721      0.056    -12.866      0.000
    DASS7_1$2          0.832      0.058     14.383      0.000
    DASS7_1$3          2.164      0.077     27.978      0.000
    DASS8_1$1         -0.892      0.059    -15.050      0.000
    DASS8_1$2          0.926      0.061     15.187      0.000
    DASS8_1$3          2.163      0.078     27.647      0.000
    DASS9_1$1         -0.544      0.059     -9.168      0.000
    DASS9_1$2          1.194      0.065     18.244      0.000
    DASS9_1$3          2.320      0.083     28.021      0.000
    DASS10_1$1        -0.764      0.047    -16.155      0.000
    DASS10_1$2         0.731      0.048     15.346      0.000
    DASS10_1$3         1.806      0.065     27.986      0.000
    DASS11_1$1        -0.219      0.061     -3.620      0.000
    DASS11_1$2         1.520      0.073     20.821      0.000
    DASS11_1$3         2.806      0.098     28.559      0.000
    DASS12_1$1        -0.726      0.053    -13.635      0.000
    DASS12_1$2         0.786      0.055     14.398      0.000
    DASS12_1$3         1.874      0.069     27.285      0.000
    DASS13_1$1        -0.134      0.054     -2.466      0.014
    DASS13_1$2         1.315      0.064     20.708      0.000
    DASS13_1$3         2.364      0.083     28.513      0.000
    DASS14_1$1         0.102      0.054      1.879      0.060
    DASS14_1$2         1.523      0.066     22.974      0.000
    DASS14_1$3         2.451      0.086     28.522      0.000

 Variances
    STRESS_1           1.000      0.000    999.000    999.000
    ANXIETY_1          1.000      0.000    999.000    999.000

 Residual Variances
    DASS1_1            1.000      0.000    999.000    999.000
    DASS2_1            1.000      0.000    999.000    999.000
    DASS3_1            1.000      0.000    999.000    999.000
    DASS4_1            1.000      0.000    999.000    999.000
    DASS5_1            1.000      0.000    999.000    999.000
    DASS6_1            1.000      0.000    999.000    999.000
    DASS7_1            1.000      0.000    999.000    999.000
    DASS8_1            1.000      0.000    999.000    999.000
    DASS9_1            1.000      0.000    999.000    999.000
    DASS10_1           1.000      0.000    999.000    999.000
    DASS11_1           1.000      0.000    999.000    999.000
    DASS12_1           1.000      0.000    999.000    999.000
    DASS13_1           1.000      0.000    999.000    999.000
    DASS14_1           1.000      0.000    999.000    999.000

Group TREATED

 STRESS_1 BY
    DASS1_1            0.958      0.037     26.211      0.000
    DASS4_1            1.083      0.039     27.713      0.000
    DASS6_1            1.383      0.050     27.575      0.000
    DASS8_1            1.263      0.046     27.657      0.000
    DASS9_1            1.339      0.049     27.477      0.000
    DASS10_1           0.778      0.031     24.993      0.000
    DASS12_1           1.068      0.039     27.146      0.000

 ANXIETY_ BY
    DASS2_1            0.835      0.037     22.805      0.000
    DASS3_1            0.919      0.040     22.934      0.000
    DASS5_1            1.111      0.044     25.170      0.000
    DASS7_1            1.173      0.044     26.857      0.000
    DASS11_1           1.412      0.054     25.989      0.000
    DASS13_1           1.175      0.046     25.690      0.000
    DASS14_1           1.151      0.046     24.794      0.000

 ANXIETY_ WITH
    STRESS_1           1.026      0.072     14.344      0.000

 Means
    STRESS_1           0.000      0.000    999.000    999.000
    ANXIETY_1          0.000      0.000    999.000    999.000

 Thresholds
    DASS1_1$1         -0.888      0.052    -16.931      0.000
    DASS1_1$2          0.831      0.053     15.546      0.000
    DASS1_1$3          1.925      0.069     27.741      0.000
    DASS2_1$1          0.092      0.047      1.977      0.048
    DASS2_1$2          1.288      0.056     22.993      0.000
    DASS2_1$3          2.247      0.079     28.368      0.000
    DASS3_1$1          0.287      0.049      5.807      0.000
    DASS3_1$2          1.421      0.060     23.705      0.000
    DASS3_1$3          2.369      0.083     28.634      0.000
    DASS4_1$1         -1.052      0.057    -18.496      0.000
    DASS4_1$2          0.678      0.055     12.341      0.000
    DASS4_1$3          1.834      0.068     27.000      0.000
    DASS5_1$1         -0.022      0.053     -0.419      0.675
    DASS5_1$2          1.234      0.061     20.111      0.000
    DASS5_1$3          2.110      0.075     28.060      0.000
    DASS6_1$1         -0.790      0.063    -12.618      0.000
    DASS6_1$2          0.994      0.066     15.044      0.000
    DASS6_1$3          2.218      0.080     27.880      0.000
    DASS7_1$1         -0.778      0.057    -13.726      0.000
    DASS7_1$2          0.961      0.060     16.150      0.000
    DASS7_1$3          2.116      0.075     28.090      0.000
    DASS8_1$1         -1.006      0.061    -16.477      0.000
    DASS8_1$2          0.932      0.062     14.965      0.000
    DASS8_1$3          2.224      0.079     28.038      0.000
    DASS9_1$1         -0.707      0.061    -11.587      0.000
    DASS9_1$2          1.127      0.066     16.993      0.000
    DASS9_1$3          2.450      0.086     28.629      0.000
    DASS10_1$1        -0.793      0.048    -16.567      0.000
    DASS10_1$2         0.701      0.048     14.677      0.000
    DASS10_1$3         1.644      0.059     27.684      0.000
    DASS11_1$1        -0.270      0.062     -4.382      0.000
    DASS11_1$2         1.449      0.073     19.851      0.000
    DASS11_1$3         2.690      0.095     28.440      0.000
    DASS12_1$1        -0.778      0.054    -14.318      0.000
    DASS12_1$2         0.874      0.056     15.571      0.000
    DASS12_1$3         1.948      0.070     27.760      0.000
    DASS13_1$1        -0.100      0.055     -1.821      0.069
    DASS13_1$2         1.354      0.064     21.030      0.000
    DASS13_1$3         2.247      0.078     28.776      0.000
    DASS14_1$1         0.084      0.055      1.527      0.127
    DASS14_1$2         1.512      0.066     22.803      0.000
    DASS14_1$3         2.451      0.084     29.242      0.000

 Variances
    STRESS_1           1.114      0.082     13.662      0.000
    ANXIETY_1          1.088      0.088     12.381      0.000

 Residual Variances
    DASS1_1            1.000      0.000    999.000    999.000
    DASS2_1            1.000      0.000    999.000    999.000
    DASS3_1            1.000      0.000    999.000    999.000
    DASS4_1            1.000      0.000    999.000    999.000
    DASS5_1            1.000      0.000    999.000    999.000
    DASS6_1            1.000      0.000    999.000    999.000
    DASS7_1            1.000      0.000    999.000    999.000
    DASS8_1            1.000      0.000    999.000    999.000
    DASS9_1            1.000      0.000    999.000    999.000
    DASS10_1           1.000      0.000    999.000    999.000
    DASS11_1           1.000      0.000    999.000    999.000
    DASS12_1           1.000      0.000    999.000    999.000
    DASS13_1           1.000      0.000    999.000    999.000
    DASS14_1           1.000      0.000    999.000    999.000


STANDARDIZED MODEL RESULTS


STDYX Standardization

                                                    Two-Tailed
                    Estimate       S.E.  Est./S.E.    P-Value

Group CONTROL

 STRESS_1 BY
    DASS1_1            0.692      0.014     50.244      0.000
    DASS4_1            0.735      0.012     60.235      0.000
    DASS6_1            0.810      0.010     80.344      0.000
    DASS8_1            0.784      0.011     71.800      0.000
    DASS9_1            0.801      0.010     76.755      0.000
    DASS10_1           0.614      0.015     40.136      0.000
    DASS12_1           0.730      0.013     58.091      0.000

 ANXIETY_ BY
    DASS2_1            0.641      0.017     38.718      0.000
    DASS3_1            0.677      0.016     42.301      0.000
    DASS5_1            0.743      0.013     56.245      0.000
    DASS7_1            0.761      0.012     63.831      0.000
    DASS11_1           0.816      0.010     77.800      0.000
    DASS13_1           0.762      0.012     61.185      0.000
    DASS14_1           0.755      0.013     57.644      0.000

 ANXIETY_ WITH
    STRESS_1           0.949      0.007    130.620      0.000

 Means
    STRESS_1           0.000      0.000    999.000    999.000
    ANXIETY_1          0.000      0.000    999.000    999.000

 Thresholds
    DASS1_1$1         -0.589      0.038    -15.641      0.000
    DASS1_1$2          0.686      0.039     17.820      0.000
    DASS1_1$3          1.572      0.057     27.678      0.000
    DASS2_1$1          0.081      0.035      2.286      0.022
    DASS2_1$2          1.046      0.043     24.147      0.000
    DASS2_1$3          1.763      0.065     27.263      0.000
    DASS3_1$1          0.210      0.036      5.887      0.000
    DASS3_1$2          1.067      0.044     24.420      0.000
    DASS3_1$3          1.792      0.066     27.132      0.000
    DASS4_1$1         -0.694      0.039    -17.984      0.000
    DASS4_1$2          0.443      0.037     12.103      0.000
    DASS4_1$3          1.224      0.047     26.136      0.000
    DASS5_1$1         -0.015      0.035     -0.423      0.673
    DASS5_1$2          0.844      0.040     20.943      0.000
    DASS5_1$3          1.488      0.054     27.584      0.000
    DASS6_1$1         -0.382      0.036    -10.542      0.000
    DASS6_1$2          0.651      0.038     17.061      0.000
    DASS6_1$3          1.318      0.049     26.855      0.000
    DASS7_1$1         -0.467      0.037    -12.716      0.000
    DASS7_1$2          0.540      0.037     14.489      0.000
    DASS7_1$3          1.404      0.051     27.312      0.000
    DASS8_1$1         -0.554      0.037    -14.818      0.000
    DASS8_1$2          0.575      0.038     15.313      0.000
    DASS8_1$3          1.342      0.050     27.002      0.000
    DASS9_1$1         -0.325      0.036     -9.031      0.000
    DASS9_1$2          0.714      0.039     18.411      0.000
    DASS9_1$3          1.388      0.051     27.246      0.000
    DASS10_1$1        -0.603      0.038    -15.971      0.000
    DASS10_1$2         0.577      0.038     15.370      0.000
    DASS10_1$3         1.425      0.052     27.399      0.000
    DASS11_1$1        -0.127      0.035     -3.579      0.000
    DASS11_1$2         0.879      0.041     21.559      0.000
    DASS11_1$3         1.622      0.059     27.650      0.000
    DASS12_1$1        -0.497      0.037    -13.437      0.000
    DASS12_1$2         0.537      0.037     14.433      0.000
    DASS12_1$3         1.281      0.048     26.599      0.000
    DASS13_1$1        -0.087      0.035     -2.451      0.014
    DASS13_1$2         0.852      0.040     21.096      0.000
    DASS13_1$3         1.532      0.055     27.654      0.000
    DASS14_1$1         0.067      0.035      1.888      0.059
    DASS14_1$2         0.999      0.043     23.487      0.000
    DASS14_1$3         1.607      0.058     27.668      0.000

 Variances
    STRESS_1           1.000      0.000    999.000    999.000
    ANXIETY_1          1.000      0.000    999.000    999.000

 Residual Variances
    DASS1_1            0.522      0.019     27.398      0.000
    DASS2_1            0.589      0.021     27.744      0.000
    DASS3_1            0.542      0.022     25.047      0.000
    DASS4_1            0.460      0.018     25.663      0.000
    DASS5_1            0.448      0.020     22.778      0.000
    DASS6_1            0.343      0.016     20.992      0.000
    DASS7_1            0.421      0.018     23.183      0.000
    DASS8_1            0.385      0.017     22.492      0.000
    DASS9_1            0.358      0.017     21.398      0.000
    DASS10_1           0.623      0.019     33.121      0.000
    DASS11_1           0.334      0.017     19.512      0.000
    DASS12_1           0.467      0.018     25.479      0.000
    DASS13_1           0.420      0.019     22.142      0.000
    DASS14_1           0.430      0.020     21.754      0.000

Group TREATED

 STRESS_1 BY
    DASS1_1            0.711      0.013     53.371      0.000
    DASS4_1            0.753      0.012     64.856      0.000
    DASS6_1            0.825      0.009     88.800      0.000
    DASS8_1            0.800      0.010     77.992      0.000
    DASS9_1            0.816      0.010     84.071      0.000
    DASS10_1           0.635      0.015     42.295      0.000
    DASS12_1           0.748      0.012     62.072      0.000

 ANXIETY_ BY
    DASS2_1            0.657      0.016     40.623      0.000
    DASS3_1            0.692      0.016     44.396      0.000
    DASS5_1            0.757      0.013     58.796      0.000
    DASS7_1            0.774      0.011     69.050      0.000
    DASS11_1           0.827      0.010     83.281      0.000
    DASS13_1           0.775      0.012     64.527      0.000
    DASS14_1           0.768      0.012     63.424      0.000

 ANXIETY_ WITH
    STRESS_1           0.932      0.008    118.134      0.000

 Means
    STRESS_1           0.000      0.000    999.000    999.000
    ANXIETY_1          0.000      0.000    999.000    999.000

 Thresholds
    DASS1_1$1         -0.624      0.038    -16.628      0.000
    DASS1_1$2          0.585      0.037     15.706      0.000
    DASS1_1$3          1.354      0.049     27.347      0.000
    DASS2_1$1          0.069      0.035      1.983      0.047
    DASS2_1$2          0.971      0.042     23.307      0.000
    DASS2_1$3          1.694      0.061     27.791      0.000
    DASS3_1$1          0.207      0.035      5.882      0.000
    DASS3_1$2          1.026      0.043     24.110      0.000
    DASS3_1$3          1.711      0.062     27.742      0.000
    DASS4_1$1         -0.692      0.038    -18.133      0.000
    DASS4_1$2          0.446      0.036     12.314      0.000
    DASS4_1$3          1.208      0.046     26.250      0.000
    DASS5_1$1         -0.015      0.035     -0.418      0.676
    DASS5_1$2          0.806      0.039     20.447      0.000
    DASS5_1$3          1.378      0.050     27.477      0.000
    DASS6_1$1         -0.446      0.036    -12.313      0.000
    DASS6_1$2          0.562      0.037     15.162      0.000
    DASS6_1$3          1.253      0.047     26.652      0.000
    DASS7_1$1         -0.492      0.037    -13.469      0.000
    DASS7_1$2          0.608      0.037     16.251      0.000
    DASS7_1$3          1.339      0.049     27.261      0.000
    DASS8_1$1         -0.603      0.037    -16.140      0.000
    DASS8_1$2          0.559      0.037     15.108      0.000
    DASS8_1$3          1.334      0.049     27.231      0.000
    DASS9_1$1         -0.408      0.036    -11.320      0.000
    DASS9_1$2          0.651      0.038     17.220      0.000
    DASS9_1$3          1.415      0.051     27.644      0.000
    DASS10_1$1        -0.613      0.037    -16.355      0.000
    DASS10_1$2         0.541      0.037     14.674      0.000
    DASS10_1$3         1.271      0.047     26.790      0.000
    DASS11_1$1        -0.152      0.035     -4.323      0.000
    DASS11_1$2         0.814      0.040     20.602      0.000
    DASS11_1$3         1.511      0.054     27.908      0.000
    DASS12_1$1        -0.517      0.037    -14.072      0.000
    DASS12_1$2         0.580      0.037     15.601      0.000
    DASS12_1$3         1.293      0.048     26.959      0.000
    DASS13_1$1        -0.063      0.035     -1.813      0.070
    DASS13_1$2         0.856      0.040     21.369      0.000
    DASS13_1$3         1.420      0.051     27.661      0.000
    DASS14_1$1         0.054      0.035      1.534      0.125
    DASS14_1$2         0.968      0.042     23.257      0.000
    DASS14_1$3         1.569      0.056     27.962      0.000

 Variances
    STRESS_1           1.000      0.000    999.000    999.000
    ANXIETY_1          1.000      0.000    999.000    999.000

 Residual Variances
    DASS1_1            0.495      0.019     26.117      0.000
    DASS2_1            0.568      0.021     26.752      0.000
    DASS3_1            0.521      0.022     24.158      0.000
    DASS4_1            0.433      0.017     24.797      0.000
    DASS5_1            0.427      0.020     21.883      0.000
    DASS6_1            0.319      0.015     20.821      0.000
    DASS7_1            0.400      0.017     23.048      0.000
    DASS8_1            0.360      0.016     21.925      0.000
    DASS9_1            0.334      0.016     21.034      0.000
    DASS10_1           0.597      0.019     31.322      0.000
    DASS11_1           0.316      0.016     19.195      0.000
    DASS12_1           0.440      0.018     24.432      0.000
    DASS13_1           0.399      0.019     21.460      0.000
    DASS14_1           0.410      0.019     21.997      0.000


R-SQUARE

Group CONTROL

    Observed                                        Two-Tailed     Scale
    Variable        Estimate       S.E.  Est./S.E.    P-Value     Factors

    DASS1_1            0.478      0.019     25.122      0.000      0.722
    DASS2_1            0.411      0.021     19.359      0.000      0.767
    DASS3_1            0.458      0.022     21.151      0.000      0.736
    DASS4_1            0.540      0.018     30.118      0.000      0.678
    DASS5_1            0.552      0.020     28.122      0.000      0.669
    DASS6_1            0.657      0.016     40.172      0.000      0.586
    DASS7_1            0.579      0.018     31.915      0.000      0.649
    DASS8_1            0.615      0.017     35.900      0.000      0.621
    DASS9_1            0.642      0.017     38.377      0.000      0.598
    DASS10_1           0.377      0.019     20.068      0.000      0.789
    DASS11_1           0.666      0.017     38.900      0.000      0.578
    DASS12_1           0.533      0.018     29.045      0.000      0.684
    DASS13_1           0.580      0.019     30.592      0.000      0.648
    DASS14_1           0.570      0.020     28.822      0.000      0.656

Group TREATED

    Observed                                        Two-Tailed     Scale
    Variable        Estimate       S.E.  Est./S.E.    P-Value     Factors

    DASS1_1            0.505      0.019     26.685      0.000      0.703
    DASS2_1            0.432      0.021     20.312      0.000      0.754
    DASS3_1            0.479      0.022     22.198      0.000      0.722
    DASS4_1            0.567      0.017     32.428      0.000      0.658
    DASS5_1            0.573      0.020     29.398      0.000      0.653
    DASS6_1            0.681      0.015     44.400      0.000      0.565
    DASS7_1            0.600      0.017     34.525      0.000      0.633
    DASS8_1            0.640      0.016     38.996      0.000      0.600
    DASS9_1            0.666      0.016     42.036      0.000      0.577
    DASS10_1           0.403      0.019     21.147      0.000      0.773
    DASS11_1           0.684      0.016     41.641      0.000      0.562
    DASS12_1           0.560      0.018     31.036      0.000      0.664
    DASS13_1           0.601      0.019     32.263      0.000      0.632
    DASS14_1           0.590      0.019     31.712      0.000      0.640


QUALITY OF NUMERICAL RESULTS

     Condition Number for the Information Matrix              0.363E-02
       (ratio of smallest to largest eigenvalue)


MODEL MODIFICATION INDICES

Minimum M.I. value for printing the modification index    10.000

                                   M.I.     E.P.C.  Std E.P.C.  StdYX E.P.C.
Group CONTROL


ON/BY Statements

DASS14_1 ON STRESS_1 /
STRESS_1 BY DASS14_1              11.515    -0.148     -0.148       -0.097

ON Statements

STRESS_1 ON DASS4_1               15.504     0.103      0.103        0.151
STRESS_1 ON DASS7_1               21.452     0.092      0.092        0.141
STRESS_1 ON DASS8_1               15.903    -0.108     -0.108       -0.174
STRESS_1 ON DASS11_1              27.826     0.118      0.118        0.205
STRESS_1 ON DASS13_1              12.586    -0.077     -0.077       -0.118
STRESS_1 ON DASS14_1              23.421    -0.106     -0.106       -0.162
ANXIETY_ ON DASS3_1               14.339     0.102      0.102        0.139
ANXIETY_ ON DASS4_1               10.597    -0.067     -0.067       -0.099
ANXIETY_ ON DASS7_1               33.493    -0.155     -0.155       -0.239
ANXIETY_ ON DASS8_1               13.180     0.076      0.076        0.123
ANXIETY_ ON DASS11_1              34.009    -0.172     -0.172       -0.297
ANXIETY_ ON DASS13_1              11.337     0.095      0.095        0.147
ANXIETY_ ON DASS14_1              18.662     0.124      0.124        0.189
DASS2_1  ON DASS3_1               14.372     0.095      0.095        0.099
DASS3_1  ON DASS2_1               16.632     0.115      0.115        0.111
DASS7_1  ON DASS8_1               12.939     0.083      0.083        0.087
DASS8_1  ON DASS7_1               16.647     0.105      0.105        0.100
DASS11_1 ON DASS8_1               15.132     0.111      0.111        0.103
DASS11_1 ON DASS12_1              28.261     0.162      0.162        0.137
DASS12_1 ON DASS11_1              13.762     0.074      0.074        0.088
DASS13_1 ON DASS1_1               14.445    -0.123     -0.123       -0.110
DASS13_1 ON DASS7_1               10.409    -0.098     -0.098       -0.098
DASS14_1 ON DASS4_1               17.480    -0.125     -0.125       -0.120
DASS14_1 ON DASS6_1               16.113    -0.103     -0.103       -0.115
DASS14_1 ON DASS7_1               10.640    -0.098     -0.098       -0.099
DASS14_1 ON DASS10_1              14.878    -0.135     -0.135       -0.112

WITH Statements

DASS3_1  WITH ANXIETY_            14.341     0.102      0.102        0.102
DASS3_1  WITH DASS2_1             26.336     0.215      0.215        0.215
DASS4_1  WITH STRESS_1            15.486     0.103      0.103        0.103
DASS4_1  WITH ANXIETY_            10.596    -0.067     -0.067       -0.067
DASS4_1  WITH DASS1_1             10.709     0.134      0.134        0.134
DASS5_1  WITH DASS2_1             10.271     0.147      0.147        0.147
DASS7_1  WITH STRESS_1            21.435     0.092      0.092        0.092
DASS7_1  WITH ANXIETY_            33.489    -0.155     -0.155       -0.155
DASS8_1  WITH STRESS_1            15.926    -0.108     -0.108       -0.108
DASS8_1  WITH ANXIETY_            13.182     0.076      0.076        0.076
DASS8_1  WITH DASS7_1             27.322     0.228      0.228        0.228
DASS11_1 WITH STRESS_1            27.800     0.118      0.118        0.118
DASS11_1 WITH ANXIETY_            34.004    -0.172     -0.172       -0.172
DASS11_1 WITH DASS8_1             13.955     0.182      0.182        0.182
DASS12_1 WITH DASS11_1            32.110     0.259      0.259        0.259
DASS13_1 WITH STRESS_1            12.601    -0.077     -0.077       -0.077
DASS13_1 WITH ANXIETY_            11.339     0.095      0.095        0.095
DASS13_1 WITH DASS1_1             13.848    -0.202     -0.202       -0.202
DASS13_1 WITH DASS7_1             11.634    -0.187     -0.187       -0.187
DASS14_1 WITH STRESS_1            23.440    -0.106     -0.106       -0.106
DASS14_1 WITH ANXIETY_            18.665     0.124      0.124        0.124
DASS14_1 WITH DASS13_1            13.602     0.176      0.176        0.176

Group TREATED


ON Statements

STRESS_1 ON DASS3_1               18.357    -0.094     -0.089       -0.123
STRESS_1 ON DASS4_1               22.404     0.133      0.126        0.191
STRESS_1 ON DASS7_1               43.406     0.136      0.129        0.204
STRESS_1 ON DASS8_1               11.763    -0.100     -0.094       -0.157
ANXIETY_ ON DASS3_1               20.827     0.130      0.125        0.173
ANXIETY_ ON DASS4_1               15.590    -0.085     -0.081       -0.123
ANXIETY_ ON DASS7_1               73.491    -0.240     -0.231       -0.364
ANXIETY_ ON DASS11_1              13.184    -0.112     -0.107       -0.191
ANXIETY_ ON DASS13_1              23.254     0.143      0.137        0.218
ANXIETY_ ON DASS14_1              10.463     0.097      0.093        0.146
DASS6_1  ON DASS4_1               21.495     0.156      0.156        0.134
DASS7_1  ON DASS8_1               20.250     0.101      0.101        0.107
DASS8_1  ON DASS7_1               14.259     0.096      0.096        0.091
DASS10_1 ON DASS4_1               10.652     0.067      0.067        0.079
DASS11_1 ON DASS2_1               13.647    -0.162     -0.162       -0.121
DASS11_1 ON DASS3_1               11.747    -0.147     -0.147       -0.114
DASS11_1 ON DASS12_1              12.052     0.104      0.104        0.088
DASS13_1 ON DASS5_1               10.955     0.101      0.101        0.098
DASS13_1 ON DASS14_1              31.204     0.164      0.164        0.162
DASS14_1 ON DASS3_1               10.730     0.112      0.112        0.100
DASS14_1 ON DASS11_1              10.517     0.087      0.087        0.099
DASS14_1 ON DASS13_1              38.665     0.178      0.178        0.180

WITH Statements

DASS3_1  WITH STRESS_1            18.356    -0.094     -0.089       -0.089
DASS3_1  WITH ANXIETY_            20.837     0.130      0.125        0.125
DASS3_1  WITH DASS2_1             24.029     0.214      0.214        0.214
DASS4_1  WITH STRESS_1            22.402     0.133      0.126        0.126
DASS4_1  WITH ANXIETY_            15.581    -0.085     -0.081       -0.081
DASS6_1  WITH DASS4_1             30.149     0.270      0.270        0.270
DASS7_1  WITH STRESS_1            43.407     0.136      0.129        0.129
DASS7_1  WITH ANXIETY_            73.467    -0.240     -0.231       -0.231
DASS7_1  WITH DASS5_1             10.477    -0.176     -0.176       -0.176
DASS8_1  WITH STRESS_1            11.765    -0.100     -0.094       -0.094
DASS8_1  WITH DASS7_1             46.191     0.312      0.312        0.312
DASS9_1  WITH DASS4_1             11.413    -0.183     -0.183       -0.183
DASS10_1 WITH DASS4_1             17.627     0.183      0.183        0.183
DASS11_1 WITH ANXIETY_            13.171    -0.112     -0.107       -0.107
DASS11_1 WITH DASS2_1             13.933    -0.221     -0.221       -0.221
DASS11_1 WITH DASS3_1             12.151    -0.214     -0.214       -0.214
DASS12_1 WITH DASS6_1             11.189    -0.183     -0.183       -0.183
DASS12_1 WITH DASS11_1            36.443     0.291      0.291        0.291
DASS13_1 WITH ANXIETY_            23.268     0.143      0.138        0.138
DASS13_1 WITH DASS4_1             17.686    -0.236     -0.236       -0.236
DASS13_1 WITH DASS5_1             12.014     0.179      0.179        0.179
DASS14_1 WITH ANXIETY_            10.472     0.098      0.093        0.093
DASS14_1 WITH DASS13_1            54.603     0.369      0.369        0.369



SAVEDATA INFORMATION


  Difference testing

  Save file
    dass1_student_tx_inv_metric.dat
  Save format      Free

     Beginning Time:  10:38:34
        Ending Time:  10:38:35
       Elapsed Time:  00:00:01



MUTHEN & MUTHEN
3463 Stoner Ave.
Los Angeles, CA  90066

Tel: (310) 391-9971
Fax: (310) 391-8971
Web: www.StatModel.com
Support: Support@StatModel.com

Copyright (c) 1998-2019 Muthen & Muthen
