Mplus VERSION 8.4 (Mac)
MUTHEN & MUTHEN
05/05/2023  10:39 AM

INPUT INSTRUCTIONS

  Title: Student DASS Gender Measurement Invariance Metric Model;

  Data:
     File is ../dat_stu.txt;

  Variable:
     Names are studentid index treatment girl age_w child_grade in_ukr
     guardian_living guardian_region
     grit1_1 grit2_1 grit3_1 grit4_1 grit5_1 grit6_1 grit7_1 grit8_1
     loc1_1 loc2_1 loc3_1 loc4_1
     dass1_1 dass2_1 dass3_1 dass4_1 dass5_1 dass6_1 dass7_1 dass8_1
     dass9_1 dass10_1 dass11_1 dass12_1 dass13_1 dass14_1
     sleep1_1 sleep2_1 sleep3_1 sleep4_1 sleep5_1 sleep6_1 sleep7_1
     efficacy_1 edugoals_1 remotediff_1 timeclass_1 timehomework_1
     grit1_2 grit2_2 grit3_2 grit4_2 grit5_2 grit6_2 grit7_2 grit8_2
     loc1_2 loc2_2 loc3_2 loc4_2
     dass1_2 dass2_2 dass3_2 dass4_2 dass5_2 dass6_2 dass7_2 dass8_2
     dass9_2 dass10_2 dass11_2 dass12_2 dass13_2 dass14_2
     efficacy_2 edugoals_2 timeclass_2 timehomework_2 compmath_2 half;
     Missing are . ;

    Usevariable are
  	dass1_1 dass2_1 dass3_1 dass4_1 dass5_1 dass6_1 dass7_1 dass8_1
    dass9_1 dass10_1 dass11_1 dass12_1 dass13_1 dass14_1;

    Categorical is
  	dass1_1 dass2_1 dass3_1 dass4_1 dass5_1 dass6_1 dass7_1 dass8_1
    dass9_1 dass10_1 dass11_1 dass12_1 dass13_1 dass14_1;

    Idvariable is studentid;

    Group is girl (1 = Female 0 = Male);

  Analysis:
     Estimator = wlsmv;
     Parameterization = theta;
     Difftest = dass1_student_gender_inv_config.dat


  !!! Model for Male Group !!!

  Model:
    ! Factor loadings all freely estimated
    stress_1 by
      dass1_1* dass4_1* dass6_1* dass8_1* dass9_1* dass10_1* dass12_1* (L1-L7);

    anxiety_1 by
      dass2_1* dass3_1* dass5_1* dass7_1* dass11_1* dass13_1* dass14_1* (L8-L14);

    !estimating thresholds freely
    [dass1_1$1-dass14_1$1*] (T1_1-T1_14);
    [dass1_1$2-dass14_1$2*] (T2_1-T2_14);
    [dass1_1$3-dass14_1$3*] (T3_1-T3_14);

    !constraining item residual variance to 1 for identification
    dass1_1-dass14_1@1;

    !fixing latent mean to zero for identification
    [stress_1@0];
    [anxiety_1@0];

    !fixing latent variance to one for identification
    stress_1@1;
    anxiety_1@1;

  !!! Model for Female Group !!!

  Model Female:
    ! Factor loadings constrained to *be equal to the control group*
    stress_1 by
      dass1_1* dass4_1* dass6_1* dass8_1* dass9_1* dass10_1* dass12_1* (L1-L7);

    anxiety_1 by
      dass2_1* dass3_1* dass5_1* dass7_1* dass11_1* dass13_1* dass14_1* (L8-L14);

    ! estimating thresholds freely
    [dass1_1$1-dass14_1$1*];
    [dass1_1$2-dass14_1$2*];
    [dass1_1$3-dass14_1$3*];

    ! constraining item residual variance to 1 for identification
    dass1_1-dass14_1@1;

    ! fixing latent factor mean to zero for identification
    [stress_1@0];
    [anxiety_1@0];

    ! latent factor variance *estimated*
    stress_1*;
    anxiety_1*;

  Output: sampstat stdyx modindices(all);
  Savedata: Difftest is dass1_student_gender_inv_metric.dat;



INPUT READING TERMINATED NORMALLY



Student DASS Gender Measurement Invariance Metric Model;

SUMMARY OF ANALYSIS

Number of groups                                                 2
Number of observations
   Group MALE                                                 1133
   Group FEMALE                                               1411
   Total sample size                                          2544

Number of dependent variables                                   14
Number of independent variables                                  0
Number of continuous latent variables                            2

Observed dependent variables

  Binary and ordered categorical (ordinal)
   DASS1_1     DASS2_1     DASS3_1     DASS4_1     DASS5_1     DASS6_1
   DASS7_1     DASS8_1     DASS9_1     DASS10_1    DASS11_1    DASS12_1
   DASS13_1    DASS14_1

Continuous latent variables
   STRESS_1    ANXIETY_

Variables with special functions

  Grouping variable     GIRL
  ID variable           STUDENTI

Estimator                                                    WLSMV
Maximum number of iterations                                  1000
Convergence criterion                                    0.500D-04
Maximum number of steepest descent iterations                   20
Maximum number of iterations for H1                           2000
Convergence criterion for H1                             0.100D-03
Parameterization                                             THETA
Link                                                        PROBIT

Input data file(s)
  ../dat_stu.txt

Input data format  FREE


SUMMARY OF DATA

   Group MALE
     Number of missing data patterns             1

   Group FEMALE
     Number of missing data patterns             1


COVARIANCE COVERAGE OF DATA

Minimum covariance coverage value   0.100


     PROPORTION OF DATA PRESENT FOR MALE


           Covariance Coverage
              DASS1_1       DASS2_1       DASS3_1       DASS4_1       DASS5_1
              ________      ________      ________      ________      ________
 DASS1_1        1.000
 DASS2_1        1.000         1.000
 DASS3_1        1.000         1.000         1.000
 DASS4_1        1.000         1.000         1.000         1.000
 DASS5_1        1.000         1.000         1.000         1.000         1.000
 DASS6_1        1.000         1.000         1.000         1.000         1.000
 DASS7_1        1.000         1.000         1.000         1.000         1.000
 DASS8_1        1.000         1.000         1.000         1.000         1.000
 DASS9_1        1.000         1.000         1.000         1.000         1.000
 DASS10_1       1.000         1.000         1.000         1.000         1.000
 DASS11_1       1.000         1.000         1.000         1.000         1.000
 DASS12_1       1.000         1.000         1.000         1.000         1.000
 DASS13_1       1.000         1.000         1.000         1.000         1.000
 DASS14_1       1.000         1.000         1.000         1.000         1.000


           Covariance Coverage
              DASS6_1       DASS7_1       DASS8_1       DASS9_1       DASS10_1
              ________      ________      ________      ________      ________
 DASS6_1        1.000
 DASS7_1        1.000         1.000
 DASS8_1        1.000         1.000         1.000
 DASS9_1        1.000         1.000         1.000         1.000
 DASS10_1       1.000         1.000         1.000         1.000         1.000
 DASS11_1       1.000         1.000         1.000         1.000         1.000
 DASS12_1       1.000         1.000         1.000         1.000         1.000
 DASS13_1       1.000         1.000         1.000         1.000         1.000
 DASS14_1       1.000         1.000         1.000         1.000         1.000


           Covariance Coverage
              DASS11_1      DASS12_1      DASS13_1      DASS14_1
              ________      ________      ________      ________
 DASS11_1       1.000
 DASS12_1       1.000         1.000
 DASS13_1       1.000         1.000         1.000
 DASS14_1       1.000         1.000         1.000         1.000


     PROPORTION OF DATA PRESENT FOR FEMALE


           Covariance Coverage
              DASS1_1       DASS2_1       DASS3_1       DASS4_1       DASS5_1
              ________      ________      ________      ________      ________
 DASS1_1        1.000
 DASS2_1        1.000         1.000
 DASS3_1        1.000         1.000         1.000
 DASS4_1        1.000         1.000         1.000         1.000
 DASS5_1        1.000         1.000         1.000         1.000         1.000
 DASS6_1        1.000         1.000         1.000         1.000         1.000
 DASS7_1        1.000         1.000         1.000         1.000         1.000
 DASS8_1        1.000         1.000         1.000         1.000         1.000
 DASS9_1        1.000         1.000         1.000         1.000         1.000
 DASS10_1       1.000         1.000         1.000         1.000         1.000
 DASS11_1       1.000         1.000         1.000         1.000         1.000
 DASS12_1       1.000         1.000         1.000         1.000         1.000
 DASS13_1       1.000         1.000         1.000         1.000         1.000
 DASS14_1       1.000         1.000         1.000         1.000         1.000


           Covariance Coverage
              DASS6_1       DASS7_1       DASS8_1       DASS9_1       DASS10_1
              ________      ________      ________      ________      ________
 DASS6_1        1.000
 DASS7_1        1.000         1.000
 DASS8_1        1.000         1.000         1.000
 DASS9_1        1.000         1.000         1.000         1.000
 DASS10_1       1.000         1.000         1.000         1.000         1.000
 DASS11_1       1.000         1.000         1.000         1.000         1.000
 DASS12_1       1.000         1.000         1.000         1.000         1.000
 DASS13_1       1.000         1.000         1.000         1.000         1.000
 DASS14_1       1.000         1.000         1.000         1.000         1.000


           Covariance Coverage
              DASS11_1      DASS12_1      DASS13_1      DASS14_1
              ________      ________      ________      ________
 DASS11_1       1.000
 DASS12_1       1.000         1.000
 DASS13_1       1.000         1.000         1.000
 DASS14_1       1.000         1.000         1.000         1.000


UNIVARIATE PROPORTIONS AND COUNTS FOR CATEGORICAL VARIABLES

  Group MALE
    DASS1_1
      Category 1    0.289          327.000
      Category 2    0.474          537.000
      Category 3    0.173          196.000
      Category 4    0.064           73.000
    DASS2_1
      Category 1    0.543          615.000
      Category 2    0.325          368.000
      Category 3    0.096          109.000
      Category 4    0.036           41.000
    DASS3_1
      Category 1    0.615          697.000
      Category 2    0.259          293.000
      Category 3    0.094          107.000
      Category 4    0.032           36.000
    DASS4_1
      Category 1    0.260          295.000
      Category 2    0.457          518.000
      Category 3    0.188          213.000
      Category 4    0.094          107.000
    DASS5_1
      Category 1    0.559          633.000
      Category 2    0.300          340.000
      Category 3    0.092          104.000
      Category 4    0.049           56.000
    DASS6_1
      Category 1    0.381          432.000
      Category 2    0.388          440.000
      Category 3    0.145          164.000
      Category 4    0.086           97.000
    DASS7_1
      Category 1    0.335          379.000
      Category 2    0.433          491.000
      Category 3    0.168          190.000
      Category 4    0.064           73.000
    DASS8_1
      Category 1    0.302          342.000
      Category 2    0.471          534.000
      Category 3    0.156          177.000
      Category 4    0.071           80.000
    DASS9_1
      Category 1    0.365          413.000
      Category 2    0.420          476.000
      Category 3    0.141          160.000
      Category 4    0.074           84.000
    DASS10_1
      Category 1    0.265          300.000
      Category 2    0.456          517.000
      Category 3    0.182          206.000
      Category 4    0.097          110.000
    DASS11_1
      Category 1    0.492          557.000
      Category 2    0.355          402.000
      Category 3    0.106          120.000
      Category 4    0.048           54.000
    DASS12_1
      Category 1    0.351          398.000
      Category 2    0.415          470.000
      Category 3    0.155          176.000
      Category 4    0.079           89.000
    DASS13_1
      Category 1    0.495          561.000
      Category 2    0.346          392.000
      Category 3    0.103          117.000
      Category 4    0.056           63.000
    DASS14_1
      Category 1    0.575          652.000
      Category 2    0.305          345.000
      Category 3    0.081           92.000
      Category 4    0.039           44.000

  Group FEMALE
    DASS1_1
      Category 1    0.259          365.000
      Category 2    0.458          646.000
      Category 3    0.203          287.000
      Category 4    0.080          113.000
    DASS2_1
      Category 1    0.519          733.000
      Category 2    0.304          429.000
      Category 3    0.130          183.000
      Category 4    0.047           66.000
    DASS3_1
      Category 1    0.556          785.000
      Category 2    0.279          393.000
      Category 3    0.118          167.000
      Category 4    0.047           66.000
    DASS4_1
      Category 1    0.231          326.000
      Category 2    0.404          570.000
      Category 3    0.239          337.000
      Category 4    0.126          178.000
    DASS5_1
      Category 1    0.442          624.000
      Category 2    0.302          426.000
      Category 3    0.158          223.000
      Category 4    0.098          138.000
    DASS6_1
      Category 1    0.305          431.000
      Category 2    0.388          548.000
      Category 3    0.196          276.000
      Category 4    0.111          156.000
    DASS7_1
      Category 1    0.300          424.000
      Category 2    0.376          530.000
      Category 3    0.222          313.000
      Category 4    0.102          144.000
    DASS8_1
      Category 1    0.265          374.000
      Category 2    0.403          568.000
      Category 3    0.226          319.000
      Category 4    0.106          150.000
    DASS9_1
      Category 1    0.351          495.000
      Category 2    0.376          530.000
      Category 3    0.188          265.000
      Category 4    0.086          121.000
    DASS10_1
      Category 1    0.277          391.000
      Category 2    0.427          603.000
      Category 3    0.212          299.000
      Category 4    0.084          118.000
    DASS11_1
      Category 1    0.407          574.000
      Category 2    0.358          505.000
      Category 3    0.167          236.000
      Category 4    0.068           96.000
    DASS12_1
      Category 1    0.270          381.000
      Category 2    0.398          562.000
      Category 3    0.216          305.000
      Category 4    0.116          163.000
    DASS13_1
      Category 1    0.450          635.000
      Category 2    0.323          456.000
      Category 3    0.145          204.000
      Category 4    0.082          116.000
    DASS14_1
      Category 1    0.483          681.000
      Category 2    0.320          452.000
      Category 3    0.127          179.000
      Category 4    0.070           99.000


SAMPLE STATISTICS


     ESTIMATED SAMPLE STATISTICS FOR MALE


           MEANS/INTERCEPTS/THRESHOLDS
              DASS1_1$      DASS1_1$      DASS1_1$      DASS2_1$      DASS2_1$
              ________      ________      ________      ________      ________
               -0.557         0.715         1.519         0.108         1.115


           MEANS/INTERCEPTS/THRESHOLDS
              DASS2_1$      DASS3_1$      DASS3_1$      DASS3_1$      DASS4_1$
              ________      ________      ________      ________      ________
                1.797         0.293         1.144         1.855        -0.642


           MEANS/INTERCEPTS/THRESHOLDS
              DASS4_1$      DASS4_1$      DASS5_1$      DASS5_1$      DASS5_1$
              ________      ________      ________      ________      ________
                0.576         1.314         0.148         1.075         1.650


           MEANS/INTERCEPTS/THRESHOLDS
              DASS6_1$      DASS6_1$      DASS6_1$      DASS7_1$      DASS7_1$
              ________      ________      ________      ________      ________
               -0.302         0.738         1.368        -0.427         0.732


           MEANS/INTERCEPTS/THRESHOLDS
              DASS7_1$      DASS8_1$      DASS8_1$      DASS8_1$      DASS9_1$
              ________      ________      ________      ________      ________
                1.519        -0.519         0.749         1.471        -0.346


           MEANS/INTERCEPTS/THRESHOLDS
              DASS9_1$      DASS9_1$      DASS10_1      DASS10_1      DASS10_1
              ________      ________      ________      ________      ________
                0.788         1.446        -0.629         0.586         1.298


           MEANS/INTERCEPTS/THRESHOLDS
              DASS11_1      DASS11_1      DASS11_1      DASS12_1      DASS12_1
              ________      ________      ________      ________      ________
               -0.021         1.021         1.668        -0.382         0.726


           MEANS/INTERCEPTS/THRESHOLDS
              DASS12_1      DASS13_1      DASS13_1      DASS13_1      DASS14_1
              ________      ________      ________      ________      ________
                1.415        -0.012         0.999         1.593         0.190


           MEANS/INTERCEPTS/THRESHOLDS
              DASS14_1      DASS14_1
              ________      ________
                1.175         1.764


           CORRELATION MATRIX (WITH VARIANCES ON THE DIAGONAL)
              DASS1_1       DASS2_1       DASS3_1       DASS4_1       DASS5_1
              ________      ________      ________      ________      ________
 DASS1_1
 DASS2_1        0.435
 DASS3_1        0.386         0.514
 DASS4_1        0.527         0.410         0.410
 DASS5_1        0.465         0.485         0.491         0.466
 DASS6_1        0.584         0.469         0.475         0.664         0.555
 DASS7_1        0.489         0.398         0.447         0.521         0.468
 DASS8_1        0.526         0.403         0.432         0.528         0.485
 DASS9_1        0.566         0.442         0.457         0.533         0.557
 DASS10_1       0.419         0.367         0.335         0.526         0.397
 DASS11_1       0.591         0.461         0.491         0.560         0.572
 DASS12_1       0.526         0.398         0.433         0.583         0.499
 DASS13_1       0.436         0.449         0.514         0.423         0.594
 DASS14_1       0.489         0.465         0.489         0.456         0.539


           CORRELATION MATRIX (WITH VARIANCES ON THE DIAGONAL)
              DASS6_1       DASS7_1       DASS8_1       DASS9_1       DASS10_1
              ________      ________      ________      ________      ________
 DASS7_1        0.597
 DASS8_1        0.602         0.651
 DASS9_1        0.655         0.553         0.615
 DASS10_1       0.528         0.464         0.418         0.498
 DASS11_1       0.607         0.610         0.646         0.657         0.473
 DASS12_1       0.576         0.538         0.588         0.572         0.452
 DASS13_1       0.559         0.507         0.543         0.599         0.468
 DASS14_1       0.558         0.534         0.535         0.550         0.411


           CORRELATION MATRIX (WITH VARIANCES ON THE DIAGONAL)
              DASS11_1      DASS12_1      DASS13_1      DASS14_1
              ________      ________      ________      ________
 DASS12_1       0.670
 DASS13_1       0.614         0.572
 DASS14_1       0.638         0.551         0.618


     ESTIMATED SAMPLE STATISTICS FOR FEMALE


           MEANS/INTERCEPTS/THRESHOLDS
              DASS1_1$      DASS1_1$      DASS1_1$      DASS2_1$      DASS2_1$
              ________      ________      ________      ________      ________
               -0.647         0.573         1.404         0.049         0.929


           MEANS/INTERCEPTS/THRESHOLDS
              DASS2_1$      DASS3_1$      DASS3_1$      DASS3_1$      DASS4_1$
              ________      ________      ________      ________      ________
                1.677         0.142         0.974         1.677        -0.735


           MEANS/INTERCEPTS/THRESHOLDS
              DASS4_1$      DASS4_1$      DASS5_1$      DASS5_1$      DASS5_1$
              ________      ________      ________      ________      ________
                0.345         1.145        -0.145         0.656         1.294


           MEANS/INTERCEPTS/THRESHOLDS
              DASS6_1$      DASS6_1$      DASS6_1$      DASS7_1$      DASS7_1$
              ________      ________      ________      ________      ________
               -0.509         0.507         1.224        -0.523         0.457


           MEANS/INTERCEPTS/THRESHOLDS
              DASS7_1$      DASS8_1$      DASS8_1$      DASS8_1$      DASS9_1$
              ________      ________      ________      ________      ________
                1.270        -0.628         0.433         1.246        -0.383


           MEANS/INTERCEPTS/THRESHOLDS
              DASS9_1$      DASS9_1$      DASS10_1      DASS10_1      DASS10_1
              ________      ________      ________      ________      ________
                0.602         1.367        -0.591         0.537         1.381


           MEANS/INTERCEPTS/THRESHOLDS
              DASS11_1      DASS11_1      DASS11_1      DASS12_1      DASS12_1
              ________      ________      ________      ________      ________
               -0.236         0.722         1.491        -0.613         0.435


           MEANS/INTERCEPTS/THRESHOLDS
              DASS12_1      DASS13_1      DASS13_1      DASS13_1      DASS14_1
              ________      ________      ________      ________      ________
                1.198        -0.126         0.749         1.390        -0.044


           MEANS/INTERCEPTS/THRESHOLDS
              DASS14_1      DASS14_1
              ________      ________
                0.852         1.475


           CORRELATION MATRIX (WITH VARIANCES ON THE DIAGONAL)
              DASS1_1       DASS2_1       DASS3_1       DASS4_1       DASS5_1
              ________      ________      ________      ________      ________
 DASS1_1
 DASS2_1        0.465
 DASS3_1        0.461         0.578
 DASS4_1        0.571         0.495         0.503
 DASS5_1        0.521         0.572         0.596         0.539
 DASS6_1        0.564         0.534         0.524         0.661         0.617
 DASS7_1        0.556         0.479         0.512         0.532         0.559
 DASS8_1        0.547         0.472         0.519         0.564         0.578
 DASS9_1        0.612         0.494         0.510         0.584         0.571
 DASS10_1       0.431         0.394         0.407         0.521         0.441
 DASS11_1       0.503         0.474         0.490         0.545         0.560
 DASS12_1       0.469         0.415         0.383         0.566         0.473
 DASS13_1       0.426         0.524         0.620         0.487         0.627
 DASS14_1       0.476         0.517         0.609         0.475         0.566


           CORRELATION MATRIX (WITH VARIANCES ON THE DIAGONAL)
              DASS6_1       DASS7_1       DASS8_1       DASS9_1       DASS10_1
              ________      ________      ________      ________      ________
 DASS7_1        0.635
 DASS8_1        0.648         0.649
 DASS9_1        0.679         0.623         0.652
 DASS10_1       0.517         0.469         0.485         0.539
 DASS11_1       0.566         0.605         0.639         0.641         0.525
 DASS12_1       0.555         0.511         0.569         0.553         0.458
 DASS13_1       0.549         0.534         0.569         0.587         0.434
 DASS14_1       0.529         0.521         0.546         0.597         0.427


           CORRELATION MATRIX (WITH VARIANCES ON THE DIAGONAL)
              DASS11_1      DASS12_1      DASS13_1      DASS14_1
              ________      ________      ________      ________
 DASS12_1       0.641
 DASS13_1       0.616         0.520
 DASS14_1       0.625         0.526         0.693


THE MODEL ESTIMATION TERMINATED NORMALLY



MODEL FIT INFORMATION

Number of Free Parameters                      102

Chi-Square Test of Model Fit

          Value                            814.734*
          Degrees of Freedom                   164
          P-Value                           0.0000

Chi-Square Contribution From Each Group

          MALE                             330.578
          FEMALE                           484.156

Chi-Square Test for Difference Testing

          Value                             34.066*
          Degrees of Freedom                    12
          P-Value                           0.0007

*   The chi-square value for MLM, MLMV, MLR, ULSMV, WLSM and WLSMV cannot be used
    for chi-square difference testing in the regular way.  MLM, MLR and WLSM
    chi-square difference testing is described on the Mplus website.  MLMV, WLSMV,
    and ULSMV difference testing is done using the DIFFTEST option.  The DIFFTEST
    option assumes the models are nested.  The NESTED option can be used to verify
    that the models are nested.

RMSEA (Root Mean Square Error Of Approximation)

          Estimate                           0.056
          90 Percent C.I.                    0.052  0.060
          Probability RMSEA <= .05           0.006

CFI/TLI

          CFI                                0.983
          TLI                                0.981

Chi-Square Test of Model Fit for the Baseline Model

          Value                          37992.702
          Degrees of Freedom                   182
          P-Value                           0.0000

SRMR (Standardized Root Mean Square Residual)

          Value                              0.033

Optimum Function Value for Weighted Least-Squares Estimator

          Value                     0.12586749D+00



MODEL RESULTS

                                                    Two-Tailed
                    Estimate       S.E.  Est./S.E.    P-Value

Group MALE

 STRESS_1 BY
    DASS1_1            0.970      0.038     25.288      0.000
    DASS4_1            1.088      0.041     26.438      0.000
    DASS6_1            1.391      0.053     26.491      0.000
    DASS8_1            1.267      0.048     26.336      0.000
    DASS9_1            1.361      0.052     26.290      0.000
    DASS10_1           0.802      0.033     24.403      0.000
    DASS12_1           1.071      0.041     26.078      0.000

 ANXIETY_ BY
    DASS2_1            0.800      0.036     21.957      0.000
    DASS3_1            0.878      0.040     21.713      0.000
    DASS5_1            1.050      0.044     23.621      0.000
    DASS7_1            1.116      0.043     25.886      0.000
    DASS11_1           1.355      0.054     25.029      0.000
    DASS13_1           1.122      0.046     24.536      0.000
    DASS14_1           1.091      0.045     24.006      0.000

 ANXIETY_ WITH
    STRESS_1           0.955      0.008    123.505      0.000

 Means
    STRESS_1           0.000      0.000    999.000    999.000
    ANXIETY_1          0.000      0.000    999.000    999.000

 Thresholds
    DASS1_1$1         -0.777      0.054    -14.375      0.000
    DASS1_1$2          0.996      0.057     17.338      0.000
    DASS1_1$3          2.116      0.079     26.949      0.000
    DASS2_1$1          0.138      0.048      2.870      0.004
    DASS2_1$2          1.428      0.060     23.638      0.000
    DASS2_1$3          2.301      0.087     26.391      0.000
    DASS3_1$1          0.390      0.051      7.617      0.000
    DASS3_1$2          1.523      0.064     23.627      0.000
    DASS3_1$3          2.470      0.094     26.179      0.000
    DASS4_1$1         -0.949      0.059    -16.208      0.000
    DASS4_1$2          0.851      0.058     14.568      0.000
    DASS4_1$3          1.941      0.074     26.215      0.000
    DASS5_1$1          0.214      0.055      3.914      0.000
    DASS5_1$2          1.558      0.068     23.085      0.000
    DASS5_1$3          2.393      0.087     27.455      0.000
    DASS6_1$1         -0.518      0.064     -8.119      0.000
    DASS6_1$2          1.264      0.071     17.787      0.000
    DASS6_1$3          2.344      0.087     26.820      0.000
    DASS7_1$1         -0.640      0.057    -11.249      0.000
    DASS7_1$2          1.097      0.062     17.672      0.000
    DASS7_1$3          2.275      0.083     27.255      0.000
    DASS8_1$1         -0.838      0.062    -13.476      0.000
    DASS8_1$2          1.209      0.067     17.947      0.000
    DASS8_1$3          2.374      0.089     26.771      0.000
    DASS9_1$1         -0.585      0.063     -9.243      0.000
    DASS9_1$2          1.331      0.071     18.762      0.000
    DASS9_1$3          2.442      0.091     26.838      0.000
    DASS10_1$1        -0.806      0.051    -15.910      0.000
    DASS10_1$2         0.751      0.051     14.808      0.000
    DASS10_1$3         1.664      0.064     26.129      0.000
    DASS11_1$1        -0.035      0.063     -0.566      0.572
    DASS11_1$2         1.720      0.078     21.940      0.000
    DASS11_1$3         2.809      0.103     27.272      0.000
    DASS12_1$1        -0.559      0.055    -10.136      0.000
    DASS12_1$2         1.064      0.060     17.757      0.000
    DASS12_1$3         2.073      0.077     26.933      0.000
    DASS13_1$1        -0.018      0.056     -0.327      0.744
    DASS13_1$2         1.502      0.068     22.089      0.000
    DASS13_1$3         2.394      0.086     27.706      0.000
    DASS14_1$1         0.282      0.056      5.007      0.000
    DASS14_1$2         1.738      0.072     24.210      0.000
    DASS14_1$3         2.611      0.096     27.260      0.000

 Variances
    STRESS_1           1.000      0.000    999.000    999.000
    ANXIETY_1          1.000      0.000    999.000    999.000

 Residual Variances
    DASS1_1            1.000      0.000    999.000    999.000
    DASS2_1            1.000      0.000    999.000    999.000
    DASS3_1            1.000      0.000    999.000    999.000
    DASS4_1            1.000      0.000    999.000    999.000
    DASS5_1            1.000      0.000    999.000    999.000
    DASS6_1            1.000      0.000    999.000    999.000
    DASS7_1            1.000      0.000    999.000    999.000
    DASS8_1            1.000      0.000    999.000    999.000
    DASS9_1            1.000      0.000    999.000    999.000
    DASS10_1           1.000      0.000    999.000    999.000
    DASS11_1           1.000      0.000    999.000    999.000
    DASS12_1           1.000      0.000    999.000    999.000
    DASS13_1           1.000      0.000    999.000    999.000
    DASS14_1           1.000      0.000    999.000    999.000

Group FEMALE

 STRESS_1 BY
    DASS1_1            0.970      0.038     25.288      0.000
    DASS4_1            1.088      0.041     26.438      0.000
    DASS6_1            1.391      0.053     26.491      0.000
    DASS8_1            1.267      0.048     26.336      0.000
    DASS9_1            1.361      0.052     26.290      0.000
    DASS10_1           0.802      0.033     24.403      0.000
    DASS12_1           1.071      0.041     26.078      0.000

 ANXIETY_ BY
    DASS2_1            0.800      0.036     21.957      0.000
    DASS3_1            0.878      0.040     21.713      0.000
    DASS5_1            1.050      0.044     23.621      0.000
    DASS7_1            1.116      0.043     25.886      0.000
    DASS11_1           1.355      0.054     25.029      0.000
    DASS13_1           1.122      0.046     24.536      0.000
    DASS14_1           1.091      0.045     24.006      0.000

 ANXIETY_ WITH
    STRESS_1           1.060      0.075     14.085      0.000

 Means
    STRESS_1           0.000      0.000    999.000    999.000
    ANXIETY_1          0.000      0.000    999.000    999.000

 Thresholds
    DASS1_1$1         -0.913      0.050    -18.189      0.000
    DASS1_1$2          0.807      0.051     15.972      0.000
    DASS1_1$3          1.980      0.068     29.076      0.000
    DASS2_1$1          0.065      0.045      1.460      0.144
    DASS2_1$2          1.243      0.053     23.321      0.000
    DASS2_1$3          2.244      0.076     29.552      0.000
    DASS3_1$1          0.198      0.047      4.193      0.000
    DASS3_1$2          1.361      0.057     24.088      0.000
    DASS3_1$3          2.344      0.079     29.784      0.000
    DASS4_1$1         -1.101      0.054    -20.379      0.000
    DASS4_1$2          0.517      0.051     10.131      0.000
    DASS4_1$3          1.714      0.062     27.742      0.000
    DASS5_1$1         -0.223      0.051     -4.376      0.000
    DASS5_1$2          1.009      0.057     17.838      0.000
    DASS5_1$3          1.989      0.069     28.643      0.000
    DASS6_1$1         -0.886      0.060    -14.819      0.000
    DASS6_1$2          0.882      0.061     14.356      0.000
    DASS6_1$3          2.131      0.075     28.542      0.000
    DASS7_1$1         -0.833      0.055    -15.143      0.000
    DASS7_1$2          0.728      0.056     13.101      0.000
    DASS7_1$3          2.024      0.070     28.779      0.000
    DASS8_1$1         -1.029      0.058    -17.821      0.000
    DASS8_1$2          0.710      0.057     12.480      0.000
    DASS8_1$3          2.042      0.071     28.775      0.000
    DASS9_1$1         -0.657      0.058    -11.418      0.000
    DASS9_1$2          1.033      0.062     16.633      0.000
    DASS9_1$3          2.346      0.079     29.692      0.000
    DASS10_1$1        -0.765      0.046    -16.817      0.000
    DASS10_1$2         0.695      0.046     15.230      0.000
    DASS10_1$3         1.787      0.060     29.566      0.000
    DASS11_1$1        -0.426      0.060     -7.118      0.000
    DASS11_1$2         1.305      0.069     18.910      0.000
    DASS11_1$3         2.696      0.091     29.594      0.000
    DASS12_1$1        -0.909      0.052    -17.404      0.000
    DASS12_1$2         0.646      0.051     12.555      0.000
    DASS12_1$3         1.778      0.063     28.051      0.000
    DASS13_1$1        -0.201      0.053     -3.787      0.000
    DASS13_1$2         1.199      0.061     19.761      0.000
    DASS13_1$3         2.223      0.076     29.374      0.000
    DASS14_1$1        -0.068      0.052     -1.309      0.191
    DASS14_1$2         1.340      0.062     21.687      0.000
    DASS14_1$3         2.318      0.077     29.970      0.000

 Variances
    STRESS_1           1.050      0.078     13.472      0.000
    ANXIETY_1          1.237      0.102     12.131      0.000

 Residual Variances
    DASS1_1            1.000      0.000    999.000    999.000
    DASS2_1            1.000      0.000    999.000    999.000
    DASS3_1            1.000      0.000    999.000    999.000
    DASS4_1            1.000      0.000    999.000    999.000
    DASS5_1            1.000      0.000    999.000    999.000
    DASS6_1            1.000      0.000    999.000    999.000
    DASS7_1            1.000      0.000    999.000    999.000
    DASS8_1            1.000      0.000    999.000    999.000
    DASS9_1            1.000      0.000    999.000    999.000
    DASS10_1           1.000      0.000    999.000    999.000
    DASS11_1           1.000      0.000    999.000    999.000
    DASS12_1           1.000      0.000    999.000    999.000
    DASS13_1           1.000      0.000    999.000    999.000
    DASS14_1           1.000      0.000    999.000    999.000


STANDARDIZED MODEL RESULTS


STDYX Standardization

                                                    Two-Tailed
                    Estimate       S.E.  Est./S.E.    P-Value

Group MALE

 STRESS_1 BY
    DASS1_1            0.696      0.014     49.099      0.000
    DASS4_1            0.736      0.013     57.722      0.000
    DASS6_1            0.812      0.010     77.781      0.000
    DASS8_1            0.785      0.011     68.602      0.000
    DASS9_1            0.806      0.011     74.979      0.000
    DASS10_1           0.625      0.016     40.087      0.000
    DASS12_1           0.731      0.013     55.981      0.000

 ANXIETY_ BY
    DASS2_1            0.625      0.017     35.998      0.000
    DASS3_1            0.660      0.017     38.466      0.000
    DASS5_1            0.724      0.015     49.653      0.000
    DASS7_1            0.745      0.013     58.106      0.000
    DASS11_1           0.805      0.011     71.001      0.000
    DASS13_1           0.747      0.013     55.423      0.000
    DASS14_1           0.737      0.014     52.565      0.000

 ANXIETY_ WITH
    STRESS_1           0.955      0.008    123.505      0.000

 Means
    STRESS_1           0.000      0.000    999.000    999.000
    ANXIETY_1          0.000      0.000    999.000    999.000

 Thresholds
    DASS1_1$1         -0.557      0.039    -14.142      0.000
    DASS1_1$2          0.715      0.041     17.470      0.000
    DASS1_1$3          1.519      0.058     26.219      0.000
    DASS2_1$1          0.108      0.037      2.881      0.004
    DASS2_1$2          1.115      0.047     23.727      0.000
    DASS2_1$3          1.797      0.070     25.717      0.000
    DASS3_1$1          0.293      0.038      7.744      0.000
    DASS3_1$2          1.144      0.048     24.041      0.000
    DASS3_1$3          1.855      0.073     25.407      0.000
    DASS4_1$1         -0.642      0.040    -15.990      0.000
    DASS4_1$2          0.576      0.040     14.549      0.000
    DASS4_1$3          1.314      0.052     25.450      0.000
    DASS5_1$1          0.148      0.037      3.950      0.000
    DASS5_1$2          1.075      0.046     23.260      0.000
    DASS5_1$3          1.650      0.063     26.191      0.000
    DASS6_1$1         -0.302      0.038     -7.980      0.000
    DASS6_1$2          0.738      0.041     17.921      0.000
    DASS6_1$3          1.368      0.053     25.752      0.000
    DASS7_1$1         -0.427      0.038    -11.104      0.000
    DASS7_1$2          0.732      0.041     17.809      0.000
    DASS7_1$3          1.519      0.058     26.218      0.000
    DASS8_1$1         -0.519      0.039    -13.270      0.000
    DASS8_1$2          0.749      0.041     18.145      0.000
    DASS8_1$3          1.471      0.056     26.129      0.000
    DASS9_1$1         -0.346      0.038     -9.103      0.000
    DASS9_1$2          0.788      0.042     18.870      0.000
    DASS9_1$3          1.446      0.055     26.062      0.000
    DASS10_1$1        -0.629      0.040    -15.703      0.000
    DASS10_1$2         0.586      0.040     14.781      0.000
    DASS10_1$3         1.298      0.051     25.349      0.000
    DASS11_1$1        -0.021      0.037     -0.564      0.572
    DASS11_1$2         1.021      0.045     22.579      0.000
    DASS11_1$3         1.668      0.064     26.158      0.000
    DASS12_1$1        -0.382      0.038     -9.986      0.000
    DASS12_1$2         0.726      0.041     17.697      0.000
    DASS12_1$3         1.415      0.055     25.956      0.000
    DASS13_1$1        -0.012      0.037     -0.327      0.744
    DASS13_1$2         0.999      0.045     22.280      0.000
    DASS13_1$3         1.593      0.061     26.251      0.000
    DASS14_1$1         0.190      0.037      5.077      0.000
    DASS14_1$2         1.175      0.048     24.344      0.000
    DASS14_1$3         1.765      0.068     25.864      0.000

 Variances
    STRESS_1           1.000      0.000    999.000    999.000
    ANXIETY_1          1.000      0.000    999.000    999.000

 Residual Variances
    DASS1_1            0.515      0.020     26.073      0.000
    DASS2_1            0.610      0.022     28.145      0.000
    DASS3_1            0.564      0.023     24.927      0.000
    DASS4_1            0.458      0.019     24.391      0.000
    DASS5_1            0.476      0.021     22.527      0.000
    DASS6_1            0.341      0.017     20.087      0.000
    DASS7_1            0.445      0.019     23.342      0.000
    DASS8_1            0.384      0.018     21.373      0.000
    DASS9_1            0.351      0.017     20.243      0.000
    DASS10_1           0.609      0.020     31.187      0.000
    DASS11_1           0.353      0.018     19.328      0.000
    DASS12_1           0.466      0.019     24.410      0.000
    DASS13_1           0.443      0.020     22.013      0.000
    DASS14_1           0.457      0.021     22.093      0.000

Group FEMALE

 STRESS_1 BY
    DASS1_1            0.705      0.013     53.432      0.000
    DASS4_1            0.744      0.011     65.319      0.000
    DASS6_1            0.819      0.009     88.199      0.000
    DASS8_1            0.792      0.010     78.190      0.000
    DASS9_1            0.813      0.010     84.990      0.000
    DASS10_1           0.635      0.015     43.257      0.000
    DASS12_1           0.739      0.012     61.801      0.000

 ANXIETY_ BY
    DASS2_1            0.665      0.016     42.611      0.000
    DASS3_1            0.699      0.015     47.708      0.000
    DASS5_1            0.759      0.012     61.787      0.000
    DASS7_1            0.779      0.011     71.851      0.000
    DASS11_1           0.833      0.010     87.508      0.000
    DASS13_1           0.780      0.012     67.593      0.000
    DASS14_1           0.772      0.012     64.714      0.000

 ANXIETY_ WITH
    STRESS_1           0.930      0.008    123.775      0.000

 Means
    STRESS_1           0.000      0.000    999.000    999.000
    ANXIETY_1          0.000      0.000    999.000    999.000

 Thresholds
    DASS1_1$1         -0.647      0.036    -17.966      0.000
    DASS1_1$2          0.573      0.035     16.160      0.000
    DASS1_1$3          1.404      0.049     28.918      0.000
    DASS2_1$1          0.049      0.033      1.463      0.143
    DASS2_1$2          0.929      0.039     23.718      0.000
    DASS2_1$3          1.677      0.057     29.170      0.000
    DASS3_1$1          0.142      0.033      4.232      0.000
    DASS3_1$2          0.974      0.040     24.462      0.000
    DASS3_1$3          1.677      0.057     29.169      0.000
    DASS4_1$1         -0.735      0.037    -19.950      0.000
    DASS4_1$2          0.345      0.034     10.123      0.000
    DASS4_1$3          1.145      0.043     26.831      0.000
    DASS5_1$1         -0.145      0.033     -4.338      0.000
    DASS5_1$2          0.656      0.036     18.171      0.000
    DASS5_1$3          1.294      0.046     28.258      0.000
    DASS6_1$1         -0.509      0.035    -14.544      0.000
    DASS6_1$2          0.507      0.035     14.492      0.000
    DASS6_1$3          1.224      0.044     27.661      0.000
    DASS7_1$1         -0.523      0.035    -14.909      0.000
    DASS7_1$2          0.457      0.035     13.180      0.000
    DASS7_1$3          1.270      0.045     28.067      0.000
    DASS8_1$1         -0.628      0.036    -17.503      0.000
    DASS8_1$2          0.433      0.035     12.549      0.000
    DASS8_1$3          1.246      0.045     27.868      0.000
    DASS9_1$1         -0.383      0.034    -11.180      0.000
    DASS9_1$2          0.602      0.036     16.885      0.000
    DASS9_1$3          1.367      0.048     28.735      0.000
    DASS10_1$1        -0.591      0.036    -16.626      0.000
    DASS10_1$2         0.537      0.035     15.273      0.000
    DASS10_1$3         1.381      0.048     28.807      0.000
    DASS11_1$1        -0.236      0.034     -6.995      0.000
    DASS11_1$2         0.721      0.037     19.647      0.000
    DASS11_1$3         1.490      0.051     29.202      0.000
    DASS12_1$1        -0.613      0.036    -17.141      0.000
    DASS12_1$2         0.435      0.035     12.602      0.000
    DASS12_1$3         1.198      0.044     27.406      0.000
    DASS13_1$1        -0.126      0.033     -3.753      0.000
    DASS13_1$2         0.749      0.037     20.254      0.000
    DASS13_1$3         1.390      0.048     28.854      0.000
    DASS14_1$1        -0.044      0.033     -1.304      0.192
    DASS14_1$2         0.852      0.038     22.333      0.000
    DASS14_1$3         1.475      0.051     29.170      0.000

 Variances
    STRESS_1           1.000      0.000    999.000    999.000
    ANXIETY_1          1.000      0.000    999.000    999.000

 Residual Variances
    DASS1_1            0.503      0.019     27.035      0.000
    DASS2_1            0.558      0.021     26.936      0.000
    DASS3_1            0.512      0.020     24.996      0.000
    DASS4_1            0.446      0.017     26.299      0.000
    DASS5_1            0.423      0.019     22.663      0.000
    DASS6_1            0.330      0.015     21.703      0.000
    DASS7_1            0.394      0.017     23.335      0.000
    DASS8_1            0.373      0.016     23.211      0.000
    DASS9_1            0.340      0.016     21.863      0.000
    DASS10_1           0.597      0.019     32.065      0.000
    DASS11_1           0.306      0.016     19.260      0.000
    DASS12_1           0.454      0.018     25.677      0.000
    DASS13_1           0.391      0.018     21.705      0.000
    DASS14_1           0.405      0.018     21.990      0.000


R-SQUARE

Group MALE

    Observed                                        Two-Tailed     Scale
    Variable        Estimate       S.E.  Est./S.E.    P-Value     Factors

    DASS1_1            0.485      0.020     24.549      0.000      0.718
    DASS2_1            0.390      0.022     17.999      0.000      0.781
    DASS3_1            0.436      0.023     19.233      0.000      0.751
    DASS4_1            0.542      0.019     28.861      0.000      0.677
    DASS5_1            0.524      0.021     24.827      0.000      0.690
    DASS6_1            0.659      0.017     38.890      0.000      0.584
    DASS7_1            0.555      0.019     29.053      0.000      0.667
    DASS8_1            0.616      0.018     34.301      0.000      0.620
    DASS9_1            0.649      0.017     37.489      0.000      0.592
    DASS10_1           0.391      0.020     20.044      0.000      0.780
    DASS11_1           0.647      0.018     35.501      0.000      0.594
    DASS12_1           0.534      0.019     27.991      0.000      0.683
    DASS13_1           0.557      0.020     27.712      0.000      0.665
    DASS14_1           0.543      0.021     26.283      0.000      0.676

Group FEMALE

    Observed                                        Two-Tailed     Scale
    Variable        Estimate       S.E.  Est./S.E.    P-Value     Factors

    DASS1_1            0.497      0.019     26.716      0.000      0.709
    DASS2_1            0.442      0.021     21.305      0.000      0.747
    DASS3_1            0.488      0.020     23.854      0.000      0.715
    DASS4_1            0.554      0.017     32.660      0.000      0.668
    DASS5_1            0.577      0.019     30.893      0.000      0.651
    DASS6_1            0.670      0.015     44.099      0.000      0.574
    DASS7_1            0.606      0.017     35.926      0.000      0.628
    DASS8_1            0.627      0.016     39.095      0.000      0.610
    DASS9_1            0.660      0.016     42.495      0.000      0.583
    DASS10_1           0.403      0.019     21.629      0.000      0.773
    DASS11_1           0.694      0.016     43.754      0.000      0.553
    DASS12_1           0.546      0.018     30.900      0.000      0.674
    DASS13_1           0.609      0.018     33.797      0.000      0.625
    DASS14_1           0.595      0.018     32.357      0.000      0.636


QUALITY OF NUMERICAL RESULTS

     Condition Number for the Information Matrix              0.341E-02
       (ratio of smallest to largest eigenvalue)


MODEL MODIFICATION INDICES

Minimum M.I. value for printing the modification index    10.000

                                   M.I.     E.P.C.  Std E.P.C.  StdYX E.P.C.
Group MALE


ON/BY Statements

DASS3_1  ON STRESS_1 /
STRESS_1 BY DASS3_1               24.354    -0.182     -0.182       -0.136
DASS3_1  ON ANXIETY_ /
ANXIETY_ BY DASS3_1               20.536    -0.073     -0.073       -0.054
DASS11_1 ON STRESS_1 /
STRESS_1 BY DASS11_1              52.689     0.413      0.413        0.245
DASS11_1 ON ANXIETY_ /
ANXIETY_ BY DASS11_1              46.675     0.177      0.177        0.105
DASS12_1 ON STRESS_1 /
STRESS_1 BY DASS12_1              32.841     0.100      0.100        0.068
DASS12_1 ON ANXIETY_ /
ANXIETY_ BY DASS12_1              36.548     0.234      0.234        0.160

ON Statements

STRESS_1 ON DASS3_1               32.758    -0.130     -0.130       -0.173
STRESS_1 ON DASS4_1               23.168     0.136      0.136        0.201
STRESS_1 ON DASS7_1               18.403     0.089      0.089        0.134
STRESS_1 ON DASS8_1               11.075    -0.097     -0.097       -0.157
STRESS_1 ON DASS11_1              48.986     0.166      0.166        0.280
ANXIETY_ ON DASS3_1               13.467     0.109      0.109        0.145
ANXIETY_ ON DASS4_1               24.452    -0.112     -0.112       -0.166
ANXIETY_ ON DASS7_1               26.461    -0.146     -0.146       -0.219
ANXIETY_ ON DASS11_1              30.042    -0.172     -0.172       -0.290
ANXIETY_ ON DASS12_1              30.482     0.116      0.116        0.170
DASS2_1  ON DASS7_1               11.514    -0.084     -0.084       -0.098
DASS2_1  ON DASS8_1               11.467    -0.073     -0.073       -0.092
DASS3_1  ON DASS1_1               22.329    -0.134     -0.134       -0.140
DASS3_1  ON DASS4_1               23.324    -0.127     -0.127       -0.141
DASS3_1  ON DASS5_1               10.224    -0.090     -0.090       -0.098
DASS3_1  ON DASS6_1               22.188    -0.106     -0.106       -0.137
DASS3_1  ON DASS7_1               19.625    -0.121     -0.121       -0.137
DASS3_1  ON DASS8_1               25.529    -0.121     -0.121       -0.147
DASS3_1  ON DASS9_1               23.949    -0.112     -0.112       -0.142
DASS3_1  ON DASS10_1              21.870    -0.150     -0.150       -0.144
DASS3_1  ON DASS11_1              19.982    -0.108     -0.108       -0.136
DASS3_1  ON DASS12_1              18.762    -0.115     -0.115       -0.127
DASS3_1  ON DASS14_1              12.430    -0.099     -0.099       -0.110
DASS4_1  ON DASS13_1              14.645    -0.110     -0.110       -0.111
DASS5_1  ON DASS7_1               10.612    -0.102     -0.102       -0.106
DASS7_1  ON DASS8_1               17.742     0.099      0.099        0.107
DASS8_1  ON DASS10_1              13.998    -0.144     -0.144       -0.114
DASS9_1  ON DASS4_1               11.310    -0.124     -0.124       -0.109
DASS11_1 ON DASS1_1               40.232     0.227      0.227        0.188
DASS11_1 ON DASS4_1               22.199     0.166      0.166        0.145
DASS11_1 ON DASS5_1               16.683     0.162      0.162        0.139
DASS11_1 ON DASS6_1               25.407     0.156      0.156        0.159
DASS11_1 ON DASS7_1               21.475     0.164      0.164        0.146
DASS11_1 ON DASS8_1               41.592     0.196      0.196        0.188
DASS11_1 ON DASS9_1               41.396     0.193      0.193        0.193
DASS11_1 ON DASS10_1              14.703     0.154      0.154        0.117
DASS11_1 ON DASS12_1              77.636     0.278      0.278        0.241
DASS11_1 ON DASS13_1              23.598     0.179      0.179        0.160
DASS11_1 ON DASS14_1              35.223     0.219      0.219        0.192
DASS12_1 ON DASS1_1               19.800     0.129      0.129        0.123
DASS12_1 ON DASS2_1               10.908     0.111      0.111        0.097
DASS12_1 ON DASS3_1               14.122     0.120      0.120        0.109
DASS12_1 ON DASS4_1               30.191     0.146      0.146        0.148
DASS12_1 ON DASS5_1               19.577     0.124      0.124        0.122
DASS12_1 ON DASS6_1               17.614     0.100      0.100        0.117
DASS12_1 ON DASS7_1               24.267     0.125      0.125        0.128
DASS12_1 ON DASS8_1               22.982     0.119      0.119        0.131
DASS12_1 ON DASS9_1               17.318     0.101      0.101        0.116
DASS12_1 ON DASS10_1              11.301     0.107      0.107        0.094
DASS12_1 ON DASS11_1              58.659     0.165      0.165        0.190
DASS12_1 ON DASS13_1              33.747     0.149      0.149        0.153
DASS12_1 ON DASS14_1              29.638     0.148      0.148        0.149

WITH Statements

DASS3_1  WITH STRESS_1            32.766    -0.130     -0.130       -0.130
DASS3_1  WITH ANXIETY_            13.480     0.109      0.109        0.109
DASS3_1  WITH DASS2_1             17.536     0.190      0.190        0.190
DASS4_1  WITH STRESS_1            23.158     0.136      0.136        0.136
DASS4_1  WITH ANXIETY_            24.438    -0.112     -0.112       -0.112
DASS6_1  WITH DASS4_1             17.096     0.199      0.199        0.199
DASS7_1  WITH STRESS_1            18.395     0.089      0.089        0.089
DASS7_1  WITH ANXIETY_            26.439    -0.146     -0.146       -0.146
DASS8_1  WITH STRESS_1            11.084    -0.097     -0.097       -0.097
DASS8_1  WITH DASS7_1             36.247     0.265      0.265        0.265
DASS10_1 WITH DASS4_1             10.958     0.139      0.139        0.139
DASS10_1 WITH DASS8_1             10.671    -0.166     -0.166       -0.166
DASS11_1 WITH STRESS_1            48.969     0.166      0.166        0.166
DASS11_1 WITH ANXIETY_            30.010    -0.172     -0.172       -0.172
DASS12_1 WITH ANXIETY_            30.497     0.116      0.116        0.116
DASS12_1 WITH DASS11_1            44.646     0.312      0.312        0.312
DASS13_1 WITH DASS4_1             17.671    -0.244     -0.244       -0.244
DASS14_1 WITH DASS13_1            12.056     0.174      0.174        0.174

Variances/Residual Variances

DASS3_1                           20.552     0.399      0.399        0.225
DASS11_1                          46.700    -0.648     -0.648       -0.228
DASS12_1                          32.829    -0.441     -0.441       -0.206

Group FEMALE


ON/BY Statements

DASS3_1  ON STRESS_1 /
STRESS_1 BY DASS3_1               11.546     0.130      0.133        0.095
DASS3_1  ON ANXIETY_ /
ANXIETY_ BY DASS3_1               20.507     0.103      0.114        0.082
DASS11_1 ON STRESS_1 /
STRESS_1 BY DASS11_1              23.115    -0.270     -0.277       -0.153
DASS11_1 ON ANXIETY_ /
ANXIETY_ BY DASS11_1              46.766    -0.263     -0.292       -0.161
DASS12_1 ON STRESS_1 /
STRESS_1 BY DASS12_1              32.865    -0.137     -0.140       -0.094
DASS12_1 ON ANXIETY_ /
ANXIETY_ BY DASS12_1              26.071    -0.174     -0.193       -0.130

ON Statements

STRESS_1 ON DASS4_1               18.844     0.125      0.122        0.183
STRESS_1 ON DASS7_1               56.827     0.162      0.158        0.252
STRESS_1 ON DASS8_1               18.147    -0.127     -0.124       -0.203
STRESS_1 ON DASS13_1              30.648    -0.130     -0.126       -0.202
STRESS_1 ON DASS14_1              23.010    -0.116     -0.114       -0.179
ANXIETY_ ON DASS3_1               31.253     0.191      0.171        0.240
ANXIETY_ ON DASS7_1              103.265    -0.329     -0.296       -0.472
ANXIETY_ ON DASS8_1               19.776     0.110      0.099        0.162
ANXIETY_ ON DASS11_1              18.366    -0.153     -0.137       -0.248
ANXIETY_ ON DASS13_1              40.016     0.217      0.195        0.312
ANXIETY_ ON DASS14_1              26.540     0.182      0.163        0.257
DASS2_1  ON DASS3_1               36.333     0.171      0.171        0.178
DASS2_1  ON DASS5_1               17.874     0.109      0.109        0.125
DASS3_1  ON DASS2_1               58.061     0.247      0.247        0.236
DASS3_1  ON DASS5_1               34.470     0.171      0.171        0.188
DASS3_1  ON DASS13_1              36.554     0.167      0.167        0.192
DASS3_1  ON DASS14_1              37.208     0.176      0.176        0.198
DASS4_1  ON DASS1_1               10.140     0.095      0.095        0.089
DASS4_1  ON DASS6_1               11.775     0.082      0.082        0.096
DASS5_1  ON DASS2_1               19.067     0.163      0.163        0.142
DASS5_1  ON DASS3_1               19.719     0.164      0.164        0.149
DASS7_1  ON DASS8_1               18.685     0.104      0.104        0.107
DASS8_1  ON DASS7_1               31.002     0.145      0.145        0.141
DASS8_1  ON DASS11_1              10.637     0.080      0.080        0.088
DASS9_1  ON DASS1_1               11.222     0.124      0.124        0.102
DASS11_1 ON DASS1_1               20.950    -0.168     -0.168       -0.131
DASS11_1 ON DASS2_1               51.950    -0.345     -0.345       -0.255
DASS11_1 ON DASS3_1               61.524    -0.370     -0.370       -0.286
DASS11_1 ON DASS4_1               20.574    -0.163     -0.163       -0.135
DASS11_1 ON DASS5_1               57.748    -0.317     -0.317       -0.269
DASS11_1 ON DASS6_1               32.074    -0.176     -0.176       -0.170
DASS11_1 ON DASS7_1               41.572    -0.242     -0.242       -0.213
DASS11_1 ON DASS13_1              37.487    -0.238     -0.238       -0.210
DASS11_1 ON DASS14_1              28.272    -0.207     -0.207       -0.180
DASS12_1 ON DASS1_1               33.332    -0.169     -0.169       -0.161
DASS12_1 ON DASS2_1               24.044    -0.155     -0.155       -0.140
DASS12_1 ON DASS3_1               36.770    -0.181     -0.181       -0.171
DASS12_1 ON DASS4_1               12.120    -0.094     -0.094       -0.095
DASS12_1 ON DASS5_1               27.809    -0.137     -0.137       -0.142
DASS12_1 ON DASS6_1               36.616    -0.146     -0.146       -0.171
DASS12_1 ON DASS7_1               21.628    -0.110     -0.110       -0.119
DASS12_1 ON DASS8_1               24.719    -0.125     -0.125       -0.138
DASS12_1 ON DASS9_1               36.214    -0.147     -0.147       -0.170
DASS12_1 ON DASS10_1              16.295    -0.130     -0.130       -0.113
DASS12_1 ON DASS13_1              19.599    -0.106     -0.106       -0.114
DASS12_1 ON DASS14_1              17.938    -0.107     -0.107       -0.113
DASS13_1 ON DASS1_1               17.184    -0.140     -0.140       -0.123
DASS13_1 ON DASS4_1               12.109    -0.111     -0.111       -0.104
DASS13_1 ON DASS7_1               11.063    -0.111     -0.111       -0.110
DASS13_1 ON DASS14_1              16.770     0.132      0.132        0.130
DASS14_1 ON DASS4_1               13.423    -0.119     -0.119       -0.113
DASS14_1 ON DASS6_1               11.387    -0.091     -0.091       -0.101
DASS14_1 ON DASS7_1               12.763    -0.119     -0.119       -0.120
DASS14_1 ON DASS13_1              14.058     0.118      0.118        0.120

WITH Statements

DASS3_1  WITH ANXIETY_            31.301     0.191      0.171        0.171
DASS3_1  WITH DASS2_1             50.271     0.355      0.355        0.355
DASS4_1  WITH STRESS_1            18.889     0.125      0.122        0.122
DASS4_1  WITH DASS1_1             10.496     0.147      0.147        0.147
DASS5_1  WITH DASS2_1             18.918     0.238      0.238        0.238
DASS5_1  WITH DASS3_1             22.040     0.280      0.280        0.280
DASS6_1  WITH DASS4_1             20.457     0.224      0.224        0.224
DASS7_1  WITH STRESS_1            56.890     0.162      0.158        0.158
DASS7_1  WITH ANXIETY_           103.161    -0.329     -0.296       -0.296
DASS7_1  WITH DASS6_1             12.616     0.199      0.199        0.199
DASS8_1  WITH STRESS_1            18.095    -0.127     -0.124       -0.124
DASS8_1  WITH ANXIETY_            19.812     0.110      0.099        0.099
DASS8_1  WITH DASS7_1             40.034     0.299      0.299        0.299
DASS11_1 WITH ANXIETY_            18.307    -0.153     -0.137       -0.137
DASS11_1 WITH DASS2_1             18.369    -0.280     -0.280       -0.280
DASS11_1 WITH DASS3_1             25.267    -0.348     -0.348       -0.348
DASS11_1 WITH DASS5_1             22.356    -0.316     -0.316       -0.316
DASS11_1 WITH DASS6_1             17.690    -0.282     -0.282       -0.282
DASS11_1 WITH DASS7_1             10.087    -0.189     -0.189       -0.189
DASS12_1 WITH DASS3_1             16.844    -0.238     -0.238       -0.238
DASS12_1 WITH DASS6_1             10.094    -0.175     -0.175       -0.175
DASS12_1 WITH DASS11_1            25.805     0.256      0.256        0.256
DASS13_1 WITH STRESS_1            30.597    -0.129     -0.126       -0.126
DASS13_1 WITH ANXIETY_            40.085     0.217      0.195        0.195
DASS13_1 WITH DASS1_1             18.084    -0.251     -0.251       -0.251
DASS13_1 WITH DASS3_1             27.276     0.314      0.314        0.314
DASS13_1 WITH DASS4_1             10.556    -0.203     -0.203       -0.203
DASS13_1 WITH DASS7_1             22.081    -0.293     -0.293       -0.293
DASS14_1 WITH STRESS_1            22.966    -0.116     -0.114       -0.114
DASS14_1 WITH ANXIETY_            26.597     0.182      0.163        0.163
DASS14_1 WITH DASS3_1             27.932     0.332      0.332        0.332
DASS14_1 WITH DASS4_1             13.218    -0.234     -0.234       -0.234
DASS14_1 WITH DASS6_1             12.447    -0.237     -0.237       -0.237
DASS14_1 WITH DASS7_1             23.044    -0.303     -0.303       -0.303
DASS14_1 WITH DASS13_1            72.786     0.483      0.483        0.483

Variances/Residual Variances

DASS3_1                           20.515    -0.399     -0.399       -0.204
DASS11_1                          46.617     0.647      0.647        0.198
DASS12_1                          32.835     0.441      0.441        0.200



SAVEDATA INFORMATION


  Difference testing

  Save file
    dass1_student_gender_inv_metric.dat
  Save format      Free

     Beginning Time:  10:39:11
        Ending Time:  10:39:12
       Elapsed Time:  00:00:01



MUTHEN & MUTHEN
3463 Stoner Ave.
Los Angeles, CA  90066

Tel: (310) 391-9971
Fax: (310) 391-8971
Web: www.StatModel.com
Support: Support@StatModel.com

Copyright (c) 1998-2019 Muthen & Muthen
