Mplus VERSION 8.4 (Mac)
MUTHEN & MUTHEN
05/05/2023  10:39 AM

INPUT INSTRUCTIONS

  Title: Student DASS Gender Measurement Invariance Configural Model;

  Data:
     File is ../dat_stu.txt;

  Variable:
     Names are studentid index treatment girl age_w child_grade in_ukr
     guardian_living guardian_region
     grit1_1 grit2_1 grit3_1 grit4_1 grit5_1 grit6_1 grit7_1 grit8_1
     loc1_1 loc2_1 loc3_1 loc4_1
     dass1_1 dass2_1 dass3_1 dass4_1 dass5_1 dass6_1 dass7_1 dass8_1
     dass9_1 dass10_1 dass11_1 dass12_1 dass13_1 dass14_1
     sleep1_1 sleep2_1 sleep3_1 sleep4_1 sleep5_1 sleep6_1 sleep7_1
     efficacy_1 edugoals_1 remotediff_1 timeclass_1 timehomework_1
     grit1_2 grit2_2 grit3_2 grit4_2 grit5_2 grit6_2 grit7_2 grit8_2
     loc1_2 loc2_2 loc3_2 loc4_2
     dass1_2 dass2_2 dass3_2 dass4_2 dass5_2 dass6_2 dass7_2 dass8_2
     dass9_2 dass10_2 dass11_2 dass12_2 dass13_2 dass14_2
     efficacy_2 edugoals_2 timeclass_2 timehomework_2 compmath_2 half;
     Missing are . ;

    Usevariable are
  	dass1_1 dass2_1 dass3_1 dass4_1 dass5_1 dass6_1 dass7_1 dass8_1
    dass9_1 dass10_1 dass11_1 dass12_1 dass13_1 dass14_1;

    Categorical is
  	dass1_1 dass2_1 dass3_1 dass4_1 dass5_1 dass6_1 dass7_1 dass8_1
    dass9_1 dass10_1 dass11_1 dass12_1 dass13_1 dass14_1;

    Idvariable is studentid;

    Group is girl (1 = Female 0 = Male);

  Analysis:
     Estimator = wlsmv;
     Parameterization = theta;


  !!! Model for Male Group !!!

  Model:
    ! Factor loadings all freely estimated
    stress_1 by
      dass1_1* dass4_1* dass6_1* dass8_1* dass9_1* dass10_1* dass12_1* (L1-L7);

    anxiety_1 by
      dass2_1* dass3_1* dass5_1* dass7_1* dass11_1* dass13_1* dass14_1* (L8-L14);

    !estimating thresholds freely
    [dass1_1$1-dass14_1$1*] (T1_1-T1_14);
    [dass1_1$2-dass14_1$2*] (T2_1-T2_14);
    [dass1_1$3-dass14_1$3*] (T3_1-T3_14);

    !constraining item residual variance to 1 for identification
    dass1_1-dass14_1@1;

    !fixing latent mean to zero for identification
    [stress_1@0];
    [anxiety_1@0];

    !fixing latent variance to one for identification
    stress_1@1;
    anxiety_1@1;

  !!! Model for Female Group !!!

  Model Female:
    ! Factor loadings all freely estimated
    stress_1 by
      dass1_1* dass4_1* dass6_1* dass8_1* dass9_1* dass10_1* dass12_1*;

    anxiety_1 by
      dass2_1* dass3_1* dass5_1* dass7_1* dass11_1* dass13_1* dass14_1*;

    ! estimating thresholds freely
    [dass1_1$1-dass14_1$1*];
    [dass1_1$2-dass14_1$2*];
    [dass1_1$3-dass14_1$3*];

    ! constraining item residual variance to 1 for identification
    dass1_1-dass14_1@1;

    ! fixing latent factor mean to zero for identification
    [stress_1@0];
    [anxiety_1@0];

    ! fixing latent factor variance to one for identification
    stress_1@1;
    anxiety_1@1;

  Output: sampstat stdyx modindices(all);
  Savedata: Difftest is dass1_student_gender_inv_config.dat;



INPUT READING TERMINATED NORMALLY



Student DASS Gender Measurement Invariance Configural Model;

SUMMARY OF ANALYSIS

Number of groups                                                 2
Number of observations
   Group MALE                                                 1133
   Group FEMALE                                               1411
   Total sample size                                          2544

Number of dependent variables                                   14
Number of independent variables                                  0
Number of continuous latent variables                            2

Observed dependent variables

  Binary and ordered categorical (ordinal)
   DASS1_1     DASS2_1     DASS3_1     DASS4_1     DASS5_1     DASS6_1
   DASS7_1     DASS8_1     DASS9_1     DASS10_1    DASS11_1    DASS12_1
   DASS13_1    DASS14_1

Continuous latent variables
   STRESS_1    ANXIETY_

Variables with special functions

  Grouping variable     GIRL
  ID variable           STUDENTI

Estimator                                                    WLSMV
Maximum number of iterations                                  1000
Convergence criterion                                    0.500D-04
Maximum number of steepest descent iterations                   20
Maximum number of iterations for H1                           2000
Convergence criterion for H1                             0.100D-03
Parameterization                                             THETA
Link                                                        PROBIT

Input data file(s)
  ../dat_stu.txt

Input data format  FREE


SUMMARY OF DATA

   Group MALE
     Number of missing data patterns             1

   Group FEMALE
     Number of missing data patterns             1


COVARIANCE COVERAGE OF DATA

Minimum covariance coverage value   0.100


     PROPORTION OF DATA PRESENT FOR MALE


           Covariance Coverage
              DASS1_1       DASS2_1       DASS3_1       DASS4_1       DASS5_1
              ________      ________      ________      ________      ________
 DASS1_1        1.000
 DASS2_1        1.000         1.000
 DASS3_1        1.000         1.000         1.000
 DASS4_1        1.000         1.000         1.000         1.000
 DASS5_1        1.000         1.000         1.000         1.000         1.000
 DASS6_1        1.000         1.000         1.000         1.000         1.000
 DASS7_1        1.000         1.000         1.000         1.000         1.000
 DASS8_1        1.000         1.000         1.000         1.000         1.000
 DASS9_1        1.000         1.000         1.000         1.000         1.000
 DASS10_1       1.000         1.000         1.000         1.000         1.000
 DASS11_1       1.000         1.000         1.000         1.000         1.000
 DASS12_1       1.000         1.000         1.000         1.000         1.000
 DASS13_1       1.000         1.000         1.000         1.000         1.000
 DASS14_1       1.000         1.000         1.000         1.000         1.000


           Covariance Coverage
              DASS6_1       DASS7_1       DASS8_1       DASS9_1       DASS10_1
              ________      ________      ________      ________      ________
 DASS6_1        1.000
 DASS7_1        1.000         1.000
 DASS8_1        1.000         1.000         1.000
 DASS9_1        1.000         1.000         1.000         1.000
 DASS10_1       1.000         1.000         1.000         1.000         1.000
 DASS11_1       1.000         1.000         1.000         1.000         1.000
 DASS12_1       1.000         1.000         1.000         1.000         1.000
 DASS13_1       1.000         1.000         1.000         1.000         1.000
 DASS14_1       1.000         1.000         1.000         1.000         1.000


           Covariance Coverage
              DASS11_1      DASS12_1      DASS13_1      DASS14_1
              ________      ________      ________      ________
 DASS11_1       1.000
 DASS12_1       1.000         1.000
 DASS13_1       1.000         1.000         1.000
 DASS14_1       1.000         1.000         1.000         1.000


     PROPORTION OF DATA PRESENT FOR FEMALE


           Covariance Coverage
              DASS1_1       DASS2_1       DASS3_1       DASS4_1       DASS5_1
              ________      ________      ________      ________      ________
 DASS1_1        1.000
 DASS2_1        1.000         1.000
 DASS3_1        1.000         1.000         1.000
 DASS4_1        1.000         1.000         1.000         1.000
 DASS5_1        1.000         1.000         1.000         1.000         1.000
 DASS6_1        1.000         1.000         1.000         1.000         1.000
 DASS7_1        1.000         1.000         1.000         1.000         1.000
 DASS8_1        1.000         1.000         1.000         1.000         1.000
 DASS9_1        1.000         1.000         1.000         1.000         1.000
 DASS10_1       1.000         1.000         1.000         1.000         1.000
 DASS11_1       1.000         1.000         1.000         1.000         1.000
 DASS12_1       1.000         1.000         1.000         1.000         1.000
 DASS13_1       1.000         1.000         1.000         1.000         1.000
 DASS14_1       1.000         1.000         1.000         1.000         1.000


           Covariance Coverage
              DASS6_1       DASS7_1       DASS8_1       DASS9_1       DASS10_1
              ________      ________      ________      ________      ________
 DASS6_1        1.000
 DASS7_1        1.000         1.000
 DASS8_1        1.000         1.000         1.000
 DASS9_1        1.000         1.000         1.000         1.000
 DASS10_1       1.000         1.000         1.000         1.000         1.000
 DASS11_1       1.000         1.000         1.000         1.000         1.000
 DASS12_1       1.000         1.000         1.000         1.000         1.000
 DASS13_1       1.000         1.000         1.000         1.000         1.000
 DASS14_1       1.000         1.000         1.000         1.000         1.000


           Covariance Coverage
              DASS11_1      DASS12_1      DASS13_1      DASS14_1
              ________      ________      ________      ________
 DASS11_1       1.000
 DASS12_1       1.000         1.000
 DASS13_1       1.000         1.000         1.000
 DASS14_1       1.000         1.000         1.000         1.000


UNIVARIATE PROPORTIONS AND COUNTS FOR CATEGORICAL VARIABLES

  Group MALE
    DASS1_1
      Category 1    0.289          327.000
      Category 2    0.474          537.000
      Category 3    0.173          196.000
      Category 4    0.064           73.000
    DASS2_1
      Category 1    0.543          615.000
      Category 2    0.325          368.000
      Category 3    0.096          109.000
      Category 4    0.036           41.000
    DASS3_1
      Category 1    0.615          697.000
      Category 2    0.259          293.000
      Category 3    0.094          107.000
      Category 4    0.032           36.000
    DASS4_1
      Category 1    0.260          295.000
      Category 2    0.457          518.000
      Category 3    0.188          213.000
      Category 4    0.094          107.000
    DASS5_1
      Category 1    0.559          633.000
      Category 2    0.300          340.000
      Category 3    0.092          104.000
      Category 4    0.049           56.000
    DASS6_1
      Category 1    0.381          432.000
      Category 2    0.388          440.000
      Category 3    0.145          164.000
      Category 4    0.086           97.000
    DASS7_1
      Category 1    0.335          379.000
      Category 2    0.433          491.000
      Category 3    0.168          190.000
      Category 4    0.064           73.000
    DASS8_1
      Category 1    0.302          342.000
      Category 2    0.471          534.000
      Category 3    0.156          177.000
      Category 4    0.071           80.000
    DASS9_1
      Category 1    0.365          413.000
      Category 2    0.420          476.000
      Category 3    0.141          160.000
      Category 4    0.074           84.000
    DASS10_1
      Category 1    0.265          300.000
      Category 2    0.456          517.000
      Category 3    0.182          206.000
      Category 4    0.097          110.000
    DASS11_1
      Category 1    0.492          557.000
      Category 2    0.355          402.000
      Category 3    0.106          120.000
      Category 4    0.048           54.000
    DASS12_1
      Category 1    0.351          398.000
      Category 2    0.415          470.000
      Category 3    0.155          176.000
      Category 4    0.079           89.000
    DASS13_1
      Category 1    0.495          561.000
      Category 2    0.346          392.000
      Category 3    0.103          117.000
      Category 4    0.056           63.000
    DASS14_1
      Category 1    0.575          652.000
      Category 2    0.305          345.000
      Category 3    0.081           92.000
      Category 4    0.039           44.000

  Group FEMALE
    DASS1_1
      Category 1    0.259          365.000
      Category 2    0.458          646.000
      Category 3    0.203          287.000
      Category 4    0.080          113.000
    DASS2_1
      Category 1    0.519          733.000
      Category 2    0.304          429.000
      Category 3    0.130          183.000
      Category 4    0.047           66.000
    DASS3_1
      Category 1    0.556          785.000
      Category 2    0.279          393.000
      Category 3    0.118          167.000
      Category 4    0.047           66.000
    DASS4_1
      Category 1    0.231          326.000
      Category 2    0.404          570.000
      Category 3    0.239          337.000
      Category 4    0.126          178.000
    DASS5_1
      Category 1    0.442          624.000
      Category 2    0.302          426.000
      Category 3    0.158          223.000
      Category 4    0.098          138.000
    DASS6_1
      Category 1    0.305          431.000
      Category 2    0.388          548.000
      Category 3    0.196          276.000
      Category 4    0.111          156.000
    DASS7_1
      Category 1    0.300          424.000
      Category 2    0.376          530.000
      Category 3    0.222          313.000
      Category 4    0.102          144.000
    DASS8_1
      Category 1    0.265          374.000
      Category 2    0.403          568.000
      Category 3    0.226          319.000
      Category 4    0.106          150.000
    DASS9_1
      Category 1    0.351          495.000
      Category 2    0.376          530.000
      Category 3    0.188          265.000
      Category 4    0.086          121.000
    DASS10_1
      Category 1    0.277          391.000
      Category 2    0.427          603.000
      Category 3    0.212          299.000
      Category 4    0.084          118.000
    DASS11_1
      Category 1    0.407          574.000
      Category 2    0.358          505.000
      Category 3    0.167          236.000
      Category 4    0.068           96.000
    DASS12_1
      Category 1    0.270          381.000
      Category 2    0.398          562.000
      Category 3    0.216          305.000
      Category 4    0.116          163.000
    DASS13_1
      Category 1    0.450          635.000
      Category 2    0.323          456.000
      Category 3    0.145          204.000
      Category 4    0.082          116.000
    DASS14_1
      Category 1    0.483          681.000
      Category 2    0.320          452.000
      Category 3    0.127          179.000
      Category 4    0.070           99.000


SAMPLE STATISTICS


     ESTIMATED SAMPLE STATISTICS FOR MALE


           MEANS/INTERCEPTS/THRESHOLDS
              DASS1_1$      DASS1_1$      DASS1_1$      DASS2_1$      DASS2_1$
              ________      ________      ________      ________      ________
               -0.557         0.715         1.519         0.108         1.115


           MEANS/INTERCEPTS/THRESHOLDS
              DASS2_1$      DASS3_1$      DASS3_1$      DASS3_1$      DASS4_1$
              ________      ________      ________      ________      ________
                1.797         0.293         1.144         1.855        -0.642


           MEANS/INTERCEPTS/THRESHOLDS
              DASS4_1$      DASS4_1$      DASS5_1$      DASS5_1$      DASS5_1$
              ________      ________      ________      ________      ________
                0.576         1.314         0.148         1.075         1.650


           MEANS/INTERCEPTS/THRESHOLDS
              DASS6_1$      DASS6_1$      DASS6_1$      DASS7_1$      DASS7_1$
              ________      ________      ________      ________      ________
               -0.302         0.738         1.368        -0.427         0.732


           MEANS/INTERCEPTS/THRESHOLDS
              DASS7_1$      DASS8_1$      DASS8_1$      DASS8_1$      DASS9_1$
              ________      ________      ________      ________      ________
                1.519        -0.519         0.749         1.471        -0.346


           MEANS/INTERCEPTS/THRESHOLDS
              DASS9_1$      DASS9_1$      DASS10_1      DASS10_1      DASS10_1
              ________      ________      ________      ________      ________
                0.788         1.446        -0.629         0.586         1.298


           MEANS/INTERCEPTS/THRESHOLDS
              DASS11_1      DASS11_1      DASS11_1      DASS12_1      DASS12_1
              ________      ________      ________      ________      ________
               -0.021         1.021         1.668        -0.382         0.726


           MEANS/INTERCEPTS/THRESHOLDS
              DASS12_1      DASS13_1      DASS13_1      DASS13_1      DASS14_1
              ________      ________      ________      ________      ________
                1.415        -0.012         0.999         1.593         0.190


           MEANS/INTERCEPTS/THRESHOLDS
              DASS14_1      DASS14_1
              ________      ________
                1.175         1.764


           CORRELATION MATRIX (WITH VARIANCES ON THE DIAGONAL)
              DASS1_1       DASS2_1       DASS3_1       DASS4_1       DASS5_1
              ________      ________      ________      ________      ________
 DASS1_1
 DASS2_1        0.435
 DASS3_1        0.386         0.514
 DASS4_1        0.527         0.410         0.410
 DASS5_1        0.465         0.485         0.491         0.466
 DASS6_1        0.584         0.469         0.475         0.664         0.555
 DASS7_1        0.489         0.398         0.447         0.521         0.468
 DASS8_1        0.526         0.403         0.432         0.528         0.485
 DASS9_1        0.566         0.442         0.457         0.533         0.557
 DASS10_1       0.419         0.367         0.335         0.526         0.397
 DASS11_1       0.591         0.461         0.491         0.560         0.572
 DASS12_1       0.526         0.398         0.433         0.583         0.499
 DASS13_1       0.436         0.449         0.514         0.423         0.594
 DASS14_1       0.489         0.465         0.489         0.456         0.539


           CORRELATION MATRIX (WITH VARIANCES ON THE DIAGONAL)
              DASS6_1       DASS7_1       DASS8_1       DASS9_1       DASS10_1
              ________      ________      ________      ________      ________
 DASS7_1        0.597
 DASS8_1        0.602         0.651
 DASS9_1        0.655         0.553         0.615
 DASS10_1       0.528         0.464         0.418         0.498
 DASS11_1       0.607         0.610         0.646         0.657         0.473
 DASS12_1       0.576         0.538         0.588         0.572         0.452
 DASS13_1       0.559         0.507         0.543         0.599         0.468
 DASS14_1       0.558         0.534         0.535         0.550         0.411


           CORRELATION MATRIX (WITH VARIANCES ON THE DIAGONAL)
              DASS11_1      DASS12_1      DASS13_1      DASS14_1
              ________      ________      ________      ________
 DASS12_1       0.670
 DASS13_1       0.614         0.572
 DASS14_1       0.638         0.551         0.618


     ESTIMATED SAMPLE STATISTICS FOR FEMALE


           MEANS/INTERCEPTS/THRESHOLDS
              DASS1_1$      DASS1_1$      DASS1_1$      DASS2_1$      DASS2_1$
              ________      ________      ________      ________      ________
               -0.647         0.573         1.404         0.049         0.929


           MEANS/INTERCEPTS/THRESHOLDS
              DASS2_1$      DASS3_1$      DASS3_1$      DASS3_1$      DASS4_1$
              ________      ________      ________      ________      ________
                1.677         0.142         0.974         1.677        -0.735


           MEANS/INTERCEPTS/THRESHOLDS
              DASS4_1$      DASS4_1$      DASS5_1$      DASS5_1$      DASS5_1$
              ________      ________      ________      ________      ________
                0.345         1.145        -0.145         0.656         1.294


           MEANS/INTERCEPTS/THRESHOLDS
              DASS6_1$      DASS6_1$      DASS6_1$      DASS7_1$      DASS7_1$
              ________      ________      ________      ________      ________
               -0.509         0.507         1.224        -0.523         0.457


           MEANS/INTERCEPTS/THRESHOLDS
              DASS7_1$      DASS8_1$      DASS8_1$      DASS8_1$      DASS9_1$
              ________      ________      ________      ________      ________
                1.270        -0.628         0.433         1.246        -0.383


           MEANS/INTERCEPTS/THRESHOLDS
              DASS9_1$      DASS9_1$      DASS10_1      DASS10_1      DASS10_1
              ________      ________      ________      ________      ________
                0.602         1.367        -0.591         0.537         1.381


           MEANS/INTERCEPTS/THRESHOLDS
              DASS11_1      DASS11_1      DASS11_1      DASS12_1      DASS12_1
              ________      ________      ________      ________      ________
               -0.236         0.722         1.491        -0.613         0.435


           MEANS/INTERCEPTS/THRESHOLDS
              DASS12_1      DASS13_1      DASS13_1      DASS13_1      DASS14_1
              ________      ________      ________      ________      ________
                1.198        -0.126         0.749         1.390        -0.044


           MEANS/INTERCEPTS/THRESHOLDS
              DASS14_1      DASS14_1
              ________      ________
                0.852         1.475


           CORRELATION MATRIX (WITH VARIANCES ON THE DIAGONAL)
              DASS1_1       DASS2_1       DASS3_1       DASS4_1       DASS5_1
              ________      ________      ________      ________      ________
 DASS1_1
 DASS2_1        0.465
 DASS3_1        0.461         0.578
 DASS4_1        0.571         0.495         0.503
 DASS5_1        0.521         0.572         0.596         0.539
 DASS6_1        0.564         0.534         0.524         0.661         0.617
 DASS7_1        0.556         0.479         0.512         0.532         0.559
 DASS8_1        0.547         0.472         0.519         0.564         0.578
 DASS9_1        0.612         0.494         0.510         0.584         0.571
 DASS10_1       0.431         0.394         0.407         0.521         0.441
 DASS11_1       0.503         0.474         0.490         0.545         0.560
 DASS12_1       0.469         0.415         0.383         0.566         0.473
 DASS13_1       0.426         0.524         0.620         0.487         0.627
 DASS14_1       0.476         0.517         0.609         0.475         0.566


           CORRELATION MATRIX (WITH VARIANCES ON THE DIAGONAL)
              DASS6_1       DASS7_1       DASS8_1       DASS9_1       DASS10_1
              ________      ________      ________      ________      ________
 DASS7_1        0.635
 DASS8_1        0.648         0.649
 DASS9_1        0.679         0.623         0.652
 DASS10_1       0.517         0.469         0.485         0.539
 DASS11_1       0.566         0.605         0.639         0.641         0.525
 DASS12_1       0.555         0.511         0.569         0.553         0.458
 DASS13_1       0.549         0.534         0.569         0.587         0.434
 DASS14_1       0.529         0.521         0.546         0.597         0.427


           CORRELATION MATRIX (WITH VARIANCES ON THE DIAGONAL)
              DASS11_1      DASS12_1      DASS13_1      DASS14_1
              ________      ________      ________      ________
 DASS12_1       0.641
 DASS13_1       0.616         0.520
 DASS14_1       0.625         0.526         0.693


THE MODEL ESTIMATION TERMINATED NORMALLY



MODEL FIT INFORMATION

Number of Free Parameters                      114

Chi-Square Test of Model Fit

          Value                           1081.756*
          Degrees of Freedom                   152
          P-Value                           0.0000

Chi-Square Contribution From Each Group

          MALE                             416.916
          FEMALE                           664.840

*   The chi-square value for MLM, MLMV, MLR, ULSMV, WLSM and WLSMV cannot be used
    for chi-square difference testing in the regular way.  MLM, MLR and WLSM
    chi-square difference testing is described on the Mplus website.  MLMV, WLSMV,
    and ULSMV difference testing is done using the DIFFTEST option.

RMSEA (Root Mean Square Error Of Approximation)

          Estimate                           0.069
          90 Percent C.I.                    0.065  0.073
          Probability RMSEA <= .05           0.000

CFI/TLI

          CFI                                0.975
          TLI                                0.971

Chi-Square Test of Model Fit for the Baseline Model

          Value                          37992.702
          Degrees of Freedom                   182
          P-Value                           0.0000

SRMR (Standardized Root Mean Square Residual)

          Value                              0.031

Optimum Function Value for Weighted Least-Squares Estimator

          Value                     0.11014497D+00



MODEL RESULTS

                                                    Two-Tailed
                    Estimate       S.E.  Est./S.E.    P-Value

Group MALE

 STRESS_1 BY
    DASS1_1            0.978      0.049     20.045      0.000
    DASS4_1            1.059      0.049     21.780      0.000
    DASS6_1            1.401      0.067     20.863      0.000
    DASS8_1            1.215      0.055     22.097      0.000
    DASS9_1            1.304      0.061     21.545      0.000
    DASS10_1           0.792      0.043     18.558      0.000
    DASS12_1           1.178      0.056     21.217      0.000

 ANXIETY_ BY
    DASS2_1            0.764      0.047     16.130      0.000
    DASS3_1            0.811      0.051     15.847      0.000
    DASS5_1            1.012      0.056     17.930      0.000
    DASS7_1            1.130      0.051     22.104      0.000
    DASS11_1           1.556      0.080     19.528      0.000
    DASS13_1           1.144      0.061     18.846      0.000
    DASS14_1           1.118      0.061     18.234      0.000

 ANXIETY_ WITH
    STRESS_1           0.950      0.008    126.038      0.000

 Means
    STRESS_1           0.000      0.000    999.000    999.000
    ANXIETY_1          0.000      0.000    999.000    999.000

 Thresholds
    DASS1_1$1         -0.780      0.054    -14.339      0.000
    DASS1_1$2          0.999      0.059     16.943      0.000
    DASS1_1$3          2.124      0.082     26.040      0.000
    DASS2_1$1          0.135      0.047      2.862      0.004
    DASS2_1$2          1.403      0.062     22.758      0.000
    DASS2_1$3          2.261      0.088     25.813      0.000
    DASS3_1$1          0.377      0.050      7.518      0.000
    DASS3_1$2          1.473      0.065     22.678      0.000
    DASS3_1$3          2.388      0.095     25.211      0.000
    DASS4_1$1         -0.936      0.058    -16.207      0.000
    DASS4_1$2          0.838      0.058     14.438      0.000
    DASS4_1$3          1.914      0.075     25.621      0.000
    DASS5_1$1          0.210      0.054      3.887      0.000
    DASS5_1$2          1.529      0.070     21.803      0.000
    DASS5_1$3          2.348      0.090     25.980      0.000
    DASS6_1$1         -0.520      0.064     -8.144      0.000
    DASS6_1$2          1.270      0.074     17.216      0.000
    DASS6_1$3          2.355      0.092     25.468      0.000
    DASS7_1$1         -0.645      0.056    -11.432      0.000
    DASS7_1$2          1.104      0.063     17.546      0.000
    DASS7_1$3          2.291      0.085     26.858      0.000
    DASS8_1$1         -0.817      0.060    -13.595      0.000
    DASS8_1$2          1.179      0.067     17.622      0.000
    DASS8_1$3          2.315      0.086     26.786      0.000
    DASS9_1$1         -0.569      0.061     -9.316      0.000
    DASS9_1$2          1.295      0.071     18.251      0.000
    DASS9_1$3          2.376      0.090     26.396      0.000
    DASS10_1$1        -0.802      0.051    -15.745      0.000
    DASS10_1$2         0.748      0.051     14.688      0.000
    DASS10_1$3         1.656      0.064     25.877      0.000
    DASS11_1$1        -0.039      0.069     -0.567      0.571
    DASS11_1$2         1.889      0.095     19.817      0.000
    DASS11_1$3         3.084      0.122     25.227      0.000
    DASS12_1$1        -0.590      0.058    -10.210      0.000
    DASS12_1$2         1.122      0.065     17.289      0.000
    DASS12_1$3         2.186      0.084     26.167      0.000
    DASS13_1$1        -0.018      0.057     -0.327      0.744
    DASS13_1$2         1.518      0.073     20.706      0.000
    DASS13_1$3         2.420      0.094     25.650      0.000
    DASS14_1$1         0.285      0.058      4.945      0.000
    DASS14_1$2         1.762      0.079     22.191      0.000
    DASS14_1$3         2.647      0.103     25.730      0.000

 Variances
    STRESS_1           1.000      0.000    999.000    999.000
    ANXIETY_1          1.000      0.000    999.000    999.000

 Residual Variances
    DASS1_1            1.000      0.000    999.000    999.000
    DASS2_1            1.000      0.000    999.000    999.000
    DASS3_1            1.000      0.000    999.000    999.000
    DASS4_1            1.000      0.000    999.000    999.000
    DASS5_1            1.000      0.000    999.000    999.000
    DASS6_1            1.000      0.000    999.000    999.000
    DASS7_1            1.000      0.000    999.000    999.000
    DASS8_1            1.000      0.000    999.000    999.000
    DASS9_1            1.000      0.000    999.000    999.000
    DASS10_1           1.000      0.000    999.000    999.000
    DASS11_1           1.000      0.000    999.000    999.000
    DASS12_1           1.000      0.000    999.000    999.000
    DASS13_1           1.000      0.000    999.000    999.000
    DASS14_1           1.000      0.000    999.000    999.000

Group FEMALE

 STRESS_1 BY
    DASS1_1            0.989      0.045     22.118      0.000
    DASS4_1            1.136      0.047     24.098      0.000
    DASS6_1            1.416      0.057     24.921      0.000
    DASS8_1            1.338      0.056     23.726      0.000
    DASS9_1            1.438      0.061     23.776      0.000
    DASS10_1           0.829      0.039     21.497      0.000
    DASS12_1           1.019      0.044     22.991      0.000

 ANXIETY_ BY
    DASS2_1            0.920      0.045     20.319      0.000
    DASS3_1            1.036      0.049     20.941      0.000
    DASS5_1            1.200      0.052     22.990      0.000
    DASS7_1            1.228      0.051     24.074      0.000
    DASS11_1           1.346      0.057     23.601      0.000
    DASS13_1           1.230      0.052     23.578      0.000
    DASS14_1           1.191      0.051     23.287      0.000

 ANXIETY_ WITH
    STRESS_1           0.933      0.008    122.698      0.000

 Means
    STRESS_1           0.000      0.000    999.000    999.000
    ANXIETY_1          0.000      0.000    999.000    999.000

 Thresholds
    DASS1_1$1         -0.910      0.051    -18.018      0.000
    DASS1_1$2          0.805      0.051     15.786      0.000
    DASS1_1$3          1.975      0.070     28.238      0.000
    DASS2_1$1          0.066      0.046      1.458      0.145
    DASS2_1$2          1.262      0.055     22.833      0.000
    DASS2_1$3          2.279      0.078     29.095      0.000
    DASS3_1$1          0.204      0.049      4.170      0.000
    DASS3_1$2          1.402      0.060     23.269      0.000
    DASS3_1$3          2.414      0.084     28.671      0.000
    DASS4_1$1         -1.113      0.055    -20.107      0.000
    DASS4_1$2          0.522      0.052     10.123      0.000
    DASS4_1$3          1.733      0.063     27.359      0.000
    DASS5_1$1         -0.227      0.052     -4.389      0.000
    DASS5_1$2          1.025      0.058     17.595      0.000
    DASS5_1$3          2.022      0.071     28.490      0.000
    DASS6_1$1         -0.882      0.060    -14.764      0.000
    DASS6_1$2          0.879      0.062     14.264      0.000
    DASS6_1$3          2.121      0.073     28.918      0.000
    DASS7_1$1         -0.828      0.054    -15.213      0.000
    DASS7_1$2          0.723      0.055     13.072      0.000
    DASS7_1$3          2.011      0.069     29.013      0.000
    DASS8_1$1         -1.049      0.060    -17.466      0.000
    DASS8_1$2          0.724      0.058     12.382      0.000
    DASS8_1$3          2.082      0.075     27.854      0.000
    DASS9_1$1         -0.671      0.059    -11.426      0.000
    DASS9_1$2          1.055      0.065     16.264      0.000
    DASS9_1$3          2.396      0.083     28.783      0.000
    DASS10_1$1        -0.768      0.046    -16.721      0.000
    DASS10_1$2         0.698      0.046     15.181      0.000
    DASS10_1$3         1.794      0.061     29.481      0.000
    DASS11_1$1        -0.395      0.055     -7.170      0.000
    DASS11_1$2         1.210      0.064     18.957      0.000
    DASS11_1$3         2.500      0.082     30.593      0.000
    DASS12_1$1        -0.875      0.051    -17.291      0.000
    DASS12_1$2         0.621      0.050     12.535      0.000
    DASS12_1$3         1.710      0.061     28.198      0.000
    DASS13_1$1        -0.199      0.052     -3.798      0.000
    DASS13_1$2         1.188      0.061     19.607      0.000
    DASS13_1$3         2.205      0.075     29.562      0.000
    DASS14_1$1        -0.068      0.052     -1.311      0.190
    DASS14_1$2         1.326      0.062     21.465      0.000
    DASS14_1$3         2.294      0.075     30.592      0.000

 Variances
    STRESS_1           1.000      0.000    999.000    999.000
    ANXIETY_1          1.000      0.000    999.000    999.000

 Residual Variances
    DASS1_1            1.000      0.000    999.000    999.000
    DASS2_1            1.000      0.000    999.000    999.000
    DASS3_1            1.000      0.000    999.000    999.000
    DASS4_1            1.000      0.000    999.000    999.000
    DASS5_1            1.000      0.000    999.000    999.000
    DASS6_1            1.000      0.000    999.000    999.000
    DASS7_1            1.000      0.000    999.000    999.000
    DASS8_1            1.000      0.000    999.000    999.000
    DASS9_1            1.000      0.000    999.000    999.000
    DASS10_1           1.000      0.000    999.000    999.000
    DASS11_1           1.000      0.000    999.000    999.000
    DASS12_1           1.000      0.000    999.000    999.000
    DASS13_1           1.000      0.000    999.000    999.000
    DASS14_1           1.000      0.000    999.000    999.000


STANDARDIZED MODEL RESULTS


STDYX Standardization

                                                    Two-Tailed
                    Estimate       S.E.  Est./S.E.    P-Value

Group MALE

 STRESS_1 BY
    DASS1_1            0.699      0.018     39.203      0.000
    DASS4_1            0.727      0.016     46.216      0.000
    DASS6_1            0.814      0.013     61.817      0.000
    DASS8_1            0.772      0.014     54.729      0.000
    DASS9_1            0.794      0.014     58.193      0.000
    DASS10_1           0.621      0.021     30.198      0.000
    DASS12_1           0.762      0.015     50.656      0.000

 ANXIETY_ BY
    DASS2_1            0.607      0.024     25.548      0.000
    DASS3_1            0.630      0.024     26.263      0.000
    DASS5_1            0.711      0.020     36.289      0.000
    DASS7_1            0.749      0.015     50.319      0.000
    DASS11_1           0.841      0.013     66.784      0.000
    DASS13_1           0.753      0.017     43.503      0.000
    DASS14_1           0.745      0.018     41.006      0.000

 ANXIETY_ WITH
    STRESS_1           0.950      0.008    126.038      0.000

 Means
    STRESS_1           0.000      0.000    999.000    999.000
    ANXIETY_1          0.000      0.000    999.000    999.000

 Thresholds
    DASS1_1$1         -0.557      0.039    -14.142      0.000
    DASS1_1$2          0.715      0.041     17.470      0.000
    DASS1_1$3          1.519      0.058     26.220      0.000
    DASS2_1$1          0.108      0.037      2.881      0.004
    DASS2_1$2          1.115      0.047     23.727      0.000
    DASS2_1$3          1.797      0.070     25.717      0.000
    DASS3_1$1          0.293      0.038      7.744      0.000
    DASS3_1$2          1.145      0.048     24.042      0.000
    DASS3_1$3          1.855      0.073     25.405      0.000
    DASS4_1$1         -0.642      0.040    -15.990      0.000
    DASS4_1$2          0.576      0.040     14.548      0.000
    DASS4_1$3          1.314      0.052     25.450      0.000
    DASS5_1$1          0.148      0.037      3.950      0.000
    DASS5_1$2          1.075      0.046     23.260      0.000
    DASS5_1$3          1.650      0.063     26.190      0.000
    DASS6_1$1         -0.302      0.038     -7.980      0.000
    DASS6_1$2          0.738      0.041     17.920      0.000
    DASS6_1$3          1.368      0.053     25.754      0.000
    DASS7_1$1         -0.428      0.038    -11.105      0.000
    DASS7_1$2          0.732      0.041     17.811      0.000
    DASS7_1$3          1.519      0.058     26.218      0.000
    DASS8_1$1         -0.519      0.039    -13.271      0.000
    DASS8_1$2          0.749      0.041     18.146      0.000
    DASS8_1$3          1.471      0.056     26.128      0.000
    DASS9_1$1         -0.346      0.038     -9.103      0.000
    DASS9_1$2          0.788      0.042     18.870      0.000
    DASS9_1$3          1.446      0.055     26.059      0.000
    DASS10_1$1        -0.629      0.040    -15.703      0.000
    DASS10_1$2         0.586      0.040     14.781      0.000
    DASS10_1$3         1.298      0.051     25.350      0.000
    DASS11_1$1        -0.021      0.037     -0.565      0.572
    DASS11_1$2         1.021      0.045     22.582      0.000
    DASS11_1$3         1.668      0.064     26.157      0.000
    DASS12_1$1        -0.382      0.038     -9.986      0.000
    DASS12_1$2         0.726      0.041     17.697      0.000
    DASS12_1$3         1.415      0.055     25.955      0.000
    DASS13_1$1        -0.012      0.037     -0.327      0.744
    DASS13_1$2         0.999      0.045     22.279      0.000
    DASS13_1$3         1.593      0.061     26.249      0.000
    DASS14_1$1         0.190      0.037      5.077      0.000
    DASS14_1$2         1.175      0.048     24.344      0.000
    DASS14_1$3         1.765      0.068     25.867      0.000

 Variances
    STRESS_1           1.000      0.000    999.000    999.000
    ANXIETY_1          1.000      0.000    999.000    999.000

 Residual Variances
    DASS1_1            0.511      0.025     20.509      0.000
    DASS2_1            0.631      0.029     21.879      0.000
    DASS3_1            0.603      0.030     19.978      0.000
    DASS4_1            0.471      0.023     20.597      0.000
    DASS5_1            0.494      0.028     17.721      0.000
    DASS6_1            0.338      0.021     15.746      0.000
    DASS7_1            0.439      0.022     19.710      0.000
    DASS8_1            0.404      0.022     18.530      0.000
    DASS9_1            0.370      0.022     17.106      0.000
    DASS10_1           0.615      0.026     24.075      0.000
    DASS11_1           0.292      0.021     13.799      0.000
    DASS12_1           0.419      0.023     18.255      0.000
    DASS13_1           0.433      0.026     16.624      0.000
    DASS14_1           0.445      0.027     16.417      0.000

Group FEMALE

 STRESS_1 BY
    DASS1_1            0.703      0.016     43.742      0.000
    DASS4_1            0.751      0.014     55.206      0.000
    DASS6_1            0.817      0.011     74.902      0.000
    DASS8_1            0.801      0.012     66.200      0.000
    DASS9_1            0.821      0.011     72.972      0.000
    DASS10_1           0.638      0.018     36.285      0.000
    DASS12_1           0.714      0.015     46.859      0.000

 ANXIETY_ BY
    DASS2_1            0.677      0.018     37.510      0.000
    DASS3_1            0.719      0.017     43.405      0.000
    DASS5_1            0.768      0.014     56.104      0.000
    DASS7_1            0.775      0.013     60.382      0.000
    DASS11_1           0.803      0.012     66.379      0.000
    DASS13_1           0.776      0.013     59.271      0.000
    DASS14_1           0.766      0.014     56.343      0.000

 ANXIETY_ WITH
    STRESS_1           0.933      0.008    122.698      0.000

 Means
    STRESS_1           0.000      0.000    999.000    999.000
    ANXIETY_1          0.000      0.000    999.000    999.000

 Thresholds
    DASS1_1$1         -0.647      0.036    -17.967      0.000
    DASS1_1$2          0.573      0.035     16.160      0.000
    DASS1_1$3          1.404      0.049     28.917      0.000
    DASS2_1$1          0.049      0.033      1.464      0.143
    DASS2_1$2          0.929      0.039     23.718      0.000
    DASS2_1$3          1.677      0.057     29.171      0.000
    DASS3_1$1          0.142      0.033      4.232      0.000
    DASS3_1$2          0.974      0.040     24.462      0.000
    DASS3_1$3          1.677      0.057     29.171      0.000
    DASS4_1$1         -0.735      0.037    -19.949      0.000
    DASS4_1$2          0.345      0.034     10.123      0.000
    DASS4_1$3          1.145      0.043     26.831      0.000
    DASS5_1$1         -0.145      0.033     -4.338      0.000
    DASS5_1$2          0.656      0.036     18.169      0.000
    DASS5_1$3          1.294      0.046     28.257      0.000
    DASS6_1$1         -0.509      0.035    -14.545      0.000
    DASS6_1$2          0.507      0.035     14.492      0.000
    DASS6_1$3          1.224      0.044     27.661      0.000
    DASS7_1$1         -0.523      0.035    -14.907      0.000
    DASS7_1$2          0.457      0.035     13.179      0.000
    DASS7_1$3          1.270      0.045     28.068      0.000
    DASS8_1$1         -0.628      0.036    -17.505      0.000
    DASS8_1$2          0.433      0.035     12.549      0.000
    DASS8_1$3          1.246      0.045     27.870      0.000
    DASS9_1$1         -0.383      0.034    -11.180      0.000
    DASS9_1$2          0.602      0.036     16.887      0.000
    DASS9_1$3          1.367      0.048     28.734      0.000
    DASS10_1$1        -0.591      0.036    -16.625      0.000
    DASS10_1$2         0.537      0.035     15.273      0.000
    DASS10_1$3         1.381      0.048     28.810      0.000
    DASS11_1$1        -0.236      0.034     -6.994      0.000
    DASS11_1$2         0.722      0.037     19.649      0.000
    DASS11_1$3         1.490      0.051     29.204      0.000
    DASS12_1$1        -0.613      0.036    -17.143      0.000
    DASS12_1$2         0.435      0.035     12.604      0.000
    DASS12_1$3         1.198      0.044     27.408      0.000
    DASS13_1$1        -0.126      0.033     -3.753      0.000
    DASS13_1$2         0.749      0.037     20.253      0.000
    DASS13_1$3         1.390      0.048     28.855      0.000
    DASS14_1$1        -0.044      0.033     -1.305      0.192
    DASS14_1$2         0.852      0.038     22.333      0.000
    DASS14_1$3         1.475      0.051     29.171      0.000

 Variances
    STRESS_1           1.000      0.000    999.000    999.000
    ANXIETY_1          1.000      0.000    999.000    999.000

 Residual Variances
    DASS1_1            0.506      0.023     22.371      0.000
    DASS2_1            0.542      0.024     22.168      0.000
    DASS3_1            0.482      0.024     20.232      0.000
    DASS4_1            0.437      0.020     21.383      0.000
    DASS5_1            0.410      0.021     19.476      0.000
    DASS6_1            0.333      0.018     18.674      0.000
    DASS7_1            0.399      0.020     20.018      0.000
    DASS8_1            0.358      0.019     18.490      0.000
    DASS9_1            0.326      0.018     17.633      0.000
    DASS10_1           0.592      0.022     26.372      0.000
    DASS11_1           0.356      0.019     18.311      0.000
    DASS12_1           0.491      0.022     22.569      0.000
    DASS13_1           0.398      0.020     19.577      0.000
    DASS14_1           0.413      0.021     19.846      0.000


R-SQUARE

Group MALE

    Observed                                        Two-Tailed     Scale
    Variable        Estimate       S.E.  Est./S.E.    P-Value     Factors

    DASS1_1            0.489      0.025     19.602      0.000      0.715
    DASS2_1            0.369      0.029     12.774      0.000      0.795
    DASS3_1            0.397      0.030     13.131      0.000      0.777
    DASS4_1            0.529      0.023     23.108      0.000      0.686
    DASS5_1            0.506      0.028     18.144      0.000      0.703
    DASS6_1            0.662      0.021     30.908      0.000      0.581
    DASS7_1            0.561      0.022     25.160      0.000      0.663
    DASS8_1            0.596      0.022     27.365      0.000      0.635
    DASS9_1            0.630      0.022     29.097      0.000      0.608
    DASS10_1           0.385      0.026     15.099      0.000      0.784
    DASS11_1           0.708      0.021     33.392      0.000      0.541
    DASS12_1           0.581      0.023     25.328      0.000      0.647
    DASS13_1           0.567      0.026     21.752      0.000      0.658
    DASS14_1           0.555      0.027     20.503      0.000      0.667

Group FEMALE

    Observed                                        Two-Tailed     Scale
    Variable        Estimate       S.E.  Est./S.E.    P-Value     Factors

    DASS1_1            0.494      0.023     21.871      0.000      0.711
    DASS2_1            0.458      0.024     18.755      0.000      0.736
    DASS3_1            0.518      0.024     21.702      0.000      0.695
    DASS4_1            0.563      0.020     27.603      0.000      0.661
    DASS5_1            0.590      0.021     28.052      0.000      0.640
    DASS6_1            0.667      0.018     37.451      0.000      0.577
    DASS7_1            0.601      0.020     30.191      0.000      0.631
    DASS8_1            0.642      0.019     33.100      0.000      0.599
    DASS9_1            0.674      0.018     36.486      0.000      0.571
    DASS10_1           0.408      0.022     18.143      0.000      0.770
    DASS11_1           0.644      0.019     33.189      0.000      0.596
    DASS12_1           0.509      0.022     23.429      0.000      0.700
    DASS13_1           0.602      0.020     29.636      0.000      0.631
    DASS14_1           0.587      0.021     28.172      0.000      0.643


QUALITY OF NUMERICAL RESULTS

     Condition Number for the Information Matrix              0.197E-02
       (ratio of smallest to largest eigenvalue)


MODEL MODIFICATION INDICES

Minimum M.I. value for printing the modification index    10.000

                                   M.I.     E.P.C.  Std E.P.C.  StdYX E.P.C.
Group MALE


ON/BY Statements

DASS3_1  ON STRESS_1 /
STRESS_1 BY DASS3_1               19.279    -0.962     -0.962       -0.747
DASS4_1  ON ANXIETY_ /
ANXIETY_ BY DASS4_1               36.981    -1.303     -1.303       -0.894
DASS7_1  ON STRESS_1 /
STRESS_1 BY DASS7_1               55.343     1.711      1.711        1.134
DASS8_1  ON ANXIETY_ /
ANXIETY_ BY DASS8_1               21.632     1.035      1.035        0.658
DASS11_1 ON STRESS_1 /
STRESS_1 BY DASS11_1              20.129     1.314      1.314        0.710
DASS12_1 ON ANXIETY_ /
ANXIETY_ BY DASS12_1              10.499     0.717      0.717        0.464
DASS14_1 ON STRESS_1 /
STRESS_1 BY DASS14_1              11.613    -0.827     -0.827       -0.551

ON Statements

STRESS_1 ON DASS3_1               19.471    -0.095     -0.095       -0.122
STRESS_1 ON DASS4_1               36.922     0.134      0.134        0.195
STRESS_1 ON DASS7_1               54.770     0.167      0.167        0.252
STRESS_1 ON DASS8_1               21.709    -0.107     -0.107       -0.168
STRESS_1 ON DASS11_1              20.047     0.128      0.128        0.237
STRESS_1 ON DASS12_1              10.650    -0.074     -0.074       -0.115
STRESS_1 ON DASS14_1              11.491    -0.081     -0.081       -0.121
ANXIETY_ ON DASS3_1               19.484     0.100      0.100        0.128
ANXIETY_ ON DASS4_1               36.941    -0.127     -0.127       -0.186
ANXIETY_ ON DASS7_1               54.727    -0.175     -0.175       -0.265
ANXIETY_ ON DASS8_1               21.690     0.101      0.101        0.160
ANXIETY_ ON DASS11_1              20.058    -0.135     -0.135       -0.250
ANXIETY_ ON DASS12_1              10.628     0.071      0.071        0.109
ANXIETY_ ON DASS14_1              11.469     0.085      0.085        0.127
DASS1_1  ON DASS13_1              10.696    -0.136     -0.136       -0.148
DASS2_1  ON DASS3_1               48.218     0.243      0.243        0.249
DASS3_1  ON DASS2_1               48.271     0.243      0.243        0.238
DASS4_1  ON DASS6_1               36.512     0.244      0.244        0.289
DASS4_1  ON DASS10_1              23.970     0.165      0.165        0.145
DASS4_1  ON DASS13_1              37.494    -0.264     -0.264       -0.276
DASS4_1  ON DASS14_1              17.123    -0.185     -0.185       -0.190
DASS5_1  ON DASS7_1               11.975    -0.161     -0.161       -0.171
DASS5_1  ON DASS13_1              14.836     0.159      0.159        0.170
DASS6_1  ON DASS4_1               36.543     0.244      0.244        0.207
DASS6_1  ON DASS11_1              11.681    -0.166     -0.166       -0.179
DASS6_1  ON DASS12_1              10.111    -0.151     -0.151       -0.136
DASS7_1  ON DASS5_1               11.937    -0.161     -0.161       -0.152
DASS7_1  ON DASS8_1               91.602     0.327      0.327        0.341
DASS7_1  ON DASS13_1              11.603    -0.157     -0.157       -0.159
DASS8_1  ON DASS7_1               80.491     0.304      0.304        0.291
DASS8_1  ON DASS10_1              12.664    -0.144     -0.144       -0.117
DASS8_1  ON DASS11_1              11.360     0.137      0.137        0.161
DASS10_1 ON DASS4_1               23.937     0.165      0.165        0.189
DASS10_1 ON DASS8_1               12.694    -0.144     -0.144       -0.178
DASS11_1 ON DASS12_1              30.842     0.242      0.242        0.202
DASS12_1 ON DASS6_1               10.164    -0.152     -0.152       -0.169
DASS12_1 ON DASS11_1              27.355     0.207      0.207        0.248
DASS13_1 ON DASS1_1               13.311    -0.158     -0.158       -0.145
DASS13_1 ON DASS4_1               28.956    -0.240     -0.240       -0.230
DASS13_1 ON DASS5_1               14.792     0.159      0.159        0.149
DASS13_1 ON DASS7_1               11.695    -0.158     -0.158       -0.157
DASS13_1 ON DASS14_1              14.678     0.164      0.164        0.162
DASS14_1 ON DASS4_1               12.053    -0.159     -0.159       -0.155
DASS14_1 ON DASS13_1              14.677     0.164      0.164        0.166

WITH Statements

DASS3_1  WITH STRESS_1            19.452    -0.095     -0.095       -0.095
DASS3_1  WITH ANXIETY_            19.471     0.100      0.100        0.100
DASS3_1  WITH DASS2_1             48.236     0.243      0.243        0.243
DASS4_1  WITH STRESS_1            36.958     0.134      0.134        0.134
DASS4_1  WITH ANXIETY_            36.960    -0.127     -0.127       -0.127
DASS6_1  WITH DASS4_1             36.518     0.244      0.244        0.244
DASS7_1  WITH STRESS_1            54.816     0.167      0.167        0.167
DASS7_1  WITH ANXIETY_            54.759    -0.175     -0.175       -0.175
DASS7_1  WITH DASS5_1             11.990    -0.161     -0.161       -0.161
DASS8_1  WITH STRESS_1            21.677    -0.107     -0.107       -0.107
DASS8_1  WITH ANXIETY_            21.673     0.101      0.101        0.101
DASS8_1  WITH DASS7_1             77.586     0.322      0.322        0.322
DASS10_1 WITH DASS4_1             23.972     0.165      0.165        0.165
DASS10_1 WITH DASS8_1             12.659    -0.144     -0.144       -0.144
DASS11_1 WITH STRESS_1            20.095     0.129      0.129        0.129
DASS11_1 WITH ANXIETY_            20.092    -0.135     -0.135       -0.135
DASS12_1 WITH STRESS_1            10.629    -0.074     -0.074       -0.074
DASS12_1 WITH ANXIETY_            10.616     0.071      0.071        0.071
DASS12_1 WITH DASS6_1             10.128    -0.151     -0.151       -0.151
DASS12_1 WITH DASS11_1            25.594     0.234      0.234        0.234
DASS13_1 WITH DASS1_1             11.328    -0.154     -0.154       -0.154
DASS13_1 WITH DASS4_1             26.930    -0.246     -0.246       -0.246
DASS13_1 WITH DASS5_1             14.822     0.159      0.159        0.159
DASS13_1 WITH DASS7_1             11.662    -0.158     -0.158       -0.158
DASS14_1 WITH STRESS_1            11.469    -0.080     -0.080       -0.080
DASS14_1 WITH ANXIETY_            11.454     0.085      0.085        0.085
DASS14_1 WITH DASS13_1            14.711     0.164      0.164        0.164

Group FEMALE


ON/BY Statements

DASS3_1  ON STRESS_1 /
STRESS_1 BY DASS3_1               52.071    -1.325     -1.325       -0.920
DASS4_1  ON ANXIETY_ /
ANXIETY_ BY DASS4_1               30.188    -0.907     -0.907       -0.599
DASS7_1  ON STRESS_1 /
STRESS_1 BY DASS7_1              166.298     2.281      2.281        1.440
DASS8_1  ON ANXIETY_ /
ANXIETY_ BY DASS8_1               25.808     0.897      0.897        0.537
DASS11_1 ON STRESS_1 /
STRESS_1 BY DASS11_1              81.692     1.672      1.672        0.997
DASS12_1 ON ANXIETY_ /
ANXIETY_ BY DASS12_1              10.051     0.467      0.467        0.327
DASS13_1 ON STRESS_1 /
STRESS_1 BY DASS13_1              77.286    -1.599     -1.599       -1.008
DASS14_1 ON STRESS_1 /
STRESS_1 BY DASS14_1              50.967    -1.317     -1.317       -0.847

ON Statements

STRESS_1 ON DASS3_1               52.184    -0.171     -0.171       -0.246
STRESS_1 ON DASS4_1               30.214     0.125      0.125        0.189
STRESS_1 ON DASS7_1              166.206     0.293      0.293        0.464
STRESS_1 ON DASS8_1               25.705    -0.123     -0.123       -0.206
STRESS_1 ON DASS11_1              82.177     0.216      0.216        0.362
STRESS_1 ON DASS12_1              10.137    -0.065     -0.065       -0.092
STRESS_1 ON DASS13_1              77.098    -0.205     -0.205       -0.326
STRESS_1 ON DASS14_1              50.995    -0.169     -0.169       -0.264
ANXIETY_ ON DASS3_1               52.235     0.183      0.183        0.263
ANXIETY_ ON DASS4_1               30.188    -0.117     -0.117       -0.177
ANXIETY_ ON DASS7_1              166.123    -0.314     -0.314       -0.497
ANXIETY_ ON DASS8_1               25.744     0.115      0.115        0.192
ANXIETY_ ON DASS11_1              82.193    -0.231     -0.231       -0.388
ANXIETY_ ON DASS12_1              10.136     0.060      0.060        0.086
ANXIETY_ ON DASS13_1              77.119     0.220      0.220        0.349
ANXIETY_ ON DASS14_1              51.038     0.182      0.182        0.283
DASS1_1  ON DASS4_1               15.637     0.150      0.150        0.162
DASS1_1  ON DASS7_1               10.095     0.114      0.114        0.128
DASS1_1  ON DASS9_1               11.714     0.149      0.149        0.186
DASS1_1  ON DASS13_1              25.601    -0.207     -0.207       -0.234
DASS2_1  ON DASS3_1               54.669     0.318      0.318        0.337
DASS2_1  ON DASS5_1               19.175     0.204      0.204        0.234
DASS2_1  ON DASS7_1               12.154    -0.174     -0.174       -0.203
DASS2_1  ON DASS11_1              23.387    -0.244     -0.244       -0.301
DASS3_1  ON DASS2_1               54.609     0.318      0.318        0.300
DASS3_1  ON DASS5_1               16.489     0.209      0.209        0.227
DASS3_1  ON DASS6_1               17.034    -0.195     -0.195       -0.235
DASS3_1  ON DASS7_1               11.388    -0.176     -0.176       -0.194
DASS3_1  ON DASS8_1               12.610    -0.164     -0.164       -0.190
DASS3_1  ON DASS9_1               26.346    -0.246     -0.246       -0.299
DASS3_1  ON DASS11_1              38.449    -0.337     -0.337       -0.393
DASS3_1  ON DASS12_1              42.268    -0.278     -0.278       -0.276
DASS3_1  ON DASS13_1              31.696     0.285      0.285        0.313
DASS3_1  ON DASS14_1              32.472     0.300      0.300        0.324
DASS4_1  ON DASS1_1               15.666     0.150      0.150        0.140
DASS4_1  ON DASS6_1               31.508     0.238      0.238        0.272
DASS4_1  ON DASS8_1               13.312    -0.171     -0.171       -0.189
DASS4_1  ON DASS9_1               10.067    -0.159     -0.159       -0.184
DASS4_1  ON DASS10_1              11.012     0.119      0.119        0.102
DASS4_1  ON DASS13_1              32.154    -0.250     -0.250       -0.262
DASS4_1  ON DASS14_1              36.683    -0.276     -0.276       -0.283
DASS5_1  ON DASS2_1               19.103     0.203      0.203        0.177
DASS5_1  ON DASS3_1               16.456     0.209      0.209        0.192
DASS5_1  ON DASS7_1               12.198    -0.189     -0.189       -0.191
DASS5_1  ON DASS11_1              23.425    -0.254     -0.254       -0.272
DASS6_1  ON DASS4_1               31.480     0.238      0.238        0.207
DASS6_1  ON DASS7_1               14.014     0.153      0.153        0.140
DASS6_1  ON DASS11_1              14.633    -0.168     -0.168       -0.162
DASS6_1  ON DASS13_1              12.838    -0.165     -0.165       -0.151
DASS6_1  ON DASS14_1              19.646    -0.213     -0.213       -0.191
DASS7_1  ON DASS1_1               44.325     0.258      0.258        0.229
DASS7_1  ON DASS2_1               12.203    -0.175     -0.175       -0.150
DASS7_1  ON DASS3_1               11.400    -0.177     -0.177       -0.160
DASS7_1  ON DASS5_1               12.177    -0.189     -0.189       -0.186
DASS7_1  ON DASS6_1               70.166     0.337      0.337        0.369
DASS7_1  ON DASS8_1              109.192     0.377      0.377        0.398
DASS7_1  ON DASS9_1               51.101     0.307      0.307        0.339
DASS7_1  ON DASS13_1              32.053    -0.288     -0.288       -0.288
DASS7_1  ON DASS14_1              32.900    -0.294     -0.294       -0.289
DASS8_1  ON DASS4_1               13.298    -0.171     -0.171       -0.155
DASS8_1  ON DASS7_1               67.440     0.297      0.297        0.281
DASS8_1  ON DASS11_1              25.965     0.198      0.198        0.199
DASS9_1  ON DASS1_1               11.803     0.150      0.150        0.120
DASS9_1  ON DASS4_1               10.003    -0.158     -0.158       -0.137
DASS10_1 ON DASS4_1               11.019     0.119      0.119        0.139
DASS10_1 ON DASS11_1              10.767     0.121      0.121        0.156
DASS11_1 ON DASS2_1               23.542    -0.245     -0.245       -0.198
DASS11_1 ON DASS3_1               38.598    -0.338     -0.338       -0.290
DASS11_1 ON DASS5_1               23.504    -0.254     -0.254       -0.237
DASS11_1 ON DASS8_1               39.511     0.250      0.250        0.249
DASS11_1 ON DASS9_1               25.126     0.208      0.208        0.217
DASS11_1 ON DASS10_1              32.860     0.241      0.241        0.187
DASS11_1 ON DASS12_1             132.960     0.406      0.406        0.346
DASS12_1 ON DASS3_1               14.219    -0.158     -0.158       -0.160
DASS12_1 ON DASS11_1              97.004     0.316      0.316        0.372
DASS13_1 ON DASS1_1               49.720    -0.311     -0.311       -0.276
DASS13_1 ON DASS3_1               31.627     0.284      0.284        0.258
DASS13_1 ON DASS4_1               43.164    -0.303     -0.303       -0.289
DASS13_1 ON DASS6_1               35.196    -0.264     -0.264       -0.289
DASS13_1 ON DASS7_1               32.113    -0.288     -0.288       -0.287
DASS13_1 ON DASS8_1               13.378    -0.159     -0.159       -0.167
DASS13_1 ON DASS9_1               12.024    -0.148     -0.148       -0.164
DASS13_1 ON DASS10_1              11.734    -0.140     -0.140       -0.115
DASS13_1 ON DASS14_1             149.802     0.568      0.568        0.558
DASS14_1 ON DASS1_1               11.777    -0.147     -0.147       -0.133
DASS14_1 ON DASS3_1               32.446     0.299      0.299        0.277
DASS14_1 ON DASS4_1               41.730    -0.304     -0.304       -0.296
DASS14_1 ON DASS6_1               38.026    -0.284     -0.284       -0.316
DASS14_1 ON DASS7_1               32.907    -0.294     -0.294       -0.300
DASS14_1 ON DASS8_1               16.808    -0.183     -0.183       -0.197
DASS14_1 ON DASS10_1              12.000    -0.153     -0.153       -0.127
DASS14_1 ON DASS13_1             149.903     0.568      0.568        0.579

WITH Statements

DASS3_1  WITH STRESS_1            52.213    -0.171     -0.171       -0.171
DASS3_1  WITH ANXIETY_            52.234     0.183      0.183        0.183
DASS3_1  WITH DASS2_1             54.576     0.318      0.318        0.318
DASS4_1  WITH STRESS_1            30.191     0.125      0.125        0.125
DASS4_1  WITH ANXIETY_            30.191    -0.117     -0.117       -0.117
DASS4_1  WITH DASS1_1             15.666     0.150      0.150        0.150
DASS5_1  WITH DASS2_1             19.106     0.203      0.203        0.203
DASS5_1  WITH DASS3_1             16.460     0.209      0.209        0.209
DASS6_1  WITH DASS4_1             31.507     0.238      0.238        0.238
DASS7_1  WITH STRESS_1           166.147     0.293      0.293        0.293
DASS7_1  WITH ANXIETY_           166.124    -0.314     -0.314       -0.314
DASS7_1  WITH DASS1_1             17.128     0.171      0.171        0.171
DASS7_1  WITH DASS2_1             12.214    -0.175     -0.175       -0.175
DASS7_1  WITH DASS3_1             11.413    -0.177     -0.177       -0.177
DASS7_1  WITH DASS5_1             12.193    -0.189     -0.189       -0.189
DASS7_1  WITH DASS6_1             23.810     0.227      0.227        0.227
DASS8_1  WITH STRESS_1            25.732    -0.123     -0.123       -0.123
DASS8_1  WITH ANXIETY_            25.742     0.115      0.115        0.115
DASS8_1  WITH DASS4_1             13.313    -0.171     -0.171       -0.171
DASS8_1  WITH DASS7_1             61.323     0.320      0.320        0.320
DASS9_1  WITH DASS1_1             11.750     0.150      0.150        0.150
DASS9_1  WITH DASS4_1             10.067    -0.159     -0.159       -0.159
DASS10_1 WITH DASS4_1             11.012     0.119      0.119        0.119
DASS11_1 WITH STRESS_1            82.129     0.216      0.216        0.216
DASS11_1 WITH ANXIETY_            82.194    -0.231     -0.231       -0.231
DASS11_1 WITH DASS2_1             23.479    -0.245     -0.245       -0.245
DASS11_1 WITH DASS3_1             38.501    -0.337     -0.337       -0.337
DASS11_1 WITH DASS5_1             23.418    -0.254     -0.254       -0.254
DASS11_1 WITH DASS6_1             14.049    -0.193     -0.193       -0.193
DASS11_1 WITH DASS8_1             17.433     0.188      0.188        0.188
DASS11_1 WITH DASS10_1            17.845     0.187      0.187        0.187
DASS12_1 WITH STRESS_1            10.148    -0.065     -0.065       -0.065
DASS12_1 WITH ANXIETY_            10.135     0.060      0.060        0.060
DASS12_1 WITH DASS3_1             27.544    -0.246     -0.246       -0.246
DASS12_1 WITH DASS11_1           109.277     0.394      0.394        0.394
DASS13_1 WITH STRESS_1            77.139    -0.205     -0.205       -0.205
DASS13_1 WITH ANXIETY_            77.117     0.220      0.220        0.220
DASS13_1 WITH DASS1_1             28.713    -0.256     -0.256       -0.256
DASS13_1 WITH DASS3_1             31.655     0.284      0.284        0.284
DASS13_1 WITH DASS4_1             20.330    -0.232     -0.232       -0.232
DASS13_1 WITH DASS6_1             11.636    -0.180     -0.180       -0.180
DASS13_1 WITH DASS7_1             32.079    -0.288     -0.288       -0.288
DASS14_1 WITH STRESS_1            51.029    -0.170     -0.170       -0.170
DASS14_1 WITH ANXIETY_            51.038     0.182      0.182        0.182
DASS14_1 WITH DASS3_1             32.431     0.299      0.299        0.299
DASS14_1 WITH DASS4_1             24.274    -0.260     -0.260       -0.260
DASS14_1 WITH DASS6_1             18.963    -0.239     -0.239       -0.239
DASS14_1 WITH DASS7_1             32.925    -0.294     -0.294       -0.294
DASS14_1 WITH DASS13_1           149.868     0.568      0.568        0.568



SAVEDATA INFORMATION


  Difference testing

  Save file
    dass1_student_gender_inv_config.dat
  Save format      Free

     Beginning Time:  10:39:10
        Ending Time:  10:39:11
       Elapsed Time:  00:00:01



MUTHEN & MUTHEN
3463 Stoner Ave.
Los Angeles, CA  90066

Tel: (310) 391-9971
Fax: (310) 391-8971
Web: www.StatModel.com
Support: Support@StatModel.com

Copyright (c) 1998-2019 Muthen & Muthen
