Mplus VERSION 8.4 (Mac)
MUTHEN & MUTHEN
05/05/2023  10:38 AM

INPUT INSTRUCTIONS

  Title: Student DASS Treatment Measurement Invariance Scalar Model;

  Data:
     File is ../dat_stu.txt;

  Variable:
     Names are studentid index treatment girl age_w child_grade in_ukr
     guardian_living guardian_region
     grit1_1 grit2_1 grit3_1 grit4_1 grit5_1 grit6_1 grit7_1 grit8_1
     loc1_1 loc2_1 loc3_1 loc4_1
     dass1_1 dass2_1 dass3_1 dass4_1 dass5_1 dass6_1 dass7_1 dass8_1
     dass9_1 dass10_1 dass11_1 dass12_1 dass13_1 dass14_1
     sleep1_1 sleep2_1 sleep3_1 sleep4_1 sleep5_1 sleep6_1 sleep7_1
     efficacy_1 edugoals_1 remotediff_1 timeclass_1 timehomework_1
     grit1_2 grit2_2 grit3_2 grit4_2 grit5_2 grit6_2 grit7_2 grit8_2
     loc1_2 loc2_2 loc3_2 loc4_2
     dass1_2 dass2_2 dass3_2 dass4_2 dass5_2 dass6_2 dass7_2 dass8_2
     dass9_2 dass10_2 dass11_2 dass12_2 dass13_2 dass14_2
     efficacy_2 edugoals_2 timeclass_2 timehomework_2 compmath_2 half;
     Missing are . ;

    Usevariable are
  	dass1_1 dass2_1 dass3_1 dass4_1 dass5_1 dass6_1 dass7_1 dass8_1
    dass9_1 dass10_1 dass11_1 dass12_1 dass13_1 dass14_1;

    Categorical is
  	dass1_1 dass2_1 dass3_1 dass4_1 dass5_1 dass6_1 dass7_1 dass8_1
    dass9_1 dass10_1 dass11_1 dass12_1 dass13_1 dass14_1;

    Idvariable is studentid;

    Group is treatment (1 = Treated 0 = Control);

  Analysis:
     Estimator = wlsmv;
     Parameterization = theta;
     Difftest = dass1_student_tx_inv_metric.dat


  !!! Model for Control Group !!!

  Model:
    ! Factor loadings all freely estimated
    stress_1 by
      dass1_1* dass4_1* dass6_1* dass8_1* dass9_1* dass10_1* dass12_1* (L1-L7);

    anxiety_1 by
      dass2_1* dass3_1* dass5_1* dass7_1* dass11_1* dass13_1* dass14_1* (L8-L14);

    !estimating thresholds freely
    [dass1_1$1-dass14_1$1*] (T1_1-T1_14);
    [dass1_1$2-dass14_1$2*] (T2_1-T2_14);
    [dass1_1$3-dass14_1$3*] (T3_1-T3_14);

    !constraining item residual variance to 1 for identification
    dass1_1-dass14_1@1;

    !fixing latent mean to zero for identification
    [stress_1@0];
    [anxiety_1@0];

    !fixing latent variance to one for identification
    stress_1@1;
    anxiety_1@1;

  !!! Model for Treatment Group !!!

  Model Treated:
    ! Factor loadings constrained to *be equal to the control group*
    stress_1 by
      dass1_1* dass4_1* dass6_1* dass8_1* dass9_1* dass10_1* dass12_1* (L1-L7);

    anxiety_1 by
      dass2_1* dass3_1* dass5_1* dass7_1* dass11_1* dass13_1* dass14_1* (L8-L14);

    ! *thresholds held equal to the control group when left blank*

    ! constraining item residual variance to 1 for identification
    dass1_1-dass14_1@1;

    ! latent factor mean *estimated*
    [stress_1*];
    [anxiety_1*];

    ! latent factor variance *estimated*
    stress_1*;
    anxiety_1*;

  Output: sampstat stdyx modindices(all);
  Savedata: Difftest is dass1_student_tx_inv_scalar.dat;



INPUT READING TERMINATED NORMALLY



Student DASS Treatment Measurement Invariance Scalar Model;

SUMMARY OF ANALYSIS

Number of groups                                                 2
Number of observations
   Group CONTROL                                              1259
   Group TREATED                                              1285
   Total sample size                                          2544

Number of dependent variables                                   14
Number of independent variables                                  0
Number of continuous latent variables                            2

Observed dependent variables

  Binary and ordered categorical (ordinal)
   DASS1_1     DASS2_1     DASS3_1     DASS4_1     DASS5_1     DASS6_1
   DASS7_1     DASS8_1     DASS9_1     DASS10_1    DASS11_1    DASS12_1
   DASS13_1    DASS14_1

Continuous latent variables
   STRESS_1    ANXIETY_

Variables with special functions

  Grouping variable     TREATMEN
  ID variable           STUDENTI

Estimator                                                    WLSMV
Maximum number of iterations                                  1000
Convergence criterion                                    0.500D-04
Maximum number of steepest descent iterations                   20
Maximum number of iterations for H1                           2000
Convergence criterion for H1                             0.100D-03
Parameterization                                             THETA
Link                                                        PROBIT

Input data file(s)
  ../dat_stu.txt

Input data format  FREE


SUMMARY OF DATA

   Group CONTROL
     Number of missing data patterns             1

   Group TREATED
     Number of missing data patterns             1


COVARIANCE COVERAGE OF DATA

Minimum covariance coverage value   0.100


     PROPORTION OF DATA PRESENT FOR CONTROL


           Covariance Coverage
              DASS1_1       DASS2_1       DASS3_1       DASS4_1       DASS5_1
              ________      ________      ________      ________      ________
 DASS1_1        1.000
 DASS2_1        1.000         1.000
 DASS3_1        1.000         1.000         1.000
 DASS4_1        1.000         1.000         1.000         1.000
 DASS5_1        1.000         1.000         1.000         1.000         1.000
 DASS6_1        1.000         1.000         1.000         1.000         1.000
 DASS7_1        1.000         1.000         1.000         1.000         1.000
 DASS8_1        1.000         1.000         1.000         1.000         1.000
 DASS9_1        1.000         1.000         1.000         1.000         1.000
 DASS10_1       1.000         1.000         1.000         1.000         1.000
 DASS11_1       1.000         1.000         1.000         1.000         1.000
 DASS12_1       1.000         1.000         1.000         1.000         1.000
 DASS13_1       1.000         1.000         1.000         1.000         1.000
 DASS14_1       1.000         1.000         1.000         1.000         1.000


           Covariance Coverage
              DASS6_1       DASS7_1       DASS8_1       DASS9_1       DASS10_1
              ________      ________      ________      ________      ________
 DASS6_1        1.000
 DASS7_1        1.000         1.000
 DASS8_1        1.000         1.000         1.000
 DASS9_1        1.000         1.000         1.000         1.000
 DASS10_1       1.000         1.000         1.000         1.000         1.000
 DASS11_1       1.000         1.000         1.000         1.000         1.000
 DASS12_1       1.000         1.000         1.000         1.000         1.000
 DASS13_1       1.000         1.000         1.000         1.000         1.000
 DASS14_1       1.000         1.000         1.000         1.000         1.000


           Covariance Coverage
              DASS11_1      DASS12_1      DASS13_1      DASS14_1
              ________      ________      ________      ________
 DASS11_1       1.000
 DASS12_1       1.000         1.000
 DASS13_1       1.000         1.000         1.000
 DASS14_1       1.000         1.000         1.000         1.000


     PROPORTION OF DATA PRESENT FOR TREATED


           Covariance Coverage
              DASS1_1       DASS2_1       DASS3_1       DASS4_1       DASS5_1
              ________      ________      ________      ________      ________
 DASS1_1        1.000
 DASS2_1        1.000         1.000
 DASS3_1        1.000         1.000         1.000
 DASS4_1        1.000         1.000         1.000         1.000
 DASS5_1        1.000         1.000         1.000         1.000         1.000
 DASS6_1        1.000         1.000         1.000         1.000         1.000
 DASS7_1        1.000         1.000         1.000         1.000         1.000
 DASS8_1        1.000         1.000         1.000         1.000         1.000
 DASS9_1        1.000         1.000         1.000         1.000         1.000
 DASS10_1       1.000         1.000         1.000         1.000         1.000
 DASS11_1       1.000         1.000         1.000         1.000         1.000
 DASS12_1       1.000         1.000         1.000         1.000         1.000
 DASS13_1       1.000         1.000         1.000         1.000         1.000
 DASS14_1       1.000         1.000         1.000         1.000         1.000


           Covariance Coverage
              DASS6_1       DASS7_1       DASS8_1       DASS9_1       DASS10_1
              ________      ________      ________      ________      ________
 DASS6_1        1.000
 DASS7_1        1.000         1.000
 DASS8_1        1.000         1.000         1.000
 DASS9_1        1.000         1.000         1.000         1.000
 DASS10_1       1.000         1.000         1.000         1.000         1.000
 DASS11_1       1.000         1.000         1.000         1.000         1.000
 DASS12_1       1.000         1.000         1.000         1.000         1.000
 DASS13_1       1.000         1.000         1.000         1.000         1.000
 DASS14_1       1.000         1.000         1.000         1.000         1.000


           Covariance Coverage
              DASS11_1      DASS12_1      DASS13_1      DASS14_1
              ________      ________      ________      ________
 DASS11_1       1.000
 DASS12_1       1.000         1.000
 DASS13_1       1.000         1.000         1.000
 DASS14_1       1.000         1.000         1.000         1.000


UNIVARIATE PROPORTIONS AND COUNTS FOR CATEGORICAL VARIABLES

  Group CONTROL
    DASS1_1
      Category 1    0.278          350.000
      Category 2    0.476          599.000
      Category 3    0.188          237.000
      Category 4    0.058           73.000
    DASS2_1
      Category 1    0.532          670.000
      Category 2    0.320          403.000
      Category 3    0.109          137.000
      Category 4    0.039           49.000
    DASS3_1
      Category 1    0.583          734.000
      Category 2    0.274          345.000
      Category 3    0.106          134.000
      Category 4    0.037           46.000
    DASS4_1
      Category 1    0.244          307.000
      Category 2    0.427          538.000
      Category 3    0.218          275.000
      Category 4    0.110          139.000
    DASS5_1
      Category 1    0.494          622.000
      Category 2    0.307          386.000
      Category 3    0.131          165.000
      Category 4    0.068           86.000
    DASS6_1
      Category 1    0.351          442.000
      Category 2    0.392          493.000
      Category 3    0.164          206.000
      Category 4    0.094          118.000
    DASS7_1
      Category 1    0.320          403.000
      Category 2    0.385          485.000
      Category 3    0.214          270.000
      Category 4    0.080          101.000
    DASS8_1
      Category 1    0.290          365.000
      Category 2    0.427          538.000
      Category 3    0.193          243.000
      Category 4    0.090          113.000
    DASS9_1
      Category 1    0.373          469.000
      Category 2    0.390          491.000
      Category 3    0.155          195.000
      Category 4    0.083          104.000
    DASS10_1
      Category 1    0.273          344.000
      Category 2    0.445          560.000
      Category 3    0.205          258.000
      Category 4    0.077           97.000
    DASS11_1
      Category 1    0.450          566.000
      Category 2    0.361          454.000
      Category 3    0.137          173.000
      Category 4    0.052           66.000
    DASS12_1
      Category 1    0.310          390.000
      Category 2    0.395          497.000
      Category 3    0.195          246.000
      Category 4    0.100          126.000
    DASS13_1
      Category 1    0.465          586.000
      Category 2    0.338          425.000
      Category 3    0.134          169.000
      Category 4    0.063           79.000
    DASS14_1
      Category 1    0.527          663.000
      Category 2    0.315          396.000
      Category 3    0.105          132.000
      Category 4    0.054           68.000

  Group TREATED
    DASS1_1
      Category 1    0.266          342.000
      Category 2    0.454          584.000
      Category 3    0.191          246.000
      Category 4    0.088          113.000
    DASS2_1
      Category 1    0.528          678.000
      Category 2    0.307          394.000
      Category 3    0.121          155.000
      Category 4    0.045           58.000
    DASS3_1
      Category 1    0.582          748.000
      Category 2    0.265          341.000
      Category 3    0.109          140.000
      Category 4    0.044           56.000
    DASS4_1
      Category 1    0.244          314.000
      Category 2    0.428          550.000
      Category 3    0.214          275.000
      Category 4    0.114          146.000
    DASS5_1
      Category 1    0.494          635.000
      Category 2    0.296          380.000
      Category 3    0.126          162.000
      Category 4    0.084          108.000
    DASS6_1
      Category 1    0.328          421.000
      Category 2    0.385          495.000
      Category 3    0.182          234.000
      Category 4    0.105          135.000
    DASS7_1
      Category 1    0.311          400.000
      Category 2    0.417          536.000
      Category 3    0.181          233.000
      Category 4    0.090          116.000
    DASS8_1
      Category 1    0.273          351.000
      Category 2    0.439          564.000
      Category 3    0.197          253.000
      Category 4    0.091          117.000
    DASS9_1
      Category 1    0.342          439.000
      Category 2    0.401          515.000
      Category 3    0.179          230.000
      Category 4    0.079          101.000
    DASS10_1
      Category 1    0.270          347.000
      Category 2    0.436          560.000
      Category 3    0.192          247.000
      Category 4    0.102          131.000
    DASS11_1
      Category 1    0.440          565.000
      Category 2    0.353          453.000
      Category 3    0.142          183.000
      Category 4    0.065           84.000
    DASS12_1
      Category 1    0.303          389.000
      Category 2    0.416          535.000
      Category 3    0.183          235.000
      Category 4    0.098          126.000
    DASS13_1
      Category 1    0.475          610.000
      Category 2    0.329          423.000
      Category 3    0.118          152.000
      Category 4    0.078          100.000
    DASS14_1
      Category 1    0.521          670.000
      Category 2    0.312          401.000
      Category 3    0.108          139.000
      Category 4    0.058           75.000


SAMPLE STATISTICS


     ESTIMATED SAMPLE STATISTICS FOR CONTROL


           MEANS/INTERCEPTS/THRESHOLDS
              DASS1_1$      DASS1_1$      DASS1_1$      DASS2_1$      DASS2_1$
              ________      ________      ________      ________      ________
               -0.589         0.686         1.572         0.081         1.046


           MEANS/INTERCEPTS/THRESHOLDS
              DASS2_1$      DASS3_1$      DASS3_1$      DASS3_1$      DASS4_1$
              ________      ________      ________      ________      ________
                1.763         0.210         1.067         1.792        -0.694


           MEANS/INTERCEPTS/THRESHOLDS
              DASS4_1$      DASS4_1$      DASS5_1$      DASS5_1$      DASS5_1$
              ________      ________      ________      ________      ________
                0.443         1.224        -0.015         0.844         1.489


           MEANS/INTERCEPTS/THRESHOLDS
              DASS6_1$      DASS6_1$      DASS6_1$      DASS7_1$      DASS7_1$
              ________      ________      ________      ________      ________
               -0.382         0.652         1.318        -0.467         0.540


           MEANS/INTERCEPTS/THRESHOLDS
              DASS7_1$      DASS8_1$      DASS8_1$      DASS8_1$      DASS9_1$
              ________      ________      ________      ________      ________
                1.404        -0.554         0.575         1.342        -0.325


           MEANS/INTERCEPTS/THRESHOLDS
              DASS9_1$      DASS9_1$      DASS10_1      DASS10_1      DASS10_1
              ________      ________      ________      ________      ________
                0.714         1.388        -0.603         0.577         1.425


           MEANS/INTERCEPTS/THRESHOLDS
              DASS11_1      DASS11_1      DASS11_1      DASS12_1      DASS12_1
              ________      ________      ________      ________      ________
               -0.127         0.879         1.622        -0.497         0.537


           MEANS/INTERCEPTS/THRESHOLDS
              DASS12_1      DASS13_1      DASS13_1      DASS13_1      DASS14_1
              ________      ________      ________      ________      ________
                1.281        -0.087         0.852         1.532         0.067


           MEANS/INTERCEPTS/THRESHOLDS
              DASS14_1      DASS14_1
              ________      ________
                0.999         1.607


           CORRELATION MATRIX (WITH VARIANCES ON THE DIAGONAL)
              DASS1_1       DASS2_1       DASS3_1       DASS4_1       DASS5_1
              ________      ________      ________      ________      ________
 DASS1_1
 DASS2_1        0.432
 DASS3_1        0.427         0.544
 DASS4_1        0.566         0.472         0.456
 DASS5_1        0.513         0.544         0.532         0.514
 DASS6_1        0.547         0.510         0.521         0.643         0.582
 DASS7_1        0.526         0.457         0.490         0.512         0.541
 DASS8_1        0.527         0.457         0.499         0.533         0.521
 DASS9_1        0.581         0.450         0.509         0.573         0.569
 DASS10_1       0.425         0.371         0.357         0.494         0.406
 DASS11_1       0.546         0.481         0.496         0.555         0.571
 DASS12_1       0.484         0.419         0.389         0.556         0.510
 DASS13_1       0.412         0.460         0.576         0.479         0.593
 DASS14_1       0.479         0.479         0.553         0.455         0.575


           CORRELATION MATRIX (WITH VARIANCES ON THE DIAGONAL)
              DASS6_1       DASS7_1       DASS8_1       DASS9_1       DASS10_1
              ________      ________      ________      ________      ________
 DASS7_1        0.613
 DASS8_1        0.615         0.645
 DASS9_1        0.656         0.578         0.627
 DASS10_1       0.483         0.473         0.459         0.487
 DASS11_1       0.582         0.608         0.662         0.652         0.499
 DASS12_1       0.581         0.530         0.574         0.557         0.441
 DASS13_1       0.547         0.510         0.557         0.591         0.399
 DASS14_1       0.517         0.531         0.546         0.555         0.377


           CORRELATION MATRIX (WITH VARIANCES ON THE DIAGONAL)
              DASS11_1      DASS12_1      DASS13_1      DASS14_1
              ________      ________      ________      ________
 DASS12_1       0.653
 DASS13_1       0.613         0.546
 DASS14_1       0.602         0.526         0.639


     ESTIMATED SAMPLE STATISTICS FOR TREATED


           MEANS/INTERCEPTS/THRESHOLDS
              DASS1_1$      DASS1_1$      DASS1_1$      DASS2_1$      DASS2_1$
              ________      ________      ________      ________      ________
               -0.625         0.585         1.354         0.069         0.971


           MEANS/INTERCEPTS/THRESHOLDS
              DASS2_1$      DASS3_1$      DASS3_1$      DASS3_1$      DASS4_1$
              ________      ________      ________      ________      ________
                1.694         0.207         1.026         1.711        -0.692


           MEANS/INTERCEPTS/THRESHOLDS
              DASS4_1$      DASS4_1$      DASS5_1$      DASS5_1$      DASS5_1$
              ________      ________      ________      ________      ________
                0.446         1.208        -0.015         0.806         1.378


           MEANS/INTERCEPTS/THRESHOLDS
              DASS6_1$      DASS6_1$      DASS6_1$      DASS7_1$      DASS7_1$
              ________      ________      ________      ________      ________
               -0.446         0.562         1.253        -0.492         0.608


           MEANS/INTERCEPTS/THRESHOLDS
              DASS7_1$      DASS8_1$      DASS8_1$      DASS8_1$      DASS9_1$
              ________      ________      ________      ________      ________
                1.339        -0.603         0.559         1.334        -0.408


           MEANS/INTERCEPTS/THRESHOLDS
              DASS9_1$      DASS9_1$      DASS10_1      DASS10_1      DASS10_1
              ________      ________      ________      ________      ________
                0.651         1.415        -0.613         0.541         1.271


           MEANS/INTERCEPTS/THRESHOLDS
              DASS11_1      DASS11_1      DASS11_1      DASS12_1      DASS12_1
              ________      ________      ________      ________      ________
               -0.152         0.814         1.511        -0.517         0.580


           MEANS/INTERCEPTS/THRESHOLDS
              DASS12_1      DASS13_1      DASS13_1      DASS13_1      DASS14_1
              ________      ________      ________      ________      ________
                1.293        -0.063         0.856         1.420         0.054


           MEANS/INTERCEPTS/THRESHOLDS
              DASS14_1      DASS14_1
              ________      ________
                0.968         1.569


           CORRELATION MATRIX (WITH VARIANCES ON THE DIAGONAL)
              DASS1_1       DASS2_1       DASS3_1       DASS4_1       DASS5_1
              ________      ________      ________      ________      ________
 DASS1_1
 DASS2_1        0.472
 DASS3_1        0.438         0.561
 DASS4_1        0.546         0.452         0.482
 DASS5_1        0.490         0.533         0.582         0.516
 DASS6_1        0.598         0.505         0.495         0.686         0.611
 DASS7_1        0.537         0.441         0.489         0.549         0.519
 DASS8_1        0.553         0.434         0.476         0.573         0.575
 DASS9_1        0.607         0.495         0.472         0.555         0.564
 DASS10_1       0.423         0.391         0.391         0.546         0.425
 DASS11_1       0.539         0.460         0.492         0.556         0.575
 DASS12_1       0.510         0.403         0.431         0.599         0.478
 DASS13_1       0.454         0.530         0.583         0.451         0.641
 DASS14_1       0.489         0.515         0.576         0.491         0.555


           CORRELATION MATRIX (WITH VARIANCES ON THE DIAGONAL)
              DASS6_1       DASS7_1       DASS8_1       DASS9_1       DASS10_1
              ________      ________      ________      ________      ________
 DASS7_1        0.633
 DASS8_1        0.649         0.662
 DASS9_1        0.683         0.615         0.648
 DASS10_1       0.550         0.456         0.449         0.552
 DASS11_1       0.594         0.615         0.632         0.645         0.499
 DASS12_1       0.560         0.528         0.592         0.569         0.463
 DASS13_1       0.567         0.544         0.567         0.598         0.490
 DASS14_1       0.576         0.534         0.550         0.603         0.452


           CORRELATION MATRIX (WITH VARIANCES ON THE DIAGONAL)
              DASS11_1      DASS12_1      DASS13_1      DASS14_1
              ________      ________      ________      ________
 DASS12_1       0.664
 DASS13_1       0.624         0.547
 DASS14_1       0.667         0.562         0.693


THE MODEL ESTIMATION TERMINATED NORMALLY



MODEL FIT INFORMATION

Number of Free Parameters                       62

Chi-Square Test of Model Fit

          Value                            767.560*
          Degrees of Freedom                   204
          P-Value                           0.0000

Chi-Square Contribution From Each Group

          CONTROL                          321.488
          TREATED                          446.072

Chi-Square Test for Difference Testing

          Value                             41.221*
          Degrees of Freedom                    40
          P-Value                           0.4170

*   The chi-square value for MLM, MLMV, MLR, ULSMV, WLSM and WLSMV cannot be used
    for chi-square difference testing in the regular way.  MLM, MLR and WLSM
    chi-square difference testing is described on the Mplus website.  MLMV, WLSMV,
    and ULSMV difference testing is done using the DIFFTEST option.  The DIFFTEST
    option assumes the models are nested.  The NESTED option can be used to verify
    that the models are nested.

RMSEA (Root Mean Square Error Of Approximation)

          Estimate                           0.047
          90 Percent C.I.                    0.043  0.050
          Probability RMSEA <= .05           0.943

CFI/TLI

          CFI                                0.985
          TLI                                0.987

Chi-Square Test of Model Fit for the Baseline Model

          Value                          38988.134
          Degrees of Freedom                   182
          P-Value                           0.0000

SRMR (Standardized Root Mean Square Residual)

          Value                              0.031

Optimum Function Value for Weighted Least-Squares Estimator

          Value                     0.11768881D+00



MODEL RESULTS

                                                    Two-Tailed
                    Estimate       S.E.  Est./S.E.    P-Value

Group CONTROL

 STRESS_1 BY
    DASS1_1            0.962      0.036     26.400      0.000
    DASS4_1            1.087      0.039     27.918      0.000
    DASS6_1            1.389      0.050     27.743      0.000
    DASS8_1            1.268      0.046     27.844      0.000
    DASS9_1            1.344      0.049     27.670      0.000
    DASS10_1           0.782      0.031     25.158      0.000
    DASS12_1           1.071      0.039     27.220      0.000

 ANXIETY_ BY
    DASS2_1            0.834      0.036     22.885      0.000
    DASS3_1            0.917      0.040     23.039      0.000
    DASS5_1            1.109      0.044     25.249      0.000
    DASS7_1            1.170      0.043     27.122      0.000
    DASS11_1           1.409      0.054     26.141      0.000
    DASS13_1           1.173      0.045     25.871      0.000
    DASS14_1           1.148      0.046     24.985      0.000

 ANXIETY_ WITH
    STRESS_1           0.949      0.007    128.211      0.000

 Means
    STRESS_1           0.000      0.000    999.000    999.000
    ANXIETY_1          0.000      0.000    999.000    999.000

 Thresholds
    DASS1_1$1         -0.830      0.042    -19.641      0.000
    DASS1_1$2          0.912      0.044     20.895      0.000
    DASS1_1$3          2.061      0.057     35.885      0.000
    DASS2_1$1          0.106      0.038      2.791      0.005
    DASS2_1$2          1.332      0.045     29.714      0.000
    DASS2_1$3          2.279      0.061     37.220      0.000
    DASS3_1$1          0.294      0.041      7.236      0.000
    DASS3_1$2          1.443      0.049     29.448      0.000
    DASS3_1$3          2.409      0.066     36.379      0.000
    DASS4_1$1         -1.013      0.046    -21.875      0.000
    DASS4_1$2          0.689      0.045     15.269      0.000
    DASS4_1$3          1.844      0.054     34.325      0.000
    DASS5_1$1         -0.013      0.045     -0.292      0.770
    DASS5_1$2          1.257      0.051     24.616      0.000
    DASS5_1$3          2.175      0.061     35.624      0.000
    DASS6_1$1         -0.689      0.052    -13.205      0.000
    DASS6_1$2          1.085      0.056     19.243      0.000
    DASS6_1$3          2.266      0.065     34.612      0.000
    DASS7_1$1         -0.739      0.047    -15.738      0.000
    DASS7_1$2          0.904      0.049     18.310      0.000
    DASS7_1$3          2.150      0.060     35.726      0.000
    DASS8_1$1         -0.919      0.050    -18.272      0.000
    DASS8_1$2          0.957      0.052     18.412      0.000
    DASS8_1$3          2.221      0.063     35.046      0.000
    DASS9_1$1         -0.593      0.051    -11.692      0.000
    DASS9_1$2          1.191      0.056     21.133      0.000
    DASS9_1$3          2.411      0.068     35.341      0.000
    DASS10_1$1        -0.761      0.038    -20.264      0.000
    DASS10_1$2         0.734      0.038     19.360      0.000
    DASS10_1$3         1.738      0.047     36.986      0.000
    DASS11_1$1        -0.233      0.053     -4.408      0.000
    DASS11_1$2         1.497      0.062     24.232      0.000
    DASS11_1$3         2.759      0.076     36.467      0.000
    DASS12_1$1        -0.728      0.044    -16.399      0.000
    DASS12_1$2         0.852      0.046     18.652      0.000
    DASS12_1$3         1.933      0.054     35.735      0.000
    DASS13_1$1        -0.108      0.046     -2.330      0.020
    DASS13_1$2         1.344      0.053     25.194      0.000
    DASS13_1$3         2.313      0.064     36.031      0.000
    DASS14_1$1         0.102      0.046      2.221      0.026
    DASS14_1$2         1.527      0.055     27.621      0.000
    DASS14_1$3         2.460      0.067     36.927      0.000

 Variances
    STRESS_1           1.000      0.000    999.000    999.000
    ANXIETY_1          1.000      0.000    999.000    999.000

 Residual Variances
    DASS1_1            1.000      0.000    999.000    999.000
    DASS2_1            1.000      0.000    999.000    999.000
    DASS3_1            1.000      0.000    999.000    999.000
    DASS4_1            1.000      0.000    999.000    999.000
    DASS5_1            1.000      0.000    999.000    999.000
    DASS6_1            1.000      0.000    999.000    999.000
    DASS7_1            1.000      0.000    999.000    999.000
    DASS8_1            1.000      0.000    999.000    999.000
    DASS9_1            1.000      0.000    999.000    999.000
    DASS10_1           1.000      0.000    999.000    999.000
    DASS11_1           1.000      0.000    999.000    999.000
    DASS12_1           1.000      0.000    999.000    999.000
    DASS13_1           1.000      0.000    999.000    999.000
    DASS14_1           1.000      0.000    999.000    999.000

Group TREATED

 STRESS_1 BY
    DASS1_1            0.962      0.036     26.400      0.000
    DASS4_1            1.087      0.039     27.918      0.000
    DASS6_1            1.389      0.050     27.743      0.000
    DASS8_1            1.268      0.046     27.844      0.000
    DASS9_1            1.344      0.049     27.670      0.000
    DASS10_1           0.782      0.031     25.158      0.000
    DASS12_1           1.071      0.039     27.220      0.000

 ANXIETY_ BY
    DASS2_1            0.834      0.036     22.885      0.000
    DASS3_1            0.917      0.040     23.039      0.000
    DASS5_1            1.109      0.044     25.249      0.000
    DASS7_1            1.170      0.043     27.122      0.000
    DASS11_1           1.409      0.054     26.141      0.000
    DASS13_1           1.173      0.045     25.871      0.000
    DASS14_1           1.148      0.046     24.985      0.000

 ANXIETY_ WITH
    STRESS_1           1.024      0.071     14.444      0.000

 Means
    STRESS_1           0.045      0.044      1.022      0.307
    ANXIETY_1          0.017      0.045      0.379      0.705

 Thresholds
    DASS1_1$1         -0.830      0.042    -19.641      0.000
    DASS1_1$2          0.912      0.044     20.895      0.000
    DASS1_1$3          2.061      0.057     35.885      0.000
    DASS2_1$1          0.106      0.038      2.791      0.005
    DASS2_1$2          1.332      0.045     29.714      0.000
    DASS2_1$3          2.279      0.061     37.220      0.000
    DASS3_1$1          0.294      0.041      7.236      0.000
    DASS3_1$2          1.443      0.049     29.448      0.000
    DASS3_1$3          2.409      0.066     36.379      0.000
    DASS4_1$1         -1.013      0.046    -21.875      0.000
    DASS4_1$2          0.689      0.045     15.269      0.000
    DASS4_1$3          1.844      0.054     34.325      0.000
    DASS5_1$1         -0.013      0.045     -0.292      0.770
    DASS5_1$2          1.257      0.051     24.616      0.000
    DASS5_1$3          2.175      0.061     35.624      0.000
    DASS6_1$1         -0.689      0.052    -13.205      0.000
    DASS6_1$2          1.085      0.056     19.243      0.000
    DASS6_1$3          2.266      0.065     34.612      0.000
    DASS7_1$1         -0.739      0.047    -15.738      0.000
    DASS7_1$2          0.904      0.049     18.310      0.000
    DASS7_1$3          2.150      0.060     35.726      0.000
    DASS8_1$1         -0.919      0.050    -18.272      0.000
    DASS8_1$2          0.957      0.052     18.412      0.000
    DASS8_1$3          2.221      0.063     35.046      0.000
    DASS9_1$1         -0.593      0.051    -11.692      0.000
    DASS9_1$2          1.191      0.056     21.133      0.000
    DASS9_1$3          2.411      0.068     35.341      0.000
    DASS10_1$1        -0.761      0.038    -20.264      0.000
    DASS10_1$2         0.734      0.038     19.360      0.000
    DASS10_1$3         1.738      0.047     36.986      0.000
    DASS11_1$1        -0.233      0.053     -4.408      0.000
    DASS11_1$2         1.497      0.062     24.232      0.000
    DASS11_1$3         2.759      0.076     36.467      0.000
    DASS12_1$1        -0.728      0.044    -16.399      0.000
    DASS12_1$2         0.852      0.046     18.652      0.000
    DASS12_1$3         1.933      0.054     35.735      0.000
    DASS13_1$1        -0.108      0.046     -2.330      0.020
    DASS13_1$2         1.344      0.053     25.194      0.000
    DASS13_1$3         2.313      0.064     36.031      0.000
    DASS14_1$1         0.102      0.046      2.221      0.026
    DASS14_1$2         1.527      0.055     27.621      0.000
    DASS14_1$3         2.460      0.067     36.927      0.000

 Variances
    STRESS_1           1.099      0.079     13.921      0.000
    ANXIETY_1          1.098      0.087     12.637      0.000

 Residual Variances
    DASS1_1            1.000      0.000    999.000    999.000
    DASS2_1            1.000      0.000    999.000    999.000
    DASS3_1            1.000      0.000    999.000    999.000
    DASS4_1            1.000      0.000    999.000    999.000
    DASS5_1            1.000      0.000    999.000    999.000
    DASS6_1            1.000      0.000    999.000    999.000
    DASS7_1            1.000      0.000    999.000    999.000
    DASS8_1            1.000      0.000    999.000    999.000
    DASS9_1            1.000      0.000    999.000    999.000
    DASS10_1           1.000      0.000    999.000    999.000
    DASS11_1           1.000      0.000    999.000    999.000
    DASS12_1           1.000      0.000    999.000    999.000
    DASS13_1           1.000      0.000    999.000    999.000
    DASS14_1           1.000      0.000    999.000    999.000


STANDARDIZED MODEL RESULTS


STDYX Standardization

                                                    Two-Tailed
                    Estimate       S.E.  Est./S.E.    P-Value

Group CONTROL

 STRESS_1 BY
    DASS1_1            0.693      0.014     50.822      0.000
    DASS4_1            0.736      0.012     60.906      0.000
    DASS6_1            0.812      0.010     81.278      0.000
    DASS8_1            0.785      0.011     72.589      0.000
    DASS9_1            0.802      0.010     77.639      0.000
    DASS10_1           0.616      0.015     40.529      0.000
    DASS12_1           0.731      0.013     58.439      0.000

 ANXIETY_ BY
    DASS2_1            0.640      0.017     38.787      0.000
    DASS3_1            0.676      0.016     42.411      0.000
    DASS5_1            0.743      0.013     56.296      0.000
    DASS7_1            0.760      0.012     64.281      0.000
    DASS11_1           0.816      0.010     78.061      0.000
    DASS13_1           0.761      0.012     61.450      0.000
    DASS14_1           0.754      0.013     57.922      0.000

 ANXIETY_ WITH
    STRESS_1           0.949      0.007    128.211      0.000

 Means
    STRESS_1           0.000      0.000    999.000    999.000
    ANXIETY_1          0.000      0.000    999.000    999.000

 Thresholds
    DASS1_1$1         -0.598      0.031    -19.106      0.000
    DASS1_1$2          0.658      0.031     21.213      0.000
    DASS1_1$3          1.485      0.042     35.021      0.000
    DASS2_1$1          0.081      0.029      2.806      0.005
    DASS2_1$2          1.023      0.034     30.368      0.000
    DASS2_1$3          1.750      0.048     36.298      0.000
    DASS3_1$1          0.216      0.029      7.389      0.000
    DASS3_1$2          1.063      0.035     30.402      0.000
    DASS3_1$3          1.775      0.049     36.156      0.000
    DASS4_1$1         -0.686      0.033    -21.105      0.000
    DASS4_1$2          0.467      0.031     15.284      0.000
    DASS4_1$3          1.248      0.038     32.797      0.000
    DASS5_1$1         -0.009      0.030     -0.292      0.770
    DASS5_1$2          0.842      0.033     25.228      0.000
    DASS5_1$3          1.457      0.043     34.215      0.000
    DASS6_1$1         -0.403      0.031    -12.785      0.000
    DASS6_1$2          0.634      0.033     19.374      0.000
    DASS6_1$3          1.324      0.041     32.300      0.000
    DASS7_1$1         -0.480      0.032    -14.986      0.000
    DASS7_1$2          0.587      0.032     18.512      0.000
    DASS7_1$3          1.396      0.042     33.219      0.000
    DASS8_1$1         -0.569      0.032    -17.597      0.000
    DASS8_1$2          0.593      0.032     18.584      0.000
    DASS8_1$3          1.375      0.041     33.170      0.000
    DASS9_1$1         -0.354      0.031    -11.318      0.000
    DASS9_1$2          0.711      0.033     21.432      0.000
    DASS9_1$3          1.439      0.043     33.581      0.000
    DASS10_1$1        -0.600      0.030    -19.863      0.000
    DASS10_1$2         0.578      0.030     19.488      0.000
    DASS10_1$3         1.370      0.038     35.974      0.000
    DASS11_1$1        -0.135      0.031     -4.319      0.000
    DASS11_1$2         0.866      0.035     24.731      0.000
    DASS11_1$3         1.596      0.048     32.919      0.000
    DASS12_1$1        -0.497      0.031    -16.009      0.000
    DASS12_1$2         0.582      0.031     18.660      0.000
    DASS12_1$3         1.319      0.039     33.631      0.000
    DASS13_1$1        -0.070      0.030     -2.312      0.021
    DASS13_1$2         0.872      0.034     25.826      0.000
    DASS13_1$3         1.501      0.044     34.324      0.000
    DASS14_1$1         0.067      0.030      2.239      0.025
    DASS14_1$2         1.003      0.035     28.381      0.000
    DASS14_1$3         1.616      0.046     34.935      0.000

 Variances
    STRESS_1           1.000      0.000    999.000    999.000
    ANXIETY_1          1.000      0.000    999.000    999.000

 Residual Variances
    DASS1_1            0.519      0.019     27.469      0.000
    DASS2_1            0.590      0.021     27.909      0.000
    DASS3_1            0.543      0.022     25.220      0.000
    DASS4_1            0.458      0.018     25.773      0.000
    DASS5_1            0.449      0.020     22.891      0.000
    DASS6_1            0.341      0.016     21.060      0.000
    DASS7_1            0.422      0.018     23.459      0.000
    DASS8_1            0.384      0.017     22.586      0.000
    DASS9_1            0.356      0.017     21.496      0.000
    DASS10_1           0.621      0.019     33.168      0.000
    DASS11_1           0.335      0.017     19.652      0.000
    DASS12_1           0.466      0.018     25.477      0.000
    DASS13_1           0.421      0.019     22.341      0.000
    DASS14_1           0.431      0.020     21.969      0.000

Group TREATED

 STRESS_1 BY
    DASS1_1            0.710      0.013     53.333      0.000
    DASS4_1            0.752      0.012     64.778      0.000
    DASS6_1            0.824      0.009     88.782      0.000
    DASS8_1            0.799      0.010     77.916      0.000
    DASS9_1            0.815      0.010     83.978      0.000
    DASS10_1           0.634      0.015     42.278      0.000
    DASS12_1           0.747      0.012     62.194      0.000

 ANXIETY_ BY
    DASS2_1            0.658      0.016     40.922      0.000
    DASS3_1            0.693      0.016     44.684      0.000
    DASS5_1            0.758      0.013     59.392      0.000
    DASS7_1            0.775      0.011     69.366      0.000
    DASS11_1           0.828      0.010     84.009      0.000
    DASS13_1           0.776      0.012     64.970      0.000
    DASS14_1           0.769      0.012     63.786      0.000

 ANXIETY_ WITH
    STRESS_1           0.933      0.008    116.999      0.000

 Means
    STRESS_1           0.043      0.042      1.019      0.308
    ANXIETY_1          0.016      0.043      0.378      0.705

 Thresholds
    DASS1_1$1         -0.585      0.030    -19.218      0.000
    DASS1_1$2          0.643      0.031     20.843      0.000
    DASS1_1$3          1.451      0.042     34.546      0.000
    DASS2_1$1          0.080      0.028      2.798      0.005
    DASS2_1$2          1.003      0.034     29.370      0.000
    DASS2_1$3          1.716      0.049     34.993      0.000
    DASS3_1$1          0.212      0.029      7.312      0.000
    DASS3_1$2          1.040      0.035     29.309      0.000
    DASS3_1$3          1.737      0.051     34.209      0.000
    DASS4_1$1         -0.668      0.031    -21.282      0.000
    DASS4_1$2          0.455      0.030     15.018      0.000
    DASS4_1$3          1.216      0.038     31.631      0.000
    DASS5_1$1         -0.009      0.029     -0.292      0.770
    DASS5_1$2          0.820      0.034     24.114      0.000
    DASS5_1$3          1.419      0.044     32.583      0.000
    DASS6_1$1         -0.390      0.030    -12.890      0.000
    DASS6_1$2          0.614      0.032     18.972      0.000
    DASS6_1$3          1.283      0.041     31.068      0.000
    DASS7_1$1         -0.467      0.030    -15.344      0.000
    DASS7_1$2          0.571      0.032     17.771      0.000
    DASS7_1$3          1.358      0.043     31.930      0.000
    DASS8_1$1         -0.553      0.031    -17.808      0.000
    DASS8_1$2          0.575      0.032     18.165      0.000
    DASS8_1$3          1.335      0.042     31.979      0.000
    DASS9_1$1         -0.343      0.030    -11.397      0.000
    DASS9_1$2          0.689      0.033     20.933      0.000
    DASS9_1$3          1.396      0.044     31.892      0.000
    DASS10_1$1        -0.589      0.029    -19.967      0.000
    DASS10_1$2         0.567      0.030     19.197      0.000
    DASS10_1$3         1.345      0.039     34.724      0.000
    DASS11_1$1        -0.130      0.030     -4.361      0.000
    DASS11_1$2         0.839      0.035     23.757      0.000
    DASS11_1$3         1.547      0.048     32.101      0.000
    DASS12_1$1        -0.484      0.030    -16.083      0.000
    DASS12_1$2         0.567      0.031     18.277      0.000
    DASS12_1$3         1.286      0.040     32.500      0.000
    DASS13_1$1        -0.068      0.029     -2.322      0.020
    DASS13_1$2         0.848      0.035     24.448      0.000
    DASS13_1$3         1.460      0.045     32.360      0.000
    DASS14_1$1         0.066      0.029      2.230      0.026
    DASS14_1$2         0.976      0.036     27.140      0.000
    DASS14_1$3         1.573      0.048     32.682      0.000

 Variances
    STRESS_1           1.000      0.000    999.000    999.000
    ANXIETY_1          1.000      0.000    999.000    999.000

 Residual Variances
    DASS1_1            0.496      0.019     26.237      0.000
    DASS2_1            0.567      0.021     26.825      0.000
    DASS3_1            0.520      0.021     24.208      0.000
    DASS4_1            0.435      0.017     24.949      0.000
    DASS5_1            0.426      0.019     22.001      0.000
    DASS6_1            0.321      0.015     20.938      0.000
    DASS7_1            0.399      0.017     23.062      0.000
    DASS8_1            0.362      0.016     22.066      0.000
    DASS9_1            0.335      0.016     21.163      0.000
    DASS10_1           0.598      0.019     31.490      0.000
    DASS11_1           0.314      0.016     19.267      0.000
    DASS12_1           0.442      0.018     24.679      0.000
    DASS13_1           0.398      0.019     21.519      0.000
    DASS14_1           0.409      0.019     22.041      0.000


R-SQUARE

Group CONTROL

    Observed                                        Two-Tailed     Scale
    Variable        Estimate       S.E.  Est./S.E.    P-Value     Factors

    DASS1_1            0.481      0.019     25.411      0.000      0.721
    DASS2_1            0.410      0.021     19.394      0.000      0.768
    DASS3_1            0.457      0.022     21.205      0.000      0.737
    DASS4_1            0.542      0.018     30.453      0.000      0.677
    DASS5_1            0.551      0.020     28.148      0.000      0.670
    DASS6_1            0.659      0.016     40.639      0.000      0.584
    DASS7_1            0.578      0.018     32.140      0.000      0.650
    DASS8_1            0.616      0.017     36.295      0.000      0.619
    DASS9_1            0.644      0.017     38.820      0.000      0.597
    DASS10_1           0.379      0.019     20.265      0.000      0.788
    DASS11_1           0.665      0.017     39.030      0.000      0.579
    DASS12_1           0.534      0.018     29.219      0.000      0.682
    DASS13_1           0.579      0.019     30.725      0.000      0.649
    DASS14_1           0.569      0.020     28.961      0.000      0.657

Group TREATED

    Observed                                        Two-Tailed     Scale
    Variable        Estimate       S.E.  Est./S.E.    P-Value     Factors

    DASS1_1            0.504      0.019     26.666      0.000      0.704
    DASS2_1            0.433      0.021     20.461      0.000      0.753
    DASS3_1            0.480      0.021     22.342      0.000      0.721
    DASS4_1            0.565      0.017     32.389      0.000      0.660
    DASS5_1            0.574      0.019     29.696      0.000      0.652
    DASS6_1            0.679      0.015     44.391      0.000      0.566
    DASS7_1            0.601      0.017     34.683      0.000      0.632
    DASS8_1            0.638      0.016     38.958      0.000      0.601
    DASS9_1            0.665      0.016     41.989      0.000      0.579
    DASS10_1           0.402      0.019     21.139      0.000      0.774
    DASS11_1           0.686      0.016     42.005      0.000      0.561
    DASS12_1           0.558      0.018     31.097      0.000      0.665
    DASS13_1           0.602      0.019     32.485      0.000      0.631
    DASS14_1           0.591      0.019     31.893      0.000      0.639


QUALITY OF NUMERICAL RESULTS

     Condition Number for the Information Matrix              0.568E-02
       (ratio of smallest to largest eigenvalue)


MODEL MODIFICATION INDICES

Minimum M.I. value for printing the modification index    10.000

                                   M.I.     E.P.C.  Std E.P.C.  StdYX E.P.C.
Group CONTROL


ON Statements

STRESS_1 ON DASS4_1               14.611     0.096      0.096        0.141
STRESS_1 ON DASS7_1               21.236     0.092      0.092        0.141
STRESS_1 ON DASS8_1               11.772    -0.089     -0.089       -0.144
STRESS_1 ON DASS11_1              27.090     0.117      0.117        0.203
STRESS_1 ON DASS13_1              12.440    -0.077     -0.077       -0.118
STRESS_1 ON DASS14_1              23.064    -0.106     -0.106       -0.161
ANXIETY_ ON DASS3_1               12.263     0.090      0.090        0.122
ANXIETY_ ON DASS4_1               10.432    -0.067     -0.067       -0.099
ANXIETY_ ON DASS7_1               26.111    -0.131     -0.131       -0.202
ANXIETY_ ON DASS8_1               13.098     0.077      0.077        0.124
ANXIETY_ ON DASS11_1              32.543    -0.161     -0.161       -0.278
ANXIETY_ ON DASS14_1              17.729     0.114      0.114        0.174
DASS2_1  ON DASS3_1               12.047     0.083      0.083        0.087
DASS3_1  ON DASS2_1               14.850     0.104      0.104        0.100
DASS7_1  ON DASS8_1               14.384     0.083      0.083        0.087
DASS8_1  ON DASS7_1               17.764     0.103      0.103        0.098
DASS11_1 ON DASS8_1               11.060     0.088      0.088        0.083
DASS11_1 ON DASS12_1              22.280     0.136      0.136        0.115
DASS12_1 ON DASS11_1              15.583     0.076      0.076        0.089
DASS13_1 ON DASS1_1               12.714    -0.108     -0.108       -0.098
DASS14_1 ON DASS4_1               13.412    -0.102     -0.102       -0.099
DASS14_1 ON DASS6_1               11.845    -0.081     -0.081       -0.091
DASS14_1 ON DASS10_1              12.085    -0.116     -0.116       -0.097

WITH Statements

DASS3_1  WITH ANXIETY_            12.283     0.090      0.090        0.090
DASS3_1  WITH DASS2_1             26.359     0.216      0.216        0.216
DASS4_1  WITH STRESS_1            14.613     0.096      0.096        0.096
DASS4_1  WITH ANXIETY_            10.414    -0.067     -0.067       -0.067
DASS5_1  WITH DASS2_1             10.391     0.148      0.148        0.148
DASS7_1  WITH STRESS_1            21.241     0.092      0.092        0.092
DASS7_1  WITH ANXIETY_            26.075    -0.131     -0.131       -0.131
DASS8_1  WITH STRESS_1            11.769    -0.089     -0.089       -0.089
DASS8_1  WITH ANXIETY_            13.123     0.077      0.077        0.077
DASS8_1  WITH DASS7_1             27.055     0.228      0.228        0.228
DASS11_1 WITH STRESS_1            27.098     0.117      0.117        0.117
DASS11_1 WITH ANXIETY_            32.489    -0.161     -0.161       -0.161
DASS11_1 WITH DASS8_1             13.735     0.182      0.182        0.182
DASS12_1 WITH DASS11_1            31.577     0.258      0.258        0.258
DASS13_1 WITH STRESS_1            12.436    -0.076     -0.076       -0.076
DASS13_1 WITH DASS1_1             13.761    -0.203     -0.203       -0.203
DASS13_1 WITH DASS7_1             11.055    -0.182     -0.182       -0.182
DASS14_1 WITH STRESS_1            23.058    -0.106     -0.106       -0.106
DASS14_1 WITH ANXIETY_            17.760     0.114      0.114        0.114
DASS14_1 WITH DASS13_1            13.844     0.177      0.177        0.177

Group TREATED


ON Statements

STRESS_1 ON DASS3_1               18.191    -0.094     -0.089       -0.124
STRESS_1 ON DASS4_1               19.272     0.117      0.112        0.169
STRESS_1 ON DASS7_1               42.872     0.136      0.129        0.205
STRESS_1 ON DASS8_1               12.836    -0.099     -0.094       -0.157
ANXIETY_ ON DASS3_1               18.538     0.117      0.112        0.155
ANXIETY_ ON DASS4_1               15.217    -0.085     -0.081       -0.122
ANXIETY_ ON DASS7_1               72.002    -0.230     -0.219       -0.347
ANXIETY_ ON DASS11_1              10.362    -0.096     -0.091       -0.163
ANXIETY_ ON DASS13_1              20.634     0.130      0.124        0.196
DASS6_1  ON DASS4_1               19.947     0.140      0.140        0.120
DASS7_1  ON DASS8_1               14.820     0.083      0.083        0.088
DASS8_1  ON DASS7_1               10.166     0.078      0.078        0.074
DASS10_1 ON DASS4_1               13.921     0.074      0.074        0.086
DASS11_1 ON DASS12_1              12.366     0.101      0.101        0.085
DASS13_1 ON DASS14_1              25.936     0.139      0.139        0.137
DASS14_1 ON DASS13_1              29.271     0.143      0.143        0.145

WITH Statements

DASS3_1  WITH STRESS_1            18.201    -0.094     -0.089       -0.089
DASS3_1  WITH ANXIETY_            18.511     0.117      0.111        0.111
DASS3_1  WITH DASS2_1             23.107     0.211      0.211        0.211
DASS4_1  WITH STRESS_1            19.258     0.117      0.112        0.112
DASS4_1  WITH ANXIETY_            15.241    -0.085     -0.081       -0.081
DASS6_1  WITH DASS4_1             30.983     0.274      0.274        0.274
DASS7_1  WITH STRESS_1            42.853     0.136      0.129        0.129
DASS7_1  WITH ANXIETY_            72.069    -0.230     -0.219       -0.219
DASS7_1  WITH DASS5_1             10.609    -0.179     -0.179       -0.179
DASS8_1  WITH STRESS_1            12.849    -0.099     -0.094       -0.094
DASS8_1  WITH DASS7_1             45.592     0.312      0.312        0.312
DASS9_1  WITH DASS4_1             10.561    -0.176     -0.176       -0.176
DASS10_1 WITH DASS4_1             18.119     0.186      0.186        0.186
DASS11_1 WITH ANXIETY_            10.396    -0.096     -0.091       -0.091
DASS11_1 WITH DASS2_1             14.068    -0.224     -0.224       -0.224
DASS11_1 WITH DASS3_1             12.270    -0.217     -0.217       -0.217
DASS12_1 WITH DASS6_1             10.346    -0.176     -0.176       -0.176
DASS12_1 WITH DASS11_1            36.185     0.292      0.292        0.292
DASS13_1 WITH ANXIETY_            20.596     0.129      0.123        0.123
DASS13_1 WITH DASS4_1             17.373    -0.236     -0.236       -0.236
DASS13_1 WITH DASS5_1             11.322     0.175      0.175        0.175
DASS13_1 WITH DASS7_1             10.045    -0.183     -0.183       -0.183
DASS14_1 WITH DASS13_1            52.490     0.364      0.364        0.364



SAVEDATA INFORMATION


  Difference testing

  Save file
    dass1_student_tx_inv_scalar.dat
  Save format      Free

     Beginning Time:  10:38:36
        Ending Time:  10:38:37
       Elapsed Time:  00:00:01



MUTHEN & MUTHEN
3463 Stoner Ave.
Los Angeles, CA  90066

Tel: (310) 391-9971
Fax: (310) 391-8971
Web: www.StatModel.com
Support: Support@StatModel.com

Copyright (c) 1998-2019 Muthen & Muthen
