Mplus VERSION 8.4 (Mac)
MUTHEN & MUTHEN
05/05/2023  10:39 AM

INPUT INSTRUCTIONS

  Title: Student DASS Gender Measurement Invariance Scalar Model;

  Data:
     File is ../dat_stu.txt;

  Variable:
     Names are studentid index treatment girl age_w child_grade in_ukr
     guardian_living guardian_region
     grit1_1 grit2_1 grit3_1 grit4_1 grit5_1 grit6_1 grit7_1 grit8_1
     loc1_1 loc2_1 loc3_1 loc4_1
     dass1_1 dass2_1 dass3_1 dass4_1 dass5_1 dass6_1 dass7_1 dass8_1
     dass9_1 dass10_1 dass11_1 dass12_1 dass13_1 dass14_1
     sleep1_1 sleep2_1 sleep3_1 sleep4_1 sleep5_1 sleep6_1 sleep7_1
     efficacy_1 edugoals_1 remotediff_1 timeclass_1 timehomework_1
     grit1_2 grit2_2 grit3_2 grit4_2 grit5_2 grit6_2 grit7_2 grit8_2
     loc1_2 loc2_2 loc3_2 loc4_2
     dass1_2 dass2_2 dass3_2 dass4_2 dass5_2 dass6_2 dass7_2 dass8_2
     dass9_2 dass10_2 dass11_2 dass12_2 dass13_2 dass14_2
     efficacy_2 edugoals_2 timeclass_2 timehomework_2 compmath_2 half;
     Missing are . ;

    Usevariable are
  	dass1_2 dass2_2 dass3_2 dass4_2 dass5_2 dass6_2 dass7_2 dass8_2
    dass9_2 dass10_2 dass11_2 dass12_2 dass13_2 dass14_2;

    Categorical is
  	dass1_2 dass2_2 dass3_2 dass4_2 dass5_2 dass6_2 dass7_2 dass8_2
    dass9_2 dass10_2 dass11_2 dass12_2 dass13_2 dass14_2;

    Idvariable is studentid;

    Group is girl (1 = Female 0 = Male);

  Analysis:
     Estimator = wlsmv;
     Parameterization = theta;
     Difftest = dass2_student_gender_inv_metric.dat


  !!! Model for Male Group !!!

  Model:
    ! Factor loadings all freely estimated
    stress_2 by
      dass1_2* dass4_2* dass6_2* dass8_2* dass9_2* dass10_2* dass12_2* (L1-L7);

    anxiety_2 by
      dass2_2* dass3_2* dass5_2* dass7_2* dass11_2* dass13_2* dass14_2* (L8-L14);

    !estimating thresholds freely
    [dass1_2$1-dass14_2$1*] (T1_1-T1_14);
    [dass1_2$2-dass14_2$2*] (T2_1-T2_14);
    [dass1_2$3-dass14_2$3*] (T3_1-T3_14);

    !constraining item residual variance to 1 for identification
    dass1_2-dass14_2@1;

    !fixing latent mean to zero for identification
    [stress_2@0];
    [anxiety_2@0];

    !fixing latent variance to one for identification
    stress_2@1;
    anxiety_2@1;

  !!! Model for Female Group !!!

  Model Female:
    ! Factor loadings constrained to *be equal to the control group*
    stress_2 by
      dass1_2* dass4_2* dass6_2* dass8_2* dass9_2* dass10_2* dass12_2* (L1-L7);

    anxiety_2 by
      dass2_2* dass3_2* dass5_2* dass7_2* dass11_2* dass13_2* dass14_2* (L8-L14);

    ! *thresholds held equal to the control group when left blank*

    ! constraining item residual variance to 1 for identification
    dass1_2-dass14_2@1;

    ! latent factor mean *estimated*
    [stress_2*];
    [anxiety_2*];

    ! latent factor variance *estimated*
    stress_2*;
    anxiety_2*;

  Output: sampstat stdyx modindices(all);
  Savedata: Difftest is dass2_student_gender_inv_scalar.dat;



*** WARNING
  Data set contains cases with missing on all variables.
  These cases were not included in the analysis.
  Number of cases with missing on all variables:  975
   1 WARNING(S) FOUND IN THE INPUT INSTRUCTIONS



Student DASS Gender Measurement Invariance Scalar Model;

SUMMARY OF ANALYSIS

Number of groups                                                 2
Number of observations
   Group MALE                                                  745
   Group FEMALE                                                824
   Total sample size                                          1569

Number of dependent variables                                   14
Number of independent variables                                  0
Number of continuous latent variables                            2

Observed dependent variables

  Binary and ordered categorical (ordinal)
   DASS1_2     DASS2_2     DASS3_2     DASS4_2     DASS5_2     DASS6_2
   DASS7_2     DASS8_2     DASS9_2     DASS10_2    DASS11_2    DASS12_2
   DASS13_2    DASS14_2

Continuous latent variables
   STRESS_2    ANXIETY_

Variables with special functions

  Grouping variable     GIRL
  ID variable           STUDENTI

Estimator                                                    WLSMV
Maximum number of iterations                                  1000
Convergence criterion                                    0.500D-04
Maximum number of steepest descent iterations                   20
Maximum number of iterations for H1                           2000
Convergence criterion for H1                             0.100D-03
Parameterization                                             THETA
Link                                                        PROBIT

Input data file(s)
  ../dat_stu.txt

Input data format  FREE


SUMMARY OF DATA

   Group MALE
     Number of missing data patterns             1

   Group FEMALE
     Number of missing data patterns             1


COVARIANCE COVERAGE OF DATA

Minimum covariance coverage value   0.100


     PROPORTION OF DATA PRESENT FOR MALE


           Covariance Coverage
              DASS1_2       DASS2_2       DASS3_2       DASS4_2       DASS5_2
              ________      ________      ________      ________      ________
 DASS1_2        1.000
 DASS2_2        1.000         1.000
 DASS3_2        1.000         1.000         1.000
 DASS4_2        1.000         1.000         1.000         1.000
 DASS5_2        1.000         1.000         1.000         1.000         1.000
 DASS6_2        1.000         1.000         1.000         1.000         1.000
 DASS7_2        1.000         1.000         1.000         1.000         1.000
 DASS8_2        1.000         1.000         1.000         1.000         1.000
 DASS9_2        1.000         1.000         1.000         1.000         1.000
 DASS10_2       1.000         1.000         1.000         1.000         1.000
 DASS11_2       1.000         1.000         1.000         1.000         1.000
 DASS12_2       1.000         1.000         1.000         1.000         1.000
 DASS13_2       1.000         1.000         1.000         1.000         1.000
 DASS14_2       1.000         1.000         1.000         1.000         1.000


           Covariance Coverage
              DASS6_2       DASS7_2       DASS8_2       DASS9_2       DASS10_2
              ________      ________      ________      ________      ________
 DASS6_2        1.000
 DASS7_2        1.000         1.000
 DASS8_2        1.000         1.000         1.000
 DASS9_2        1.000         1.000         1.000         1.000
 DASS10_2       1.000         1.000         1.000         1.000         1.000
 DASS11_2       1.000         1.000         1.000         1.000         1.000
 DASS12_2       1.000         1.000         1.000         1.000         1.000
 DASS13_2       1.000         1.000         1.000         1.000         1.000
 DASS14_2       1.000         1.000         1.000         1.000         1.000


           Covariance Coverage
              DASS11_2      DASS12_2      DASS13_2      DASS14_2
              ________      ________      ________      ________
 DASS11_2       1.000
 DASS12_2       1.000         1.000
 DASS13_2       1.000         1.000         1.000
 DASS14_2       1.000         1.000         1.000         1.000


     PROPORTION OF DATA PRESENT FOR FEMALE


           Covariance Coverage
              DASS1_2       DASS2_2       DASS3_2       DASS4_2       DASS5_2
              ________      ________      ________      ________      ________
 DASS1_2        1.000
 DASS2_2        1.000         1.000
 DASS3_2        1.000         1.000         1.000
 DASS4_2        1.000         1.000         1.000         1.000
 DASS5_2        1.000         1.000         1.000         1.000         1.000
 DASS6_2        1.000         1.000         1.000         1.000         1.000
 DASS7_2        1.000         1.000         1.000         1.000         1.000
 DASS8_2        1.000         1.000         1.000         1.000         1.000
 DASS9_2        1.000         1.000         1.000         1.000         1.000
 DASS10_2       1.000         1.000         1.000         1.000         1.000
 DASS11_2       1.000         1.000         1.000         1.000         1.000
 DASS12_2       1.000         1.000         1.000         1.000         1.000
 DASS13_2       1.000         1.000         1.000         1.000         1.000
 DASS14_2       1.000         1.000         1.000         1.000         1.000


           Covariance Coverage
              DASS6_2       DASS7_2       DASS8_2       DASS9_2       DASS10_2
              ________      ________      ________      ________      ________
 DASS6_2        1.000
 DASS7_2        1.000         1.000
 DASS8_2        1.000         1.000         1.000
 DASS9_2        1.000         1.000         1.000         1.000
 DASS10_2       1.000         1.000         1.000         1.000         1.000
 DASS11_2       1.000         1.000         1.000         1.000         1.000
 DASS12_2       1.000         1.000         1.000         1.000         1.000
 DASS13_2       1.000         1.000         1.000         1.000         1.000
 DASS14_2       1.000         1.000         1.000         1.000         1.000


           Covariance Coverage
              DASS11_2      DASS12_2      DASS13_2      DASS14_2
              ________      ________      ________      ________
 DASS11_2       1.000
 DASS12_2       1.000         1.000
 DASS13_2       1.000         1.000         1.000
 DASS14_2       1.000         1.000         1.000         1.000


UNIVARIATE PROPORTIONS AND COUNTS FOR CATEGORICAL VARIABLES

  Group MALE
    DASS1_2
      Category 1    0.407          303.000
      Category 2    0.384          286.000
      Category 3    0.152          113.000
      Category 4    0.058           43.000
    DASS2_2
      Category 1    0.503          375.000
      Category 2    0.303          226.000
      Category 3    0.129           96.000
      Category 4    0.064           48.000
    DASS3_2
      Category 1    0.631          470.000
      Category 2    0.200          149.000
      Category 3    0.122           91.000
      Category 4    0.047           35.000
    DASS4_2
      Category 1    0.379          282.000
      Category 2    0.341          254.000
      Category 3    0.192          143.000
      Category 4    0.089           66.000
    DASS5_2
      Category 1    0.552          411.000
      Category 2    0.252          188.000
      Category 3    0.149          111.000
      Category 4    0.047           35.000
    DASS6_2
      Category 1    0.462          344.000
      Category 2    0.297          221.000
      Category 3    0.162          121.000
      Category 4    0.079           59.000
    DASS7_2
      Category 1    0.420          313.000
      Category 2    0.338          252.000
      Category 3    0.165          123.000
      Category 4    0.077           57.000
    DASS8_2
      Category 1    0.388          289.000
      Category 2    0.341          254.000
      Category 3    0.200          149.000
      Category 4    0.071           53.000
    DASS9_2
      Category 1    0.477          355.000
      Category 2    0.302          225.000
      Category 3    0.138          103.000
      Category 4    0.083           62.000
    DASS10_2
      Category 1    0.352          262.000
      Category 2    0.360          268.000
      Category 3    0.199          148.000
      Category 4    0.090           67.000
    DASS11_2
      Category 1    0.620          462.000
      Category 2    0.221          165.000
      Category 3    0.123           92.000
      Category 4    0.035           26.000
    DASS12_2
      Category 1    0.474          353.000
      Category 2    0.281          209.000
      Category 3    0.166          124.000
      Category 4    0.079           59.000
    DASS13_2
      Category 1    0.584          435.000
      Category 2    0.221          165.000
      Category 3    0.129           96.000
      Category 4    0.066           49.000
    DASS14_2
      Category 1    0.620          462.000
      Category 2    0.231          172.000
      Category 3    0.102           76.000
      Category 4    0.047           35.000

  Group FEMALE
    DASS1_2
      Category 1    0.320          264.000
      Category 2    0.381          314.000
      Category 3    0.209          172.000
      Category 4    0.090           74.000
    DASS2_2
      Category 1    0.499          411.000
      Category 2    0.269          222.000
      Category 3    0.165          136.000
      Category 4    0.067           55.000
    DASS3_2
      Category 1    0.529          436.000
      Category 2    0.250          206.000
      Category 3    0.146          120.000
      Category 4    0.075           62.000
    DASS4_2
      Category 1    0.260          214.000
      Category 2    0.356          293.000
      Category 3    0.237          195.000
      Category 4    0.148          122.000
    DASS5_2
      Category 1    0.426          351.000
      Category 2    0.256          211.000
      Category 3    0.201          166.000
      Category 4    0.117           96.000
    DASS6_2
      Category 1    0.313          258.000
      Category 2    0.331          273.000
      Category 3    0.211          174.000
      Category 4    0.144          119.000
    DASS7_2
      Category 1    0.317          261.000
      Category 2    0.318          262.000
      Category 3    0.238          196.000
      Category 4    0.127          105.000
    DASS8_2
      Category 1    0.284          234.000
      Category 2    0.343          283.000
      Category 3    0.235          194.000
      Category 4    0.137          113.000
    DASS9_2
      Category 1    0.373          307.000
      Category 2    0.348          287.000
      Category 3    0.189          156.000
      Category 4    0.090           74.000
    DASS10_2
      Category 1    0.303          250.000
      Category 2    0.370          305.000
      Category 3    0.208          171.000
      Category 4    0.119           98.000
    DASS11_2
      Category 1    0.472          389.000
      Category 2    0.290          239.000
      Category 3    0.161          133.000
      Category 4    0.076           63.000
    DASS12_2
      Category 1    0.354          292.000
      Category 2    0.302          249.000
      Category 3    0.203          167.000
      Category 4    0.141          116.000
    DASS13_2
      Category 1    0.493          406.000
      Category 2    0.261          215.000
      Category 3    0.164          135.000
      Category 4    0.083           68.000
    DASS14_2
      Category 1    0.496          409.000
      Category 2    0.254          209.000
      Category 3    0.158          130.000
      Category 4    0.092           76.000


SAMPLE STATISTICS


     ESTIMATED SAMPLE STATISTICS FOR MALE


           MEANS/INTERCEPTS/THRESHOLDS
              DASS1_2$      DASS1_2$      DASS1_2$      DASS2_2$      DASS2_2$
              ________      ________      ________      ________      ________
               -0.236         0.809         1.574         0.008         0.866


           MEANS/INTERCEPTS/THRESHOLDS
              DASS2_2$      DASS3_2$      DASS3_2$      DASS3_2$      DASS4_2$
              ________      ________      ________      ________      ________
                1.519         0.334         0.958         1.675        -0.309


           MEANS/INTERCEPTS/THRESHOLDS
              DASS4_2$      DASS4_2$      DASS5_2$      DASS5_2$      DASS5_2$
              ________      ________      ________      ________      ________
                0.581         1.349         0.130         0.856         1.675


           MEANS/INTERCEPTS/THRESHOLDS
              DASS6_2$      DASS6_2$      DASS6_2$      DASS7_2$      DASS7_2$
              ________      ________      ________      ________      ________
               -0.096         0.701         1.411        -0.202         0.701


           MEANS/INTERCEPTS/THRESHOLDS
              DASS7_2$      DASS8_2$      DASS8_2$      DASS8_2$      DASS9_2$
              ________      ________      ________      ________      ________
                1.429        -0.285         0.609         1.467        -0.059


           MEANS/INTERCEPTS/THRESHOLDS
              DASS9_2$      DASS9_2$      DASS10_2      DASS10_2      DASS10_2
              ________      ________      ________      ________      ________
                0.767         1.384        -0.381         0.558         1.341


           MEANS/INTERCEPTS/THRESHOLDS
              DASS11_2      DASS11_2      DASS11_2      DASS12_2      DASS12_2
              ________      ________      ________      ________      ________
                0.306         1.001         1.813        -0.066         0.688


           MEANS/INTERCEPTS/THRESHOLDS
              DASS12_2      DASS13_2      DASS13_2      DASS13_2      DASS14_2
              ________      ________      ________      ________      ________
                1.411         0.212         0.861         1.508         0.306


           MEANS/INTERCEPTS/THRESHOLDS
              DASS14_2      DASS14_2
              ________      ________
                1.041         1.675


           CORRELATION MATRIX (WITH VARIANCES ON THE DIAGONAL)
              DASS1_2       DASS2_2       DASS3_2       DASS4_2       DASS5_2
              ________      ________      ________      ________      ________
 DASS1_2
 DASS2_2        0.440
 DASS3_2        0.497         0.548
 DASS4_2        0.566         0.421         0.441
 DASS5_2        0.471         0.482         0.511         0.433
 DASS6_2        0.578         0.427         0.448         0.544         0.533
 DASS7_2        0.526         0.403         0.447         0.557         0.501
 DASS8_2        0.500         0.435         0.380         0.486         0.444
 DASS9_2        0.569         0.515         0.526         0.495         0.550
 DASS10_2       0.478         0.389         0.387         0.548         0.361
 DASS11_2       0.526         0.510         0.457         0.481         0.563
 DASS12_2       0.510         0.466         0.436         0.562         0.464
 DASS13_2       0.468         0.490         0.593         0.451         0.511
 DASS14_2       0.535         0.518         0.509         0.447         0.522


           CORRELATION MATRIX (WITH VARIANCES ON THE DIAGONAL)
              DASS6_2       DASS7_2       DASS8_2       DASS9_2       DASS10_2
              ________      ________      ________      ________      ________
 DASS7_2        0.524
 DASS8_2        0.550         0.600
 DASS9_2        0.602         0.539         0.560
 DASS10_2       0.479         0.411         0.451         0.452
 DASS11_2       0.580         0.563         0.642         0.619         0.464
 DASS12_2       0.498         0.540         0.532         0.512         0.477
 DASS13_2       0.483         0.432         0.469         0.532         0.475
 DASS14_2       0.558         0.530         0.509         0.605         0.418


           CORRELATION MATRIX (WITH VARIANCES ON THE DIAGONAL)
              DASS11_2      DASS12_2      DASS13_2      DASS14_2
              ________      ________      ________      ________
 DASS12_2       0.602
 DASS13_2       0.561         0.490
 DASS14_2       0.635         0.550         0.586


     ESTIMATED SAMPLE STATISTICS FOR FEMALE


           MEANS/INTERCEPTS/THRESHOLDS
              DASS1_2$      DASS1_2$      DASS1_2$      DASS2_2$      DASS2_2$
              ________      ________      ________      ________      ________
               -0.467         0.529         1.342        -0.003         0.733


           MEANS/INTERCEPTS/THRESHOLDS
              DASS2_2$      DASS3_2$      DASS3_2$      DASS3_2$      DASS4_2$
              ________      ________      ________      ________      ________
                1.500         0.073         0.769         1.438        -0.644


           MEANS/INTERCEPTS/THRESHOLDS
              DASS4_2$      DASS4_2$      DASS5_2$      DASS5_2$      DASS5_2$
              ________      ________      ________      ________      ________
                0.293         1.045        -0.187         0.473         1.193


           MEANS/INTERCEPTS/THRESHOLDS
              DASS6_2$      DASS6_2$      DASS6_2$      DASS7_2$      DASS7_2$
              ________      ________      ________      ________      ________
               -0.487         0.370         1.061        -0.477         0.344


           MEANS/INTERCEPTS/THRESHOLDS
              DASS7_2$      DASS8_2$      DASS8_2$      DASS8_2$      DASS9_2$
              ________      ________      ________      ________      ________
                1.139        -0.571         0.325         1.093        -0.325


           MEANS/INTERCEPTS/THRESHOLDS
              DASS9_2$      DASS9_2$      DASS10_2      DASS10_2      DASS10_2
              ________      ________      ________      ________      ________
                0.585         1.342        -0.515         0.450         1.180


           MEANS/INTERCEPTS/THRESHOLDS
              DASS11_2      DASS11_2      DASS11_2      DASS12_2      DASS12_2
              ________      ________      ________      ________      ________
               -0.070         0.713         1.429        -0.374         0.403


           MEANS/INTERCEPTS/THRESHOLDS
              DASS12_2      DASS13_2      DASS13_2      DASS13_2      DASS14_2
              ________      ________      ________      ________      ________
                1.077        -0.018         0.686         1.388        -0.009


           MEANS/INTERCEPTS/THRESHOLDS
              DASS14_2      DASS14_2
              ________      ________
                0.674         1.327


           CORRELATION MATRIX (WITH VARIANCES ON THE DIAGONAL)
              DASS1_2       DASS2_2       DASS3_2       DASS4_2       DASS5_2
              ________      ________      ________      ________      ________
 DASS1_2
 DASS2_2        0.509
 DASS3_2        0.565         0.614
 DASS4_2        0.606         0.466         0.542
 DASS5_2        0.545         0.546         0.640         0.564
 DASS6_2        0.618         0.537         0.591         0.621         0.589
 DASS7_2        0.530         0.441         0.558         0.558         0.547
 DASS8_2        0.539         0.376         0.486         0.617         0.568
 DASS9_2        0.626         0.479         0.549         0.578         0.545
 DASS10_2       0.472         0.457         0.467         0.531         0.458
 DASS11_2       0.595         0.513         0.635         0.631         0.640
 DASS12_2       0.520         0.392         0.500         0.595         0.554
 DASS13_2       0.538         0.532         0.654         0.491         0.647
 DASS14_2       0.526         0.521         0.611         0.514         0.612


           CORRELATION MATRIX (WITH VARIANCES ON THE DIAGONAL)
              DASS6_2       DASS7_2       DASS8_2       DASS9_2       DASS10_2
              ________      ________      ________      ________      ________
 DASS7_2        0.627
 DASS8_2        0.640         0.630
 DASS9_2        0.661         0.621         0.630
 DASS10_2       0.553         0.537         0.472         0.541
 DASS11_2       0.639         0.618         0.646         0.682         0.586
 DASS12_2       0.535         0.567         0.583         0.566         0.512
 DASS13_2       0.559         0.559         0.522         0.565         0.477
 DASS14_2       0.572         0.561         0.561         0.587         0.525


           CORRELATION MATRIX (WITH VARIANCES ON THE DIAGONAL)
              DASS11_2      DASS12_2      DASS13_2      DASS14_2
              ________      ________      ________      ________
 DASS12_2       0.626
 DASS13_2       0.656         0.563
 DASS14_2       0.662         0.553         0.680


THE MODEL ESTIMATION TERMINATED NORMALLY



MODEL FIT INFORMATION

Number of Free Parameters                       62

Chi-Square Test of Model Fit

          Value                            532.064*
          Degrees of Freedom                   204
          P-Value                           0.0000

Chi-Square Contribution From Each Group

          MALE                             268.842
          FEMALE                           263.222

Chi-Square Test for Difference Testing

          Value                            109.484*
          Degrees of Freedom                    40
          P-Value                           0.0000

*   The chi-square value for MLM, MLMV, MLR, ULSMV, WLSM and WLSMV cannot be used
    for chi-square difference testing in the regular way.  MLM, MLR and WLSM
    chi-square difference testing is described on the Mplus website.  MLMV, WLSMV,
    and ULSMV difference testing is done using the DIFFTEST option.  The DIFFTEST
    option assumes the models are nested.  The NESTED option can be used to verify
    that the models are nested.

RMSEA (Root Mean Square Error Of Approximation)

          Estimate                           0.045
          90 Percent C.I.                    0.041  0.050
          Probability RMSEA <= .05           0.950

CFI/TLI

          CFI                                0.986
          TLI                                0.987

Chi-Square Test of Model Fit for the Baseline Model

          Value                          23195.789
          Degrees of Freedom                   182
          P-Value                           0.0000

SRMR (Standardized Root Mean Square Residual)

          Value                              0.034

Optimum Function Value for Weighted Least-Squares Estimator

          Value                     0.13108353D+00



MODEL RESULTS

                                                    Two-Tailed
                    Estimate       S.E.  Est./S.E.    P-Value

Group MALE

 STRESS_2 BY
    DASS1_2            1.043      0.053     19.803      0.000
    DASS4_2            1.059      0.052     20.494      0.000
    DASS6_2            1.212      0.059     20.569      0.000
    DASS8_2            1.092      0.054     20.320      0.000
    DASS9_2            1.226      0.057     21.446      0.000
    DASS10_2           0.831      0.044     19.085      0.000
    DASS12_2           1.029      0.052     19.990      0.000

 ANXIETY_ BY
    DASS2_2            0.807      0.044     18.514      0.000
    DASS3_2            1.004      0.052     19.147      0.000
    DASS5_2            1.032      0.053     19.419      0.000
    DASS7_2            1.067      0.054     19.866      0.000
    DASS11_2           1.395      0.074     18.850      0.000
    DASS13_2           1.062      0.054     19.673      0.000
    DASS14_2           1.137      0.059     19.414      0.000

 ANXIETY_ WITH
    STRESS_2           0.945      0.011     86.111      0.000

 Means
    STRESS_2           0.000      0.000    999.000    999.000
    ANXIETY_2          0.000      0.000    999.000    999.000

 Thresholds
    DASS1_2$1         -0.342      0.056     -6.133      0.000
    DASS1_2$2          1.167      0.064     18.385      0.000
    DASS1_2$3          2.346      0.079     29.780      0.000
    DASS2_2$1          0.131      0.048      2.713      0.007
    DASS2_2$2          1.187      0.055     21.505      0.000
    DASS2_2$3          2.128      0.070     30.367      0.000
    DASS3_2$1          0.453      0.058      7.824      0.000
    DASS3_2$2          1.428      0.066     21.744      0.000
    DASS3_2$3          2.452      0.082     30.048      0.000
    DASS4_2$1         -0.528      0.057     -9.315      0.000
    DASS4_2$2          0.833      0.059     14.130      0.000
    DASS4_2$3          1.969      0.070     28.146      0.000
    DASS5_2$1          0.116      0.056      2.058      0.040
    DASS5_2$2          1.142      0.063     18.218      0.000
    DASS5_2$3          2.266      0.077     29.470      0.000
    DASS6_2$1         -0.262      0.062     -4.260      0.000
    DASS6_2$2          1.069      0.067     15.999      0.000
    DASS6_2$3          2.198      0.079     27.994      0.000
    DASS7_2$1         -0.350      0.057     -6.127      0.000
    DASS7_2$2          0.953      0.062     15.439      0.000
    DASS7_2$3          2.118      0.075     28.292      0.000
    DASS8_2$1         -0.463      0.057     -8.058      0.000
    DASS8_2$2          0.895      0.061     14.652      0.000
    DASS8_2$3          2.121      0.075     28.435      0.000
    DASS9_2$1         -0.104      0.062     -1.672      0.095
    DASS9_2$2          1.315      0.070     18.833      0.000
    DASS9_2$3          2.435      0.082     29.863      0.000
    DASS10_2$1        -0.450      0.049     -9.119      0.000
    DASS10_2$2         0.815      0.051     15.872      0.000
    DASS10_2$3         1.822      0.062     29.446      0.000
    DASS11_2$1         0.423      0.074      5.731      0.000
    DASS11_2$2         1.757      0.087     20.236      0.000
    DASS11_2$3         3.132      0.110     28.417      0.000
    DASS12_2$1        -0.147      0.056     -2.641      0.008
    DASS12_2$2         0.977      0.060     16.383      0.000
    DASS12_2$3         2.000      0.069     28.792      0.000
    DASS13_2$1         0.310      0.059      5.278      0.000
    DASS13_2$2         1.340      0.066     20.300      0.000
    DASS13_2$3         2.371      0.080     29.727      0.000
    DASS14_2$1         0.407      0.063      6.502      0.000
    DASS14_2$2         1.520      0.072     20.991      0.000
    DASS14_2$3         2.542      0.087     29.293      0.000

 Variances
    STRESS_2           1.000      0.000    999.000    999.000
    ANXIETY_2          1.000      0.000    999.000    999.000

 Residual Variances
    DASS1_2            1.000      0.000    999.000    999.000
    DASS2_2            1.000      0.000    999.000    999.000
    DASS3_2            1.000      0.000    999.000    999.000
    DASS4_2            1.000      0.000    999.000    999.000
    DASS5_2            1.000      0.000    999.000    999.000
    DASS6_2            1.000      0.000    999.000    999.000
    DASS7_2            1.000      0.000    999.000    999.000
    DASS8_2            1.000      0.000    999.000    999.000
    DASS9_2            1.000      0.000    999.000    999.000
    DASS10_2           1.000      0.000    999.000    999.000
    DASS11_2           1.000      0.000    999.000    999.000
    DASS12_2           1.000      0.000    999.000    999.000
    DASS13_2           1.000      0.000    999.000    999.000
    DASS14_2           1.000      0.000    999.000    999.000

Group FEMALE

 STRESS_2 BY
    DASS1_2            1.043      0.053     19.803      0.000
    DASS4_2            1.059      0.052     20.494      0.000
    DASS6_2            1.212      0.059     20.569      0.000
    DASS8_2            1.092      0.054     20.320      0.000
    DASS9_2            1.226      0.057     21.446      0.000
    DASS10_2           0.831      0.044     19.085      0.000
    DASS12_2           1.029      0.052     19.990      0.000

 ANXIETY_ BY
    DASS2_2            0.807      0.044     18.514      0.000
    DASS3_2            1.004      0.052     19.147      0.000
    DASS5_2            1.032      0.053     19.419      0.000
    DASS7_2            1.067      0.054     19.866      0.000
    DASS11_2           1.395      0.074     18.850      0.000
    DASS13_2           1.062      0.054     19.673      0.000
    DASS14_2           1.137      0.059     19.414      0.000

 ANXIETY_ WITH
    STRESS_2           1.190      0.106     11.233      0.000

 Means
    STRESS_2           0.350      0.058      6.050      0.000
    ANXIETY_2          0.320      0.060      5.308      0.000

 Thresholds
    DASS1_2$1         -0.342      0.056     -6.133      0.000
    DASS1_2$2          1.167      0.064     18.385      0.000
    DASS1_2$3          2.346      0.079     29.780      0.000
    DASS2_2$1          0.131      0.048      2.713      0.007
    DASS2_2$2          1.187      0.055     21.505      0.000
    DASS2_2$3          2.128      0.070     30.367      0.000
    DASS3_2$1          0.453      0.058      7.824      0.000
    DASS3_2$2          1.428      0.066     21.744      0.000
    DASS3_2$3          2.452      0.082     30.048      0.000
    DASS4_2$1         -0.528      0.057     -9.315      0.000
    DASS4_2$2          0.833      0.059     14.130      0.000
    DASS4_2$3          1.969      0.070     28.146      0.000
    DASS5_2$1          0.116      0.056      2.058      0.040
    DASS5_2$2          1.142      0.063     18.218      0.000
    DASS5_2$3          2.266      0.077     29.470      0.000
    DASS6_2$1         -0.262      0.062     -4.260      0.000
    DASS6_2$2          1.069      0.067     15.999      0.000
    DASS6_2$3          2.198      0.079     27.994      0.000
    DASS7_2$1         -0.350      0.057     -6.127      0.000
    DASS7_2$2          0.953      0.062     15.439      0.000
    DASS7_2$3          2.118      0.075     28.292      0.000
    DASS8_2$1         -0.463      0.057     -8.058      0.000
    DASS8_2$2          0.895      0.061     14.652      0.000
    DASS8_2$3          2.121      0.075     28.435      0.000
    DASS9_2$1         -0.104      0.062     -1.672      0.095
    DASS9_2$2          1.315      0.070     18.833      0.000
    DASS9_2$3          2.435      0.082     29.863      0.000
    DASS10_2$1        -0.450      0.049     -9.119      0.000
    DASS10_2$2         0.815      0.051     15.872      0.000
    DASS10_2$3         1.822      0.062     29.446      0.000
    DASS11_2$1         0.423      0.074      5.731      0.000
    DASS11_2$2         1.757      0.087     20.236      0.000
    DASS11_2$3         3.132      0.110     28.417      0.000
    DASS12_2$1        -0.147      0.056     -2.641      0.008
    DASS12_2$2         0.977      0.060     16.383      0.000
    DASS12_2$3         2.000      0.069     28.792      0.000
    DASS13_2$1         0.310      0.059      5.278      0.000
    DASS13_2$2         1.340      0.066     20.300      0.000
    DASS13_2$3         2.371      0.080     29.727      0.000
    DASS14_2$1         0.407      0.063      6.502      0.000
    DASS14_2$2         1.520      0.072     20.991      0.000
    DASS14_2$3         2.542      0.087     29.293      0.000

 Variances
    STRESS_2           1.197      0.111     10.779      0.000
    ANXIETY_2          1.317      0.135      9.772      0.000

 Residual Variances
    DASS1_2            1.000      0.000    999.000    999.000
    DASS2_2            1.000      0.000    999.000    999.000
    DASS3_2            1.000      0.000    999.000    999.000
    DASS4_2            1.000      0.000    999.000    999.000
    DASS5_2            1.000      0.000    999.000    999.000
    DASS6_2            1.000      0.000    999.000    999.000
    DASS7_2            1.000      0.000    999.000    999.000
    DASS8_2            1.000      0.000    999.000    999.000
    DASS9_2            1.000      0.000    999.000    999.000
    DASS10_2           1.000      0.000    999.000    999.000
    DASS11_2           1.000      0.000    999.000    999.000
    DASS12_2           1.000      0.000    999.000    999.000
    DASS13_2           1.000      0.000    999.000    999.000
    DASS14_2           1.000      0.000    999.000    999.000


STANDARDIZED MODEL RESULTS


STDYX Standardization

                                                    Two-Tailed
                    Estimate       S.E.  Est./S.E.    P-Value

Group MALE

 STRESS_2 BY
    DASS1_2            0.722      0.017     41.335      0.000
    DASS4_2            0.727      0.017     43.499      0.000
    DASS6_2            0.771      0.015     50.780      0.000
    DASS8_2            0.738      0.017     44.563      0.000
    DASS9_2            0.775      0.014     53.661      0.000
    DASS10_2           0.639      0.020     32.268      0.000
    DASS12_2           0.717      0.017     41.175      0.000

 ANXIETY_ BY
    DASS2_2            0.628      0.021     30.571      0.000
    DASS3_2            0.708      0.018     38.429      0.000
    DASS5_2            0.718      0.018     40.118      0.000
    DASS7_2            0.730      0.017     42.469      0.000
    DASS11_2           0.813      0.015     55.538      0.000
    DASS13_2           0.728      0.017     41.846      0.000
    DASS14_2           0.751      0.017     44.503      0.000

 ANXIETY_ WITH
    STRESS_2           0.945      0.011     86.111      0.000

 Means
    STRESS_2           0.000      0.000    999.000    999.000
    ANXIETY_2          0.000      0.000    999.000    999.000

 Thresholds
    DASS1_2$1         -0.237      0.039     -5.994      0.000
    DASS1_2$2          0.808      0.041     19.592      0.000
    DASS1_2$3          1.624      0.055     29.524      0.000
    DASS2_2$1          0.102      0.037      2.743      0.006
    DASS2_2$2          0.924      0.041     22.506      0.000
    DASS2_2$3          1.656      0.055     30.055      0.000
    DASS3_2$1          0.320      0.039      8.223      0.000
    DASS3_2$2          1.008      0.043     23.481      0.000
    DASS3_2$3          1.731      0.056     31.135      0.000
    DASS4_2$1         -0.363      0.040     -9.031      0.000
    DASS4_2$2          0.572      0.039     14.525      0.000
    DASS4_2$3          1.351      0.049     27.765      0.000
    DASS5_2$1          0.081      0.039      2.080      0.038
    DASS5_2$2          0.794      0.041     19.340      0.000
    DASS5_2$3          1.576      0.055     28.880      0.000
    DASS6_2$1         -0.167      0.040     -4.180      0.000
    DASS6_2$2          0.680      0.041     16.588      0.000
    DASS6_2$3          1.399      0.051     27.602      0.000
    DASS7_2$1         -0.239      0.040     -5.961      0.000
    DASS7_2$2          0.651      0.041     16.052      0.000
    DASS7_2$3          1.449      0.051     28.434      0.000
    DASS8_2$1         -0.312      0.040     -7.789      0.000
    DASS8_2$2          0.605      0.040     15.264      0.000
    DASS8_2$3          1.433      0.050     28.514      0.000
    DASS9_2$1         -0.066      0.040     -1.655      0.098
    DASS9_2$2          0.831      0.042     19.734      0.000
    DASS9_2$3          1.540      0.053     28.832      0.000
    DASS10_2$1        -0.346      0.039     -8.876      0.000
    DASS10_2$2         0.626      0.038     16.328      0.000
    DASS10_2$3         1.401      0.047     29.802      0.000
    DASS11_2$1         0.246      0.041      6.028      0.000
    DASS11_2$2         1.024      0.046     22.478      0.000
    DASS11_2$3         1.825      0.065     28.053      0.000
    DASS12_2$1        -0.102      0.039     -2.612      0.009
    DASS12_2$2         0.681      0.040     17.006      0.000
    DASS12_2$3         1.393      0.049     28.431      0.000
    DASS13_2$1         0.213      0.039      5.454      0.000
    DASS13_2$2         0.919      0.042     21.678      0.000
    DASS13_2$3         1.625      0.055     29.762      0.000
    DASS14_2$1         0.269      0.040      6.785      0.000
    DASS14_2$2         1.004      0.044     22.562      0.000
    DASS14_2$3         1.679      0.058     28.755      0.000

 Variances
    STRESS_2           1.000      0.000    999.000    999.000
    ANXIETY_2          1.000      0.000    999.000    999.000

 Residual Variances
    DASS1_2            0.479      0.025     19.007      0.000
    DASS2_2            0.606      0.026     23.473      0.000
    DASS3_2            0.498      0.026     19.079      0.000
    DASS4_2            0.471      0.024     19.376      0.000
    DASS5_2            0.484      0.026     18.819      0.000
    DASS6_2            0.405      0.023     17.287      0.000
    DASS7_2            0.468      0.025     18.663      0.000
    DASS8_2            0.456      0.024     18.676      0.000
    DASS9_2            0.400      0.022     17.862      0.000
    DASS10_2           0.591      0.025     23.357      0.000
    DASS11_2           0.339      0.024     14.267      0.000
    DASS12_2           0.485      0.025     19.426      0.000
    DASS13_2           0.470      0.025     18.563      0.000
    DASS14_2           0.436      0.025     17.218      0.000

Group FEMALE

 STRESS_2 BY
    DASS1_2            0.752      0.016     48.055      0.000
    DASS4_2            0.757      0.015     50.115      0.000
    DASS6_2            0.798      0.013     60.432      0.000
    DASS8_2            0.767      0.015     51.293      0.000
    DASS9_2            0.802      0.013     62.496      0.000
    DASS10_2           0.673      0.018     36.911      0.000
    DASS12_2           0.748      0.016     47.652      0.000

 ANXIETY_ BY
    DASS2_2            0.680      0.019     35.151      0.000
    DASS3_2            0.755      0.016     46.495      0.000
    DASS5_2            0.764      0.015     50.487      0.000
    DASS7_2            0.774      0.015     51.406      0.000
    DASS11_2           0.848      0.012     72.625      0.000
    DASS13_2           0.773      0.015     51.341      0.000
    DASS14_2           0.794      0.015     53.694      0.000

 ANXIETY_ WITH
    STRESS_2           0.948      0.010     98.399      0.000

 Means
    STRESS_2           0.320      0.055      5.801      0.000
    ANXIETY_2          0.279      0.055      5.031      0.000

 Thresholds
    DASS1_2$1         -0.225      0.037     -6.084      0.000
    DASS1_2$2          0.770      0.041     18.565      0.000
    DASS1_2$3          1.547      0.055     28.007      0.000
    DASS2_2$1          0.096      0.035      2.723      0.006
    DASS2_2$2          0.871      0.041     21.349      0.000
    DASS2_2$3          1.561      0.055     28.293      0.000
    DASS3_2$1          0.297      0.037      7.972      0.000
    DASS3_2$2          0.936      0.044     21.524      0.000
    DASS3_2$3          1.608      0.060     26.912      0.000
    DASS4_2$1         -0.345      0.038     -9.199      0.000
    DASS4_2$2          0.544      0.039     13.982      0.000
    DASS4_2$3          1.286      0.049     26.303      0.000
    DASS5_2$1          0.075      0.036      2.066      0.039
    DASS5_2$2          0.736      0.041     17.984      0.000
    DASS5_2$3          1.461      0.054     26.872      0.000
    DASS6_2$1         -0.158      0.037     -4.230      0.000
    DASS6_2$2          0.643      0.041     15.835      0.000
    DASS6_2$3          1.324      0.051     25.923      0.000
    DASS7_2$1         -0.221      0.036     -6.088      0.000
    DASS7_2$2          0.603      0.040     15.175      0.000
    DASS7_2$3          1.340      0.052     25.572      0.000
    DASS8_2$1         -0.297      0.037     -7.960      0.000
    DASS8_2$2          0.575      0.039     14.621      0.000
    DASS8_2$3          1.361      0.051     26.675      0.000
    DASS9_2$1         -0.062      0.037     -1.665      0.096
    DASS9_2$2          0.786      0.043     18.370      0.000
    DASS9_2$3          1.456      0.055     26.284      0.000
    DASS10_2$1        -0.333      0.037     -9.020      0.000
    DASS10_2$2         0.603      0.038     15.928      0.000
    DASS10_2$3         1.348      0.048     28.075      0.000
    DASS11_2$1         0.224      0.038      5.841      0.000
    DASS11_2$2         0.931      0.046     20.091      0.000
    DASS11_2$3         1.659      0.064     25.936      0.000
    DASS12_2$1        -0.098      0.037     -2.629      0.009
    DASS12_2$2         0.649      0.040     16.405      0.000
    DASS12_2$3         1.328      0.049     26.973      0.000
    DASS13_2$1         0.197      0.037      5.334      0.000
    DASS13_2$2         0.850      0.043     19.786      0.000
    DASS13_2$3         1.504      0.057     26.457      0.000
    DASS14_2$1         0.247      0.038      6.592      0.000
    DASS14_2$2         0.924      0.044     20.811      0.000
    DASS14_2$3         1.546      0.058     26.438      0.000

 Variances
    STRESS_2           1.000      0.000    999.000    999.000
    ANXIETY_2          1.000      0.000    999.000    999.000

 Residual Variances
    DASS1_2            0.435      0.024     18.463      0.000
    DASS2_2            0.538      0.026     20.486      0.000
    DASS3_2            0.430      0.025     17.522      0.000
    DASS4_2            0.427      0.023     18.651      0.000
    DASS5_2            0.416      0.023     17.976      0.000
    DASS6_2            0.363      0.021     17.189      0.000
    DASS7_2            0.400      0.023     17.147      0.000
    DASS8_2            0.412      0.023     17.961      0.000
    DASS9_2            0.357      0.021     17.382      0.000
    DASS10_2           0.547      0.025     22.324      0.000
    DASS11_2           0.281      0.020     14.161      0.000
    DASS12_2           0.441      0.023     18.784      0.000
    DASS13_2           0.402      0.023     17.287      0.000
    DASS14_2           0.370      0.023     15.769      0.000


R-SQUARE

Group MALE

    Observed                                        Two-Tailed     Scale
    Variable        Estimate       S.E.  Est./S.E.    P-Value     Factors

    DASS1_2            0.521      0.025     20.668      0.000      0.692
    DASS2_2            0.394      0.026     15.285      0.000      0.778
    DASS3_2            0.502      0.026     19.215      0.000      0.706
    DASS4_2            0.529      0.024     21.750      0.000      0.686
    DASS5_2            0.516      0.026     20.059      0.000      0.696
    DASS6_2            0.595      0.023     25.390      0.000      0.636
    DASS7_2            0.532      0.025     21.234      0.000      0.684
    DASS8_2            0.544      0.024     22.282      0.000      0.675
    DASS9_2            0.600      0.022     26.830      0.000      0.632
    DASS10_2           0.409      0.025     16.134      0.000      0.769
    DASS11_2           0.661      0.024     27.769      0.000      0.583
    DASS12_2           0.515      0.025     20.588      0.000      0.697
    DASS13_2           0.530      0.025     20.923      0.000      0.686
    DASS14_2           0.564      0.025     22.252      0.000      0.660

Group FEMALE

    Observed                                        Two-Tailed     Scale
    Variable        Estimate       S.E.  Est./S.E.    P-Value     Factors

    DASS1_2            0.565      0.024     24.027      0.000      0.659
    DASS2_2            0.462      0.026     17.575      0.000      0.734
    DASS3_2            0.570      0.025     23.248      0.000      0.656
    DASS4_2            0.573      0.023     25.057      0.000      0.653
    DASS5_2            0.584      0.023     25.244      0.000      0.645
    DASS6_2            0.637      0.021     30.216      0.000      0.602
    DASS7_2            0.600      0.023     25.703      0.000      0.633
    DASS8_2            0.588      0.023     25.646      0.000      0.642
    DASS9_2            0.643      0.021     31.248      0.000      0.598
    DASS10_2           0.453      0.025     18.455      0.000      0.740
    DASS11_2           0.719      0.020     36.312      0.000      0.530
    DASS12_2           0.559      0.023     23.826      0.000      0.664
    DASS13_2           0.598      0.023     25.671      0.000      0.634
    DASS14_2           0.630      0.023     26.847      0.000      0.608


QUALITY OF NUMERICAL RESULTS

     Condition Number for the Information Matrix              0.559E-02
       (ratio of smallest to largest eigenvalue)


MODEL MODIFICATION INDICES

Minimum M.I. value for printing the modification index    10.000

                                   M.I.     E.P.C.  Std E.P.C.  StdYX E.P.C.
Group MALE


ON/BY Statements

DASS2_2  ON STRESS_2 /
STRESS_2 BY DASS2_2               18.979     0.159      0.159        0.124
DASS2_2  ON ANXIETY_ /
ANXIETY_ BY DASS2_2               21.141     0.076      0.076        0.059
DASS5_2  ON STRESS_2 /
STRESS_2 BY DASS5_2               14.303    -0.184     -0.184       -0.128
DASS5_2  ON ANXIETY_ /
ANXIETY_ BY DASS5_2               14.203    -0.084     -0.084       -0.058

ON Statements

STRESS_2 ON DASS3_2               14.147    -0.116     -0.116       -0.164
STRESS_2 ON DASS7_2               17.021     0.114      0.114        0.167
ANXIETY_ ON DASS7_2               25.586    -0.183     -0.183       -0.268
DASS2_2  ON DASS1_2               13.476     0.103      0.103        0.116
DASS2_2  ON DASS2_2               14.519     0.185      0.185        0.185
DASS2_2  ON DASS3_2               29.652     0.160      0.160        0.177
DASS2_2  ON DASS4_2               11.779     0.097      0.097        0.110
DASS2_2  ON DASS5_2               17.537     0.124      0.124        0.138
DASS2_2  ON DASS6_2               11.366     0.087      0.087        0.106
DASS2_2  ON DASS8_2               12.258     0.095      0.095        0.110
DASS2_2  ON DASS9_2               19.057     0.110      0.110        0.135
DASS2_2  ON DASS10_2              11.221     0.108      0.108        0.109
DASS2_2  ON DASS11_2              16.870     0.100      0.100        0.133
DASS2_2  ON DASS12_2              16.519     0.115      0.115        0.128
DASS2_2  ON DASS13_2              18.193     0.125      0.125        0.142
DASS2_2  ON DASS14_2              20.170     0.126      0.126        0.148
DASS3_2  ON DASS8_2               12.236    -0.120     -0.120       -0.126
DASS5_2  ON DASS1_2               10.176    -0.113     -0.113       -0.114
DASS5_2  ON DASS4_2               14.992    -0.139     -0.139       -0.141
DASS5_2  ON DASS7_2               10.951    -0.122     -0.122       -0.124
DASS5_2  ON DASS8_2               14.640    -0.134     -0.134       -0.138
DASS5_2  ON DASS10_2              15.590    -0.162     -0.162       -0.147
DASS5_2  ON DASS11_2              12.106    -0.109     -0.109       -0.130
DASS5_2  ON DASS12_2              10.678    -0.119     -0.119       -0.119
DASS5_2  ON DASS14_2              10.954    -0.121     -0.121       -0.127
DASS9_2  ON DASS9_2               18.975     0.219      0.219        0.219
DASS9_2  ON DASS14_2              10.998     0.120      0.120        0.115
DASS13_2 ON DASS13_2              10.773     0.164      0.164        0.164

WITH Statements

DASS3_2  WITH STRESS_2            14.185    -0.116     -0.116       -0.116
DASS3_2  WITH DASS2_2             13.247     0.209      0.209        0.209
DASS7_2  WITH STRESS_2            16.981     0.114      0.114        0.114
DASS7_2  WITH ANXIETY_            25.632    -0.184     -0.184       -0.184
DASS8_2  WITH DASS3_2             11.642    -0.256     -0.256       -0.256
DASS8_2  WITH DASS7_2             15.151     0.225      0.225        0.225
DASS10_2 WITH DASS4_2             11.149     0.179      0.179        0.179
DASS11_2 WITH DASS3_2             13.583    -0.323     -0.323       -0.323

Variances/Residual Variances

DASS3_2                           15.051     0.397      0.397        0.198

Means/Intercepts/Thresholds

[ DASS2_2  ]                      22.941     0.278      0.278        0.217
[ DASS5_2  ]                      11.033    -0.225     -0.225       -0.157
[ DASS2_2$ ]                      10.848    -0.120     -0.120       -0.094
[ DASS9_2$ ]                      14.251    -0.245     -0.245       -0.155

Group FEMALE


ON/BY Statements

DASS2_2  ON STRESS_2 /
STRESS_2 BY DASS2_2               22.619    -0.180     -0.196       -0.144
DASS2_2  ON ANXIETY_ /
ANXIETY_ BY DASS2_2               21.135    -0.098     -0.113       -0.083
DASS5_2  ON STRESS_2 /
STRESS_2 BY DASS5_2               11.913     0.173      0.189        0.122
DASS5_2  ON ANXIETY_ /
ANXIETY_ BY DASS5_2               14.215     0.110      0.126        0.082

ON Statements

STRESS_2 ON DASS7_2               25.619     0.156      0.142        0.225
STRESS_2 ON DASS11_2              16.207     0.156      0.142        0.269
STRESS_2 ON DASS13_2              10.106    -0.109     -0.100       -0.157
ANXIETY_ ON DASS3_2               11.070     0.148      0.129        0.197
ANXIETY_ ON DASS7_2               42.678    -0.274     -0.239       -0.378
ANXIETY_ ON DASS11_2              19.554    -0.220     -0.192       -0.362
ANXIETY_ ON DASS13_2              13.654     0.166      0.144        0.227
DASS2_2  ON DASS1_2               12.067    -0.104     -0.104       -0.115
DASS2_2  ON DASS2_2               14.515    -0.185     -0.185       -0.185
DASS2_2  ON DASS4_2               18.940    -0.130     -0.130       -0.146
DASS2_2  ON DASS5_2               11.082    -0.102     -0.102       -0.117
DASS2_2  ON DASS6_2               14.485    -0.103     -0.103       -0.126
DASS2_2  ON DASS7_2               27.002    -0.158     -0.158       -0.184
DASS2_2  ON DASS8_2               30.358    -0.159     -0.159       -0.182
DASS2_2  ON DASS9_2               20.929    -0.121     -0.121       -0.149
DASS2_2  ON DASS11_2              24.525    -0.123     -0.123       -0.171
DASS2_2  ON DASS12_2              26.409    -0.154     -0.154       -0.170
DASS2_2  ON DASS13_2              14.547    -0.116     -0.116       -0.134
DASS2_2  ON DASS14_2              18.223    -0.124     -0.124       -0.149
DASS3_2  ON DASS2_2               19.265     0.184      0.184        0.165
DASS3_2  ON DASS5_2               11.098     0.126      0.126        0.129
DASS3_2  ON DASS13_2              12.644     0.130      0.130        0.134
DASS5_2  ON DASS2_2               11.523     0.151      0.151        0.133
DASS5_2  ON DASS3_2               22.842     0.191      0.191        0.188
DASS5_2  ON DASS4_2               10.065     0.121      0.121        0.119
DASS5_2  ON DASS13_2              21.457     0.182      0.182        0.185
DASS5_2  ON DASS14_2              10.972     0.126      0.126        0.134
DASS9_2  ON DASS9_2               18.999    -0.219     -0.219       -0.219
DASS13_2 ON DASS13_2              10.766    -0.164     -0.164       -0.164

WITH Statements

DASS3_2  WITH ANXIETY_            11.042     0.148      0.129        0.129
DASS3_2  WITH DASS2_2             22.198     0.310      0.310        0.310
DASS5_2  WITH DASS3_2             12.422     0.270      0.270        0.270
DASS7_2  WITH STRESS_2            25.609     0.156      0.142        0.142
DASS7_2  WITH ANXIETY_            42.732    -0.274     -0.239       -0.239
DASS8_2  WITH DASS2_2             14.196    -0.265     -0.265       -0.265
DASS8_2  WITH DASS7_2             16.198     0.264      0.264        0.264
DASS11_2 WITH STRESS_2            16.195     0.156      0.142        0.142
DASS11_2 WITH ANXIETY_            19.610    -0.220     -0.192       -0.192
DASS13_2 WITH STRESS_2            10.113    -0.109     -0.100       -0.100
DASS13_2 WITH ANXIETY_            13.622     0.165      0.144        0.144
DASS13_2 WITH DASS3_2             15.921     0.293      0.293        0.293
DASS13_2 WITH DASS5_2             10.802     0.271      0.271        0.271
DASS14_2 WITH DASS13_2            18.653     0.349      0.349        0.349

Variances/Residual Variances

DASS3_2                           15.065    -0.397     -0.397       -0.171

Means/Intercepts/Thresholds

[ DASS2_2  ]                      22.931    -0.278     -0.278       -0.204
[ DASS5_2  ]                      11.019     0.225      0.225        0.145
[ DASS2_2$ ]                      10.844     0.153      0.153        0.112
[ DASS9_2$ ]                      14.274     0.305      0.305        0.182



SAVEDATA INFORMATION


  Difference testing

  Save file
    dass2_student_gender_inv_scalar.dat
  Save format      Free

     Beginning Time:  10:39:33
        Ending Time:  10:39:34
       Elapsed Time:  00:00:01



MUTHEN & MUTHEN
3463 Stoner Ave.
Los Angeles, CA  90066

Tel: (310) 391-9971
Fax: (310) 391-8971
Web: www.StatModel.com
Support: Support@StatModel.com

Copyright (c) 1998-2019 Muthen & Muthen
