Mplus VERSION 8.4 (Mac)
MUTHEN & MUTHEN
10/30/2023   5:01 PM

INPUT INSTRUCTIONS

  Title: Student Locus of Control Baseline EFA;

  Data:
     File is ../dat_stu_1.txt;

  Variable:
     Names are studentid index treatment girl age_w child_grade in_ukr
     guardian_living guardian_region
     grit1_1 grit2_1 grit3_1 grit4_1 grit5_1 grit6_1 grit7_1 grit8_1
     loc1_1 loc2_1 loc3_1 loc4_1
     dass1_1 dass2_1 dass3_1 dass4_1 dass5_1 dass6_1 dass7_1 dass8_1
     dass9_1 dass10_1 dass11_1 dass12_1 dass13_1 dass14_1
     sleep1_1 sleep2_1 sleep3_1 sleep4_1 sleep5_1 sleep6_1 sleep7_1
     edugoals_1 half;
     Missing are . ;

    Usevariable are
  	loc1_1 loc2_1 loc3_1 loc4_1;

    Categorical is
  	loc1_1 loc2_1 loc3_1 loc4_1;

    Useobservations is half eq 1;

  Analysis:
     Type = efa 1 2;
     Estimator = wlsmv;

  Output: sampstat stdy modindices(all);



*** WARNING in ANALYSIS command
  Too many factors were requested for EFA.
  The maximum number of factors is set to 1.
*** WARNING in OUTPUT command
  STANDARDIZED (STD, STDY, STDYX) options are not available for TYPE=EFA.
  Request for STANDARDIZED options will be ignored.  Note that STANDARDIZED options
  are available with the use of EFA factors (ESEM) declared in the MODEL command.
   2 WARNING(S) FOUND IN THE INPUT INSTRUCTIONS



Student Locus of Control Baseline EFA;

SUMMARY OF ANALYSIS

Number of groups                                                 1
Number of observations                                        1384

Number of dependent variables                                    4
Number of independent variables                                  0
Number of continuous latent variables                            0

Observed dependent variables

  Binary and ordered categorical (ordinal)
   LOC1_1      LOC2_1      LOC3_1      LOC4_1


Estimator                                                    WLSMV
Rotation                                                    GEOMIN
Row standardization                                    CORRELATION
Type of rotation                                           OBLIQUE
Epsilon value                                               Varies
Maximum number of iterations                                  1000
Convergence criterion                                    0.500D-04
Maximum number of steepest descent iterations                   20
Maximum number of iterations for H1                           2000
Convergence criterion for H1                             0.100D-03
Optimization Specifications for the Exploratory Factor Analysis
Rotation Algorithm
  Number of random starts                                       30
  Maximum number of iterations                               10000
  Derivative convergence criterion                       0.100D-04
Link                                                        PROBIT

Input data file(s)
  ../dat_stu_1.txt

Input data format  FREE


SUMMARY OF DATA

     Number of missing data patterns             1


COVARIANCE COVERAGE OF DATA

Minimum covariance coverage value   0.100


     PROPORTION OF DATA PRESENT


           Covariance Coverage
              LOC1_1        LOC2_1        LOC3_1        LOC4_1
              ________      ________      ________      ________
 LOC1_1         1.000
 LOC2_1         1.000         1.000
 LOC3_1         1.000         1.000         1.000
 LOC4_1         1.000         1.000         1.000         1.000


UNIVARIATE PROPORTIONS AND COUNTS FOR CATEGORICAL VARIABLES

    LOC1_1
      Category 1    0.094          130.000
      Category 2    0.395          546.000
      Category 3    0.319          441.000
      Category 4    0.175          242.000
      Category 5    0.018           25.000
    LOC2_1
      Category 1    0.170          235.000
      Category 2    0.527          729.000
      Category 3    0.207          286.000
      Category 4    0.085          118.000
      Category 5    0.012           16.000
    LOC3_1
      Category 1    0.043           60.000
      Category 2    0.283          391.000
      Category 3    0.350          484.000
      Category 4    0.284          393.000
      Category 5    0.040           56.000
    LOC4_1
      Category 1    0.007            9.000
      Category 2    0.092          127.000
      Category 3    0.226          313.000
      Category 4    0.588          814.000
      Category 5    0.087          121.000


SAMPLE STATISTICS


     ESTIMATED SAMPLE STATISTICS


           MEANS/INTERCEPTS/THRESHOLDS
              LOC1_1$1      LOC1_1$2      LOC1_1$3      LOC1_1$4      LOC2_1$1
              ________      ________      ________      ________      ________
               -1.317        -0.029         0.867         2.095        -0.955


           MEANS/INTERCEPTS/THRESHOLDS
              LOC2_1$2      LOC2_1$3      LOC2_1$4      LOC3_1$1      LOC3_1$2
              ________      ________      ________      ________      ________
                0.514         1.300         2.271        -1.713        -0.451


           MEANS/INTERCEPTS/THRESHOLDS
              LOC3_1$3      LOC3_1$4      LOC4_1$1      LOC4_1$2      LOC4_1$3
              ________      ________      ________      ________      ________
                0.455         1.745        -2.484        -1.291        -0.455


           MEANS/INTERCEPTS/THRESHOLDS
              LOC4_1$4
              ________
                1.357


           CORRELATION MATRIX (WITH VARIANCES ON THE DIAGONAL)
              LOC1_1        LOC2_1        LOC3_1        LOC4_1
              ________      ________      ________      ________
 LOC1_1
 LOC2_1         0.344
 LOC3_1         0.181         0.168
 LOC4_1        -0.097        -0.184         0.035


RESULTS FOR EXPLORATORY FACTOR ANALYSIS


           EIGENVALUES FOR SAMPLE CORRELATION MATRIX
                  1             2             3             4
              ________      ________      ________      ________
                1.524         1.042         0.791         0.643


EXPLORATORY FACTOR ANALYSIS WITH 1 FACTOR(S):


MODEL FIT INFORMATION

Number of Free Parameters                        4

Chi-Square Test of Model Fit

          Value                             24.004*
          Degrees of Freedom                     2
          P-Value                           0.0000

*   The chi-square value for MLM, MLMV, MLR, ULSMV, WLSM and WLSMV cannot be used
    for chi-square difference testing in the regular way.  MLM, MLR and WLSM
    chi-square difference testing is described on the Mplus website.  MLMV, WLSMV,
    and ULSMV difference testing is done using the DIFFTEST option.

RMSEA (Root Mean Square Error Of Approximation)

          Estimate                           0.089
          90 Percent C.I.                    0.059  0.123
          Probability RMSEA <= .05           0.017

CFI/TLI

          CFI                                0.944
          TLI                                0.832

Chi-Square Test of Model Fit for the Baseline Model

          Value                            398.638
          Degrees of Freedom                     6
          P-Value                           0.0000

SRMR (Standardized Root Mean Square Residual)

          Value                              0.045



MINIMUM ROTATION FUNCTION VALUE       0.84220



           GEOMIN ROTATED LOADINGS (* significant at 5% level)
                  1
              ________
 LOC1_1         0.523*
 LOC2_1         0.675*
 LOC3_1         0.261*
 LOC4_1        -0.211*


           GEOMIN FACTOR CORRELATIONS (* significant at 5% level)
                  1
              ________
      1         1.000


           ESTIMATED RESIDUAL VARIANCES
              LOC1_1        LOC2_1        LOC3_1        LOC4_1
              ________      ________      ________      ________
                0.726         0.545         0.932         0.955


           S.E. GEOMIN ROTATED LOADINGS
                  1
              ________
 LOC1_1         0.044
 LOC2_1         0.054
 LOC3_1         0.035
 LOC4_1         0.034


           S.E. GEOMIN FACTOR CORRELATIONS
                  1
              ________
      1         0.000


           S.E. ESTIMATED RESIDUAL VARIANCES
              LOC1_1        LOC2_1        LOC3_1        LOC4_1
              ________      ________      ________      ________
                0.046         0.073         0.018         0.015


           Est./S.E. GEOMIN ROTATED LOADINGS
                  1
              ________
 LOC1_1        11.775
 LOC2_1        12.486
 LOC3_1         7.543
 LOC4_1        -6.153


           Est./S.E. GEOMIN FACTOR CORRELATIONS
                  1
              ________
      1         0.000


           Est./S.E. ESTIMATED RESIDUAL VARIANCES
              LOC1_1        LOC2_1        LOC3_1        LOC4_1
              ________      ________      ________      ________
               15.629         7.469        51.536        65.758


MODIFICATION INDICES


     MODIFICATION INDICES FOR ANALYSIS WITH 1 FACTOR(S)



     MODIFICATION INDICES


           THETA
              LOC1_1        LOC2_1        LOC3_1        LOC4_1
              ________      ________      ________      ________
 LOC1_1         0.000
 LOC2_1        18.468         0.000
 LOC3_1        14.396         0.780         0.000
 LOC4_1         0.790        14.444        18.381         0.000


     EXPECTED PARAMETER CHANGE


           THETA
              LOC1_1        LOC2_1        LOC3_1        LOC4_1
              ________      ________      ________      ________
 LOC1_1         0.000
 LOC2_1        -0.681         0.000
 LOC3_1         0.159        -0.049         0.000
 LOC4_1         0.031        -0.166         0.106         0.000


     Beginning Time:  17:01:06
        Ending Time:  17:01:06
       Elapsed Time:  00:00:00



MUTHEN & MUTHEN
3463 Stoner Ave.
Los Angeles, CA  90066

Tel: (310) 391-9971
Fax: (310) 391-8971
Web: www.StatModel.com
Support: Support@StatModel.com

Copyright (c) 1998-2019 Muthen & Muthen
