Mplus VERSION 8.4 (Mac)
MUTHEN & MUTHEN
11/14/2023   3:14 PM

INPUT INSTRUCTIONS

  Title: Student Locus of Control Baseline CFA;

  Data:
     File is ../dat_stu_1.txt;

  Variable:
     Names are studentid index treatment girl age_w child_grade in_ukr
     guardian_living guardian_region
     grit1_1 grit2_1 grit3_1 grit4_1 grit5_1 grit6_1 grit7_1 grit8_1
     loc1_1 loc2_1 loc3_1 loc4_1
     dass1_1 dass2_1 dass3_1 dass4_1 dass5_1 dass6_1 dass7_1 dass8_1
     dass9_1 dass10_1 dass11_1 dass12_1 dass13_1 dass14_1
     sleep1_1 sleep2_1 sleep3_1 sleep4_1 sleep5_1 sleep6_1 sleep7_1
     edugoals_1 half;
     Missing are . ;

    Usevariable are
  	loc1_1 loc2_1 loc3_1 loc4_1;

    Categorical is
  	loc1_1 loc2_1 loc3_1 loc4_1;

    Useobservations is half eq 0;

  Analysis:
     Estimator = wlsmv;

  Model:
    loc_1 by
      loc1_1 loc2_1 loc3_1 loc4_1;

  Output: sampstat stdyx modindices(all);



INPUT READING TERMINATED NORMALLY



Student Locus of Control Baseline CFA;

SUMMARY OF ANALYSIS

Number of groups                                                 1
Number of observations                                        1383

Number of dependent variables                                    4
Number of independent variables                                  0
Number of continuous latent variables                            1

Observed dependent variables

  Binary and ordered categorical (ordinal)
   LOC1_1      LOC2_1      LOC3_1      LOC4_1

Continuous latent variables
   LOC_1


Estimator                                                    WLSMV
Maximum number of iterations                                  1000
Convergence criterion                                    0.500D-04
Maximum number of steepest descent iterations                   20
Maximum number of iterations for H1                           2000
Convergence criterion for H1                             0.100D-03
Parameterization                                             DELTA
Link                                                        PROBIT

Input data file(s)
  ../dat_stu_1.txt

Input data format  FREE


SUMMARY OF DATA

     Number of missing data patterns             1


COVARIANCE COVERAGE OF DATA

Minimum covariance coverage value   0.100


     PROPORTION OF DATA PRESENT


           Covariance Coverage
              LOC1_1        LOC2_1        LOC3_1        LOC4_1
              ________      ________      ________      ________
 LOC1_1         1.000
 LOC2_1         1.000         1.000
 LOC3_1         1.000         1.000         1.000
 LOC4_1         1.000         1.000         1.000         1.000


UNIVARIATE PROPORTIONS AND COUNTS FOR CATEGORICAL VARIABLES

    LOC1_1
      Category 1    0.090          125.000
      Category 2    0.420          581.000
      Category 3    0.307          424.000
      Category 4    0.163          226.000
      Category 5    0.020           27.000
    LOC2_1
      Category 1    0.179          248.000
      Category 2    0.534          739.000
      Category 3    0.202          280.000
      Category 4    0.072          100.000
      Category 5    0.012           16.000
    LOC3_1
      Category 1    0.048           66.000
      Category 2    0.286          395.000
      Category 3    0.353          488.000
      Category 4    0.275          380.000
      Category 5    0.039           54.000
    LOC4_1
      Category 1    0.014           20.000
      Category 2    0.085          117.000
      Category 3    0.243          336.000
      Category 4    0.547          757.000
      Category 5    0.111          153.000


SAMPLE STATISTICS


     ESTIMATED SAMPLE STATISTICS


           MEANS/INTERCEPTS/THRESHOLDS
              LOC1_1$1      LOC1_1$2      LOC1_1$3      LOC1_1$4      LOC2_1$1
              ________      ________      ________      ________      ________
               -1.338         0.026         0.904         2.064        -0.918


           MEANS/INTERCEPTS/THRESHOLDS
              LOC2_1$2      LOC2_1$3      LOC2_1$4      LOC3_1$1      LOC3_1$2
              ________      ________      ________      ________      ________
                0.564         1.379         2.271        -1.667        -0.431


           MEANS/INTERCEPTS/THRESHOLDS
              LOC3_1$3      LOC3_1$4      LOC4_1$1      LOC4_1$2      LOC4_1$3
              ________      ________      ________      ________      ________
                0.485         1.762        -2.185        -1.287        -0.407


           MEANS/INTERCEPTS/THRESHOLDS
              LOC4_1$4
              ________
                1.223


           CORRELATION MATRIX (WITH VARIANCES ON THE DIAGONAL)
              LOC1_1        LOC2_1        LOC3_1        LOC4_1
              ________      ________      ________      ________
 LOC1_1
 LOC2_1         0.363
 LOC3_1         0.165         0.194
 LOC4_1        -0.111        -0.222         0.003


THE MODEL ESTIMATION TERMINATED NORMALLY



MODEL FIT INFORMATION

Number of Free Parameters                       20

Chi-Square Test of Model Fit

          Value                             13.740*
          Degrees of Freedom                     2
          P-Value                           0.0010

*   The chi-square value for MLM, MLMV, MLR, ULSMV, WLSM and WLSMV cannot be used
    for chi-square difference testing in the regular way.  MLM, MLR and WLSM
    chi-square difference testing is described on the Mplus website.  MLMV, WLSMV,
    and ULSMV difference testing is done using the DIFFTEST option.

RMSEA (Root Mean Square Error Of Approximation)

          Estimate                           0.065
          90 Percent C.I.                    0.036  0.100
          Probability RMSEA <= .05           0.180

CFI/TLI

          CFI                                0.970
          TLI                                0.910

Chi-Square Test of Model Fit for the Baseline Model

          Value                            395.483
          Degrees of Freedom                     6
          P-Value                           0.0000

SRMR (Standardized Root Mean Square Residual)

          Value                              0.017

Optimum Function Value for Weighted Least-Squares Estimator

          Value                     0.39074541D-02



MODEL RESULTS

                                                    Two-Tailed
                    Estimate       S.E.  Est./S.E.    P-Value

 LOC_1    BY
    LOC1_1             1.000      0.000    999.000    999.000
    LOC2_1             1.683      0.247      6.812      0.000
    LOC3_1             0.532      0.071      7.493      0.000
    LOC4_1            -0.534      0.071     -7.495      0.000

 Thresholds
    LOC1_1$1          -1.338      0.047    -28.278      0.000
    LOC1_1$2           0.026      0.034      0.780      0.436
    LOC1_1$3           0.904      0.039     23.056      0.000
    LOC1_1$4           2.064      0.078     26.313      0.000
    LOC2_1$1          -0.918      0.039    -23.295      0.000
    LOC2_1$2           0.564      0.036     15.791      0.000
    LOC2_1$3           1.379      0.048     28.512      0.000
    LOC2_1$4           2.271      0.095     23.899      0.000
    LOC3_1$1          -1.667      0.058    -28.902      0.000
    LOC3_1$2          -0.431      0.035    -12.355      0.000
    LOC3_1$3           0.485      0.035     13.787      0.000
    LOC3_1$4           1.762      0.062     28.582      0.000
    LOC4_1$1          -2.185      0.087    -24.973      0.000
    LOC4_1$2          -1.287      0.046    -27.922      0.000
    LOC4_1$3          -0.407      0.035    -11.717      0.000
    LOC4_1$4           1.223      0.045     27.381      0.000

 Variances
    LOC_1              0.222      0.037      6.064      0.000


STANDARDIZED MODEL RESULTS


STDYX Standardization

                                                    Two-Tailed
                    Estimate       S.E.  Est./S.E.    P-Value

 LOC_1    BY
    LOC1_1             0.471      0.039     12.128      0.000
    LOC2_1             0.792      0.062     12.846      0.000
    LOC3_1             0.250      0.033      7.571      0.000
    LOC4_1            -0.252      0.033     -7.623      0.000

 Thresholds
    LOC1_1$1          -1.338      0.047    -28.278      0.000
    LOC1_1$2           0.026      0.034      0.780      0.436
    LOC1_1$3           0.904      0.039     23.056      0.000
    LOC1_1$4           2.064      0.078     26.313      0.000
    LOC2_1$1          -0.918      0.039    -23.295      0.000
    LOC2_1$2           0.564      0.036     15.791      0.000
    LOC2_1$3           1.379      0.048     28.512      0.000
    LOC2_1$4           2.271      0.095     23.899      0.000
    LOC3_1$1          -1.667      0.058    -28.902      0.000
    LOC3_1$2          -0.431      0.035    -12.355      0.000
    LOC3_1$3           0.485      0.035     13.787      0.000
    LOC3_1$4           1.762      0.062     28.582      0.000
    LOC4_1$1          -2.185      0.087    -24.973      0.000
    LOC4_1$2          -1.287      0.046    -27.922      0.000
    LOC4_1$3          -0.407      0.035    -11.717      0.000
    LOC4_1$4           1.223      0.045     27.381      0.000

 Variances
    LOC_1              1.000      0.000    999.000    999.000


R-SQUARE

    Observed                                        Two-Tailed   Residual
    Variable        Estimate       S.E.  Est./S.E.    P-Value    Variance

    LOC1_1             0.222      0.037      6.064      0.000      0.778
    LOC2_1             0.628      0.098      6.423      0.000      0.372
    LOC3_1             0.063      0.017      3.786      0.000      0.937
    LOC4_1             0.063      0.017      3.812      0.000      0.937


QUALITY OF NUMERICAL RESULTS

     Condition Number for the Information Matrix              0.124E-02
       (ratio of smallest to largest eigenvalue)


MODEL MODIFICATION INDICES

Minimum M.I. value for printing the modification index    10.000

                                   M.I.     E.P.C.  Std E.P.C.  StdYX E.P.C.

ON Statements

LOC1_1   ON LOC2_1                10.328    -0.481     -0.481       -0.481
LOC2_1   ON LOC1_1                10.335    -0.481     -0.481       -0.481
LOC3_1   ON LOC4_1                10.352     0.081      0.081        0.081
LOC4_1   ON LOC3_1                10.352     0.081      0.081        0.081

WITH Statements

LOC2_1   WITH LOC1_1              10.338    -0.481     -0.481       -0.894
LOC4_1   WITH LOC3_1              10.352     0.081      0.081        0.087


     Beginning Time:  15:14:57
        Ending Time:  15:14:58
       Elapsed Time:  00:00:01



MUTHEN & MUTHEN
3463 Stoner Ave.
Los Angeles, CA  90066

Tel: (310) 391-9971
Fax: (310) 391-8971
Web: www.StatModel.com
Support: Support@StatModel.com

Copyright (c) 1998-2019 Muthen & Muthen
