Mplus VERSION 8.4 (Mac)
MUTHEN & MUTHEN
04/29/2023  10:21 PM

INPUT INSTRUCTIONS

  Title: Student Grit Treatment Measurement Invariance Scalar Model;

  Data:
     File is ../dat_stu.txt;

  Variable:
     Names are studentid index treatment girl age_w child_grade in_ukr
     guardian_living guardian_region
     grit1_1 grit2_1 grit3_1 grit4_1 grit5_1 grit6_1 grit7_1 grit8_1
     loc1_1 loc2_1 loc3_1 loc4_1
     dass1_1 dass2_1 dass3_1 dass4_1 dass5_1 dass6_1 dass7_1 dass8_1
     dass9_1 dass10_1 dass11_1 dass12_1 dass13_1 dass14_1
     sleep1_1 sleep2_1 sleep3_1 sleep4_1 sleep5_1 sleep6_1 sleep7_1
     efficacy_1 edugoals_1 remotediff_1 timeclass_1 timehomework_1
     grit1_2 grit2_2 grit3_2 grit4_2 grit5_2 grit6_2 grit7_2 grit8_2
     loc1_2 loc2_2 loc3_2 loc4_2
     dass1_2 dass2_2 dass3_2 dass4_2 dass5_2 dass6_2 dass7_2 dass8_2
     dass9_2 dass10_2 dass11_2 dass12_2 dass13_2 dass14_2
     efficacy_2 edugoals_2 timeclass_2 timehomework_2 compmath_2 half;
     Missing are . ;

    Usevariable are
  	grit1_2 grit5_2 grit6_2 grit7_2 grit8_2;

    Categorical is
  	grit1_2 grit5_2 grit6_2 grit7_2 grit8_2;

    Idvariable is studentid;

    Group is treatment (1 = Treated 0 = Control);

  Analysis:
     Estimator = wlsmv;
     Parameterization = theta;
     Difftest = grit2_student_tx_inv_metric.dat


  !!! Model for Control Group !!!

  Model:
  ! Factor loadings all freely estimated
    grit_2 by
      grit1_2* grit5_2* grit6_2* grit7_2* grit8_2* (L1-L5);

    grit1_2 with grit6_2; !worded positively
    grit1_2 with grit7_2; !both about schoolwork

    !estimating thresholds freely
    [grit1_2$1* grit5_2$1* grit6_2$1* grit7_2$1* grit8_2$1*] (T1_1 T5_1 T6_1 T7_1 T8_1);
    [grit1_2$2* grit5_2$2* grit6_2$2* grit7_2$2* grit8_2$2*] (T1_2 T5_2 T6_2 T7_2 T8_2);
    [grit1_2$3* grit5_2$3* grit6_2$3* grit7_2$3* grit8_2$3*] (T1_3 T5_3 T6_3 T7_3 T8_3);
    [grit1_2$4* grit5_2$4* grit6_2$4* grit7_2$4* grit8_2$4*] (T1_4 T5_4 T6_4 T7_4 T8_4);

    !constraining item residual variance to 1 for identification
    grit1_2@1;
    grit5_2@1;
    grit6_2@1;
    grit7_2@1;
    grit8_2@1;

    !fixing latent mean to zero for identification
    [grit_2@0];

    !fixing latent variance to one for identification
    grit_2@1;

  !!! Model for Treatment Group !!!

  Model Treated:
    ! Factor loadings constrained to *be equal to the control group*
    grit_2 by
      grit1_2* grit5_2* grit6_2* grit7_2* grit8_2* (L1-L5);

    grit1_2 with grit6_2; !worded positively
    grit1_2 with grit7_2; !both about schoolwork

    ! *thresholds held equal to the control group when left blank*

    ! constraining item residual variance to 1 for identification
    grit1_2@1;
    grit5_2@1;
    grit6_2@1;
    grit7_2@1;
    grit8_2@1;

    ! latent factor mean *estimated*
    [grit_2*];

    ! latent factor variance *estimated*
    grit_2*;

  Output: sampstat stdyx modindices(all);
  Savedata: Difftest is grit2_student_tx_inv_scalar.dat;



*** WARNING
  Data set contains cases with missing on all variables.
  These cases were not included in the analysis.
  Number of cases with missing on all variables:  975
   1 WARNING(S) FOUND IN THE INPUT INSTRUCTIONS



Student Grit Treatment Measurement Invariance Scalar Model;

SUMMARY OF ANALYSIS

Number of groups                                                 2
Number of observations
   Group CONTROL                                               860
   Group TREATED                                               709
   Total sample size                                          1569

Number of dependent variables                                    5
Number of independent variables                                  0
Number of continuous latent variables                            1

Observed dependent variables

  Binary and ordered categorical (ordinal)
   GRIT1_2     GRIT5_2     GRIT6_2     GRIT7_2     GRIT8_2

Continuous latent variables
   GRIT_2

Variables with special functions

  Grouping variable     TREATMEN
  ID variable           STUDENTI

Estimator                                                    WLSMV
Maximum number of iterations                                  1000
Convergence criterion                                    0.500D-04
Maximum number of steepest descent iterations                   20
Maximum number of iterations for H1                           2000
Convergence criterion for H1                             0.100D-03
Parameterization                                             THETA
Link                                                        PROBIT

Input data file(s)
  ../dat_stu.txt

Input data format  FREE


SUMMARY OF DATA

   Group CONTROL
     Number of missing data patterns             1

   Group TREATED
     Number of missing data patterns             1


COVARIANCE COVERAGE OF DATA

Minimum covariance coverage value   0.100


     PROPORTION OF DATA PRESENT FOR CONTROL


           Covariance Coverage
              GRIT1_2       GRIT5_2       GRIT6_2       GRIT7_2       GRIT8_2
              ________      ________      ________      ________      ________
 GRIT1_2        1.000
 GRIT5_2        1.000         1.000
 GRIT6_2        1.000         1.000         1.000
 GRIT7_2        1.000         1.000         1.000         1.000
 GRIT8_2        1.000         1.000         1.000         1.000         1.000


     PROPORTION OF DATA PRESENT FOR TREATED


           Covariance Coverage
              GRIT1_2       GRIT5_2       GRIT6_2       GRIT7_2       GRIT8_2
              ________      ________      ________      ________      ________
 GRIT1_2        1.000
 GRIT5_2        1.000         1.000
 GRIT6_2        1.000         1.000         1.000
 GRIT7_2        1.000         1.000         1.000         1.000
 GRIT8_2        1.000         1.000         1.000         1.000         1.000


UNIVARIATE PROPORTIONS AND COUNTS FOR CATEGORICAL VARIABLES

  Group CONTROL
    GRIT1_2
      Category 1    0.122          105.000
      Category 2    0.270          232.000
      Category 3    0.292          251.000
      Category 4    0.260          224.000
      Category 5    0.056           48.000
    GRIT5_2
      Category 1    0.059           51.000
      Category 2    0.224          193.000
      Category 3    0.271          233.000
      Category 4    0.297          255.000
      Category 5    0.149          128.000
    GRIT6_2
      Category 1    0.030           26.000
      Category 2    0.122          105.000
      Category 3    0.316          272.000
      Category 4    0.440          378.000
      Category 5    0.092           79.000
    GRIT7_2
      Category 1    0.230          198.000
      Category 2    0.427          367.000
      Category 3    0.213          183.000
      Category 4    0.099           85.000
      Category 5    0.031           27.000
    GRIT8_2
      Category 1    0.053           46.000
      Category 2    0.274          236.000
      Category 3    0.297          255.000
      Category 4    0.287          247.000
      Category 5    0.088           76.000

  Group TREATED
    GRIT1_2
      Category 1    0.123           87.000
      Category 2    0.213          151.000
      Category 3    0.244          173.000
      Category 4    0.364          258.000
      Category 5    0.056           40.000
    GRIT5_2
      Category 1    0.079           56.000
      Category 2    0.224          159.000
      Category 3    0.231          164.000
      Category 4    0.300          213.000
      Category 5    0.165          117.000
    GRIT6_2
      Category 1    0.024           17.000
      Category 2    0.097           69.000
      Category 3    0.267          189.000
      Category 4    0.475          337.000
      Category 5    0.137           97.000
    GRIT7_2
      Category 1    0.207          147.000
      Category 2    0.374          265.000
      Category 3    0.261          185.000
      Category 4    0.120           85.000
      Category 5    0.038           27.000
    GRIT8_2
      Category 1    0.076           54.000
      Category 2    0.236          167.000
      Category 3    0.279          198.000
      Category 4    0.293          208.000
      Category 5    0.116           82.000


SAMPLE STATISTICS


     ESTIMATED SAMPLE STATISTICS FOR CONTROL


           MEANS/INTERCEPTS/THRESHOLDS
              GRIT1_2$      GRIT1_2$      GRIT1_2$      GRIT1_2$      GRIT5_2$
              ________      ________      ________      ________      ________
               -1.165        -0.274         0.478         1.591        -1.561


           MEANS/INTERCEPTS/THRESHOLDS
              GRIT5_2$      GRIT5_2$      GRIT5_2$      GRIT6_2$      GRIT6_2$
              ________      ________      ________      ________      ________
               -0.572         0.137         1.041        -1.877        -1.027


           MEANS/INTERCEPTS/THRESHOLDS
              GRIT6_2$      GRIT6_2$      GRIT7_2$      GRIT7_2$      GRIT7_2$
              ________      ________      ________      ________      ________
               -0.079         1.329        -0.738         0.404         1.125


           MEANS/INTERCEPTS/THRESHOLDS
              GRIT7_2$      GRIT8_2$      GRIT8_2$      GRIT8_2$      GRIT8_2$
              ________      ________      ________      ________      ________
                1.861        -1.612        -0.446         0.317         1.351


           CORRELATION MATRIX (WITH VARIANCES ON THE DIAGONAL)
              GRIT1_2       GRIT5_2       GRIT6_2       GRIT7_2       GRIT8_2
              ________      ________      ________      ________      ________
 GRIT1_2
 GRIT5_2        0.190
 GRIT6_2        0.325         0.288
 GRIT7_2        0.263         0.320         0.181
 GRIT8_2        0.235         0.495         0.358         0.386


     ESTIMATED SAMPLE STATISTICS FOR TREATED


           MEANS/INTERCEPTS/THRESHOLDS
              GRIT1_2$      GRIT1_2$      GRIT1_2$      GRIT1_2$      GRIT5_2$
              ________      ________      ________      ________      ________
               -1.162        -0.424         0.201         1.586        -1.412


           MEANS/INTERCEPTS/THRESHOLDS
              GRIT5_2$      GRIT5_2$      GRIT5_2$      GRIT6_2$      GRIT6_2$
              ________      ________      ________      ________      ________
               -0.515         0.087         0.974        -1.978        -1.169


           MEANS/INTERCEPTS/THRESHOLDS
              GRIT6_2$      GRIT6_2$      GRIT7_2$      GRIT7_2$      GRIT7_2$
              ________      ________      ________      ________      ________
               -0.285         1.095        -0.816         0.205         1.003


           MEANS/INTERCEPTS/THRESHOLDS
              GRIT7_2$      GRIT8_2$      GRIT8_2$      GRIT8_2$      GRIT8_2$
              ________      ________      ________      ________      ________
                1.773        -1.431        -0.491         0.230         1.197


           CORRELATION MATRIX (WITH VARIANCES ON THE DIAGONAL)
              GRIT1_2       GRIT5_2       GRIT6_2       GRIT7_2       GRIT8_2
              ________      ________      ________      ________      ________
 GRIT1_2
 GRIT5_2        0.288
 GRIT6_2        0.320         0.356
 GRIT7_2        0.172         0.399         0.123
 GRIT8_2        0.258         0.553         0.326         0.487


THE MODEL ESTIMATION TERMINATED NORMALLY



MODEL FIT INFORMATION

Number of Free Parameters                       31

Chi-Square Test of Model Fit

          Value                             78.902*
          Degrees of Freedom                    29
          P-Value                           0.0000

Chi-Square Contribution From Each Group

          CONTROL                           27.344
          TREATED                           51.558

Chi-Square Test for Difference Testing

          Value                             48.140*
          Degrees of Freedom                    19
          P-Value                           0.0002

*   The chi-square value for MLM, MLMV, MLR, ULSMV, WLSM and WLSMV cannot be used
    for chi-square difference testing in the regular way.  MLM, MLR and WLSM
    chi-square difference testing is described on the Mplus website.  MLMV, WLSMV,
    and ULSMV difference testing is done using the DIFFTEST option.  The DIFFTEST
    option assumes the models are nested.  The NESTED option can be used to verify
    that the models are nested.

RMSEA (Root Mean Square Error Of Approximation)

          Estimate                           0.047
          90 Percent C.I.                    0.035  0.059
          Probability RMSEA <= .05           0.643

CFI/TLI

          CFI                                0.976
          TLI                                0.984

Chi-Square Test of Model Fit for the Baseline Model

          Value                           2141.805
          Degrees of Freedom                    20
          P-Value                           0.0000

SRMR (Standardized Root Mean Square Residual)

          Value                              0.023

Optimum Function Value for Weighted Least-Squares Estimator

          Value                     0.20911592D-01



MODEL RESULTS

                                                    Two-Tailed
                    Estimate       S.E.  Est./S.E.    P-Value

Group CONTROL

 GRIT_2   BY
    GRIT1_2            0.329      0.031     10.569      0.000
    GRIT5_2            0.869      0.055     15.904      0.000
    GRIT6_2            0.444      0.033     13.531      0.000
    GRIT7_2            0.573      0.038     15.234      0.000
    GRIT8_2            1.198      0.084     14.225      0.000

 GRIT1_2  WITH
    GRIT6_2            0.228      0.035      6.485      0.000
    GRIT7_2            0.130      0.035      3.777      0.000

 Means
    GRIT_2             0.000      0.000    999.000    999.000

 Thresholds
    GRIT1_2$1         -1.212      0.044    -27.572      0.000
    GRIT1_2$2         -0.340      0.035     -9.615      0.000
    GRIT1_2$3          0.392      0.036     10.891      0.000
    GRIT1_2$4          1.705      0.056     30.322      0.000
    GRIT5_2$1         -1.975      0.077    -25.743      0.000
    GRIT5_2$2         -0.692      0.053    -13.140      0.000
    GRIT5_2$3          0.209      0.049      4.273      0.000
    GRIT5_2$4          1.431      0.063     22.656      0.000
    GRIT6_2$1         -2.094      0.073    -28.758      0.000
    GRIT6_2$2         -1.174      0.046    -25.413      0.000
    GRIT6_2$3         -0.160      0.037     -4.264      0.000
    GRIT6_2$4          1.374      0.049     28.052      0.000
    GRIT7_2$1         -0.869      0.044    -19.852      0.000
    GRIT7_2$2          0.404      0.041      9.748      0.000
    GRIT7_2$3          1.290      0.050     25.611      0.000
    GRIT7_2$4          2.172      0.075     29.117      0.000
    GRIT8_2$1         -2.396      0.116    -20.664      0.000
    GRIT8_2$2         -0.682      0.065    -10.572      0.000
    GRIT8_2$3          0.523      0.064      8.193      0.000
    GRIT8_2$4          2.151      0.106     20.379      0.000

 Variances
    GRIT_2             1.000      0.000    999.000    999.000

 Residual Variances
    GRIT1_2            1.000      0.000    999.000    999.000
    GRIT5_2            1.000      0.000    999.000    999.000
    GRIT6_2            1.000      0.000    999.000    999.000
    GRIT7_2            1.000      0.000    999.000    999.000
    GRIT8_2            1.000      0.000    999.000    999.000

Group TREATED

 GRIT_2   BY
    GRIT1_2            0.329      0.031     10.569      0.000
    GRIT5_2            0.869      0.055     15.904      0.000
    GRIT6_2            0.444      0.033     13.531      0.000
    GRIT7_2            0.573      0.038     15.234      0.000
    GRIT8_2            1.198      0.084     14.225      0.000

 GRIT1_2  WITH
    GRIT6_2            0.192      0.037      5.140      0.000
    GRIT7_2           -0.027      0.042     -0.645      0.519

 Means
    GRIT_2             0.143      0.065      2.188      0.029

 Thresholds
    GRIT1_2$1         -1.212      0.044    -27.572      0.000
    GRIT1_2$2         -0.340      0.035     -9.615      0.000
    GRIT1_2$3          0.392      0.036     10.891      0.000
    GRIT1_2$4          1.705      0.056     30.322      0.000
    GRIT5_2$1         -1.975      0.077    -25.743      0.000
    GRIT5_2$2         -0.692      0.053    -13.140      0.000
    GRIT5_2$3          0.209      0.049      4.273      0.000
    GRIT5_2$4          1.431      0.063     22.656      0.000
    GRIT6_2$1         -2.094      0.073    -28.758      0.000
    GRIT6_2$2         -1.174      0.046    -25.413      0.000
    GRIT6_2$3         -0.160      0.037     -4.264      0.000
    GRIT6_2$4          1.374      0.049     28.052      0.000
    GRIT7_2$1         -0.869      0.044    -19.852      0.000
    GRIT7_2$2          0.404      0.041      9.748      0.000
    GRIT7_2$3          1.290      0.050     25.611      0.000
    GRIT7_2$4          2.172      0.075     29.117      0.000
    GRIT8_2$1         -2.396      0.116    -20.664      0.000
    GRIT8_2$2         -0.682      0.065    -10.572      0.000
    GRIT8_2$3          0.523      0.064      8.193      0.000
    GRIT8_2$4          2.151      0.106     20.379      0.000

 Variances
    GRIT_2             1.312      0.141      9.285      0.000

 Residual Variances
    GRIT1_2            1.000      0.000    999.000    999.000
    GRIT5_2            1.000      0.000    999.000    999.000
    GRIT6_2            1.000      0.000    999.000    999.000
    GRIT7_2            1.000      0.000    999.000    999.000
    GRIT8_2            1.000      0.000    999.000    999.000


STANDARDIZED MODEL RESULTS


STDYX Standardization

                                                    Two-Tailed
                    Estimate       S.E.  Est./S.E.    P-Value

Group CONTROL

 GRIT_2   BY
    GRIT1_2            0.313      0.027     11.715      0.000
    GRIT5_2            0.656      0.023     27.922      0.000
    GRIT6_2            0.406      0.025     16.194      0.000
    GRIT7_2            0.497      0.025     20.234      0.000
    GRIT8_2            0.768      0.022     34.638      0.000

 GRIT1_2  WITH
    GRIT6_2            0.228      0.035      6.485      0.000
    GRIT7_2            0.130      0.035      3.777      0.000

 Means
    GRIT_2             0.000      0.000    999.000    999.000

 Thresholds
    GRIT1_2$1         -1.151      0.042    -27.535      0.000
    GRIT1_2$2         -0.323      0.034     -9.591      0.000
    GRIT1_2$3          0.372      0.034     10.947      0.000
    GRIT1_2$4          1.619      0.053     30.826      0.000
    GRIT5_2$1         -1.491      0.055    -27.342      0.000
    GRIT5_2$2         -0.522      0.039    -13.434      0.000
    GRIT5_2$3          0.158      0.037      4.285      0.000
    GRIT5_2$4          1.080      0.044     24.350      0.000
    GRIT6_2$1         -1.914      0.067    -28.552      0.000
    GRIT6_2$2         -1.073      0.042    -25.552      0.000
    GRIT6_2$3         -0.146      0.034     -4.264      0.000
    GRIT6_2$4          1.256      0.044     28.553      0.000
    GRIT7_2$1         -0.754      0.038    -19.733      0.000
    GRIT7_2$2          0.351      0.036      9.826      0.000
    GRIT7_2$3          1.119      0.043     26.063      0.000
    GRIT7_2$4          1.884      0.064     29.262      0.000
    GRIT8_2$1         -1.536      0.060    -25.484      0.000
    GRIT8_2$2         -0.437      0.040    -11.063      0.000
    GRIT8_2$3          0.335      0.039      8.499      0.000
    GRIT8_2$4          1.378      0.053     25.774      0.000

 Variances
    GRIT_2             1.000      0.000    999.000    999.000

 Residual Variances
    GRIT1_2            0.902      0.017     54.001      0.000
    GRIT5_2            0.570      0.031     18.476      0.000
    GRIT6_2            0.836      0.020     41.141      0.000
    GRIT7_2            0.753      0.024     30.827      0.000
    GRIT8_2            0.411      0.034     12.069      0.000

Group TREATED

 GRIT_2   BY
    GRIT1_2            0.353      0.029     12.187      0.000
    GRIT5_2            0.706      0.023     31.347      0.000
    GRIT6_2            0.453      0.026     17.158      0.000
    GRIT7_2            0.549      0.024     22.504      0.000
    GRIT8_2            0.808      0.020     40.198      0.000

 GRIT1_2  WITH
    GRIT6_2            0.192      0.037      5.140      0.000
    GRIT7_2           -0.027      0.042     -0.645      0.519

 Means
    GRIT_2             0.125      0.057      2.198      0.028

 Thresholds
    GRIT1_2$1         -1.134      0.042    -27.204      0.000
    GRIT1_2$2         -0.318      0.033     -9.563      0.000
    GRIT1_2$3          0.367      0.033     10.958      0.000
    GRIT1_2$4          1.595      0.052     30.683      0.000
    GRIT5_2$1         -1.400      0.054    -25.863      0.000
    GRIT5_2$2         -0.490      0.037    -13.227      0.000
    GRIT5_2$3          0.148      0.035      4.295      0.000
    GRIT5_2$4          1.014      0.043     23.641      0.000
    GRIT6_2$1         -1.867      0.067    -27.807      0.000
    GRIT6_2$2         -1.047      0.041    -25.238      0.000
    GRIT6_2$3         -0.142      0.033     -4.258      0.000
    GRIT6_2$4          1.225      0.043     28.383      0.000
    GRIT7_2$1         -0.726      0.038    -19.323      0.000
    GRIT7_2$2          0.338      0.034      9.851      0.000
    GRIT7_2$3          1.078      0.041     26.001      0.000
    GRIT7_2$4          1.816      0.063     28.968      0.000
    GRIT8_2$1         -1.411      0.057    -24.560      0.000
    GRIT8_2$2         -0.402      0.037    -10.797      0.000
    GRIT8_2$3          0.308      0.036      8.451      0.000
    GRIT8_2$4          1.267      0.052     24.444      0.000

 Variances
    GRIT_2             1.000      0.000    999.000    999.000

 Residual Variances
    GRIT1_2            0.875      0.020     42.821      0.000
    GRIT5_2            0.502      0.032     15.810      0.000
    GRIT6_2            0.795      0.024     33.227      0.000
    GRIT7_2            0.699      0.027     26.134      0.000
    GRIT8_2            0.347      0.032     10.677      0.000


R-SQUARE

Group CONTROL

    Observed                                        Two-Tailed     Scale
    Variable        Estimate       S.E.  Est./S.E.    P-Value     Factors

    GRIT1_2            0.098      0.017      5.858      0.000      0.950
    GRIT5_2            0.430      0.031     13.961      0.000      0.755
    GRIT6_2            0.164      0.020      8.097      0.000      0.914
    GRIT7_2            0.247      0.024     10.117      0.000      0.868
    GRIT8_2            0.589      0.034     17.319      0.000      0.641

Group TREATED

    Observed                                        Two-Tailed     Scale
    Variable        Estimate       S.E.  Est./S.E.    P-Value     Factors

    GRIT1_2            0.125      0.020      6.094      0.000      0.936
    GRIT5_2            0.498      0.032     15.673      0.000      0.709
    GRIT6_2            0.205      0.024      8.579      0.000      0.892
    GRIT7_2            0.301      0.027     11.252      0.000      0.836
    GRIT8_2            0.653      0.032     20.099      0.000      0.589


QUALITY OF NUMERICAL RESULTS

     Condition Number for the Information Matrix              0.867E-02
       (ratio of smallest to largest eigenvalue)


MODEL MODIFICATION INDICES

Minimum M.I. value for printing the modification index    10.000

                                   M.I.     E.P.C.  Std E.P.C.  StdYX E.P.C.
Group CONTROL


Means/Intercepts/Thresholds

[ GRIT6_2  ]                      12.442    -0.149     -0.149       -0.137
[ GRIT1_2$ ]                      13.434     0.111      0.111        0.105

Group TREATED


ON Statements

GRIT6_2  ON GRIT7_2               16.389    -0.143     -0.143       -0.152
GRIT7_2  ON GRIT6_2               10.811    -0.131     -0.131       -0.123

WITH Statements

GRIT7_2  WITH GRIT6_2             14.607    -0.171     -0.171       -0.171

Means/Intercepts/Thresholds

[ GRIT6_2  ]                      12.436     0.149      0.149        0.133
[ GRIT1_2$ ]                      13.436    -0.121     -0.121       -0.113



SAVEDATA INFORMATION


  Difference testing

  Save file
    grit2_student_tx_inv_scalar.dat
  Save format      Free

     Beginning Time:  22:21:36
        Ending Time:  22:21:36
       Elapsed Time:  00:00:00



MUTHEN & MUTHEN
3463 Stoner Ave.
Los Angeles, CA  90066

Tel: (310) 391-9971
Fax: (310) 391-8971
Web: www.StatModel.com
Support: Support@StatModel.com

Copyright (c) 1998-2019 Muthen & Muthen
