Mplus VERSION 8.4 (Mac)
MUTHEN & MUTHEN
04/30/2023  11:02 PM

INPUT INSTRUCTIONS

  Title: Student Grit Baseline CFA;

  Data:
     File is ../dat_stu.txt;

  Variable:
     Names are studentid index treatment girl age_w child_grade in_ukr
     guardian_living guardian_region
     grit1_1 grit2_1 grit3_1 grit4_1 grit5_1 grit6_1 grit7_1 grit8_1
     loc1_1 loc2_1 loc3_1 loc4_1
     dass1_1 dass2_1 dass3_1 dass4_1 dass5_1 dass6_1 dass7_1 dass8_1
     dass9_1 dass10_1 dass11_1 dass12_1 dass13_1 dass14_1
     sleep1_1 sleep2_1 sleep3_1 sleep4_1 sleep5_1 sleep6_1 sleep7_1
     efficacy_1 edugoals_1 remotediff_1 timeclass_1 timehomework_1
     grit1_2 grit2_2 grit3_2 grit4_2 grit5_2 grit6_2 grit7_2 grit8_2
     loc1_2 loc2_2 loc3_2 loc4_2
     dass1_2 dass2_2 dass3_2 dass4_2 dass5_2 dass6_2 dass7_2 dass8_2
     dass9_2 dass10_2 dass11_2 dass12_2 dass13_2 dass14_2
     efficacy_2 edugoals_2 timeclass_2 timehomework_2 compmath_2 half;
     Missing are . ;

    Usevariable are
  	grit1_1 grit5_1 grit6_1 grit7_1 grit8_1;

    Categorical is
  	grit1_1 grit5_1 grit6_1 grit7_1 grit8_1;

    Idvariable is studentid;

    Useobservations is half eq 0;

  Analysis:
     Estimator = wlsmv;

  Model:
    grit_1 by
      grit1_1  grit5_1 grit6_1 grit7_1 grit8_1;

    grit1_1 with grit6_1; !worded positively
    grit1_1 with grit7_1; !both about schoolwork

  Output: sampstat stdyx modindices(all);



INPUT READING TERMINATED NORMALLY



Student Grit Baseline CFA;

SUMMARY OF ANALYSIS

Number of groups                                                 1
Number of observations                                        1272

Number of dependent variables                                    5
Number of independent variables                                  0
Number of continuous latent variables                            1

Observed dependent variables

  Binary and ordered categorical (ordinal)
   GRIT1_1     GRIT5_1     GRIT6_1     GRIT7_1     GRIT8_1

Continuous latent variables
   GRIT_1

Variables with special functions

  ID variable           STUDENTI

Estimator                                                    WLSMV
Maximum number of iterations                                  1000
Convergence criterion                                    0.500D-04
Maximum number of steepest descent iterations                   20
Maximum number of iterations for H1                           2000
Convergence criterion for H1                             0.100D-03
Parameterization                                             DELTA
Link                                                        PROBIT

Input data file(s)
  ../dat_stu.txt

Input data format  FREE


SUMMARY OF DATA

     Number of missing data patterns             1


COVARIANCE COVERAGE OF DATA

Minimum covariance coverage value   0.100


     PROPORTION OF DATA PRESENT


           Covariance Coverage
              GRIT1_1       GRIT5_1       GRIT6_1       GRIT7_1       GRIT8_1
              ________      ________      ________      ________      ________
 GRIT1_1        1.000
 GRIT5_1        1.000         1.000
 GRIT6_1        1.000         1.000         1.000
 GRIT7_1        1.000         1.000         1.000         1.000
 GRIT8_1        1.000         1.000         1.000         1.000         1.000


UNIVARIATE PROPORTIONS AND COUNTS FOR CATEGORICAL VARIABLES

    GRIT1_1
      Category 1    0.106          135.000
      Category 2    0.241          306.000
      Category 3    0.266          338.000
      Category 4    0.342          435.000
      Category 5    0.046           58.000
    GRIT5_1
      Category 1    0.055           70.000
      Category 2    0.279          355.000
      Category 3    0.237          302.000
      Category 4    0.307          390.000
      Category 5    0.122          155.000
    GRIT6_1
      Category 1    0.032           41.000
      Category 2    0.144          183.000
      Category 3    0.311          395.000
      Category 4    0.440          560.000
      Category 5    0.073           93.000
    GRIT7_1
      Category 1    0.207          263.000
      Category 2    0.472          601.000
      Category 3    0.160          204.000
      Category 4    0.127          161.000
      Category 5    0.034           43.000
    GRIT8_1
      Category 1    0.053           67.000
      Category 2    0.310          394.000
      Category 3    0.259          329.000
      Category 4    0.300          381.000
      Category 5    0.079          101.000


SAMPLE STATISTICS


     ESTIMATED SAMPLE STATISTICS


           MEANS/INTERCEPTS/THRESHOLDS
              GRIT1_1$      GRIT1_1$      GRIT1_1$      GRIT1_1$      GRIT5_1$
              ________      ________      ________      ________      ________
               -1.247        -0.394         0.286         1.689        -1.598


           MEANS/INTERCEPTS/THRESHOLDS
              GRIT5_1$      GRIT5_1$      GRIT5_1$      GRIT6_1$      GRIT6_1$
              ________      ________      ________      ________      ________
               -0.429         0.180         1.166        -1.849        -0.930


           MEANS/INTERCEPTS/THRESHOLDS
              GRIT6_1$      GRIT6_1$      GRIT7_1$      GRIT7_1$      GRIT7_1$
              ________      ________      ________      ________      ________
               -0.034         1.453        -0.818         0.466         0.993


           MEANS/INTERCEPTS/THRESHOLDS
              GRIT7_1$      GRIT8_1$      GRIT8_1$      GRIT8_1$      GRIT8_1$
              ________      ________      ________      ________      ________
                1.828        -1.619        -0.352         0.308         1.409


           CORRELATION MATRIX (WITH VARIANCES ON THE DIAGONAL)
              GRIT1_1       GRIT5_1       GRIT6_1       GRIT7_1       GRIT8_1
              ________      ________      ________      ________      ________
 GRIT1_1
 GRIT5_1        0.113
 GRIT6_1        0.363         0.331
 GRIT7_1        0.303         0.303         0.270
 GRIT8_1        0.218         0.454         0.373         0.487


THE MODEL ESTIMATION TERMINATED NORMALLY



MODEL FIT INFORMATION

Number of Free Parameters                       27

Chi-Square Test of Model Fit

          Value                             19.317*
          Degrees of Freedom                     3
          P-Value                           0.0002

*   The chi-square value for MLM, MLMV, MLR, ULSMV, WLSM and WLSMV cannot be used
    for chi-square difference testing in the regular way.  MLM, MLR and WLSM
    chi-square difference testing is described on the Mplus website.  MLMV, WLSMV,
    and ULSMV difference testing is done using the DIFFTEST option.

RMSEA (Root Mean Square Error Of Approximation)

          Estimate                           0.065
          90 Percent C.I.                    0.040  0.095
          Probability RMSEA <= .05           0.151

CFI/TLI

          CFI                                0.991
          TLI                                0.969

Chi-Square Test of Model Fit for the Baseline Model

          Value                           1766.777
          Degrees of Freedom                    10
          P-Value                           0.0000

SRMR (Standardized Root Mean Square Residual)

          Value                              0.013

Optimum Function Value for Weighted Least-Squares Estimator

          Value                     0.38695896D-02



MODEL RESULTS

                                                    Two-Tailed
                    Estimate       S.E.  Est./S.E.    P-Value

 GRIT_1   BY
    GRIT1_1            1.000      0.000    999.000    999.000
    GRIT5_1            2.284      0.283      8.070      0.000
    GRIT6_1            1.963      0.226      8.686      0.000
    GRIT7_1            2.320      0.278      8.341      0.000
    GRIT8_1            3.244      0.410      7.917      0.000

 GRIT1_1  WITH
    GRIT6_1            0.241      0.026      9.402      0.000
    GRIT7_1            0.158      0.023      6.800      0.000

 Thresholds
    GRIT1_1$1         -1.247      0.047    -26.468      0.000
    GRIT1_1$2         -0.394      0.036    -10.905      0.000
    GRIT1_1$3          0.286      0.036      8.008      0.000
    GRIT1_1$4          1.689      0.061     27.665      0.000
    GRIT5_1$1         -1.598      0.057    -27.813      0.000
    GRIT5_1$2         -0.429      0.036    -11.793      0.000
    GRIT5_1$3          0.180      0.035      5.100      0.000
    GRIT5_1$4          1.166      0.045     25.701      0.000
    GRIT6_1$1         -1.849      0.069    -26.959      0.000
    GRIT6_1$2         -0.930      0.041    -22.544      0.000
    GRIT6_1$3         -0.034      0.035     -0.953      0.340
    GRIT6_1$4          1.453      0.053     27.636      0.000
    GRIT7_1$1         -0.818      0.040    -20.565      0.000
    GRIT7_1$2          0.466      0.037     12.735      0.000
    GRIT7_1$3          0.993      0.042     23.516      0.000
    GRIT7_1$4          1.828      0.067     27.084      0.000
    GRIT8_1$1         -1.619      0.058    -27.795      0.000
    GRIT8_1$2         -0.352      0.036     -9.793      0.000
    GRIT8_1$3          0.308      0.036      8.622      0.000
    GRIT8_1$4          1.409      0.051     27.478      0.000

 Variances
    GRIT_1             0.062      0.015      4.118      0.000


STANDARDIZED MODEL RESULTS


STDYX Standardization

                                                    Two-Tailed
                    Estimate       S.E.  Est./S.E.    P-Value

 GRIT_1   BY
    GRIT1_1            0.249      0.030      8.236      0.000
    GRIT5_1            0.569      0.023     24.381      0.000
    GRIT6_1            0.489      0.026     19.175      0.000
    GRIT7_1            0.578      0.024     24.511      0.000
    GRIT8_1            0.809      0.022     37.542      0.000

 GRIT1_1  WITH
    GRIT6_1            0.285      0.028     10.075      0.000
    GRIT7_1            0.201      0.028      7.051      0.000

 Thresholds
    GRIT1_1$1         -1.247      0.047    -26.468      0.000
    GRIT1_1$2         -0.394      0.036    -10.905      0.000
    GRIT1_1$3          0.286      0.036      8.008      0.000
    GRIT1_1$4          1.689      0.061     27.665      0.000
    GRIT5_1$1         -1.598      0.057    -27.813      0.000
    GRIT5_1$2         -0.429      0.036    -11.793      0.000
    GRIT5_1$3          0.180      0.035      5.100      0.000
    GRIT5_1$4          1.166      0.045     25.701      0.000
    GRIT6_1$1         -1.849      0.069    -26.959      0.000
    GRIT6_1$2         -0.930      0.041    -22.544      0.000
    GRIT6_1$3         -0.034      0.035     -0.953      0.340
    GRIT6_1$4          1.453      0.053     27.636      0.000
    GRIT7_1$1         -0.818      0.040    -20.565      0.000
    GRIT7_1$2          0.466      0.037     12.735      0.000
    GRIT7_1$3          0.993      0.042     23.516      0.000
    GRIT7_1$4          1.828      0.067     27.084      0.000
    GRIT8_1$1         -1.619      0.058    -27.795      0.000
    GRIT8_1$2         -0.352      0.036     -9.793      0.000
    GRIT8_1$3          0.308      0.036      8.622      0.000
    GRIT8_1$4          1.409      0.051     27.478      0.000

 Variances
    GRIT_1             1.000      0.000    999.000    999.000


R-SQUARE

    Observed                                        Two-Tailed   Residual
    Variable        Estimate       S.E.  Est./S.E.    P-Value    Variance

    GRIT1_1            0.062      0.015      4.118      0.000      0.938
    GRIT5_1            0.324      0.027     12.190      0.000      0.676
    GRIT6_1            0.239      0.025      9.587      0.000      0.761
    GRIT7_1            0.334      0.027     12.256      0.000      0.666
    GRIT8_1            0.654      0.035     18.771      0.000      0.346


QUALITY OF NUMERICAL RESULTS

     Condition Number for the Information Matrix              0.111E-04
       (ratio of smallest to largest eigenvalue)


MODEL MODIFICATION INDICES

Minimum M.I. value for printing the modification index    10.000

                                   M.I.     E.P.C.  Std E.P.C.  StdYX E.P.C.

ON Statements

GRIT5_1  ON GRIT6_1               14.397     0.088      0.088        0.088
GRIT6_1  ON GRIT5_1               17.343     0.095      0.095        0.095
GRIT7_1  ON GRIT8_1               10.012     0.117      0.117        0.117
GRIT8_1  ON GRIT7_1               13.120     0.140      0.140        0.140

WITH Statements

GRIT6_1  WITH GRIT5_1             17.344     0.095      0.095        0.133
GRIT8_1  WITH GRIT7_1             10.012     0.117      0.117        0.245


     Beginning Time:  23:02:11
        Ending Time:  23:02:11
       Elapsed Time:  00:00:00



MUTHEN & MUTHEN
3463 Stoner Ave.
Los Angeles, CA  90066

Tel: (310) 391-9971
Fax: (310) 391-8971
Web: www.StatModel.com
Support: Support@StatModel.com

Copyright (c) 1998-2019 Muthen & Muthen
