Mplus VERSION 8.4 (Mac)
MUTHEN & MUTHEN
04/29/2023  10:21 PM

INPUT INSTRUCTIONS

  Title: Student Grit Gender Measurement Invariance Metric Model;

  Data:
     File is ../dat_stu.txt;

  Variable:
     Names are studentid index treatment girl age_w child_grade in_ukr
     guardian_living guardian_region
     grit1_1 grit2_1 grit3_1 grit4_1 grit5_1 grit6_1 grit7_1 grit8_1
     loc1_1 loc2_1 loc3_1 loc4_1
     dass1_1 dass2_1 dass3_1 dass4_1 dass5_1 dass6_1 dass7_1 dass8_1
     dass9_1 dass10_1 dass11_1 dass12_1 dass13_1 dass14_1
     sleep1_1 sleep2_1 sleep3_1 sleep4_1 sleep5_1 sleep6_1 sleep7_1
     efficacy_1 edugoals_1 remotediff_1 timeclass_1 timehomework_1
     grit1_2 grit2_2 grit3_2 grit4_2 grit5_2 grit6_2 grit7_2 grit8_2
     loc1_2 loc2_2 loc3_2 loc4_2
     dass1_2 dass2_2 dass3_2 dass4_2 dass5_2 dass6_2 dass7_2 dass8_2
     dass9_2 dass10_2 dass11_2 dass12_2 dass13_2 dass14_2
     efficacy_2 edugoals_2 timeclass_2 timehomework_2 compmath_2 half;
     Missing are . ;

    Usevariable are
  	grit1_1 grit5_1 grit6_1 grit7_1 grit8_1;

    Categorical is
  	grit1_1 grit5_1 grit6_1 grit7_1 grit8_1;

    Idvariable is studentid;

    Group is girl (1 = Female 0 = Male);

  Analysis:
     Estimator = wlsmv;
     Parameterization = theta;
     Difftest = grit1_student_gender_inv_config.dat


  !!! Model for Male !!!

  Model:
    ! Factor loadings all freely estimated
    grit_1 by
      grit1_1* grit5_1* grit6_1* grit7_1* grit8_1* (L1-L5);

    grit1_1 with grit6_1; !worded positively
    grit1_1 with grit7_1; !both about schoolwork

    !estimating thresholds freely
    [grit1_1$1* grit5_1$1* grit6_1$1* grit7_1$1* grit8_1$1*] (T1_1 T5_1 T6_1 T7_1 T8_1);
    [grit1_1$2* grit5_1$2* grit6_1$2* grit7_1$2* grit8_1$2*] (T1_2 T5_2 T6_2 T7_2 T8_2);
    [grit1_1$3* grit5_1$3* grit6_1$3* grit7_1$3* grit8_1$3*] (T1_3 T5_3 T6_3 T7_3 T8_3);
    [grit1_1$4* grit5_1$4* grit6_1$4* grit7_1$4* grit8_1$4*] (T1_4 T5_4 T6_4 T7_4 T8_4);

    !constraining item residual variance to 1 for identification
    grit1_1@1;
    grit5_1@1;
    grit6_1@1;
    grit7_1@1;
    grit8_1@1;

    !fixing latent mean to zero for identification
    [grit_1@0];

    !fixing latent variance to one for identification
    grit_1@1;


  !!! Model for Female !!!

  Model Female:
    ! Factor loadings constrained to *be equal to the control group*
    grit_1 by
      grit1_1* grit5_1* grit6_1* grit7_1* grit8_1* (L1-L5);

    grit1_1 with grit6_1; !worded positively
    grit1_1 with grit7_1; !both about schoolwork

    !estimating thresholds freely
    [grit1_1$1* grit5_1$1* grit6_1$1* grit7_1$1* grit8_1$1*];
    [grit1_1$2* grit5_1$2* grit6_1$2* grit7_1$2* grit8_1$2*];
    [grit1_1$3* grit5_1$3* grit6_1$3* grit7_1$3* grit8_1$3*];
    [grit1_1$4* grit5_1$4* grit6_1$4* grit7_1$4* grit8_1$4*];

    !constraining item residual variance to 1 for identification
    grit1_1@1;
    grit5_1@1;
    grit6_1@1;
    grit7_1@1;
    grit8_1@1;

    !fixing latent mean to zero for identification
    [grit_1@0];

    ! latent factor variance *estimated*
    grit_1*;

  Output: sampstat stdyx modindices(all);
  Savedata: Difftest is grit1_student_gender_inv_metric.dat;



INPUT READING TERMINATED NORMALLY



Student Grit Gender Measurement Invariance Metric Model;

SUMMARY OF ANALYSIS

Number of groups                                                 2
Number of observations
   Group MALE                                                 1133
   Group FEMALE                                               1411
   Total sample size                                          2544

Number of dependent variables                                    5
Number of independent variables                                  0
Number of continuous latent variables                            1

Observed dependent variables

  Binary and ordered categorical (ordinal)
   GRIT1_1     GRIT5_1     GRIT6_1     GRIT7_1     GRIT8_1

Continuous latent variables
   GRIT_1

Variables with special functions

  Grouping variable     GIRL
  ID variable           STUDENTI

Estimator                                                    WLSMV
Maximum number of iterations                                  1000
Convergence criterion                                    0.500D-04
Maximum number of steepest descent iterations                   20
Maximum number of iterations for H1                           2000
Convergence criterion for H1                             0.100D-03
Parameterization                                             THETA
Link                                                        PROBIT

Input data file(s)
  ../dat_stu.txt

Input data format  FREE


SUMMARY OF DATA

   Group MALE
     Number of missing data patterns             1

   Group FEMALE
     Number of missing data patterns             1


COVARIANCE COVERAGE OF DATA

Minimum covariance coverage value   0.100


     PROPORTION OF DATA PRESENT FOR MALE


           Covariance Coverage
              GRIT1_1       GRIT5_1       GRIT6_1       GRIT7_1       GRIT8_1
              ________      ________      ________      ________      ________
 GRIT1_1        1.000
 GRIT5_1        1.000         1.000
 GRIT6_1        1.000         1.000         1.000
 GRIT7_1        1.000         1.000         1.000         1.000
 GRIT8_1        1.000         1.000         1.000         1.000         1.000


     PROPORTION OF DATA PRESENT FOR FEMALE


           Covariance Coverage
              GRIT1_1       GRIT5_1       GRIT6_1       GRIT7_1       GRIT8_1
              ________      ________      ________      ________      ________
 GRIT1_1        1.000
 GRIT5_1        1.000         1.000
 GRIT6_1        1.000         1.000         1.000
 GRIT7_1        1.000         1.000         1.000         1.000
 GRIT8_1        1.000         1.000         1.000         1.000         1.000


UNIVARIATE PROPORTIONS AND COUNTS FOR CATEGORICAL VARIABLES

  Group MALE
    GRIT1_1
      Category 1    0.094          106.000
      Category 2    0.223          253.000
      Category 3    0.274          310.000
      Category 4    0.357          405.000
      Category 5    0.052           59.000
    GRIT5_1
      Category 1    0.064           73.000
      Category 2    0.285          323.000
      Category 3    0.259          294.000
      Category 4    0.298          338.000
      Category 5    0.093          105.000
    GRIT6_1
      Category 1    0.033           37.000
      Category 2    0.180          204.000
      Category 3    0.357          405.000
      Category 4    0.371          420.000
      Category 5    0.059           67.000
    GRIT7_1
      Category 1    0.207          235.000
      Category 2    0.470          533.000
      Category 3    0.182          206.000
      Category 4    0.122          138.000
      Category 5    0.019           21.000
    GRIT8_1
      Category 1    0.068           77.000
      Category 2    0.350          397.000
      Category 3    0.255          289.000
      Category 4    0.259          294.000
      Category 5    0.067           76.000

  Group FEMALE
    GRIT1_1
      Category 1    0.107          151.000
      Category 2    0.242          342.000
      Category 3    0.263          371.000
      Category 4    0.347          490.000
      Category 5    0.040           57.000
    GRIT5_1
      Category 1    0.036           51.000
      Category 2    0.276          389.000
      Category 3    0.227          321.000
      Category 4    0.322          454.000
      Category 5    0.139          196.000
    GRIT6_1
      Category 1    0.029           41.000
      Category 2    0.114          161.000
      Category 3    0.283          400.000
      Category 4    0.461          650.000
      Category 5    0.113          159.000
    GRIT7_1
      Category 1    0.184          259.000
      Category 2    0.482          680.000
      Category 3    0.167          236.000
      Category 4    0.131          185.000
      Category 5    0.036           51.000
    GRIT8_1
      Category 1    0.041           58.000
      Category 2    0.291          411.000
      Category 3    0.252          356.000
      Category 4    0.313          442.000
      Category 5    0.102          144.000


SAMPLE STATISTICS


     ESTIMATED SAMPLE STATISTICS FOR MALE


           MEANS/INTERCEPTS/THRESHOLDS
              GRIT1_1$      GRIT1_1$      GRIT1_1$      GRIT1_1$      GRIT5_1$
              ________      ________      ________      ________      ________
               -1.319        -0.477         0.229         1.625        -1.519


           MEANS/INTERCEPTS/THRESHOLDS
              GRIT5_1$      GRIT5_1$      GRIT5_1$      GRIT6_1$      GRIT6_1$
              ________      ________      ________      ________      ________
               -0.387         0.277         1.324        -1.843        -0.797


           MEANS/INTERCEPTS/THRESHOLDS
              GRIT6_1$      GRIT6_1$      GRIT7_1$      GRIT7_1$      GRIT7_1$
              ________      ________      ________      ________      ________
                0.177         1.562        -0.815         0.462         1.079


           MEANS/INTERCEPTS/THRESHOLDS
              GRIT7_1$      GRIT8_1$      GRIT8_1$      GRIT8_1$      GRIT8_1$
              ________      ________      ________      ________      ________
                2.085        -1.491        -0.206         0.449         1.498


           CORRELATION MATRIX (WITH VARIANCES ON THE DIAGONAL)
              GRIT1_1       GRIT5_1       GRIT6_1       GRIT7_1       GRIT8_1
              ________      ________      ________      ________      ________
 GRIT1_1
 GRIT5_1        0.084
 GRIT6_1        0.371         0.256
 GRIT7_1        0.291         0.299         0.240
 GRIT8_1        0.253         0.375         0.303         0.484


     ESTIMATED SAMPLE STATISTICS FOR FEMALE


           MEANS/INTERCEPTS/THRESHOLDS
              GRIT1_1$      GRIT1_1$      GRIT1_1$      GRIT1_1$      GRIT5_1$
              ________      ________      ________      ________      ________
               -1.243        -0.387         0.285         1.746        -1.797


           MEANS/INTERCEPTS/THRESHOLDS
              GRIT5_1$      GRIT5_1$      GRIT5_1$      GRIT6_1$      GRIT6_1$
              ________      ________      ________      ________      ________
               -0.491         0.099         1.085        -1.895        -1.066


           MEANS/INTERCEPTS/THRESHOLDS
              GRIT6_1$      GRIT6_1$      GRIT7_1$      GRIT7_1$      GRIT7_1$
              ________      ________      ________      ________      ________
               -0.185         1.212        -0.902         0.427         0.965


           MEANS/INTERCEPTS/THRESHOLDS
              GRIT7_1$      GRIT8_1$      GRIT8_1$      GRIT8_1$      GRIT8_1$
              ________      ________      ________      ________      ________
                1.797        -1.738        -0.433         0.214         1.270


           CORRELATION MATRIX (WITH VARIANCES ON THE DIAGONAL)
              GRIT1_1       GRIT5_1       GRIT6_1       GRIT7_1       GRIT8_1
              ________      ________      ________      ________      ________
 GRIT1_1
 GRIT5_1        0.195
 GRIT6_1        0.376         0.332
 GRIT7_1        0.272         0.345         0.243
 GRIT8_1        0.186         0.453         0.370         0.473


THE MODEL ESTIMATION TERMINATED NORMALLY



MODEL FIT INFORMATION

Number of Free Parameters                       50

Chi-Square Test of Model Fit

          Value                             43.555*
          Degrees of Freedom                    10
          P-Value                           0.0000

Chi-Square Contribution From Each Group

          MALE                              23.664
          FEMALE                            19.891

Chi-Square Test for Difference Testing

          Value                             11.926*
          Degrees of Freedom                     4
          P-Value                           0.0179

*   The chi-square value for MLM, MLMV, MLR, ULSMV, WLSM and WLSMV cannot be used
    for chi-square difference testing in the regular way.  MLM, MLR and WLSM
    chi-square difference testing is described on the Mplus website.  MLMV, WLSMV,
    and ULSMV difference testing is done using the DIFFTEST option.  The DIFFTEST
    option assumes the models are nested.  The NESTED option can be used to verify
    that the models are nested.

RMSEA (Root Mean Square Error Of Approximation)

          Estimate                           0.051
          90 Percent C.I.                    0.036  0.067
          Probability RMSEA <= .05           0.412

CFI/TLI

          CFI                                0.989
          TLI                                0.979

Chi-Square Test of Model Fit for the Baseline Model

          Value                           3189.811
          Degrees of Freedom                    20
          P-Value                           0.0000

SRMR (Standardized Root Mean Square Residual)

          Value                              0.017

Optimum Function Value for Weighted Least-Squares Estimator

          Value                     0.63740571D-02



MODEL RESULTS

                                                    Two-Tailed
                    Estimate       S.E.  Est./S.E.    P-Value

Group MALE

 GRIT_1   BY
    GRIT1_1            0.267      0.025     10.707      0.000
    GRIT5_1            0.644      0.035     18.384      0.000
    GRIT6_1            0.482      0.029     16.356      0.000
    GRIT7_1            0.699      0.037     19.152      0.000
    GRIT8_1            1.159      0.071     16.389      0.000

 GRIT1_1  WITH
    GRIT6_1            0.298      0.028     10.609      0.000
    GRIT7_1            0.180      0.030      5.924      0.000

 Means
    GRIT_1             0.000      0.000    999.000    999.000

 Thresholds
    GRIT1_1$1         -1.366      0.053    -25.542      0.000
    GRIT1_1$2         -0.493      0.040    -12.282      0.000
    GRIT1_1$3          0.237      0.039      6.087      0.000
    GRIT1_1$4          1.682      0.064     26.207      0.000
    GRIT5_1$1         -1.807      0.070    -25.921      0.000
    GRIT5_1$2         -0.460      0.046    -10.057      0.000
    GRIT5_1$3          0.329      0.045      7.323      0.000
    GRIT5_1$4          1.576      0.062     25.242      0.000
    GRIT6_1$1         -2.046      0.080    -25.466      0.000
    GRIT6_1$2         -0.885      0.047    -18.900      0.000
    GRIT6_1$3          0.196      0.042      4.723      0.000
    GRIT6_1$4          1.734      0.066     26.264      0.000
    GRIT7_1$1         -0.995      0.052    -19.297      0.000
    GRIT7_1$2          0.563      0.048     11.837      0.000
    GRIT7_1$3          1.317      0.058     22.868      0.000
    GRIT7_1$4          2.545      0.108     23.579      0.000
    GRIT8_1$1         -2.283      0.105    -21.729      0.000
    GRIT8_1$2         -0.315      0.058     -5.451      0.000
    GRIT8_1$3          0.688      0.062     11.082      0.000
    GRIT8_1$4          2.293      0.106     21.629      0.000

 Variances
    GRIT_1             1.000      0.000    999.000    999.000

 Residual Variances
    GRIT1_1            1.000      0.000    999.000    999.000
    GRIT5_1            1.000      0.000    999.000    999.000
    GRIT6_1            1.000      0.000    999.000    999.000
    GRIT7_1            1.000      0.000    999.000    999.000
    GRIT8_1            1.000      0.000    999.000    999.000

Group FEMALE

 GRIT_1   BY
    GRIT1_1            0.267      0.025     10.707      0.000
    GRIT5_1            0.644      0.035     18.384      0.000
    GRIT6_1            0.482      0.029     16.356      0.000
    GRIT7_1            0.699      0.037     19.152      0.000
    GRIT8_1            1.159      0.071     16.389      0.000

 GRIT1_1  WITH
    GRIT6_1            0.288      0.026     10.882      0.000
    GRIT7_1            0.132      0.029      4.547      0.000

 Means
    GRIT_1             0.000      0.000    999.000    999.000

 Thresholds
    GRIT1_1$1         -1.295      0.047    -27.798      0.000
    GRIT1_1$2         -0.403      0.036    -11.280      0.000
    GRIT1_1$3          0.297      0.035      8.430      0.000
    GRIT1_1$4          1.820      0.063     28.864      0.000
    GRIT5_1$1         -2.201      0.078    -28.056      0.000
    GRIT5_1$2         -0.601      0.043    -13.914      0.000
    GRIT5_1$3          0.121      0.041      2.956      0.003
    GRIT5_1$4          1.329      0.051     26.051      0.000
    GRIT6_1$1         -2.143      0.075    -28.711      0.000
    GRIT6_1$2         -1.206      0.047    -25.636      0.000
    GRIT6_1$3         -0.209      0.038     -5.495      0.000
    GRIT6_1$4          1.371      0.050     27.354      0.000
    GRIT7_1$1         -1.137      0.050    -22.647      0.000
    GRIT7_1$2          0.539      0.044     12.259      0.000
    GRIT7_1$3          1.216      0.051     23.758      0.000
    GRIT7_1$4          2.265      0.079     28.577      0.000
    GRIT8_1$1         -2.810      0.130    -21.684      0.000
    GRIT8_1$2         -0.701      0.060    -11.618      0.000
    GRIT8_1$3          0.346      0.055      6.286      0.000
    GRIT8_1$4          2.053      0.091     22.507      0.000

 Variances
    GRIT_1             1.202      0.115     10.429      0.000

 Residual Variances
    GRIT1_1            1.000      0.000    999.000    999.000
    GRIT5_1            1.000      0.000    999.000    999.000
    GRIT6_1            1.000      0.000    999.000    999.000
    GRIT7_1            1.000      0.000    999.000    999.000
    GRIT8_1            1.000      0.000    999.000    999.000


STANDARDIZED MODEL RESULTS


STDYX Standardization

                                                    Two-Tailed
                    Estimate       S.E.  Est./S.E.    P-Value

Group MALE

 GRIT_1   BY
    GRIT1_1            0.258      0.023     11.473      0.000
    GRIT5_1            0.542      0.021     26.017      0.000
    GRIT6_1            0.435      0.022     20.163      0.000
    GRIT7_1            0.573      0.020     28.523      0.000
    GRIT8_1            0.757      0.020     38.405      0.000

 GRIT1_1  WITH
    GRIT6_1            0.298      0.028     10.609      0.000
    GRIT7_1            0.180      0.030      5.924      0.000

 Means
    GRIT_1             0.000      0.000    999.000    999.000

 Thresholds
    GRIT1_1$1         -1.319      0.052    -25.485      0.000
    GRIT1_1$2         -0.477      0.039    -12.278      0.000
    GRIT1_1$3          0.229      0.038      6.086      0.000
    GRIT1_1$4          1.625      0.062     26.226      0.000
    GRIT5_1$1         -1.519      0.058    -26.219      0.000
    GRIT5_1$2         -0.387      0.038    -10.105      0.000
    GRIT5_1$3          0.277      0.038      7.329      0.000
    GRIT5_1$4          1.325      0.052     25.516      0.000
    GRIT6_1$1         -1.843      0.072    -25.476      0.000
    GRIT6_1$2         -0.797      0.042    -19.037      0.000
    GRIT6_1$3          0.177      0.037      4.721      0.000
    GRIT6_1$4          1.562      0.060     26.254      0.000
    GRIT7_1$1         -0.815      0.042    -19.368      0.000
    GRIT7_1$2          0.462      0.039     11.927      0.000
    GRIT7_1$3          1.079      0.046     23.308      0.000
    GRIT7_1$4          2.085      0.088     23.617      0.000
    GRIT8_1$1         -1.491      0.057    -26.178      0.000
    GRIT8_1$2         -0.206      0.038     -5.491      0.000
    GRIT8_1$3          0.449      0.039     11.630      0.000
    GRIT8_1$4          1.498      0.057     26.191      0.000

 Variances
    GRIT_1             1.000      0.000    999.000    999.000

 Residual Variances
    GRIT1_1            0.933      0.012     80.220      0.000
    GRIT5_1            0.707      0.023     31.330      0.000
    GRIT6_1            0.811      0.019     43.310      0.000
    GRIT7_1            0.671      0.023     29.147      0.000
    GRIT8_1            0.427      0.030     14.295      0.000

Group FEMALE

 GRIT_1   BY
    GRIT1_1            0.281      0.023     12.123      0.000
    GRIT5_1            0.577      0.019     30.141      0.000
    GRIT6_1            0.468      0.020     22.853      0.000
    GRIT7_1            0.609      0.019     32.038      0.000
    GRIT8_1            0.786      0.018     43.685      0.000

 GRIT1_1  WITH
    GRIT6_1            0.288      0.026     10.882      0.000
    GRIT7_1            0.132      0.029      4.547      0.000

 Means
    GRIT_1             0.000      0.000    999.000    999.000

 Thresholds
    GRIT1_1$1         -1.242      0.045    -27.833      0.000
    GRIT1_1$2         -0.387      0.034    -11.285      0.000
    GRIT1_1$3          0.285      0.034      8.427      0.000
    GRIT1_1$4          1.746      0.060     28.938      0.000
    GRIT5_1$1         -1.797      0.063    -28.697      0.000
    GRIT5_1$2         -0.491      0.035    -14.072      0.000
    GRIT5_1$3          0.099      0.033      2.955      0.003
    GRIT5_1$4          1.085      0.042     26.095      0.000
    GRIT6_1$1         -1.895      0.067    -28.075      0.000
    GRIT6_1$2         -1.066      0.041    -25.840      0.000
    GRIT6_1$3         -0.185      0.034     -5.508      0.000
    GRIT6_1$4          1.212      0.044     27.552      0.000
    GRIT7_1$1         -0.902      0.039    -23.246      0.000
    GRIT7_1$2          0.427      0.034     12.391      0.000
    GRIT7_1$3          0.965      0.040     24.325      0.000
    GRIT7_1$4          1.797      0.063     28.694      0.000
    GRIT8_1$1         -1.738      0.060    -28.969      0.000
    GRIT8_1$2         -0.433      0.035    -12.551      0.000
    GRIT8_1$3          0.214      0.034      6.359      0.000
    GRIT8_1$4          1.270      0.045     28.065      0.000

 Variances
    GRIT_1             1.000      0.000    999.000    999.000

 Residual Variances
    GRIT1_1            0.921      0.013     70.510      0.000
    GRIT5_1            0.667      0.022     30.193      0.000
    GRIT6_1            0.781      0.019     40.834      0.000
    GRIT7_1            0.630      0.023     27.234      0.000
    GRIT8_1            0.382      0.028     13.527      0.000


R-SQUARE

Group MALE

    Observed                                        Two-Tailed     Scale
    Variable        Estimate       S.E.  Est./S.E.    P-Value     Factors

    GRIT1_1            0.067      0.012      5.737      0.000      0.966
    GRIT5_1            0.293      0.023     13.008      0.000      0.841
    GRIT6_1            0.189      0.019     10.082      0.000      0.901
    GRIT7_1            0.329      0.023     14.261      0.000      0.819
    GRIT8_1            0.573      0.030     19.202      0.000      0.653

Group FEMALE

    Observed                                        Two-Tailed     Scale
    Variable        Estimate       S.E.  Est./S.E.    P-Value     Factors

    GRIT1_1            0.079      0.013      6.061      0.000      0.960
    GRIT5_1            0.333      0.022     15.070      0.000      0.817
    GRIT6_1            0.219      0.019     11.426      0.000      0.884
    GRIT7_1            0.370      0.023     16.019      0.000      0.794
    GRIT8_1            0.618      0.028     21.842      0.000      0.618


QUALITY OF NUMERICAL RESULTS

     Condition Number for the Information Matrix              0.537E-02
       (ratio of smallest to largest eigenvalue)


MODEL MODIFICATION INDICES

Minimum M.I. value for printing the modification index    10.000

                                   M.I.     E.P.C.  Std E.P.C.  StdYX E.P.C.
Group MALE


ON/BY Statements

GRIT5_1  ON GRIT_1   /
GRIT_1   BY GRIT5_1               10.216    -0.080     -0.080       -0.068

ON Statements

GRIT_1   ON GRIT5_1               10.221    -0.207     -0.207       -0.246
GRIT_1   ON GRIT7_1               10.658     0.243      0.243        0.297
GRIT7_1  ON GRIT8_1               12.249     0.112      0.112        0.141
GRIT8_1  ON GRIT1_1               10.686     0.149      0.149        0.101
GRIT8_1  ON GRIT7_1               16.765     0.206      0.206        0.164

WITH Statements

GRIT5_1  WITH GRIT_1              10.216    -0.207     -0.207       -0.207
GRIT8_1  WITH GRIT7_1             12.458     0.195      0.195        0.195

Variances/Residual Variances

GRIT5_1                           10.277     0.643      0.643        0.455

Group FEMALE


ON/BY Statements

GRIT5_1  ON GRIT_1   /
GRIT_1   BY GRIT5_1               10.196     0.126      0.138        0.113

ON Statements

GRIT_1   ON GRIT5_1               10.200     0.248      0.226        0.277
GRIT_1   ON GRIT7_1               10.055    -0.284     -0.259       -0.326
GRIT5_1  ON GRIT1_1               10.503     0.111      0.111        0.095
GRIT5_1  ON GRIT6_1               27.646     0.180      0.180        0.166
GRIT6_1  ON GRIT5_1               15.766     0.120      0.120        0.130
GRIT7_1  ON GRIT1_1               12.265    -0.427     -0.427       -0.353
GRIT7_1  ON GRIT6_1               11.754    -0.124     -0.124       -0.111

WITH Statements

GRIT5_1  WITH GRIT_1              10.196     0.248      0.226        0.226
GRIT6_1  WITH GRIT5_1             19.299     0.167      0.167        0.167

Variances/Residual Variances

GRIT5_1                           10.170    -0.640     -0.640       -0.427



SAVEDATA INFORMATION


  Difference testing

  Save file
    grit1_student_gender_inv_metric.dat
  Save format      Free

     Beginning Time:  22:21:38
        Ending Time:  22:21:38
       Elapsed Time:  00:00:00



MUTHEN & MUTHEN
3463 Stoner Ave.
Los Angeles, CA  90066

Tel: (310) 391-9971
Fax: (310) 391-8971
Web: www.StatModel.com
Support: Support@StatModel.com

Copyright (c) 1998-2019 Muthen & Muthen
