Mplus VERSION 8.4 (Mac)
MUTHEN & MUTHEN
04/29/2023  10:21 PM

INPUT INSTRUCTIONS

  Title: Student Grit Treatment Measurement Invariance Scalar Model;

  Data:
     File is ../dat_stu.txt;

  Variable:
     Names are studentid index treatment girl age_w child_grade in_ukr
     guardian_living guardian_region
     grit1_1 grit2_1 grit3_1 grit4_1 grit5_1 grit6_1 grit7_1 grit8_1
     loc1_1 loc2_1 loc3_1 loc4_1
     dass1_1 dass2_1 dass3_1 dass4_1 dass5_1 dass6_1 dass7_1 dass8_1
     dass9_1 dass10_1 dass11_1 dass12_1 dass13_1 dass14_1
     sleep1_1 sleep2_1 sleep3_1 sleep4_1 sleep5_1 sleep6_1 sleep7_1
     efficacy_1 edugoals_1 remotediff_1 timeclass_1 timehomework_1
     grit1_2 grit2_2 grit3_2 grit4_2 grit5_2 grit6_2 grit7_2 grit8_2
     loc1_2 loc2_2 loc3_2 loc4_2
     dass1_2 dass2_2 dass3_2 dass4_2 dass5_2 dass6_2 dass7_2 dass8_2
     dass9_2 dass10_2 dass11_2 dass12_2 dass13_2 dass14_2
     efficacy_2 edugoals_2 timeclass_2 timehomework_2 compmath_2 half;
     Missing are . ;

    Usevariable are
  	grit1_1 grit5_1 grit6_1 grit7_1 grit8_1;

    Categorical is
  	grit1_1 grit5_1 grit6_1 grit7_1 grit8_1;

    Idvariable is studentid;

    Group is treatment (1 = Treated 0 = Control);

  Analysis:
     Estimator = wlsmv;
     Parameterization = theta;
     Difftest = grit1_student_tx_inv_metric.dat


  !!! Model for Control Group !!!

  Model:
  ! Factor loadings all freely estimated
    grit_1 by
      grit1_1* grit5_1* grit6_1* grit7_1* grit8_1* (L1-L5);

    grit1_1 with grit6_1; !worded positively
    grit1_1 with grit7_1; !both about schoolwork

    !estimating thresholds freely
    [grit1_1$1* grit5_1$1* grit6_1$1* grit7_1$1* grit8_1$1*] (T1_1 T5_1 T6_1 T7_1 T8_1);
    [grit1_1$2* grit5_1$2* grit6_1$2* grit7_1$2* grit8_1$2*] (T1_2 T5_2 T6_2 T7_2 T8_2);
    [grit1_1$3* grit5_1$3* grit6_1$3* grit7_1$3* grit8_1$3*] (T1_3 T5_3 T6_3 T7_3 T8_3);
    [grit1_1$4* grit5_1$4* grit6_1$4* grit7_1$4* grit8_1$4*] (T1_4 T5_4 T6_4 T7_4 T8_4);

    !constraining item residual variance to 1 for identification
    grit1_1@1;
    grit5_1@1;
    grit6_1@1;
    grit7_1@1;
    grit8_1@1;

    !fixing latent mean to zero for identification
    [grit_1@0];

    !fixing latent variance to one for identification
    grit_1@1;

  !!! Model for Treatment Group !!!

  Model Treated:
    ! Factor loadings constrained to *be equal to the control group*
    grit_1 by
      grit1_1* grit5_1* grit6_1* grit7_1* grit8_1* (L1-L5);

    grit1_1 with grit6_1; !worded positively
    grit1_1 with grit7_1; !both about schoolwork

    ! *thresholds held equal to the control group when left blank*

    ! constraining item residual variance to 1 for identification
    grit1_1@1;
    grit5_1@1;
    grit6_1@1;
    grit7_1@1;
    grit8_1@1;

    ! latent factor mean *estimated*
    [grit_1*];

    ! latent factor variance *estimated*
    grit_1*;

  Output: sampstat stdyx modindices(all);
  Savedata: Difftest is grit1_student_tx_inv_scalar.dat;



INPUT READING TERMINATED NORMALLY



Student Grit Treatment Measurement Invariance Scalar Model;

SUMMARY OF ANALYSIS

Number of groups                                                 2
Number of observations
   Group CONTROL                                              1259
   Group TREATED                                              1285
   Total sample size                                          2544

Number of dependent variables                                    5
Number of independent variables                                  0
Number of continuous latent variables                            1

Observed dependent variables

  Binary and ordered categorical (ordinal)
   GRIT1_1     GRIT5_1     GRIT6_1     GRIT7_1     GRIT8_1

Continuous latent variables
   GRIT_1

Variables with special functions

  Grouping variable     TREATMEN
  ID variable           STUDENTI

Estimator                                                    WLSMV
Maximum number of iterations                                  1000
Convergence criterion                                    0.500D-04
Maximum number of steepest descent iterations                   20
Maximum number of iterations for H1                           2000
Convergence criterion for H1                             0.100D-03
Parameterization                                             THETA
Link                                                        PROBIT

Input data file(s)
  ../dat_stu.txt

Input data format  FREE


SUMMARY OF DATA

   Group CONTROL
     Number of missing data patterns             1

   Group TREATED
     Number of missing data patterns             1


COVARIANCE COVERAGE OF DATA

Minimum covariance coverage value   0.100


     PROPORTION OF DATA PRESENT FOR CONTROL


           Covariance Coverage
              GRIT1_1       GRIT5_1       GRIT6_1       GRIT7_1       GRIT8_1
              ________      ________      ________      ________      ________
 GRIT1_1        1.000
 GRIT5_1        1.000         1.000
 GRIT6_1        1.000         1.000         1.000
 GRIT7_1        1.000         1.000         1.000         1.000
 GRIT8_1        1.000         1.000         1.000         1.000         1.000


     PROPORTION OF DATA PRESENT FOR TREATED


           Covariance Coverage
              GRIT1_1       GRIT5_1       GRIT6_1       GRIT7_1       GRIT8_1
              ________      ________      ________      ________      ________
 GRIT1_1        1.000
 GRIT5_1        1.000         1.000
 GRIT6_1        1.000         1.000         1.000
 GRIT7_1        1.000         1.000         1.000         1.000
 GRIT8_1        1.000         1.000         1.000         1.000         1.000


UNIVARIATE PROPORTIONS AND COUNTS FOR CATEGORICAL VARIABLES

  Group CONTROL
    GRIT1_1
      Category 1    0.098          123.000
      Category 2    0.239          301.000
      Category 3    0.279          351.000
      Category 4    0.335          422.000
      Category 5    0.049           62.000
    GRIT5_1
      Category 1    0.041           52.000
      Category 2    0.272          342.000
      Category 3    0.242          305.000
      Category 4    0.327          412.000
      Category 5    0.118          148.000
    GRIT6_1
      Category 1    0.027           34.000
      Category 2    0.148          186.000
      Category 3    0.318          400.000
      Category 4    0.409          515.000
      Category 5    0.098          124.000
    GRIT7_1
      Category 1    0.196          247.000
      Category 2    0.479          603.000
      Category 3    0.172          217.000
      Category 4    0.124          156.000
      Category 5    0.029           36.000
    GRIT8_1
      Category 1    0.056           70.000
      Category 2    0.298          375.000
      Category 3    0.268          337.000
      Category 4    0.288          363.000
      Category 5    0.091          114.000

  Group TREATED
    GRIT1_1
      Category 1    0.104          134.000
      Category 2    0.229          294.000
      Category 3    0.257          330.000
      Category 4    0.368          473.000
      Category 5    0.042           54.000
    GRIT5_1
      Category 1    0.056           72.000
      Category 2    0.288          370.000
      Category 3    0.241          310.000
      Category 4    0.296          380.000
      Category 5    0.119          153.000
    GRIT6_1
      Category 1    0.034           44.000
      Category 2    0.139          179.000
      Category 3    0.315          405.000
      Category 4    0.432          555.000
      Category 5    0.079          102.000
    GRIT7_1
      Category 1    0.192          247.000
      Category 2    0.475          610.000
      Category 3    0.175          225.000
      Category 4    0.130          167.000
      Category 5    0.028           36.000
    GRIT8_1
      Category 1    0.051           65.000
      Category 2    0.337          433.000
      Category 3    0.240          308.000
      Category 4    0.290          373.000
      Category 5    0.082          106.000


SAMPLE STATISTICS


     ESTIMATED SAMPLE STATISTICS FOR CONTROL


           MEANS/INTERCEPTS/THRESHOLDS
              GRIT1_1$      GRIT1_1$      GRIT1_1$      GRIT1_1$      GRIT5_1$
              ________      ________      ________      ________      ________
               -1.295        -0.421         0.294         1.652        -1.736


           MEANS/INTERCEPTS/THRESHOLDS
              GRIT5_1$      GRIT5_1$      GRIT5_1$      GRIT6_1$      GRIT6_1$
              ________      ________      ________      ________      ________
               -0.488         0.139         1.187        -1.927        -0.936


           MEANS/INTERCEPTS/THRESHOLDS
              GRIT6_1$      GRIT6_1$      GRIT7_1$      GRIT7_1$      GRIT7_1$
              ________      ________      ________      ________      ________
               -0.019         1.290        -0.855         0.454         1.026


           MEANS/INTERCEPTS/THRESHOLDS
              GRIT7_1$      GRIT8_1$      GRIT8_1$      GRIT8_1$      GRIT8_1$
              ________      ________      ________      ________      ________
                1.902        -1.593        -0.376         0.308         1.337


           CORRELATION MATRIX (WITH VARIANCES ON THE DIAGONAL)
              GRIT1_1       GRIT5_1       GRIT6_1       GRIT7_1       GRIT8_1
              ________      ________      ________      ________      ________
 GRIT1_1
 GRIT5_1        0.151
 GRIT6_1        0.369         0.333
 GRIT7_1        0.288         0.297         0.244
 GRIT8_1        0.224         0.404         0.353         0.465


     ESTIMATED SAMPLE STATISTICS FOR TREATED


           MEANS/INTERCEPTS/THRESHOLDS
              GRIT1_1$      GRIT1_1$      GRIT1_1$      GRIT1_1$      GRIT5_1$
              ________      ________      ________      ________      ________
               -1.258        -0.431         0.227         1.728        -1.589


           MEANS/INTERCEPTS/THRESHOLDS
              GRIT5_1$      GRIT5_1$      GRIT5_1$      GRIT6_1$      GRIT6_1$
              ________      ________      ________      ________      ________
               -0.402         0.215         1.180        -1.822        -0.940


           MEANS/INTERCEPTS/THRESHOLDS
              GRIT6_1$      GRIT6_1$      GRIT7_1$      GRIT7_1$      GRIT7_1$
              ________      ________      ________      ________      ________
               -0.028         1.409        -0.870         0.431         1.003


           MEANS/INTERCEPTS/THRESHOLDS
              GRIT7_1$      GRIT8_1$      GRIT8_1$      GRIT8_1$      GRIT8_1$
              ________      ________      ________      ________      ________
                1.911        -1.639        -0.286         0.325         1.389


           CORRELATION MATRIX (WITH VARIANCES ON THE DIAGONAL)
              GRIT1_1       GRIT5_1       GRIT6_1       GRIT7_1       GRIT8_1
              ________      ________      ________      ________      ________
 GRIT1_1
 GRIT5_1        0.131
 GRIT6_1        0.356         0.280
 GRIT7_1        0.269         0.356         0.242
 GRIT8_1        0.197         0.446         0.348         0.494


THE MODEL ESTIMATION TERMINATED NORMALLY



MODEL FIT INFORMATION

Number of Free Parameters                       31

Chi-Square Test of Model Fit

          Value                             46.144*
          Degrees of Freedom                    29
          P-Value                           0.0227

Chi-Square Contribution From Each Group

          CONTROL                           29.197
          TREATED                           16.947

Chi-Square Test for Difference Testing

          Value                             19.399*
          Degrees of Freedom                    19
          P-Value                           0.4315

*   The chi-square value for MLM, MLMV, MLR, ULSMV, WLSM and WLSMV cannot be used
    for chi-square difference testing in the regular way.  MLM, MLR and WLSM
    chi-square difference testing is described on the Mplus website.  MLMV, WLSMV,
    and ULSMV difference testing is done using the DIFFTEST option.  The DIFFTEST
    option assumes the models are nested.  The NESTED option can be used to verify
    that the models are nested.

RMSEA (Root Mean Square Error Of Approximation)

          Estimate                           0.022
          90 Percent C.I.                    0.008  0.033
          Probability RMSEA <= .05           1.000

CFI/TLI

          CFI                                0.995
          TLI                                0.996

Chi-Square Test of Model Fit for the Baseline Model

          Value                           3190.944
          Degrees of Freedom                    20
          P-Value                           0.0000

SRMR (Standardized Root Mean Square Residual)

          Value                              0.015

Optimum Function Value for Weighted Least-Squares Estimator

          Value                     0.73286804D-02



MODEL RESULTS

                                                    Two-Tailed
                    Estimate       S.E.  Est./S.E.    P-Value

Group CONTROL

 GRIT_1   BY
    GRIT1_1            0.269      0.025     10.798      0.000
    GRIT5_1            0.681      0.035     19.708      0.000
    GRIT6_1            0.513      0.029     17.521      0.000
    GRIT7_1            0.728      0.036     19.964      0.000
    GRIT8_1            1.228      0.073     16.720      0.000

 GRIT1_1  WITH
    GRIT6_1            0.292      0.026     11.185      0.000
    GRIT7_1            0.173      0.030      5.690      0.000

 Means
    GRIT_1             0.000      0.000    999.000    999.000

 Thresholds
    GRIT1_1$1         -1.328      0.036    -37.123      0.000
    GRIT1_1$2         -0.448      0.028    -16.237      0.000
    GRIT1_1$3          0.263      0.027      9.738      0.000
    GRIT1_1$4          1.743      0.045     38.340      0.000
    GRIT5_1$1         -2.027      0.057    -35.786      0.000
    GRIT5_1$2         -0.555      0.036    -15.491      0.000
    GRIT5_1$3          0.199      0.034      5.778      0.000
    GRIT5_1$4          1.420      0.043     32.775      0.000
    GRIT6_1$1         -2.119      0.057    -36.919      0.000
    GRIT6_1$2         -1.069      0.036    -29.487      0.000
    GRIT6_1$3         -0.039      0.031     -1.264      0.206
    GRIT6_1$4          1.504      0.042     35.650      0.000
    GRIT7_1$1         -1.088      0.041    -26.527      0.000
    GRIT7_1$2          0.532      0.037     14.490      0.000
    GRIT7_1$3          1.241      0.042     29.424      0.000
    GRIT7_1$4          2.349      0.066     35.713      0.000
    GRIT8_1$1         -2.601      0.103    -25.338      0.000
    GRIT8_1$2         -0.556      0.052    -10.592      0.000
    GRIT8_1$3          0.475      0.051      9.244      0.000
    GRIT8_1$4          2.142      0.085     25.232      0.000

 Variances
    GRIT_1             1.000      0.000    999.000    999.000

 Residual Variances
    GRIT1_1            1.000      0.000    999.000    999.000
    GRIT5_1            1.000      0.000    999.000    999.000
    GRIT6_1            1.000      0.000    999.000    999.000
    GRIT7_1            1.000      0.000    999.000    999.000
    GRIT8_1            1.000      0.000    999.000    999.000

Group TREATED

 GRIT_1   BY
    GRIT1_1            0.269      0.025     10.798      0.000
    GRIT5_1            0.681      0.035     19.708      0.000
    GRIT6_1            0.513      0.029     17.521      0.000
    GRIT7_1            0.728      0.036     19.964      0.000
    GRIT8_1            1.228      0.073     16.720      0.000

 GRIT1_1  WITH
    GRIT6_1            0.273      0.029      9.377      0.000
    GRIT7_1            0.144      0.029      4.922      0.000

 Means
    GRIT_1            -0.048      0.049     -0.986      0.324

 Thresholds
    GRIT1_1$1         -1.328      0.036    -37.123      0.000
    GRIT1_1$2         -0.448      0.028    -16.237      0.000
    GRIT1_1$3          0.263      0.027      9.738      0.000
    GRIT1_1$4          1.743      0.045     38.340      0.000
    GRIT5_1$1         -2.027      0.057    -35.786      0.000
    GRIT5_1$2         -0.555      0.036    -15.491      0.000
    GRIT5_1$3          0.199      0.034      5.778      0.000
    GRIT5_1$4          1.420      0.043     32.775      0.000
    GRIT6_1$1         -2.119      0.057    -36.919      0.000
    GRIT6_1$2         -1.069      0.036    -29.487      0.000
    GRIT6_1$3         -0.039      0.031     -1.264      0.206
    GRIT6_1$4          1.504      0.042     35.650      0.000
    GRIT7_1$1         -1.088      0.041    -26.527      0.000
    GRIT7_1$2          0.532      0.037     14.490      0.000
    GRIT7_1$3          1.241      0.042     29.424      0.000
    GRIT7_1$4          2.349      0.066     35.713      0.000
    GRIT8_1$1         -2.601      0.103    -25.338      0.000
    GRIT8_1$2         -0.556      0.052    -10.592      0.000
    GRIT8_1$3          0.475      0.051      9.244      0.000
    GRIT8_1$4          2.142      0.085     25.232      0.000

 Variances
    GRIT_1             1.041      0.090     11.517      0.000

 Residual Variances
    GRIT1_1            1.000      0.000    999.000    999.000
    GRIT5_1            1.000      0.000    999.000    999.000
    GRIT6_1            1.000      0.000    999.000    999.000
    GRIT7_1            1.000      0.000    999.000    999.000
    GRIT8_1            1.000      0.000    999.000    999.000


STANDARDIZED MODEL RESULTS


STDYX Standardization

                                                    Two-Tailed
                    Estimate       S.E.  Est./S.E.    P-Value

Group CONTROL

 GRIT_1   BY
    GRIT1_1            0.260      0.022     11.578      0.000
    GRIT5_1            0.563      0.020     28.843      0.000
    GRIT6_1            0.456      0.021     22.125      0.000
    GRIT7_1            0.589      0.019     30.547      0.000
    GRIT8_1            0.775      0.018     41.922      0.000

 GRIT1_1  WITH
    GRIT6_1            0.292      0.026     11.185      0.000
    GRIT7_1            0.173      0.030      5.690      0.000

 Means
    GRIT_1             0.000      0.000    999.000    999.000

 Thresholds
    GRIT1_1$1         -1.283      0.034    -37.431      0.000
    GRIT1_1$2         -0.433      0.027    -16.304      0.000
    GRIT1_1$3          0.254      0.026      9.720      0.000
    GRIT1_1$4          1.684      0.044     38.410      0.000
    GRIT5_1$1         -1.675      0.046    -36.751      0.000
    GRIT5_1$2         -0.459      0.029    -15.737      0.000
    GRIT5_1$3          0.164      0.029      5.757      0.000
    GRIT5_1$4          1.174      0.037     32.024      0.000
    GRIT6_1$1         -1.886      0.051    -36.957      0.000
    GRIT6_1$2         -0.951      0.031    -30.224      0.000
    GRIT6_1$3         -0.035      0.027     -1.265      0.206
    GRIT6_1$4          1.339      0.038     35.601      0.000
    GRIT7_1$1         -0.880      0.032    -27.204      0.000
    GRIT7_1$2          0.430      0.030     14.468      0.000
    GRIT7_1$3          1.003      0.034     29.227      0.000
    GRIT7_1$4          1.899      0.055     34.345      0.000
    GRIT8_1$1         -1.643      0.050    -32.987      0.000
    GRIT8_1$2         -0.351      0.032    -11.009      0.000
    GRIT8_1$3          0.300      0.032      9.434      0.000
    GRIT8_1$4          1.353      0.044     30.818      0.000

 Variances
    GRIT_1             1.000      0.000    999.000    999.000

 Residual Variances
    GRIT1_1            0.933      0.012     80.132      0.000
    GRIT5_1            0.683      0.022     31.114      0.000
    GRIT6_1            0.792      0.019     42.097      0.000
    GRIT7_1            0.654      0.023     28.813      0.000
    GRIT8_1            0.399      0.029     13.907      0.000

Group TREATED

 GRIT_1   BY
    GRIT1_1            0.264      0.023     11.554      0.000
    GRIT5_1            0.570      0.019     29.776      0.000
    GRIT6_1            0.463      0.021     22.542      0.000
    GRIT7_1            0.596      0.019     31.814      0.000
    GRIT8_1            0.781      0.018     43.607      0.000

 GRIT1_1  WITH
    GRIT6_1            0.273      0.029      9.377      0.000
    GRIT7_1            0.144      0.029      4.922      0.000

 Means
    GRIT_1            -0.047      0.048     -0.986      0.324

 Thresholds
    GRIT1_1$1         -1.281      0.034    -37.281      0.000
    GRIT1_1$2         -0.432      0.027    -16.284      0.000
    GRIT1_1$3          0.254      0.026      9.723      0.000
    GRIT1_1$4          1.681      0.044     38.390      0.000
    GRIT5_1$1         -1.665      0.046    -36.307      0.000
    GRIT5_1$2         -0.456      0.029    -15.673      0.000
    GRIT5_1$3          0.163      0.028      5.770      0.000
    GRIT5_1$4          1.166      0.036     32.407      0.000
    GRIT6_1$1         -1.878      0.052    -36.384      0.000
    GRIT6_1$2         -0.947      0.032    -30.012      0.000
    GRIT6_1$3         -0.035      0.027     -1.265      0.206
    GRIT6_1$4          1.333      0.037     35.695      0.000
    GRIT7_1$1         -0.874      0.033    -26.867      0.000
    GRIT7_1$2          0.427      0.029     14.536      0.000
    GRIT7_1$3          0.996      0.034     29.513      0.000
    GRIT7_1$4          1.886      0.054     34.802      0.000
    GRIT8_1$1         -1.623      0.050    -32.256      0.000
    GRIT8_1$2         -0.347      0.032    -10.982      0.000
    GRIT8_1$3          0.296      0.031      9.491      0.000
    GRIT8_1$4          1.336      0.043     30.835      0.000

 Variances
    GRIT_1             1.000      0.000    999.000    999.000

 Residual Variances
    GRIT1_1            0.930      0.012     76.824      0.000
    GRIT5_1            0.675      0.022     30.858      0.000
    GRIT6_1            0.785      0.019     41.206      0.000
    GRIT7_1            0.644      0.022     28.829      0.000
    GRIT8_1            0.389      0.028     13.897      0.000


R-SQUARE

Group CONTROL

    Observed                                        Two-Tailed     Scale
    Variable        Estimate       S.E.  Est./S.E.    P-Value     Factors

    GRIT1_1            0.067      0.012      5.789      0.000      0.966
    GRIT5_1            0.317      0.022     14.421      0.000      0.827
    GRIT6_1            0.208      0.019     11.062      0.000      0.890
    GRIT7_1            0.346      0.023     15.273      0.000      0.808
    GRIT8_1            0.601      0.029     20.961      0.000      0.632

Group TREATED

    Observed                                        Two-Tailed     Scale
    Variable        Estimate       S.E.  Est./S.E.    P-Value     Factors

    GRIT1_1            0.070      0.012      5.777      0.000      0.964
    GRIT5_1            0.325      0.022     14.888      0.000      0.821
    GRIT6_1            0.215      0.019     11.271      0.000      0.886
    GRIT7_1            0.356      0.022     15.907      0.000      0.803
    GRIT8_1            0.611      0.028     21.803      0.000      0.624


QUALITY OF NUMERICAL RESULTS

     Condition Number for the Information Matrix              0.938E-02
       (ratio of smallest to largest eigenvalue)


MODEL MODIFICATION INDICES

Minimum M.I. value for printing the modification index    10.000

                                   M.I.     E.P.C.  Std E.P.C.  StdYX E.P.C.
Group CONTROL


ON Statements

GRIT6_1  ON GRIT5_1               14.673     0.105      0.105        0.113

WITH Statements

GRIT6_1  WITH GRIT5_1             14.819     0.138      0.138        0.138

Means/Intercepts/Thresholds

[ GRIT_1   ]                     999.000     0.000      0.000        0.000

Group TREATED


No modification indices above the minimum value.



SAVEDATA INFORMATION


  Difference testing

  Save file
    grit1_student_tx_inv_scalar.dat
  Save format      Free

     Beginning Time:  22:21:33
        Ending Time:  22:21:34
       Elapsed Time:  00:00:01



MUTHEN & MUTHEN
3463 Stoner Ave.
Los Angeles, CA  90066

Tel: (310) 391-9971
Fax: (310) 391-8971
Web: www.StatModel.com
Support: Support@StatModel.com

Copyright (c) 1998-2019 Muthen & Muthen
