Mplus VERSION 8.4 (Mac)
MUTHEN & MUTHEN
04/29/2023  10:21 PM

INPUT INSTRUCTIONS

  Title: Student Grit Baseline EFA;

  Data:
     File is ../dat_stu.txt;

  Variable:
     Names are studentid index treatment girl age_w child_grade in_ukr
     guardian_living guardian_region
     grit1_1 grit2_1 grit3_1 grit4_1 grit5_1 grit6_1 grit7_1 grit8_1
     loc1_1 loc2_1 loc3_1 loc4_1
     dass1_1 dass2_1 dass3_1 dass4_1 dass5_1 dass6_1 dass7_1 dass8_1
     dass9_1 dass10_1 dass11_1 dass12_1 dass13_1 dass14_1
     sleep1_1 sleep2_1 sleep3_1 sleep4_1 sleep5_1 sleep6_1 sleep7_1
     efficacy_1 edugoals_1 remotediff_1 timeclass_1 timehomework_1
     grit1_2 grit2_2 grit3_2 grit4_2 grit5_2 grit6_2 grit7_2 grit8_2
     loc1_2 loc2_2 loc3_2 loc4_2
     dass1_2 dass2_2 dass3_2 dass4_2 dass5_2 dass6_2 dass7_2 dass8_2
     dass9_2 dass10_2 dass11_2 dass12_2 dass13_2 dass14_2
     efficacy_2 edugoals_2 timeclass_2 timehomework_2 compmath_2 half;
     Missing are . ;

    Usevariable are
  	grit1_1 grit2_1 grit3_1 grit4_1 grit5_1 grit6_1 grit7_1 grit8_1;

    Categorical is
  	grit1_1 grit2_1 grit3_1 grit4_1 grit5_1 grit6_1 grit7_1 grit8_1;

    Idvariable is studentid;

    Useobservations is half eq 1;

  Analysis:
     Type = efa 1 3;
     Estimator = wlsmv;

  Output: sampstat stdy modindices(all);



*** WARNING in OUTPUT command
  STANDARDIZED (STD, STDY, STDYX) options are not available for TYPE=EFA.
  Request for STANDARDIZED options will be ignored.  Note that STANDARDIZED options
  are available with the use of EFA factors (ESEM) declared in the MODEL command.
   1 WARNING(S) FOUND IN THE INPUT INSTRUCTIONS



Student Grit Baseline EFA;

SUMMARY OF ANALYSIS

Number of groups                                                 1
Number of observations                                        1272

Number of dependent variables                                    8
Number of independent variables                                  0
Number of continuous latent variables                            0

Observed dependent variables

  Binary and ordered categorical (ordinal)
   GRIT1_1     GRIT2_1     GRIT3_1     GRIT4_1     GRIT5_1     GRIT6_1
   GRIT7_1     GRIT8_1

Variables with special functions

  ID variable           STUDENTI

Estimator                                                    WLSMV
Rotation                                                    GEOMIN
Row standardization                                    CORRELATION
Type of rotation                                           OBLIQUE
Epsilon value                                               Varies
Maximum number of iterations                                  1000
Convergence criterion                                    0.500D-04
Maximum number of steepest descent iterations                   20
Maximum number of iterations for H1                           2000
Convergence criterion for H1                             0.100D-03
Optimization Specifications for the Exploratory Factor Analysis
Rotation Algorithm
  Number of random starts                                       30
  Maximum number of iterations                               10000
  Derivative convergence criterion                       0.100D-04
Link                                                        PROBIT

Input data file(s)
  ../dat_stu.txt

Input data format  FREE


SUMMARY OF DATA

     Number of missing data patterns             1


COVARIANCE COVERAGE OF DATA

Minimum covariance coverage value   0.100


     PROPORTION OF DATA PRESENT


           Covariance Coverage
              GRIT1_1       GRIT2_1       GRIT3_1       GRIT4_1       GRIT5_1
              ________      ________      ________      ________      ________
 GRIT1_1        1.000
 GRIT2_1        1.000         1.000
 GRIT3_1        1.000         1.000         1.000
 GRIT4_1        1.000         1.000         1.000         1.000
 GRIT5_1        1.000         1.000         1.000         1.000         1.000
 GRIT6_1        1.000         1.000         1.000         1.000         1.000
 GRIT7_1        1.000         1.000         1.000         1.000         1.000
 GRIT8_1        1.000         1.000         1.000         1.000         1.000


           Covariance Coverage
              GRIT6_1       GRIT7_1       GRIT8_1
              ________      ________      ________
 GRIT6_1        1.000
 GRIT7_1        1.000         1.000
 GRIT8_1        1.000         1.000         1.000


UNIVARIATE PROPORTIONS AND COUNTS FOR CATEGORICAL VARIABLES

    GRIT1_1
      Category 1    0.096          122.000
      Category 2    0.227          289.000
      Category 3    0.270          343.000
      Category 4    0.362          460.000
      Category 5    0.046           58.000
    GRIT2_1
      Category 1    0.103          131.000
      Category 2    0.361          459.000
      Category 3    0.212          270.000
      Category 4    0.227          289.000
      Category 5    0.097          123.000
    GRIT3_1
      Category 1    0.055           70.000
      Category 2    0.230          292.000
      Category 3    0.176          224.000
      Category 4    0.320          407.000
      Category 5    0.219          279.000
    GRIT4_1
      Category 1    0.036           46.000
      Category 2    0.217          276.000
      Category 3    0.259          330.000
      Category 4    0.355          451.000
      Category 5    0.133          169.000
    GRIT5_1
      Category 1    0.042           54.000
      Category 2    0.281          357.000
      Category 3    0.246          313.000
      Category 4    0.316          402.000
      Category 5    0.115          146.000
    GRIT6_1
      Category 1    0.029           37.000
      Category 2    0.143          182.000
      Category 3    0.322          410.000
      Category 4    0.401          510.000
      Category 5    0.105          133.000
    GRIT7_1
      Category 1    0.182          231.000
      Category 2    0.481          612.000
      Category 3    0.187          238.000
      Category 4    0.127          162.000
      Category 5    0.023           29.000
    GRIT8_1
      Category 1    0.053           68.000
      Category 2    0.325          414.000
      Category 3    0.248          316.000
      Category 4    0.279          355.000
      Category 5    0.094          119.000


SAMPLE STATISTICS


     ESTIMATED SAMPLE STATISTICS


           MEANS/INTERCEPTS/THRESHOLDS
              GRIT1_1$      GRIT1_1$      GRIT1_1$      GRIT1_1$      GRIT2_1$
              ________      ________      ________      ________      ________
               -1.305        -0.459         0.235         1.689        -1.265


           MEANS/INTERCEPTS/THRESHOLDS
              GRIT2_1$      GRIT2_1$      GRIT2_1$      GRIT3_1$      GRIT3_1$
              ________      ________      ________      ________      ________
               -0.091         0.457         1.301        -1.598        -0.569


           MEANS/INTERCEPTS/THRESHOLDS
              GRIT3_1$      GRIT3_1$      GRIT4_1$      GRIT4_1$      GRIT4_1$
              ________      ________      ________      ________      ________
               -0.099         0.774        -1.797        -0.665         0.032


           MEANS/INTERCEPTS/THRESHOLDS
              GRIT4_1$      GRIT5_1$      GRIT5_1$      GRIT5_1$      GRIT5_1$
              ________      ________      ________      ________      ________
                1.113        -1.723        -0.459         0.174         1.201


           MEANS/INTERCEPTS/THRESHOLDS
              GRIT6_1$      GRIT6_1$      GRIT6_1$      GRIT6_1$      GRIT7_1$
              ________      ________      ________      ________      ________
               -1.894        -0.946        -0.014         1.256        -0.909


           MEANS/INTERCEPTS/THRESHOLDS
              GRIT7_1$      GRIT7_1$      GRIT7_1$      GRIT8_1$      GRIT8_1$
              ________      ________      ________      ________      ________
                0.420         1.036         1.999        -1.612        -0.308


           MEANS/INTERCEPTS/THRESHOLDS
              GRIT8_1$      GRIT8_1$
              ________      ________
                0.325         1.319


           CORRELATION MATRIX (WITH VARIANCES ON THE DIAGONAL)
              GRIT1_1       GRIT2_1       GRIT3_1       GRIT4_1       GRIT5_1
              ________      ________      ________      ________      ________
 GRIT1_1
 GRIT2_1        0.090
 GRIT3_1        0.089         0.322
 GRIT4_1        0.153         0.361         0.427
 GRIT5_1        0.168         0.291         0.317         0.385
 GRIT6_1        0.364         0.112         0.127         0.258         0.283
 GRIT7_1        0.253         0.284         0.175         0.296         0.353
 GRIT8_1        0.202         0.240         0.254         0.400         0.397


           CORRELATION MATRIX (WITH VARIANCES ON THE DIAGONAL)
              GRIT6_1       GRIT7_1       GRIT8_1
              ________      ________      ________
 GRIT7_1        0.217
 GRIT8_1        0.330         0.473


SUMMARY OF MODEL FIT INFORMATION


                   Number of                   Degrees of
     Model        Parameters      Chi-Square    Freedom     P-Value

     1-factor           8            369.159        20       0.0000
     2-factor          15            137.130        13       0.0000
     3-factor          21             17.405         7       0.0150

                                               Degrees of
     Models Compared              Chi-Square    Freedom     P-Value

     1-factor against 2-factor       202.070         7       0.0000
     2-factor against 3-factor       113.301         6       0.0000



RESULTS FOR EXPLORATORY FACTOR ANALYSIS


           EIGENVALUES FOR SAMPLE CORRELATION MATRIX
                  1             2             3             4             5
              ________      ________      ________      ________      ________
                2.958         1.195         0.853         0.751         0.644


           EIGENVALUES FOR SAMPLE CORRELATION MATRIX
                  6             7             8
              ________      ________      ________
                0.612         0.524         0.463


EXPLORATORY FACTOR ANALYSIS WITH 1 FACTOR(S):


MODEL FIT INFORMATION

Number of Free Parameters                        8

Chi-Square Test of Model Fit

          Value                            369.159*
          Degrees of Freedom                    20
          P-Value                           0.0000

*   The chi-square value for MLM, MLMV, MLR, ULSMV, WLSM and WLSMV cannot be used
    for chi-square difference testing in the regular way.  MLM, MLR and WLSM
    chi-square difference testing is described on the Mplus website.  MLMV, WLSMV,
    and ULSMV difference testing is done using the DIFFTEST option.

RMSEA (Root Mean Square Error Of Approximation)

          Estimate                           0.117
          90 Percent C.I.                    0.107  0.128
          Probability RMSEA <= .05           0.000

CFI/TLI

          CFI                                0.881
          TLI                                0.833

Chi-Square Test of Model Fit for the Baseline Model

          Value                           2957.174
          Degrees of Freedom                    28
          P-Value                           0.0000

SRMR (Standardized Root Mean Square Residual)

          Value                              0.073



MINIMUM ROTATION FUNCTION VALUE       2.32588



           GEOMIN ROTATED LOADINGS (* significant at 5% level)
                  1
              ________
 GRIT1_1        0.344*
 GRIT2_1        0.470*
 GRIT3_1        0.488*
 GRIT4_1        0.643*
 GRIT5_1        0.608*
 GRIT6_1        0.447*
 GRIT7_1        0.578*
 GRIT8_1        0.658*


           GEOMIN FACTOR CORRELATIONS (* significant at 5% level)
                  1
              ________
      1         1.000


           ESTIMATED RESIDUAL VARIANCES
              GRIT1_1       GRIT2_1       GRIT3_1       GRIT4_1       GRIT5_1
              ________      ________      ________      ________      ________
                0.882         0.779         0.762         0.587         0.631


           ESTIMATED RESIDUAL VARIANCES
              GRIT6_1       GRIT7_1       GRIT8_1
              ________      ________      ________
                0.800         0.666         0.568


           S.E. GEOMIN ROTATED LOADINGS
                  1
              ________
 GRIT1_1        0.028
 GRIT2_1        0.026
 GRIT3_1        0.024
 GRIT4_1        0.020
 GRIT5_1        0.022
 GRIT6_1        0.027
 GRIT7_1        0.022
 GRIT8_1        0.020


           S.E. GEOMIN FACTOR CORRELATIONS
                  1
              ________
      1         0.000


           S.E. ESTIMATED RESIDUAL VARIANCES
              GRIT1_1       GRIT2_1       GRIT3_1       GRIT4_1       GRIT5_1
              ________      ________      ________      ________      ________
                0.019         0.025         0.024         0.026         0.027


           S.E. ESTIMATED RESIDUAL VARIANCES
              GRIT6_1       GRIT7_1       GRIT8_1
              ________      ________      ________
                0.024         0.026         0.027


           Est./S.E. GEOMIN ROTATED LOADINGS
                  1
              ________
 GRIT1_1       12.400
 GRIT2_1       17.937
 GRIT3_1       20.210
 GRIT4_1       31.376
 GRIT5_1       27.790
 GRIT6_1       16.661
 GRIT7_1       25.987
 GRIT8_1       32.418


           Est./S.E. GEOMIN FACTOR CORRELATIONS
                  1
              ________
      1         0.000


           Est./S.E. ESTIMATED RESIDUAL VARIANCES
              GRIT1_1       GRIT2_1       GRIT3_1       GRIT4_1       GRIT5_1
              ________      ________      ________      ________      ________
               46.140        31.703        32.347        22.311        23.719


           Est./S.E. ESTIMATED RESIDUAL VARIANCES
              GRIT6_1       GRIT7_1       GRIT8_1
              ________      ________      ________
               33.406        25.922        21.284


EXPLORATORY FACTOR ANALYSIS WITH 2 FACTOR(S):


MODEL FIT INFORMATION

Number of Free Parameters                       15

Chi-Square Test of Model Fit

          Value                            137.130*
          Degrees of Freedom                    13
          P-Value                           0.0000

*   The chi-square value for MLM, MLMV, MLR, ULSMV, WLSM and WLSMV cannot be used
    for chi-square difference testing in the regular way.  MLM, MLR and WLSM
    chi-square difference testing is described on the Mplus website.  MLMV, WLSMV,
    and ULSMV difference testing is done using the DIFFTEST option.

RMSEA (Root Mean Square Error Of Approximation)

          Estimate                           0.087
          90 Percent C.I.                    0.074  0.100
          Probability RMSEA <= .05           0.000

CFI/TLI

          CFI                                0.958
          TLI                                0.909

Chi-Square Test of Model Fit for the Baseline Model

          Value                           2957.174
          Degrees of Freedom                    28
          P-Value                           0.0000

SRMR (Standardized Root Mean Square Residual)

          Value                              0.040



MINIMUM ROTATION FUNCTION VALUE       0.57613



           GEOMIN ROTATED LOADINGS (* significant at 5% level)
                  1             2
              ________      ________
 GRIT1_1       -0.088         0.557*
 GRIT2_1        0.536*       -0.009
 GRIT3_1        0.625*       -0.082
 GRIT4_1        0.634*        0.112*
 GRIT5_1        0.447*        0.263*
 GRIT6_1        0.004         0.591*
 GRIT7_1        0.299*        0.395*
 GRIT8_1        0.357*        0.434*


           GEOMIN FACTOR CORRELATIONS (* significant at 5% level)
                  1             2
              ________      ________
      1         1.000
      2         0.408*        1.000


           ESTIMATED RESIDUAL VARIANCES
              GRIT1_1       GRIT2_1       GRIT3_1       GRIT4_1       GRIT5_1
              ________      ________      ________      ________      ________
                0.722         0.717         0.644         0.528         0.635


           ESTIMATED RESIDUAL VARIANCES
              GRIT6_1       GRIT7_1       GRIT8_1
              ________      ________      ________
                0.649         0.659         0.559


           S.E. GEOMIN ROTATED LOADINGS
                  1             2
              ________      ________
 GRIT1_1        0.051         0.047
 GRIT2_1        0.027         0.011
 GRIT3_1        0.041         0.058
 GRIT4_1        0.036         0.056
 GRIT5_1        0.040         0.049
 GRIT6_1        0.005         0.031
 GRIT7_1        0.047         0.046
 GRIT8_1        0.045         0.047


           S.E. GEOMIN FACTOR CORRELATIONS
                  1             2
              ________      ________
      1         0.000
      2         0.066         0.000


           S.E. ESTIMATED RESIDUAL VARIANCES
              GRIT1_1       GRIT2_1       GRIT3_1       GRIT4_1       GRIT5_1
              ________      ________      ________      ________      ________
                0.038         0.029         0.035         0.029         0.026


           S.E. ESTIMATED RESIDUAL VARIANCES
              GRIT6_1       GRIT7_1       GRIT8_1
              ________      ________      ________
                0.036         0.026         0.028


           Est./S.E. GEOMIN ROTATED LOADINGS
                  1             2
              ________      ________
 GRIT1_1       -1.717        11.900
 GRIT2_1       19.626        -0.794
 GRIT3_1       15.151        -1.422
 GRIT4_1       17.452         2.002
 GRIT5_1       11.114         5.395
 GRIT6_1        0.812        19.102
 GRIT7_1        6.383         8.638
 GRIT8_1        7.846         9.272


           Est./S.E. GEOMIN FACTOR CORRELATIONS
                  1             2
              ________      ________
      1         0.000
      2         6.176         0.000


           Est./S.E. ESTIMATED RESIDUAL VARIANCES
              GRIT1_1       GRIT2_1       GRIT3_1       GRIT4_1       GRIT5_1
              ________      ________      ________      ________      ________
               19.125        24.533        18.354        18.414        24.172


           Est./S.E. ESTIMATED RESIDUAL VARIANCES
              GRIT6_1       GRIT7_1       GRIT8_1
              ________      ________      ________
               17.876        25.137        20.237


           FACTOR STRUCTURE
                  1             2
              ________      ________
 GRIT1_1        0.139         0.521
 GRIT2_1        0.532         0.210
 GRIT3_1        0.592         0.173
 GRIT4_1        0.679         0.370
 GRIT5_1        0.555         0.445
 GRIT6_1        0.245         0.593
 GRIT7_1        0.460         0.517
 GRIT8_1        0.533         0.579


EXPLORATORY FACTOR ANALYSIS WITH 3 FACTOR(S):


MODEL FIT INFORMATION

Number of Free Parameters                       21

Chi-Square Test of Model Fit

          Value                             17.405*
          Degrees of Freedom                     7
          P-Value                           0.0150

*   The chi-square value for MLM, MLMV, MLR, ULSMV, WLSM and WLSMV cannot be used
    for chi-square difference testing in the regular way.  MLM, MLR and WLSM
    chi-square difference testing is described on the Mplus website.  MLMV, WLSMV,
    and ULSMV difference testing is done using the DIFFTEST option.

RMSEA (Root Mean Square Error Of Approximation)

          Estimate                           0.034
          90 Percent C.I.                    0.014  0.055
          Probability RMSEA <= .05           0.890

CFI/TLI

          CFI                                0.996
          TLI                                0.986

Chi-Square Test of Model Fit for the Baseline Model

          Value                           2957.174
          Degrees of Freedom                    28
          P-Value                           0.0000

SRMR (Standardized Root Mean Square Residual)

          Value                              0.014



MINIMUM ROTATION FUNCTION VALUE       0.19339



           GEOMIN ROTATED LOADINGS (* significant at 5% level)
                  1             2             3
              ________      ________      ________
 GRIT1_1       -0.012         0.239*        0.249*
 GRIT2_1        0.499*        0.089        -0.110*
 GRIT3_1        0.706*       -0.166*       -0.013
 GRIT4_1        0.695*       -0.007         0.042
 GRIT5_1        0.436*        0.211*        0.034
 GRIT6_1        0.013         0.011         0.940*
 GRIT7_1        0.002         0.980*       -0.321*
 GRIT8_1        0.295*        0.429*        0.010


           GEOMIN FACTOR CORRELATIONS (* significant at 5% level)
                  1             2             3
              ________      ________      ________
      1         1.000
      2         0.547*        1.000
      3         0.322*        0.547*        1.000


           ESTIMATED RESIDUAL VARIANCES
              GRIT1_1       GRIT2_1       GRIT3_1       GRIT4_1       GRIT5_1
              ________      ________      ________      ________      ________
                0.821         0.729         0.605         0.501         0.646


           ESTIMATED RESIDUAL VARIANCES
              GRIT6_1       GRIT7_1       GRIT8_1
              ________      ________      ________
                0.097         0.280         0.584


           S.E. GEOMIN ROTATED LOADINGS
                  1             2             3
              ________      ________      ________
 GRIT1_1        0.040         0.055         0.069
 GRIT2_1        0.045         0.054         0.042
 GRIT3_1        0.056         0.073         0.010
 GRIT4_1        0.026         0.011         0.035
 GRIT5_1        0.044         0.056         0.033
 GRIT6_1        0.028         0.010         0.175
 GRIT7_1        0.003         0.162         0.157
 GRIT8_1        0.053         0.063         0.007


           S.E. GEOMIN FACTOR CORRELATIONS
                  1             2             3
              ________      ________      ________
      1         0.000
      2         0.060         0.000
      3         0.065         0.100         0.000


           S.E. ESTIMATED RESIDUAL VARIANCES
              GRIT1_1       GRIT2_1       GRIT3_1       GRIT4_1       GRIT5_1
              ________      ________      ________      ________      ________
                0.037         0.027         0.039         0.032         0.026


           S.E. ESTIMATED RESIDUAL VARIANCES
              GRIT6_1       GRIT7_1       GRIT8_1
              ________      ________      ________
                0.310         0.145         0.032


           Est./S.E. GEOMIN ROTATED LOADINGS
                  1             2             3
              ________      ________      ________
 GRIT1_1       -0.295         4.321         3.621
 GRIT2_1       11.068         1.656        -2.648
 GRIT3_1       12.658        -2.262        -1.316
 GRIT4_1       26.307        -0.680         1.203
 GRIT5_1        9.888         3.744         1.029
 GRIT6_1        0.470         1.164         5.356
 GRIT7_1        0.626         6.065        -2.043
 GRIT8_1        5.584         6.827         1.395


           Est./S.E. GEOMIN FACTOR CORRELATIONS
                  1             2             3
              ________      ________      ________
      1         0.000
      2         9.073         0.000
      3         4.966         5.458         0.000


           Est./S.E. ESTIMATED RESIDUAL VARIANCES
              GRIT1_1       GRIT2_1       GRIT3_1       GRIT4_1       GRIT5_1
              ________      ________      ________      ________      ________
               22.221        26.513        15.399        15.510        25.041


           Est./S.E. ESTIMATED RESIDUAL VARIANCES
              GRIT6_1       GRIT7_1       GRIT8_1
              ________      ________      ________
                0.313         1.928        18.303


           FACTOR STRUCTURE
                  1             2             3
              ________      ________      ________
 GRIT1_1        0.199         0.369         0.376
 GRIT2_1        0.512         0.301         0.099
 GRIT3_1        0.611         0.213         0.124
 GRIT4_1        0.705         0.396         0.263
 GRIT5_1        0.562         0.468         0.289
 GRIT6_1        0.322         0.532         0.950
 GRIT7_1        0.434         0.805         0.215
 GRIT8_1        0.532         0.595         0.340


MODIFICATION INDICES


     MODIFICATION INDICES FOR ANALYSIS WITH 1 FACTOR(S)



     MODIFICATION INDICES


           THETA
              GRIT1_1       GRIT2_1       GRIT3_1       GRIT4_1       GRIT5_1
              ________      ________      ________      ________      ________
 GRIT1_1        0.000
 GRIT2_1       12.280         0.000
 GRIT3_1       13.753        28.734         0.000
 GRIT4_1       13.646        14.542        57.724         0.000
 GRIT5_1        4.616         0.121         1.455         0.125         0.000
 GRIT6_1      146.697        23.942        18.963         3.244         0.418
 GRIT7_1        8.386         0.539        29.553        18.705         0.012
 GRIT8_1        1.810        16.034        14.818         2.828         0.054


           THETA
              GRIT6_1       GRIT7_1       GRIT8_1
              ________      ________      ________
 GRIT6_1        0.000
 GRIT7_1        5.397         0.000
 GRIT8_1        5.980        49.714         0.000


     EXPECTED PARAMETER CHANGE


           THETA
              GRIT1_1       GRIT2_1       GRIT3_1       GRIT4_1       GRIT5_1
              ________      ________      ________      ________      ________
 GRIT1_1        0.000
 GRIT2_1       -0.084         0.000
 GRIT3_1       -0.092         0.121         0.000
 GRIT4_1       -0.090         0.089         0.178         0.000
 GRIT5_1       -0.052         0.008         0.029        -0.009         0.000
 GRIT6_1        0.253        -0.118        -0.110        -0.042         0.015
 GRIT7_1        0.068         0.018        -0.140        -0.114         0.003
 GRIT8_1       -0.033        -0.099        -0.097        -0.042        -0.006


           THETA
              GRIT6_1       GRIT7_1       GRIT8_1
              ________      ________      ________
 GRIT6_1        0.000
 GRIT7_1       -0.055         0.000
 GRIT8_1        0.056         0.169         0.000


     MODIFICATION INDICES FOR ANALYSIS WITH 2 FACTOR(S)



     MODIFICATION INDICES


           THETA
              GRIT1_1       GRIT2_1       GRIT3_1       GRIT4_1       GRIT5_1
              ________      ________      ________      ________      ________
 GRIT1_1        0.000
 GRIT2_1        2.061         0.000
 GRIT3_1       12.948         0.405         0.000
 GRIT4_1        0.302         0.000        15.658         0.000
 GRIT5_1        4.666         0.022         0.278         1.908         0.000
 GRIT6_1       74.950         1.074         2.955        11.353         1.819
 GRIT7_1        0.175         8.567        20.824        13.202         0.640
 GRIT8_1       38.567         8.299         5.666         0.051         0.243


           THETA
              GRIT6_1       GRIT7_1       GRIT8_1
              ________      ________      ________
 GRIT6_1        0.000
 GRIT7_1       62.319         0.000
 GRIT8_1        2.565        59.423         0.000


     EXPECTED PARAMETER CHANGE


           THETA
              GRIT1_1       GRIT2_1       GRIT3_1       GRIT4_1       GRIT5_1
              ________      ________      ________      ________      ________
 GRIT1_1        0.000
 GRIT2_1        0.040         0.000
 GRIT3_1        0.119         0.020         0.000
 GRIT4_1        0.015         0.000         0.132         0.000
 GRIT5_1       -0.055        -0.003         0.013        -0.034         0.000
 GRIT6_1        0.387        -0.029         0.056         0.088         0.034
 GRIT7_1        0.012         0.067        -0.118        -0.089         0.018
 GRIT8_1       -0.184        -0.067        -0.060        -0.005         0.011


           THETA
              GRIT6_1       GRIT7_1       GRIT8_1
              ________      ________      ________
 GRIT6_1        0.000
 GRIT7_1       -0.226         0.000
 GRIT8_1       -0.047         0.174         0.000


     MODIFICATION INDICES FOR ANALYSIS WITH 3 FACTOR(S)



     MODIFICATION INDICES


           THETA
              GRIT1_1       GRIT2_1       GRIT3_1       GRIT4_1       GRIT5_1
              ________      ________      ________      ________      ________
 GRIT1_1        0.000
 GRIT2_1        0.007         0.000
 GRIT3_1        1.097         1.685         0.000
 GRIT4_1        0.012         0.108         0.147         0.000
 GRIT5_1        0.365         0.007         0.013         2.244         0.000
 GRIT6_1       11.833         4.961         0.000         0.299         0.163
 GRIT7_1        6.023        13.003         0.836         2.544         4.994
 GRIT8_1        2.606         9.686         2.901         3.808         8.677


           THETA
              GRIT6_1       GRIT7_1       GRIT8_1
              ________      ________      ________
 GRIT6_1        0.000
 GRIT7_1        0.060         0.000
 GRIT8_1        0.981         0.957         0.000


     EXPECTED PARAMETER CHANGE


           THETA
              GRIT1_1       GRIT2_1       GRIT3_1       GRIT4_1       GRIT5_1
              ________      ________      ________      ________      ________
 GRIT1_1        0.000
 GRIT2_1       -0.002         0.000
 GRIT3_1        0.030         0.041         0.000
 GRIT4_1        0.003         0.010        -0.022         0.000
 GRIT5_1       -0.014         0.002         0.003        -0.040         0.000
 GRIT6_1        0.838         0.207        -0.001        -0.038        -0.026
 GRIT7_1        0.164         0.204         0.071        -0.097        -0.115
 GRIT8_1       -0.046        -0.074        -0.050         0.048         0.076


           THETA
              GRIT6_1       GRIT7_1       GRIT8_1
              ________      ________      ________
 GRIT6_1        0.000
 GRIT7_1        0.075         0.000
 GRIT8_1       -0.084        -0.120         0.000


     Beginning Time:  22:21:25
        Ending Time:  22:21:25
       Elapsed Time:  00:00:00



MUTHEN & MUTHEN
3463 Stoner Ave.
Los Angeles, CA  90066

Tel: (310) 391-9971
Fax: (310) 391-8971
Web: www.StatModel.com
Support: Support@StatModel.com

Copyright (c) 1998-2019 Muthen & Muthen
