Mplus VERSION 8.4 (Mac)
MUTHEN & MUTHEN
04/29/2023  10:21 PM

INPUT INSTRUCTIONS

  Title: Student Grit Treatment Measurement Invariance Metric Model;

  Data:
     File is ../dat_stu.txt;

  Variable:
     Names are studentid index treatment girl age_w child_grade in_ukr
     guardian_living guardian_region
     grit1_1 grit2_1 grit3_1 grit4_1 grit5_1 grit6_1 grit7_1 grit8_1
     loc1_1 loc2_1 loc3_1 loc4_1
     dass1_1 dass2_1 dass3_1 dass4_1 dass5_1 dass6_1 dass7_1 dass8_1
     dass9_1 dass10_1 dass11_1 dass12_1 dass13_1 dass14_1
     sleep1_1 sleep2_1 sleep3_1 sleep4_1 sleep5_1 sleep6_1 sleep7_1
     efficacy_1 edugoals_1 remotediff_1 timeclass_1 timehomework_1
     grit1_2 grit2_2 grit3_2 grit4_2 grit5_2 grit6_2 grit7_2 grit8_2
     loc1_2 loc2_2 loc3_2 loc4_2
     dass1_2 dass2_2 dass3_2 dass4_2 dass5_2 dass6_2 dass7_2 dass8_2
     dass9_2 dass10_2 dass11_2 dass12_2 dass13_2 dass14_2
     efficacy_2 edugoals_2 timeclass_2 timehomework_2 compmath_2 half;
     Missing are . ;

    Usevariable are
  	grit1_2 grit5_2 grit6_2 grit7_2 grit8_2;

    Categorical is
  	grit1_2 grit5_2 grit6_2 grit7_2 grit8_2;

    Idvariable is studentid;

    Group is treatment (1 = Treated 0 = Control);

  Analysis:
     Estimator = wlsmv;
     Parameterization = theta;
     Difftest = grit2_student_tx_inv_config.dat


  !!! Model for Control Group !!!

  Model:
    ! Factor loadings all freely estimated
    grit_2 by
      grit1_2* grit5_2* grit6_2* grit7_2* grit8_2* (L1-L5);

    grit1_2 with grit6_2; !worded positively
    grit1_2 with grit7_2; !both about schoolwork

    !estimating thresholds freely
    [grit1_2$1* grit5_2$1* grit6_2$1* grit7_2$1* grit8_2$1*] (T1_1 T5_1 T6_1 T7_1 T8_1);
    [grit1_2$2* grit5_2$2* grit6_2$2* grit7_2$2* grit8_2$2*] (T1_2 T5_2 T6_2 T7_2 T8_2);
    [grit1_2$3* grit5_2$3* grit6_2$3* grit7_2$3* grit8_2$3*] (T1_3 T5_3 T6_3 T7_3 T8_3);
    [grit1_2$4* grit5_2$4* grit6_2$4* grit7_2$4* grit8_2$4*] (T1_4 T5_4 T6_4 T7_4 T8_4);

    !constraining item residual variance to 1 for identification
    grit1_2@1;
    grit5_2@1;
    grit6_2@1;
    grit7_2@1;
    grit8_2@1;

    !fixing latent mean to zero for identification
    [grit_2@0];

    !fixing latent variance to one for identification
    grit_2@1;


  !!! Model for Treatment Group !!!

  Model Treated:
    ! Factor loadings constrained to *be equal to the control group*
    grit_2 by
      grit1_2* grit5_2* grit6_2* grit7_2* grit8_2* (L1-L5);

    grit1_2 with grit6_2; !worded positively
    grit1_2 with grit7_2; !both about schoolwork

    !estimating thresholds freely
    [grit1_2$1* grit5_2$1* grit6_2$1* grit7_2$1* grit8_2$1*];
    [grit1_2$2* grit5_2$2* grit6_2$2* grit7_2$2* grit8_2$2*];
    [grit1_2$3* grit5_2$3* grit6_2$3* grit7_2$3* grit8_2$3*];
    [grit1_2$4* grit5_2$4* grit6_2$4* grit7_2$4* grit8_2$4*];

    !constraining item residual variance to 1 for identification
    grit1_2@1;
    grit5_2@1;
    grit6_2@1;
    grit7_2@1;
    grit8_2@1;

    !fixing latent mean to zero for identification
    [grit_2@0];

    ! latent factor variance *estimated*
    grit_2*;

  Output: sampstat stdyx modindices(all);
  Savedata: Difftest is grit2_student_tx_inv_metric.dat;



*** WARNING
  Data set contains cases with missing on all variables.
  These cases were not included in the analysis.
  Number of cases with missing on all variables:  975
   1 WARNING(S) FOUND IN THE INPUT INSTRUCTIONS



Student Grit Treatment Measurement Invariance Metric Model;

SUMMARY OF ANALYSIS

Number of groups                                                 2
Number of observations
   Group CONTROL                                               860
   Group TREATED                                               709
   Total sample size                                          1569

Number of dependent variables                                    5
Number of independent variables                                  0
Number of continuous latent variables                            1

Observed dependent variables

  Binary and ordered categorical (ordinal)
   GRIT1_2     GRIT5_2     GRIT6_2     GRIT7_2     GRIT8_2

Continuous latent variables
   GRIT_2

Variables with special functions

  Grouping variable     TREATMEN
  ID variable           STUDENTI

Estimator                                                    WLSMV
Maximum number of iterations                                  1000
Convergence criterion                                    0.500D-04
Maximum number of steepest descent iterations                   20
Maximum number of iterations for H1                           2000
Convergence criterion for H1                             0.100D-03
Parameterization                                             THETA
Link                                                        PROBIT

Input data file(s)
  ../dat_stu.txt

Input data format  FREE


SUMMARY OF DATA

   Group CONTROL
     Number of missing data patterns             1

   Group TREATED
     Number of missing data patterns             1


COVARIANCE COVERAGE OF DATA

Minimum covariance coverage value   0.100


     PROPORTION OF DATA PRESENT FOR CONTROL


           Covariance Coverage
              GRIT1_2       GRIT5_2       GRIT6_2       GRIT7_2       GRIT8_2
              ________      ________      ________      ________      ________
 GRIT1_2        1.000
 GRIT5_2        1.000         1.000
 GRIT6_2        1.000         1.000         1.000
 GRIT7_2        1.000         1.000         1.000         1.000
 GRIT8_2        1.000         1.000         1.000         1.000         1.000


     PROPORTION OF DATA PRESENT FOR TREATED


           Covariance Coverage
              GRIT1_2       GRIT5_2       GRIT6_2       GRIT7_2       GRIT8_2
              ________      ________      ________      ________      ________
 GRIT1_2        1.000
 GRIT5_2        1.000         1.000
 GRIT6_2        1.000         1.000         1.000
 GRIT7_2        1.000         1.000         1.000         1.000
 GRIT8_2        1.000         1.000         1.000         1.000         1.000


UNIVARIATE PROPORTIONS AND COUNTS FOR CATEGORICAL VARIABLES

  Group CONTROL
    GRIT1_2
      Category 1    0.122          105.000
      Category 2    0.270          232.000
      Category 3    0.292          251.000
      Category 4    0.260          224.000
      Category 5    0.056           48.000
    GRIT5_2
      Category 1    0.059           51.000
      Category 2    0.224          193.000
      Category 3    0.271          233.000
      Category 4    0.297          255.000
      Category 5    0.149          128.000
    GRIT6_2
      Category 1    0.030           26.000
      Category 2    0.122          105.000
      Category 3    0.316          272.000
      Category 4    0.440          378.000
      Category 5    0.092           79.000
    GRIT7_2
      Category 1    0.230          198.000
      Category 2    0.427          367.000
      Category 3    0.213          183.000
      Category 4    0.099           85.000
      Category 5    0.031           27.000
    GRIT8_2
      Category 1    0.053           46.000
      Category 2    0.274          236.000
      Category 3    0.297          255.000
      Category 4    0.287          247.000
      Category 5    0.088           76.000

  Group TREATED
    GRIT1_2
      Category 1    0.123           87.000
      Category 2    0.213          151.000
      Category 3    0.244          173.000
      Category 4    0.364          258.000
      Category 5    0.056           40.000
    GRIT5_2
      Category 1    0.079           56.000
      Category 2    0.224          159.000
      Category 3    0.231          164.000
      Category 4    0.300          213.000
      Category 5    0.165          117.000
    GRIT6_2
      Category 1    0.024           17.000
      Category 2    0.097           69.000
      Category 3    0.267          189.000
      Category 4    0.475          337.000
      Category 5    0.137           97.000
    GRIT7_2
      Category 1    0.207          147.000
      Category 2    0.374          265.000
      Category 3    0.261          185.000
      Category 4    0.120           85.000
      Category 5    0.038           27.000
    GRIT8_2
      Category 1    0.076           54.000
      Category 2    0.236          167.000
      Category 3    0.279          198.000
      Category 4    0.293          208.000
      Category 5    0.116           82.000


SAMPLE STATISTICS


     ESTIMATED SAMPLE STATISTICS FOR CONTROL


           MEANS/INTERCEPTS/THRESHOLDS
              GRIT1_2$      GRIT1_2$      GRIT1_2$      GRIT1_2$      GRIT5_2$
              ________      ________      ________      ________      ________
               -1.165        -0.274         0.478         1.591        -1.561


           MEANS/INTERCEPTS/THRESHOLDS
              GRIT5_2$      GRIT5_2$      GRIT5_2$      GRIT6_2$      GRIT6_2$
              ________      ________      ________      ________      ________
               -0.572         0.137         1.041        -1.877        -1.027


           MEANS/INTERCEPTS/THRESHOLDS
              GRIT6_2$      GRIT6_2$      GRIT7_2$      GRIT7_2$      GRIT7_2$
              ________      ________      ________      ________      ________
               -0.079         1.329        -0.738         0.404         1.125


           MEANS/INTERCEPTS/THRESHOLDS
              GRIT7_2$      GRIT8_2$      GRIT8_2$      GRIT8_2$      GRIT8_2$
              ________      ________      ________      ________      ________
                1.861        -1.612        -0.446         0.317         1.351


           CORRELATION MATRIX (WITH VARIANCES ON THE DIAGONAL)
              GRIT1_2       GRIT5_2       GRIT6_2       GRIT7_2       GRIT8_2
              ________      ________      ________      ________      ________
 GRIT1_2
 GRIT5_2        0.190
 GRIT6_2        0.325         0.288
 GRIT7_2        0.263         0.320         0.181
 GRIT8_2        0.235         0.495         0.358         0.386


     ESTIMATED SAMPLE STATISTICS FOR TREATED


           MEANS/INTERCEPTS/THRESHOLDS
              GRIT1_2$      GRIT1_2$      GRIT1_2$      GRIT1_2$      GRIT5_2$
              ________      ________      ________      ________      ________
               -1.162        -0.424         0.201         1.586        -1.412


           MEANS/INTERCEPTS/THRESHOLDS
              GRIT5_2$      GRIT5_2$      GRIT5_2$      GRIT6_2$      GRIT6_2$
              ________      ________      ________      ________      ________
               -0.515         0.087         0.974        -1.978        -1.169


           MEANS/INTERCEPTS/THRESHOLDS
              GRIT6_2$      GRIT6_2$      GRIT7_2$      GRIT7_2$      GRIT7_2$
              ________      ________      ________      ________      ________
               -0.285         1.095        -0.816         0.205         1.003


           MEANS/INTERCEPTS/THRESHOLDS
              GRIT7_2$      GRIT8_2$      GRIT8_2$      GRIT8_2$      GRIT8_2$
              ________      ________      ________      ________      ________
                1.773        -1.431        -0.491         0.230         1.197


           CORRELATION MATRIX (WITH VARIANCES ON THE DIAGONAL)
              GRIT1_2       GRIT5_2       GRIT6_2       GRIT7_2       GRIT8_2
              ________      ________      ________      ________      ________
 GRIT1_2
 GRIT5_2        0.288
 GRIT6_2        0.320         0.356
 GRIT7_2        0.172         0.399         0.123
 GRIT8_2        0.258         0.553         0.326         0.487


THE MODEL ESTIMATION TERMINATED NORMALLY



MODEL FIT INFORMATION

Number of Free Parameters                       50

Chi-Square Test of Model Fit

          Value                             32.442*
          Degrees of Freedom                    10
          P-Value                           0.0003

Chi-Square Contribution From Each Group

          CONTROL                            5.843
          TREATED                           26.599

Chi-Square Test for Difference Testing

          Value                              5.669*
          Degrees of Freedom                     4
          P-Value                           0.2253

*   The chi-square value for MLM, MLMV, MLR, ULSMV, WLSM and WLSMV cannot be used
    for chi-square difference testing in the regular way.  MLM, MLR and WLSM
    chi-square difference testing is described on the Mplus website.  MLMV, WLSMV,
    and ULSMV difference testing is done using the DIFFTEST option.  The DIFFTEST
    option assumes the models are nested.  The NESTED option can be used to verify
    that the models are nested.

RMSEA (Root Mean Square Error Of Approximation)

          Estimate                           0.053
          90 Percent C.I.                    0.034  0.075
          Probability RMSEA <= .05           0.356

CFI/TLI

          CFI                                0.989
          TLI                                0.979

Chi-Square Test of Model Fit for the Baseline Model

          Value                           2141.805
          Degrees of Freedom                    20
          P-Value                           0.0000

SRMR (Standardized Root Mean Square Residual)

          Value                              0.019

Optimum Function Value for Weighted Least-Squares Estimator

          Value                     0.76838123D-02



MODEL RESULTS

                                                    Two-Tailed
                    Estimate       S.E.  Est./S.E.    P-Value

Group CONTROL

 GRIT_2   BY
    GRIT1_2            0.326      0.032     10.352      0.000
    GRIT5_2            0.885      0.058     15.373      0.000
    GRIT6_2            0.444      0.033     13.367      0.000
    GRIT7_2            0.576      0.039     14.884      0.000
    GRIT8_2            1.218      0.086     14.108      0.000

 GRIT1_2  WITH
    GRIT6_2            0.229      0.035      6.533      0.000
    GRIT7_2            0.131      0.034      3.812      0.000

 Means
    GRIT_2             0.000      0.000    999.000    999.000

 Thresholds
    GRIT1_2$1         -1.225      0.058    -21.085      0.000
    GRIT1_2$2         -0.289      0.046     -6.332      0.000
    GRIT1_2$3          0.503      0.047     10.722      0.000
    GRIT1_2$4          1.674      0.073     22.810      0.000
    GRIT5_2$1         -2.084      0.098    -21.245      0.000
    GRIT5_2$2         -0.764      0.063    -12.168      0.000
    GRIT5_2$3          0.183      0.057      3.202      0.001
    GRIT5_2$4          1.391      0.074     18.731      0.000
    GRIT6_2$1         -2.055      0.093    -22.179      0.000
    GRIT6_2$2         -1.123      0.057    -19.638      0.000
    GRIT6_2$3         -0.086      0.047     -1.840      0.066
    GRIT6_2$4          1.455      0.065     22.311      0.000
    GRIT7_2$1         -0.852      0.055    -15.559      0.000
    GRIT7_2$2          0.467      0.051      9.148      0.000
    GRIT7_2$3          1.299      0.063     20.578      0.000
    GRIT7_2$4          2.148      0.097     22.117      0.000
    GRIT8_2$1         -2.540      0.136    -18.652      0.000
    GRIT8_2$2         -0.703      0.073     -9.602      0.000
    GRIT8_2$3          0.500      0.070      7.095      0.000
    GRIT8_2$4          2.129      0.116     18.350      0.000

 Variances
    GRIT_2             1.000      0.000    999.000    999.000

 Residual Variances
    GRIT1_2            1.000      0.000    999.000    999.000
    GRIT5_2            1.000      0.000    999.000    999.000
    GRIT6_2            1.000      0.000    999.000    999.000
    GRIT7_2            1.000      0.000    999.000    999.000
    GRIT8_2            1.000      0.000    999.000    999.000

Group TREATED

 GRIT_2   BY
    GRIT1_2            0.326      0.032     10.352      0.000
    GRIT5_2            0.885      0.058     15.373      0.000
    GRIT6_2            0.444      0.033     13.367      0.000
    GRIT7_2            0.576      0.039     14.884      0.000
    GRIT8_2            1.218      0.086     14.108      0.000

 GRIT1_2  WITH
    GRIT6_2            0.199      0.037      5.376      0.000
    GRIT7_2           -0.018      0.042     -0.425      0.671

 Means
    GRIT_2             0.000      0.000    999.000    999.000

 Thresholds
    GRIT1_2$1         -1.237      0.065    -19.126      0.000
    GRIT1_2$2         -0.452      0.052     -8.720      0.000
    GRIT1_2$3          0.214      0.050      4.244      0.000
    GRIT1_2$4          1.688      0.081     20.736      0.000
    GRIT5_2$1         -1.988      0.102    -19.514      0.000
    GRIT5_2$2         -0.725      0.071    -10.218      0.000
    GRIT5_2$3          0.122      0.066      1.840      0.066
    GRIT5_2$4          1.371      0.082     16.822      0.000
    GRIT6_2$1         -2.209      0.113    -19.551      0.000
    GRIT6_2$2         -1.305      0.069    -18.999      0.000
    GRIT6_2$3         -0.318      0.054     -5.935      0.000
    GRIT6_2$4          1.223      0.066     18.629      0.000
    GRIT7_2$1         -0.971      0.063    -15.416      0.000
    GRIT7_2$2          0.244      0.057      4.308      0.000
    GRIT7_2$3          1.194      0.068     17.456      0.000
    GRIT7_2$4          2.111      0.104     20.389      0.000
    GRIT8_2$1         -2.422      0.149    -16.256      0.000
    GRIT8_2$2         -0.831      0.089     -9.292      0.000
    GRIT8_2$3          0.389      0.081      4.786      0.000
    GRIT8_2$4          2.025      0.127     15.964      0.000

 Variances
    GRIT_2             1.255      0.147      8.526      0.000

 Residual Variances
    GRIT1_2            1.000      0.000    999.000    999.000
    GRIT5_2            1.000      0.000    999.000    999.000
    GRIT6_2            1.000      0.000    999.000    999.000
    GRIT7_2            1.000      0.000    999.000    999.000
    GRIT8_2            1.000      0.000    999.000    999.000


STANDARDIZED MODEL RESULTS


STDYX Standardization

                                                    Two-Tailed
                    Estimate       S.E.  Est./S.E.    P-Value

Group CONTROL

 GRIT_2   BY
    GRIT1_2            0.310      0.027     11.456      0.000
    GRIT5_2            0.663      0.024     27.411      0.000
    GRIT6_2            0.406      0.025     16.005      0.000
    GRIT7_2            0.499      0.025     19.830      0.000
    GRIT8_2            0.773      0.022     35.039      0.000

 GRIT1_2  WITH
    GRIT6_2            0.229      0.035      6.533      0.000
    GRIT7_2            0.131      0.034      3.812      0.000

 Means
    GRIT_2             0.000      0.000    999.000    999.000

 Thresholds
    GRIT1_2$1         -1.165      0.055    -21.124      0.000
    GRIT1_2$2         -0.274      0.043     -6.333      0.000
    GRIT1_2$3          0.478      0.045     10.728      0.000
    GRIT1_2$4          1.591      0.070     22.873      0.000
    GRIT5_2$1         -1.561      0.068    -22.871      0.000
    GRIT5_2$2         -0.572      0.045    -12.602      0.000
    GRIT5_2$3          0.137      0.043      3.204      0.001
    GRIT5_2$4          1.042      0.052     19.906      0.000
    GRIT6_2$1         -1.878      0.085    -22.021      0.000
    GRIT6_2$2         -1.027      0.052    -19.734      0.000
    GRIT6_2$3         -0.079      0.043     -1.841      0.066
    GRIT6_2$4          1.329      0.060     22.255      0.000
    GRIT7_2$1         -0.738      0.047    -15.621      0.000
    GRIT7_2$2          0.404      0.044      9.181      0.000
    GRIT7_2$3          1.125      0.054     20.768      0.000
    GRIT7_2$4          1.861      0.084     22.109      0.000
    GRIT8_2$1         -1.612      0.071    -22.856      0.000
    GRIT8_2$2         -0.446      0.044    -10.059      0.000
    GRIT8_2$3          0.317      0.044      7.286      0.000
    GRIT8_2$4          1.351      0.060     22.357      0.000

 Variances
    GRIT_2             1.000      0.000    999.000    999.000

 Residual Variances
    GRIT1_2            0.904      0.017     53.749      0.000
    GRIT5_2            0.561      0.032     17.503      0.000
    GRIT6_2            0.835      0.021     40.546      0.000
    GRIT7_2            0.751      0.025     29.834      0.000
    GRIT8_2            0.403      0.034     11.808      0.000

Group TREATED

 GRIT_2   BY
    GRIT1_2            0.343      0.029     11.867      0.000
    GRIT5_2            0.704      0.023     30.776      0.000
    GRIT6_2            0.446      0.027     16.696      0.000
    GRIT7_2            0.542      0.025     21.984      0.000
    GRIT8_2            0.807      0.021     38.034      0.000

 GRIT1_2  WITH
    GRIT6_2            0.199      0.037      5.376      0.000
    GRIT7_2           -0.018      0.042     -0.425      0.671

 Means
    GRIT_2             0.000      0.000    999.000    999.000

 Thresholds
    GRIT1_2$1         -1.161      0.061    -19.153      0.000
    GRIT1_2$2         -0.424      0.049     -8.725      0.000
    GRIT1_2$3          0.201      0.047      4.242      0.000
    GRIT1_2$4          1.585      0.076     20.767      0.000
    GRIT5_2$1         -1.412      0.069    -20.525      0.000
    GRIT5_2$2         -0.515      0.049    -10.424      0.000
    GRIT5_2$3          0.087      0.047      1.840      0.066
    GRIT5_2$4          0.974      0.056     17.343      0.000
    GRIT6_2$1         -1.978      0.102    -19.424      0.000
    GRIT6_2$2         -1.169      0.061    -19.210      0.000
    GRIT6_2$3         -0.285      0.048     -5.964      0.000
    GRIT6_2$4          1.095      0.059     18.587      0.000
    GRIT7_2$1         -0.816      0.053    -15.326      0.000
    GRIT7_2$2          0.205      0.047      4.316      0.000
    GRIT7_2$3          1.003      0.057     17.666      0.000
    GRIT7_2$4          1.773      0.087     20.424      0.000
    GRIT8_2$1         -1.432      0.070    -20.582      0.000
    GRIT8_2$2         -0.491      0.049     -9.982      0.000
    GRIT8_2$3          0.230      0.048      4.841      0.000
    GRIT8_2$4          1.197      0.062     19.428      0.000

 Variances
    GRIT_2             1.000      0.000    999.000    999.000

 Residual Variances
    GRIT1_2            0.882      0.020     44.376      0.000
    GRIT5_2            0.504      0.032     15.662      0.000
    GRIT6_2            0.802      0.024     33.708      0.000
    GRIT7_2            0.706      0.027     26.359      0.000
    GRIT8_2            0.349      0.034     10.216      0.000


R-SQUARE

Group CONTROL

    Observed                                        Two-Tailed     Scale
    Variable        Estimate       S.E.  Est./S.E.    P-Value     Factors

    GRIT1_2            0.096      0.017      5.728      0.000      0.951
    GRIT5_2            0.439      0.032     13.706      0.000      0.749
    GRIT6_2            0.165      0.021      8.003      0.000      0.914
    GRIT7_2            0.249      0.025      9.915      0.000      0.866
    GRIT8_2            0.597      0.034     17.519      0.000      0.635

Group TREATED

    Observed                                        Two-Tailed     Scale
    Variable        Estimate       S.E.  Est./S.E.    P-Value     Factors

    GRIT1_2            0.118      0.020      5.934      0.000      0.939
    GRIT5_2            0.496      0.032     15.388      0.000      0.710
    GRIT6_2            0.198      0.024      8.348      0.000      0.895
    GRIT7_2            0.294      0.027     10.992      0.000      0.840
    GRIT8_2            0.651      0.034     19.017      0.000      0.591


QUALITY OF NUMERICAL RESULTS

     Condition Number for the Information Matrix              0.479E-02
       (ratio of smallest to largest eigenvalue)


MODEL MODIFICATION INDICES

Minimum M.I. value for printing the modification index    10.000

                                   M.I.     E.P.C.  Std E.P.C.  StdYX E.P.C.
Group CONTROL


No modification indices above the minimum value.

Group TREATED


ON Statements

GRIT6_2  ON GRIT7_2               17.227    -0.142     -0.142       -0.151
GRIT7_2  ON GRIT6_2               10.871    -0.125     -0.125       -0.118
GRIT8_2  ON GRIT8_2              999.000     0.000      0.000        0.000

WITH Statements

GRIT7_2  WITH GRIT6_2             15.003    -0.161     -0.161       -0.161



SAVEDATA INFORMATION


  Difference testing

  Save file
    grit2_student_tx_inv_metric.dat
  Save format      Free

     Beginning Time:  22:21:35
        Ending Time:  22:21:35
       Elapsed Time:  00:00:00



MUTHEN & MUTHEN
3463 Stoner Ave.
Los Angeles, CA  90066

Tel: (310) 391-9971
Fax: (310) 391-8971
Web: www.StatModel.com
Support: Support@StatModel.com

Copyright (c) 1998-2019 Muthen & Muthen
