Mplus VERSION 8.4 (Mac)
MUTHEN & MUTHEN
04/29/2023  10:21 PM

INPUT INSTRUCTIONS

  Title: Student Grit Treatment Measurement Invariance Configural Model;

  Data:
     File is ../dat_stu.txt;

  Variable:
     Names are studentid index treatment girl age_w child_grade in_ukr
     guardian_living guardian_region
     grit1_1 grit2_1 grit3_1 grit4_1 grit5_1 grit6_1 grit7_1 grit8_1
     loc1_1 loc2_1 loc3_1 loc4_1
     dass1_1 dass2_1 dass3_1 dass4_1 dass5_1 dass6_1 dass7_1 dass8_1
     dass9_1 dass10_1 dass11_1 dass12_1 dass13_1 dass14_1
     sleep1_1 sleep2_1 sleep3_1 sleep4_1 sleep5_1 sleep6_1 sleep7_1
     efficacy_1 edugoals_1 remotediff_1 timeclass_1 timehomework_1
     grit1_2 grit2_2 grit3_2 grit4_2 grit5_2 grit6_2 grit7_2 grit8_2
     loc1_2 loc2_2 loc3_2 loc4_2
     dass1_2 dass2_2 dass3_2 dass4_2 dass5_2 dass6_2 dass7_2 dass8_2
     dass9_2 dass10_2 dass11_2 dass12_2 dass13_2 dass14_2
     efficacy_2 edugoals_2 timeclass_2 timehomework_2 compmath_2 half;
     Missing are . ;

    Usevariable are
  	grit1_2 grit5_2 grit6_2 grit7_2 grit8_2;

    Categorical is
  	grit1_2 grit5_2 grit6_2 grit7_2 grit8_2;

    Idvariable is studentid;

    Group is treatment (1 = Treated 0 = Control);

  Analysis:
     Estimator = wlsmv;
     Parameterization = theta;


  !!! Model for Control Group !!!

  Model:
    ! Factor loadings all freely estimated
    grit_2 by
      grit1_2* grit5_2* grit6_2* grit7_2* grit8_2* (L1-L5);

    grit1_2 with grit6_2; !worded positively
    grit1_2 with grit7_2; !both about schoolwork

    !estimating thresholds freely
    [grit1_2$1* grit5_2$1* grit6_2$1* grit7_2$1* grit8_2$1*] (T1_1 T5_1 T6_1 T7_1 T8_1);
    [grit1_2$2* grit5_2$2* grit6_2$2* grit7_2$2* grit8_2$2*] (T1_2 T5_2 T6_2 T7_2 T8_2);
    [grit1_2$3* grit5_2$3* grit6_2$3* grit7_2$3* grit8_2$3*] (T1_3 T5_3 T6_3 T7_3 T8_3);
    [grit1_2$4* grit5_2$4* grit6_2$4* grit7_2$4* grit8_2$4*] (T1_4 T5_4 T6_4 T7_4 T8_4);

    !constraining item residual variance to 1 for identification
    grit1_2@1;
    grit5_2@1;
    grit6_2@1;
    grit7_2@1;
    grit8_2@1;

    !fixing latent mean to zero for identification
    [grit_2@0];

    !fixing latent variance to one for identification
    grit_2@1;

  !!! Model for Treatment Group !!!

  Model Treated:
    ! Factor loadings all freely estimated
    grit_2 by
      grit1_2* grit5_2* grit6_2* grit7_2* grit8_2*;

    grit1_2 with grit6_2; !worded positively
    grit1_2 with grit7_2; !both about schoolwork

    !estimating thresholds freely
    [grit1_2$1* grit5_2$1* grit6_2$1* grit7_2$1* grit8_2$1*];
    [grit1_2$2* grit5_2$2* grit6_2$2* grit7_2$2* grit8_2$2*];
    [grit1_2$3* grit5_2$3* grit6_2$3* grit7_2$3* grit8_2$3*];
    [grit1_2$4* grit5_2$4* grit6_2$4* grit7_2$4* grit8_2$4*];

    !constraining item residual variance to 1 for identification
    grit1_2@1;
    grit5_2@1;
    grit6_2@1;
    grit7_2@1;
    grit8_2@1;

    !fixing latent mean to zero for identification
    [grit_2@0];

    !fixing latent variance to one for identification
    grit_2@1;

  Output: sampstat stdyx modindices(all);
  Savedata: Difftest is grit2_student_tx_inv_config.dat;



*** WARNING
  Data set contains cases with missing on all variables.
  These cases were not included in the analysis.
  Number of cases with missing on all variables:  975
   1 WARNING(S) FOUND IN THE INPUT INSTRUCTIONS



Student Grit Treatment Measurement Invariance Configural Model;

SUMMARY OF ANALYSIS

Number of groups                                                 2
Number of observations
   Group CONTROL                                               860
   Group TREATED                                               709
   Total sample size                                          1569

Number of dependent variables                                    5
Number of independent variables                                  0
Number of continuous latent variables                            1

Observed dependent variables

  Binary and ordered categorical (ordinal)
   GRIT1_2     GRIT5_2     GRIT6_2     GRIT7_2     GRIT8_2

Continuous latent variables
   GRIT_2

Variables with special functions

  Grouping variable     TREATMEN
  ID variable           STUDENTI

Estimator                                                    WLSMV
Maximum number of iterations                                  1000
Convergence criterion                                    0.500D-04
Maximum number of steepest descent iterations                   20
Maximum number of iterations for H1                           2000
Convergence criterion for H1                             0.100D-03
Parameterization                                             THETA
Link                                                        PROBIT

Input data file(s)
  ../dat_stu.txt

Input data format  FREE


SUMMARY OF DATA

   Group CONTROL
     Number of missing data patterns             1

   Group TREATED
     Number of missing data patterns             1


COVARIANCE COVERAGE OF DATA

Minimum covariance coverage value   0.100


     PROPORTION OF DATA PRESENT FOR CONTROL


           Covariance Coverage
              GRIT1_2       GRIT5_2       GRIT6_2       GRIT7_2       GRIT8_2
              ________      ________      ________      ________      ________
 GRIT1_2        1.000
 GRIT5_2        1.000         1.000
 GRIT6_2        1.000         1.000         1.000
 GRIT7_2        1.000         1.000         1.000         1.000
 GRIT8_2        1.000         1.000         1.000         1.000         1.000


     PROPORTION OF DATA PRESENT FOR TREATED


           Covariance Coverage
              GRIT1_2       GRIT5_2       GRIT6_2       GRIT7_2       GRIT8_2
              ________      ________      ________      ________      ________
 GRIT1_2        1.000
 GRIT5_2        1.000         1.000
 GRIT6_2        1.000         1.000         1.000
 GRIT7_2        1.000         1.000         1.000         1.000
 GRIT8_2        1.000         1.000         1.000         1.000         1.000


UNIVARIATE PROPORTIONS AND COUNTS FOR CATEGORICAL VARIABLES

  Group CONTROL
    GRIT1_2
      Category 1    0.122          105.000
      Category 2    0.270          232.000
      Category 3    0.292          251.000
      Category 4    0.260          224.000
      Category 5    0.056           48.000
    GRIT5_2
      Category 1    0.059           51.000
      Category 2    0.224          193.000
      Category 3    0.271          233.000
      Category 4    0.297          255.000
      Category 5    0.149          128.000
    GRIT6_2
      Category 1    0.030           26.000
      Category 2    0.122          105.000
      Category 3    0.316          272.000
      Category 4    0.440          378.000
      Category 5    0.092           79.000
    GRIT7_2
      Category 1    0.230          198.000
      Category 2    0.427          367.000
      Category 3    0.213          183.000
      Category 4    0.099           85.000
      Category 5    0.031           27.000
    GRIT8_2
      Category 1    0.053           46.000
      Category 2    0.274          236.000
      Category 3    0.297          255.000
      Category 4    0.287          247.000
      Category 5    0.088           76.000

  Group TREATED
    GRIT1_2
      Category 1    0.123           87.000
      Category 2    0.213          151.000
      Category 3    0.244          173.000
      Category 4    0.364          258.000
      Category 5    0.056           40.000
    GRIT5_2
      Category 1    0.079           56.000
      Category 2    0.224          159.000
      Category 3    0.231          164.000
      Category 4    0.300          213.000
      Category 5    0.165          117.000
    GRIT6_2
      Category 1    0.024           17.000
      Category 2    0.097           69.000
      Category 3    0.267          189.000
      Category 4    0.475          337.000
      Category 5    0.137           97.000
    GRIT7_2
      Category 1    0.207          147.000
      Category 2    0.374          265.000
      Category 3    0.261          185.000
      Category 4    0.120           85.000
      Category 5    0.038           27.000
    GRIT8_2
      Category 1    0.076           54.000
      Category 2    0.236          167.000
      Category 3    0.279          198.000
      Category 4    0.293          208.000
      Category 5    0.116           82.000


SAMPLE STATISTICS


     ESTIMATED SAMPLE STATISTICS FOR CONTROL


           MEANS/INTERCEPTS/THRESHOLDS
              GRIT1_2$      GRIT1_2$      GRIT1_2$      GRIT1_2$      GRIT5_2$
              ________      ________      ________      ________      ________
               -1.165        -0.274         0.478         1.591        -1.561


           MEANS/INTERCEPTS/THRESHOLDS
              GRIT5_2$      GRIT5_2$      GRIT5_2$      GRIT6_2$      GRIT6_2$
              ________      ________      ________      ________      ________
               -0.572         0.137         1.041        -1.877        -1.027


           MEANS/INTERCEPTS/THRESHOLDS
              GRIT6_2$      GRIT6_2$      GRIT7_2$      GRIT7_2$      GRIT7_2$
              ________      ________      ________      ________      ________
               -0.079         1.329        -0.738         0.404         1.125


           MEANS/INTERCEPTS/THRESHOLDS
              GRIT7_2$      GRIT8_2$      GRIT8_2$      GRIT8_2$      GRIT8_2$
              ________      ________      ________      ________      ________
                1.861        -1.612        -0.446         0.317         1.351


           CORRELATION MATRIX (WITH VARIANCES ON THE DIAGONAL)
              GRIT1_2       GRIT5_2       GRIT6_2       GRIT7_2       GRIT8_2
              ________      ________      ________      ________      ________
 GRIT1_2
 GRIT5_2        0.190
 GRIT6_2        0.325         0.288
 GRIT7_2        0.263         0.320         0.181
 GRIT8_2        0.235         0.495         0.358         0.386


     ESTIMATED SAMPLE STATISTICS FOR TREATED


           MEANS/INTERCEPTS/THRESHOLDS
              GRIT1_2$      GRIT1_2$      GRIT1_2$      GRIT1_2$      GRIT5_2$
              ________      ________      ________      ________      ________
               -1.162        -0.424         0.201         1.586        -1.412


           MEANS/INTERCEPTS/THRESHOLDS
              GRIT5_2$      GRIT5_2$      GRIT5_2$      GRIT6_2$      GRIT6_2$
              ________      ________      ________      ________      ________
               -0.515         0.087         0.974        -1.978        -1.169


           MEANS/INTERCEPTS/THRESHOLDS
              GRIT6_2$      GRIT6_2$      GRIT7_2$      GRIT7_2$      GRIT7_2$
              ________      ________      ________      ________      ________
               -0.285         1.095        -0.816         0.205         1.003


           MEANS/INTERCEPTS/THRESHOLDS
              GRIT7_2$      GRIT8_2$      GRIT8_2$      GRIT8_2$      GRIT8_2$
              ________      ________      ________      ________      ________
                1.773        -1.431        -0.491         0.230         1.197


           CORRELATION MATRIX (WITH VARIANCES ON THE DIAGONAL)
              GRIT1_2       GRIT5_2       GRIT6_2       GRIT7_2       GRIT8_2
              ________      ________      ________      ________      ________
 GRIT1_2
 GRIT5_2        0.288
 GRIT6_2        0.320         0.356
 GRIT7_2        0.172         0.399         0.123
 GRIT8_2        0.258         0.553         0.326         0.487


THE MODEL ESTIMATION TERMINATED NORMALLY



MODEL FIT INFORMATION

Number of Free Parameters                       54

Chi-Square Test of Model Fit

          Value                             37.667*
          Degrees of Freedom                     6
          P-Value                           0.0000

Chi-Square Contribution From Each Group

          CONTROL                            3.057
          TREATED                           34.611

*   The chi-square value for MLM, MLMV, MLR, ULSMV, WLSM and WLSMV cannot be used
    for chi-square difference testing in the regular way.  MLM, MLR and WLSM
    chi-square difference testing is described on the Mplus website.  MLMV, WLSMV,
    and ULSMV difference testing is done using the DIFFTEST option.

RMSEA (Root Mean Square Error Of Approximation)

          Estimate                           0.082
          90 Percent C.I.                    0.058  0.108
          Probability RMSEA <= .05           0.015

CFI/TLI

          CFI                                0.985
          TLI                                0.950

Chi-Square Test of Model Fit for the Baseline Model

          Value                           2141.805
          Degrees of Freedom                    20
          P-Value                           0.0000

SRMR (Standardized Root Mean Square Residual)

          Value                              0.016

Optimum Function Value for Weighted Least-Squares Estimator

          Value                     0.58538179D-02



MODEL RESULTS

                                                    Two-Tailed
                    Estimate       S.E.  Est./S.E.    P-Value

Group CONTROL

 GRIT_2   BY
    GRIT1_2            0.312      0.043      7.295      0.000
    GRIT5_2            0.827      0.069     12.003      0.000
    GRIT6_2            0.491      0.045     10.841      0.000
    GRIT7_2            0.551      0.047     11.683      0.000
    GRIT8_2            1.287      0.128     10.043      0.000

 GRIT1_2  WITH
    GRIT6_2            0.226      0.036      6.273      0.000
    GRIT7_2            0.143      0.033      4.323      0.000

 Means
    GRIT_2             0.000      0.000    999.000    999.000

 Thresholds
    GRIT1_2$1         -1.220      0.058    -21.019      0.000
    GRIT1_2$2         -0.287      0.045     -6.331      0.000
    GRIT1_2$3          0.501      0.047     10.705      0.000
    GRIT1_2$4          1.666      0.074     22.644      0.000
    GRIT5_2$1         -2.025      0.100    -20.314      0.000
    GRIT5_2$2         -0.742      0.062    -11.925      0.000
    GRIT5_2$3          0.178      0.056      3.195      0.001
    GRIT5_2$4          1.352      0.076     17.804      0.000
    GRIT6_2$1         -2.091      0.095    -22.024      0.000
    GRIT6_2$2         -1.144      0.059    -19.230      0.000
    GRIT6_2$3         -0.088      0.048     -1.840      0.066
    GRIT6_2$4          1.481      0.068     21.790      0.000
    GRIT7_2$1         -0.843      0.054    -15.519      0.000
    GRIT7_2$2          0.461      0.051      9.123      0.000
    GRIT7_2$3          1.285      0.063     20.413      0.000
    GRIT7_2$4          2.124      0.097     21.946      0.000
    GRIT8_2$1         -2.627      0.178    -14.737      0.000
    GRIT8_2$2         -0.727      0.080     -9.031      0.000
    GRIT8_2$3          0.517      0.076      6.774      0.000
    GRIT8_2$4          2.202      0.152     14.511      0.000

 Variances
    GRIT_2             1.000      0.000    999.000    999.000

 Residual Variances
    GRIT1_2            1.000      0.000    999.000    999.000
    GRIT5_2            1.000      0.000    999.000    999.000
    GRIT6_2            1.000      0.000    999.000    999.000
    GRIT7_2            1.000      0.000    999.000    999.000
    GRIT8_2            1.000      0.000    999.000    999.000

Group TREATED

 GRIT_2   BY
    GRIT1_2            0.382      0.047      8.155      0.000
    GRIT5_2            1.066      0.085     12.512      0.000
    GRIT6_2            0.449      0.046      9.729      0.000
    GRIT7_2            0.676      0.055     12.232      0.000
    GRIT8_2            1.280      0.113     11.322      0.000

 GRIT1_2  WITH
    GRIT6_2            0.204      0.036      5.666      0.000
    GRIT7_2           -0.036      0.042     -0.849      0.396

 Means
    GRIT_2             0.000      0.000    999.000    999.000

 Thresholds
    GRIT1_2$1         -1.244      0.065    -19.017      0.000
    GRIT1_2$2         -0.454      0.052     -8.706      0.000
    GRIT1_2$3          0.215      0.051      4.241      0.000
    GRIT1_2$4          1.698      0.082     20.631      0.000
    GRIT5_2$1         -2.064      0.114    -18.095      0.000
    GRIT5_2$2         -0.753      0.076     -9.952      0.000
    GRIT5_2$3          0.127      0.069      1.838      0.066
    GRIT5_2$4          1.424      0.090     15.752      0.000
    GRIT6_2$1         -2.168      0.111    -19.486      0.000
    GRIT6_2$2         -1.281      0.068    -18.924      0.000
    GRIT6_2$3         -0.312      0.053     -5.929      0.000
    GRIT6_2$4          1.200      0.065     18.473      0.000
    GRIT7_2$1         -0.985      0.065    -15.248      0.000
    GRIT7_2$2          0.247      0.058      4.296      0.000
    GRIT7_2$3          1.211      0.071     17.113      0.000
    GRIT7_2$4          2.141      0.107     19.958      0.000
    GRIT8_2$1         -2.325      0.152    -15.336      0.000
    GRIT8_2$2         -0.798      0.088     -9.079      0.000
    GRIT8_2$3          0.374      0.078      4.773      0.000
    GRIT8_2$4          1.944      0.128     15.236      0.000

 Variances
    GRIT_2             1.000      0.000    999.000    999.000

 Residual Variances
    GRIT1_2            1.000      0.000    999.000    999.000
    GRIT5_2            1.000      0.000    999.000    999.000
    GRIT6_2            1.000      0.000    999.000    999.000
    GRIT7_2            1.000      0.000    999.000    999.000
    GRIT8_2            1.000      0.000    999.000    999.000


STANDARDIZED MODEL RESULTS


STDYX Standardization

                                                    Two-Tailed
                    Estimate       S.E.  Est./S.E.    P-Value

Group CONTROL

 GRIT_2   BY
    GRIT1_2            0.298      0.037      8.005      0.000
    GRIT5_2            0.637      0.032     20.219      0.000
    GRIT6_2            0.441      0.033     13.458      0.000
    GRIT7_2            0.482      0.032     15.224      0.000
    GRIT8_2            0.790      0.030     26.688      0.000

 GRIT1_2  WITH
    GRIT6_2            0.226      0.036      6.273      0.000
    GRIT7_2            0.143      0.033      4.323      0.000

 Means
    GRIT_2             0.000      0.000    999.000    999.000

 Thresholds
    GRIT1_2$1         -1.165      0.055    -21.125      0.000
    GRIT1_2$2         -0.274      0.043     -6.334      0.000
    GRIT1_2$3          0.478      0.045     10.728      0.000
    GRIT1_2$4          1.591      0.070     22.870      0.000
    GRIT5_2$1         -1.561      0.068    -22.871      0.000
    GRIT5_2$2         -0.572      0.045    -12.602      0.000
    GRIT5_2$3          0.137      0.043      3.205      0.001
    GRIT5_2$4          1.041      0.052     19.903      0.000
    GRIT6_2$1         -1.877      0.085    -22.016      0.000
    GRIT6_2$2         -1.026      0.052    -19.733      0.000
    GRIT6_2$3         -0.079      0.043     -1.841      0.066
    GRIT6_2$4          1.329      0.060     22.252      0.000
    GRIT7_2$1         -0.738      0.047    -15.622      0.000
    GRIT7_2$2          0.404      0.044      9.181      0.000
    GRIT7_2$3          1.125      0.054     20.768      0.000
    GRIT7_2$4          1.861      0.084     22.108      0.000
    GRIT8_2$1         -1.612      0.071    -22.859      0.000
    GRIT8_2$2         -0.446      0.044    -10.057      0.000
    GRIT8_2$3          0.317      0.044      7.285      0.000
    GRIT8_2$4          1.351      0.060     22.358      0.000

 Variances
    GRIT_2             1.000      0.000    999.000    999.000

 Residual Variances
    GRIT1_2            0.911      0.022     41.099      0.000
    GRIT5_2            0.594      0.040     14.768      0.000
    GRIT6_2            0.806      0.029     27.881      0.000
    GRIT7_2            0.767      0.031     25.116      0.000
    GRIT8_2            0.376      0.047      8.051      0.000

Group TREATED

 GRIT_2   BY
    GRIT1_2            0.357      0.038      9.348      0.000
    GRIT5_2            0.729      0.027     26.743      0.000
    GRIT6_2            0.409      0.035     11.688      0.000
    GRIT7_2            0.560      0.031     17.822      0.000
    GRIT8_2            0.788      0.026     29.861      0.000

 GRIT1_2  WITH
    GRIT6_2            0.204      0.036      5.666      0.000
    GRIT7_2           -0.036      0.042     -0.849      0.396

 Means
    GRIT_2             0.000      0.000    999.000    999.000

 Thresholds
    GRIT1_2$1         -1.161      0.061    -19.154      0.000
    GRIT1_2$2         -0.424      0.049     -8.723      0.000
    GRIT1_2$3          0.201      0.047      4.241      0.000
    GRIT1_2$4          1.586      0.076     20.772      0.000
    GRIT5_2$1         -1.412      0.069    -20.522      0.000
    GRIT5_2$2         -0.515      0.049    -10.424      0.000
    GRIT5_2$3          0.087      0.047      1.840      0.066
    GRIT5_2$4          0.974      0.056     17.345      0.000
    GRIT6_2$1         -1.978      0.102    -19.429      0.000
    GRIT6_2$2         -1.168      0.061    -19.209      0.000
    GRIT6_2$3         -0.285      0.048     -5.963      0.000
    GRIT6_2$4          1.095      0.059     18.585      0.000
    GRIT7_2$1         -0.816      0.053    -15.325      0.000
    GRIT7_2$2          0.205      0.047      4.316      0.000
    GRIT7_2$3          1.003      0.057     17.666      0.000
    GRIT7_2$4          1.774      0.087     20.430      0.000
    GRIT8_2$1         -1.432      0.070    -20.583      0.000
    GRIT8_2$2         -0.491      0.049     -9.983      0.000
    GRIT8_2$3          0.230      0.048      4.841      0.000
    GRIT8_2$4          1.197      0.062     19.425      0.000

 Variances
    GRIT_2             1.000      0.000    999.000    999.000

 Residual Variances
    GRIT1_2            0.872      0.027     31.954      0.000
    GRIT5_2            0.468      0.040     11.756      0.000
    GRIT6_2            0.832      0.029     29.019      0.000
    GRIT7_2            0.686      0.035     19.501      0.000
    GRIT8_2            0.379      0.042      9.118      0.000


R-SQUARE

Group CONTROL

    Observed                                        Two-Tailed     Scale
    Variable        Estimate       S.E.  Est./S.E.    P-Value     Factors

    GRIT1_2            0.089      0.022      4.003      0.000      0.955
    GRIT5_2            0.406      0.040     10.110      0.000      0.770
    GRIT6_2            0.194      0.029      6.729      0.000      0.898
    GRIT7_2            0.233      0.031      7.612      0.000      0.876
    GRIT8_2            0.624      0.047     13.344      0.000      0.613

Group TREATED

    Observed                                        Two-Tailed     Scale
    Variable        Estimate       S.E.  Est./S.E.    P-Value     Factors

    GRIT1_2            0.128      0.027      4.674      0.000      0.934
    GRIT5_2            0.532      0.040     13.372      0.000      0.684
    GRIT6_2            0.168      0.029      5.844      0.000      0.912
    GRIT7_2            0.314      0.035      8.911      0.000      0.828
    GRIT8_2            0.621      0.042     14.930      0.000      0.616


QUALITY OF NUMERICAL RESULTS

     Condition Number for the Information Matrix              0.749E-02
       (ratio of smallest to largest eigenvalue)


MODEL MODIFICATION INDICES

Minimum M.I. value for printing the modification index    10.000

                                   M.I.     E.P.C.  Std E.P.C.  StdYX E.P.C.
Group CONTROL


ON Statements

GRIT_2   ON GRIT5_2              999.000     0.000      0.000        0.000
GRIT_2   ON GRIT8_2              999.000     0.000      0.000        0.000

Group TREATED


ON Statements

GRIT5_2  ON GRIT6_2               16.787     0.201      0.201        0.151
GRIT5_2  ON GRIT8_2               21.537    -0.738     -0.738       -0.820
GRIT6_2  ON GRIT1_2               22.874     4.701      4.701        4.592
GRIT6_2  ON GRIT5_2               13.562     0.174      0.174        0.232
GRIT6_2  ON GRIT7_2               21.592    -0.164     -0.164       -0.181
GRIT7_2  ON GRIT1_2               21.585    -0.806     -0.806       -0.715
GRIT7_2  ON GRIT6_2               21.591    -0.164     -0.164       -0.149
GRIT7_2  ON GRIT8_2               19.527     0.349      0.349        0.470
GRIT8_2  ON GRIT5_2               21.712    -0.741     -0.741       -0.667
GRIT8_2  ON GRIT7_2               19.276     0.340      0.340        0.253
GRIT8_2  ON GRIT8_2              999.000     0.000      0.000        0.000

WITH Statements

GRIT6_2  WITH GRIT5_2             13.558     0.174      0.174        0.174
GRIT7_2  WITH GRIT6_2             21.592    -0.164     -0.164       -0.164
GRIT8_2  WITH GRIT5_2             21.695    -0.741     -0.741       -0.741
GRIT8_2  WITH GRIT7_2             19.525     0.349      0.349        0.349



SAVEDATA INFORMATION


  Difference testing

  Save file
    grit2_student_tx_inv_config.dat
  Save format      Free

     Beginning Time:  22:21:34
        Ending Time:  22:21:35
       Elapsed Time:  00:00:01



MUTHEN & MUTHEN
3463 Stoner Ave.
Los Angeles, CA  90066

Tel: (310) 391-9971
Fax: (310) 391-8971
Web: www.StatModel.com
Support: Support@StatModel.com

Copyright (c) 1998-2019 Muthen & Muthen
