Mplus VERSION 8.4 (Mac)
MUTHEN & MUTHEN
04/29/2023  10:21 PM

INPUT INSTRUCTIONS

  Title: Student Grit Treatment Measurement Invariance Configural Model;

  Data:
     File is ../dat_stu.txt;

  Variable:
     Names are studentid index treatment girl age_w child_grade in_ukr
     guardian_living guardian_region
     grit1_1 grit2_1 grit3_1 grit4_1 grit5_1 grit6_1 grit7_1 grit8_1
     loc1_1 loc2_1 loc3_1 loc4_1
     dass1_1 dass2_1 dass3_1 dass4_1 dass5_1 dass6_1 dass7_1 dass8_1
     dass9_1 dass10_1 dass11_1 dass12_1 dass13_1 dass14_1
     sleep1_1 sleep2_1 sleep3_1 sleep4_1 sleep5_1 sleep6_1 sleep7_1
     efficacy_1 edugoals_1 remotediff_1 timeclass_1 timehomework_1
     grit1_2 grit2_2 grit3_2 grit4_2 grit5_2 grit6_2 grit7_2 grit8_2
     loc1_2 loc2_2 loc3_2 loc4_2
     dass1_2 dass2_2 dass3_2 dass4_2 dass5_2 dass6_2 dass7_2 dass8_2
     dass9_2 dass10_2 dass11_2 dass12_2 dass13_2 dass14_2
     efficacy_2 edugoals_2 timeclass_2 timehomework_2 compmath_2 half;
     Missing are . ;

    Usevariable are
  	grit1_1 grit5_1 grit6_1 grit7_1 grit8_1;

    Categorical is
  	grit1_1 grit5_1 grit6_1 grit7_1 grit8_1;

    Idvariable is studentid;

    Group is treatment (1 = Treated 0 = Control);

  Analysis:
     Estimator = wlsmv;
     Parameterization = theta;


  !!! Model for Control Group !!!

  Model:
    ! Factor loadings all freely estimated
    grit_1 by
      grit1_1* grit5_1* grit6_1* grit7_1* grit8_1* (L1-L5);

    grit1_1 with grit6_1; !worded positively
    grit1_1 with grit7_1; !both about schoolwork

    !estimating thresholds freely
    [grit1_1$1* grit5_1$1* grit6_1$1* grit7_1$1* grit8_1$1*] (T1_1 T5_1 T6_1 T7_1 T8_1);
    [grit1_1$2* grit5_1$2* grit6_1$2* grit7_1$2* grit8_1$2*] (T1_2 T5_2 T6_2 T7_2 T8_2);
    [grit1_1$3* grit5_1$3* grit6_1$3* grit7_1$3* grit8_1$3*] (T1_3 T5_3 T6_3 T7_3 T8_3);
    [grit1_1$4* grit5_1$4* grit6_1$4* grit7_1$4* grit8_1$4*] (T1_4 T5_4 T6_4 T7_4 T8_4);

    !constraining item residual variance to 1 for identification
    grit1_1@1;
    grit5_1@1;
    grit6_1@1;
    grit7_1@1;
    grit8_1@1;

    !fixing latent mean to zero for identification
    [grit_1@0];

    !fixing latent variance to one for identification
    grit_1@1;

  !!! Model for Treatment Group !!!

  Model Treated:
    ! Factor loadings all freely estimated
    grit_1 by
      grit1_1* grit5_1* grit6_1* grit7_1* grit8_1*;

    grit1_1 with grit6_1; !worded positively
    grit1_1 with grit7_1; !both about schoolwork

    !estimating thresholds freely
    [grit1_1$1* grit5_1$1* grit6_1$1* grit7_1$1* grit8_1$1*];
    [grit1_1$2* grit5_1$2* grit6_1$2* grit7_1$2* grit8_1$2*];
    [grit1_1$3* grit5_1$3* grit6_1$3* grit7_1$3* grit8_1$3*];
    [grit1_1$4* grit5_1$4* grit6_1$4* grit7_1$4* grit8_1$4*];

    !constraining item residual variance to 1 for identification
    grit1_1@1;
    grit5_1@1;
    grit6_1@1;
    grit7_1@1;
    grit8_1@1;

    !fixing latent mean to zero for identification
    [grit_1@0];

    !fixing latent variance to one for identification
    grit_1@1;

  Output: sampstat stdyx modindices(all);
  Savedata: Difftest is grit1_student_tx_inv_config.dat;



INPUT READING TERMINATED NORMALLY



Student Grit Treatment Measurement Invariance Configural Model;

SUMMARY OF ANALYSIS

Number of groups                                                 2
Number of observations
   Group CONTROL                                              1259
   Group TREATED                                              1285
   Total sample size                                          2544

Number of dependent variables                                    5
Number of independent variables                                  0
Number of continuous latent variables                            1

Observed dependent variables

  Binary and ordered categorical (ordinal)
   GRIT1_1     GRIT5_1     GRIT6_1     GRIT7_1     GRIT8_1

Continuous latent variables
   GRIT_1

Variables with special functions

  Grouping variable     TREATMEN
  ID variable           STUDENTI

Estimator                                                    WLSMV
Maximum number of iterations                                  1000
Convergence criterion                                    0.500D-04
Maximum number of steepest descent iterations                   20
Maximum number of iterations for H1                           2000
Convergence criterion for H1                             0.100D-03
Parameterization                                             THETA
Link                                                        PROBIT

Input data file(s)
  ../dat_stu.txt

Input data format  FREE


SUMMARY OF DATA

   Group CONTROL
     Number of missing data patterns             1

   Group TREATED
     Number of missing data patterns             1


COVARIANCE COVERAGE OF DATA

Minimum covariance coverage value   0.100


     PROPORTION OF DATA PRESENT FOR CONTROL


           Covariance Coverage
              GRIT1_1       GRIT5_1       GRIT6_1       GRIT7_1       GRIT8_1
              ________      ________      ________      ________      ________
 GRIT1_1        1.000
 GRIT5_1        1.000         1.000
 GRIT6_1        1.000         1.000         1.000
 GRIT7_1        1.000         1.000         1.000         1.000
 GRIT8_1        1.000         1.000         1.000         1.000         1.000


     PROPORTION OF DATA PRESENT FOR TREATED


           Covariance Coverage
              GRIT1_1       GRIT5_1       GRIT6_1       GRIT7_1       GRIT8_1
              ________      ________      ________      ________      ________
 GRIT1_1        1.000
 GRIT5_1        1.000         1.000
 GRIT6_1        1.000         1.000         1.000
 GRIT7_1        1.000         1.000         1.000         1.000
 GRIT8_1        1.000         1.000         1.000         1.000         1.000


UNIVARIATE PROPORTIONS AND COUNTS FOR CATEGORICAL VARIABLES

  Group CONTROL
    GRIT1_1
      Category 1    0.098          123.000
      Category 2    0.239          301.000
      Category 3    0.279          351.000
      Category 4    0.335          422.000
      Category 5    0.049           62.000
    GRIT5_1
      Category 1    0.041           52.000
      Category 2    0.272          342.000
      Category 3    0.242          305.000
      Category 4    0.327          412.000
      Category 5    0.118          148.000
    GRIT6_1
      Category 1    0.027           34.000
      Category 2    0.148          186.000
      Category 3    0.318          400.000
      Category 4    0.409          515.000
      Category 5    0.098          124.000
    GRIT7_1
      Category 1    0.196          247.000
      Category 2    0.479          603.000
      Category 3    0.172          217.000
      Category 4    0.124          156.000
      Category 5    0.029           36.000
    GRIT8_1
      Category 1    0.056           70.000
      Category 2    0.298          375.000
      Category 3    0.268          337.000
      Category 4    0.288          363.000
      Category 5    0.091          114.000

  Group TREATED
    GRIT1_1
      Category 1    0.104          134.000
      Category 2    0.229          294.000
      Category 3    0.257          330.000
      Category 4    0.368          473.000
      Category 5    0.042           54.000
    GRIT5_1
      Category 1    0.056           72.000
      Category 2    0.288          370.000
      Category 3    0.241          310.000
      Category 4    0.296          380.000
      Category 5    0.119          153.000
    GRIT6_1
      Category 1    0.034           44.000
      Category 2    0.139          179.000
      Category 3    0.315          405.000
      Category 4    0.432          555.000
      Category 5    0.079          102.000
    GRIT7_1
      Category 1    0.192          247.000
      Category 2    0.475          610.000
      Category 3    0.175          225.000
      Category 4    0.130          167.000
      Category 5    0.028           36.000
    GRIT8_1
      Category 1    0.051           65.000
      Category 2    0.337          433.000
      Category 3    0.240          308.000
      Category 4    0.290          373.000
      Category 5    0.082          106.000


SAMPLE STATISTICS


     ESTIMATED SAMPLE STATISTICS FOR CONTROL


           MEANS/INTERCEPTS/THRESHOLDS
              GRIT1_1$      GRIT1_1$      GRIT1_1$      GRIT1_1$      GRIT5_1$
              ________      ________      ________      ________      ________
               -1.295        -0.421         0.294         1.652        -1.736


           MEANS/INTERCEPTS/THRESHOLDS
              GRIT5_1$      GRIT5_1$      GRIT5_1$      GRIT6_1$      GRIT6_1$
              ________      ________      ________      ________      ________
               -0.488         0.139         1.187        -1.927        -0.936


           MEANS/INTERCEPTS/THRESHOLDS
              GRIT6_1$      GRIT6_1$      GRIT7_1$      GRIT7_1$      GRIT7_1$
              ________      ________      ________      ________      ________
               -0.019         1.290        -0.855         0.454         1.026


           MEANS/INTERCEPTS/THRESHOLDS
              GRIT7_1$      GRIT8_1$      GRIT8_1$      GRIT8_1$      GRIT8_1$
              ________      ________      ________      ________      ________
                1.902        -1.593        -0.376         0.308         1.337


           CORRELATION MATRIX (WITH VARIANCES ON THE DIAGONAL)
              GRIT1_1       GRIT5_1       GRIT6_1       GRIT7_1       GRIT8_1
              ________      ________      ________      ________      ________
 GRIT1_1
 GRIT5_1        0.151
 GRIT6_1        0.369         0.333
 GRIT7_1        0.288         0.297         0.244
 GRIT8_1        0.224         0.404         0.353         0.465


     ESTIMATED SAMPLE STATISTICS FOR TREATED


           MEANS/INTERCEPTS/THRESHOLDS
              GRIT1_1$      GRIT1_1$      GRIT1_1$      GRIT1_1$      GRIT5_1$
              ________      ________      ________      ________      ________
               -1.258        -0.431         0.227         1.728        -1.589


           MEANS/INTERCEPTS/THRESHOLDS
              GRIT5_1$      GRIT5_1$      GRIT5_1$      GRIT6_1$      GRIT6_1$
              ________      ________      ________      ________      ________
               -0.402         0.215         1.180        -1.822        -0.940


           MEANS/INTERCEPTS/THRESHOLDS
              GRIT6_1$      GRIT6_1$      GRIT7_1$      GRIT7_1$      GRIT7_1$
              ________      ________      ________      ________      ________
               -0.028         1.409        -0.870         0.431         1.003


           MEANS/INTERCEPTS/THRESHOLDS
              GRIT7_1$      GRIT8_1$      GRIT8_1$      GRIT8_1$      GRIT8_1$
              ________      ________      ________      ________      ________
                1.911        -1.639        -0.286         0.325         1.389


           CORRELATION MATRIX (WITH VARIANCES ON THE DIAGONAL)
              GRIT1_1       GRIT5_1       GRIT6_1       GRIT7_1       GRIT8_1
              ________      ________      ________      ________      ________
 GRIT1_1
 GRIT5_1        0.131
 GRIT6_1        0.356         0.280
 GRIT7_1        0.269         0.356         0.242
 GRIT8_1        0.197         0.446         0.348         0.494


THE MODEL ESTIMATION TERMINATED NORMALLY



MODEL FIT INFORMATION

Number of Free Parameters                       54

Chi-Square Test of Model Fit

          Value                             30.430*
          Degrees of Freedom                     6
          P-Value                           0.0000

Chi-Square Contribution From Each Group

          CONTROL                           24.442
          TREATED                            5.988

*   The chi-square value for MLM, MLMV, MLR, ULSMV, WLSM and WLSMV cannot be used
    for chi-square difference testing in the regular way.  MLM, MLR and WLSM
    chi-square difference testing is described on the Mplus website.  MLMV, WLSMV,
    and ULSMV difference testing is done using the DIFFTEST option.

RMSEA (Root Mean Square Error Of Approximation)

          Estimate                           0.057
          90 Percent C.I.                    0.038  0.077
          Probability RMSEA <= .05           0.262

CFI/TLI

          CFI                                0.992
          TLI                                0.974

Chi-Square Test of Model Fit for the Baseline Model

          Value                           3190.944
          Degrees of Freedom                    20
          P-Value                           0.0000

SRMR (Standardized Root Mean Square Residual)

          Value                              0.011

Optimum Function Value for Weighted Least-Squares Estimator

          Value                     0.30417109D-02



MODEL RESULTS

                                                    Two-Tailed
                    Estimate       S.E.  Est./S.E.    P-Value

Group CONTROL

 GRIT_1   BY
    GRIT1_1            0.300      0.036      8.396      0.000
    GRIT5_1            0.668      0.044     15.293      0.000
    GRIT6_1            0.557      0.040     13.825      0.000
    GRIT7_1            0.697      0.047     14.696      0.000
    GRIT8_1            1.169      0.087     13.400      0.000

 GRIT1_1  WITH
    GRIT6_1            0.275      0.027     10.219      0.000
    GRIT7_1            0.158      0.029      5.373      0.000

 Means
    GRIT_1             0.000      0.000    999.000    999.000

 Thresholds
    GRIT1_1$1         -1.352      0.051    -26.662      0.000
    GRIT1_1$2         -0.440      0.038    -11.544      0.000
    GRIT1_1$3          0.307      0.037      8.188      0.000
    GRIT1_1$4          1.725      0.063     27.359      0.000
    GRIT5_1$1         -2.088      0.079    -26.538      0.000
    GRIT5_1$2         -0.587      0.045    -13.025      0.000
    GRIT5_1$3          0.167      0.043      3.911      0.000
    GRIT5_1$4          1.428      0.057     24.925      0.000
    GRIT6_1$1         -2.205      0.085    -26.080      0.000
    GRIT6_1$2         -1.071      0.049    -21.824      0.000
    GRIT6_1$3         -0.022      0.040     -0.535      0.592
    GRIT6_1$4          1.477      0.057     25.809      0.000
    GRIT7_1$1         -1.043      0.051    -20.290      0.000
    GRIT7_1$2          0.554      0.046     12.055      0.000
    GRIT7_1$3          1.250      0.056     22.487      0.000
    GRIT7_1$4          2.319      0.090     25.678      0.000
    GRIT8_1$1         -2.451      0.123    -19.905      0.000
    GRIT8_1$2         -0.579      0.059     -9.782      0.000
    GRIT8_1$3          0.475      0.058      8.162      0.000
    GRIT8_1$4          2.058      0.104     19.736      0.000

 Variances
    GRIT_1             1.000      0.000    999.000    999.000

 Residual Variances
    GRIT1_1            1.000      0.000    999.000    999.000
    GRIT5_1            1.000      0.000    999.000    999.000
    GRIT6_1            1.000      0.000    999.000    999.000
    GRIT7_1            1.000      0.000    999.000    999.000
    GRIT8_1            1.000      0.000    999.000    999.000

Group TREATED

 GRIT_1   BY
    GRIT1_1            0.248      0.034      7.294      0.000
    GRIT5_1            0.706      0.045     15.825      0.000
    GRIT6_1            0.487      0.037     13.178      0.000
    GRIT7_1            0.772      0.045     17.132      0.000
    GRIT8_1            1.303      0.106     12.241      0.000

 GRIT1_1  WITH
    GRIT6_1            0.287      0.029      9.938      0.000
    GRIT7_1            0.159      0.028      5.622      0.000

 Means
    GRIT_1             0.000      0.000    999.000    999.000

 Thresholds
    GRIT1_1$1         -1.295      0.049    -26.567      0.000
    GRIT1_1$2         -0.445      0.037    -11.909      0.000
    GRIT1_1$3          0.234      0.036      6.441      0.000
    GRIT1_1$4          1.780      0.065     27.518      0.000
    GRIT5_1$1         -1.945      0.074    -26.353      0.000
    GRIT5_1$2         -0.492      0.045    -10.996      0.000
    GRIT5_1$3          0.264      0.043      6.099      0.000
    GRIT5_1$4          1.444      0.057     25.521      0.000
    GRIT6_1$1         -2.026      0.074    -27.381      0.000
    GRIT6_1$2         -1.046      0.047    -22.300      0.000
    GRIT6_1$3         -0.031      0.039     -0.809      0.419
    GRIT6_1$4          1.567      0.058     27.205      0.000
    GRIT7_1$1         -1.099      0.052    -21.006      0.000
    GRIT7_1$2          0.545      0.046     11.806      0.000
    GRIT7_1$3          1.267      0.055     23.138      0.000
    GRIT7_1$4          2.414      0.090     26.772      0.000
    GRIT8_1$1         -2.693      0.154    -17.519      0.000
    GRIT8_1$2         -0.469      0.062     -7.542      0.000
    GRIT8_1$3          0.533      0.062      8.614      0.000
    GRIT8_1$4          2.280      0.123     18.518      0.000

 Variances
    GRIT_1             1.000      0.000    999.000    999.000

 Residual Variances
    GRIT1_1            1.000      0.000    999.000    999.000
    GRIT5_1            1.000      0.000    999.000    999.000
    GRIT6_1            1.000      0.000    999.000    999.000
    GRIT7_1            1.000      0.000    999.000    999.000
    GRIT8_1            1.000      0.000    999.000    999.000


STANDARDIZED MODEL RESULTS


STDYX Standardization

                                                    Two-Tailed
                    Estimate       S.E.  Est./S.E.    P-Value

Group CONTROL

 GRIT_1   BY
    GRIT1_1            0.287      0.031      9.150      0.000
    GRIT5_1            0.556      0.025     22.125      0.000
    GRIT6_1            0.487      0.027     18.116      0.000
    GRIT7_1            0.572      0.026     21.838      0.000
    GRIT8_1            0.760      0.024     31.725      0.000

 GRIT1_1  WITH
    GRIT6_1            0.275      0.027     10.219      0.000
    GRIT7_1            0.158      0.029      5.373      0.000

 Means
    GRIT_1             0.000      0.000    999.000    999.000

 Thresholds
    GRIT1_1$1         -1.295      0.048    -26.702      0.000
    GRIT1_1$2         -0.421      0.036    -11.550      0.000
    GRIT1_1$3          0.294      0.036      8.193      0.000
    GRIT1_1$4          1.652      0.060     27.603      0.000
    GRIT5_1$1         -1.736      0.063    -27.376      0.000
    GRIT5_1$2         -0.488      0.037    -13.218      0.000
    GRIT5_1$3          0.139      0.035      3.917      0.000
    GRIT5_1$4          1.187      0.046     25.787      0.000
    GRIT6_1$1         -1.927      0.073    -26.292      0.000
    GRIT6_1$2         -0.936      0.042    -22.512      0.000
    GRIT6_1$3         -0.019      0.035     -0.535      0.592
    GRIT6_1$4          1.290      0.048     26.666      0.000
    GRIT7_1$1         -0.855      0.040    -21.149      0.000
    GRIT7_1$2          0.454      0.037     12.382      0.000
    GRIT7_1$3          1.026      0.043     23.867      0.000
    GRIT7_1$4          1.902      0.072     26.483      0.000
    GRIT8_1$1         -1.593      0.058    -27.675      0.000
    GRIT8_1$2         -0.376      0.036    -10.377      0.000
    GRIT8_1$3          0.309      0.036      8.585      0.000
    GRIT8_1$4          1.337      0.050     26.973      0.000

 Variances
    GRIT_1             1.000      0.000    999.000    999.000

 Residual Variances
    GRIT1_1            0.918      0.018     50.973      0.000
    GRIT5_1            0.691      0.028     24.763      0.000
    GRIT6_1            0.763      0.026     29.181      0.000
    GRIT7_1            0.673      0.030     22.469      0.000
    GRIT8_1            0.422      0.036     11.600      0.000

Group TREATED

 GRIT_1   BY
    GRIT1_1            0.241      0.031      7.742      0.000
    GRIT5_1            0.577      0.024     23.714      0.000
    GRIT6_1            0.438      0.027     16.297      0.000
    GRIT7_1            0.611      0.022     27.355      0.000
    GRIT8_1            0.793      0.024     33.030      0.000

 GRIT1_1  WITH
    GRIT6_1            0.287      0.029      9.938      0.000
    GRIT7_1            0.159      0.028      5.622      0.000

 Means
    GRIT_1             0.000      0.000    999.000    999.000

 Thresholds
    GRIT1_1$1         -1.257      0.047    -26.684      0.000
    GRIT1_1$2         -0.432      0.036    -11.930      0.000
    GRIT1_1$3          0.227      0.035      6.440      0.000
    GRIT1_1$4          1.728      0.062     27.683      0.000
    GRIT5_1$1         -1.589      0.057    -27.956      0.000
    GRIT5_1$2         -0.402      0.036    -11.160      0.000
    GRIT5_1$3          0.215      0.035      6.108      0.000
    GRIT5_1$4          1.180      0.045     25.974      0.000
    GRIT6_1$1         -1.822      0.067    -27.253      0.000
    GRIT6_1$2         -0.940      0.041    -22.818      0.000
    GRIT6_1$3         -0.028      0.035     -0.809      0.419
    GRIT6_1$4          1.409      0.051     27.621      0.000
    GRIT7_1$1         -0.870      0.040    -21.623      0.000
    GRIT7_1$2          0.431      0.036     11.926      0.000
    GRIT7_1$3          1.003      0.042     23.781      0.000
    GRIT7_1$4          1.910      0.072     26.674      0.000
    GRIT8_1$1         -1.639      0.059    -27.910      0.000
    GRIT8_1$2         -0.286      0.035     -8.053      0.000
    GRIT8_1$3          0.325      0.036      9.108      0.000
    GRIT8_1$4          1.388      0.050     27.522      0.000

 Variances
    GRIT_1             1.000      0.000    999.000    999.000

 Residual Variances
    GRIT1_1            0.942      0.015     62.996      0.000
    GRIT5_1            0.667      0.028     23.786      0.000
    GRIT6_1            0.809      0.023     34.421      0.000
    GRIT7_1            0.626      0.027     22.922      0.000
    GRIT8_1            0.371      0.038      9.724      0.000


R-SQUARE

Group CONTROL

    Observed                                        Two-Tailed     Scale
    Variable        Estimate       S.E.  Est./S.E.    P-Value     Factors

    GRIT1_1            0.082      0.018      4.575      0.000      0.958
    GRIT5_1            0.309      0.028     11.062      0.000      0.831
    GRIT6_1            0.237      0.026      9.058      0.000      0.874
    GRIT7_1            0.327      0.030     10.919      0.000      0.820
    GRIT8_1            0.578      0.036     15.863      0.000      0.650

Group TREATED

    Observed                                        Two-Tailed     Scale
    Variable        Estimate       S.E.  Est./S.E.    P-Value     Factors

    GRIT1_1            0.058      0.015      3.871      0.000      0.971
    GRIT5_1            0.333      0.028     11.857      0.000      0.817
    GRIT6_1            0.191      0.023      8.149      0.000      0.899
    GRIT7_1            0.374      0.027     13.677      0.000      0.791
    GRIT8_1            0.629      0.038     16.515      0.000      0.609


QUALITY OF NUMERICAL RESULTS

     Condition Number for the Information Matrix              0.765E-02
       (ratio of smallest to largest eigenvalue)


MODEL MODIFICATION INDICES

Minimum M.I. value for printing the modification index    10.000

                                   M.I.     E.P.C.  Std E.P.C.  StdYX E.P.C.
Group CONTROL


ON Statements

GRIT5_1  ON GRIT6_1               23.162     0.161      0.161        0.153
GRIT6_1  ON GRIT5_1               23.879     0.161      0.161        0.169
GRIT7_1  ON GRIT7_1              999.000     0.000      0.000        0.000
GRIT7_1  ON GRIT8_1               18.839     0.300      0.300        0.378
GRIT8_1  ON GRIT7_1               22.080     0.342      0.342        0.271

WITH Statements

GRIT6_1  WITH GRIT5_1             23.881     0.161      0.161        0.161
GRIT8_1  WITH GRIT7_1             18.933     0.300      0.300        0.300

Group TREATED


ON Statements

GRIT7_1  ON GRIT7_1              999.000     0.000      0.000        0.000



SAVEDATA INFORMATION


  Difference testing

  Save file
    grit1_student_tx_inv_config.dat
  Save format      Free

     Beginning Time:  22:21:31
        Ending Time:  22:21:32
       Elapsed Time:  00:00:01



MUTHEN & MUTHEN
3463 Stoner Ave.
Los Angeles, CA  90066

Tel: (310) 391-9971
Fax: (310) 391-8971
Web: www.StatModel.com
Support: Support@StatModel.com

Copyright (c) 1998-2019 Muthen & Muthen
