Mplus VERSION 8.4 (Mac)
MUTHEN & MUTHEN
04/29/2023  10:21 PM

INPUT INSTRUCTIONS

  Title: Student Grit Gender Measurement Invariance Scalar Model;

  Data:
     File is ../dat_stu.txt;

  Variable:
     Names are studentid index treatment girl age_w child_grade in_ukr
     guardian_living guardian_region
     grit1_1 grit2_1 grit3_1 grit4_1 grit5_1 grit6_1 grit7_1 grit8_1
     loc1_1 loc2_1 loc3_1 loc4_1
     dass1_1 dass2_1 dass3_1 dass4_1 dass5_1 dass6_1 dass7_1 dass8_1
     dass9_1 dass10_1 dass11_1 dass12_1 dass13_1 dass14_1
     sleep1_1 sleep2_1 sleep3_1 sleep4_1 sleep5_1 sleep6_1 sleep7_1
     efficacy_1 edugoals_1 remotediff_1 timeclass_1 timehomework_1
     grit1_2 grit2_2 grit3_2 grit4_2 grit5_2 grit6_2 grit7_2 grit8_2
     loc1_2 loc2_2 loc3_2 loc4_2
     dass1_2 dass2_2 dass3_2 dass4_2 dass5_2 dass6_2 dass7_2 dass8_2
     dass9_2 dass10_2 dass11_2 dass12_2 dass13_2 dass14_2
     efficacy_2 edugoals_2 timeclass_2 timehomework_2 compmath_2 half;
     Missing are . ;

    Usevariable are
  	grit1_1 grit5_1 grit6_1 grit7_1 grit8_1;

    Categorical is
  	grit1_1 grit5_1 grit6_1 grit7_1 grit8_1;

    Idvariable is studentid;

    Group is girl (1 = Female 0 = Male);

  Analysis:
     Estimator = wlsmv;
     Parameterization = theta;
     Difftest = grit1_student_gender_inv_metric.dat


  !!! Model for Male !!!

  Model:
  ! Factor loadings all freely estimated
    grit_1 by
      grit1_1* grit5_1* grit6_1* grit7_1* grit8_1* (L1-L5);

    grit1_1 with grit6_1; !worded positively
    grit1_1 with grit7_1; !both about schoolwork

    !estimating thresholds freely
    [grit1_1$1* grit5_1$1* grit6_1$1* grit7_1$1* grit8_1$1*] (T1_1 T5_1 T6_1 T7_1 T8_1);
    [grit1_1$2* grit5_1$2* grit6_1$2* grit7_1$2* grit8_1$2*] (T1_2 T5_2 T6_2 T7_2 T8_2);
    [grit1_1$3* grit5_1$3* grit6_1$3* grit7_1$3* grit8_1$3*] (T1_3 T5_3 T6_3 T7_3 T8_3);
    [grit1_1$4* grit5_1$4* grit6_1$4* grit7_1$4* grit8_1$4*] (T1_4 T5_4 T6_4 T7_4 T8_4);

    !constraining item residual variance to 1 for identification
    grit1_1@1;
    grit5_1@1;
    grit6_1@1;
    grit7_1@1;
    grit8_1@1;

    !fixing latent mean to zero for identification
    [grit_1@0];

    !fixing latent variance to one for identification
    grit_1@1;

  !!! Model for Female !!!

  Model Female:
    ! Factor loadings constrained to *be equal to the control group*
    grit_1 by
      grit1_1* grit5_1* grit6_1* grit7_1* grit8_1* (L1-L5);

    grit1_1 with grit6_1; !worded positively
    grit1_1 with grit7_1; !both about schoolwork

    ! *thresholds held equal to the control group when left blank*

    ! constraining item residual variance to 1 for identification
    grit1_1@1;
    grit5_1@1;
    grit6_1@1;
    grit7_1@1;
    grit8_1@1;

    ! latent factor mean *estimated*
    [grit_1*];

    ! latent factor variance *estimated*
    grit_1*;

  Output: sampstat stdyx modindices(all);
  Savedata: Difftest is grit1_student_gender_inv_scalar.dat;



INPUT READING TERMINATED NORMALLY



Student Grit Gender Measurement Invariance Scalar Model;

SUMMARY OF ANALYSIS

Number of groups                                                 2
Number of observations
   Group MALE                                                 1133
   Group FEMALE                                               1411
   Total sample size                                          2544

Number of dependent variables                                    5
Number of independent variables                                  0
Number of continuous latent variables                            1

Observed dependent variables

  Binary and ordered categorical (ordinal)
   GRIT1_1     GRIT5_1     GRIT6_1     GRIT7_1     GRIT8_1

Continuous latent variables
   GRIT_1

Variables with special functions

  Grouping variable     GIRL
  ID variable           STUDENTI

Estimator                                                    WLSMV
Maximum number of iterations                                  1000
Convergence criterion                                    0.500D-04
Maximum number of steepest descent iterations                   20
Maximum number of iterations for H1                           2000
Convergence criterion for H1                             0.100D-03
Parameterization                                             THETA
Link                                                        PROBIT

Input data file(s)
  ../dat_stu.txt

Input data format  FREE


SUMMARY OF DATA

   Group MALE
     Number of missing data patterns             1

   Group FEMALE
     Number of missing data patterns             1


COVARIANCE COVERAGE OF DATA

Minimum covariance coverage value   0.100


     PROPORTION OF DATA PRESENT FOR MALE


           Covariance Coverage
              GRIT1_1       GRIT5_1       GRIT6_1       GRIT7_1       GRIT8_1
              ________      ________      ________      ________      ________
 GRIT1_1        1.000
 GRIT5_1        1.000         1.000
 GRIT6_1        1.000         1.000         1.000
 GRIT7_1        1.000         1.000         1.000         1.000
 GRIT8_1        1.000         1.000         1.000         1.000         1.000


     PROPORTION OF DATA PRESENT FOR FEMALE


           Covariance Coverage
              GRIT1_1       GRIT5_1       GRIT6_1       GRIT7_1       GRIT8_1
              ________      ________      ________      ________      ________
 GRIT1_1        1.000
 GRIT5_1        1.000         1.000
 GRIT6_1        1.000         1.000         1.000
 GRIT7_1        1.000         1.000         1.000         1.000
 GRIT8_1        1.000         1.000         1.000         1.000         1.000


UNIVARIATE PROPORTIONS AND COUNTS FOR CATEGORICAL VARIABLES

  Group MALE
    GRIT1_1
      Category 1    0.094          106.000
      Category 2    0.223          253.000
      Category 3    0.274          310.000
      Category 4    0.357          405.000
      Category 5    0.052           59.000
    GRIT5_1
      Category 1    0.064           73.000
      Category 2    0.285          323.000
      Category 3    0.259          294.000
      Category 4    0.298          338.000
      Category 5    0.093          105.000
    GRIT6_1
      Category 1    0.033           37.000
      Category 2    0.180          204.000
      Category 3    0.357          405.000
      Category 4    0.371          420.000
      Category 5    0.059           67.000
    GRIT7_1
      Category 1    0.207          235.000
      Category 2    0.470          533.000
      Category 3    0.182          206.000
      Category 4    0.122          138.000
      Category 5    0.019           21.000
    GRIT8_1
      Category 1    0.068           77.000
      Category 2    0.350          397.000
      Category 3    0.255          289.000
      Category 4    0.259          294.000
      Category 5    0.067           76.000

  Group FEMALE
    GRIT1_1
      Category 1    0.107          151.000
      Category 2    0.242          342.000
      Category 3    0.263          371.000
      Category 4    0.347          490.000
      Category 5    0.040           57.000
    GRIT5_1
      Category 1    0.036           51.000
      Category 2    0.276          389.000
      Category 3    0.227          321.000
      Category 4    0.322          454.000
      Category 5    0.139          196.000
    GRIT6_1
      Category 1    0.029           41.000
      Category 2    0.114          161.000
      Category 3    0.283          400.000
      Category 4    0.461          650.000
      Category 5    0.113          159.000
    GRIT7_1
      Category 1    0.184          259.000
      Category 2    0.482          680.000
      Category 3    0.167          236.000
      Category 4    0.131          185.000
      Category 5    0.036           51.000
    GRIT8_1
      Category 1    0.041           58.000
      Category 2    0.291          411.000
      Category 3    0.252          356.000
      Category 4    0.313          442.000
      Category 5    0.102          144.000


SAMPLE STATISTICS


     ESTIMATED SAMPLE STATISTICS FOR MALE


           MEANS/INTERCEPTS/THRESHOLDS
              GRIT1_1$      GRIT1_1$      GRIT1_1$      GRIT1_1$      GRIT5_1$
              ________      ________      ________      ________      ________
               -1.319        -0.477         0.229         1.625        -1.519


           MEANS/INTERCEPTS/THRESHOLDS
              GRIT5_1$      GRIT5_1$      GRIT5_1$      GRIT6_1$      GRIT6_1$
              ________      ________      ________      ________      ________
               -0.387         0.277         1.324        -1.843        -0.797


           MEANS/INTERCEPTS/THRESHOLDS
              GRIT6_1$      GRIT6_1$      GRIT7_1$      GRIT7_1$      GRIT7_1$
              ________      ________      ________      ________      ________
                0.177         1.562        -0.815         0.462         1.079


           MEANS/INTERCEPTS/THRESHOLDS
              GRIT7_1$      GRIT8_1$      GRIT8_1$      GRIT8_1$      GRIT8_1$
              ________      ________      ________      ________      ________
                2.085        -1.491        -0.206         0.449         1.498


           CORRELATION MATRIX (WITH VARIANCES ON THE DIAGONAL)
              GRIT1_1       GRIT5_1       GRIT6_1       GRIT7_1       GRIT8_1
              ________      ________      ________      ________      ________
 GRIT1_1
 GRIT5_1        0.084
 GRIT6_1        0.371         0.256
 GRIT7_1        0.291         0.299         0.240
 GRIT8_1        0.253         0.375         0.303         0.484


     ESTIMATED SAMPLE STATISTICS FOR FEMALE


           MEANS/INTERCEPTS/THRESHOLDS
              GRIT1_1$      GRIT1_1$      GRIT1_1$      GRIT1_1$      GRIT5_1$
              ________      ________      ________      ________      ________
               -1.243        -0.387         0.285         1.746        -1.797


           MEANS/INTERCEPTS/THRESHOLDS
              GRIT5_1$      GRIT5_1$      GRIT5_1$      GRIT6_1$      GRIT6_1$
              ________      ________      ________      ________      ________
               -0.491         0.099         1.085        -1.895        -1.066


           MEANS/INTERCEPTS/THRESHOLDS
              GRIT6_1$      GRIT6_1$      GRIT7_1$      GRIT7_1$      GRIT7_1$
              ________      ________      ________      ________      ________
               -0.185         1.212        -0.902         0.427         0.965


           MEANS/INTERCEPTS/THRESHOLDS
              GRIT7_1$      GRIT8_1$      GRIT8_1$      GRIT8_1$      GRIT8_1$
              ________      ________      ________      ________      ________
                1.797        -1.738        -0.433         0.214         1.270


           CORRELATION MATRIX (WITH VARIANCES ON THE DIAGONAL)
              GRIT1_1       GRIT5_1       GRIT6_1       GRIT7_1       GRIT8_1
              ________      ________      ________      ________      ________
 GRIT1_1
 GRIT5_1        0.195
 GRIT6_1        0.376         0.332
 GRIT7_1        0.272         0.345         0.243
 GRIT8_1        0.186         0.453         0.370         0.473


THE MODEL ESTIMATION TERMINATED NORMALLY



MODEL FIT INFORMATION

Number of Free Parameters                       31

Chi-Square Test of Model Fit

          Value                            132.065*
          Degrees of Freedom                    29
          P-Value                           0.0000

Chi-Square Contribution From Each Group

          MALE                              75.055
          FEMALE                            57.010

Chi-Square Test for Difference Testing

          Value                             90.091*
          Degrees of Freedom                    19
          P-Value                           0.0000

*   The chi-square value for MLM, MLMV, MLR, ULSMV, WLSM and WLSMV cannot be used
    for chi-square difference testing in the regular way.  MLM, MLR and WLSM
    chi-square difference testing is described on the Mplus website.  MLMV, WLSMV,
    and ULSMV difference testing is done using the DIFFTEST option.  The DIFFTEST
    option assumes the models are nested.  The NESTED option can be used to verify
    that the models are nested.

RMSEA (Root Mean Square Error Of Approximation)

          Estimate                           0.053
          90 Percent C.I.                    0.044  0.062
          Probability RMSEA <= .05           0.288

CFI/TLI

          CFI                                0.967
          TLI                                0.978

Chi-Square Test of Model Fit for the Baseline Model

          Value                           3189.811
          Degrees of Freedom                    20
          P-Value                           0.0000

SRMR (Standardized Root Mean Square Residual)

          Value                              0.020

Optimum Function Value for Weighted Least-Squares Estimator

          Value                     0.22150275D-01



MODEL RESULTS

                                                    Two-Tailed
                    Estimate       S.E.  Est./S.E.    P-Value

Group MALE

 GRIT_1   BY
    GRIT1_1            0.252      0.024     10.351      0.000
    GRIT5_1            0.658      0.034     19.175      0.000
    GRIT6_1            0.506      0.029     17.241      0.000
    GRIT7_1            0.691      0.035     19.798      0.000
    GRIT8_1            1.181      0.072     16.446      0.000

 GRIT1_1  WITH
    GRIT6_1            0.302      0.028     10.709      0.000
    GRIT7_1            0.190      0.030      6.280      0.000

 Means
    GRIT_1             0.000      0.000    999.000    999.000

 Thresholds
    GRIT1_1$1         -1.275      0.035    -36.071      0.000
    GRIT1_1$2         -0.399      0.028    -14.443      0.000
    GRIT1_1$3          0.310      0.027     11.393      0.000
    GRIT1_1$4          1.782      0.046     38.669      0.000
    GRIT5_1$1         -1.900      0.055    -34.517      0.000
    GRIT5_1$2         -0.431      0.036    -12.127      0.000
    GRIT5_1$3          0.324      0.035      9.143      0.000
    GRIT5_1$4          1.548      0.046     33.998      0.000
    GRIT6_1$1         -2.033      0.057    -35.647      0.000
    GRIT6_1$2         -0.977      0.036    -27.293      0.000
    GRIT6_1$3          0.057      0.031      1.832      0.067
    GRIT6_1$4          1.610      0.044     36.197      0.000
    GRIT7_1$1         -0.951      0.040    -23.792      0.000
    GRIT7_1$2          0.658      0.038     17.181      0.000
    GRIT7_1$3          1.365      0.044     30.871      0.000
    GRIT7_1$4          2.474      0.068     36.617      0.000
    GRIT8_1$1         -2.371      0.096    -24.691      0.000
    GRIT8_1$2         -0.333      0.051     -6.488      0.000
    GRIT8_1$3          0.697      0.056     12.510      0.000
    GRIT8_1$4          2.366      0.094     25.299      0.000

 Variances
    GRIT_1             1.000      0.000    999.000    999.000

 Residual Variances
    GRIT1_1            1.000      0.000    999.000    999.000
    GRIT5_1            1.000      0.000    999.000    999.000
    GRIT6_1            1.000      0.000    999.000    999.000
    GRIT7_1            1.000      0.000    999.000    999.000
    GRIT8_1            1.000      0.000    999.000    999.000

Group FEMALE

 GRIT_1   BY
    GRIT1_1            0.252      0.024     10.351      0.000
    GRIT5_1            0.658      0.034     19.175      0.000
    GRIT6_1            0.506      0.029     17.241      0.000
    GRIT7_1            0.691      0.035     19.798      0.000
    GRIT8_1            1.181      0.072     16.446      0.000

 GRIT1_1  WITH
    GRIT6_1            0.297      0.026     11.204      0.000
    GRIT7_1            0.151      0.029      5.269      0.000

 Means
    GRIT_1             0.299      0.051      5.832      0.000

 Thresholds
    GRIT1_1$1         -1.275      0.035    -36.071      0.000
    GRIT1_1$2         -0.399      0.028    -14.443      0.000
    GRIT1_1$3          0.310      0.027     11.393      0.000
    GRIT1_1$4          1.782      0.046     38.669      0.000
    GRIT5_1$1         -1.900      0.055    -34.517      0.000
    GRIT5_1$2         -0.431      0.036    -12.127      0.000
    GRIT5_1$3          0.324      0.035      9.143      0.000
    GRIT5_1$4          1.548      0.046     33.998      0.000
    GRIT6_1$1         -2.033      0.057    -35.647      0.000
    GRIT6_1$2         -0.977      0.036    -27.293      0.000
    GRIT6_1$3          0.057      0.031      1.832      0.067
    GRIT6_1$4          1.610      0.044     36.197      0.000
    GRIT7_1$1         -0.951      0.040    -23.792      0.000
    GRIT7_1$2          0.658      0.038     17.181      0.000
    GRIT7_1$3          1.365      0.044     30.871      0.000
    GRIT7_1$4          2.474      0.068     36.617      0.000
    GRIT8_1$1         -2.371      0.096    -24.691      0.000
    GRIT8_1$2         -0.333      0.051     -6.488      0.000
    GRIT8_1$3          0.697      0.056     12.510      0.000
    GRIT8_1$4          2.366      0.094     25.299      0.000

 Variances
    GRIT_1             1.145      0.101     11.340      0.000

 Residual Variances
    GRIT1_1            1.000      0.000    999.000    999.000
    GRIT5_1            1.000      0.000    999.000    999.000
    GRIT6_1            1.000      0.000    999.000    999.000
    GRIT7_1            1.000      0.000    999.000    999.000
    GRIT8_1            1.000      0.000    999.000    999.000


STANDARDIZED MODEL RESULTS


STDYX Standardization

                                                    Two-Tailed
                    Estimate       S.E.  Est./S.E.    P-Value

Group MALE

 GRIT_1   BY
    GRIT1_1            0.244      0.022     11.008      0.000
    GRIT5_1            0.549      0.020     27.469      0.000
    GRIT6_1            0.451      0.021     21.655      0.000
    GRIT7_1            0.568      0.019     29.243      0.000
    GRIT8_1            0.763      0.019     39.377      0.000

 GRIT1_1  WITH
    GRIT6_1            0.302      0.028     10.709      0.000
    GRIT7_1            0.190      0.030      6.280      0.000

 Means
    GRIT_1             0.000      0.000    999.000    999.000

 Thresholds
    GRIT1_1$1         -1.237      0.035    -35.384      0.000
    GRIT1_1$2         -0.387      0.027    -14.301      0.000
    GRIT1_1$3          0.301      0.026     11.488      0.000
    GRIT1_1$4          1.728      0.044     39.527      0.000
    GRIT5_1$1         -1.588      0.046    -34.191      0.000
    GRIT5_1$2         -0.360      0.030    -12.004      0.000
    GRIT5_1$3          0.270      0.029      9.256      0.000
    GRIT5_1$4          1.294      0.037     35.251      0.000
    GRIT6_1$1         -1.814      0.052    -34.842      0.000
    GRIT6_1$2         -0.872      0.032    -27.124      0.000
    GRIT6_1$3          0.051      0.028      1.835      0.067
    GRIT6_1$4          1.436      0.038     37.679      0.000
    GRIT7_1$1         -0.782      0.034    -23.241      0.000
    GRIT7_1$2          0.541      0.031     17.654      0.000
    GRIT7_1$3          1.123      0.035     32.128      0.000
    GRIT7_1$4          2.035      0.055     36.802      0.000
    GRIT8_1$1         -1.532      0.050    -30.370      0.000
    GRIT8_1$2         -0.215      0.033     -6.494      0.000
    GRIT8_1$3          0.450      0.033     13.448      0.000
    GRIT8_1$4          1.529      0.047     32.215      0.000

 Variances
    GRIT_1             1.000      0.000    999.000    999.000

 Residual Variances
    GRIT1_1            0.940      0.011     86.808      0.000
    GRIT5_1            0.698      0.022     31.753      0.000
    GRIT6_1            0.796      0.019     42.288      0.000
    GRIT7_1            0.677      0.022     30.647      0.000
    GRIT8_1            0.418      0.030     14.121      0.000

Group FEMALE

 GRIT_1   BY
    GRIT1_1            0.260      0.023     11.425      0.000
    GRIT5_1            0.576      0.019     30.305      0.000
    GRIT6_1            0.476      0.020     23.546      0.000
    GRIT7_1            0.594      0.019     31.863      0.000
    GRIT8_1            0.784      0.018     43.960      0.000

 GRIT1_1  WITH
    GRIT6_1            0.297      0.026     11.204      0.000
    GRIT7_1            0.151      0.029      5.269      0.000

 Means
    GRIT_1             0.279      0.048      5.862      0.000

 Thresholds
    GRIT1_1$1         -1.232      0.035    -35.259      0.000
    GRIT1_1$2         -0.385      0.027    -14.288      0.000
    GRIT1_1$3          0.299      0.026     11.498      0.000
    GRIT1_1$4          1.721      0.044     39.491      0.000
    GRIT5_1$1         -1.554      0.046    -33.879      0.000
    GRIT5_1$2         -0.352      0.029    -12.014      0.000
    GRIT5_1$3          0.265      0.029      9.263      0.000
    GRIT5_1$4          1.266      0.036     35.076      0.000
    GRIT6_1$1         -1.788      0.052    -34.305      0.000
    GRIT6_1$2         -0.859      0.032    -26.772      0.000
    GRIT6_1$3          0.051      0.028      1.836      0.066
    GRIT6_1$4          1.415      0.037     38.077      0.000
    GRIT7_1$1         -0.765      0.033    -23.400      0.000
    GRIT7_1$2          0.529      0.030     17.650      0.000
    GRIT7_1$3          1.098      0.034     32.101      0.000
    GRIT7_1$4          1.989      0.055     36.459      0.000
    GRIT8_1$1         -1.471      0.048    -30.403      0.000
    GRIT8_1$2         -0.206      0.032     -6.527      0.000
    GRIT8_1$3          0.432      0.032     13.382      0.000
    GRIT8_1$4          1.468      0.045     32.850      0.000

 Variances
    GRIT_1             1.000      0.000    999.000    999.000

 Residual Variances
    GRIT1_1            0.932      0.012     78.664      0.000
    GRIT5_1            0.669      0.022     30.584      0.000
    GRIT6_1            0.773      0.019     40.145      0.000
    GRIT7_1            0.647      0.022     29.153      0.000
    GRIT8_1            0.385      0.028     13.763      0.000


R-SQUARE

Group MALE

    Observed                                        Two-Tailed     Scale
    Variable        Estimate       S.E.  Est./S.E.    P-Value     Factors

    GRIT1_1            0.060      0.011      5.504      0.000      0.970
    GRIT5_1            0.302      0.022     13.734      0.000      0.835
    GRIT6_1            0.204      0.019     10.827      0.000      0.892
    GRIT7_1            0.323      0.022     14.622      0.000      0.823
    GRIT8_1            0.582      0.030     19.688      0.000      0.646

Group FEMALE

    Observed                                        Two-Tailed     Scale
    Variable        Estimate       S.E.  Est./S.E.    P-Value     Factors

    GRIT1_1            0.068      0.012      5.713      0.000      0.966
    GRIT5_1            0.331      0.022     15.152      0.000      0.818
    GRIT6_1            0.227      0.019     11.773      0.000      0.879
    GRIT7_1            0.353      0.022     15.931      0.000      0.804
    GRIT8_1            0.615      0.028     21.980      0.000      0.621


QUALITY OF NUMERICAL RESULTS

     Condition Number for the Information Matrix              0.884E-02
       (ratio of smallest to largest eigenvalue)


MODEL MODIFICATION INDICES

Minimum M.I. value for printing the modification index    10.000

                                   M.I.     E.P.C.  Std E.P.C.  StdYX E.P.C.
Group MALE


ON Statements

GRIT8_1  ON GRIT1_1               11.311     0.162      0.162        0.108
GRIT8_1  ON GRIT7_1               17.208     0.209      0.209        0.164

WITH Statements

GRIT8_1  WITH GRIT1_1             10.836     0.160      0.160        0.160
GRIT8_1  WITH GRIT7_1             10.159     0.183      0.183        0.183

Means/Intercepts/Thresholds

[ GRIT1_1  ]                      34.968     0.188      0.188        0.182
[ GRIT6_1  ]                      40.768    -0.247     -0.247       -0.220
[ GRIT7_1  ]                      12.515     0.155      0.155        0.127
[ GRIT1_1$ ]                      12.620    -0.093     -0.093       -0.091
[ GRIT6_1$ ]                      27.686     0.140      0.140        0.125
[ GRIT6_1$ ]                      10.733     0.139      0.139        0.124
[ GRIT7_1$ ]                      10.854    -0.094     -0.094       -0.077

Group FEMALE


ON Statements

GRIT5_1  ON GRIT1_1               12.709     0.127      0.127        0.108
GRIT5_1  ON GRIT6_1               22.660     0.167      0.167        0.155
GRIT6_1  ON GRIT5_1               17.349     0.130      0.130        0.140

WITH Statements

GRIT6_1  WITH GRIT5_1             14.269     0.153      0.153        0.153

Means/Intercepts/Thresholds

[ GRIT1_1  ]                      35.002    -0.188     -0.188       -0.182
[ GRIT6_1  ]                      40.702     0.247      0.247        0.217
[ GRIT7_1  ]                      12.496    -0.155     -0.155       -0.124
[ GRIT1_1$ ]                      12.635     0.098      0.098        0.094
[ GRIT6_1$ ]                      27.680    -0.163     -0.163       -0.144
[ GRIT6_1$ ]                      10.759    -0.158     -0.158       -0.139
[ GRIT7_1$ ]                      10.856     0.124      0.124        0.100



SAVEDATA INFORMATION


  Difference testing

  Save file
    grit1_student_gender_inv_scalar.dat
  Save format      Free

     Beginning Time:  22:21:39
        Ending Time:  22:21:39
       Elapsed Time:  00:00:00



MUTHEN & MUTHEN
3463 Stoner Ave.
Los Angeles, CA  90066

Tel: (310) 391-9971
Fax: (310) 391-8971
Web: www.StatModel.com
Support: Support@StatModel.com

Copyright (c) 1998-2019 Muthen & Muthen
