Mplus VERSION 8.4 (Mac)
MUTHEN & MUTHEN
04/29/2023  10:28 PM

INPUT INSTRUCTIONS

  Title: Student Grit Age Measurement Invariance Metric Model;

  Data:
     File is ../dat_stu.txt;

  Variable:
     Names are studentid index treatment girl age_w child_grade in_ukr
     guardian_living guardian_region
     grit1_1 grit2_1 grit3_1 grit4_1 grit5_1 grit6_1 grit7_1 grit8_1
     loc1_1 loc2_1 loc3_1 loc4_1
     dass1_1 dass2_1 dass3_1 dass4_1 dass5_1 dass6_1 dass7_1 dass8_1
     dass9_1 dass10_1 dass11_1 dass12_1 dass13_1 dass14_1
     sleep1_1 sleep2_1 sleep3_1 sleep4_1 sleep5_1 sleep6_1 sleep7_1
     efficacy_1 edugoals_1 remotediff_1 timeclass_1 timehomework_1
     grit1_2 grit2_2 grit3_2 grit4_2 grit5_2 grit6_2 grit7_2 grit8_2
     loc1_2 loc2_2 loc3_2 loc4_2
     dass1_2 dass2_2 dass3_2 dass4_2 dass5_2 dass6_2 dass7_2 dass8_2
     dass9_2 dass10_2 dass11_2 dass12_2 dass13_2 dass14_2
     efficacy_2 edugoals_2 timeclass_2 timehomework_2 compmath_2 half;
     Missing are . ;

    Usevariable are
  	grit1_1 grit5_1 grit6_1 grit7_1 grit8_1 age_c;

    Categorical is
  	grit1_1 grit5_1 grit6_1 grit7_1 grit8_1;

    Idvariable is studentid;

    Group is age_c (1 = Older 0 = Younger);

  Define:
  	age_c = 0;
  	if(age_w ge 13) then age_c = 1;

  Analysis:
     Estimator = wlsmv;
     Parameterization = theta;
     Difftest = grit1_student_age_inv_config.dat


  !!! Model for Younger Students !!!

  Model:
    ! Factor loadings all freely estimated
    grit_1 by
      grit1_1* grit5_1* grit6_1* grit7_1* grit8_1* (L1-L5);

    grit1_1 with grit6_1; !worded positively
    grit1_1 with grit7_1; !both about schoolwork

    !estimating thresholds freely
    [grit1_1$1* grit5_1$1* grit6_1$1* grit7_1$1* grit8_1$1*] (T1_1 T5_1 T6_1 T7_1 T8_1);
    [grit1_1$2* grit5_1$2* grit6_1$2* grit7_1$2* grit8_1$2*] (T1_2 T5_2 T6_2 T7_2 T8_2);
    [grit1_1$3* grit5_1$3* grit6_1$3* grit7_1$3* grit8_1$3*] (T1_3 T5_3 T6_3 T7_3 T8_3);
    [grit1_1$4* grit5_1$4* grit6_1$4* grit7_1$4* grit8_1$4*] (T1_4 T5_4 T6_4 T7_4 T8_4);

    !constraining item residual variance to 1 for identification
    grit1_1@1;
    grit5_1@1;
    grit6_1@1;
    grit7_1@1;
    grit8_1@1;

    !fixing latent mean to zero for identification
    [grit_1@0];

    !fixing latent variance to one for identification
    grit_1@1;


  !!! Model for Older Students !!!

  Model Older:
    ! Factor loadings constrained to *be equal to the control group*
    grit_1 by
      grit1_1* grit5_1* grit6_1* grit7_1* grit8_1* (L1-L5);

    grit1_1 with grit6_1; !worded positively
    grit1_1 with grit7_1; !both about schoolwork

    !estimating thresholds freely
    [grit1_1$1* grit5_1$1* grit6_1$1* grit7_1$1* grit8_1$1*];
    [grit1_1$2* grit5_1$2* grit6_1$2* grit7_1$2* grit8_1$2*];
    [grit1_1$3* grit5_1$3* grit6_1$3* grit7_1$3* grit8_1$3*];
    [grit1_1$4* grit5_1$4* grit6_1$4* grit7_1$4* grit8_1$4*];

    !constraining item residual variance to 1 for identification
    grit1_1@1;
    grit5_1@1;
    grit6_1@1;
    grit7_1@1;
    grit8_1@1;

    !fixing latent mean to zero for identification
    [grit_1@0];

    ! latent factor variance *estimated*
    grit_1*;

  Output: sampstat stdyx modindices(all);
  Savedata: Difftest is grit1_student_age_inv_metric.dat;



INPUT READING TERMINATED NORMALLY



Student Grit Age Measurement Invariance Metric Model;

SUMMARY OF ANALYSIS

Number of groups                                                 2
Number of observations
   Group YOUNGER                                              1280
   Group OLDER                                                1264
   Total sample size                                          2544

Number of dependent variables                                    5
Number of independent variables                                  0
Number of continuous latent variables                            1

Observed dependent variables

  Binary and ordered categorical (ordinal)
   GRIT1_1     GRIT5_1     GRIT6_1     GRIT7_1     GRIT8_1

Continuous latent variables
   GRIT_1

Variables with special functions

  Grouping variable     AGE_C
  ID variable           STUDENTI

Estimator                                                    WLSMV
Maximum number of iterations                                  1000
Convergence criterion                                    0.500D-04
Maximum number of steepest descent iterations                   20
Maximum number of iterations for H1                           2000
Convergence criterion for H1                             0.100D-03
Parameterization                                             THETA
Link                                                        PROBIT

Input data file(s)
  ../dat_stu.txt

Input data format  FREE


SUMMARY OF DATA

   Group YOUNGER
     Number of missing data patterns             1

   Group OLDER
     Number of missing data patterns             1


COVARIANCE COVERAGE OF DATA

Minimum covariance coverage value   0.100


     PROPORTION OF DATA PRESENT FOR YOUNGER


           Covariance Coverage
              GRIT1_1       GRIT5_1       GRIT6_1       GRIT7_1       GRIT8_1
              ________      ________      ________      ________      ________
 GRIT1_1        1.000
 GRIT5_1        1.000         1.000
 GRIT6_1        1.000         1.000         1.000
 GRIT7_1        1.000         1.000         1.000         1.000
 GRIT8_1        1.000         1.000         1.000         1.000         1.000


     PROPORTION OF DATA PRESENT FOR OLDER


           Covariance Coverage
              GRIT1_1       GRIT5_1       GRIT6_1       GRIT7_1       GRIT8_1
              ________      ________      ________      ________      ________
 GRIT1_1        1.000
 GRIT5_1        1.000         1.000
 GRIT6_1        1.000         1.000         1.000
 GRIT7_1        1.000         1.000         1.000         1.000
 GRIT8_1        1.000         1.000         1.000         1.000         1.000


UNIVARIATE PROPORTIONS AND COUNTS FOR CATEGORICAL VARIABLES

  Group YOUNGER
    GRIT1_1
      Category 1    0.092          118.000
      Category 2    0.232          297.000
      Category 3    0.276          353.000
      Category 4    0.356          456.000
      Category 5    0.044           56.000
    GRIT5_1
      Category 1    0.044           56.000
      Category 2    0.272          348.000
      Category 3    0.233          298.000
      Category 4    0.334          428.000
      Category 5    0.117          150.000
    GRIT6_1
      Category 1    0.028           36.000
      Category 2    0.148          190.000
      Category 3    0.302          387.000
      Category 4    0.430          550.000
      Category 5    0.091          117.000
    GRIT7_1
      Category 1    0.207          265.000
      Category 2    0.470          602.000
      Category 3    0.164          210.000
      Category 4    0.124          159.000
      Category 5    0.034           44.000
    GRIT8_1
      Category 1    0.055           71.000
      Category 2    0.314          402.000
      Category 3    0.234          300.000
      Category 4    0.305          391.000
      Category 5    0.091          116.000

  Group OLDER
    GRIT1_1
      Category 1    0.110          139.000
      Category 2    0.236          298.000
      Category 3    0.259          328.000
      Category 4    0.347          439.000
      Category 5    0.047           60.000
    GRIT5_1
      Category 1    0.054           68.000
      Category 2    0.288          364.000
      Category 3    0.251          317.000
      Category 4    0.288          364.000
      Category 5    0.119          151.000
    GRIT6_1
      Category 1    0.033           42.000
      Category 2    0.138          175.000
      Category 3    0.331          418.000
      Category 4    0.411          520.000
      Category 5    0.086          109.000
    GRIT7_1
      Category 1    0.181          229.000
      Category 2    0.483          611.000
      Category 3    0.184          232.000
      Category 4    0.130          164.000
      Category 5    0.022           28.000
    GRIT8_1
      Category 1    0.051           64.000
      Category 2    0.321          406.000
      Category 3    0.273          345.000
      Category 4    0.273          345.000
      Category 5    0.082          104.000


SAMPLE STATISTICS


     ESTIMATED SAMPLE STATISTICS FOR YOUNGER


           MEANS/INTERCEPTS/THRESHOLDS
              GRIT1_1$      GRIT1_1$      GRIT1_1$      GRIT1_1$      GRIT5_1$
              ________      ________      ________      ________      ________
               -1.327        -0.456         0.253         1.709        -1.709


           MEANS/INTERCEPTS/THRESHOLDS
              GRIT5_1$      GRIT5_1$      GRIT5_1$      GRIT6_1$      GRIT6_1$
              ________      ________      ________      ________      ________
               -0.480         0.122         1.189        -1.909        -0.929


           MEANS/INTERCEPTS/THRESHOLDS
              GRIT6_1$      GRIT6_1$      GRIT7_1$      GRIT7_1$      GRIT7_1$
              ________      ________      ________      ________      ________
               -0.053         1.332        -0.817         0.460         1.000


           MEANS/INTERCEPTS/THRESHOLDS
              GRIT7_1$      GRIT8_1$      GRIT8_1$      GRIT8_1$      GRIT8_1$
              ________      ________      ________      ________      ________
                1.820        -1.594        -0.333         0.263         1.337


           CORRELATION MATRIX (WITH VARIANCES ON THE DIAGONAL)
              GRIT1_1       GRIT5_1       GRIT6_1       GRIT7_1       GRIT8_1
              ________      ________      ________      ________      ________
 GRIT1_1
 GRIT5_1        0.147
 GRIT6_1        0.340         0.295
 GRIT7_1        0.277         0.374         0.262
 GRIT8_1        0.199         0.435         0.369         0.496


     ESTIMATED SAMPLE STATISTICS FOR OLDER


           MEANS/INTERCEPTS/THRESHOLDS
              GRIT1_1$      GRIT1_1$      GRIT1_1$      GRIT1_1$      GRIT5_1$
              ________      ________      ________      ________      ________
               -1.227        -0.397         0.267         1.670        -1.609


           MEANS/INTERCEPTS/THRESHOLDS
              GRIT5_1$      GRIT5_1$      GRIT5_1$      GRIT6_1$      GRIT6_1$
              ________      ________      ________      ________      ________
               -0.408         0.234         1.178        -1.835        -0.948


           MEANS/INTERCEPTS/THRESHOLDS
              GRIT6_1$      GRIT6_1$      GRIT7_1$      GRIT7_1$      GRIT7_1$
              ________      ________      ________      ________      ________
                0.006         1.364        -0.911         0.425         1.028


           MEANS/INTERCEPTS/THRESHOLDS
              GRIT7_1$      GRIT8_1$      GRIT8_1$      GRIT8_1$      GRIT8_1$
              ________      ________      ________      ________      ________
                2.011        -1.639        -0.327         0.371         1.390


           CORRELATION MATRIX (WITH VARIANCES ON THE DIAGONAL)
              GRIT1_1       GRIT5_1       GRIT6_1       GRIT7_1       GRIT8_1
              ________      ________      ________      ________      ________
 GRIT1_1
 GRIT5_1        0.133
 GRIT6_1        0.385         0.315
 GRIT7_1        0.282         0.281         0.224
 GRIT8_1        0.222         0.417         0.332         0.462


THE MODEL ESTIMATION TERMINATED NORMALLY



MODEL FIT INFORMATION

Number of Free Parameters                       50

Chi-Square Test of Model Fit

          Value                             26.855*
          Degrees of Freedom                    10
          P-Value                           0.0027

Chi-Square Contribution From Each Group

          YOUNGER                            6.813
          OLDER                             20.042

Chi-Square Test for Difference Testing

          Value                              3.000*
          Degrees of Freedom                     4
          P-Value                           0.5579

*   The chi-square value for MLM, MLMV, MLR, ULSMV, WLSM and WLSMV cannot be used
    for chi-square difference testing in the regular way.  MLM, MLR and WLSM
    chi-square difference testing is described on the Mplus website.  MLMV, WLSMV,
    and ULSMV difference testing is done using the DIFFTEST option.  The DIFFTEST
    option assumes the models are nested.  The NESTED option can be used to verify
    that the models are nested.

RMSEA (Root Mean Square Error Of Approximation)

          Estimate                           0.036
          90 Percent C.I.                    0.020  0.053
          Probability RMSEA <= .05           0.902

CFI/TLI

          CFI                                0.995
          TLI                                0.989

Chi-Square Test of Model Fit for the Baseline Model

          Value                           3194.161
          Degrees of Freedom                    20
          P-Value                           0.0000

SRMR (Standardized Root Mean Square Residual)

          Value                              0.013

Optimum Function Value for Weighted Least-Squares Estimator

          Value                     0.38521625D-02



MODEL RESULTS

                                                    Two-Tailed
                    Estimate       S.E.  Est./S.E.    P-Value

Group YOUNGER

 GRIT_1   BY
    GRIT1_1            0.281      0.026     10.773      0.000
    GRIT5_1            0.711      0.036     19.787      0.000
    GRIT6_1            0.536      0.031     17.402      0.000
    GRIT7_1            0.763      0.038     20.251      0.000
    GRIT8_1            1.279      0.077     16.540      0.000

 GRIT1_1  WITH
    GRIT6_1            0.251      0.027      9.117      0.000
    GRIT7_1            0.147      0.031      4.748      0.000

 Means
    GRIT_1             0.000      0.000    999.000    999.000

 Thresholds
    GRIT1_1$1         -1.379      0.051    -27.144      0.000
    GRIT1_1$2         -0.474      0.038    -12.527      0.000
    GRIT1_1$3          0.263      0.037      7.148      0.000
    GRIT1_1$4          1.775      0.064     27.636      0.000
    GRIT5_1$1         -2.097      0.077    -27.284      0.000
    GRIT5_1$2         -0.589      0.045    -12.992      0.000
    GRIT5_1$3          0.149      0.043      3.468      0.001
    GRIT5_1$4          1.459      0.056     25.946      0.000
    GRIT6_1$1         -2.166      0.080    -26.963      0.000
    GRIT6_1$2         -1.053      0.047    -22.335      0.000
    GRIT6_1$3         -0.060      0.040     -1.509      0.131
    GRIT6_1$4          1.511      0.056     26.912      0.000
    GRIT7_1$1         -1.027      0.050    -20.452      0.000
    GRIT7_1$2          0.579      0.046     12.545      0.000
    GRIT7_1$3          1.258      0.054     23.250      0.000
    GRIT7_1$4          2.289      0.084     27.203      0.000
    GRIT8_1$1         -2.588      0.122    -21.222      0.000
    GRIT8_1$2         -0.541      0.061     -8.902      0.000
    GRIT8_1$3          0.428      0.059      7.299      0.000
    GRIT8_1$4          2.171      0.100     21.623      0.000

 Variances
    GRIT_1             1.000      0.000    999.000    999.000

 Residual Variances
    GRIT1_1            1.000      0.000    999.000    999.000
    GRIT5_1            1.000      0.000    999.000    999.000
    GRIT6_1            1.000      0.000    999.000    999.000
    GRIT7_1            1.000      0.000    999.000    999.000
    GRIT8_1            1.000      0.000    999.000    999.000

Group OLDER

 GRIT_1   BY
    GRIT1_1            0.281      0.026     10.773      0.000
    GRIT5_1            0.711      0.036     19.787      0.000
    GRIT6_1            0.536      0.031     17.402      0.000
    GRIT7_1            0.763      0.038     20.251      0.000
    GRIT8_1            1.279      0.077     16.540      0.000

 GRIT1_1  WITH
    GRIT6_1            0.314      0.028     11.369      0.000
    GRIT7_1            0.171      0.028      6.066      0.000

 Means
    GRIT_1             0.000      0.000    999.000    999.000

 Thresholds
    GRIT1_1$1         -1.268      0.048    -26.244      0.000
    GRIT1_1$2         -0.410      0.037    -10.939      0.000
    GRIT1_1$3          0.276      0.037      7.474      0.000
    GRIT1_1$4          1.726      0.062     27.627      0.000
    GRIT5_1$1         -1.931      0.071    -27.369      0.000
    GRIT5_1$2         -0.489      0.044    -11.161      0.000
    GRIT5_1$3          0.281      0.043      6.573      0.000
    GRIT5_1$4          1.414      0.055     25.656      0.000
    GRIT6_1$1         -2.052      0.075    -27.249      0.000
    GRIT6_1$2         -1.059      0.047    -22.624      0.000
    GRIT6_1$3          0.007      0.039      0.169      0.866
    GRIT6_1$4          1.526      0.056     27.220      0.000
    GRIT7_1$1         -1.118      0.051    -21.732      0.000
    GRIT7_1$2          0.522      0.045     11.546      0.000
    GRIT7_1$3          1.263      0.054     23.426      0.000
    GRIT7_1$4          2.469      0.096     25.742      0.000
    GRIT8_1$1         -2.553      0.113    -22.539      0.000
    GRIT8_1$2         -0.509      0.058     -8.848      0.000
    GRIT8_1$3          0.578      0.058      9.902      0.000
    GRIT8_1$4          2.166      0.096     22.663      0.000

 Variances
    GRIT_1             0.872      0.082     10.629      0.000

 Residual Variances
    GRIT1_1            1.000      0.000    999.000    999.000
    GRIT5_1            1.000      0.000    999.000    999.000
    GRIT6_1            1.000      0.000    999.000    999.000
    GRIT7_1            1.000      0.000    999.000    999.000
    GRIT8_1            1.000      0.000    999.000    999.000


STANDARDIZED MODEL RESULTS


STDYX Standardization

                                                    Two-Tailed
                    Estimate       S.E.  Est./S.E.    P-Value

Group YOUNGER

 GRIT_1   BY
    GRIT1_1            0.270      0.023     11.621      0.000
    GRIT5_1            0.580      0.019     29.793      0.000
    GRIT6_1            0.472      0.021     22.395      0.000
    GRIT7_1            0.607      0.019     32.037      0.000
    GRIT8_1            0.788      0.018     43.609      0.000

 GRIT1_1  WITH
    GRIT6_1            0.251      0.027      9.117      0.000
    GRIT7_1            0.147      0.031      4.748      0.000

 Means
    GRIT_1             0.000      0.000    999.000    999.000

 Thresholds
    GRIT1_1$1         -1.327      0.049    -27.136      0.000
    GRIT1_1$2         -0.456      0.036    -12.530      0.000
    GRIT1_1$3          0.253      0.035      7.148      0.000
    GRIT1_1$4          1.709      0.062     27.697      0.000
    GRIT5_1$1         -1.709      0.062    -27.694      0.000
    GRIT5_1$2         -0.480      0.037    -13.137      0.000
    GRIT5_1$3          0.122      0.035      3.465      0.001
    GRIT5_1$4          1.189      0.046     26.019      0.000
    GRIT6_1$1         -1.909      0.072    -26.643      0.000
    GRIT6_1$2         -0.929      0.041    -22.586      0.000
    GRIT6_1$3         -0.053      0.035     -1.510      0.131
    GRIT6_1$4          1.332      0.049     27.167      0.000
    GRIT7_1$1         -0.817      0.040    -20.610      0.000
    GRIT7_1$2          0.460      0.036     12.641      0.000
    GRIT7_1$3          1.000      0.042     23.697      0.000
    GRIT7_1$4          1.820      0.067     27.210      0.000
    GRIT8_1$1         -1.594      0.057    -27.898      0.000
    GRIT8_1$2         -0.333      0.036     -9.318      0.000
    GRIT8_1$3          0.263      0.035      7.426      0.000
    GRIT8_1$4          1.337      0.049     27.194      0.000

 Variances
    GRIT_1             1.000      0.000    999.000    999.000

 Residual Variances
    GRIT1_1            0.927      0.013     73.813      0.000
    GRIT5_1            0.664      0.023     29.457      0.000
    GRIT6_1            0.777      0.020     39.030      0.000
    GRIT7_1            0.632      0.023     27.524      0.000
    GRIT8_1            0.379      0.028     13.323      0.000

Group OLDER

 GRIT_1   BY
    GRIT1_1            0.253      0.022     11.387      0.000
    GRIT5_1            0.553      0.020     28.049      0.000
    GRIT6_1            0.447      0.021     21.761      0.000
    GRIT7_1            0.580      0.020     29.649      0.000
    GRIT8_1            0.767      0.019     41.041      0.000

 GRIT1_1  WITH
    GRIT6_1            0.314      0.028     11.369      0.000
    GRIT7_1            0.171      0.028      6.066      0.000

 Means
    GRIT_1             0.000      0.000    999.000    999.000

 Thresholds
    GRIT1_1$1         -1.227      0.047    -26.209      0.000
    GRIT1_1$2         -0.397      0.036    -10.938      0.000
    GRIT1_1$3          0.267      0.036      7.472      0.000
    GRIT1_1$4          1.670      0.060     27.627      0.000
    GRIT5_1$1         -1.609      0.058    -27.716      0.000
    GRIT5_1$2         -0.408      0.036    -11.217      0.000
    GRIT5_1$3          0.234      0.036      6.575      0.000
    GRIT5_1$4          1.178      0.046     25.743      0.000
    GRIT6_1$1         -1.835      0.068    -26.956      0.000
    GRIT6_1$2         -0.948      0.042    -22.749      0.000
    GRIT6_1$3          0.006      0.035      0.169      0.866
    GRIT6_1$4          1.364      0.050     27.181      0.000
    GRIT7_1$1         -0.911      0.041    -22.153      0.000
    GRIT7_1$2          0.425      0.036     11.663      0.000
    GRIT7_1$3          1.028      0.043     23.949      0.000
    GRIT7_1$4          2.011      0.078     25.648      0.000
    GRIT8_1$1         -1.639      0.059    -27.684      0.000
    GRIT8_1$2         -0.327      0.036     -9.097      0.000
    GRIT8_1$3          0.371      0.036     10.270      0.000
    GRIT8_1$4          1.390      0.051     27.310      0.000

 Variances
    GRIT_1             1.000      0.000    999.000    999.000

 Residual Variances
    GRIT1_1            0.936      0.011     82.939      0.000
    GRIT5_1            0.694      0.022     31.801      0.000
    GRIT6_1            0.800      0.018     43.488      0.000
    GRIT7_1            0.663      0.023     29.209      0.000
    GRIT8_1            0.412      0.029     14.378      0.000


R-SQUARE

Group YOUNGER

    Observed                                        Two-Tailed     Scale
    Variable        Estimate       S.E.  Est./S.E.    P-Value     Factors

    GRIT1_1            0.073      0.013      5.811      0.000      0.963
    GRIT5_1            0.336      0.023     14.896      0.000      0.815
    GRIT6_1            0.223      0.020     11.198      0.000      0.882
    GRIT7_1            0.368      0.023     16.019      0.000      0.795
    GRIT8_1            0.621      0.028     21.804      0.000      0.616

Group OLDER

    Observed                                        Two-Tailed     Scale
    Variable        Estimate       S.E.  Est./S.E.    P-Value     Factors

    GRIT1_1            0.064      0.011      5.694      0.000      0.967
    GRIT5_1            0.306      0.022     14.024      0.000      0.833
    GRIT6_1            0.200      0.018     10.880      0.000      0.894
    GRIT7_1            0.337      0.023     14.825      0.000      0.814
    GRIT8_1            0.588      0.029     20.520      0.000      0.642


QUALITY OF NUMERICAL RESULTS

     Condition Number for the Information Matrix              0.582E-02
       (ratio of smallest to largest eigenvalue)


MODEL MODIFICATION INDICES

Minimum M.I. value for printing the modification index    10.000

                                   M.I.     E.P.C.  Std E.P.C.  StdYX E.P.C.
Group YOUNGER


No modification indices above the minimum value.

Group OLDER


ON Statements

GRIT5_1  ON GRIT6_1               10.568     0.096      0.096        0.090

WITH Statements

GRIT6_1  WITH GRIT5_1             13.739     0.122      0.122        0.122



SAVEDATA INFORMATION


  Difference testing

  Save file
    grit1_student_age_inv_metric.dat
  Save format      Free

     Beginning Time:  22:28:48
        Ending Time:  22:28:48
       Elapsed Time:  00:00:00



MUTHEN & MUTHEN
3463 Stoner Ave.
Los Angeles, CA  90066

Tel: (310) 391-9971
Fax: (310) 391-8971
Web: www.StatModel.com
Support: Support@StatModel.com

Copyright (c) 1998-2019 Muthen & Muthen
