Mplus VERSION 8.4 (Mac)
MUTHEN & MUTHEN
04/29/2023  10:21 PM

INPUT INSTRUCTIONS

  Title: Student Grit Baseline CFA;

  Data:
     File is ../dat_stu.txt;

  Variable:
     Names are studentid index treatment girl age_w child_grade in_ukr
     guardian_living guardian_region
     grit1_1 grit2_1 grit3_1 grit4_1 grit5_1 grit6_1 grit7_1 grit8_1
     loc1_1 loc2_1 loc3_1 loc4_1
     dass1_1 dass2_1 dass3_1 dass4_1 dass5_1 dass6_1 dass7_1 dass8_1
     dass9_1 dass10_1 dass11_1 dass12_1 dass13_1 dass14_1
     sleep1_1 sleep2_1 sleep3_1 sleep4_1 sleep5_1 sleep6_1 sleep7_1
     efficacy_1 edugoals_1 remotediff_1 timeclass_1 timehomework_1
     grit1_2 grit2_2 grit3_2 grit4_2 grit5_2 grit6_2 grit7_2 grit8_2
     loc1_2 loc2_2 loc3_2 loc4_2
     dass1_2 dass2_2 dass3_2 dass4_2 dass5_2 dass6_2 dass7_2 dass8_2
     dass9_2 dass10_2 dass11_2 dass12_2 dass13_2 dass14_2
     efficacy_2 edugoals_2 timeclass_2 timehomework_2 compmath_2 half;
     Missing are . ;

    Usevariable are
  	grit1_1 grit2_1 grit3_1 grit4_1 grit5_1 grit6_1 grit7_1 grit8_1;

    Categorical is
  	grit1_1 grit2_1 grit3_1 grit4_1 grit5_1 grit6_1 grit7_1 grit8_1;

    Idvariable is studentid;

    Useobservations is half eq 0;

  Analysis:
     Estimator = wlsmv;

  Model:
    grit_1 by
      grit1_1 grit2_1 grit3_1 grit4_1 grit5_1 grit6_1 grit7_1 grit8_1;

  Output: sampstat stdyx modindices(all);



INPUT READING TERMINATED NORMALLY



Student Grit Baseline CFA;

SUMMARY OF ANALYSIS

Number of groups                                                 1
Number of observations                                        1272

Number of dependent variables                                    8
Number of independent variables                                  0
Number of continuous latent variables                            1

Observed dependent variables

  Binary and ordered categorical (ordinal)
   GRIT1_1     GRIT2_1     GRIT3_1     GRIT4_1     GRIT5_1     GRIT6_1
   GRIT7_1     GRIT8_1

Continuous latent variables
   GRIT_1

Variables with special functions

  ID variable           STUDENTI

Estimator                                                    WLSMV
Maximum number of iterations                                  1000
Convergence criterion                                    0.500D-04
Maximum number of steepest descent iterations                   20
Maximum number of iterations for H1                           2000
Convergence criterion for H1                             0.100D-03
Parameterization                                             DELTA
Link                                                        PROBIT

Input data file(s)
  ../dat_stu.txt

Input data format  FREE


SUMMARY OF DATA

     Number of missing data patterns             1


COVARIANCE COVERAGE OF DATA

Minimum covariance coverage value   0.100


     PROPORTION OF DATA PRESENT


           Covariance Coverage
              GRIT1_1       GRIT2_1       GRIT3_1       GRIT4_1       GRIT5_1
              ________      ________      ________      ________      ________
 GRIT1_1        1.000
 GRIT2_1        1.000         1.000
 GRIT3_1        1.000         1.000         1.000
 GRIT4_1        1.000         1.000         1.000         1.000
 GRIT5_1        1.000         1.000         1.000         1.000         1.000
 GRIT6_1        1.000         1.000         1.000         1.000         1.000
 GRIT7_1        1.000         1.000         1.000         1.000         1.000
 GRIT8_1        1.000         1.000         1.000         1.000         1.000


           Covariance Coverage
              GRIT6_1       GRIT7_1       GRIT8_1
              ________      ________      ________
 GRIT6_1        1.000
 GRIT7_1        1.000         1.000
 GRIT8_1        1.000         1.000         1.000


UNIVARIATE PROPORTIONS AND COUNTS FOR CATEGORICAL VARIABLES

    GRIT1_1
      Category 1    0.106          135.000
      Category 2    0.241          306.000
      Category 3    0.266          338.000
      Category 4    0.342          435.000
      Category 5    0.046           58.000
    GRIT2_1
      Category 1    0.091          116.000
      Category 2    0.372          473.000
      Category 3    0.213          271.000
      Category 4    0.230          292.000
      Category 5    0.094          120.000
    GRIT3_1
      Category 1    0.055           70.000
      Category 2    0.229          291.000
      Category 3    0.160          203.000
      Category 4    0.328          417.000
      Category 5    0.229          291.000
    GRIT4_1
      Category 1    0.035           44.000
      Category 2    0.219          279.000
      Category 3    0.253          322.000
      Category 4    0.358          455.000
      Category 5    0.135          172.000
    GRIT5_1
      Category 1    0.055           70.000
      Category 2    0.279          355.000
      Category 3    0.237          302.000
      Category 4    0.307          390.000
      Category 5    0.122          155.000
    GRIT6_1
      Category 1    0.032           41.000
      Category 2    0.144          183.000
      Category 3    0.311          395.000
      Category 4    0.440          560.000
      Category 5    0.073           93.000
    GRIT7_1
      Category 1    0.207          263.000
      Category 2    0.472          601.000
      Category 3    0.160          204.000
      Category 4    0.127          161.000
      Category 5    0.034           43.000
    GRIT8_1
      Category 1    0.053           67.000
      Category 2    0.310          394.000
      Category 3    0.259          329.000
      Category 4    0.300          381.000
      Category 5    0.079          101.000


SAMPLE STATISTICS


     ESTIMATED SAMPLE STATISTICS


           MEANS/INTERCEPTS/THRESHOLDS
              GRIT1_1$      GRIT1_1$      GRIT1_1$      GRIT1_1$      GRIT2_1$
              ________      ________      ________      ________      ________
               -1.247        -0.394         0.286         1.689        -1.333


           MEANS/INTERCEPTS/THRESHOLDS
              GRIT2_1$      GRIT2_1$      GRIT2_1$      GRIT3_1$      GRIT3_1$
              ________      ________      ________      ________      ________
               -0.093         0.457         1.314        -1.598        -0.572


           MEANS/INTERCEPTS/THRESHOLDS
              GRIT3_1$      GRIT3_1$      GRIT4_1$      GRIT4_1$      GRIT4_1$
              ________      ________      ________      ________      ________
               -0.142         0.743        -1.817        -0.662         0.018


           MEANS/INTERCEPTS/THRESHOLDS
              GRIT4_1$      GRIT5_1$      GRIT5_1$      GRIT5_1$      GRIT5_1$
              ________      ________      ________      ________      ________
                1.102        -1.598        -0.429         0.180         1.166


           MEANS/INTERCEPTS/THRESHOLDS
              GRIT6_1$      GRIT6_1$      GRIT6_1$      GRIT6_1$      GRIT7_1$
              ________      ________      ________      ________      ________
               -1.849        -0.930        -0.034         1.453        -0.818


           MEANS/INTERCEPTS/THRESHOLDS
              GRIT7_1$      GRIT7_1$      GRIT7_1$      GRIT8_1$      GRIT8_1$
              ________      ________      ________      ________      ________
                0.466         0.993         1.828        -1.619        -0.352


           MEANS/INTERCEPTS/THRESHOLDS
              GRIT8_1$      GRIT8_1$
              ________      ________
                0.308         1.409


           CORRELATION MATRIX (WITH VARIANCES ON THE DIAGONAL)
              GRIT1_1       GRIT2_1       GRIT3_1       GRIT4_1       GRIT5_1
              ________      ________      ________      ________      ________
 GRIT1_1
 GRIT2_1        0.046
 GRIT3_1        0.022         0.388
 GRIT4_1        0.145         0.341         0.428
 GRIT5_1        0.113         0.269         0.283         0.404
 GRIT6_1        0.363         0.122         0.120         0.312         0.331
 GRIT7_1        0.303         0.258         0.189         0.307         0.303
 GRIT8_1        0.218         0.263         0.265         0.411         0.454


           CORRELATION MATRIX (WITH VARIANCES ON THE DIAGONAL)
              GRIT6_1       GRIT7_1       GRIT8_1
              ________      ________      ________
 GRIT7_1        0.270
 GRIT8_1        0.373         0.487


THE MODEL ESTIMATION TERMINATED NORMALLY



MODEL FIT INFORMATION

Number of Free Parameters                       40

Chi-Square Test of Model Fit

          Value                            468.466*
          Degrees of Freedom                    20
          P-Value                           0.0000

*   The chi-square value for MLM, MLMV, MLR, ULSMV, WLSM and WLSMV cannot be used
    for chi-square difference testing in the regular way.  MLM, MLR and WLSM
    chi-square difference testing is described on the Mplus website.  MLMV, WLSMV,
    and ULSMV difference testing is done using the DIFFTEST option.

RMSEA (Root Mean Square Error Of Approximation)

          Estimate                           0.133
          90 Percent C.I.                    0.122  0.143
          Probability RMSEA <= .05           0.000

CFI/TLI

          CFI                                0.861
          TLI                                0.806

Chi-Square Test of Model Fit for the Baseline Model

          Value                           3259.461
          Degrees of Freedom                    28
          P-Value                           0.0000

SRMR (Standardized Root Mean Square Residual)

          Value                              0.054

Optimum Function Value for Weighted Least-Squares Estimator

          Value                     0.12326200D+00



MODEL RESULTS

                                                    Two-Tailed
                    Estimate       S.E.  Est./S.E.    P-Value

 GRIT_1   BY
    GRIT1_1            1.000      0.000    999.000    999.000
    GRIT2_1            1.428      0.147      9.718      0.000
    GRIT3_1            1.514      0.154      9.827      0.000
    GRIT4_1            2.026      0.184     10.992      0.000
    GRIT5_1            1.885      0.173     10.891      0.000
    GRIT6_1            1.554      0.136     11.441      0.000
    GRIT7_1            1.801      0.163     11.025      0.000
    GRIT8_1            2.214      0.198     11.180      0.000

 Thresholds
    GRIT1_1$1         -1.247      0.047    -26.468      0.000
    GRIT1_1$2         -0.394      0.036    -10.905      0.000
    GRIT1_1$3          0.286      0.036      8.008      0.000
    GRIT1_1$4          1.689      0.061     27.665      0.000
    GRIT2_1$1         -1.333      0.049    -27.090      0.000
    GRIT2_1$2         -0.093      0.035     -2.635      0.008
    GRIT2_1$3          0.457      0.037     12.513      0.000
    GRIT2_1$4          1.314      0.049     26.970      0.000
    GRIT3_1$1         -1.598      0.057    -27.813      0.000
    GRIT3_1$2         -0.572      0.037    -15.320      0.000
    GRIT3_1$3         -0.142      0.035     -4.036      0.000
    GRIT3_1$4          0.743      0.039     19.096      0.000
    GRIT4_1$1         -1.817      0.067    -27.142      0.000
    GRIT4_1$2         -0.662      0.038    -17.385      0.000
    GRIT4_1$3          0.018      0.035      0.505      0.614
    GRIT4_1$4          1.102      0.044     24.983      0.000
    GRIT5_1$1         -1.598      0.057    -27.813      0.000
    GRIT5_1$2         -0.429      0.036    -11.793      0.000
    GRIT5_1$3          0.180      0.035      5.100      0.000
    GRIT5_1$4          1.166      0.045     25.701      0.000
    GRIT6_1$1         -1.849      0.069    -26.959      0.000
    GRIT6_1$2         -0.930      0.041    -22.544      0.000
    GRIT6_1$3         -0.034      0.035     -0.953      0.340
    GRIT6_1$4          1.453      0.053     27.636      0.000
    GRIT7_1$1         -0.818      0.040    -20.565      0.000
    GRIT7_1$2          0.466      0.037     12.735      0.000
    GRIT7_1$3          0.993      0.042     23.516      0.000
    GRIT7_1$4          1.828      0.067     27.084      0.000
    GRIT8_1$1         -1.619      0.058    -27.795      0.000
    GRIT8_1$2         -0.352      0.036     -9.793      0.000
    GRIT8_1$3          0.308      0.036      8.622      0.000
    GRIT8_1$4          1.409      0.051     27.478      0.000

 Variances
    GRIT_1             0.102      0.018      5.775      0.000


STANDARDIZED MODEL RESULTS


STDYX Standardization

                                                    Two-Tailed
                    Estimate       S.E.  Est./S.E.    P-Value

 GRIT_1   BY
    GRIT1_1            0.320      0.028     11.550      0.000
    GRIT2_1            0.457      0.025     18.584      0.000
    GRIT3_1            0.485      0.024     19.867      0.000
    GRIT4_1            0.648      0.020     32.975      0.000
    GRIT5_1            0.603      0.020     30.063      0.000
    GRIT6_1            0.497      0.024     20.393      0.000
    GRIT7_1            0.577      0.022     26.607      0.000
    GRIT8_1            0.709      0.018     38.883      0.000

 Thresholds
    GRIT1_1$1         -1.247      0.047    -26.468      0.000
    GRIT1_1$2         -0.394      0.036    -10.905      0.000
    GRIT1_1$3          0.286      0.036      8.008      0.000
    GRIT1_1$4          1.689      0.061     27.665      0.000
    GRIT2_1$1         -1.333      0.049    -27.090      0.000
    GRIT2_1$2         -0.093      0.035     -2.635      0.008
    GRIT2_1$3          0.457      0.037     12.513      0.000
    GRIT2_1$4          1.314      0.049     26.970      0.000
    GRIT3_1$1         -1.598      0.057    -27.813      0.000
    GRIT3_1$2         -0.572      0.037    -15.320      0.000
    GRIT3_1$3         -0.142      0.035     -4.036      0.000
    GRIT3_1$4          0.743      0.039     19.096      0.000
    GRIT4_1$1         -1.817      0.067    -27.142      0.000
    GRIT4_1$2         -0.662      0.038    -17.385      0.000
    GRIT4_1$3          0.018      0.035      0.505      0.614
    GRIT4_1$4          1.102      0.044     24.983      0.000
    GRIT5_1$1         -1.598      0.057    -27.813      0.000
    GRIT5_1$2         -0.429      0.036    -11.793      0.000
    GRIT5_1$3          0.180      0.035      5.100      0.000
    GRIT5_1$4          1.166      0.045     25.701      0.000
    GRIT6_1$1         -1.849      0.069    -26.959      0.000
    GRIT6_1$2         -0.930      0.041    -22.544      0.000
    GRIT6_1$3         -0.034      0.035     -0.953      0.340
    GRIT6_1$4          1.453      0.053     27.636      0.000
    GRIT7_1$1         -0.818      0.040    -20.565      0.000
    GRIT7_1$2          0.466      0.037     12.735      0.000
    GRIT7_1$3          0.993      0.042     23.516      0.000
    GRIT7_1$4          1.828      0.067     27.084      0.000
    GRIT8_1$1         -1.619      0.058    -27.795      0.000
    GRIT8_1$2         -0.352      0.036     -9.793      0.000
    GRIT8_1$3          0.308      0.036      8.622      0.000
    GRIT8_1$4          1.409      0.051     27.478      0.000

 Variances
    GRIT_1             1.000      0.000    999.000    999.000


R-SQUARE

    Observed                                        Two-Tailed   Residual
    Variable        Estimate       S.E.  Est./S.E.    P-Value    Variance

    GRIT1_1            0.102      0.018      5.775      0.000      0.898
    GRIT2_1            0.209      0.022      9.292      0.000      0.791
    GRIT3_1            0.235      0.024      9.934      0.000      0.765
    GRIT4_1            0.420      0.025     16.487      0.000      0.580
    GRIT5_1            0.364      0.024     15.032      0.000      0.636
    GRIT6_1            0.247      0.024     10.197      0.000      0.753
    GRIT7_1            0.332      0.025     13.303      0.000      0.668
    GRIT8_1            0.502      0.026     19.442      0.000      0.498


QUALITY OF NUMERICAL RESULTS

     Condition Number for the Information Matrix              0.361E-04
       (ratio of smallest to largest eigenvalue)


MODEL MODIFICATION INDICES

Minimum M.I. value for printing the modification index    10.000

                                   M.I.     E.P.C.  Std E.P.C.  StdYX E.P.C.

ON Statements

GRIT_1   ON GRIT1_1              999.000     0.000      0.000        0.000
GRIT_1   ON GRIT2_1              999.000     0.000      0.000        0.000
GRIT_1   ON GRIT3_1              999.000     0.000      0.000        0.000
GRIT_1   ON GRIT6_1              999.000     0.000      0.000        0.000
GRIT1_1  ON GRIT2_1               23.898    -0.115     -0.115       -0.115
GRIT1_1  ON GRIT3_1               38.184    -0.153     -0.153       -0.153
GRIT1_1  ON GRIT4_1               10.431    -0.080     -0.080       -0.080
GRIT1_1  ON GRIT5_1               16.097    -0.098     -0.098       -0.098
GRIT1_1  ON GRIT6_1              122.747     0.243      0.243        0.243
GRIT1_1  ON GRIT7_1               41.922     0.148      0.148        0.148
GRIT2_1  ON GRIT1_1               23.881    -0.115     -0.115       -0.115
GRIT2_1  ON GRIT3_1               96.334     0.216      0.216        0.216
GRIT2_1  ON GRIT6_1               30.077    -0.130     -0.130       -0.130
GRIT2_1  ON GRIT8_1               11.660    -0.088     -0.088       -0.088
GRIT3_1  ON GRIT1_1               38.159    -0.153     -0.153       -0.153
GRIT3_1  ON GRIT2_1               96.337     0.216      0.216        0.216
GRIT3_1  ON GRIT4_1               60.001     0.179      0.179        0.179
GRIT3_1  ON GRIT6_1               31.825    -0.145     -0.145       -0.145
GRIT3_1  ON GRIT7_1               20.647    -0.116     -0.116       -0.116
GRIT3_1  ON GRIT8_1               19.003    -0.115     -0.115       -0.115
GRIT4_1  ON GRIT1_1               10.417    -0.080     -0.080       -0.080
GRIT4_1  ON GRIT3_1               59.989     0.179      0.179        0.179
GRIT4_1  ON GRIT7_1               14.438    -0.099     -0.099       -0.099
GRIT4_1  ON GRIT8_1               12.844    -0.093     -0.093       -0.093
GRIT5_1  ON GRIT1_1               16.085    -0.098     -0.098       -0.098
GRIT6_1  ON GRIT1_1              122.790     0.243      0.243        0.243
GRIT6_1  ON GRIT2_1               30.074    -0.130     -0.130       -0.130
GRIT6_1  ON GRIT3_1               31.823    -0.145     -0.145       -0.145
GRIT7_1  ON GRIT1_1               41.941     0.148      0.148        0.148
GRIT7_1  ON GRIT3_1               20.657    -0.116     -0.116       -0.116
GRIT7_1  ON GRIT4_1               14.443    -0.099     -0.099       -0.099
GRIT7_1  ON GRIT8_1               38.845     0.151      0.151        0.151
GRIT8_1  ON GRIT2_1               11.670    -0.088     -0.088       -0.088
GRIT8_1  ON GRIT3_1               19.019    -0.115     -0.115       -0.115
GRIT8_1  ON GRIT4_1               12.853    -0.093     -0.093       -0.093
GRIT8_1  ON GRIT7_1               38.840     0.151      0.151        0.151

WITH Statements

GRIT1_1  WITH GRIT_1             999.000     0.000      0.000        0.000
GRIT2_1  WITH GRIT1_1             23.885    -0.115     -0.115       -0.137
GRIT3_1  WITH GRIT_1             999.000     0.000      0.000        0.000
GRIT3_1  WITH GRIT1_1             38.166    -0.153     -0.153       -0.184
GRIT3_1  WITH GRIT2_1             96.323     0.216      0.216        0.278
GRIT4_1  WITH GRIT1_1             10.418    -0.080     -0.080       -0.111
GRIT4_1  WITH GRIT3_1             59.985     0.179      0.179        0.268
GRIT5_1  WITH GRIT1_1             16.083    -0.098     -0.098       -0.130
GRIT6_1  WITH GRIT_1             999.000     0.000      0.000        0.000
GRIT6_1  WITH GRIT1_1            122.777     0.243      0.243        0.296
GRIT6_1  WITH GRIT2_1             30.084    -0.130     -0.130       -0.169
GRIT6_1  WITH GRIT3_1             31.835    -0.146     -0.146       -0.192
GRIT7_1  WITH GRIT1_1             41.942     0.148      0.148        0.191
GRIT7_1  WITH GRIT3_1             20.656    -0.116     -0.116       -0.163
GRIT7_1  WITH GRIT4_1             14.441    -0.099     -0.099       -0.159
GRIT8_1  WITH GRIT2_1             11.667    -0.088     -0.088       -0.140
GRIT8_1  WITH GRIT3_1             19.015    -0.115     -0.115       -0.186
GRIT8_1  WITH GRIT4_1             12.848    -0.093     -0.093       -0.174
GRIT8_1  WITH GRIT7_1             38.848     0.151      0.151        0.262


     Beginning Time:  22:21:30
        Ending Time:  22:21:30
       Elapsed Time:  00:00:00



MUTHEN & MUTHEN
3463 Stoner Ave.
Los Angeles, CA  90066

Tel: (310) 391-9971
Fax: (310) 391-8971
Web: www.StatModel.com
Support: Support@StatModel.com

Copyright (c) 1998-2019 Muthen & Muthen
