Mplus VERSION 8.4 (Mac)
MUTHEN & MUTHEN
10/27/2023   8:51 PM

INPUT INSTRUCTIONS

  Title: Parent DASS Gender Measurement Invariance Scalar Model;

  Data:
     File is dass_parent_1.txt;

  Variable:
     Names are studentid treatment female age_w dass1_1 dass2_1 dass3_1
     dass4_1 dass5_1 dass6_1 dass7_1 half;
     Missing are . ;

    Usevariable are
  	dass1_1 dass2_1 dass3_1 dass4_1 dass5_1 dass6_1 dass7_1;

    Categorical is
  	dass1_1 dass2_1 dass3_1 dass4_1 dass5_1 dass6_1 dass7_1;

    Group is female (1 = Female 0 = Male);

  Analysis:
     Estimator = wlsmv;
     Parameterization = theta;
     Difftest = dass1_parent_gender_inv_metric.dat


  !!! Model for Male !!!

  Model:
    ! Factor loadings all freely estimated
    dassp_1 by
      dass1_1-dass7_1* (L1-L7);

    dass1_1 with dass2_1;
    dass6_1 with dass7_1;

    !estimating thresholds freely
    [dass1_1$1-dass7_1$1*] (T1_1-T1_7);
    [dass1_1$2-dass7_1$2*] (T2_1-T2_7);
    [dass1_1$3-dass7_1$3*] (T3_1-T3_7);

    !constraining item residual variance to 1 for identification
    dass1_1-dass7_1@1;

    !fixing latent mean to zero for identification
    [dassp_1@0];

    !fixing latent variance to one for identification
    dassp_1@1;

  !!! Model for Female !!!

  Model Female:
    ! Factor loadings constrained to *be equal to the comparison group*
    dassp_1 by dass1_1-dass7_1* (L1-L7);

    dass1_1 with dass2_1;
    dass6_1 with dass7_1;

    ! *thresholds held equal to the comparison group when left blank*

    ! constraining item residual variance to 1 for identification
    dass1_1-dass7_1@1;

    ! latent factor mean *estimated*
    [dassp_1*];

    ! latent factor variance *estimated*
    dassp_1*;

  Output: sampstat stdyx modindices(all);
  Savedata: Difftest is dass1_parent_gender_inv_scalar.dat;



INPUT READING TERMINATED NORMALLY



Parent DASS Gender Measurement Invariance Scalar Model;

SUMMARY OF ANALYSIS

Number of groups                                                 2
Number of observations
   Group MALE                                                  194
   Group FEMALE                                               2381
   Total sample size                                          2575

Number of dependent variables                                    7
Number of independent variables                                  0
Number of continuous latent variables                            1

Observed dependent variables

  Binary and ordered categorical (ordinal)
   DASS1_1     DASS2_1     DASS3_1     DASS4_1     DASS5_1     DASS6_1
   DASS7_1

Continuous latent variables
   DASSP_1

Variables with special functions

  Grouping variable     FEMALE

Estimator                                                    WLSMV
Maximum number of iterations                                  1000
Convergence criterion                                    0.500D-04
Maximum number of steepest descent iterations                   20
Maximum number of iterations for H1                           2000
Convergence criterion for H1                             0.100D-03
Parameterization                                             THETA
Link                                                        PROBIT

Input data file(s)
  dass_parent_1.txt

Input data format  FREE


SUMMARY OF DATA

   Group MALE
     Number of missing data patterns             1

   Group FEMALE
     Number of missing data patterns             1


COVARIANCE COVERAGE OF DATA

Minimum covariance coverage value   0.100


     PROPORTION OF DATA PRESENT FOR MALE


           Covariance Coverage
              DASS1_1       DASS2_1       DASS3_1       DASS4_1       DASS5_1
              ________      ________      ________      ________      ________
 DASS1_1        1.000
 DASS2_1        1.000         1.000
 DASS3_1        1.000         1.000         1.000
 DASS4_1        1.000         1.000         1.000         1.000
 DASS5_1        1.000         1.000         1.000         1.000         1.000
 DASS6_1        1.000         1.000         1.000         1.000         1.000
 DASS7_1        1.000         1.000         1.000         1.000         1.000


           Covariance Coverage
              DASS6_1       DASS7_1
              ________      ________
 DASS6_1        1.000
 DASS7_1        1.000         1.000


     PROPORTION OF DATA PRESENT FOR FEMALE


           Covariance Coverage
              DASS1_1       DASS2_1       DASS3_1       DASS4_1       DASS5_1
              ________      ________      ________      ________      ________
 DASS1_1        1.000
 DASS2_1        1.000         1.000
 DASS3_1        1.000         1.000         1.000
 DASS4_1        1.000         1.000         1.000         1.000
 DASS5_1        1.000         1.000         1.000         1.000         1.000
 DASS6_1        1.000         1.000         1.000         1.000         1.000
 DASS7_1        1.000         1.000         1.000         1.000         1.000


           Covariance Coverage
              DASS6_1       DASS7_1
              ________      ________
 DASS6_1        1.000
 DASS7_1        1.000         1.000


UNIVARIATE PROPORTIONS AND COUNTS FOR CATEGORICAL VARIABLES

  Group MALE
    DASS1_1
      Category 1    0.289           56.000
      Category 2    0.433           84.000
      Category 3    0.186           36.000
      Category 4    0.093           18.000
    DASS2_1
      Category 1    0.278           54.000
      Category 2    0.490           95.000
      Category 3    0.165           32.000
      Category 4    0.067           13.000
    DASS3_1
      Category 1    0.294           57.000
      Category 2    0.423           82.000
      Category 3    0.186           36.000
      Category 4    0.098           19.000
    DASS4_1
      Category 1    0.294           57.000
      Category 2    0.448           87.000
      Category 3    0.180           35.000
      Category 4    0.077           15.000
    DASS5_1
      Category 1    0.335           65.000
      Category 2    0.351           68.000
      Category 3    0.227           44.000
      Category 4    0.088           17.000
    DASS6_1
      Category 1    0.304           59.000
      Category 2    0.474           92.000
      Category 3    0.144           28.000
      Category 4    0.077           15.000
    DASS7_1
      Category 1    0.402           78.000
      Category 2    0.423           82.000
      Category 3    0.134           26.000
      Category 4    0.041            8.000

  Group FEMALE
    DASS1_1
      Category 1    0.126          300.000
      Category 2    0.444         1056.000
      Category 3    0.262          624.000
      Category 4    0.168          401.000
    DASS2_1
      Category 1    0.115          274.000
      Category 2    0.466         1110.000
      Category 3    0.290          691.000
      Category 4    0.129          306.000
    DASS3_1
      Category 1    0.103          246.000
      Category 2    0.374          891.000
      Category 3    0.332          790.000
      Category 4    0.191          454.000
    DASS4_1
      Category 1    0.089          211.000
      Category 2    0.454         1082.000
      Category 3    0.306          729.000
      Category 4    0.151          359.000
    DASS5_1
      Category 1    0.137          327.000
      Category 2    0.406          967.000
      Category 3    0.289          689.000
      Category 4    0.167          398.000
    DASS6_1
      Category 1    0.207          494.000
      Category 2    0.499         1187.000
      Category 3    0.219          522.000
      Category 4    0.075          178.000
    DASS7_1
      Category 1    0.145          346.000
      Category 2    0.441         1050.000
      Category 3    0.291          693.000
      Category 4    0.123          292.000


SAMPLE STATISTICS


     ESTIMATED SAMPLE STATISTICS FOR MALE


           MEANS/INTERCEPTS/THRESHOLDS
              DASS1_1$      DASS1_1$      DASS1_1$      DASS2_1$      DASS2_1$
              ________      ________      ________      ________      ________
               -0.557         0.588         1.324        -0.588         0.732


           MEANS/INTERCEPTS/THRESHOLDS
              DASS2_1$      DASS3_1$      DASS3_1$      DASS3_1$      DASS4_1$
              ________      ________      ________      ________      ________
                1.498        -0.542         0.572         1.293        -0.542


           MEANS/INTERCEPTS/THRESHOLDS
              DASS4_1$      DASS4_1$      DASS5_1$      DASS5_1$      DASS5_1$
              ________      ________      ________      ________      ________
                0.650         1.423        -0.426         0.483         1.356


           MEANS/INTERCEPTS/THRESHOLDS
              DASS6_1$      DASS6_1$      DASS6_1$      DASS7_1$      DASS7_1$
              ________      ________      ________      ________      ________
               -0.513         0.767         1.423        -0.248         0.934


           MEANS/INTERCEPTS/THRESHOLDS
              DASS7_1$
              ________
                1.737


           CORRELATION MATRIX (WITH VARIANCES ON THE DIAGONAL)
              DASS1_1       DASS2_1       DASS3_1       DASS4_1       DASS5_1
              ________      ________      ________      ________      ________
 DASS1_1
 DASS2_1        0.726
 DASS3_1        0.741         0.795
 DASS4_1        0.666         0.701         0.806
 DASS5_1        0.596         0.618         0.690         0.743
 DASS6_1        0.517         0.561         0.584         0.596         0.696
 DASS7_1        0.619         0.677         0.652         0.646         0.706


           CORRELATION MATRIX (WITH VARIANCES ON THE DIAGONAL)
              DASS6_1       DASS7_1
              ________      ________
 DASS7_1        0.772


     ESTIMATED SAMPLE STATISTICS FOR FEMALE


           MEANS/INTERCEPTS/THRESHOLDS
              DASS1_1$      DASS1_1$      DASS1_1$      DASS2_1$      DASS2_1$
              ________      ________      ________      ________      ________
               -1.146         0.175         0.960        -1.200         0.205


           MEANS/INTERCEPTS/THRESHOLDS
              DASS2_1$      DASS3_1$      DASS3_1$      DASS3_1$      DASS4_1$
              ________      ________      ________      ________      ________
                1.133        -1.263        -0.056         0.875        -1.349


           MEANS/INTERCEPTS/THRESHOLDS
              DASS4_1$      DASS4_1$      DASS5_1$      DASS5_1$      DASS5_1$
              ________      ________      ________      ________      ________
                0.108         1.033        -1.092         0.109         0.965


           MEANS/INTERCEPTS/THRESHOLDS
              DASS6_1$      DASS6_1$      DASS6_1$      DASS7_1$      DASS7_1$
              ________      ________      ________      ________      ________
               -0.815         0.542         1.441        -1.057         0.218


           MEANS/INTERCEPTS/THRESHOLDS
              DASS7_1$
              ________
                1.162


           CORRELATION MATRIX (WITH VARIANCES ON THE DIAGONAL)
              DASS1_1       DASS2_1       DASS3_1       DASS4_1       DASS5_1
              ________      ________      ________      ________      ________
 DASS1_1
 DASS2_1        0.753
 DASS3_1        0.684         0.747
 DASS4_1        0.669         0.695         0.781
 DASS5_1        0.662         0.651         0.741         0.760
 DASS6_1        0.525         0.599         0.638         0.626         0.623
 DASS7_1        0.609         0.654         0.725         0.702         0.708


           CORRELATION MATRIX (WITH VARIANCES ON THE DIAGONAL)
              DASS6_1       DASS7_1
              ________      ________
 DASS7_1        0.675


THE MODEL ESTIMATION TERMINATED NORMALLY



MODEL FIT INFORMATION

Number of Free Parameters                       34

Chi-Square Test of Model Fit

          Value                            170.238*
          Degrees of Freedom                    50
          P-Value                           0.0000

Chi-Square Contribution From Each Group

          MALE                             112.586
          FEMALE                            57.651

Chi-Square Test for Difference Testing

          Value                             74.073*
          Degrees of Freedom                    20
          P-Value                           0.0000

*   The chi-square value for MLM, MLMV, MLR, ULSMV, WLSM and WLSMV cannot be used
    for chi-square difference testing in the regular way.  MLM, MLR and WLSM
    chi-square difference testing is described on the Mplus website.  MLMV, WLSMV,
    and ULSMV difference testing is done using the DIFFTEST option.  The DIFFTEST
    option assumes the models are nested.  The NESTED option can be used to verify
    that the models are nested.

RMSEA (Root Mean Square Error Of Approximation)

          Estimate                           0.043
          90 Percent C.I.                    0.036  0.050
          Probability RMSEA <= .05           0.939

CFI/TLI

          CFI                                0.997
          TLI                                0.997

Chi-Square Test of Model Fit for the Baseline Model

          Value                          38039.264
          Degrees of Freedom                    42
          P-Value                           0.0000

SRMR (Standardized Root Mean Square Residual)

          Value                              0.016

Optimum Function Value for Weighted Least-Squares Estimator

          Value                     0.20932192D-01



MODEL RESULTS

                                                    Two-Tailed
                    Estimate       S.E.  Est./S.E.    P-Value

Group MALE

 DASSP_1  BY
    DASS1_1            1.236      0.087     14.132      0.000
    DASS2_1            1.448      0.102     14.151      0.000
    DASS3_1            2.112      0.151     14.008      0.000
    DASS4_1            1.892      0.132     14.300      0.000
    DASS5_1            1.693      0.120     14.154      0.000
    DASS6_1            1.079      0.077     14.005      0.000
    DASS7_1            1.457      0.103     14.075      0.000

 DASS1_1  WITH
    DASS2_1            0.241      0.075      3.199      0.001

 DASS6_1  WITH
    DASS7_1            0.435      0.062      7.049      0.000

 Means
    DASSP_1            0.000      0.000    999.000    999.000

 Thresholds
    DASS1_1$1         -0.984      0.100     -9.860      0.000
    DASS1_1$2          1.036      0.100     10.374      0.000
    DASS1_1$3          2.246      0.105     21.468      0.000
    DASS2_1$1         -1.126      0.115     -9.759      0.000
    DASS2_1$2          1.256      0.117     10.712      0.000
    DASS2_1$3          2.823      0.125     22.522      0.000
    DASS3_1$1         -1.485      0.166     -8.934      0.000
    DASS3_1$2          1.203      0.166      7.254      0.000
    DASS3_1$3          3.270      0.176     18.557      0.000
    DASS4_1$1         -1.542      0.150    -10.270      0.000
    DASS4_1$2          1.403      0.149      9.431      0.000
    DASS4_1$3          3.294      0.158     20.896      0.000
    DASS5_1$1         -0.994      0.133     -7.475      0.000
    DASS5_1$2          1.244      0.134      9.287      0.000
    DASS5_1$3          2.876      0.140     20.525      0.000
    DASS6_1$1         -0.515      0.087     -5.900      0.000
    DASS6_1$2          1.429      0.090     15.824      0.000
    DASS6_1$3          2.691      0.098     27.558      0.000
    DASS7_1$1         -0.848      0.115     -7.367      0.000
    DASS7_1$2          1.302      0.117     11.103      0.000
    DASS7_1$3          2.901      0.125     23.235      0.000

 Variances
    DASSP_1            1.000      0.000    999.000    999.000

 Residual Variances
    DASS1_1            1.000      0.000    999.000    999.000
    DASS2_1            1.000      0.000    999.000    999.000
    DASS3_1            1.000      0.000    999.000    999.000
    DASS4_1            1.000      0.000    999.000    999.000
    DASS5_1            1.000      0.000    999.000    999.000
    DASS6_1            1.000      0.000    999.000    999.000
    DASS7_1            1.000      0.000    999.000    999.000

Group FEMALE

 DASSP_1  BY
    DASS1_1            1.236      0.087     14.132      0.000
    DASS2_1            1.448      0.102     14.151      0.000
    DASS3_1            2.112      0.151     14.008      0.000
    DASS4_1            1.892      0.132     14.300      0.000
    DASS5_1            1.693      0.120     14.154      0.000
    DASS6_1            1.079      0.077     14.005      0.000
    DASS7_1            1.457      0.103     14.075      0.000

 DASS1_1  WITH
    DASS2_1            0.358      0.022     16.429      0.000

 DASS6_1  WITH
    DASS7_1            0.231      0.022     10.355      0.000

 Means
    DASSP_1            0.625      0.086      7.292      0.000

 Thresholds
    DASS1_1$1         -0.984      0.100     -9.860      0.000
    DASS1_1$2          1.036      0.100     10.374      0.000
    DASS1_1$3          2.246      0.105     21.468      0.000
    DASS2_1$1         -1.126      0.115     -9.759      0.000
    DASS2_1$2          1.256      0.117     10.712      0.000
    DASS2_1$3          2.823      0.125     22.522      0.000
    DASS3_1$1         -1.485      0.166     -8.934      0.000
    DASS3_1$2          1.203      0.166      7.254      0.000
    DASS3_1$3          3.270      0.176     18.557      0.000
    DASS4_1$1         -1.542      0.150    -10.270      0.000
    DASS4_1$2          1.403      0.149      9.431      0.000
    DASS4_1$3          3.294      0.158     20.896      0.000
    DASS5_1$1         -0.994      0.133     -7.475      0.000
    DASS5_1$2          1.244      0.134      9.287      0.000
    DASS5_1$3          2.876      0.140     20.525      0.000
    DASS6_1$1         -0.515      0.087     -5.900      0.000
    DASS6_1$2          1.429      0.090     15.824      0.000
    DASS6_1$3          2.691      0.098     27.558      0.000
    DASS7_1$1         -0.848      0.115     -7.367      0.000
    DASS7_1$2          1.302      0.117     11.103      0.000
    DASS7_1$3          2.901      0.125     23.235      0.000

 Variances
    DASSP_1            0.903      0.125      7.235      0.000

 Residual Variances
    DASS1_1            1.000      0.000    999.000    999.000
    DASS2_1            1.000      0.000    999.000    999.000
    DASS3_1            1.000      0.000    999.000    999.000
    DASS4_1            1.000      0.000    999.000    999.000
    DASS5_1            1.000      0.000    999.000    999.000
    DASS6_1            1.000      0.000    999.000    999.000
    DASS7_1            1.000      0.000    999.000    999.000


STANDARDIZED MODEL RESULTS


STDYX Standardization

                                                    Two-Tailed
                    Estimate       S.E.  Est./S.E.    P-Value

Group MALE

 DASSP_1  BY
    DASS1_1            0.778      0.022     35.733      0.000
    DASS2_1            0.823      0.019     43.829      0.000
    DASS3_1            0.904      0.012     76.517      0.000
    DASS4_1            0.884      0.014     65.467      0.000
    DASS5_1            0.861      0.016     54.737      0.000
    DASS6_1            0.733      0.024     30.315      0.000
    DASS7_1            0.824      0.019     43.936      0.000

 DASS1_1  WITH
    DASS2_1            0.241      0.075      3.199      0.001

 DASS6_1  WITH
    DASS7_1            0.435      0.062      7.049      0.000

 Means
    DASSP_1            0.000      0.000    999.000    999.000

 Thresholds
    DASS1_1$1         -0.619      0.069     -8.961      0.000
    DASS1_1$2          0.651      0.065     10.009      0.000
    DASS1_1$3          1.413      0.082     17.294      0.000
    DASS2_1$1         -0.640      0.073     -8.718      0.000
    DASS2_1$2          0.714      0.070     10.179      0.000
    DASS2_1$3          1.604      0.094     16.987      0.000
    DASS3_1$1         -0.635      0.081     -7.843      0.000
    DASS3_1$2          0.515      0.073      7.028      0.000
    DASS3_1$3          1.399      0.100     14.051      0.000
    DASS4_1$1         -0.721      0.081     -8.878      0.000
    DASS4_1$2          0.656      0.074      8.850      0.000
    DASS4_1$3          1.539      0.102     15.030      0.000
    DASS5_1$1         -0.505      0.074     -6.846      0.000
    DASS5_1$2          0.633      0.071      8.858      0.000
    DASS5_1$3          1.462      0.095     15.353      0.000
    DASS6_1$1         -0.350      0.062     -5.640      0.000
    DASS6_1$2          0.971      0.066     14.634      0.000
    DASS6_1$3          1.829      0.087     21.043      0.000
    DASS7_1$1         -0.480      0.070     -6.824      0.000
    DASS7_1$2          0.737      0.071     10.441      0.000
    DASS7_1$3          1.642      0.097     16.965      0.000

 Variances
    DASSP_1            1.000      0.000    999.000    999.000

 Residual Variances
    DASS1_1            0.395      0.034     11.688      0.000
    DASS2_1            0.323      0.031     10.449      0.000
    DASS3_1            0.183      0.021      8.573      0.000
    DASS4_1            0.218      0.024      9.149      0.000
    DASS5_1            0.259      0.027      9.545      0.000
    DASS6_1            0.462      0.035     13.015      0.000
    DASS7_1            0.320      0.031     10.354      0.000

Group FEMALE

 DASSP_1  BY
    DASS1_1            0.761      0.010     76.584      0.000
    DASS2_1            0.809      0.008     96.458      0.000
    DASS3_1            0.895      0.005    163.835      0.000
    DASS4_1            0.874      0.006    150.103      0.000
    DASS5_1            0.849      0.007    128.182      0.000
    DASS6_1            0.716      0.011     66.017      0.000
    DASS7_1            0.811      0.008    102.482      0.000

 DASS1_1  WITH
    DASS2_1            0.358      0.022     16.429      0.000

 DASS6_1  WITH
    DASS7_1            0.231      0.022     10.355      0.000

 Means
    DASSP_1            0.658      0.083      7.950      0.000

 Thresholds
    DASS1_1$1         -0.638      0.065     -9.766      0.000
    DASS1_1$2          0.671      0.064     10.537      0.000
    DASS1_1$3          1.456      0.066     22.131      0.000
    DASS2_1$1         -0.662      0.069     -9.658      0.000
    DASS2_1$2          0.738      0.068     10.938      0.000
    DASS2_1$3          1.660      0.071     23.452      0.000
    DASS3_1$1         -0.662      0.075     -8.865      0.000
    DASS3_1$2          0.536      0.073      7.328      0.000
    DASS3_1$3          1.458      0.076     19.270      0.000
    DASS4_1$1         -0.750      0.074    -10.189      0.000
    DASS4_1$2          0.682      0.072      9.521      0.000
    DASS4_1$3          1.601      0.075     21.318      0.000
    DASS5_1$1         -0.525      0.071     -7.420      0.000
    DASS5_1$2          0.657      0.070      9.389      0.000
    DASS5_1$3          1.518      0.073     20.904      0.000
    DASS6_1$1         -0.359      0.062     -5.844      0.000
    DASS6_1$2          0.998      0.061     16.280      0.000
    DASS6_1$3          1.879      0.066     28.554      0.000
    DASS7_1$1         -0.497      0.068     -7.292      0.000
    DASS7_1$2          0.762      0.067     11.308      0.000
    DASS7_1$3          1.699      0.071     23.888      0.000

 Variances
    DASSP_1            1.000      0.000    999.000    999.000

 Residual Variances
    DASS1_1            0.420      0.015     27.752      0.000
    DASS2_1            0.346      0.014     25.476      0.000
    DASS3_1            0.199      0.010     20.336      0.000
    DASS4_1            0.236      0.010     23.238      0.000
    DASS5_1            0.279      0.011     24.763      0.000
    DASS6_1            0.488      0.016     31.400      0.000
    DASS7_1            0.343      0.013     26.756      0.000


R-SQUARE

Group MALE

    Observed                                        Two-Tailed     Scale
    Variable        Estimate       S.E.  Est./S.E.    P-Value     Factors

    DASS1_1            0.605      0.034     17.867      0.000      0.629
    DASS2_1            0.677      0.031     21.914      0.000      0.568
    DASS3_1            0.817      0.021     38.258      0.000      0.428
    DASS4_1            0.782      0.024     32.733      0.000      0.467
    DASS5_1            0.741      0.027     27.368      0.000      0.509
    DASS6_1            0.538      0.035     15.157      0.000      0.680
    DASS7_1            0.680      0.031     21.968      0.000      0.566

Group FEMALE

    Observed                                        Two-Tailed     Scale
    Variable        Estimate       S.E.  Est./S.E.    P-Value     Factors

    DASS1_1            0.580      0.015     38.292      0.000      0.648
    DASS2_1            0.654      0.014     48.229      0.000      0.588
    DASS3_1            0.801      0.010     81.917      0.000      0.446
    DASS4_1            0.764      0.010     75.052      0.000      0.486
    DASS5_1            0.721      0.011     64.091      0.000      0.528
    DASS6_1            0.512      0.016     33.008      0.000      0.698
    DASS7_1            0.657      0.013     51.241      0.000      0.586


QUALITY OF NUMERICAL RESULTS

     Condition Number for the Information Matrix              0.146E-02
       (ratio of smallest to largest eigenvalue)


MODEL MODIFICATION INDICES

Minimum M.I. value for printing the modification index    10.000

                                   M.I.     E.P.C.  Std E.P.C.  StdYX E.P.C.
Group MALE


ON/BY Statements

DASS7_1  ON DASSP_1  /
DASSP_1  BY DASS7_1               11.003    -0.197     -0.197       -0.111

ON Statements

DASS6_1  ON DASS6_1               31.476     0.388      0.388        0.388
DASS6_1  ON DASS7_1               10.399     0.194      0.194        0.233
DASS7_1  ON DASS3_1               14.058    -0.194     -0.194       -0.257
DASS7_1  ON DASS4_1               13.452    -0.207     -0.207       -0.251

WITH Statements

DASS7_1  WITH DASSP_1             11.003    -0.416     -0.416       -0.416

Variances/Residual Variances

DASS4_1                           10.378     0.722      0.722        0.158
DASS5_1                           16.369     0.871      0.871        0.225
DASS6_1                           22.030     0.720      0.720        0.332

Means/Intercepts/Thresholds

[ DASS6_1  ]                      46.010     0.753      0.753        0.512
[ DASS7_1  ]                      31.962    -0.788     -0.788       -0.446
[ DASS4_1$ ]                      10.999     0.409      0.409        0.191
[ DASS6_1$ ]                      12.437    -0.296     -0.296       -0.201
[ DASS6_1$ ]                      27.769    -0.594     -0.594       -0.404
[ DASS7_1$ ]                      19.959     0.426      0.426        0.241
[ DASS7_1$ ]                      10.285     0.340      0.340        0.192

Group FEMALE


ON/BY Statements

DASS7_1  ON DASSP_1  /
DASSP_1  BY DASS7_1               11.084     0.220      0.209        0.122

ON Statements

DASS1_1  ON DASS6_1               13.749    -0.233     -0.233       -0.216
DASS2_1  ON DASS3_1               15.254     0.175      0.175        0.231
DASS2_1  ON DASS5_1               42.035    -0.380     -0.380       -0.423
DASS2_1  ON DASS6_1               13.790     0.259      0.259        0.218
DASS3_1  ON DASS1_1               12.086     0.296      0.296        0.204
DASS3_1  ON DASS2_1               59.260     0.612      0.612        0.464
DASS3_1  ON DASS5_1               32.992    -0.478     -0.478       -0.404
DASS4_1  ON DASS2_1               11.794    -0.269     -0.269       -0.223
DASS4_1  ON DASS5_1               22.714     0.330      0.330        0.304
DASS5_1  ON DASS2_1               40.744    -0.479     -0.479       -0.430
DASS5_1  ON DASS3_1               13.313    -0.209     -0.209       -0.247
DASS5_1  ON DASS4_1               20.854     0.272      0.272        0.295
DASS5_1  ON DASS6_1               21.776     0.339      0.339        0.257
DASS5_1  ON DASS7_1               35.613     0.414      0.414        0.373
DASS6_1  ON DASS6_1               31.485    -0.388     -0.388       -0.388
DASS7_1  ON DASS5_1               47.085     0.395      0.395        0.438

WITH Statements

DASS3_1  WITH DASS2_1            138.905     1.436      1.436        1.436
DASS4_1  WITH DASS2_1             37.426    -0.878     -0.878       -0.878
DASS5_1  WITH DASS1_1             38.711     0.828      0.828        0.828
DASS5_1  WITH DASS2_1            233.026    -2.265     -2.265       -2.265
DASS5_1  WITH DASS3_1            102.874    -1.574     -1.574       -1.574
DASS5_1  WITH DASS4_1             99.063     1.313      1.313        1.313
DASS6_1  WITH DASS1_1             29.740    -0.566     -0.566       -0.566
DASS6_1  WITH DASS2_1             39.362     0.665      0.665        0.665
DASS6_1  WITH DASS5_1             20.361     0.441      0.441        0.441
DASS7_1  WITH DASS4_1             11.109    -0.497     -0.497       -0.497
DASS7_1  WITH DASS5_1             83.800     1.127      1.127        1.127

Variances/Residual Variances

DASS4_1                           10.448    -0.724     -0.724       -0.171
DASS5_1                           16.275    -0.869     -0.869       -0.242
DASS6_1                           22.026    -0.720     -0.720       -0.351

Means/Intercepts/Thresholds

[ DASS6_1  ]                      46.217    -0.754     -0.754       -0.527
[ DASS7_1  ]                      32.039     0.789      0.789        0.462
[ DASS4_1$ ]                      10.937    -0.408     -0.408       -0.198
[ DASS6_1$ ]                      12.552     0.323      0.323        0.226
[ DASS6_1$ ]                      27.695     0.617      0.617        0.431
[ DASS7_1$ ]                      19.993    -0.439     -0.439       -0.257
[ DASS7_1$ ]                      10.203    -0.369     -0.369       -0.216



SAVEDATA INFORMATION


  Difference testing

  Save file
    dass1_parent_gender_inv_scalar.dat
  Save format      Free

     Beginning Time:  20:51:19
        Ending Time:  20:51:19
       Elapsed Time:  00:00:00



MUTHEN & MUTHEN
3463 Stoner Ave.
Los Angeles, CA  90066

Tel: (310) 391-9971
Fax: (310) 391-8971
Web: www.StatModel.com
Support: Support@StatModel.com

Copyright (c) 1998-2019 Muthen & Muthen
