Mplus VERSION 8.4 (Mac)
MUTHEN & MUTHEN
10/27/2023   8:51 PM

INPUT INSTRUCTIONS

  Title: Parent DASS Age Measurement Invariance Metric Model;

  Data:
     File is dass_parent_1.txt;

  Variable:
     Names are studentid treatment female age_w dass1_1 dass2_1 dass3_1
     dass4_1 dass5_1 dass6_1 dass7_1 half;
     Missing are . ;

    Usevariable are
  	dass1_1 dass2_1 dass3_1 dass4_1 dass5_1 dass6_1 dass7_1 age_c;

    Categorical is
  	dass1_1 dass2_1 dass3_1 dass4_1 dass5_1 dass6_1 dass7_1;

    Group is age_c (1 = Older 0 = Younger);

  Define:
  	age_c = 0;
  	if(age_w ge 40) then age_c = 1;

  Analysis:
     Estimator = wlsmv;
     Parameterization = theta;
     Difftest = dass1_parent_age_inv_config.dat


  !!! Model for Younger Parents !!!

  Model:
    ! Factor loadings all freely estimated
    dassp_1 by
      dass1_1-dass7_1* (L1-L7);

    dass1_1 with dass2_1;
    dass6_1 with dass7_1;

    !estimating thresholds freely
    [dass1_1$1-dass7_1$1*] (T1_1-T1_7);
    [dass1_1$2-dass7_1$2*] (T2_1-T2_7);
    [dass1_1$3-dass7_1$3*] (T3_1-T3_7);

    !constraining item residual variance to 1 for identification
    dass1_1-dass7_1@1;

    !fixing latent mean to zero for identification
    [dassp_1@0];

    !fixing latent variance to one for identification
    dassp_1@1;

  !!! Model for Older Parents !!!

  Model Older:
    ! Factor loadings constrained to *be equal to the comparison group*
    dassp_1 by dass1_1-dass7_1* (L1-L7);

    dass1_1 with dass2_1;
    dass6_1 with dass7_1;

    ! estimating thresholds freely
    [dass1_1$1-dass7_1$1*];
    [dass1_1$2-dass7_1$2*];
    [dass1_1$3-dass7_1$3*];

    ! constraining item residual variance to 1 for identification
    dass1_1-dass7_1@1;

    ! fixing latent factor mean to zero for identification
    [dassp_1@0];

    ! latent factor variance *estimated*
    dassp_1*;

  Output: sampstat stdyx modindices(all);
  Savedata: Difftest is dass1_parent_age_inv_metric.dat;



INPUT READING TERMINATED NORMALLY



Parent DASS Age Measurement Invariance Metric Model;

SUMMARY OF ANALYSIS

Number of groups                                                 2
Number of observations
   Group YOUNGER                                              1253
   Group OLDER                                                1322
   Total sample size                                          2575

Number of dependent variables                                    7
Number of independent variables                                  0
Number of continuous latent variables                            1

Observed dependent variables

  Binary and ordered categorical (ordinal)
   DASS1_1     DASS2_1     DASS3_1     DASS4_1     DASS5_1     DASS6_1
   DASS7_1

Continuous latent variables
   DASSP_1

Variables with special functions

  Grouping variable     AGE_C

Estimator                                                    WLSMV
Maximum number of iterations                                  1000
Convergence criterion                                    0.500D-04
Maximum number of steepest descent iterations                   20
Maximum number of iterations for H1                           2000
Convergence criterion for H1                             0.100D-03
Parameterization                                             THETA
Link                                                        PROBIT

Input data file(s)
  dass_parent_1.txt

Input data format  FREE


SUMMARY OF DATA

   Group YOUNGER
     Number of missing data patterns             1

   Group OLDER
     Number of missing data patterns             1


COVARIANCE COVERAGE OF DATA

Minimum covariance coverage value   0.100


     PROPORTION OF DATA PRESENT FOR YOUNGER


           Covariance Coverage
              DASS1_1       DASS2_1       DASS3_1       DASS4_1       DASS5_1
              ________      ________      ________      ________      ________
 DASS1_1        1.000
 DASS2_1        1.000         1.000
 DASS3_1        1.000         1.000         1.000
 DASS4_1        1.000         1.000         1.000         1.000
 DASS5_1        1.000         1.000         1.000         1.000         1.000
 DASS6_1        1.000         1.000         1.000         1.000         1.000
 DASS7_1        1.000         1.000         1.000         1.000         1.000


           Covariance Coverage
              DASS6_1       DASS7_1
              ________      ________
 DASS6_1        1.000
 DASS7_1        1.000         1.000


     PROPORTION OF DATA PRESENT FOR OLDER


           Covariance Coverage
              DASS1_1       DASS2_1       DASS3_1       DASS4_1       DASS5_1
              ________      ________      ________      ________      ________
 DASS1_1        1.000
 DASS2_1        1.000         1.000
 DASS3_1        1.000         1.000         1.000
 DASS4_1        1.000         1.000         1.000         1.000
 DASS5_1        1.000         1.000         1.000         1.000         1.000
 DASS6_1        1.000         1.000         1.000         1.000         1.000
 DASS7_1        1.000         1.000         1.000         1.000         1.000


           Covariance Coverage
              DASS6_1       DASS7_1
              ________      ________
 DASS6_1        1.000
 DASS7_1        1.000         1.000


UNIVARIATE PROPORTIONS AND COUNTS FOR CATEGORICAL VARIABLES

  Group YOUNGER
    DASS1_1
      Category 1    0.158          198.000
      Category 2    0.441          552.000
      Category 3    0.246          308.000
      Category 4    0.156          195.000
    DASS2_1
      Category 1    0.141          177.000
      Category 2    0.460          577.000
      Category 3    0.287          360.000
      Category 4    0.111          139.000
    DASS3_1
      Category 1    0.128          161.000
      Category 2    0.381          478.000
      Category 3    0.318          399.000
      Category 4    0.172          215.000
    DASS4_1
      Category 1    0.114          143.000
      Category 2    0.437          547.000
      Category 3    0.315          395.000
      Category 4    0.134          168.000
    DASS5_1
      Category 1    0.163          204.000
      Category 2    0.402          504.000
      Category 3    0.283          354.000
      Category 4    0.152          191.000
    DASS6_1
      Category 1    0.227          284.000
      Category 2    0.486          609.000
      Category 3    0.227          284.000
      Category 4    0.061           76.000
    DASS7_1
      Category 1    0.187          234.000
      Category 2    0.432          541.000
      Category 3    0.285          357.000
      Category 4    0.097          121.000

  Group OLDER
    DASS1_1
      Category 1    0.120          158.000
      Category 2    0.445          588.000
      Category 3    0.266          352.000
      Category 4    0.169          224.000
    DASS2_1
      Category 1    0.114          151.000
      Category 2    0.475          628.000
      Category 3    0.275          363.000
      Category 4    0.136          180.000
    DASS3_1
      Category 1    0.107          142.000
      Category 2    0.374          495.000
      Category 3    0.323          427.000
      Category 4    0.195          258.000
    DASS4_1
      Category 1    0.095          125.000
      Category 2    0.470          622.000
      Category 3    0.279          369.000
      Category 4    0.156          206.000
    DASS5_1
      Category 1    0.142          188.000
      Category 2    0.402          531.000
      Category 3    0.287          379.000
      Category 4    0.169          224.000
    DASS6_1
      Category 1    0.203          269.000
      Category 2    0.507          670.000
      Category 3    0.201          266.000
      Category 4    0.089          117.000
    DASS7_1
      Category 1    0.144          190.000
      Category 2    0.447          591.000
      Category 3    0.274          362.000
      Category 4    0.135          179.000


SAMPLE STATISTICS


     ESTIMATED SAMPLE STATISTICS FOR YOUNGER


           MEANS/INTERCEPTS/THRESHOLDS
              DASS1_1$      DASS1_1$      DASS1_1$      DASS2_1$      DASS2_1$
              ________      ________      ________      ________      ________
               -1.003         0.250         1.013        -1.075         0.258


           MEANS/INTERCEPTS/THRESHOLDS
              DASS2_1$      DASS3_1$      DASS3_1$      DASS3_1$      DASS4_1$
              ________      ________      ________      ________      ________
                1.222        -1.134         0.025         0.948        -1.205


           MEANS/INTERCEPTS/THRESHOLDS
              DASS4_1$      DASS4_1$      DASS5_1$      DASS5_1$      DASS5_1$
              ________      ________      ________      ________      ________
                0.127         1.107        -0.983         0.164         1.026


           MEANS/INTERCEPTS/THRESHOLDS
              DASS6_1$      DASS6_1$      DASS6_1$      DASS7_1$      DASS7_1$
              ________      ________      ________      ________      ________
               -0.750         0.561         1.549        -0.890         0.302


           MEANS/INTERCEPTS/THRESHOLDS
              DASS7_1$
              ________
                1.301


           CORRELATION MATRIX (WITH VARIANCES ON THE DIAGONAL)
              DASS1_1       DASS2_1       DASS3_1       DASS4_1       DASS5_1
              ________      ________      ________      ________      ________
 DASS1_1
 DASS2_1        0.743
 DASS3_1        0.693         0.744
 DASS4_1        0.659         0.679         0.762
 DASS5_1        0.663         0.630         0.709         0.732
 DASS6_1        0.509         0.583         0.589         0.593         0.600
 DASS7_1        0.628         0.645         0.703         0.697         0.691


           CORRELATION MATRIX (WITH VARIANCES ON THE DIAGONAL)
              DASS6_1       DASS7_1
              ________      ________
 DASS7_1        0.656


     ESTIMATED SAMPLE STATISTICS FOR OLDER


           MEANS/INTERCEPTS/THRESHOLDS
              DASS1_1$      DASS1_1$      DASS1_1$      DASS2_1$      DASS2_1$
              ________      ________      ________      ________      ________
               -1.177         0.162         0.956        -1.204         0.226


           MEANS/INTERCEPTS/THRESHOLDS
              DASS2_1$      DASS3_1$      DASS3_1$      DASS3_1$      DASS4_1$
              ________      ________      ________      ________      ________
                1.098        -1.240        -0.046         0.859        -1.313


           MEANS/INTERCEPTS/THRESHOLDS
              DASS4_1$      DASS4_1$      DASS5_1$      DASS5_1$      DASS5_1$
              ________      ________      ________      ________      ________
                0.164         1.012        -1.070         0.110         0.956


           MEANS/INTERCEPTS/THRESHOLDS
              DASS6_1$      DASS6_1$      DASS6_1$      DASS7_1$      DASS7_1$
              ________      ________      ________      ________      ________
               -0.829         0.554         1.350        -1.064         0.230


           MEANS/INTERCEPTS/THRESHOLDS
              DASS7_1$
              ________
                1.101


           CORRELATION MATRIX (WITH VARIANCES ON THE DIAGONAL)
              DASS1_1       DASS2_1       DASS3_1       DASS4_1       DASS5_1
              ________      ________      ________      ________      ________
 DASS1_1
 DASS2_1        0.765
 DASS3_1        0.695         0.767
 DASS4_1        0.692         0.725         0.815
 DASS5_1        0.660         0.675         0.770         0.794
 DASS6_1        0.541         0.606         0.671         0.650         0.655
 DASS7_1        0.604         0.679         0.749         0.716         0.733


           CORRELATION MATRIX (WITH VARIANCES ON THE DIAGONAL)
              DASS6_1       DASS7_1
              ________      ________
 DASS7_1        0.698


THE MODEL ESTIMATION TERMINATED NORMALLY



MODEL FIT INFORMATION

Number of Free Parameters                       54

Chi-Square Test of Model Fit

          Value                            116.850*
          Degrees of Freedom                    30
          P-Value                           0.0000

Chi-Square Contribution From Each Group

          YOUNGER                           62.613
          OLDER                             54.237

Chi-Square Test for Difference Testing

          Value                             16.982*
          Degrees of Freedom                     6
          P-Value                           0.0093

*   The chi-square value for MLM, MLMV, MLR, ULSMV, WLSM and WLSMV cannot be used
    for chi-square difference testing in the regular way.  MLM, MLR and WLSM
    chi-square difference testing is described on the Mplus website.  MLMV, WLSMV,
    and ULSMV difference testing is done using the DIFFTEST option.  The DIFFTEST
    option assumes the models are nested.  The NESTED option can be used to verify
    that the models are nested.

RMSEA (Root Mean Square Error Of Approximation)

          Estimate                           0.047
          90 Percent C.I.                    0.039  0.057
          Probability RMSEA <= .05           0.664

CFI/TLI

          CFI                                0.998
          TLI                                0.997

Chi-Square Test of Model Fit for the Baseline Model

          Value                          41631.974
          Degrees of Freedom                    42
          P-Value                           0.0000

SRMR (Standardized Root Mean Square Residual)

          Value                              0.013

Optimum Function Value for Weighted Least-Squares Estimator

          Value                     0.12618090D-01



MODEL RESULTS

                                                    Two-Tailed
                    Estimate       S.E.  Est./S.E.    P-Value

Group YOUNGER

 DASSP_1  BY
    DASS1_1            1.143      0.040     28.747      0.000
    DASS2_1            1.334      0.046     28.951      0.000
    DASS3_1            1.950      0.071     27.518      0.000
    DASS4_1            1.762      0.059     29.947      0.000
    DASS5_1            1.553      0.052     29.979      0.000
    DASS6_1            0.977      0.035     27.597      0.000
    DASS7_1            1.343      0.045     30.023      0.000

 DASS1_1  WITH
    DASS2_1            0.357      0.027     13.352      0.000

 DASS6_1  WITH
    DASS7_1            0.224      0.031      7.343      0.000

 Means
    DASSP_1            0.000      0.000    999.000    999.000

 Thresholds
    DASS1_1$1         -1.523      0.063    -24.097      0.000
    DASS1_1$2          0.379      0.054      6.964      0.000
    DASS1_1$3          1.538      0.064     24.096      0.000
    DASS2_1$1         -1.792      0.073    -24.706      0.000
    DASS2_1$2          0.430      0.060      7.167      0.000
    DASS2_1$3          2.037      0.077     26.453      0.000
    DASS3_1$1         -2.484      0.101    -24.628      0.000
    DASS3_1$2          0.055      0.078      0.706      0.480
    DASS3_1$3          2.077      0.092     22.634      0.000
    DASS4_1$1         -2.442      0.091    -26.782      0.000
    DASS4_1$2          0.258      0.072      3.586      0.000
    DASS4_1$3          2.244      0.089     25.325      0.000
    DASS5_1$1         -1.815      0.076    -23.946      0.000
    DASS5_1$2          0.303      0.066      4.595      0.000
    DASS5_1$3          1.895      0.077     24.545      0.000
    DASS6_1$1         -1.049      0.054    -19.425      0.000
    DASS6_1$2          0.785      0.053     14.854      0.000
    DASS6_1$3          2.166      0.077     28.280      0.000
    DASS7_1$1         -1.490      0.067    -22.323      0.000
    DASS7_1$2          0.505      0.060      8.352      0.000
    DASS7_1$3          2.180      0.079     27.694      0.000

 Variances
    DASSP_1            1.000      0.000    999.000    999.000

 Residual Variances
    DASS1_1            1.000      0.000    999.000    999.000
    DASS2_1            1.000      0.000    999.000    999.000
    DASS3_1            1.000      0.000    999.000    999.000
    DASS4_1            1.000      0.000    999.000    999.000
    DASS5_1            1.000      0.000    999.000    999.000
    DASS6_1            1.000      0.000    999.000    999.000
    DASS7_1            1.000      0.000    999.000    999.000

Group OLDER

 DASSP_1  BY
    DASS1_1            1.143      0.040     28.747      0.000
    DASS2_1            1.334      0.046     28.951      0.000
    DASS3_1            1.950      0.071     27.518      0.000
    DASS4_1            1.762      0.059     29.947      0.000
    DASS5_1            1.553      0.052     29.979      0.000
    DASS6_1            0.977      0.035     27.597      0.000
    DASS7_1            1.343      0.045     30.023      0.000

 DASS1_1  WITH
    DASS2_1            0.340      0.032     10.477      0.000

 DASS6_1  WITH
    DASS7_1            0.244      0.030      8.020      0.000

 Means
    DASSP_1            0.000      0.000    999.000    999.000

 Thresholds
    DASS1_1$1         -1.886      0.072    -26.028      0.000
    DASS1_1$2          0.259      0.056      4.662      0.000
    DASS1_1$3          1.532      0.065     23.508      0.000
    DASS2_1$1         -2.132      0.080    -26.579      0.000
    DASS2_1$2          0.399      0.062      6.477      0.000
    DASS2_1$3          1.943      0.075     25.975      0.000
    DASS3_1$1         -2.924      0.107    -27.232      0.000
    DASS3_1$2         -0.107      0.081     -1.319      0.187
    DASS3_1$3          2.026      0.094     21.649      0.000
    DASS4_1$1         -2.854      0.103    -27.790      0.000
    DASS4_1$2          0.356      0.076      4.715      0.000
    DASS4_1$3          2.200      0.088     25.037      0.000
    DASS5_1$1         -2.111      0.083    -25.334      0.000
    DASS5_1$2          0.217      0.068      3.189      0.001
    DASS5_1$3          1.886      0.079     23.838      0.000
    DASS6_1$1         -1.215      0.056    -21.585      0.000
    DASS6_1$2          0.811      0.053     15.184      0.000
    DASS6_1$3          1.977      0.069     28.460      0.000
    DASS7_1$1         -1.892      0.075    -25.345      0.000
    DASS7_1$2          0.408      0.062      6.578      0.000
    DASS7_1$3          1.959      0.075     26.191      0.000

 Variances
    DASSP_1            1.199      0.086     13.927      0.000

 Residual Variances
    DASS1_1            1.000      0.000    999.000    999.000
    DASS2_1            1.000      0.000    999.000    999.000
    DASS3_1            1.000      0.000    999.000    999.000
    DASS4_1            1.000      0.000    999.000    999.000
    DASS5_1            1.000      0.000    999.000    999.000
    DASS6_1            1.000      0.000    999.000    999.000
    DASS7_1            1.000      0.000    999.000    999.000


STANDARDIZED MODEL RESULTS


STDYX Standardization

                                                    Two-Tailed
                    Estimate       S.E.  Est./S.E.    P-Value

Group YOUNGER

 DASSP_1  BY
    DASS1_1            0.753      0.011     66.333      0.000
    DASS2_1            0.800      0.010     80.462      0.000
    DASS3_1            0.890      0.007    132.171      0.000
    DASS4_1            0.870      0.007    122.959      0.000
    DASS5_1            0.841      0.008    102.269      0.000
    DASS6_1            0.699      0.013     53.963      0.000
    DASS7_1            0.802      0.010     84.184      0.000

 DASS1_1  WITH
    DASS2_1            0.357      0.027     13.352      0.000

 DASS6_1  WITH
    DASS7_1            0.224      0.031      7.343      0.000

 Means
    DASSP_1            0.000      0.000    999.000    999.000

 Thresholds
    DASS1_1$1         -1.003      0.043    -23.483      0.000
    DASS1_1$2          0.250      0.036      6.968      0.000
    DASS1_1$3          1.013      0.043     23.626      0.000
    DASS2_1$1         -1.075      0.044    -24.460      0.000
    DASS2_1$2          0.258      0.036      7.197      0.000
    DASS2_1$3          1.222      0.047     26.050      0.000
    DASS3_1$1         -1.133      0.045    -25.159      0.000
    DASS3_1$2          0.025      0.035      0.706      0.480
    DASS3_1$3          0.948      0.042     22.656      0.000
    DASS4_1$1         -1.205      0.047    -25.901      0.000
    DASS4_1$2          0.127      0.036      3.588      0.000
    DASS4_1$3          1.108      0.045     24.865      0.000
    DASS5_1$1         -0.983      0.042    -23.188      0.000
    DASS5_1$2          0.164      0.036      4.604      0.000
    DASS5_1$3          1.026      0.043     23.808      0.000
    DASS6_1$1         -0.750      0.039    -19.093      0.000
    DASS6_1$2          0.561      0.038     14.958      0.000
    DASS6_1$3          1.549      0.056     27.601      0.000
    DASS7_1$1         -0.890      0.041    -21.708      0.000
    DASS7_1$2          0.302      0.036      8.380      0.000
    DASS7_1$3          1.302      0.049     26.686      0.000

 Variances
    DASSP_1            1.000      0.000    999.000    999.000

 Residual Variances
    DASS1_1            0.433      0.017     25.367      0.000
    DASS2_1            0.360      0.016     22.612      0.000
    DASS3_1            0.208      0.012     17.377      0.000
    DASS4_1            0.244      0.012     19.795      0.000
    DASS5_1            0.293      0.014     21.206      0.000
    DASS6_1            0.511      0.018     28.241      0.000
    DASS7_1            0.357      0.015     23.333      0.000

Group OLDER

 DASSP_1  BY
    DASS1_1            0.781      0.011     70.618      0.000
    DASS2_1            0.825      0.009     91.271      0.000
    DASS3_1            0.906      0.006    160.132      0.000
    DASS4_1            0.888      0.006    146.961      0.000
    DASS5_1            0.862      0.007    118.320      0.000
    DASS6_1            0.731      0.012     60.783      0.000
    DASS7_1            0.827      0.009     95.089      0.000

 DASS1_1  WITH
    DASS2_1            0.340      0.032     10.477      0.000

 DASS6_1  WITH
    DASS7_1            0.244      0.030      8.020      0.000

 Means
    DASSP_1            0.000      0.000    999.000    999.000

 Thresholds
    DASS1_1$1         -1.177      0.045    -26.316      0.000
    DASS1_1$2          0.162      0.035      4.672      0.000
    DASS1_1$3          0.956      0.041     23.408      0.000
    DASS2_1$1         -1.205      0.045    -26.597      0.000
    DASS2_1$2          0.226      0.035      6.487      0.000
    DASS2_1$3          1.098      0.043     25.418      0.000
    DASS3_1$1         -1.240      0.046    -26.914      0.000
    DASS3_1$2         -0.046      0.034     -1.320      0.187
    DASS3_1$3          0.859      0.040     21.740      0.000
    DASS4_1$1         -1.313      0.048    -27.489      0.000
    DASS4_1$2          0.164      0.035      4.729      0.000
    DASS4_1$3          1.012      0.042     24.261      0.000
    DASS5_1$1         -1.070      0.043    -25.061      0.000
    DASS5_1$2          0.110      0.035      3.190      0.001
    DASS5_1$3          0.956      0.041     23.401      0.000
    DASS6_1$1         -0.829      0.039    -21.190      0.000
    DASS6_1$2          0.554      0.036     15.192      0.000
    DASS6_1$3          1.350      0.049     27.716      0.000
    DASS7_1$1         -1.064      0.043    -24.981      0.000
    DASS7_1$2          0.230      0.035      6.598      0.000
    DASS7_1$3          1.101      0.043     25.462      0.000

 Variances
    DASSP_1            1.000      0.000    999.000    999.000

 Residual Variances
    DASS1_1            0.389      0.017     22.526      0.000
    DASS2_1            0.319      0.015     21.395      0.000
    DASS3_1            0.180      0.010     17.561      0.000
    DASS4_1            0.212      0.011     19.735      0.000
    DASS5_1            0.257      0.013     20.465      0.000
    DASS6_1            0.466      0.018     26.534      0.000
    DASS7_1            0.316      0.014     21.984      0.000


R-SQUARE

Group YOUNGER

    Observed                                        Two-Tailed     Scale
    Variable        Estimate       S.E.  Est./S.E.    P-Value     Factors

    DASS1_1            0.567      0.017     33.166      0.000      0.658
    DASS2_1            0.640      0.016     40.231      0.000      0.600
    DASS3_1            0.792      0.012     66.085      0.000      0.456
    DASS4_1            0.756      0.012     61.479      0.000      0.494
    DASS5_1            0.707      0.014     51.135      0.000      0.541
    DASS6_1            0.489      0.018     26.981      0.000      0.715
    DASS7_1            0.643      0.015     42.092      0.000      0.597

Group OLDER

    Observed                                        Two-Tailed     Scale
    Variable        Estimate       S.E.  Est./S.E.    P-Value     Factors

    DASS1_1            0.611      0.017     35.309      0.000      0.624
    DASS2_1            0.681      0.015     45.636      0.000      0.565
    DASS3_1            0.820      0.010     80.066      0.000      0.424
    DASS4_1            0.788      0.011     73.480      0.000      0.460
    DASS5_1            0.743      0.013     59.160      0.000      0.507
    DASS6_1            0.534      0.018     30.392      0.000      0.683
    DASS7_1            0.684      0.014     47.545      0.000      0.562


QUALITY OF NUMERICAL RESULTS

     Condition Number for the Information Matrix              0.835E-02
       (ratio of smallest to largest eigenvalue)


MODEL MODIFICATION INDICES

Minimum M.I. value for printing the modification index    10.000

                                   M.I.     E.P.C.  Std E.P.C.  StdYX E.P.C.
Group YOUNGER


ON/BY Statements

DASS1_1  ON DASSP_1  /
DASSP_1  BY DASS1_1               20.430     0.076      0.076        0.050

ON Statements

DASSP_1  ON DASS1_1               24.150     0.220      0.220        0.334
DASS1_1  ON DASS2_1               20.395     0.205      0.205        0.225
DASS1_1  ON DASS3_1               19.743     0.076      0.076        0.110
DASS1_1  ON DASS4_1               13.373     0.067      0.067        0.090
DASS1_1  ON DASS5_1               21.073     0.092      0.092        0.111
DASS1_1  ON DASS7_1               16.252     0.086      0.086        0.095
DASS3_1  ON DASS5_1               16.337    -0.152     -0.152       -0.128
DASS3_1  ON DASS6_1               10.541    -0.136     -0.136       -0.087
DASS4_1  ON DASS4_1              999.000     0.000      0.000        0.000
DASS5_1  ON DASS3_1               10.843    -0.084     -0.084       -0.100
DASS7_1  ON DASS7_1              999.000     0.000      0.000        0.000

WITH Statements

DASS1_1  WITH DASSP_1             20.430     0.190      0.190        0.190
DASS3_1  WITH DASS2_1             11.183     0.159      0.159        0.159
DASS5_1  WITH DASS2_1             11.635    -0.160     -0.160       -0.160
DASS5_1  WITH DASS3_1             16.133    -0.214     -0.214       -0.214

Variances/Residual Variances

DASS1_1                           20.382    -0.332     -0.332       -0.144

Group OLDER


ON/BY Statements

DASS1_1  ON DASSP_1  /
DASSP_1  BY DASS1_1               20.416    -0.114     -0.124       -0.078

ON Statements

DASSP_1  ON DASS1_1               24.023    -0.262     -0.240       -0.384
DASS1_1  ON DASS2_1               20.447    -0.201     -0.201       -0.222
DASS1_1  ON DASS3_1               16.836    -0.072     -0.072       -0.106
DASS1_1  ON DASS4_1               13.383    -0.069     -0.069       -0.094
DASS1_1  ON DASS5_1               15.203    -0.080     -0.080       -0.099
DASS1_1  ON DASS6_1               21.108    -0.123     -0.123       -0.112
DASS1_1  ON DASS7_1               25.262    -0.112     -0.112       -0.124
DASS4_1  ON DASS5_1               14.902     0.125      0.125        0.114
DASS5_1  ON DASS4_1               10.654     0.086      0.086        0.095
DASS5_1  ON DASS5_1              999.000     0.000      0.000        0.000
DASS5_1  ON DASS6_1               10.165     0.110      0.110        0.082

WITH Statements

DASS1_1  WITH DASSP_1             20.416    -0.228     -0.208       -0.208
DASS3_1  WITH DASS2_1             10.756     0.174      0.174        0.174
DASS5_1  WITH DASS2_1             11.794    -0.181     -0.181       -0.181
DASS5_1  WITH DASS4_1             14.678     0.196      0.196        0.196

Variances/Residual Variances

DASS1_1                           20.292     0.331      0.331        0.129



SAVEDATA INFORMATION


  Difference testing

  Save file
    dass1_parent_age_inv_metric.dat
  Save format      Free

     Beginning Time:  20:51:22
        Ending Time:  20:51:23
       Elapsed Time:  00:00:01



MUTHEN & MUTHEN
3463 Stoner Ave.
Los Angeles, CA  90066

Tel: (310) 391-9971
Fax: (310) 391-8971
Web: www.StatModel.com
Support: Support@StatModel.com

Copyright (c) 1998-2019 Muthen & Muthen
