Mplus VERSION 8.4 (Mac)
MUTHEN & MUTHEN
10/27/2023   8:51 PM

INPUT INSTRUCTIONS

  Title: Parent DASS Treatment Measurement Invariance Scalar Model;

  Data:
     File is dass_parent_1.txt;

  Variable:
     Names are studentid treatment female age_w dass1_1 dass2_1 dass3_1
     dass4_1 dass5_1 dass6_1 dass7_1 half;
     Missing are . ;

    Usevariable are
  	dass1_1 dass2_1 dass3_1 dass4_1 dass5_1 dass6_1 dass7_1;

    Categorical is
  	dass1_1 dass2_1 dass3_1 dass4_1 dass5_1 dass6_1 dass7_1;

    Group is treatment (1 = Treated 0 = Control);

  Analysis:
     Estimator = wlsmv;
     Parameterization = theta;
     Difftest = dass1_parent_tx_inv_metric.dat


  !!! Model for Control Group !!!

  Model:
    ! Factor loadings all freely estimated
    dassp_1 by
      dass1_1-dass7_1* (L1-L7);

    dass1_1 with dass2_1;
    dass6_1 with dass7_1;

    !estimating thresholds freely
    [dass1_1$1-dass7_1$1*] (T1_1-T1_7);
    [dass1_1$2-dass7_1$2*] (T2_1-T2_7);
    [dass1_1$3-dass7_1$3*] (T3_1-T3_7);

    !constraining item residual variance to 1 for identification
    dass1_1-dass7_1@1;

    !fixing latent mean to zero for identification
    [dassp_1@0];

    !fixing latent variance to one for identification
    dassp_1@1;

  !!! Model for Treatment Group !!!

  Model Treated:
    ! Factor loadings constrained to *be equal to the control group*
    dassp_1 by dass1_1-dass7_1* (L1-L7);

    dass1_1 with dass2_1;
    dass6_1 with dass7_1;

    ! *thresholds held equal to the control group when left blank*

    ! constraining item residual variance to 1 for identification
    dass1_1-dass7_1@1;

    ! latent factor mean *estimated*
    [dassp_1*];

    ! latent factor variance *estimated*
    dassp_1*;

  Output: sampstat stdyx modindices(all);
  Savedata: Difftest is dass1_parent_tx_inv_scalar.dat;



INPUT READING TERMINATED NORMALLY



Parent DASS Treatment Measurement Invariance Scalar Model;

SUMMARY OF ANALYSIS

Number of groups                                                 2
Number of observations
   Group CONTROL                                              1287
   Group TREATED                                              1288
   Total sample size                                          2575

Number of dependent variables                                    7
Number of independent variables                                  0
Number of continuous latent variables                            1

Observed dependent variables

  Binary and ordered categorical (ordinal)
   DASS1_1     DASS2_1     DASS3_1     DASS4_1     DASS5_1     DASS6_1
   DASS7_1

Continuous latent variables
   DASSP_1

Variables with special functions

  Grouping variable     TREATMEN

Estimator                                                    WLSMV
Maximum number of iterations                                  1000
Convergence criterion                                    0.500D-04
Maximum number of steepest descent iterations                   20
Maximum number of iterations for H1                           2000
Convergence criterion for H1                             0.100D-03
Parameterization                                             THETA
Link                                                        PROBIT

Input data file(s)
  dass_parent_1.txt

Input data format  FREE


SUMMARY OF DATA

   Group CONTROL
     Number of missing data patterns             1

   Group TREATED
     Number of missing data patterns             1


COVARIANCE COVERAGE OF DATA

Minimum covariance coverage value   0.100


     PROPORTION OF DATA PRESENT FOR CONTROL


           Covariance Coverage
              DASS1_1       DASS2_1       DASS3_1       DASS4_1       DASS5_1
              ________      ________      ________      ________      ________
 DASS1_1        1.000
 DASS2_1        1.000         1.000
 DASS3_1        1.000         1.000         1.000
 DASS4_1        1.000         1.000         1.000         1.000
 DASS5_1        1.000         1.000         1.000         1.000         1.000
 DASS6_1        1.000         1.000         1.000         1.000         1.000
 DASS7_1        1.000         1.000         1.000         1.000         1.000


           Covariance Coverage
              DASS6_1       DASS7_1
              ________      ________
 DASS6_1        1.000
 DASS7_1        1.000         1.000


     PROPORTION OF DATA PRESENT FOR TREATED


           Covariance Coverage
              DASS1_1       DASS2_1       DASS3_1       DASS4_1       DASS5_1
              ________      ________      ________      ________      ________
 DASS1_1        1.000
 DASS2_1        1.000         1.000
 DASS3_1        1.000         1.000         1.000
 DASS4_1        1.000         1.000         1.000         1.000
 DASS5_1        1.000         1.000         1.000         1.000         1.000
 DASS6_1        1.000         1.000         1.000         1.000         1.000
 DASS7_1        1.000         1.000         1.000         1.000         1.000


           Covariance Coverage
              DASS6_1       DASS7_1
              ________      ________
 DASS6_1        1.000
 DASS7_1        1.000         1.000


UNIVARIATE PROPORTIONS AND COUNTS FOR CATEGORICAL VARIABLES

  Group CONTROL
    DASS1_1
      Category 1    0.144          185.000
      Category 2    0.446          574.000
      Category 3    0.261          336.000
      Category 4    0.149          192.000
    DASS2_1
      Category 1    0.128          165.000
      Category 2    0.462          594.000
      Category 3    0.303          390.000
      Category 4    0.107          138.000
    DASS3_1
      Category 1    0.116          149.000
      Category 2    0.365          470.000
      Category 3    0.347          447.000
      Category 4    0.172          221.000
    DASS4_1
      Category 1    0.114          147.000
      Category 2    0.434          559.000
      Category 3    0.307          395.000
      Category 4    0.145          186.000
    DASS5_1
      Category 1    0.162          209.000
      Category 2    0.406          522.000
      Category 3    0.285          367.000
      Category 4    0.147          189.000
    DASS6_1
      Category 1    0.221          284.000
      Category 2    0.499          642.000
      Category 3    0.205          264.000
      Category 4    0.075           97.000
    DASS7_1
      Category 1    0.167          215.000
      Category 2    0.436          561.000
      Category 3    0.290          373.000
      Category 4    0.107          138.000

  Group TREATED
    DASS1_1
      Category 1    0.133          171.000
      Category 2    0.439          566.000
      Category 3    0.252          324.000
      Category 4    0.176          227.000
    DASS2_1
      Category 1    0.127          163.000
      Category 2    0.474          611.000
      Category 3    0.259          333.000
      Category 4    0.141          181.000
    DASS3_1
      Category 1    0.120          154.000
      Category 2    0.391          503.000
      Category 3    0.294          379.000
      Category 4    0.196          252.000
    DASS4_1
      Category 1    0.094          121.000
      Category 2    0.474          610.000
      Category 3    0.286          369.000
      Category 4    0.146          188.000
    DASS5_1
      Category 1    0.142          183.000
      Category 2    0.398          513.000
      Category 3    0.284          366.000
      Category 4    0.175          226.000
    DASS6_1
      Category 1    0.209          269.000
      Category 2    0.495          637.000
      Category 3    0.222          286.000
      Category 4    0.075           96.000
    DASS7_1
      Category 1    0.162          209.000
      Category 2    0.443          571.000
      Category 3    0.269          346.000
      Category 4    0.126          162.000


SAMPLE STATISTICS


     ESTIMATED SAMPLE STATISTICS FOR CONTROL


           MEANS/INTERCEPTS/THRESHOLDS
              DASS1_1$      DASS1_1$      DASS1_1$      DASS2_1$      DASS2_1$
              ________      ________      ________      ________      ________
               -1.064         0.227         1.040        -1.135         0.227


           MEANS/INTERCEPTS/THRESHOLDS
              DASS2_1$      DASS3_1$      DASS3_1$      DASS3_1$      DASS4_1$
              ________      ________      ________      ________      ________
                1.241        -1.196        -0.048         0.947        -1.204


           MEANS/INTERCEPTS/THRESHOLDS
              DASS4_1$      DASS4_1$      DASS5_1$      DASS5_1$      DASS5_1$
              ________      ________      ________      ________      ________
                0.122         1.060        -0.985         0.171         1.050


           MEANS/INTERCEPTS/THRESHOLDS
              DASS6_1$      DASS6_1$      DASS6_1$      DASS7_1$      DASS7_1$
              ________      ________      ________      ________      ________
               -0.770         0.581         1.437        -0.966         0.261


           MEANS/INTERCEPTS/THRESHOLDS
              DASS7_1$
              ________
                1.241


           CORRELATION MATRIX (WITH VARIANCES ON THE DIAGONAL)
              DASS1_1       DASS2_1       DASS3_1       DASS4_1       DASS5_1
              ________      ________      ________      ________      ________
 DASS1_1
 DASS2_1        0.758
 DASS3_1        0.691         0.726
 DASS4_1        0.673         0.673         0.780
 DASS5_1        0.665         0.629         0.743         0.749
 DASS6_1        0.554         0.591         0.656         0.634         0.622
 DASS7_1        0.610         0.652         0.722         0.702         0.722


           CORRELATION MATRIX (WITH VARIANCES ON THE DIAGONAL)
              DASS6_1       DASS7_1
              ________      ________
 DASS7_1        0.697


     ESTIMATED SAMPLE STATISTICS FOR TREATED


           MEANS/INTERCEPTS/THRESHOLDS
              DASS1_1$      DASS1_1$      DASS1_1$      DASS2_1$      DASS2_1$
              ________      ________      ________      ________      ________
               -1.113         0.182         0.930        -1.143         0.256


           MEANS/INTERCEPTS/THRESHOLDS
              DASS2_1$      DASS3_1$      DASS3_1$      DASS3_1$      DASS4_1$
              ________      ________      ________      ________      ________
                1.078        -1.177         0.025         0.857        -1.317


           MEANS/INTERCEPTS/THRESHOLDS
              DASS4_1$      DASS4_1$      DASS5_1$      DASS5_1$      DASS5_1$
              ________      ________      ________      ________      ________
                0.170         1.054        -1.071         0.101         0.933


           MEANS/INTERCEPTS/THRESHOLDS
              DASS6_1$      DASS6_1$      DASS6_1$      DASS7_1$      DASS7_1$
              ________      ________      ________      ________      ________
               -0.810         0.534         1.443        -0.985         0.268


           MEANS/INTERCEPTS/THRESHOLDS
              DASS7_1$
              ________
                1.147


           CORRELATION MATRIX (WITH VARIANCES ON THE DIAGONAL)
              DASS1_1       DASS2_1       DASS3_1       DASS4_1       DASS5_1
              ________      ________      ________      ________      ________
 DASS1_1
 DASS2_1        0.753
 DASS3_1        0.699         0.785
 DASS4_1        0.676         0.732         0.800
 DASS5_1        0.656         0.678         0.740         0.779
 DASS6_1        0.498         0.601         0.610         0.612         0.638
 DASS7_1        0.623         0.675         0.732         0.710         0.703


           CORRELATION MATRIX (WITH VARIANCES ON THE DIAGONAL)
              DASS6_1       DASS7_1
              ________      ________
 DASS7_1        0.663


THE MODEL ESTIMATION TERMINATED NORMALLY



MODEL FIT INFORMATION

Number of Free Parameters                       34

Chi-Square Test of Model Fit

          Value                            164.345*
          Degrees of Freedom                    50
          P-Value                           0.0000

Chi-Square Contribution From Each Group

          CONTROL                           70.327
          TREATED                           94.018

Chi-Square Test for Difference Testing

          Value                             37.648*
          Degrees of Freedom                    20
          P-Value                           0.0098

*   The chi-square value for MLM, MLMV, MLR, ULSMV, WLSM and WLSMV cannot be used
    for chi-square difference testing in the regular way.  MLM, MLR and WLSM
    chi-square difference testing is described on the Mplus website.  MLMV, WLSMV,
    and ULSMV difference testing is done using the DIFFTEST option.  The DIFFTEST
    option assumes the models are nested.  The NESTED option can be used to verify
    that the models are nested.

RMSEA (Root Mean Square Error Of Approximation)

          Estimate                           0.042
          90 Percent C.I.                    0.035  0.049
          Probability RMSEA <= .05           0.963

CFI/TLI

          CFI                                0.997
          TLI                                0.998

Chi-Square Test of Model Fit for the Baseline Model

          Value                          41303.470
          Degrees of Freedom                    42
          P-Value                           0.0000

SRMR (Standardized Root Mean Square Residual)

          Value                              0.016

Optimum Function Value for Weighted Least-Squares Estimator

          Value                     0.18809205D-01



MODEL RESULTS

                                                    Two-Tailed
                    Estimate       S.E.  Est./S.E.    P-Value

Group CONTROL

 DASSP_1  BY
    DASS1_1            1.179      0.041     28.601      0.000
    DASS2_1            1.394      0.049     28.672      0.000
    DASS3_1            2.021      0.071     28.574      0.000
    DASS4_1            1.812      0.059     30.787      0.000
    DASS5_1            1.607      0.052     31.074      0.000
    DASS6_1            1.016      0.036     28.510      0.000
    DASS7_1            1.384      0.045     30.755      0.000

 DASS1_1  WITH
    DASS2_1            0.366      0.030     12.283      0.000

 DASS6_1  WITH
    DASS7_1            0.291      0.031      9.516      0.000

 Means
    DASSP_1            0.000      0.000    999.000    999.000

 Thresholds
    DASS1_1$1         -1.672      0.054    -30.671      0.000
    DASS1_1$2          0.343      0.047      7.374      0.000
    DASS1_1$3          1.558      0.053     29.568      0.000
    DASS2_1$1         -1.943      0.063    -30.730      0.000
    DASS2_1$2          0.446      0.052      8.538      0.000
    DASS2_1$3          2.030      0.063     32.101      0.000
    DASS3_1$1         -2.663      0.088    -30.116      0.000
    DASS3_1$2          0.015      0.070      0.210      0.834
    DASS3_1$3          2.097      0.080     26.077      0.000
    DASS4_1$1         -2.592      0.079    -32.972      0.000
    DASS4_1$2          0.342      0.064      5.329      0.000
    DASS4_1$3          2.247      0.075     30.094      0.000
    DASS5_1$1         -1.928      0.066    -29.183      0.000
    DASS5_1$2          0.294      0.058      5.048      0.000
    DASS5_1$3          1.926      0.066     29.346      0.000
    DASS6_1$1         -1.113      0.044    -25.021      0.000
    DASS6_1$2          0.821      0.044     18.536      0.000
    DASS6_1$3          2.087      0.057     36.636      0.000
    DASS7_1$1         -1.652      0.058    -28.540      0.000
    DASS7_1$2          0.484      0.052      9.241      0.000
    DASS7_1$3          2.084      0.062     33.391      0.000

 Variances
    DASSP_1            1.000      0.000    999.000    999.000

 Residual Variances
    DASS1_1            1.000      0.000    999.000    999.000
    DASS2_1            1.000      0.000    999.000    999.000
    DASS3_1            1.000      0.000    999.000    999.000
    DASS4_1            1.000      0.000    999.000    999.000
    DASS5_1            1.000      0.000    999.000    999.000
    DASS6_1            1.000      0.000    999.000    999.000
    DASS7_1            1.000      0.000    999.000    999.000

Group TREATED

 DASSP_1  BY
    DASS1_1            1.179      0.041     28.601      0.000
    DASS2_1            1.394      0.049     28.672      0.000
    DASS3_1            2.021      0.071     28.574      0.000
    DASS4_1            1.812      0.059     30.787      0.000
    DASS5_1            1.607      0.052     31.074      0.000
    DASS6_1            1.016      0.036     28.510      0.000
    DASS7_1            1.384      0.045     30.755      0.000

 DASS1_1  WITH
    DASS2_1            0.330      0.029     11.519      0.000

 DASS6_1  WITH
    DASS7_1            0.182      0.030      5.974      0.000

 Means
    DASSP_1            0.042      0.042      0.983      0.326

 Thresholds
    DASS1_1$1         -1.672      0.054    -30.671      0.000
    DASS1_1$2          0.343      0.047      7.374      0.000
    DASS1_1$3          1.558      0.053     29.568      0.000
    DASS2_1$1         -1.943      0.063    -30.730      0.000
    DASS2_1$2          0.446      0.052      8.538      0.000
    DASS2_1$3          2.030      0.063     32.101      0.000
    DASS3_1$1         -2.663      0.088    -30.116      0.000
    DASS3_1$2          0.015      0.070      0.210      0.834
    DASS3_1$3          2.097      0.080     26.077      0.000
    DASS4_1$1         -2.592      0.079    -32.972      0.000
    DASS4_1$2          0.342      0.064      5.329      0.000
    DASS4_1$3          2.247      0.075     30.094      0.000
    DASS5_1$1         -1.928      0.066    -29.183      0.000
    DASS5_1$2          0.294      0.058      5.048      0.000
    DASS5_1$3          1.926      0.066     29.346      0.000
    DASS6_1$1         -1.113      0.044    -25.021      0.000
    DASS6_1$2          0.821      0.044     18.536      0.000
    DASS6_1$3          2.087      0.057     36.636      0.000
    DASS7_1$1         -1.652      0.058    -28.540      0.000
    DASS7_1$2          0.484      0.052      9.241      0.000
    DASS7_1$3          2.084      0.062     33.391      0.000

 Variances
    DASSP_1            1.055      0.073     14.467      0.000

 Residual Variances
    DASS1_1            1.000      0.000    999.000    999.000
    DASS2_1            1.000      0.000    999.000    999.000
    DASS3_1            1.000      0.000    999.000    999.000
    DASS4_1            1.000      0.000    999.000    999.000
    DASS5_1            1.000      0.000    999.000    999.000
    DASS6_1            1.000      0.000    999.000    999.000
    DASS7_1            1.000      0.000    999.000    999.000


STANDARDIZED MODEL RESULTS


STDYX Standardization

                                                    Two-Tailed
                    Estimate       S.E.  Est./S.E.    P-Value

Group CONTROL

 DASSP_1  BY
    DASS1_1            0.763      0.011     68.390      0.000
    DASS2_1            0.813      0.010     84.380      0.000
    DASS3_1            0.896      0.006    145.235      0.000
    DASS4_1            0.876      0.007    131.899      0.000
    DASS5_1            0.849      0.008    111.336      0.000
    DASS6_1            0.713      0.012     57.916      0.000
    DASS7_1            0.811      0.009     89.671      0.000

 DASS1_1  WITH
    DASS2_1            0.366      0.030     12.283      0.000

 DASS6_1  WITH
    DASS7_1            0.291      0.031      9.516      0.000

 Means
    DASSP_1            0.000      0.000    999.000    999.000

 Thresholds
    DASS1_1$1         -1.081      0.036    -29.702      0.000
    DASS1_1$2          0.222      0.030      7.402      0.000
    DASS1_1$3          1.007      0.035     28.760      0.000
    DASS2_1$1         -1.132      0.038    -29.854      0.000
    DASS2_1$2          0.260      0.030      8.603      0.000
    DASS2_1$3          1.183      0.038     30.958      0.000
    DASS3_1$1         -1.181      0.041    -28.938      0.000
    DASS3_1$2          0.007      0.031      0.210      0.834
    DASS3_1$3          0.930      0.037     25.415      0.000
    DASS4_1$1         -1.252      0.041    -30.368      0.000
    DASS4_1$2          0.165      0.031      5.344      0.000
    DASS4_1$3          1.086      0.038     28.544      0.000
    DASS5_1$1         -1.019      0.037    -27.366      0.000
    DASS5_1$2          0.155      0.031      5.060      0.000
    DASS5_1$3          1.017      0.037     27.822      0.000
    DASS6_1$1         -0.781      0.032    -24.069      0.000
    DASS6_1$2          0.576      0.031     18.721      0.000
    DASS6_1$3          1.464      0.041     35.404      0.000
    DASS7_1$1         -0.968      0.036    -26.828      0.000
    DASS7_1$2          0.283      0.030      9.292      0.000
    DASS7_1$3          1.221      0.039     31.366      0.000

 Variances
    DASSP_1            1.000      0.000    999.000    999.000

 Residual Variances
    DASS1_1            0.418      0.017     24.579      0.000
    DASS2_1            0.340      0.016     21.714      0.000
    DASS3_1            0.197      0.011     17.786      0.000
    DASS4_1            0.233      0.012     20.081      0.000
    DASS5_1            0.279      0.013     21.552      0.000
    DASS6_1            0.492      0.018     28.076      0.000
    DASS7_1            0.343      0.015     23.405      0.000

Group TREATED

 DASSP_1  BY
    DASS1_1            0.771      0.011     70.441      0.000
    DASS2_1            0.820      0.009     91.838      0.000
    DASS3_1            0.901      0.006    151.819      0.000
    DASS4_1            0.881      0.006    138.707      0.000
    DASS5_1            0.855      0.008    112.830      0.000
    DASS6_1            0.722      0.012     58.644      0.000
    DASS7_1            0.818      0.009     91.142      0.000

 DASS1_1  WITH
    DASS2_1            0.330      0.029     11.519      0.000

 DASS6_1  WITH
    DASS7_1            0.182      0.030      5.974      0.000

 Means
    DASSP_1            0.040      0.041      0.983      0.326

 Thresholds
    DASS1_1$1         -1.064      0.036    -29.483      0.000
    DASS1_1$2          0.218      0.030      7.391      0.000
    DASS1_1$3          0.991      0.034     28.760      0.000
    DASS2_1$1         -1.112      0.038    -29.574      0.000
    DASS2_1$2          0.255      0.030      8.559      0.000
    DASS2_1$3          1.162      0.038     30.718      0.000
    DASS3_1$1         -1.156      0.040    -28.896      0.000
    DASS3_1$2          0.006      0.030      0.210      0.834
    DASS3_1$3          0.910      0.036     25.287      0.000
    DASS4_1$1         -1.227      0.041    -29.839      0.000
    DASS4_1$2          0.162      0.030      5.321      0.000
    DASS4_1$3          1.064      0.038     28.110      0.000
    DASS5_1$1         -0.999      0.037    -27.165      0.000
    DASS5_1$2          0.152      0.030      5.051      0.000
    DASS5_1$3          0.998      0.036     27.558      0.000
    DASS6_1$1         -0.770      0.032    -24.137      0.000
    DASS6_1$2          0.568      0.031     18.594      0.000
    DASS6_1$3          1.444      0.042     34.644      0.000
    DASS7_1$1         -0.951      0.035    -26.969      0.000
    DASS7_1$2          0.278      0.030      9.245      0.000
    DASS7_1$3          1.199      0.039     31.133      0.000

 Variances
    DASSP_1            1.000      0.000    999.000    999.000

 Residual Variances
    DASS1_1            0.405      0.017     23.992      0.000
    DASS2_1            0.328      0.015     22.398      0.000
    DASS3_1            0.188      0.011     17.620      0.000
    DASS4_1            0.224      0.011     20.013      0.000
    DASS5_1            0.268      0.013     20.699      0.000
    DASS6_1            0.479      0.018     26.942      0.000
    DASS7_1            0.331      0.015     22.545      0.000


R-SQUARE

Group CONTROL

    Observed                                        Two-Tailed     Scale
    Variable        Estimate       S.E.  Est./S.E.    P-Value     Factors

    DASS1_1            0.582      0.017     34.195      0.000      0.647
    DASS2_1            0.660      0.016     42.190      0.000      0.583
    DASS3_1            0.803      0.011     72.617      0.000      0.444
    DASS4_1            0.767      0.012     65.950      0.000      0.483
    DASS5_1            0.721      0.013     55.668      0.000      0.528
    DASS6_1            0.508      0.018     28.958      0.000      0.702
    DASS7_1            0.657      0.015     44.836      0.000      0.586

Group TREATED

    Observed                                        Two-Tailed     Scale
    Variable        Estimate       S.E.  Est./S.E.    P-Value     Factors

    DASS1_1            0.595      0.017     35.221      0.000      0.637
    DASS2_1            0.672      0.015     45.919      0.000      0.573
    DASS3_1            0.812      0.011     75.910      0.000      0.434
    DASS4_1            0.776      0.011     69.354      0.000      0.473
    DASS5_1            0.732      0.013     56.415      0.000      0.518
    DASS6_1            0.521      0.018     29.322      0.000      0.692
    DASS7_1            0.669      0.015     45.571      0.000      0.575


QUALITY OF NUMERICAL RESULTS

     Condition Number for the Information Matrix              0.101E-01
       (ratio of smallest to largest eigenvalue)


MODEL MODIFICATION INDICES

Minimum M.I. value for printing the modification index    10.000

                                   M.I.     E.P.C.  Std E.P.C.  StdYX E.P.C.
Group CONTROL


ON/BY Statements

DASS2_1  ON DASSP_1  /
DASSP_1  BY DASS2_1               24.998    -0.094     -0.094       -0.055
DASS6_1  ON DASSP_1  /
DASSP_1  BY DASS6_1               11.898     0.045      0.045        0.032

ON Statements

DASSP_1  ON DASS2_1               20.266    -0.201     -0.201       -0.345
DASSP_1  ON DASS6_1               13.678     0.117      0.117        0.167
DASS2_1  ON DASS1_1               14.366    -0.157     -0.157       -0.141
DASS2_1  ON DASS3_1               17.755    -0.075     -0.075       -0.099
DASS2_1  ON DASS4_1               30.252    -0.109     -0.109       -0.131
DASS2_1  ON DASS5_1               36.231    -0.135     -0.135       -0.149
DASS2_1  ON DASS7_1               14.028    -0.085     -0.085       -0.085
DASS6_1  ON DASS3_1               11.763     0.046      0.046        0.072
DASS6_1  ON DASS4_1               10.283     0.046      0.046        0.067
DASS6_1  ON DASS5_1               11.286     0.053      0.053        0.070
DASS6_1  ON DASS7_1               10.307     0.078      0.078        0.094

WITH Statements

DASS2_1  WITH DASSP_1             24.998    -0.220     -0.220       -0.220
DASS4_1  WITH DASS2_1             12.671    -0.175     -0.175       -0.175
DASS5_1  WITH DASS2_1             20.016    -0.233     -0.233       -0.233
DASS6_1  WITH DASSP_1             11.898     0.105      0.105        0.105
DASS7_1  WITH DASS5_1             12.423     0.144      0.144        0.144

Variances/Residual Variances

DASS2_1                           16.938     0.290      0.290        0.099

Group TREATED


ON/BY Statements

DASS2_1  ON DASSP_1  /
DASSP_1  BY DASS2_1               24.936     0.125      0.129        0.074
DASS6_1  ON DASSP_1  /
DASSP_1  BY DASS6_1               11.892    -0.060     -0.062       -0.043

ON Statements

DASSP_1  ON DASS2_1               21.107     0.219      0.213        0.372
DASSP_1  ON DASS6_1               13.131    -0.121     -0.117       -0.170
DASS2_1  ON DASS1_1               15.539     0.163      0.163        0.146
DASS2_1  ON DASS3_1               43.122     0.118      0.118        0.156
DASS2_1  ON DASS4_1               20.712     0.091      0.091        0.110
DASS2_1  ON DASS6_1               13.155     0.098      0.098        0.081
DASS2_1  ON DASS7_1               15.486     0.092      0.092        0.091
DASS3_1  ON DASS2_1               29.765     0.175      0.175        0.133
DASS6_1  ON DASS1_1               16.136    -0.077     -0.077       -0.083
DASS6_1  ON DASS3_1               14.594    -0.051     -0.051       -0.081
DASS6_1  ON DASS4_1               12.012    -0.050     -0.050       -0.074
DASS6_1  ON DASS7_1               11.031    -0.078     -0.078       -0.094

WITH Statements

DASS2_1  WITH DASSP_1             25.064     0.233      0.226        0.226
DASS3_1  WITH DASS2_1             47.073     0.349      0.349        0.349
DASS5_1  WITH DASS3_1             10.385    -0.174     -0.174       -0.174
DASS6_1  WITH DASSP_1             11.986    -0.112     -0.109       -0.109
DASS6_1  WITH DASS1_1             10.231    -0.123     -0.123       -0.123

Variances/Residual Variances

DASS2_1                           16.881    -0.289     -0.289       -0.095



SAVEDATA INFORMATION


  Difference testing

  Save file
    dass1_parent_tx_inv_scalar.dat
  Save format      Free

     Beginning Time:  20:51:15
        Ending Time:  20:51:15
       Elapsed Time:  00:00:00



MUTHEN & MUTHEN
3463 Stoner Ave.
Los Angeles, CA  90066

Tel: (310) 391-9971
Fax: (310) 391-8971
Web: www.StatModel.com
Support: Support@StatModel.com

Copyright (c) 1998-2019 Muthen & Muthen
