Mplus VERSION 8.4 (Mac)
MUTHEN & MUTHEN
10/27/2023   8:51 PM

INPUT INSTRUCTIONS

  Title: Parent DASS Gender Measurement Invariance Configural Model;

  Data:
     File is dass_parent_1.txt;

  Variable:
     Names are studentid treatment female age_w dass1_1 dass2_1 dass3_1
     dass4_1 dass5_1 dass6_1 dass7_1 half;
     Missing are . ;

    Usevariable are
  	dass1_1 dass2_1 dass3_1 dass4_1 dass5_1 dass6_1 dass7_1;

    Categorical is
  	dass1_1 dass2_1 dass3_1 dass4_1 dass5_1 dass6_1 dass7_1;

    Group is female (1 = Female 0 = Male);

  Analysis:
     Estimator = wlsmv;
     Parameterization = theta;


  !!! Model for Male !!!

  Model:
    ! Factor loadings all freely estimated
    dassp_1 by
      dass1_1-dass7_1* (L1-L7);

    dass1_1 with dass2_1;
    dass6_1 with dass7_1;

    !estimating thresholds freely
    [dass1_1$1-dass7_1$1*] (T1_1-T1_7);
    [dass1_1$2-dass7_1$2*] (T2_1-T2_7);
    [dass1_1$3-dass7_1$3*] (T3_1-T3_7);

    !constraining item residual variance to 1 for identification
    dass1_1-dass7_1@1;

    !fixing latent mean to zero for identification
    [dassp_1@0];

    !fixing latent variance to one for identification
    dassp_1@1;

  !!! Model for Female !!!

  Model Female:
    ! Factor loadings all freely estimated
    dassp_1 by dass1_1-dass7_1*;

    dass1_1 with dass2_1;
    dass6_1 with dass7_1;

    ! estimating thresholds freely
    [dass1_1$1-dass7_1$1*];
    [dass1_1$2-dass7_1$2*];
    [dass1_1$3-dass7_1$3*];

    ! constraining item residual variance to 1 for identification
    dass1_1-dass7_1@1;

    ! fixing latent factor mean to zero for identification
    [dassp_1@0];

    ! fixing latent factor variance to one for identification
    dassp_1@1;

  Output: sampstat stdyx modindices(all);
  Savedata: Difftest is dass1_parent_gender_inv_config.dat;



INPUT READING TERMINATED NORMALLY



Parent DASS Gender Measurement Invariance Configural Model;

SUMMARY OF ANALYSIS

Number of groups                                                 2
Number of observations
   Group MALE                                                  194
   Group FEMALE                                               2381
   Total sample size                                          2575

Number of dependent variables                                    7
Number of independent variables                                  0
Number of continuous latent variables                            1

Observed dependent variables

  Binary and ordered categorical (ordinal)
   DASS1_1     DASS2_1     DASS3_1     DASS4_1     DASS5_1     DASS6_1
   DASS7_1

Continuous latent variables
   DASSP_1

Variables with special functions

  Grouping variable     FEMALE

Estimator                                                    WLSMV
Maximum number of iterations                                  1000
Convergence criterion                                    0.500D-04
Maximum number of steepest descent iterations                   20
Maximum number of iterations for H1                           2000
Convergence criterion for H1                             0.100D-03
Parameterization                                             THETA
Link                                                        PROBIT

Input data file(s)
  dass_parent_1.txt

Input data format  FREE


SUMMARY OF DATA

   Group MALE
     Number of missing data patterns             1

   Group FEMALE
     Number of missing data patterns             1


COVARIANCE COVERAGE OF DATA

Minimum covariance coverage value   0.100


     PROPORTION OF DATA PRESENT FOR MALE


           Covariance Coverage
              DASS1_1       DASS2_1       DASS3_1       DASS4_1       DASS5_1
              ________      ________      ________      ________      ________
 DASS1_1        1.000
 DASS2_1        1.000         1.000
 DASS3_1        1.000         1.000         1.000
 DASS4_1        1.000         1.000         1.000         1.000
 DASS5_1        1.000         1.000         1.000         1.000         1.000
 DASS6_1        1.000         1.000         1.000         1.000         1.000
 DASS7_1        1.000         1.000         1.000         1.000         1.000


           Covariance Coverage
              DASS6_1       DASS7_1
              ________      ________
 DASS6_1        1.000
 DASS7_1        1.000         1.000


     PROPORTION OF DATA PRESENT FOR FEMALE


           Covariance Coverage
              DASS1_1       DASS2_1       DASS3_1       DASS4_1       DASS5_1
              ________      ________      ________      ________      ________
 DASS1_1        1.000
 DASS2_1        1.000         1.000
 DASS3_1        1.000         1.000         1.000
 DASS4_1        1.000         1.000         1.000         1.000
 DASS5_1        1.000         1.000         1.000         1.000         1.000
 DASS6_1        1.000         1.000         1.000         1.000         1.000
 DASS7_1        1.000         1.000         1.000         1.000         1.000


           Covariance Coverage
              DASS6_1       DASS7_1
              ________      ________
 DASS6_1        1.000
 DASS7_1        1.000         1.000


UNIVARIATE PROPORTIONS AND COUNTS FOR CATEGORICAL VARIABLES

  Group MALE
    DASS1_1
      Category 1    0.289           56.000
      Category 2    0.433           84.000
      Category 3    0.186           36.000
      Category 4    0.093           18.000
    DASS2_1
      Category 1    0.278           54.000
      Category 2    0.490           95.000
      Category 3    0.165           32.000
      Category 4    0.067           13.000
    DASS3_1
      Category 1    0.294           57.000
      Category 2    0.423           82.000
      Category 3    0.186           36.000
      Category 4    0.098           19.000
    DASS4_1
      Category 1    0.294           57.000
      Category 2    0.448           87.000
      Category 3    0.180           35.000
      Category 4    0.077           15.000
    DASS5_1
      Category 1    0.335           65.000
      Category 2    0.351           68.000
      Category 3    0.227           44.000
      Category 4    0.088           17.000
    DASS6_1
      Category 1    0.304           59.000
      Category 2    0.474           92.000
      Category 3    0.144           28.000
      Category 4    0.077           15.000
    DASS7_1
      Category 1    0.402           78.000
      Category 2    0.423           82.000
      Category 3    0.134           26.000
      Category 4    0.041            8.000

  Group FEMALE
    DASS1_1
      Category 1    0.126          300.000
      Category 2    0.444         1056.000
      Category 3    0.262          624.000
      Category 4    0.168          401.000
    DASS2_1
      Category 1    0.115          274.000
      Category 2    0.466         1110.000
      Category 3    0.290          691.000
      Category 4    0.129          306.000
    DASS3_1
      Category 1    0.103          246.000
      Category 2    0.374          891.000
      Category 3    0.332          790.000
      Category 4    0.191          454.000
    DASS4_1
      Category 1    0.089          211.000
      Category 2    0.454         1082.000
      Category 3    0.306          729.000
      Category 4    0.151          359.000
    DASS5_1
      Category 1    0.137          327.000
      Category 2    0.406          967.000
      Category 3    0.289          689.000
      Category 4    0.167          398.000
    DASS6_1
      Category 1    0.207          494.000
      Category 2    0.499         1187.000
      Category 3    0.219          522.000
      Category 4    0.075          178.000
    DASS7_1
      Category 1    0.145          346.000
      Category 2    0.441         1050.000
      Category 3    0.291          693.000
      Category 4    0.123          292.000


SAMPLE STATISTICS


     ESTIMATED SAMPLE STATISTICS FOR MALE


           MEANS/INTERCEPTS/THRESHOLDS
              DASS1_1$      DASS1_1$      DASS1_1$      DASS2_1$      DASS2_1$
              ________      ________      ________      ________      ________
               -0.557         0.588         1.324        -0.588         0.732


           MEANS/INTERCEPTS/THRESHOLDS
              DASS2_1$      DASS3_1$      DASS3_1$      DASS3_1$      DASS4_1$
              ________      ________      ________      ________      ________
                1.498        -0.542         0.572         1.293        -0.542


           MEANS/INTERCEPTS/THRESHOLDS
              DASS4_1$      DASS4_1$      DASS5_1$      DASS5_1$      DASS5_1$
              ________      ________      ________      ________      ________
                0.650         1.423        -0.426         0.483         1.356


           MEANS/INTERCEPTS/THRESHOLDS
              DASS6_1$      DASS6_1$      DASS6_1$      DASS7_1$      DASS7_1$
              ________      ________      ________      ________      ________
               -0.513         0.767         1.423        -0.248         0.934


           MEANS/INTERCEPTS/THRESHOLDS
              DASS7_1$
              ________
                1.737


           CORRELATION MATRIX (WITH VARIANCES ON THE DIAGONAL)
              DASS1_1       DASS2_1       DASS3_1       DASS4_1       DASS5_1
              ________      ________      ________      ________      ________
 DASS1_1
 DASS2_1        0.726
 DASS3_1        0.741         0.795
 DASS4_1        0.666         0.701         0.806
 DASS5_1        0.596         0.618         0.690         0.743
 DASS6_1        0.517         0.561         0.584         0.596         0.696
 DASS7_1        0.619         0.677         0.652         0.646         0.706


           CORRELATION MATRIX (WITH VARIANCES ON THE DIAGONAL)
              DASS6_1       DASS7_1
              ________      ________
 DASS7_1        0.772


     ESTIMATED SAMPLE STATISTICS FOR FEMALE


           MEANS/INTERCEPTS/THRESHOLDS
              DASS1_1$      DASS1_1$      DASS1_1$      DASS2_1$      DASS2_1$
              ________      ________      ________      ________      ________
               -1.146         0.175         0.960        -1.200         0.205


           MEANS/INTERCEPTS/THRESHOLDS
              DASS2_1$      DASS3_1$      DASS3_1$      DASS3_1$      DASS4_1$
              ________      ________      ________      ________      ________
                1.133        -1.263        -0.056         0.875        -1.349


           MEANS/INTERCEPTS/THRESHOLDS
              DASS4_1$      DASS4_1$      DASS5_1$      DASS5_1$      DASS5_1$
              ________      ________      ________      ________      ________
                0.108         1.033        -1.092         0.109         0.965


           MEANS/INTERCEPTS/THRESHOLDS
              DASS6_1$      DASS6_1$      DASS6_1$      DASS7_1$      DASS7_1$
              ________      ________      ________      ________      ________
               -0.815         0.542         1.441        -1.057         0.218


           MEANS/INTERCEPTS/THRESHOLDS
              DASS7_1$
              ________
                1.162


           CORRELATION MATRIX (WITH VARIANCES ON THE DIAGONAL)
              DASS1_1       DASS2_1       DASS3_1       DASS4_1       DASS5_1
              ________      ________      ________      ________      ________
 DASS1_1
 DASS2_1        0.753
 DASS3_1        0.684         0.747
 DASS4_1        0.669         0.695         0.781
 DASS5_1        0.662         0.651         0.741         0.760
 DASS6_1        0.525         0.599         0.638         0.626         0.623
 DASS7_1        0.609         0.654         0.725         0.702         0.708


           CORRELATION MATRIX (WITH VARIANCES ON THE DIAGONAL)
              DASS6_1       DASS7_1
              ________      ________
 DASS7_1        0.675


THE MODEL ESTIMATION TERMINATED NORMALLY



MODEL FIT INFORMATION

Number of Free Parameters                       60

Chi-Square Test of Model Fit

          Value                            160.239*
          Degrees of Freedom                    24
          P-Value                           0.0000

Chi-Square Contribution From Each Group

          MALE                              68.615
          FEMALE                            91.624

*   The chi-square value for MLM, MLMV, MLR, ULSMV, WLSM and WLSMV cannot be used
    for chi-square difference testing in the regular way.  MLM, MLR and WLSM
    chi-square difference testing is described on the Mplus website.  MLMV, WLSMV,
    and ULSMV difference testing is done using the DIFFTEST option.

RMSEA (Root Mean Square Error Of Approximation)

          Estimate                           0.066
          90 Percent C.I.                    0.057  0.076
          Probability RMSEA <= .05           0.003

CFI/TLI

          CFI                                0.996
          TLI                                0.994

Chi-Square Test of Model Fit for the Baseline Model

          Value                          38039.264
          Degrees of Freedom                    42
          P-Value                           0.0000

SRMR (Standardized Root Mean Square Residual)

          Value                              0.012

Optimum Function Value for Weighted Least-Squares Estimator

          Value                     0.11029135D-01



MODEL RESULTS

                                                    Two-Tailed
                    Estimate       S.E.  Est./S.E.    P-Value

Group MALE

 DASSP_1  BY
    DASS1_1            1.234      0.140      8.806      0.000
    DASS2_1            1.511      0.162      9.301      0.000
    DASS3_1            2.111      0.240      8.810      0.000
    DASS4_1            1.767      0.170     10.373      0.000
    DASS5_1            1.528      0.163      9.394      0.000
    DASS6_1            1.014      0.114      8.885      0.000
    DASS7_1            1.259      0.141      8.928      0.000

 DASS1_1  WITH
    DASS2_1            0.223      0.076      2.922      0.003

 DASS6_1  WITH
    DASS7_1            0.491      0.056      8.833      0.000

 Means
    DASSP_1            0.000      0.000    999.000    999.000

 Thresholds
    DASS1_1$1         -0.885      0.149     -5.931      0.000
    DASS1_1$2          0.933      0.159      5.861      0.000
    DASS1_1$3          2.103      0.208     10.104      0.000
    DASS2_1$1         -1.065      0.174     -6.114      0.000
    DASS2_1$2          1.327      0.192      6.928      0.000
    DASS2_1$3          2.717      0.250     10.877      0.000
    DASS3_1$1         -1.267      0.218     -5.804      0.000
    DASS3_1$2          1.337      0.255      5.252      0.000
    DASS3_1$3          3.017      0.299     10.078      0.000
    DASS4_1$1         -1.102      0.176     -6.273      0.000
    DASS4_1$2          1.322      0.201      6.571      0.000
    DASS4_1$3          2.895      0.280     10.339      0.000
    DASS5_1$1         -0.777      0.161     -4.837      0.000
    DASS5_1$2          0.882      0.177      4.981      0.000
    DASS5_1$3          2.474      0.244     10.142      0.000
    DASS6_1$1         -0.731      0.131     -5.561      0.000
    DASS6_1$2          1.093      0.148      7.367      0.000
    DASS6_1$3          2.028      0.182     11.168      0.000
    DASS7_1$1         -0.399      0.142     -2.808      0.005
    DASS7_1$2          1.500      0.180      8.341      0.000
    DASS7_1$3          2.792      0.252     11.095      0.000

 Variances
    DASSP_1            1.000      0.000    999.000    999.000

 Residual Variances
    DASS1_1            1.000      0.000    999.000    999.000
    DASS2_1            1.000      0.000    999.000    999.000
    DASS3_1            1.000      0.000    999.000    999.000
    DASS4_1            1.000      0.000    999.000    999.000
    DASS5_1            1.000      0.000    999.000    999.000
    DASS6_1            1.000      0.000    999.000    999.000
    DASS7_1            1.000      0.000    999.000    999.000

Group FEMALE

 DASSP_1  BY
    DASS1_1            1.176      0.037     31.378      0.000
    DASS2_1            1.372      0.042     32.426      0.000
    DASS3_1            2.004      0.063     31.826      0.000
    DASS4_1            1.803      0.052     34.619      0.000
    DASS5_1            1.622      0.047     34.810      0.000
    DASS6_1            1.038      0.033     31.135      0.000
    DASS7_1            1.391      0.040     34.380      0.000

 DASS1_1  WITH
    DASS2_1            0.359      0.022     16.389      0.000

 DASS6_1  WITH
    DASS7_1            0.222      0.022      9.996      0.000

 Means
    DASSP_1            0.000      0.000    999.000    999.000

 Thresholds
    DASS1_1$1         -1.768      0.052    -33.957      0.000
    DASS1_1$2          0.270      0.040      6.753      0.000
    DASS1_1$3          1.482      0.048     31.065      0.000
    DASS2_1$1         -2.037      0.060    -34.067      0.000
    DASS2_1$2          0.348      0.044      7.867      0.000
    DASS2_1$3          1.924      0.057     33.719      0.000
    DASS3_1$1         -2.829      0.082    -34.293      0.000
    DASS3_1$2         -0.126      0.058     -2.189      0.029
    DASS3_1$3          1.961      0.069     28.217      0.000
    DASS4_1$1         -2.783      0.077    -36.278      0.000
    DASS4_1$2          0.223      0.053      4.190      0.000
    DASS4_1$3          2.130      0.066     32.333      0.000
    DASS5_1$1         -2.082      0.062    -33.562      0.000
    DASS5_1$2          0.208      0.049      4.236      0.000
    DASS5_1$3          1.840      0.058     31.679      0.000
    DASS6_1$1         -1.175      0.042    -28.270      0.000
    DASS6_1$2          0.781      0.040     19.656      0.000
    DASS6_1$3          2.077      0.055     37.591      0.000
    DASS7_1$1         -1.811      0.054    -33.316      0.000
    DASS7_1$2          0.374      0.045      8.355      0.000
    DASS7_1$3          1.991      0.057     35.215      0.000

 Variances
    DASSP_1            1.000      0.000    999.000    999.000

 Residual Variances
    DASS1_1            1.000      0.000    999.000    999.000
    DASS2_1            1.000      0.000    999.000    999.000
    DASS3_1            1.000      0.000    999.000    999.000
    DASS4_1            1.000      0.000    999.000    999.000
    DASS5_1            1.000      0.000    999.000    999.000
    DASS6_1            1.000      0.000    999.000    999.000
    DASS7_1            1.000      0.000    999.000    999.000


STANDARDIZED MODEL RESULTS


STDYX Standardization

                                                    Two-Tailed
                    Estimate       S.E.  Est./S.E.    P-Value

Group MALE

 DASSP_1  BY
    DASS1_1            0.777      0.035     22.213      0.000
    DASS2_1            0.834      0.027     30.545      0.000
    DASS3_1            0.904      0.019     48.073      0.000
    DASS4_1            0.870      0.020     42.774      0.000
    DASS5_1            0.837      0.027     31.338      0.000
    DASS6_1            0.712      0.040     18.029      0.000
    DASS7_1            0.783      0.034     23.089      0.000

 DASS1_1  WITH
    DASS2_1            0.223      0.076      2.922      0.003

 DASS6_1  WITH
    DASS7_1            0.491      0.056      8.833      0.000

 Means
    DASSP_1            0.000      0.000    999.000    999.000

 Thresholds
    DASS1_1$1         -0.557      0.095     -5.849      0.000
    DASS1_1$2          0.588      0.096      6.129      0.000
    DASS1_1$3          1.324      0.125     10.556      0.000
    DASS2_1$1         -0.588      0.096     -6.129      0.000
    DASS2_1$2          0.732      0.099      7.373      0.000
    DASS2_1$3          1.499      0.138     10.843      0.000
    DASS3_1$1         -0.542      0.095     -5.710      0.000
    DASS3_1$2          0.572      0.096      5.990      0.000
    DASS3_1$3          1.292      0.123     10.462      0.000
    DASS4_1$1         -0.543      0.095     -5.715      0.000
    DASS4_1$2          0.651      0.097      6.696      0.000
    DASS4_1$3          1.426      0.132     10.771      0.000
    DASS5_1$1         -0.425      0.093     -4.574      0.000
    DASS5_1$2          0.483      0.094      5.140      0.000
    DASS5_1$3          1.354      0.128     10.621      0.000
    DASS6_1$1         -0.513      0.094     -5.436      0.000
    DASS6_1$2          0.767      0.100      7.653      0.000
    DASS6_1$3          1.424      0.132     10.756      0.000
    DASS7_1$1         -0.248      0.091     -2.729      0.006
    DASS7_1$2          0.933      0.106      8.816      0.000
    DASS7_1$3          1.736      0.162     10.742      0.000

 Variances
    DASSP_1            1.000      0.000    999.000    999.000

 Residual Variances
    DASS1_1            0.396      0.054      7.294      0.000
    DASS2_1            0.304      0.046      6.686      0.000
    DASS3_1            0.183      0.034      5.393      0.000
    DASS4_1            0.243      0.035      6.847      0.000
    DASS5_1            0.300      0.045      6.707      0.000
    DASS6_1            0.493      0.056      8.759      0.000
    DASS7_1            0.387      0.053      7.279      0.000

Group FEMALE

 DASSP_1  BY
    DASS1_1            0.762      0.010     74.762      0.000
    DASS2_1            0.808      0.009     93.459      0.000
    DASS3_1            0.895      0.006    159.688      0.000
    DASS4_1            0.875      0.006    147.190      0.000
    DASS5_1            0.851      0.007    126.442      0.000
    DASS6_1            0.720      0.011     64.653      0.000
    DASS7_1            0.812      0.008    100.918      0.000

 DASS1_1  WITH
    DASS2_1            0.359      0.022     16.389      0.000

 DASS6_1  WITH
    DASS7_1            0.222      0.022      9.996      0.000

 Means
    DASSP_1            0.000      0.000    999.000    999.000

 Thresholds
    DASS1_1$1         -1.145      0.033    -34.865      0.000
    DASS1_1$2          0.175      0.026      6.780      0.000
    DASS1_1$3          0.960      0.030     31.499      0.000
    DASS2_1$1         -1.200      0.034    -35.628      0.000
    DASS2_1$2          0.205      0.026      7.926      0.000
    DASS2_1$3          1.133      0.033     34.683      0.000
    DASS3_1$1         -1.263      0.035    -36.387      0.000
    DASS3_1$2         -0.056      0.026     -2.193      0.028
    DASS3_1$3          0.875      0.030     29.570      0.000
    DASS4_1$1         -1.349      0.036    -37.196      0.000
    DASS4_1$2          0.108      0.026      4.201      0.000
    DASS4_1$3          1.033      0.031     32.955      0.000
    DASS5_1$1         -1.092      0.032    -34.021      0.000
    DASS5_1$2          0.109      0.026      4.246      0.000
    DASS5_1$3          0.965      0.031     31.606      0.000
    DASS6_1$1         -0.815      0.029    -28.072      0.000
    DASS6_1$2          0.542      0.027     19.989      0.000
    DASS6_1$3          1.441      0.038     37.762      0.000
    DASS7_1$1         -1.057      0.032    -33.404      0.000
    DASS7_1$2          0.218      0.026      8.416      0.000
    DASS7_1$3          1.162      0.033     35.106      0.000

 Variances
    DASSP_1            1.000      0.000    999.000    999.000

 Residual Variances
    DASS1_1            0.420      0.016     27.037      0.000
    DASS2_1            0.347      0.014     24.827      0.000
    DASS3_1            0.199      0.010     19.874      0.000
    DASS4_1            0.235      0.010     22.632      0.000
    DASS5_1            0.275      0.011     24.017      0.000
    DASS6_1            0.482      0.016     30.027      0.000
    DASS7_1            0.341      0.013     26.072      0.000


R-SQUARE

Group MALE

    Observed                                        Two-Tailed     Scale
    Variable        Estimate       S.E.  Est./S.E.    P-Value     Factors

    DASS1_1            0.604      0.054     11.107      0.000      0.630
    DASS2_1            0.696      0.046     15.272      0.000      0.552
    DASS3_1            0.817      0.034     24.036      0.000      0.428
    DASS4_1            0.757      0.035     21.387      0.000      0.492
    DASS5_1            0.700      0.045     15.669      0.000      0.547
    DASS6_1            0.507      0.056      9.014      0.000      0.702
    DASS7_1            0.613      0.053     11.545      0.000      0.622

Group FEMALE

    Observed                                        Two-Tailed     Scale
    Variable        Estimate       S.E.  Est./S.E.    P-Value     Factors

    DASS1_1            0.580      0.016     37.381      0.000      0.648
    DASS2_1            0.653      0.014     46.729      0.000      0.589
    DASS3_1            0.801      0.010     79.844      0.000      0.446
    DASS4_1            0.765      0.010     73.595      0.000      0.485
    DASS5_1            0.725      0.011     63.221      0.000      0.525
    DASS6_1            0.518      0.016     32.327      0.000      0.694
    DASS7_1            0.659      0.013     50.459      0.000      0.584


QUALITY OF NUMERICAL RESULTS

     Condition Number for the Information Matrix              0.166E-02
       (ratio of smallest to largest eigenvalue)


MODEL MODIFICATION INDICES

Minimum M.I. value for printing the modification index    10.000

                                   M.I.     E.P.C.  Std E.P.C.  StdYX E.P.C.
Group MALE


ON Statements

DASS2_1  ON DASS3_1               10.390     0.395      0.395        0.509
DASS3_1  ON DASS1_1               10.972     0.381      0.381        0.259
DASS3_1  ON DASS2_1               15.945     0.510      0.510        0.396
DASS3_1  ON DASS5_1               13.899    -0.484     -0.484       -0.379
DASS3_1  ON DASS6_1               14.266    -0.410     -0.410       -0.250
DASS3_1  ON DASS7_1               15.177    -0.465     -0.465       -0.320
DASS4_1  ON DASS4_1              999.000     0.000      0.000        0.000
DASS5_1  ON DASS2_1               12.662    -0.430     -0.430       -0.426
DASS5_1  ON DASS3_1               13.236    -0.473     -0.473       -0.604
DASS5_1  ON DASS6_1               44.093     0.504      0.504        0.393
DASS5_1  ON DASS7_1               31.000     0.477      0.477        0.420
DASS6_1  ON DASS5_1               30.638     0.422      0.422        0.541

WITH Statements

DASS3_1  WITH DASS2_1             10.236     0.392      0.392        0.392
DASS5_1  WITH DASS3_1             13.874    -0.484     -0.484       -0.484
DASS6_1  WITH DASS5_1             31.004     0.425      0.425        0.425

Group FEMALE


ON Statements

DASS1_1  ON DASS5_1               66.894     0.856      0.856        1.057
DASS1_1  ON DASS6_1              107.004    -0.841     -0.841       -0.785
DASS1_1  ON DASS7_1               49.330    -0.642     -0.642       -0.713
DASS2_1  ON DASS3_1              425.976     2.223      2.223        2.933
DASS2_1  ON DASS4_1               84.929    -1.063     -1.063       -1.291
DASS2_1  ON DASS5_1              539.324    -2.703     -2.703       -3.035
DASS2_1  ON DASS6_1               62.796     0.670      0.670        0.569
DASS3_1  ON DASS1_1               79.400     0.938      0.938        0.647
DASS3_1  ON DASS2_1              481.312     2.441      2.441        1.850
DASS3_1  ON DASS5_1              302.725    -2.263     -2.263       -1.925
DASS3_1  ON DASS6_1               13.146    -0.394     -0.394       -0.254
DASS4_1  ON DASS2_1               72.280    -0.986     -0.986       -0.812
DASS4_1  ON DASS5_1              195.523     1.581      1.581        1.461
DASS4_1  ON DASS7_1               49.484    -0.851     -0.851       -0.707
DASS5_1  ON DASS2_1              387.879    -2.260     -2.260       -2.013
DASS5_1  ON DASS3_1              303.015    -2.264     -2.264       -2.661
DASS5_1  ON DASS4_1              195.229     1.580      1.580        1.709
DASS5_1  ON DASS6_1               50.255     0.589      0.589        0.446
DASS5_1  ON DASS7_1              188.443     1.425      1.425        1.281
DASS6_1  ON DASS1_1               43.018    -0.528     -0.528       -0.566
DASS6_1  ON DASS2_1               20.332     0.374      0.374        0.441
DASS6_1  ON DASS3_1               11.025    -0.355     -0.355       -0.552
DASS6_1  ON DASS5_1               22.838     0.389      0.389        0.514
DASS7_1  ON DASS1_1               25.660    -0.467     -0.467       -0.420
DASS7_1  ON DASS4_1               43.050    -0.787     -0.787       -0.948
DASS7_1  ON DASS5_1              146.953     1.234      1.234        1.373

WITH Statements

DASS3_1  WITH DASS2_1            425.508     2.222      2.222        2.222
DASS4_1  WITH DASS2_1             85.130    -1.065     -1.065       -1.065
DASS5_1  WITH DASS1_1             66.771     0.855      0.855        0.855
DASS5_1  WITH DASS2_1            539.785    -2.704     -2.704       -2.704
DASS5_1  WITH DASS3_1            302.760    -2.263     -2.263       -2.263
DASS5_1  WITH DASS4_1            195.389     1.580      1.580        1.580
DASS6_1  WITH DASS1_1             86.544    -0.747     -0.747       -0.747
DASS6_1  WITH DASS2_1             63.589     0.662      0.662        0.662
DASS6_1  WITH DASS3_1             10.973    -0.354     -0.354       -0.354
DASS6_1  WITH DASS5_1             22.884     0.389      0.389        0.389
DASS7_1  WITH DASS1_1             21.427    -0.419     -0.419       -0.419
DASS7_1  WITH DASS4_1             42.870    -0.786     -0.786       -0.786
DASS7_1  WITH DASS5_1            147.208     1.235      1.235        1.235

Means/Intercepts/Thresholds

[ DASSP_1  ]                     999.000     0.000      0.000        0.000



SAVEDATA INFORMATION


  Difference testing

  Save file
    dass1_parent_gender_inv_config.dat
  Save format      Free

     Beginning Time:  20:51:16
        Ending Time:  20:51:17
       Elapsed Time:  00:00:01



MUTHEN & MUTHEN
3463 Stoner Ave.
Los Angeles, CA  90066

Tel: (310) 391-9971
Fax: (310) 391-8971
Web: www.StatModel.com
Support: Support@StatModel.com

Copyright (c) 1998-2019 Muthen & Muthen
