Mplus VERSION 8.4 (Mac)
MUTHEN & MUTHEN
10/27/2023   8:51 PM

INPUT INSTRUCTIONS

  Title: Parent DASS Treatment Measurement Invariance Metric Model;

  Data:
     File is dass_parent_1.txt;

  Variable:
     Names are studentid treatment female age_w dass1_1 dass2_1 dass3_1
     dass4_1 dass5_1 dass6_1 dass7_1 half;
     Missing are . ;

    Usevariable are
  	dass1_1 dass2_1 dass3_1 dass4_1 dass5_1 dass6_1 dass7_1;

    Categorical is
  	dass1_1 dass2_1 dass3_1 dass4_1 dass5_1 dass6_1 dass7_1;

    Group is treatment (1 = Treated 0 = Control);

  Analysis:
     Estimator = wlsmv;
     Parameterization = theta;
     Difftest = dass1_parent_tx_inv_config.dat


  !!! Model for Control Group !!!

  Model:
    ! Factor loadings all freely estimated
    dassp_1 by
      dass1_1-dass7_1* (L1-L7);

    dass1_1 with dass2_1;
    dass6_1 with dass7_1;

    !estimating thresholds freely
    [dass1_1$1-dass7_1$1*] (T1_1-T1_7);
    [dass1_1$2-dass7_1$2*] (T2_1-T2_7);
    [dass1_1$3-dass7_1$3*] (T3_1-T3_7);

    !constraining item residual variance to 1 for identification
    dass1_1-dass7_1@1;

    !fixing latent mean to zero for identification
    [dassp_1@0];

    !fixing latent variance to one for identification
    dassp_1@1;

  !!! Model for Treatment Group !!!

  Model Treated:
    ! Factor loadings constrained to *be equal to the control group*
    dassp_1 by dass1_1-dass7_1* (L1-L7);

    dass1_1 with dass2_1;
    dass6_1 with dass7_1;

    ! estimating thresholds freely
    [dass1_1$1-dass7_1$1*];
    [dass1_1$2-dass7_1$2*];
    [dass1_1$3-dass7_1$3*];

    ! constraining item residual variance to 1 for identification
    dass1_1-dass7_1@1;

    ! fixing latent factor mean to zero for identification
    [dassp_1@0];

    ! latent factor variance *estimated*
    dassp_1*;

  Output: sampstat stdyx modindices(all);
  Savedata: Difftest is dass1_parent_tx_inv_metric.dat;



INPUT READING TERMINATED NORMALLY



Parent DASS Treatment Measurement Invariance Metric Model;

SUMMARY OF ANALYSIS

Number of groups                                                 2
Number of observations
   Group CONTROL                                              1287
   Group TREATED                                              1288
   Total sample size                                          2575

Number of dependent variables                                    7
Number of independent variables                                  0
Number of continuous latent variables                            1

Observed dependent variables

  Binary and ordered categorical (ordinal)
   DASS1_1     DASS2_1     DASS3_1     DASS4_1     DASS5_1     DASS6_1
   DASS7_1

Continuous latent variables
   DASSP_1

Variables with special functions

  Grouping variable     TREATMEN

Estimator                                                    WLSMV
Maximum number of iterations                                  1000
Convergence criterion                                    0.500D-04
Maximum number of steepest descent iterations                   20
Maximum number of iterations for H1                           2000
Convergence criterion for H1                             0.100D-03
Parameterization                                             THETA
Link                                                        PROBIT

Input data file(s)
  dass_parent_1.txt

Input data format  FREE


SUMMARY OF DATA

   Group CONTROL
     Number of missing data patterns             1

   Group TREATED
     Number of missing data patterns             1


COVARIANCE COVERAGE OF DATA

Minimum covariance coverage value   0.100


     PROPORTION OF DATA PRESENT FOR CONTROL


           Covariance Coverage
              DASS1_1       DASS2_1       DASS3_1       DASS4_1       DASS5_1
              ________      ________      ________      ________      ________
 DASS1_1        1.000
 DASS2_1        1.000         1.000
 DASS3_1        1.000         1.000         1.000
 DASS4_1        1.000         1.000         1.000         1.000
 DASS5_1        1.000         1.000         1.000         1.000         1.000
 DASS6_1        1.000         1.000         1.000         1.000         1.000
 DASS7_1        1.000         1.000         1.000         1.000         1.000


           Covariance Coverage
              DASS6_1       DASS7_1
              ________      ________
 DASS6_1        1.000
 DASS7_1        1.000         1.000


     PROPORTION OF DATA PRESENT FOR TREATED


           Covariance Coverage
              DASS1_1       DASS2_1       DASS3_1       DASS4_1       DASS5_1
              ________      ________      ________      ________      ________
 DASS1_1        1.000
 DASS2_1        1.000         1.000
 DASS3_1        1.000         1.000         1.000
 DASS4_1        1.000         1.000         1.000         1.000
 DASS5_1        1.000         1.000         1.000         1.000         1.000
 DASS6_1        1.000         1.000         1.000         1.000         1.000
 DASS7_1        1.000         1.000         1.000         1.000         1.000


           Covariance Coverage
              DASS6_1       DASS7_1
              ________      ________
 DASS6_1        1.000
 DASS7_1        1.000         1.000


UNIVARIATE PROPORTIONS AND COUNTS FOR CATEGORICAL VARIABLES

  Group CONTROL
    DASS1_1
      Category 1    0.144          185.000
      Category 2    0.446          574.000
      Category 3    0.261          336.000
      Category 4    0.149          192.000
    DASS2_1
      Category 1    0.128          165.000
      Category 2    0.462          594.000
      Category 3    0.303          390.000
      Category 4    0.107          138.000
    DASS3_1
      Category 1    0.116          149.000
      Category 2    0.365          470.000
      Category 3    0.347          447.000
      Category 4    0.172          221.000
    DASS4_1
      Category 1    0.114          147.000
      Category 2    0.434          559.000
      Category 3    0.307          395.000
      Category 4    0.145          186.000
    DASS5_1
      Category 1    0.162          209.000
      Category 2    0.406          522.000
      Category 3    0.285          367.000
      Category 4    0.147          189.000
    DASS6_1
      Category 1    0.221          284.000
      Category 2    0.499          642.000
      Category 3    0.205          264.000
      Category 4    0.075           97.000
    DASS7_1
      Category 1    0.167          215.000
      Category 2    0.436          561.000
      Category 3    0.290          373.000
      Category 4    0.107          138.000

  Group TREATED
    DASS1_1
      Category 1    0.133          171.000
      Category 2    0.439          566.000
      Category 3    0.252          324.000
      Category 4    0.176          227.000
    DASS2_1
      Category 1    0.127          163.000
      Category 2    0.474          611.000
      Category 3    0.259          333.000
      Category 4    0.141          181.000
    DASS3_1
      Category 1    0.120          154.000
      Category 2    0.391          503.000
      Category 3    0.294          379.000
      Category 4    0.196          252.000
    DASS4_1
      Category 1    0.094          121.000
      Category 2    0.474          610.000
      Category 3    0.286          369.000
      Category 4    0.146          188.000
    DASS5_1
      Category 1    0.142          183.000
      Category 2    0.398          513.000
      Category 3    0.284          366.000
      Category 4    0.175          226.000
    DASS6_1
      Category 1    0.209          269.000
      Category 2    0.495          637.000
      Category 3    0.222          286.000
      Category 4    0.075           96.000
    DASS7_1
      Category 1    0.162          209.000
      Category 2    0.443          571.000
      Category 3    0.269          346.000
      Category 4    0.126          162.000


SAMPLE STATISTICS


     ESTIMATED SAMPLE STATISTICS FOR CONTROL


           MEANS/INTERCEPTS/THRESHOLDS
              DASS1_1$      DASS1_1$      DASS1_1$      DASS2_1$      DASS2_1$
              ________      ________      ________      ________      ________
               -1.064         0.227         1.040        -1.135         0.227


           MEANS/INTERCEPTS/THRESHOLDS
              DASS2_1$      DASS3_1$      DASS3_1$      DASS3_1$      DASS4_1$
              ________      ________      ________      ________      ________
                1.241        -1.196        -0.048         0.947        -1.204


           MEANS/INTERCEPTS/THRESHOLDS
              DASS4_1$      DASS4_1$      DASS5_1$      DASS5_1$      DASS5_1$
              ________      ________      ________      ________      ________
                0.122         1.060        -0.985         0.171         1.050


           MEANS/INTERCEPTS/THRESHOLDS
              DASS6_1$      DASS6_1$      DASS6_1$      DASS7_1$      DASS7_1$
              ________      ________      ________      ________      ________
               -0.770         0.581         1.437        -0.966         0.261


           MEANS/INTERCEPTS/THRESHOLDS
              DASS7_1$
              ________
                1.241


           CORRELATION MATRIX (WITH VARIANCES ON THE DIAGONAL)
              DASS1_1       DASS2_1       DASS3_1       DASS4_1       DASS5_1
              ________      ________      ________      ________      ________
 DASS1_1
 DASS2_1        0.758
 DASS3_1        0.691         0.726
 DASS4_1        0.673         0.673         0.780
 DASS5_1        0.665         0.629         0.743         0.749
 DASS6_1        0.554         0.591         0.656         0.634         0.622
 DASS7_1        0.610         0.652         0.722         0.702         0.722


           CORRELATION MATRIX (WITH VARIANCES ON THE DIAGONAL)
              DASS6_1       DASS7_1
              ________      ________
 DASS7_1        0.697


     ESTIMATED SAMPLE STATISTICS FOR TREATED


           MEANS/INTERCEPTS/THRESHOLDS
              DASS1_1$      DASS1_1$      DASS1_1$      DASS2_1$      DASS2_1$
              ________      ________      ________      ________      ________
               -1.113         0.182         0.930        -1.143         0.256


           MEANS/INTERCEPTS/THRESHOLDS
              DASS2_1$      DASS3_1$      DASS3_1$      DASS3_1$      DASS4_1$
              ________      ________      ________      ________      ________
                1.078        -1.177         0.025         0.857        -1.317


           MEANS/INTERCEPTS/THRESHOLDS
              DASS4_1$      DASS4_1$      DASS5_1$      DASS5_1$      DASS5_1$
              ________      ________      ________      ________      ________
                0.170         1.054        -1.071         0.101         0.933


           MEANS/INTERCEPTS/THRESHOLDS
              DASS6_1$      DASS6_1$      DASS6_1$      DASS7_1$      DASS7_1$
              ________      ________      ________      ________      ________
               -0.810         0.534         1.443        -0.985         0.268


           MEANS/INTERCEPTS/THRESHOLDS
              DASS7_1$
              ________
                1.147


           CORRELATION MATRIX (WITH VARIANCES ON THE DIAGONAL)
              DASS1_1       DASS2_1       DASS3_1       DASS4_1       DASS5_1
              ________      ________      ________      ________      ________
 DASS1_1
 DASS2_1        0.753
 DASS3_1        0.699         0.785
 DASS4_1        0.676         0.732         0.800
 DASS5_1        0.656         0.678         0.740         0.779
 DASS6_1        0.498         0.601         0.610         0.612         0.638
 DASS7_1        0.623         0.675         0.732         0.710         0.703


           CORRELATION MATRIX (WITH VARIANCES ON THE DIAGONAL)
              DASS6_1       DASS7_1
              ________      ________
 DASS7_1        0.663


THE MODEL ESTIMATION TERMINATED NORMALLY



MODEL FIT INFORMATION

Number of Free Parameters                       54

Chi-Square Test of Model Fit

          Value                            132.575*
          Degrees of Freedom                    30
          P-Value                           0.0000

Chi-Square Contribution From Each Group

          CONTROL                           53.962
          TREATED                           78.613

Chi-Square Test for Difference Testing

          Value                             22.779*
          Degrees of Freedom                     6
          P-Value                           0.0009

*   The chi-square value for MLM, MLMV, MLR, ULSMV, WLSM and WLSMV cannot be used
    for chi-square difference testing in the regular way.  MLM, MLR and WLSM
    chi-square difference testing is described on the Mplus website.  MLMV, WLSMV,
    and ULSMV difference testing is done using the DIFFTEST option.  The DIFFTEST
    option assumes the models are nested.  The NESTED option can be used to verify
    that the models are nested.

RMSEA (Root Mean Square Error Of Approximation)

          Estimate                           0.052
          90 Percent C.I.                    0.043  0.061
          Probability RMSEA <= .05           0.372

CFI/TLI

          CFI                                0.998
          TLI                                0.997

Chi-Square Test of Model Fit for the Baseline Model

          Value                          41303.470
          Degrees of Freedom                    42
          P-Value                           0.0000

SRMR (Standardized Root Mean Square Residual)

          Value                              0.014

Optimum Function Value for Weighted Least-Squares Estimator

          Value                     0.14379748D-01



MODEL RESULTS

                                                    Two-Tailed
                    Estimate       S.E.  Est./S.E.    P-Value

Group CONTROL

 DASSP_1  BY
    DASS1_1            1.179      0.042     28.311      0.000
    DASS2_1            1.393      0.049     28.169      0.000
    DASS3_1            2.020      0.071     28.264      0.000
    DASS4_1            1.812      0.059     30.480      0.000
    DASS5_1            1.606      0.052     30.795      0.000
    DASS6_1            1.015      0.036     28.313      0.000
    DASS7_1            1.384      0.045     30.482      0.000

 DASS1_1  WITH
    DASS2_1            0.366      0.030     12.231      0.000

 DASS6_1  WITH
    DASS7_1            0.291      0.031      9.523      0.000

 Means
    DASSP_1            0.000      0.000    999.000    999.000

 Thresholds
    DASS1_1$1         -1.644      0.066    -24.921      0.000
    DASS1_1$2          0.351      0.055      6.411      0.000
    DASS1_1$3          1.608      0.065     24.775      0.000
    DASS2_1$1         -1.946      0.077    -25.296      0.000
    DASS2_1$2          0.389      0.061      6.405      0.000
    DASS2_1$3          2.129      0.080     26.722      0.000
    DASS3_1$1         -2.696      0.104    -25.953      0.000
    DASS3_1$2         -0.108      0.079     -1.367      0.172
    DASS3_1$3          2.135      0.093     22.902      0.000
    DASS4_1$1         -2.493      0.092    -27.170      0.000
    DASS4_1$2          0.253      0.073      3.483      0.000
    DASS4_1$3          2.195      0.087     25.270      0.000
    DASS5_1$1         -1.863      0.077    -24.291      0.000
    DASS5_1$2          0.324      0.067      4.869      0.000
    DASS5_1$3          1.986      0.079     25.236      0.000
    DASS6_1$1         -1.097      0.054    -20.223      0.000
    DASS6_1$2          0.829      0.053     15.535      0.000
    DASS6_1$3          2.048      0.072     28.499      0.000
    DASS7_1$1         -1.649      0.069    -23.959      0.000
    DASS7_1$2          0.446      0.061      7.345      0.000
    DASS7_1$3          2.119      0.077     27.464      0.000

 Variances
    DASSP_1            1.000      0.000    999.000    999.000

 Residual Variances
    DASS1_1            1.000      0.000    999.000    999.000
    DASS2_1            1.000      0.000    999.000    999.000
    DASS3_1            1.000      0.000    999.000    999.000
    DASS4_1            1.000      0.000    999.000    999.000
    DASS5_1            1.000      0.000    999.000    999.000
    DASS6_1            1.000      0.000    999.000    999.000
    DASS7_1            1.000      0.000    999.000    999.000

Group TREATED

 DASSP_1  BY
    DASS1_1            1.179      0.042     28.311      0.000
    DASS2_1            1.393      0.049     28.169      0.000
    DASS3_1            2.020      0.071     28.264      0.000
    DASS4_1            1.812      0.059     30.480      0.000
    DASS5_1            1.606      0.052     30.795      0.000
    DASS6_1            1.015      0.036     28.313      0.000
    DASS7_1            1.384      0.045     30.482      0.000

 DASS1_1  WITH
    DASS2_1            0.330      0.029     11.406      0.000

 DASS6_1  WITH
    DASS7_1            0.181      0.031      5.920      0.000

 Means
    DASSP_1            0.000      0.000    999.000    999.000

 Thresholds
    DASS1_1$1         -1.749      0.068    -25.608      0.000
    DASS1_1$2          0.286      0.055      5.181      0.000
    DASS1_1$3          1.461      0.064     22.907      0.000
    DASS2_1$1         -1.996      0.077    -26.081      0.000
    DASS2_1$2          0.447      0.062      7.225      0.000
    DASS2_1$3          1.883      0.074     25.543      0.000
    DASS3_1$1         -2.713      0.105    -25.820      0.000
    DASS3_1$2          0.058      0.080      0.725      0.469
    DASS3_1$3          1.976      0.092     21.515      0.000
    DASS4_1$1         -2.785      0.101    -27.586      0.000
    DASS4_1$2          0.360      0.074      4.840      0.000
    DASS4_1$3          2.229      0.089     25.126      0.000
    DASS5_1$1         -2.067      0.082    -25.191      0.000
    DASS5_1$2          0.196      0.068      2.897      0.004
    DASS5_1$3          1.800      0.077     23.297      0.000
    DASS6_1$1         -1.171      0.056    -20.794      0.000
    DASS6_1$2          0.772      0.053     14.500      0.000
    DASS6_1$3          2.086      0.073     28.494      0.000
    DASS7_1$1         -1.713      0.072    -23.928      0.000
    DASS7_1$2          0.466      0.062      7.560      0.000
    DASS7_1$3          1.994      0.075     26.540      0.000

 Variances
    DASSP_1            1.057      0.076     13.934      0.000

 Residual Variances
    DASS1_1            1.000      0.000    999.000    999.000
    DASS2_1            1.000      0.000    999.000    999.000
    DASS3_1            1.000      0.000    999.000    999.000
    DASS4_1            1.000      0.000    999.000    999.000
    DASS5_1            1.000      0.000    999.000    999.000
    DASS6_1            1.000      0.000    999.000    999.000
    DASS7_1            1.000      0.000    999.000    999.000


STANDARDIZED MODEL RESULTS


STDYX Standardization

                                                    Two-Tailed
                    Estimate       S.E.  Est./S.E.    P-Value

Group CONTROL

 DASSP_1  BY
    DASS1_1            0.763      0.011     67.644      0.000
    DASS2_1            0.812      0.010     82.805      0.000
    DASS3_1            0.896      0.006    143.564      0.000
    DASS4_1            0.876      0.007    130.594      0.000
    DASS5_1            0.849      0.008    110.193      0.000
    DASS6_1            0.712      0.012     57.500      0.000
    DASS7_1            0.810      0.009     88.838      0.000

 DASS1_1  WITH
    DASS2_1            0.366      0.030     12.231      0.000

 DASS6_1  WITH
    DASS7_1            0.291      0.031      9.523      0.000

 Means
    DASSP_1            0.000      0.000    999.000    999.000

 Thresholds
    DASS1_1$1         -1.064      0.043    -24.646      0.000
    DASS1_1$2          0.227      0.035      6.434      0.000
    DASS1_1$3          1.040      0.043     24.328      0.000
    DASS2_1$1         -1.135      0.044    -25.517      0.000
    DASS2_1$2          0.227      0.035      6.434      0.000
    DASS2_1$3          1.241      0.047     26.575      0.000
    DASS3_1$1         -1.196      0.046    -26.161      0.000
    DASS3_1$2         -0.048      0.035     -1.366      0.172
    DASS3_1$3          0.947      0.041     22.952      0.000
    DASS4_1$1         -1.204      0.046    -26.241      0.000
    DASS4_1$2          0.122      0.035      3.485      0.000
    DASS4_1$3          1.060      0.043     24.600      0.000
    DASS5_1$1         -0.985      0.042    -23.530      0.000
    DASS5_1$2          0.171      0.035      4.877      0.000
    DASS5_1$3          1.050      0.043     24.462      0.000
    DASS6_1$1         -0.770      0.039    -19.753      0.000
    DASS6_1$2          0.581      0.037     15.642      0.000
    DASS6_1$3          1.437      0.052     27.745      0.000
    DASS7_1$1         -0.966      0.042    -23.248      0.000
    DASS7_1$2          0.261      0.035      7.379      0.000
    DASS7_1$3          1.241      0.047     26.574      0.000

 Variances
    DASSP_1            1.000      0.000    999.000    999.000

 Residual Variances
    DASS1_1            0.419      0.017     24.345      0.000
    DASS2_1            0.340      0.016     21.346      0.000
    DASS3_1            0.197      0.011     17.596      0.000
    DASS4_1            0.233      0.012     19.880      0.000
    DASS5_1            0.279      0.013     21.369      0.000
    DASS6_1            0.492      0.018     27.889      0.000
    DASS7_1            0.343      0.015     23.202      0.000

Group TREATED

 DASSP_1  BY
    DASS1_1            0.771      0.011     69.875      0.000
    DASS2_1            0.820      0.009     91.533      0.000
    DASS3_1            0.901      0.006    150.729      0.000
    DASS4_1            0.881      0.006    137.122      0.000
    DASS5_1            0.855      0.008    111.442      0.000
    DASS6_1            0.722      0.012     57.968      0.000
    DASS7_1            0.818      0.009     90.058      0.000

 DASS1_1  WITH
    DASS2_1            0.330      0.029     11.406      0.000

 DASS6_1  WITH
    DASS7_1            0.181      0.031      5.920      0.000

 Means
    DASSP_1            0.000      0.000    999.000    999.000

 Thresholds
    DASS1_1$1         -1.113      0.044    -25.272      0.000
    DASS1_1$2          0.182      0.035      5.180      0.000
    DASS1_1$3          0.930      0.041     22.678      0.000
    DASS2_1$1         -1.143      0.045    -25.615      0.000
    DASS2_1$2          0.256      0.035      7.238      0.000
    DASS2_1$3          1.078      0.043     24.841      0.000
    DASS3_1$1         -1.177      0.045    -25.980      0.000
    DASS3_1$2          0.025      0.035      0.724      0.469
    DASS3_1$3          0.857      0.040     21.425      0.000
    DASS4_1$1         -1.317      0.048    -27.156      0.000
    DASS4_1$2          0.170      0.035      4.848      0.000
    DASS4_1$3          1.054      0.043     24.527      0.000
    DASS5_1$1         -1.071      0.043    -24.748      0.000
    DASS5_1$2          0.101      0.035      2.898      0.004
    DASS5_1$3          0.933      0.041     22.723      0.000
    DASS6_1$1         -0.810      0.039    -20.551      0.000
    DASS6_1$2          0.534      0.037     14.520      0.000
    DASS6_1$3          1.443      0.052     27.773      0.000
    DASS7_1$1         -0.985      0.042    -23.550      0.000
    DASS7_1$2          0.268      0.035      7.571      0.000
    DASS7_1$3          1.147      0.045     25.655      0.000

 Variances
    DASSP_1            1.000      0.000    999.000    999.000

 Residual Variances
    DASS1_1            0.405      0.017     23.786      0.000
    DASS2_1            0.328      0.015     22.318      0.000
    DASS3_1            0.188      0.011     17.474      0.000
    DASS4_1            0.224      0.011     19.743      0.000
    DASS5_1            0.268      0.013     20.441      0.000
    DASS6_1            0.478      0.018     26.593      0.000
    DASS7_1            0.331      0.015     22.246      0.000


R-SQUARE

Group CONTROL

    Observed                                        Two-Tailed     Scale
    Variable        Estimate       S.E.  Est./S.E.    P-Value     Factors

    DASS1_1            0.581      0.017     33.822      0.000      0.647
    DASS2_1            0.660      0.016     41.403      0.000      0.583
    DASS3_1            0.803      0.011     71.782      0.000      0.444
    DASS4_1            0.767      0.012     65.297      0.000      0.483
    DASS5_1            0.721      0.013     55.096      0.000      0.529
    DASS6_1            0.508      0.018     28.750      0.000      0.702
    DASS7_1            0.657      0.015     44.419      0.000      0.586

Group TREATED

    Observed                                        Two-Tailed     Scale
    Variable        Estimate       S.E.  Est./S.E.    P-Value     Factors

    DASS1_1            0.595      0.017     34.938      0.000      0.636
    DASS2_1            0.672      0.015     45.766      0.000      0.573
    DASS3_1            0.812      0.011     75.364      0.000      0.434
    DASS4_1            0.776      0.011     68.561      0.000      0.473
    DASS5_1            0.732      0.013     55.721      0.000      0.518
    DASS6_1            0.522      0.018     28.984      0.000      0.692
    DASS7_1            0.669      0.015     45.029      0.000      0.575


QUALITY OF NUMERICAL RESULTS

     Condition Number for the Information Matrix              0.789E-02
       (ratio of smallest to largest eigenvalue)


MODEL MODIFICATION INDICES

Minimum M.I. value for printing the modification index    10.000

                                   M.I.     E.P.C.  Std E.P.C.  StdYX E.P.C.
Group CONTROL


ON/BY Statements

DASS2_1  ON DASSP_1  /
DASSP_1  BY DASS2_1               29.444    -0.127     -0.127       -0.074
DASS6_1  ON DASSP_1  /
DASSP_1  BY DASS6_1               13.252     0.053      0.053        0.037

ON Statements

DASSP_1  ON DASS2_1               21.486    -0.265     -0.265       -0.454
DASSP_1  ON DASS6_1               16.397     0.146      0.146        0.209
DASS2_1  ON DASS1_1               29.484    -0.446     -0.446       -0.402
DASS2_1  ON DASS3_1               17.308    -0.084     -0.084       -0.111
DASS2_1  ON DASS4_1               32.588    -0.127     -0.127       -0.154
DASS2_1  ON DASS5_1               40.158    -0.161     -0.161       -0.177
DASS2_1  ON DASS7_1               12.645    -0.088     -0.088       -0.088
DASS4_1  ON DASS2_1               11.531    -0.109     -0.109       -0.090
DASS6_1  ON DASS2_1               10.277     0.057      0.057        0.069
DASS6_1  ON DASS3_1               12.629     0.051      0.051        0.081
DASS6_1  ON DASS4_1               10.798     0.051      0.051        0.074
DASS6_1  ON DASS5_1               11.938     0.058      0.058        0.077
DASS6_1  ON DASS7_1               13.267     0.115      0.115        0.138

WITH Statements

DASS2_1  WITH DASSP_1             29.444    -0.298     -0.298       -0.298
DASS4_1  WITH DASS2_1             13.450    -0.175     -0.175       -0.175
DASS5_1  WITH DASS2_1             21.158    -0.233     -0.233       -0.233
DASS6_1  WITH DASSP_1             13.252     0.125      0.125        0.125
DASS7_1  WITH DASS5_1             13.553     0.146      0.146        0.146

Variances/Residual Variances

DASS2_1                           29.517     0.428      0.428        0.146
DASS6_1                           13.286    -0.247     -0.247       -0.122

Group TREATED


ON/BY Statements

DASS2_1  ON DASSP_1  /
DASSP_1  BY DASS2_1               29.457     0.171      0.176        0.101
DASS6_1  ON DASSP_1  /
DASSP_1  BY DASS6_1               13.261    -0.073     -0.075       -0.052

ON Statements

DASSP_1  ON DASS2_1               22.774     0.291      0.283        0.494
DASSP_1  ON DASS6_1               15.284    -0.147     -0.143       -0.207
DASS1_1  ON DASS6_1               12.121    -0.087     -0.087       -0.080
DASS2_1  ON DASS1_1               29.525     0.415      0.415        0.373
DASS2_1  ON DASS3_1               49.275     0.144      0.144        0.190
DASS2_1  ON DASS4_1               20.881     0.103      0.103        0.125
DASS2_1  ON DASS6_1               11.689     0.098      0.098        0.081
DASS2_1  ON DASS7_1               14.351     0.097      0.097        0.096
DASS3_1  ON DASS2_1               33.783     0.208      0.208        0.158
DASS4_1  ON DASS5_1               10.393     0.097      0.097        0.089
DASS6_1  ON DASS1_1               17.358    -0.084     -0.084       -0.091
DASS6_1  ON DASS3_1               16.073    -0.058     -0.058       -0.093
DASS6_1  ON DASS4_1               12.897    -0.056     -0.056       -0.082
DASS6_1  ON DASS7_1               13.233    -0.104     -0.104       -0.125

WITH Statements

DASS2_1  WITH DASSP_1             29.457     0.315      0.306        0.306
DASS3_1  WITH DASS2_1             50.342     0.352      0.352        0.352
DASS5_1  WITH DASS3_1             11.222    -0.176     -0.176       -0.176
DASS5_1  WITH DASS4_1             10.296     0.151      0.151        0.151
DASS6_1  WITH DASSP_1             13.261    -0.132     -0.129       -0.129
DASS6_1  WITH DASS1_1             11.057    -0.125     -0.125       -0.125

Variances/Residual Variances

DASS2_1                           29.445    -0.428     -0.428       -0.140
DASS6_1                           13.180     0.246      0.246        0.118



SAVEDATA INFORMATION


  Difference testing

  Save file
    dass1_parent_tx_inv_metric.dat
  Save format      Free

     Beginning Time:  20:51:14
        Ending Time:  20:51:14
       Elapsed Time:  00:00:00



MUTHEN & MUTHEN
3463 Stoner Ave.
Los Angeles, CA  90066

Tel: (310) 391-9971
Fax: (310) 391-8971
Web: www.StatModel.com
Support: Support@StatModel.com

Copyright (c) 1998-2019 Muthen & Muthen
