Mplus VERSION 8.4 (Mac)
MUTHEN & MUTHEN
10/30/2023   3:46 PM

INPUT INSTRUCTIONS

  Title: Student DASS Age Measurement Invariance Metric Model;

  Data:
     File is ../dat_stu_1.txt;

  Variable:
     Names are studentid index treatment girl age_w child_grade in_ukr
     guardian_living guardian_region
     grit1_1 grit2_1 grit3_1 grit4_1 grit5_1 grit6_1 grit7_1 grit8_1
     loc1_1 loc2_1 loc3_1 loc4_1
     dass1_1 dass2_1 dass3_1 dass4_1 dass5_1 dass6_1 dass7_1 dass8_1
     dass9_1 dass10_1 dass11_1 dass12_1 dass13_1 dass14_1
     sleep1_1 sleep2_1 sleep3_1 sleep4_1 sleep5_1 sleep6_1 sleep7_1
     edugoals_1 half;
     Missing are . ;

    Usevariable are
  	dass1_1 dass2_1 dass3_1 dass4_1 dass5_1 dass6_1 dass7_1 dass8_1
    dass9_1 dass10_1 dass11_1 dass12_1 dass13_1 dass14_1 age_c;

    Categorical is
  	dass1_1 dass2_1 dass3_1 dass4_1 dass5_1 dass6_1 dass7_1 dass8_1
    dass9_1 dass10_1 dass11_1 dass12_1 dass13_1 dass14_1;

    Idvariable is studentid;

    Group is age_c (1 = Older 0 = Younger);

  Define:
  	age_c = 0;
  	if(age_w ge 13) then age_c = 1;

  Analysis:
     Estimator = wlsmv;
     Parameterization = theta;
     Difftest = dass1_student_age_inv_config.dat


  !!! Model for Younger Students !!!

  Model:
    ! Factor loadings all freely estimated
    stress_1 by
      dass1_1* dass4_1* dass6_1* dass8_1* dass9_1* dass10_1* dass12_1* (L1-L7);

    anxiety_1 by
      dass2_1* dass3_1* dass5_1* dass7_1* dass11_1* dass13_1* dass14_1* (L8-L14);

    !estimating thresholds freely
    [dass1_1$1-dass14_1$1*] (T1_1-T1_14);
    [dass1_1$2-dass14_1$2*] (T2_1-T2_14);
    [dass1_1$3-dass14_1$3*] (T3_1-T3_14);

    !constraining item residual variance to 1 for identification
    dass1_1-dass14_1@1;

    !fixing latent mean to zero for identification
    [stress_1@0];
    [anxiety_1@0];

    !fixing latent variance to one for identification
    stress_1@1;
    anxiety_1@1;

  !!! Model for Older Students !!!

  Model Older:
    ! Factor loadings constrained to *be equal to the control group*
    stress_1 by
      dass1_1* dass4_1* dass6_1* dass8_1* dass9_1* dass10_1* dass12_1* (L1-L7);

    anxiety_1 by
      dass2_1* dass3_1* dass5_1* dass7_1* dass11_1* dass13_1* dass14_1* (L8-L14);

    ! estimating thresholds freely
    [dass1_1$1-dass14_1$1*];
    [dass1_1$2-dass14_1$2*];
    [dass1_1$3-dass14_1$3*];

    ! constraining item residual variance to 1 for identification
    dass1_1-dass14_1@1;

    ! fixing latent factor mean to zero for identification
    [stress_1@0];
    [anxiety_1@0];

    ! latent factor variance *estimated*
    stress_1*;
    anxiety_1*;

  Output: sampstat stdyx modindices(all);
  Savedata: Difftest is dass1_student_age_inv_metric.dat;



INPUT READING TERMINATED NORMALLY



Student DASS Age Measurement Invariance Metric Model;

SUMMARY OF ANALYSIS

Number of groups                                                 2
Number of observations
   Group YOUNGER                                              1374
   Group OLDER                                                1393
   Total sample size                                          2767

Number of dependent variables                                   14
Number of independent variables                                  0
Number of continuous latent variables                            2

Observed dependent variables

  Binary and ordered categorical (ordinal)
   DASS1_1     DASS2_1     DASS3_1     DASS4_1     DASS5_1     DASS6_1
   DASS7_1     DASS8_1     DASS9_1     DASS10_1    DASS11_1    DASS12_1
   DASS13_1    DASS14_1

Continuous latent variables
   STRESS_1    ANXIETY_

Variables with special functions

  Grouping variable     AGE_C
  ID variable           STUDENTI

Estimator                                                    WLSMV
Maximum number of iterations                                  1000
Convergence criterion                                    0.500D-04
Maximum number of steepest descent iterations                   20
Maximum number of iterations for H1                           2000
Convergence criterion for H1                             0.100D-03
Parameterization                                             THETA
Link                                                        PROBIT

Input data file(s)
  ../dat_stu_1.txt

Input data format  FREE


SUMMARY OF DATA

   Group YOUNGER
     Number of missing data patterns             1

   Group OLDER
     Number of missing data patterns             1


COVARIANCE COVERAGE OF DATA

Minimum covariance coverage value   0.100


     PROPORTION OF DATA PRESENT FOR YOUNGER


           Covariance Coverage
              DASS1_1       DASS2_1       DASS3_1       DASS4_1       DASS5_1
              ________      ________      ________      ________      ________
 DASS1_1        1.000
 DASS2_1        1.000         1.000
 DASS3_1        1.000         1.000         1.000
 DASS4_1        1.000         1.000         1.000         1.000
 DASS5_1        1.000         1.000         1.000         1.000         1.000
 DASS6_1        1.000         1.000         1.000         1.000         1.000
 DASS7_1        1.000         1.000         1.000         1.000         1.000
 DASS8_1        1.000         1.000         1.000         1.000         1.000
 DASS9_1        1.000         1.000         1.000         1.000         1.000
 DASS10_1       1.000         1.000         1.000         1.000         1.000
 DASS11_1       1.000         1.000         1.000         1.000         1.000
 DASS12_1       1.000         1.000         1.000         1.000         1.000
 DASS13_1       1.000         1.000         1.000         1.000         1.000
 DASS14_1       1.000         1.000         1.000         1.000         1.000


           Covariance Coverage
              DASS6_1       DASS7_1       DASS8_1       DASS9_1       DASS10_1
              ________      ________      ________      ________      ________
 DASS6_1        1.000
 DASS7_1        1.000         1.000
 DASS8_1        1.000         1.000         1.000
 DASS9_1        1.000         1.000         1.000         1.000
 DASS10_1       1.000         1.000         1.000         1.000         1.000
 DASS11_1       1.000         1.000         1.000         1.000         1.000
 DASS12_1       1.000         1.000         1.000         1.000         1.000
 DASS13_1       1.000         1.000         1.000         1.000         1.000
 DASS14_1       1.000         1.000         1.000         1.000         1.000


           Covariance Coverage
              DASS11_1      DASS12_1      DASS13_1      DASS14_1
              ________      ________      ________      ________
 DASS11_1       1.000
 DASS12_1       1.000         1.000
 DASS13_1       1.000         1.000         1.000
 DASS14_1       1.000         1.000         1.000         1.000


     PROPORTION OF DATA PRESENT FOR OLDER


           Covariance Coverage
              DASS1_1       DASS2_1       DASS3_1       DASS4_1       DASS5_1
              ________      ________      ________      ________      ________
 DASS1_1        1.000
 DASS2_1        1.000         1.000
 DASS3_1        1.000         1.000         1.000
 DASS4_1        1.000         1.000         1.000         1.000
 DASS5_1        1.000         1.000         1.000         1.000         1.000
 DASS6_1        1.000         1.000         1.000         1.000         1.000
 DASS7_1        1.000         1.000         1.000         1.000         1.000
 DASS8_1        1.000         1.000         1.000         1.000         1.000
 DASS9_1        1.000         1.000         1.000         1.000         1.000
 DASS10_1       1.000         1.000         1.000         1.000         1.000
 DASS11_1       1.000         1.000         1.000         1.000         1.000
 DASS12_1       1.000         1.000         1.000         1.000         1.000
 DASS13_1       1.000         1.000         1.000         1.000         1.000
 DASS14_1       1.000         1.000         1.000         1.000         1.000


           Covariance Coverage
              DASS6_1       DASS7_1       DASS8_1       DASS9_1       DASS10_1
              ________      ________      ________      ________      ________
 DASS6_1        1.000
 DASS7_1        1.000         1.000
 DASS8_1        1.000         1.000         1.000
 DASS9_1        1.000         1.000         1.000         1.000
 DASS10_1       1.000         1.000         1.000         1.000         1.000
 DASS11_1       1.000         1.000         1.000         1.000         1.000
 DASS12_1       1.000         1.000         1.000         1.000         1.000
 DASS13_1       1.000         1.000         1.000         1.000         1.000
 DASS14_1       1.000         1.000         1.000         1.000         1.000


           Covariance Coverage
              DASS11_1      DASS12_1      DASS13_1      DASS14_1
              ________      ________      ________      ________
 DASS11_1       1.000
 DASS12_1       1.000         1.000
 DASS13_1       1.000         1.000         1.000
 DASS14_1       1.000         1.000         1.000         1.000


UNIVARIATE PROPORTIONS AND COUNTS FOR CATEGORICAL VARIABLES

  Group YOUNGER
    DASS1_1
      Category 1    0.284          390.000
      Category 2    0.452          621.000
      Category 3    0.197          271.000
      Category 4    0.067           92.000
    DASS2_1
      Category 1    0.514          706.000
      Category 2    0.306          421.000
      Category 3    0.138          190.000
      Category 4    0.041           57.000
    DASS3_1
      Category 1    0.579          796.000
      Category 2    0.264          363.000
      Category 3    0.108          149.000
      Category 4    0.048           66.000
    DASS4_1
      Category 1    0.215          296.000
      Category 2    0.438          602.000
      Category 3    0.226          310.000
      Category 4    0.121          166.000
    DASS5_1
      Category 1    0.504          692.000
      Category 2    0.309          425.000
      Category 3    0.130          179.000
      Category 4    0.057           78.000
    DASS6_1
      Category 1    0.353          485.000
      Category 2    0.378          520.000
      Category 3    0.175          240.000
      Category 4    0.094          129.000
    DASS7_1
      Category 1    0.299          411.000
      Category 2    0.412          566.000
      Category 3    0.194          266.000
      Category 4    0.095          131.000
    DASS8_1
      Category 1    0.269          370.000
      Category 2    0.434          597.000
      Category 3    0.212          291.000
      Category 4    0.084          116.000
    DASS9_1
      Category 1    0.338          464.000
      Category 2    0.400          550.000
      Category 3    0.177          243.000
      Category 4    0.085          117.000
    DASS10_1
      Category 1    0.266          365.000
      Category 2    0.438          602.000
      Category 3    0.206          283.000
      Category 4    0.090          124.000
    DASS11_1
      Category 1    0.413          567.000
      Category 2    0.375          515.000
      Category 3    0.161          221.000
      Category 4    0.052           71.000
    DASS12_1
      Category 1    0.273          375.000
      Category 2    0.413          568.000
      Category 3    0.215          296.000
      Category 4    0.098          135.000
    DASS13_1
      Category 1    0.478          657.000
      Category 2    0.314          431.000
      Category 3    0.144          198.000
      Category 4    0.064           88.000
    DASS14_1
      Category 1    0.491          674.000
      Category 2    0.328          451.000
      Category 3    0.119          163.000
      Category 4    0.063           86.000

  Group OLDER
    DASS1_1
      Category 1    0.319          444.000
      Category 2    0.434          605.000
      Category 3    0.182          254.000
      Category 4    0.065           90.000
    DASS2_1
      Category 1    0.495          689.000
      Category 2    0.319          444.000
      Category 3    0.141          197.000
      Category 4    0.045           63.000
    DASS3_1
      Category 1    0.550          766.000
      Category 2    0.284          395.000
      Category 3    0.120          167.000
      Category 4    0.047           65.000
    DASS4_1
      Category 1    0.266          371.000
      Category 2    0.385          537.000
      Category 3    0.235          327.000
      Category 4    0.113          158.000
    DASS5_1
      Category 1    0.454          633.000
      Category 2    0.309          430.000
      Category 3    0.156          218.000
      Category 4    0.080          112.000
    DASS6_1
      Category 1    0.304          423.000
      Category 2    0.397          553.000
      Category 3    0.201          280.000
      Category 4    0.098          137.000
    DASS7_1
      Category 1    0.314          438.000
      Category 2    0.388          540.000
      Category 3    0.187          260.000
      Category 4    0.111          155.000
    DASS8_1
      Category 1    0.289          403.000
      Category 2    0.391          545.000
      Category 3    0.222          309.000
      Category 4    0.098          136.000
    DASS9_1
      Category 1    0.350          487.000
      Category 2    0.393          548.000
      Category 3    0.183          255.000
      Category 4    0.074          103.000
    DASS10_1
      Category 1    0.280          390.000
      Category 2    0.416          580.000
      Category 3    0.229          319.000
      Category 4    0.075          104.000
    DASS11_1
      Category 1    0.447          622.000
      Category 2    0.349          486.000
      Category 3    0.139          193.000
      Category 4    0.066           92.000
    DASS12_1
      Category 1    0.338          471.000
      Category 2    0.376          524.000
      Category 3    0.185          258.000
      Category 4    0.101          140.000
    DASS13_1
      Category 1    0.488          680.000
      Category 2    0.295          411.000
      Category 3    0.133          185.000
      Category 4    0.084          117.000
    DASS14_1
      Category 1    0.527          734.000
      Category 2    0.285          397.000
      Category 3    0.114          159.000
      Category 4    0.074          103.000


SAMPLE STATISTICS


     ESTIMATED SAMPLE STATISTICS FOR YOUNGER


           MEANS/INTERCEPTS/THRESHOLDS
              DASS1_1$      DASS1_1$      DASS1_1$      DASS2_1$      DASS2_1$
              ________      ________      ________      ________      ________
               -0.571         0.630         1.499         0.035         0.916


           MEANS/INTERCEPTS/THRESHOLDS
              DASS2_1$      DASS3_1$      DASS3_1$      DASS3_1$      DASS4_1$
              ________      ________      ________      ________      ________
                1.734         0.200         1.009         1.664        -0.788


           MEANS/INTERCEPTS/THRESHOLDS
              DASS4_1$      DASS4_1$      DASS5_1$      DASS5_1$      DASS5_1$
              ________      ________      ________      ________      ________
                0.395         1.171         0.009         0.889         1.582


           MEANS/INTERCEPTS/THRESHOLDS
              DASS6_1$      DASS6_1$      DASS6_1$      DASS7_1$      DASS7_1$
              ________      ________      ________      ________      ________
               -0.377         0.617         1.317        -0.527         0.556


           MEANS/INTERCEPTS/THRESHOLDS
              DASS7_1$      DASS8_1$      DASS8_1$      DASS8_1$      DASS9_1$
              ________      ________      ________      ________      ________
                1.309        -0.615         0.535         1.376        -0.419


           MEANS/INTERCEPTS/THRESHOLDS
              DASS9_1$      DASS9_1$      DASS10_1      DASS10_1      DASS10_1
              ________      ________      ________      ________      ________
                0.637         1.371        -0.626         0.535         1.339


           MEANS/INTERCEPTS/THRESHOLDS
              DASS11_1      DASS11_1      DASS11_1      DASS12_1      DASS12_1
              ________      ________      ________      ________      ________
               -0.221         0.798         1.629        -0.604         0.485


           MEANS/INTERCEPTS/THRESHOLDS
              DASS12_1      DASS13_1      DASS13_1      DASS13_1      DASS14_1
              ________      ________      ________      ________      ________
                1.292        -0.055         0.813         1.522        -0.024


           MEANS/INTERCEPTS/THRESHOLDS
              DASS14_1      DASS14_1
              ________      ________
                0.911         1.533


           CORRELATION MATRIX (WITH VARIANCES ON THE DIAGONAL)
              DASS1_1       DASS2_1       DASS3_1       DASS4_1       DASS5_1
              ________      ________      ________      ________      ________
 DASS1_1
 DASS2_1        0.434
 DASS3_1        0.449         0.566
 DASS4_1        0.518         0.401         0.421
 DASS5_1        0.447         0.504         0.552         0.460
 DASS6_1        0.524         0.483         0.497         0.585         0.597
 DASS7_1        0.451         0.462         0.466         0.505         0.519
 DASS8_1        0.484         0.429         0.466         0.512         0.547
 DASS9_1        0.545         0.383         0.469         0.509         0.519
 DASS10_1       0.412         0.362         0.393         0.495         0.413
 DASS11_1       0.488         0.436         0.505         0.492         0.567
 DASS12_1       0.484         0.358         0.413         0.538         0.432
 DASS13_1       0.395         0.448         0.577         0.448         0.581
 DASS14_1       0.440         0.445         0.527         0.458         0.550


           CORRELATION MATRIX (WITH VARIANCES ON THE DIAGONAL)
              DASS6_1       DASS7_1       DASS8_1       DASS9_1       DASS10_1
              ________      ________      ________      ________      ________
 DASS7_1        0.576
 DASS8_1        0.591         0.693
 DASS9_1        0.618         0.543         0.581
 DASS10_1       0.493         0.466         0.494         0.495
 DASS11_1       0.565         0.606         0.626         0.613         0.496
 DASS12_1       0.547         0.561         0.553         0.534         0.480
 DASS13_1       0.528         0.511         0.510         0.514         0.422
 DASS14_1       0.534         0.556         0.524         0.541         0.477


           CORRELATION MATRIX (WITH VARIANCES ON THE DIAGONAL)
              DASS11_1      DASS12_1      DASS13_1      DASS14_1
              ________      ________      ________      ________
 DASS12_1       0.645
 DASS13_1       0.600         0.507
 DASS14_1       0.616         0.524         0.615


     ESTIMATED SAMPLE STATISTICS FOR OLDER


           MEANS/INTERCEPTS/THRESHOLDS
              DASS1_1$      DASS1_1$      DASS1_1$      DASS2_1$      DASS2_1$
              ________      ________      ________      ________      ________
               -0.471         0.684         1.517        -0.013         0.890


           MEANS/INTERCEPTS/THRESHOLDS
              DASS2_1$      DASS3_1$      DASS3_1$      DASS3_1$      DASS4_1$
              ________      ________      ________      ________      ________
                1.693         0.125         0.968         1.678        -0.624


           MEANS/INTERCEPTS/THRESHOLDS
              DASS4_1$      DASS4_1$      DASS5_1$      DASS5_1$      DASS5_1$
              ________      ________      ________      ________      ________
                0.390         1.209        -0.115         0.716         1.402


           MEANS/INTERCEPTS/THRESHOLDS
              DASS6_1$      DASS6_1$      DASS6_1$      DASS7_1$      DASS7_1$
              ________      ________      ________      ________      ________
               -0.514         0.526         1.291        -0.483         0.530


           MEANS/INTERCEPTS/THRESHOLDS
              DASS7_1$      DASS8_1$      DASS8_1$      DASS8_1$      DASS9_1$
              ________      ________      ________      ________      ________
                1.220        -0.555         0.469         1.295        -0.386


           MEANS/INTERCEPTS/THRESHOLDS
              DASS9_1$      DASS9_1$      DASS10_1      DASS10_1      DASS10_1
              ________      ________      ________      ________      ________
                0.653         1.447        -0.583         0.514         1.442


           MEANS/INTERCEPTS/THRESHOLDS
              DASS11_1      DASS11_1      DASS11_1      DASS12_1      DASS12_1
              ________      ________      ________      ________      ________
               -0.134         0.825         1.506        -0.418         0.566


           MEANS/INTERCEPTS/THRESHOLDS
              DASS12_1      DASS13_1      DASS13_1      DASS13_1      DASS14_1
              ________      ________      ________      ________      ________
                1.279        -0.030         0.783         1.379         0.068


           MEANS/INTERCEPTS/THRESHOLDS
              DASS14_1      DASS14_1
              ________      ________
                0.885         1.447


           CORRELATION MATRIX (WITH VARIANCES ON THE DIAGONAL)
              DASS1_1       DASS2_1       DASS3_1       DASS4_1       DASS5_1
              ________      ________      ________      ________      ________
 DASS1_1
 DASS2_1        0.437
 DASS3_1        0.477         0.576
 DASS4_1        0.587         0.401         0.436
 DASS5_1        0.504         0.516         0.592         0.480
 DASS6_1        0.604         0.494         0.567         0.617         0.612
 DASS7_1        0.546         0.408         0.538         0.522         0.490
 DASS8_1        0.593         0.454         0.532         0.534         0.559
 DASS9_1        0.607         0.472         0.517         0.554         0.511
 DASS10_1       0.411         0.341         0.365         0.520         0.341
 DASS11_1       0.548         0.470         0.577         0.558         0.536
 DASS12_1       0.534         0.415         0.476         0.586         0.473
 DASS13_1       0.457         0.439         0.607         0.451         0.603
 DASS14_1       0.547         0.479         0.591         0.521         0.592


           CORRELATION MATRIX (WITH VARIANCES ON THE DIAGONAL)
              DASS6_1       DASS7_1       DASS8_1       DASS9_1       DASS10_1
              ________      ________      ________      ________      ________
 DASS7_1        0.642
 DASS8_1        0.642         0.640
 DASS9_1        0.648         0.556         0.612
 DASS10_1       0.486         0.480         0.429         0.504
 DASS11_1       0.628         0.616         0.646         0.606         0.503
 DASS12_1       0.602         0.585         0.588         0.556         0.427
 DASS13_1       0.556         0.522         0.550         0.537         0.455
 DASS14_1       0.606         0.565         0.572         0.603         0.430


           CORRELATION MATRIX (WITH VARIANCES ON THE DIAGONAL)
              DASS11_1      DASS12_1      DASS13_1      DASS14_1
              ________      ________      ________      ________
 DASS12_1       0.634
 DASS13_1       0.611         0.562
 DASS14_1       0.637         0.574         0.647


THE MODEL ESTIMATION TERMINATED NORMALLY



MODEL FIT INFORMATION

Number of Free Parameters                      102

Chi-Square Test of Model Fit

          Value                            814.367*
          Degrees of Freedom                   164
          P-Value                           0.0000

Chi-Square Contribution From Each Group

          YOUNGER                          446.022
          OLDER                            368.346

Chi-Square Test for Difference Testing

          Value                             26.487*
          Degrees of Freedom                    12
          P-Value                           0.0092

*   The chi-square value for MLM, MLMV, MLR, ULSMV, WLSM and WLSMV cannot be used
    for chi-square difference testing in the regular way.  MLM, MLR and WLSM
    chi-square difference testing is described on the Mplus website.  MLMV, WLSMV,
    and ULSMV difference testing is done using the DIFFTEST option.  The DIFFTEST
    option assumes the models are nested.  The NESTED option can be used to verify
    that the models are nested.

RMSEA (Root Mean Square Error Of Approximation)

          Estimate                           0.054
          90 Percent C.I.                    0.050  0.057
          Probability RMSEA <= .05           0.055

CFI/TLI

          CFI                                0.984
          TLI                                0.982

Chi-Square Test of Model Fit for the Baseline Model

          Value                          40473.612
          Degrees of Freedom                   182
          P-Value                           0.0000

SRMR (Standardized Root Mean Square Residual)

          Value                              0.032

Optimum Function Value for Weighted Least-Squares Estimator

          Value                     0.11540466D+00



MODEL RESULTS

                                                    Two-Tailed
                    Estimate       S.E.  Est./S.E.    P-Value

Group YOUNGER

 STRESS_1 BY
    DASS1_1            0.948      0.035     27.202      0.000
    DASS4_1            0.975      0.034     28.612      0.000
    DASS6_1            1.323      0.046     28.680      0.000
    DASS8_1            1.245      0.043     29.153      0.000
    DASS9_1            1.162      0.040     29.178      0.000
    DASS10_1           0.770      0.029     26.846      0.000
    DASS12_1           1.076      0.037     28.765      0.000

 ANXIETY_ BY
    DASS2_1            0.778      0.032     23.980      0.000
    DASS3_1            0.997      0.041     24.583      0.000
    DASS5_1            1.053      0.040     26.204      0.000
    DASS7_1            1.196      0.043     27.977      0.000
    DASS11_1           1.369      0.050     27.240      0.000
    DASS13_1           1.087      0.040     27.439      0.000
    DASS14_1           1.183      0.045     26.479      0.000

 ANXIETY_ WITH
    STRESS_1           0.940      0.008    121.777      0.000

 Means
    STRESS_1           0.000      0.000    999.000    999.000
    ANXIETY_1          0.000      0.000    999.000    999.000

 Thresholds
    DASS1_1$1         -0.787      0.049    -16.081      0.000
    DASS1_1$2          0.869      0.051     17.190      0.000
    DASS1_1$3          2.065      0.071     29.179      0.000
    DASS2_1$1          0.044      0.043      1.025      0.305
    DASS2_1$2          1.161      0.051     22.933      0.000
    DASS2_1$3          2.197      0.075     29.114      0.000
    DASS3_1$1          0.283      0.049      5.778      0.000
    DASS3_1$2          1.424      0.059     23.969      0.000
    DASS3_1$3          2.350      0.081     29.176      0.000
    DASS4_1$1         -1.101      0.052    -21.161      0.000
    DASS4_1$2          0.552      0.049     11.360      0.000
    DASS4_1$3          1.636      0.059     27.832      0.000
    DASS5_1$1          0.013      0.049      0.270      0.787
    DASS5_1$2          1.291      0.058     22.301      0.000
    DASS5_1$3          2.298      0.077     29.897      0.000
    DASS6_1$1         -0.626      0.057    -11.024      0.000
    DASS6_1$2          1.023      0.061     16.912      0.000
    DASS6_1$3          2.184      0.074     29.476      0.000
    DASS7_1$1         -0.822      0.055    -15.016      0.000
    DASS7_1$2          0.868      0.056     15.358      0.000
    DASS7_1$3          2.040      0.072     28.444      0.000
    DASS8_1$1         -0.982      0.057    -17.307      0.000
    DASS8_1$2          0.855      0.057     14.960      0.000
    DASS8_1$3          2.197      0.075     29.106      0.000
    DASS9_1$1         -0.642      0.052    -12.236      0.000
    DASS9_1$2          0.977      0.056     17.480      0.000
    DASS9_1$3          2.102      0.070     29.831      0.000
    DASS10_1$1        -0.790      0.045    -17.477      0.000
    DASS10_1$2         0.676      0.045     15.050      0.000
    DASS10_1$3         1.690      0.058     29.259      0.000
    DASS11_1$1        -0.374      0.057     -6.586      0.000
    DASS11_1$2         1.353      0.067     20.163      0.000
    DASS11_1$3         2.762      0.094     29.290      0.000
    DASS12_1$1        -0.887      0.052    -17.007      0.000
    DASS12_1$2         0.713      0.052     13.725      0.000
    DASS12_1$3         1.897      0.066     28.783      0.000
    DASS13_1$1        -0.081      0.050     -1.625      0.104
    DASS13_1$2         1.201      0.057     21.024      0.000
    DASS13_1$3         2.247      0.075     30.059      0.000
    DASS14_1$1        -0.037      0.052     -0.703      0.482
    DASS14_1$2         1.411      0.063     22.444      0.000
    DASS14_1$3         2.376      0.080     29.788      0.000

 Variances
    STRESS_1           1.000      0.000    999.000    999.000
    ANXIETY_1          1.000      0.000    999.000    999.000

 Residual Variances
    DASS1_1            1.000      0.000    999.000    999.000
    DASS2_1            1.000      0.000    999.000    999.000
    DASS3_1            1.000      0.000    999.000    999.000
    DASS4_1            1.000      0.000    999.000    999.000
    DASS5_1            1.000      0.000    999.000    999.000
    DASS6_1            1.000      0.000    999.000    999.000
    DASS7_1            1.000      0.000    999.000    999.000
    DASS8_1            1.000      0.000    999.000    999.000
    DASS9_1            1.000      0.000    999.000    999.000
    DASS10_1           1.000      0.000    999.000    999.000
    DASS11_1           1.000      0.000    999.000    999.000
    DASS12_1           1.000      0.000    999.000    999.000
    DASS13_1           1.000      0.000    999.000    999.000
    DASS14_1           1.000      0.000    999.000    999.000

Group OLDER

 STRESS_1 BY
    DASS1_1            0.948      0.035     27.202      0.000
    DASS4_1            0.975      0.034     28.612      0.000
    DASS6_1            1.323      0.046     28.680      0.000
    DASS8_1            1.245      0.043     29.153      0.000
    DASS9_1            1.162      0.040     29.178      0.000
    DASS10_1           0.770      0.029     26.846      0.000
    DASS12_1           1.076      0.037     28.765      0.000

 ANXIETY_ BY
    DASS2_1            0.778      0.032     23.980      0.000
    DASS3_1            0.997      0.041     24.583      0.000
    DASS5_1            1.053      0.040     26.204      0.000
    DASS7_1            1.196      0.043     27.977      0.000
    DASS11_1           1.369      0.050     27.240      0.000
    DASS13_1           1.087      0.040     27.439      0.000
    DASS14_1           1.183      0.045     26.479      0.000

 ANXIETY_ WITH
    STRESS_1           1.055      0.069     15.188      0.000

 Means
    STRESS_1           0.000      0.000    999.000    999.000
    ANXIETY_1          0.000      0.000    999.000    999.000

 Thresholds
    DASS1_1$1         -0.671      0.049    -13.663      0.000
    DASS1_1$2          0.975      0.053     18.432      0.000
    DASS1_1$3          2.161      0.073     29.796      0.000
    DASS2_1$1         -0.017      0.043     -0.403      0.687
    DASS2_1$2          1.146      0.050     22.702      0.000
    DASS2_1$3          2.180      0.074     29.502      0.000
    DASS3_1$1          0.181      0.049      3.692      0.000
    DASS3_1$2          1.395      0.058     23.902      0.000
    DASS3_1$3          2.420      0.082     29.518      0.000
    DASS4_1$1         -0.902      0.051    -17.576      0.000
    DASS4_1$2          0.564      0.050     11.293      0.000
    DASS4_1$3          1.747      0.062     28.107      0.000
    DASS5_1$1         -0.170      0.050     -3.422      0.001
    DASS5_1$2          1.064      0.056     19.083      0.000
    DASS5_1$3          2.083      0.072     29.014      0.000
    DASS6_1$1         -0.891      0.060    -14.808      0.000
    DASS6_1$2          0.912      0.062     14.765      0.000
    DASS6_1$3          2.238      0.079     28.486      0.000
    DASS7_1$1         -0.772      0.055    -13.948      0.000
    DASS7_1$2          0.848      0.057     14.826      0.000
    DASS7_1$3          1.949      0.071     27.517      0.000
    DASS8_1$1         -0.925      0.058    -15.905      0.000
    DASS8_1$2          0.782      0.059     13.289      0.000
    DASS8_1$3          2.157      0.076     28.299      0.000
    DASS9_1$1         -0.617      0.054    -11.381      0.000
    DASS9_1$2          1.041      0.058     17.826      0.000
    DASS9_1$3          2.309      0.077     29.859      0.000
    DASS10_1$1        -0.755      0.046    -16.426      0.000
    DASS10_1$2         0.666      0.046     14.538      0.000
    DASS10_1$3         1.869      0.064     29.321      0.000
    DASS11_1$1        -0.234      0.058     -4.031      0.000
    DASS11_1$2         1.438      0.068     21.011      0.000
    DASS11_1$3         2.624      0.090     29.106      0.000
    DASS12_1$1        -0.637      0.052    -12.243      0.000
    DASS12_1$2         0.863      0.055     15.798      0.000
    DASS12_1$3         1.950      0.068     28.648      0.000
    DASS13_1$1        -0.045      0.051     -0.886      0.376
    DASS13_1$2         1.183      0.058     20.481      0.000
    DASS13_1$3         2.083      0.071     29.275      0.000
    DASS14_1$1         0.107      0.054      1.998      0.046
    DASS14_1$2         1.405      0.063     22.434      0.000
    DASS14_1$3         2.297      0.077     29.749      0.000

 Variances
    STRESS_1           1.146      0.081     14.164      0.000
    ANXIETY_1          1.086      0.083     13.106      0.000

 Residual Variances
    DASS1_1            1.000      0.000    999.000    999.000
    DASS2_1            1.000      0.000    999.000    999.000
    DASS3_1            1.000      0.000    999.000    999.000
    DASS4_1            1.000      0.000    999.000    999.000
    DASS5_1            1.000      0.000    999.000    999.000
    DASS6_1            1.000      0.000    999.000    999.000
    DASS7_1            1.000      0.000    999.000    999.000
    DASS8_1            1.000      0.000    999.000    999.000
    DASS9_1            1.000      0.000    999.000    999.000
    DASS10_1           1.000      0.000    999.000    999.000
    DASS11_1           1.000      0.000    999.000    999.000
    DASS12_1           1.000      0.000    999.000    999.000
    DASS13_1           1.000      0.000    999.000    999.000
    DASS14_1           1.000      0.000    999.000    999.000


STANDARDIZED MODEL RESULTS


STDYX Standardization

                                                    Two-Tailed
                    Estimate       S.E.  Est./S.E.    P-Value

Group YOUNGER

 STRESS_1 BY
    DASS1_1            0.688      0.013     51.631      0.000
    DASS4_1            0.698      0.013     55.838      0.000
    DASS6_1            0.798      0.010     78.859      0.000
    DASS8_1            0.780      0.010     74.308      0.000
    DASS9_1            0.758      0.011     68.577      0.000
    DASS10_1           0.610      0.014     42.772      0.000
    DASS12_1           0.733      0.012     62.073      0.000

 ANXIETY_ BY
    DASS2_1            0.614      0.016     38.508      0.000
    DASS3_1            0.706      0.014     48.995      0.000
    DASS5_1            0.725      0.013     55.284      0.000
    DASS7_1            0.767      0.011     68.008      0.000
    DASS11_1           0.808      0.010     78.305      0.000
    DASS13_1           0.736      0.012     59.854      0.000
    DASS14_1           0.764      0.012     63.537      0.000

 ANXIETY_ WITH
    STRESS_1           0.940      0.008    121.777      0.000

 Means
    STRESS_1           0.000      0.000    999.000    999.000
    ANXIETY_1          0.000      0.000    999.000    999.000

 Thresholds
    DASS1_1$1         -0.571      0.036    -15.919      0.000
    DASS1_1$2          0.630      0.036     17.334      0.000
    DASS1_1$3          1.499      0.052     28.839      0.000
    DASS2_1$1          0.035      0.034      1.027      0.305
    DASS2_1$2          0.916      0.040     23.189      0.000
    DASS2_1$3          1.734      0.061     28.605      0.000
    DASS3_1$1          0.200      0.034      5.877      0.000
    DASS3_1$2          1.009      0.041     24.685      0.000
    DASS3_1$3          1.664      0.058     28.817      0.000
    DASS4_1$1         -0.788      0.038    -20.778      0.000
    DASS4_1$2          0.395      0.035     11.352      0.000
    DASS4_1$3          1.171      0.044     26.767      0.000
    DASS5_1$1          0.009      0.034      0.270      0.787
    DASS5_1$2          0.889      0.039     22.707      0.000
    DASS5_1$3          1.582      0.055     28.911      0.000
    DASS6_1$1         -0.377      0.035    -10.872      0.000
    DASS6_1$2          0.617      0.036     17.020      0.000
    DASS6_1$3          1.317      0.047     28.049      0.000
    DASS7_1$1         -0.527      0.036    -14.812      0.000
    DASS7_1$2          0.556      0.036     15.551      0.000
    DASS7_1$3          1.309      0.047     27.988      0.000
    DASS8_1$1         -0.615      0.036    -16.968      0.000
    DASS8_1$2          0.535      0.036     15.023      0.000
    DASS8_1$3          1.376      0.048     28.399      0.000
    DASS9_1$1         -0.419      0.035    -11.995      0.000
    DASS9_1$2          0.637      0.036     17.491      0.000
    DASS9_1$3          1.371      0.048     28.376      0.000
    DASS10_1$1        -0.626      0.036    -17.230      0.000
    DASS10_1$2         0.535      0.036     15.026      0.000
    DASS10_1$3         1.339      0.048     28.191      0.000
    DASS11_1$1        -0.221      0.034     -6.470      0.000
    DASS11_1$2         0.798      0.038     20.978      0.000
    DASS11_1$3         1.629      0.056     28.877      0.000
    DASS12_1$1        -0.604      0.036    -16.708      0.000
    DASS12_1$2         0.485      0.035     13.752      0.000
    DASS12_1$3         1.292      0.046     27.867      0.000
    DASS13_1$1        -0.055      0.034     -1.618      0.106
    DASS13_1$2         0.813      0.038     21.278      0.000
    DASS13_1$3         1.522      0.053     28.875      0.000
    DASS14_1$1        -0.024      0.034     -0.701      0.483
    DASS14_1$2         0.911      0.039     23.093      0.000
    DASS14_1$3         1.534      0.053     28.894      0.000

 Variances
    STRESS_1           1.000      0.000    999.000    999.000
    ANXIETY_1          1.000      0.000    999.000    999.000

 Residual Variances
    DASS1_1            0.527      0.018     28.745      0.000
    DASS2_1            0.623      0.020     31.780      0.000
    DASS3_1            0.502      0.020     24.670      0.000
    DASS4_1            0.512      0.017     29.340      0.000
    DASS5_1            0.474      0.019     24.908      0.000
    DASS6_1            0.364      0.016     22.536      0.000
    DASS7_1            0.411      0.017     23.765      0.000
    DASS8_1            0.392      0.016     23.987      0.000
    DASS9_1            0.425      0.017     25.393      0.000
    DASS10_1           0.628      0.017     36.050      0.000
    DASS11_1           0.348      0.017     20.886      0.000
    DASS12_1           0.463      0.017     26.804      0.000
    DASS13_1           0.458      0.018     25.333      0.000
    DASS14_1           0.417      0.018     22.700      0.000

Group OLDER

 STRESS_1 BY
    DASS1_1            0.712      0.013     55.407      0.000
    DASS4_1            0.722      0.012     58.819      0.000
    DASS6_1            0.817      0.009     86.219      0.000
    DASS8_1            0.800      0.010     78.607      0.000
    DASS9_1            0.779      0.011     73.095      0.000
    DASS10_1           0.636      0.015     43.291      0.000
    DASS12_1           0.755      0.011     66.438      0.000

 ANXIETY_ BY
    DASS2_1            0.630      0.016     39.323      0.000
    DASS3_1            0.720      0.014     51.741      0.000
    DASS5_1            0.739      0.013     56.662      0.000
    DASS7_1            0.780      0.011     70.202      0.000
    DASS11_1           0.819      0.010     81.956      0.000
    DASS13_1           0.750      0.013     59.684      0.000
    DASS14_1           0.777      0.012     67.334      0.000

 ANXIETY_ WITH
    STRESS_1           0.945      0.007    130.836      0.000

 Means
    STRESS_1           0.000      0.000    999.000    999.000
    ANXIETY_1          0.000      0.000    999.000    999.000

 Thresholds
    DASS1_1$1         -0.471      0.035    -13.474      0.000
    DASS1_1$2          0.684      0.037     18.695      0.000
    DASS1_1$3          1.517      0.052     29.069      0.000
    DASS2_1$1         -0.014      0.034     -0.403      0.687
    DASS2_1$2          0.890      0.039     22.890      0.000
    DASS2_1$3          1.693      0.059     28.939      0.000
    DASS3_1$1          0.125      0.034      3.723      0.000
    DASS3_1$2          0.968      0.040     24.214      0.000
    DASS3_1$3          1.678      0.058     28.981      0.000
    DASS4_1$1         -0.624      0.036    -17.301      0.000
    DASS4_1$2          0.390      0.035     11.303      0.000
    DASS4_1$3          1.209      0.044     27.340      0.000
    DASS5_1$1         -0.115      0.034     -3.402      0.001
    DASS5_1$2          0.716      0.037     19.410      0.000
    DASS5_1$3          1.402      0.049     28.725      0.000
    DASS6_1$1         -0.514      0.035    -14.581      0.000
    DASS6_1$2          0.526      0.035     14.896      0.000
    DASS6_1$3          1.291      0.046     28.055      0.000
    DASS7_1$1         -0.483      0.035    -13.792      0.000
    DASS7_1$2          0.530      0.035     15.002      0.000
    DASS7_1$3          1.220      0.044     27.447      0.000
    DASS8_1$1         -0.555      0.036    -15.630      0.000
    DASS8_1$2          0.469      0.035     13.421      0.000
    DASS8_1$3          1.295      0.046     28.084      0.000
    DASS9_1$1         -0.386      0.035    -11.198      0.000
    DASS9_1$2          0.653      0.036     17.971      0.000
    DASS9_1$3          1.447      0.050     28.899      0.000
    DASS10_1$1        -0.583      0.036    -16.309      0.000
    DASS10_1$2         0.514      0.035     14.583      0.000
    DASS10_1$3         1.442      0.050     28.884      0.000
    DASS11_1$1        -0.134      0.034     -3.991      0.000
    DASS11_1$2         0.825      0.038     21.671      0.000
    DASS11_1$3         1.506      0.052     29.049      0.000
    DASS12_1$1        -0.418      0.035    -12.047      0.000
    DASS12_1$2         0.566      0.036     15.895      0.000
    DASS12_1$3         1.279      0.046     27.960      0.000
    DASS13_1$1        -0.030      0.034     -0.884      0.377
    DASS13_1$2         0.783      0.038     20.824      0.000
    DASS13_1$3         1.379      0.048     28.610      0.000
    DASS14_1$1         0.068      0.034      2.009      0.044
    DASS14_1$2         0.885      0.039     22.793      0.000
    DASS14_1$3         1.447      0.050     28.902      0.000

 Variances
    STRESS_1           1.000      0.000    999.000    999.000
    ANXIETY_1          1.000      0.000    999.000    999.000

 Residual Variances
    DASS1_1            0.493      0.018     26.927      0.000
    DASS2_1            0.603      0.020     29.880      0.000
    DASS3_1            0.481      0.020     23.986      0.000
    DASS4_1            0.478      0.018     26.979      0.000
    DASS5_1            0.453      0.019     23.504      0.000
    DASS6_1            0.333      0.015     21.509      0.000
    DASS7_1            0.392      0.017     22.586      0.000
    DASS8_1            0.360      0.016     22.150      0.000
    DASS9_1            0.393      0.017     23.627      0.000
    DASS10_1           0.595      0.019     31.851      0.000
    DASS11_1           0.329      0.016     20.126      0.000
    DASS12_1           0.430      0.017     25.043      0.000
    DASS13_1           0.438      0.019     23.257      0.000
    DASS14_1           0.397      0.018     22.149      0.000


R-SQUARE

Group YOUNGER

    Observed                                        Two-Tailed     Scale
    Variable        Estimate       S.E.  Est./S.E.    P-Value     Factors

    DASS1_1            0.473      0.018     25.816      0.000      0.726
    DASS2_1            0.377      0.020     19.254      0.000      0.789
    DASS3_1            0.498      0.020     24.498      0.000      0.708
    DASS4_1            0.488      0.017     27.919      0.000      0.716
    DASS5_1            0.526      0.019     27.642      0.000      0.688
    DASS6_1            0.636      0.016     39.429      0.000      0.603
    DASS7_1            0.589      0.017     34.004      0.000      0.641
    DASS8_1            0.608      0.016     37.154      0.000      0.626
    DASS9_1            0.575      0.017     34.289      0.000      0.652
    DASS10_1           0.372      0.017     21.386      0.000      0.792
    DASS11_1           0.652      0.017     39.152      0.000      0.590
    DASS12_1           0.537      0.017     31.037      0.000      0.681
    DASS13_1           0.542      0.018     29.927      0.000      0.677
    DASS14_1           0.583      0.018     31.768      0.000      0.646

Group OLDER

    Observed                                        Two-Tailed     Scale
    Variable        Estimate       S.E.  Est./S.E.    P-Value     Factors

    DASS1_1            0.507      0.018     27.703      0.000      0.702
    DASS2_1            0.397      0.020     19.662      0.000      0.777
    DASS3_1            0.519      0.020     25.870      0.000      0.694
    DASS4_1            0.522      0.018     29.409      0.000      0.692
    DASS5_1            0.547      0.019     28.331      0.000      0.673
    DASS6_1            0.667      0.015     43.109      0.000      0.577
    DASS7_1            0.608      0.017     35.101      0.000      0.626
    DASS8_1            0.640      0.016     39.303      0.000      0.600
    DASS9_1            0.607      0.017     36.548      0.000      0.627
    DASS10_1           0.405      0.019     21.646      0.000      0.772
    DASS11_1           0.671      0.016     40.978      0.000      0.574
    DASS12_1           0.570      0.017     33.219      0.000      0.656
    DASS13_1           0.562      0.019     29.842      0.000      0.662
    DASS14_1           0.603      0.018     33.667      0.000      0.630


QUALITY OF NUMERICAL RESULTS

     Condition Number for the Information Matrix              0.419E-02
       (ratio of smallest to largest eigenvalue)


MODEL MODIFICATION INDICES

Minimum M.I. value for printing the modification index    10.000

                                   M.I.     E.P.C.  Std E.P.C.  StdYX E.P.C.
Group YOUNGER


ON/BY Statements

DASS1_1  ON STRESS_1 /
STRESS_1 BY DASS1_1               24.647    -0.072     -0.072       -0.053
DASS1_1  ON ANXIETY_ /
ANXIETY_ BY DASS1_1               27.420    -0.168     -0.168       -0.122
DASS3_1  ON STRESS_1 /
STRESS_1 BY DASS3_1               10.730    -0.118     -0.118       -0.084
DASS7_1  ON STRESS_1 /
STRESS_1 BY DASS7_1               11.971     0.136      0.136        0.087
DASS10_1 ON STRESS_1 /
STRESS_1 BY DASS10_1              33.651     0.063      0.063        0.050
DASS10_1 ON ANXIETY_ /
ANXIETY_ BY DASS10_1              31.198     0.138      0.138        0.110

ON Statements

STRESS_1 ON DASS3_1               25.871    -0.106     -0.106       -0.149
STRESS_1 ON DASS4_1               16.123     0.097      0.097        0.136
STRESS_1 ON DASS7_1               49.786     0.135      0.135        0.210
STRESS_1 ON DASS8_1               35.477    -0.156     -0.156       -0.249
STRESS_1 ON DASS11_1              14.203     0.081      0.081        0.137
STRESS_1 ON DASS13_1              14.018    -0.075     -0.075       -0.111
STRESS_1 ON DASS14_1              10.824    -0.069     -0.069       -0.108
ANXIETY_ ON DASS1_1               20.650    -0.088     -0.088       -0.121
ANXIETY_ ON DASS3_1               19.687     0.121      0.121        0.170
ANXIETY_ ON DASS4_1               13.795    -0.070     -0.070       -0.098
ANXIETY_ ON DASS7_1               60.842    -0.203     -0.203       -0.317
ANXIETY_ ON DASS8_1               29.967     0.109      0.109        0.174
ANXIETY_ ON DASS11_1              19.116    -0.124     -0.124       -0.211
ANXIETY_ ON DASS13_1              19.359     0.116      0.116        0.171
DASS1_1  ON DASS3_1               17.103    -0.101     -0.101       -0.103
DASS1_1  ON DASS5_1               20.467    -0.106     -0.106       -0.112
DASS1_1  ON DASS6_1               21.241    -0.098     -0.098       -0.118
DASS1_1  ON DASS7_1               26.339    -0.109     -0.109       -0.123
DASS1_1  ON DASS8_1               27.609    -0.115     -0.115       -0.133
DASS1_1  ON DASS10_1              11.248    -0.093     -0.093       -0.085
DASS1_1  ON DASS11_1              24.991    -0.098     -0.098       -0.120
DASS1_1  ON DASS12_1              18.293    -0.102     -0.102       -0.109
DASS1_1  ON DASS13_1              33.749    -0.135     -0.135       -0.145
DASS1_1  ON DASS14_1              27.917    -0.116     -0.116       -0.131
DASS2_1  ON DASS3_1               18.498     0.092      0.092        0.102
DASS3_1  ON DASS2_1               11.483     0.099      0.099        0.088
DASS3_1  ON DASS4_1               11.541    -0.090     -0.090       -0.089
DASS3_1  ON DASS6_1               10.815    -0.073     -0.073       -0.086
DASS3_1  ON DASS7_1               13.187    -0.095     -0.095       -0.105
DASS3_1  ON DASS8_1               13.284    -0.084     -0.084       -0.095
DASS3_1  ON DASS9_1               10.669    -0.079     -0.079       -0.085
DASS3_1  ON DASS11_1              11.762    -0.081     -0.081       -0.097
DASS3_1  ON DASS12_1              16.368    -0.105     -0.105       -0.109
DASS5_1  ON DASS2_1               10.001     0.096      0.096        0.084
DASS7_1  ON DASS8_1               66.497     0.172      0.172        0.176
DASS7_1  ON DASS12_1              12.291     0.088      0.088        0.083
DASS8_1  ON DASS7_1               61.318     0.174      0.174        0.170
DASS10_1 ON DASS1_1               17.905     0.089      0.089        0.097
DASS10_1 ON DASS2_1               18.423     0.099      0.099        0.100
DASS10_1 ON DASS3_1               19.109     0.089      0.089        0.100
DASS10_1 ON DASS4_1               40.622     0.126      0.126        0.140
DASS10_1 ON DASS5_1               20.520     0.088      0.088        0.101
DASS10_1 ON DASS6_1               26.007     0.086      0.086        0.113
DASS10_1 ON DASS7_1               25.927     0.086      0.086        0.106
DASS10_1 ON DASS8_1               27.371     0.091      0.091        0.115
DASS10_1 ON DASS9_1               30.088     0.099      0.099        0.120
DASS10_1 ON DASS11_1              28.515     0.082      0.082        0.111
DASS10_1 ON DASS12_1              29.259     0.102      0.102        0.118
DASS10_1 ON DASS13_1              20.699     0.084      0.084        0.099
DASS10_1 ON DASS14_1              28.897     0.093      0.093        0.115
DASS11_1 ON DASS12_1              23.757     0.135      0.135        0.117
DASS14_1 ON DASS1_1               12.904    -0.110     -0.110       -0.098
DASS14_1 ON DASS4_1               11.383    -0.100     -0.100       -0.090
DASS14_1 ON DASS6_1               11.156    -0.083     -0.083       -0.089
DASS14_1 ON DASS8_1               10.762    -0.083     -0.083       -0.086

WITH Statements

DASS1_1  WITH ANXIETY_            20.647    -0.088     -0.088       -0.088
DASS3_1  WITH STRESS_1            25.873    -0.106     -0.106       -0.106
DASS3_1  WITH ANXIETY_            19.690     0.121      0.121        0.121
DASS3_1  WITH DASS2_1             44.434     0.264      0.264        0.264
DASS4_1  WITH STRESS_1            16.120     0.097      0.097        0.097
DASS4_1  WITH ANXIETY_            13.793    -0.070     -0.070       -0.070
DASS7_1  WITH STRESS_1            49.781     0.135      0.135        0.135
DASS7_1  WITH ANXIETY_            60.836    -0.203     -0.203       -0.203
DASS7_1  WITH DASS3_1             10.755    -0.183     -0.183       -0.183
DASS8_1  WITH STRESS_1            35.483    -0.156     -0.156       -0.156
DASS8_1  WITH ANXIETY_            29.970     0.109      0.109        0.109
DASS8_1  WITH DASS7_1            109.608     0.394      0.394        0.394
DASS10_1 WITH DASS4_1             13.928     0.134      0.134        0.134
DASS11_1 WITH STRESS_1            14.200     0.081      0.081        0.081
DASS11_1 WITH ANXIETY_            19.111    -0.124     -0.124       -0.124
DASS12_1 WITH DASS11_1            37.053     0.259      0.259        0.259
DASS13_1 WITH STRESS_1            14.021    -0.075     -0.075       -0.075
DASS13_1 WITH ANXIETY_            19.362     0.116      0.116        0.116
DASS13_1 WITH DASS1_1             12.810    -0.176     -0.176       -0.176
DASS14_1 WITH STRESS_1            10.826    -0.070     -0.070       -0.070
DASS14_1 WITH DASS13_1            10.171     0.142      0.142        0.142

Variances/Residual Variances

DASS1_1                           24.644     0.359      0.359        0.189
DASS10_1                          33.645    -0.391     -0.391       -0.245

Group OLDER


ON/BY Statements

DASS1_1  ON STRESS_1 /
STRESS_1 BY DASS1_1               24.637     0.098      0.105        0.074
DASS1_1  ON ANXIETY_ /
ANXIETY_ BY DASS1_1               19.970     0.147      0.153        0.108
DASS10_1 ON STRESS_1 /
STRESS_1 BY DASS10_1              33.644    -0.087     -0.093       -0.072
DASS10_1 ON ANXIETY_ /
ANXIETY_ BY DASS10_1              32.963    -0.146     -0.152       -0.117

ON Statements

STRESS_1 ON DASS3_1               10.803    -0.073     -0.068       -0.098
STRESS_1 ON DASS4_1               23.191     0.126      0.118        0.170
STRESS_1 ON DASS7_1               18.039     0.086      0.081        0.129
ANXIETY_ ON DASS3_1               33.300     0.162      0.156        0.225
ANXIETY_ ON DASS4_1               13.206    -0.073     -0.070       -0.101
ANXIETY_ ON DASS7_1               43.819    -0.178     -0.170       -0.272
ANXIETY_ ON DASS10_1              10.050    -0.058     -0.055       -0.072
ANXIETY_ ON DASS11_1              13.044    -0.106     -0.101       -0.177
ANXIETY_ ON DASS13_1              12.607     0.097      0.093        0.140
DASS1_1  ON DASS2_1               10.940     0.093      0.093        0.084
DASS1_1  ON DASS3_1               10.372     0.082      0.082        0.082
DASS1_1  ON DASS4_1               38.218     0.154      0.154        0.156
DASS1_1  ON DASS5_1               13.114     0.088      0.088        0.091
DASS1_1  ON DASS6_1               22.971     0.104      0.104        0.126
DASS1_1  ON DASS7_1               17.183     0.091      0.091        0.102
DASS1_1  ON DASS8_1               22.644     0.106      0.106        0.124
DASS1_1  ON DASS9_1               31.574     0.128      0.128        0.143
DASS1_1  ON DASS11_1              13.617     0.075      0.075        0.091
DASS1_1  ON DASS12_1              13.670     0.090      0.090        0.097
DASS1_1  ON DASS14_1              18.008     0.097      0.097        0.108
DASS3_1  ON DASS2_1               36.647     0.180      0.180        0.161
DASS3_1  ON DASS5_1               14.389     0.102      0.102        0.105
DASS3_1  ON DASS13_1              15.370     0.101      0.101        0.106
DASS4_1  ON DASS1_1               10.238     0.081      0.081        0.080
DASS5_1  ON DASS7_1               11.565    -0.088     -0.088       -0.095
DASS5_1  ON DASS10_1              15.391    -0.120     -0.120       -0.105
DASS6_1  ON DASS5_1               10.830     0.102      0.102        0.087
DASS6_1  ON DASS7_1               11.971     0.099      0.099        0.091
DASS7_1  ON DASS2_1               14.597    -0.135     -0.135       -0.109
DASS7_1  ON DASS5_1               15.665    -0.121     -0.121       -0.113
DASS7_1  ON DASS13_1              11.870    -0.103     -0.103       -0.097
DASS8_1  ON DASS10_1              14.097    -0.129     -0.129       -0.100
DASS10_1 ON DASS1_1               30.997    -0.119     -0.119       -0.131
DASS10_1 ON DASS2_1               25.561    -0.121     -0.121       -0.120
DASS10_1 ON DASS3_1               34.537    -0.124     -0.124       -0.138
DASS10_1 ON DASS5_1               41.766    -0.129     -0.129       -0.148
DASS10_1 ON DASS6_1               32.190    -0.097     -0.097       -0.130
DASS10_1 ON DASS7_1               20.209    -0.079     -0.079       -0.097
DASS10_1 ON DASS8_1               41.158    -0.113     -0.113       -0.145
DASS10_1 ON DASS9_1               21.188    -0.085     -0.085       -0.104
DASS10_1 ON DASS11_1              22.770    -0.076     -0.076       -0.102
DASS10_1 ON DASS12_1              32.936    -0.110     -0.110       -0.130
DASS10_1 ON DASS13_1              21.443    -0.089     -0.089       -0.104
DASS10_1 ON DASS14_1              28.760    -0.096     -0.096       -0.118
DASS14_1 ON DASS13_1              19.237     0.127      0.127        0.121

WITH Statements

DASS3_1  WITH STRESS_1            10.799    -0.073     -0.068       -0.068
DASS3_1  WITH ANXIETY_            33.312     0.162      0.156        0.156
DASS3_1  WITH DASS2_1             38.980     0.257      0.257        0.257
DASS4_1  WITH STRESS_1            23.200     0.126      0.118        0.118
DASS4_1  WITH ANXIETY_            13.201    -0.073     -0.070       -0.070
DASS4_1  WITH DASS1_1             20.482     0.190      0.190        0.190
DASS5_1  WITH DASS3_1             11.346     0.161      0.161        0.161
DASS7_1  WITH STRESS_1            18.045     0.086      0.081        0.081
DASS7_1  WITH ANXIETY_            43.803    -0.177     -0.170       -0.170
DASS7_1  WITH DASS2_1             12.001    -0.170     -0.170       -0.170
DASS7_1  WITH DASS5_1             16.784    -0.214     -0.214       -0.214
DASS9_1  WITH DASS1_1             12.992     0.165      0.165        0.165
DASS10_1 WITH ANXIETY_            10.047    -0.058     -0.055       -0.055
DASS10_1 WITH DASS4_1             10.715     0.125      0.125        0.125
DASS10_1 WITH DASS5_1             16.431    -0.192     -0.192       -0.192
DASS10_1 WITH DASS8_1             14.731    -0.173     -0.173       -0.173
DASS11_1 WITH ANXIETY_            13.033    -0.106     -0.101       -0.101
DASS11_1 WITH DASS5_1             12.115    -0.189     -0.189       -0.189
DASS13_1 WITH ANXIETY_            12.615     0.097      0.093        0.093
DASS13_1 WITH DASS3_1             13.209     0.166      0.166        0.166
DASS13_1 WITH DASS7_1             10.640    -0.168     -0.168       -0.168
DASS14_1 WITH DASS13_1            16.489     0.189      0.189        0.189

Variances/Residual Variances

DASS1_1                           24.634    -0.359     -0.359       -0.177
DASS10_1                          33.642     0.391      0.391        0.233



SAVEDATA INFORMATION


  Difference testing

  Save file
    dass1_student_age_inv_metric.dat
  Save format      Free

     Beginning Time:  15:46:45
        Ending Time:  15:46:46
       Elapsed Time:  00:00:01



MUTHEN & MUTHEN
3463 Stoner Ave.
Los Angeles, CA  90066

Tel: (310) 391-9971
Fax: (310) 391-8971
Web: www.StatModel.com
Support: Support@StatModel.com

Copyright (c) 1998-2019 Muthen & Muthen
