Mplus VERSION 8.4 (Mac)
MUTHEN & MUTHEN
10/30/2023   3:44 PM

INPUT INSTRUCTIONS

  Title: Student DASS Baseline EFA;

  Data:
     File is ../dat_stu_1.txt;

  Variable:
     Names are studentid index treatment girl age_w child_grade in_ukr
     guardian_living guardian_region
     grit1_1 grit2_1 grit3_1 grit4_1 grit5_1 grit6_1 grit7_1 grit8_1
     loc1_1 loc2_1 loc3_1 loc4_1
     dass1_1 dass2_1 dass3_1 dass4_1 dass5_1 dass6_1 dass7_1 dass8_1
     dass9_1 dass10_1 dass11_1 dass12_1 dass13_1 dass14_1
     sleep1_1 sleep2_1 sleep3_1 sleep4_1 sleep5_1 sleep6_1 sleep7_1
     edugoals_1 half;
     Missing are . ;

    Usevariable are
  	dass1_1 dass2_1 dass3_1 dass4_1 dass5_1 dass6_1 dass7_1 dass8_1
    dass9_1 dass10_1 dass11_1 dass12_1 dass13_1 dass14_1;

    Categorical is
  	dass1_1 dass2_1 dass3_1 dass4_1 dass5_1 dass6_1 dass7_1 dass8_1
    dass9_1 dass10_1 dass11_1 dass12_1 dass13_1 dass14_1;

    Idvariable is studentid;

    Useobservations is half eq 1;

  Analysis:
     Type = efa 1 3;
     Estimator = wlsmv;

  Output: sampstat stdy modindices(all);



*** WARNING in OUTPUT command
  STANDARDIZED (STD, STDY, STDYX) options are not available for TYPE=EFA.
  Request for STANDARDIZED options will be ignored.  Note that STANDARDIZED options
  are available with the use of EFA factors (ESEM) declared in the MODEL command.
   1 WARNING(S) FOUND IN THE INPUT INSTRUCTIONS



Student DASS Baseline EFA;

SUMMARY OF ANALYSIS

Number of groups                                                 1
Number of observations                                        1384

Number of dependent variables                                   14
Number of independent variables                                  0
Number of continuous latent variables                            0

Observed dependent variables

  Binary and ordered categorical (ordinal)
   DASS1_1     DASS2_1     DASS3_1     DASS4_1     DASS5_1     DASS6_1
   DASS7_1     DASS8_1     DASS9_1     DASS10_1    DASS11_1    DASS12_1
   DASS13_1    DASS14_1

Variables with special functions

  ID variable           STUDENTI

Estimator                                                    WLSMV
Rotation                                                    GEOMIN
Row standardization                                    CORRELATION
Type of rotation                                           OBLIQUE
Epsilon value                                               Varies
Maximum number of iterations                                  1000
Convergence criterion                                    0.500D-04
Maximum number of steepest descent iterations                   20
Maximum number of iterations for H1                           2000
Convergence criterion for H1                             0.100D-03
Optimization Specifications for the Exploratory Factor Analysis
Rotation Algorithm
  Number of random starts                                       30
  Maximum number of iterations                               10000
  Derivative convergence criterion                       0.100D-04
Link                                                        PROBIT

Input data file(s)
  ../dat_stu_1.txt

Input data format  FREE


SUMMARY OF DATA

     Number of missing data patterns             1


COVARIANCE COVERAGE OF DATA

Minimum covariance coverage value   0.100


     PROPORTION OF DATA PRESENT


           Covariance Coverage
              DASS1_1       DASS2_1       DASS3_1       DASS4_1       DASS5_1
              ________      ________      ________      ________      ________
 DASS1_1        1.000
 DASS2_1        1.000         1.000
 DASS3_1        1.000         1.000         1.000
 DASS4_1        1.000         1.000         1.000         1.000
 DASS5_1        1.000         1.000         1.000         1.000         1.000
 DASS6_1        1.000         1.000         1.000         1.000         1.000
 DASS7_1        1.000         1.000         1.000         1.000         1.000
 DASS8_1        1.000         1.000         1.000         1.000         1.000
 DASS9_1        1.000         1.000         1.000         1.000         1.000
 DASS10_1       1.000         1.000         1.000         1.000         1.000
 DASS11_1       1.000         1.000         1.000         1.000         1.000
 DASS12_1       1.000         1.000         1.000         1.000         1.000
 DASS13_1       1.000         1.000         1.000         1.000         1.000
 DASS14_1       1.000         1.000         1.000         1.000         1.000


           Covariance Coverage
              DASS6_1       DASS7_1       DASS8_1       DASS9_1       DASS10_1
              ________      ________      ________      ________      ________
 DASS6_1        1.000
 DASS7_1        1.000         1.000
 DASS8_1        1.000         1.000         1.000
 DASS9_1        1.000         1.000         1.000         1.000
 DASS10_1       1.000         1.000         1.000         1.000         1.000
 DASS11_1       1.000         1.000         1.000         1.000         1.000
 DASS12_1       1.000         1.000         1.000         1.000         1.000
 DASS13_1       1.000         1.000         1.000         1.000         1.000
 DASS14_1       1.000         1.000         1.000         1.000         1.000


           Covariance Coverage
              DASS11_1      DASS12_1      DASS13_1      DASS14_1
              ________      ________      ________      ________
 DASS11_1       1.000
 DASS12_1       1.000         1.000
 DASS13_1       1.000         1.000         1.000
 DASS14_1       1.000         1.000         1.000         1.000


UNIVARIATE PROPORTIONS AND COUNTS FOR CATEGORICAL VARIABLES

    DASS1_1
      Category 1    0.296          409.000
      Category 2    0.441          610.000
      Category 3    0.202          279.000
      Category 4    0.062           86.000
    DASS2_1
      Category 1    0.493          683.000
      Category 2    0.311          431.000
      Category 3    0.152          210.000
      Category 4    0.043           60.000
    DASS3_1
      Category 1    0.559          773.000
      Category 2    0.271          375.000
      Category 3    0.127          176.000
      Category 4    0.043           60.000
    DASS4_1
      Category 1    0.251          347.000
      Category 2    0.397          550.000
      Category 3    0.237          328.000
      Category 4    0.115          159.000
    DASS5_1
      Category 1    0.470          650.000
      Category 2    0.308          426.000
      Category 3    0.157          217.000
      Category 4    0.066           91.000
    DASS6_1
      Category 1    0.327          452.000
      Category 2    0.386          534.000
      Category 3    0.197          273.000
      Category 4    0.090          125.000
    DASS7_1
      Category 1    0.299          414.000
      Category 2    0.396          548.000
      Category 3    0.195          270.000
      Category 4    0.110          152.000
    DASS8_1
      Category 1    0.276          382.000
      Category 2    0.411          569.000
      Category 3    0.225          311.000
      Category 4    0.088          122.000
    DASS9_1
      Category 1    0.331          458.000
      Category 2    0.410          568.000
      Category 3    0.184          254.000
      Category 4    0.075          104.000
    DASS10_1
      Category 1    0.272          377.000
      Category 2    0.428          593.000
      Category 3    0.207          287.000
      Category 4    0.092          127.000
    DASS11_1
      Category 1    0.420          581.000
      Category 2    0.382          528.000
      Category 3    0.142          196.000
      Category 4    0.057           79.000
    DASS12_1
      Category 1    0.310          429.000
      Category 2    0.383          530.000
      Category 3    0.210          291.000
      Category 4    0.097          134.000
    DASS13_1
      Category 1    0.478          661.000
      Category 2    0.311          431.000
      Category 3    0.139          192.000
      Category 4    0.072          100.000
    DASS14_1
      Category 1    0.506          700.000
      Category 2    0.297          411.000
      Category 3    0.127          176.000
      Category 4    0.070           97.000


SAMPLE STATISTICS


     ESTIMATED SAMPLE STATISTICS


           MEANS/INTERCEPTS/THRESHOLDS
              DASS1_1$      DASS1_1$      DASS1_1$      DASS2_1$      DASS2_1$
              ________      ________      ________      ________      ________
               -0.537         0.632         1.537        -0.016         0.859


           MEANS/INTERCEPTS/THRESHOLDS
              DASS2_1$      DASS3_1$      DASS3_1$      DASS3_1$      DASS4_1$
              ________      ________      ________      ________      ________
                1.713         0.147         0.952         1.713        -0.672


           MEANS/INTERCEPTS/THRESHOLDS
              DASS4_1$      DASS4_1$      DASS5_1$      DASS5_1$      DASS5_1$
              ________      ________      ________      ________      ________
                0.380         1.201        -0.076         0.764         1.508


           MEANS/INTERCEPTS/THRESHOLDS
              DASS6_1$      DASS6_1$      DASS6_1$      DASS7_1$      DASS7_1$
              ________      ________      ________      ________      ________
               -0.449         0.560         1.339        -0.527         0.510


           MEANS/INTERCEPTS/THRESHOLDS
              DASS7_1$      DASS8_1$      DASS8_1$      DASS8_1$      DASS9_1$
              ________      ________      ________      ________      ________
                1.227        -0.595         0.488         1.352        -0.437


           MEANS/INTERCEPTS/THRESHOLDS
              DASS9_1$      DASS9_1$      DASS10_1      DASS10_1      DASS10_1
              ________      ________      ________      ________      ________
                0.647         1.439        -0.606         0.527         1.330


           MEANS/INTERCEPTS/THRESHOLDS
              DASS11_1      DASS11_1      DASS11_1      DASS12_1      DASS12_1
              ________      ________      ________      ________      ________
               -0.202         0.846         1.580        -0.496         0.504


           MEANS/INTERCEPTS/THRESHOLDS
              DASS12_1      DASS13_1      DASS13_1      DASS13_1      DASS14_1
              ________      ________      ________      ________      ________
                1.300        -0.056         0.803         1.459         0.014


           MEANS/INTERCEPTS/THRESHOLDS
              DASS14_1      DASS14_1
              ________      ________
                0.851         1.475


           CORRELATION MATRIX (WITH VARIANCES ON THE DIAGONAL)
              DASS1_1       DASS2_1       DASS3_1       DASS4_1       DASS5_1
              ________      ________      ________      ________      ________
 DASS1_1
 DASS2_1        0.468
 DASS3_1        0.497         0.601
 DASS4_1        0.547         0.422         0.443
 DASS5_1        0.477         0.494         0.588         0.463
 DASS6_1        0.566         0.482         0.546         0.607         0.599
 DASS7_1        0.466         0.460         0.512         0.469         0.507
 DASS8_1        0.525         0.461         0.506         0.508         0.550
 DASS9_1        0.575         0.410         0.506         0.536         0.509
 DASS10_1       0.394         0.307         0.383         0.483         0.366
 DASS11_1       0.517         0.465         0.550         0.488         0.530
 DASS12_1       0.531         0.384         0.441         0.541         0.448
 DASS13_1       0.436         0.435         0.571         0.437         0.591
 DASS14_1       0.514         0.473         0.570         0.473         0.573


           CORRELATION MATRIX (WITH VARIANCES ON THE DIAGONAL)
              DASS6_1       DASS7_1       DASS8_1       DASS9_1       DASS10_1
              ________      ________      ________      ________      ________
 DASS7_1        0.611
 DASS8_1        0.613         0.675
 DASS9_1        0.632         0.565         0.595
 DASS10_1       0.518         0.476         0.433         0.513
 DASS11_1       0.595         0.614         0.626         0.602         0.497
 DASS12_1       0.588         0.564         0.564         0.549         0.474
 DASS13_1       0.569         0.514         0.554         0.531         0.427
 DASS14_1       0.577         0.558         0.559         0.572         0.478


           CORRELATION MATRIX (WITH VARIANCES ON THE DIAGONAL)
              DASS11_1      DASS12_1      DASS13_1      DASS14_1
              ________      ________      ________      ________
 DASS12_1       0.649
 DASS13_1       0.606         0.514
 DASS14_1       0.617         0.551         0.627


SUMMARY OF MODEL FIT INFORMATION


                   Number of                   Degrees of
     Model        Parameters      Chi-Square    Freedom     P-Value

     1-factor          14            666.289        77       0.0000
     2-factor          27            398.321        64       0.0000
     3-factor          39            245.478        52       0.0000

                                               Degrees of
     Models Compared              Chi-Square    Freedom     P-Value

     1-factor against 2-factor       224.933        13       0.0000
     2-factor against 3-factor       135.735        12       0.0000



RESULTS FOR EXPLORATORY FACTOR ANALYSIS


           EIGENVALUES FOR SAMPLE CORRELATION MATRIX
                  1             2             3             4             5
              ________      ________      ________      ________      ________
                7.806         0.911         0.717         0.608         0.560


           EIGENVALUES FOR SAMPLE CORRELATION MATRIX
                  6             7             8             9            10
              ________      ________      ________      ________      ________
                0.519         0.476         0.385         0.379         0.358


           EIGENVALUES FOR SAMPLE CORRELATION MATRIX
                 11            12            13            14
              ________      ________      ________      ________
                0.355         0.337         0.299         0.289


EXPLORATORY FACTOR ANALYSIS WITH 1 FACTOR(S):


MODEL FIT INFORMATION

Number of Free Parameters                       14

Chi-Square Test of Model Fit

          Value                            666.289*
          Degrees of Freedom                    77
          P-Value                           0.0000

*   The chi-square value for MLM, MLMV, MLR, ULSMV, WLSM and WLSMV cannot be used
    for chi-square difference testing in the regular way.  MLM, MLR and WLSM
    chi-square difference testing is described on the Mplus website.  MLMV, WLSMV,
    and ULSMV difference testing is done using the DIFFTEST option.

RMSEA (Root Mean Square Error Of Approximation)

          Estimate                           0.074
          90 Percent C.I.                    0.069  0.080
          Probability RMSEA <= .05           0.000

CFI/TLI

          CFI                                0.970
          TLI                                0.964

Chi-Square Test of Model Fit for the Baseline Model

          Value                          19600.713
          Degrees of Freedom                    91
          P-Value                           0.0000

SRMR (Standardized Root Mean Square Residual)

          Value                              0.043



MINIMUM ROTATION FUNCTION VALUE       7.41814



           GEOMIN ROTATED LOADINGS (* significant at 5% level)
                  1
              ________
 DASS1_1        0.692*
 DASS2_1        0.623*
 DASS3_1        0.717*
 DASS4_1        0.684*
 DASS5_1        0.715*
 DASS6_1        0.803*
 DASS7_1        0.757*
 DASS8_1        0.776*
 DASS9_1        0.760*
 DASS10_1       0.613*
 DASS11_1       0.793*
 DASS12_1       0.735*
 DASS13_1       0.731*
 DASS14_1       0.762*


           GEOMIN FACTOR CORRELATIONS (* significant at 5% level)
                  1
              ________
      1         1.000


           ESTIMATED RESIDUAL VARIANCES
              DASS1_1       DASS2_1       DASS3_1       DASS4_1       DASS5_1
              ________      ________      ________      ________      ________
                0.522         0.611         0.486         0.532         0.488


           ESTIMATED RESIDUAL VARIANCES
              DASS6_1       DASS7_1       DASS8_1       DASS9_1       DASS10_1
              ________      ________      ________      ________      ________
                0.354         0.427         0.398         0.422         0.625


           ESTIMATED RESIDUAL VARIANCES
              DASS11_1      DASS12_1      DASS13_1      DASS14_1
              ________      ________      ________      ________
                0.371         0.460         0.466         0.420


           S.E. GEOMIN ROTATED LOADINGS
                  1
              ________
 DASS1_1        0.016
 DASS2_1        0.019
 DASS3_1        0.017
 DASS4_1        0.016
 DASS5_1        0.016
 DASS6_1        0.012
 DASS7_1        0.013
 DASS8_1        0.012
 DASS9_1        0.013
 DASS10_1       0.018
 DASS11_1       0.012
 DASS12_1       0.014
 DASS13_1       0.015
 DASS14_1       0.014


           S.E. GEOMIN FACTOR CORRELATIONS
                  1
              ________
      1         0.000


           S.E. ESTIMATED RESIDUAL VARIANCES
              DASS1_1       DASS2_1       DASS3_1       DASS4_1       DASS5_1
              ________      ________      ________      ________      ________
                0.022         0.024         0.024         0.021         0.023


           S.E. ESTIMATED RESIDUAL VARIANCES
              DASS6_1       DASS7_1       DASS8_1       DASS9_1       DASS10_1
              ________      ________      ________      ________      ________
                0.019         0.020         0.019         0.019         0.022


           S.E. ESTIMATED RESIDUAL VARIANCES
              DASS11_1      DASS12_1      DASS13_1      DASS14_1
              ________      ________      ________      ________
                0.019         0.020         0.022         0.021


           Est./S.E. GEOMIN ROTATED LOADINGS
                  1
              ________
 DASS1_1       43.567
 DASS2_1       32.415
 DASS3_1       43.070
 DASS4_1       43.678
 DASS5_1       45.274
 DASS6_1       69.645
 DASS7_1       57.705
 DASS8_1       63.452
 DASS9_1       60.708
 DASS10_1      34.209
 DASS11_1      65.068
 DASS12_1      53.590
 DASS13_1      48.467
 DASS14_1      54.339


           Est./S.E. GEOMIN FACTOR CORRELATIONS
                  1
              ________
      1         0.000


           Est./S.E. ESTIMATED RESIDUAL VARIANCES
              DASS1_1       DASS2_1       DASS3_1       DASS4_1       DASS5_1
              ________      ________      ________      ________      ________
               23.755        25.495        20.392        24.785        21.599


           Est./S.E. ESTIMATED RESIDUAL VARIANCES
              DASS6_1       DASS7_1       DASS8_1       DASS9_1       DASS10_1
              ________      ________      ________      ________      ________
               19.123        21.545        20.948        22.181        28.484


           Est./S.E. ESTIMATED RESIDUAL VARIANCES
              DASS11_1      DASS12_1      DASS13_1      DASS14_1
              ________      ________      ________      ________
               19.208        22.863        21.146        19.651


EXPLORATORY FACTOR ANALYSIS WITH 2 FACTOR(S):


MODEL FIT INFORMATION

Number of Free Parameters                       27

Chi-Square Test of Model Fit

          Value                            398.321*
          Degrees of Freedom                    64
          P-Value                           0.0000

*   The chi-square value for MLM, MLMV, MLR, ULSMV, WLSM and WLSMV cannot be used
    for chi-square difference testing in the regular way.  MLM, MLR and WLSM
    chi-square difference testing is described on the Mplus website.  MLMV, WLSMV,
    and ULSMV difference testing is done using the DIFFTEST option.

RMSEA (Root Mean Square Error Of Approximation)

          Estimate                           0.061
          90 Percent C.I.                    0.056  0.067
          Probability RMSEA <= .05           0.001

CFI/TLI

          CFI                                0.983
          TLI                                0.976

Chi-Square Test of Model Fit for the Baseline Model

          Value                          19600.713
          Degrees of Freedom                    91
          P-Value                           0.0000

SRMR (Standardized Root Mean Square Residual)

          Value                              0.029



MINIMUM ROTATION FUNCTION VALUE       1.11290



           GEOMIN ROTATED LOADINGS (* significant at 5% level)
                  1             2
              ________      ________
 DASS1_1        0.594*        0.120*
 DASS2_1        0.059         0.642*
 DASS3_1       -0.003         0.825*
 DASS4_1        0.735*       -0.047
 DASS5_1        0.230*        0.558*
 DASS6_1        0.720*        0.106
 DASS7_1        0.703*        0.071
 DASS8_1        0.699*        0.098
 DASS9_1        0.771*       -0.001
 DASS10_1       0.749*       -0.145*
 DASS11_1       0.713*        0.102
 DASS12_1       0.874*       -0.147*
 DASS13_1       0.360*        0.430*
 DASS14_1       0.465*        0.347*


           GEOMIN FACTOR CORRELATIONS (* significant at 5% level)
                  1             2
              ________      ________
      1         1.000
      2         0.784*        1.000


           ESTIMATED RESIDUAL VARIANCES
              DASS1_1       DASS2_1       DASS3_1       DASS4_1       DASS5_1
              ________      ________      ________      ________      ________
                0.520         0.525         0.323         0.512         0.435


           ESTIMATED RESIDUAL VARIANCES
              DASS6_1       DASS7_1       DASS8_1       DASS9_1       DASS10_1
              ________      ________      ________      ________      ________
                0.350         0.422         0.394         0.407         0.589


           ESTIMATED RESIDUAL VARIANCES
              DASS11_1      DASS12_1      DASS13_1      DASS14_1
              ________      ________      ________      ________
                0.367         0.416         0.443         0.411


           S.E. GEOMIN ROTATED LOADINGS
                  1             2
              ________      ________
 DASS1_1        0.053         0.060
 DASS2_1        0.076         0.074
 DASS3_1        0.004         0.020
 DASS4_1        0.057         0.067
 DASS5_1        0.063         0.062
 DASS6_1        0.049         0.057
 DASS7_1        0.054         0.063
 DASS8_1        0.054         0.062
 DASS9_1        0.013         0.005
 DASS10_1       0.058         0.067
 DASS11_1       0.048         0.056
 DASS12_1       0.058         0.070
 DASS13_1       0.055         0.056
 DASS14_1       0.055         0.058


           S.E. GEOMIN FACTOR CORRELATIONS
                  1             2
              ________      ________
      1         0.000
      2         0.032         0.000


           S.E. ESTIMATED RESIDUAL VARIANCES
              DASS1_1       DASS2_1       DASS3_1       DASS4_1       DASS5_1
              ________      ________      ________      ________      ________
                0.022         0.030         0.034         0.022         0.024


           S.E. ESTIMATED RESIDUAL VARIANCES
              DASS6_1       DASS7_1       DASS8_1       DASS9_1       DASS10_1
              ________      ________      ________      ________      ________
                0.019         0.020         0.019         0.020         0.024


           S.E. ESTIMATED RESIDUAL VARIANCES
              DASS11_1      DASS12_1      DASS13_1      DASS14_1
              ________      ________      ________      ________
                0.020         0.022         0.023         0.021


           Est./S.E. GEOMIN ROTATED LOADINGS
                  1             2
              ________      ________
 DASS1_1       11.181         2.017
 DASS2_1        0.771         8.622
 DASS3_1       -0.658        42.235
 DASS4_1       13.009        -0.705
 DASS5_1        3.620         9.068
 DASS6_1       14.575         1.843
 DASS7_1       13.037         1.128
 DASS8_1       13.030         1.587
 DASS9_1       58.502        -0.119
 DASS10_1      12.840        -2.156
 DASS11_1      14.802         1.810
 DASS12_1      14.958        -2.103
 DASS13_1       6.562         7.726
 DASS14_1       8.432         5.937


           Est./S.E. GEOMIN FACTOR CORRELATIONS
                  1             2
              ________      ________
      1         0.000
      2        24.532         0.000


           Est./S.E. ESTIMATED RESIDUAL VARIANCES
              DASS1_1       DASS2_1       DASS3_1       DASS4_1       DASS5_1
              ________      ________      ________      ________      ________
               23.550        17.477         9.447        23.095        17.867


           Est./S.E. ESTIMATED RESIDUAL VARIANCES
              DASS6_1       DASS7_1       DASS8_1       DASS9_1       DASS10_1
              ________      ________      ________      ________      ________
               18.658        20.969        20.466        20.726        24.480


           Est./S.E. ESTIMATED RESIDUAL VARIANCES
              DASS11_1      DASS12_1      DASS13_1      DASS14_1
              ________      ________      ________      ________
               18.751        18.921        19.517        19.107


           FACTOR STRUCTURE
                  1             2
              ________      ________
 DASS1_1        0.689         0.586
 DASS2_1        0.562         0.688
 DASS3_1        0.645         0.823
 DASS4_1        0.698         0.529
 DASS5_1        0.667         0.738
 DASS6_1        0.803         0.671
 DASS7_1        0.759         0.622
 DASS8_1        0.776         0.646
 DASS9_1        0.770         0.604
 DASS10_1       0.635         0.442
 DASS11_1       0.793         0.661
 DASS12_1       0.759         0.539
 DASS13_1       0.697         0.712
 DASS14_1       0.737         0.712


EXPLORATORY FACTOR ANALYSIS WITH 3 FACTOR(S):


MODEL FIT INFORMATION

Number of Free Parameters                       39

Chi-Square Test of Model Fit

          Value                            245.478*
          Degrees of Freedom                    52
          P-Value                           0.0000

*   The chi-square value for MLM, MLMV, MLR, ULSMV, WLSM and WLSMV cannot be used
    for chi-square difference testing in the regular way.  MLM, MLR and WLSM
    chi-square difference testing is described on the Mplus website.  MLMV, WLSMV,
    and ULSMV difference testing is done using the DIFFTEST option.

RMSEA (Root Mean Square Error Of Approximation)

          Estimate                           0.052
          90 Percent C.I.                    0.045  0.058
          Probability RMSEA <= .05           0.309

CFI/TLI

          CFI                                0.990
          TLI                                0.983

Chi-Square Test of Model Fit for the Baseline Model

          Value                          19600.713
          Degrees of Freedom                    91
          P-Value                           0.0000

SRMR (Standardized Root Mean Square Residual)

          Value                              0.022



MINIMUM ROTATION FUNCTION VALUE       0.54083



           GEOMIN ROTATED LOADINGS (* significant at 5% level)
                  1             2             3
              ________      ________      ________
 DASS1_1        0.335*        0.076         0.447*
 DASS2_1        0.657*       -0.012         0.111
 DASS3_1        0.750*        0.101        -0.004
 DASS4_1        0.246        -0.007         0.645*
 DASS5_1        0.501*        0.291*        0.020
 DASS6_1        0.256*        0.332*        0.354*
 DASS7_1       -0.008         0.783*        0.006
 DASS8_1        0.046         0.725*        0.047
 DASS9_1        0.130         0.426*        0.314*
 DASS10_1      -0.013         0.410*        0.295*
 DASS11_1       0.027         0.791*        0.006
 DASS12_1      -0.066         0.623*        0.242*
 DASS13_1       0.301*        0.595*       -0.125*
 DASS14_1       0.279*        0.549*       -0.003


           GEOMIN FACTOR CORRELATIONS (* significant at 5% level)
                  1             2             3
              ________      ________      ________
      1         1.000
      2         0.724*        1.000
      3         0.433*        0.682*        1.000


           ESTIMATED RESIDUAL VARIANCES
              DASS1_1       DASS2_1       DASS3_1       DASS4_1       DASS5_1
              ________      ________      ________      ________      ________
                0.469         0.506         0.321         0.395         0.435


           ESTIMATED RESIDUAL VARIANCES
              DASS6_1       DASS7_1       DASS8_1       DASS9_1       DASS10_1
              ________      ________      ________      ________      ________
                0.337         0.389         0.374         0.404         0.590


           ESTIMATED RESIDUAL VARIANCES
              DASS11_1      DASS12_1      DASS13_1      DASS14_1
              ________      ________      ________      ________
                0.335         0.416         0.415         0.402


           S.E. GEOMIN ROTATED LOADINGS
                  1             2             3
              ________      ________      ________
 DASS1_1        0.122         0.080         0.082
 DASS2_1        0.062         0.022         0.074
 DASS3_1        0.106         0.129         0.025
 DASS4_1        0.152         0.008         0.081
 DASS5_1        0.076         0.093         0.040
 DASS6_1        0.092         0.066         0.070
 DASS7_1        0.024         0.039         0.042
 DASS8_1        0.052         0.057         0.049
 DASS9_1        0.082         0.066         0.064
 DASS10_1       0.023         0.071         0.064
 DASS11_1       0.049         0.053         0.041
 DASS12_1       0.063         0.061         0.052
 DASS13_1       0.075         0.089         0.053
 DASS14_1       0.063         0.073         0.028


           S.E. GEOMIN FACTOR CORRELATIONS
                  1             2             3
              ________      ________      ________
      1         0.000
      2         0.073         0.000
      3         0.156         0.114         0.000


           S.E. ESTIMATED RESIDUAL VARIANCES
              DASS1_1       DASS2_1       DASS3_1       DASS4_1       DASS5_1
              ________      ________      ________      ________      ________
                0.026         0.032         0.034         0.035         0.024


           S.E. ESTIMATED RESIDUAL VARIANCES
              DASS6_1       DASS7_1       DASS8_1       DASS9_1       DASS10_1
              ________      ________      ________      ________      ________
                0.020         0.022         0.020         0.020         0.024


           S.E. ESTIMATED RESIDUAL VARIANCES
              DASS11_1      DASS12_1      DASS13_1      DASS14_1
              ________      ________      ________      ________
                0.021         0.022         0.025         0.022


           Est./S.E. GEOMIN ROTATED LOADINGS
                  1             2             3
              ________      ________      ________
 DASS1_1        2.757         0.951         5.486
 DASS2_1       10.593        -0.555         1.495
 DASS3_1        7.057         0.781        -0.158
 DASS4_1        1.619        -0.881         7.949
 DASS5_1        6.561         3.124         0.497
 DASS6_1        2.791         5.021         5.049
 DASS7_1       -0.321        19.865         0.155
 DASS8_1        0.882        12.802         0.955
 DASS9_1        1.589         6.432         4.895
 DASS10_1      -0.544         5.774         4.623
 DASS11_1       0.557        14.865         0.146
 DASS12_1      -1.042        10.142         4.644
 DASS13_1       4.030         6.718        -2.373
 DASS14_1       4.418         7.533        -0.122


           Est./S.E. GEOMIN FACTOR CORRELATIONS
                  1             2             3
              ________      ________      ________
      1         0.000
      2         9.900         0.000
      3         2.778         5.995         0.000


           Est./S.E. ESTIMATED RESIDUAL VARIANCES
              DASS1_1       DASS2_1       DASS3_1       DASS4_1       DASS5_1
              ________      ________      ________      ________      ________
               18.059        15.820         9.350        11.300        17.974


           Est./S.E. ESTIMATED RESIDUAL VARIANCES
              DASS6_1       DASS7_1       DASS8_1       DASS9_1       DASS10_1
              ________      ________      ________      ________      ________
               17.170        17.806        18.614        20.544        24.710


           Est./S.E. ESTIMATED RESIDUAL VARIANCES
              DASS11_1      DASS12_1      DASS13_1      DASS14_1
              ________      ________      ________      ________
               15.694        19.096        16.871        18.169


           FACTOR STRUCTURE
                  1             2             3
              ________      ________      ________
 DASS1_1        0.584         0.624         0.644
 DASS2_1        0.696         0.539         0.387
 DASS3_1        0.821         0.641         0.389
 DASS4_1        0.520         0.611         0.747
 DASS5_1        0.721         0.668         0.435
 DASS6_1        0.650         0.759         0.691
 DASS7_1        0.562         0.782         0.537
 DASS8_1        0.591         0.790         0.561
 DASS9_1        0.575         0.735         0.661
 DASS10_1       0.412         0.602         0.569
 DASS11_1       0.603         0.815         0.557
 DASS12_1       0.491         0.741         0.639
 DASS13_1       0.677         0.727         0.411
 DASS14_1       0.675         0.749         0.492


MODIFICATION INDICES


     MODIFICATION INDICES FOR ANALYSIS WITH 1 FACTOR(S)



     MODIFICATION INDICES


           THETA
              DASS1_1       DASS2_1       DASS3_1       DASS4_1       DASS5_1
              ________      ________      ________      ________      ________
 DASS1_1        0.000
 DASS2_1        4.865         0.000
 DASS3_1        0.010       117.072         0.000
 DASS4_1       27.105         0.078         7.424         0.000
 DASS5_1        1.114         9.014        25.717         2.674         0.000
 DASS6_1        0.602         1.282         3.830        22.953         3.404
 DASS7_1       14.194         0.489         3.477        11.227         5.071
 DASS8_1        0.808         1.801         9.415         2.772         0.117
 DASS9_1       14.849        13.448         5.785         1.236         5.198
 DASS10_1       3.158        14.830         8.808        18.593        15.389
 DASS11_1       4.443         3.067         1.481        12.203         6.135
 DASS12_1       2.475        15.934        23.007         7.739        20.330
 DASS13_1      16.259         1.338         9.927        13.864        24.984
 DASS14_1       0.654         0.008         2.271         8.029         3.721


           THETA
              DASS6_1       DASS7_1       DASS8_1       DASS9_1       DASS10_1
              ________      ________      ________      ________      ________
 DASS6_1        0.000
 DASS7_1        0.081         0.000
 DASS8_1        0.891        82.129         0.000
 DASS9_1        3.524         0.572         0.202         0.000
 DASS10_1       3.196         0.749         7.246        11.632         0.000
 DASS11_1      10.750         1.279         0.826         0.006         0.553
 DASS12_1       0.034         0.452         0.208         0.466         2.647
 DASS13_1       1.760         6.734         0.869         3.012         1.518
 DASS14_1       6.396         1.660         5.165         0.231         0.498


           THETA
              DASS11_1      DASS12_1      DASS13_1      DASS14_1
              ________      ________      ________      ________
 DASS11_1       0.000
 DASS12_1      37.449         0.000
 DASS13_1       4.343         2.343         0.000
 DASS14_1       1.040         0.395        30.266         0.000


     EXPECTED PARAMETER CHANGE


           THETA
              DASS1_1       DASS2_1       DASS3_1       DASS4_1       DASS5_1
              ________      ________      ________      ________      ________
 DASS1_1        0.000
 DASS2_1        0.042         0.000
 DASS3_1        0.002         0.184         0.000
 DASS4_1        0.086        -0.006        -0.053         0.000
 DASS5_1       -0.020         0.055         0.089        -0.030         0.000
 DASS6_1        0.013        -0.022        -0.036         0.073         0.030
 DASS7_1       -0.067        -0.014        -0.035        -0.058        -0.040
 DASS8_1       -0.015        -0.026        -0.058        -0.028        -0.006
 DASS9_1        0.060        -0.072        -0.045         0.019        -0.041
 DASS10_1      -0.033        -0.081        -0.061         0.073        -0.080
 DASS11_1      -0.037        -0.033        -0.022        -0.064        -0.044
 DASS12_1       0.027        -0.082        -0.097         0.045        -0.088
 DASS13_1      -0.079        -0.023         0.056        -0.071         0.083
 DASS14_1      -0.014        -0.002         0.028        -0.055         0.034


           THETA
              DASS6_1       DASS7_1       DASS8_1       DASS9_1       DASS10_1
              ________      ________      ________      ________      ________
 DASS6_1        0.000
 DASS7_1        0.004         0.000
 DASS8_1       -0.014         0.120         0.000
 DASS9_1        0.028        -0.012         0.007         0.000
 DASS10_1       0.030         0.015        -0.048         0.056         0.000
 DASS11_1      -0.053         0.017         0.014        -0.001         0.013
 DASS12_1      -0.003         0.010        -0.007        -0.011         0.028
 DASS13_1      -0.022        -0.045        -0.016        -0.030        -0.023
 DASS14_1      -0.043        -0.022        -0.038        -0.008         0.013


           THETA
              DASS11_1      DASS12_1      DASS13_1      DASS14_1
              ________      ________      ________      ________
 DASS11_1       0.000
 DASS12_1       0.087         0.000
 DASS13_1       0.033        -0.027         0.000
 DASS14_1       0.016        -0.011         0.087         0.000


     MODIFICATION INDICES FOR ANALYSIS WITH 2 FACTOR(S)



     MODIFICATION INDICES


           THETA
              DASS1_1       DASS2_1       DASS3_1       DASS4_1       DASS5_1
              ________      ________      ________      ________      ________
 DASS1_1        0.000
 DASS2_1       13.318         0.000
 DASS3_1        1.565        29.401         0.000
 DASS4_1       28.690         7.794         0.423         0.000
 DASS5_1        0.328         3.231         6.092         0.313         0.000
 DASS6_1        0.423         0.099         0.236        20.505        12.548
 DASS7_1       18.143         1.132         0.000        20.476         1.285
 DASS8_1        1.313         0.003         4.045         6.425         0.931
 DASS9_1       14.805         2.551         0.671         0.012         0.166
 DASS10_1       6.053         0.806         2.352         8.724         2.995
 DASS11_1       6.097         0.175         0.270        20.314         2.651
 DASS12_1       1.406         0.200         0.017         0.547         3.660
 DASS13_1      16.592        20.206         2.103         7.572         9.490
 DASS14_1       0.416         3.747         1.923         5.157         0.305


           THETA
              DASS6_1       DASS7_1       DASS8_1       DASS9_1       DASS10_1
              ________      ________      ________      ________      ________
 DASS6_1        0.000
 DASS7_1        0.013         0.000
 DASS8_1        1.931        89.652         0.000
 DASS9_1        1.679         2.772         0.065         0.000
 DASS10_1       1.160         0.013        15.056         4.115         0.000
 DASS11_1      15.488         0.662         0.376         0.711         0.005
 DASS12_1       2.029         0.483         3.107        10.078         1.727
 DASS13_1       0.476         3.828         0.056         0.231         0.339
 DASS14_1       5.289         0.682         3.999         0.150         4.078


           THETA
              DASS11_1      DASS12_1      DASS13_1      DASS14_1
              ________      ________      ________      ________
 DASS11_1       0.000
 DASS12_1      33.651         0.000
 DASS13_1      10.184         0.534         0.000
 DASS14_1       2.621         0.796        24.937         0.000


     EXPECTED PARAMETER CHANGE


           THETA
              DASS1_1       DASS2_1       DASS3_1       DASS4_1       DASS5_1
              ________      ________      ________      ________      ________
 DASS1_1        0.000
 DASS2_1        0.072         0.000
 DASS3_1        0.027         0.177         0.000
 DASS4_1        0.085         0.059         0.015         0.000
 DASS5_1       -0.011        -0.042        -0.071         0.011         0.000
 DASS6_1        0.010         0.006        -0.010         0.067         0.059
 DASS7_1       -0.071         0.021         0.000        -0.075        -0.020
 DASS8_1       -0.018         0.001        -0.043        -0.041         0.016
 DASS9_1        0.058        -0.033         0.018        -0.002        -0.007
 DASS10_1      -0.044        -0.021         0.039         0.051        -0.037
 DASS11_1      -0.040        -0.008         0.011        -0.079        -0.029
 DASS12_1       0.020        -0.010        -0.003         0.013        -0.039
 DASS13_1      -0.076        -0.097        -0.035        -0.051         0.055
 DASS14_1      -0.011        -0.039        -0.031        -0.042         0.010


           THETA
              DASS6_1       DASS7_1       DASS8_1       DASS9_1       DASS10_1
              ________      ________      ________      ________      ________
 DASS6_1        0.000
 DASS7_1       -0.002         0.000
 DASS8_1       -0.020         0.120         0.000
 DASS9_1        0.018        -0.025        -0.004         0.000
 DASS10_1       0.018        -0.002        -0.068         0.034         0.000
 DASS11_1      -0.060         0.012         0.009        -0.013        -0.001
 DASS12_1      -0.023        -0.011        -0.028        -0.054        -0.025
 DASS13_1      -0.011        -0.033        -0.004        -0.008         0.011
 DASS14_1      -0.037        -0.013        -0.032         0.006         0.037


           THETA
              DASS11_1      DASS12_1      DASS13_1      DASS14_1
              ________      ________      ________      ________
 DASS11_1       0.000
 DASS12_1       0.086         0.000
 DASS13_1       0.049         0.013         0.000
 DASS14_1       0.024         0.015         0.078         0.000


     MODIFICATION INDICES FOR ANALYSIS WITH 3 FACTOR(S)



     MODIFICATION INDICES


           THETA
              DASS1_1       DASS2_1       DASS3_1       DASS4_1       DASS5_1
              ________      ________      ________      ________      ________
 DASS1_1        0.000
 DASS2_1        3.427         0.000
 DASS3_1        0.006        24.588         0.000
 DASS4_1        1.851         0.208         0.284         0.000
 DASS5_1        0.637         4.482         6.110         0.957         0.000
 DASS6_1        3.387         0.940         1.979         1.269        13.892
 DASS7_1        3.794        10.760         1.622         1.337         1.335
 DASS8_1        2.248         2.743         1.590         0.441         1.461
 DASS9_1       10.756         5.827         0.116         8.786         0.277
 DASS10_1      12.323         1.820         1.644         4.614         3.497
 DASS11_1       0.138         2.135         3.093         1.982         3.191
 DASS12_1       5.091         0.000         0.007         2.633         3.936
 DASS13_1       5.521        14.054         0.815         1.126        10.627
 DASS14_1       0.874         1.609         0.956         0.171         0.347


           THETA
              DASS6_1       DASS7_1       DASS8_1       DASS9_1       DASS10_1
              ________      ________      ________      ________      ________
 DASS6_1        0.000
 DASS7_1        3.659         0.000
 DASS8_1        0.002        78.259         0.000
 DASS9_1        0.580         0.899         0.324         0.000
 DASS10_1       0.888         0.148        14.877         4.708         0.000
 DASS11_1       7.032         7.863         4.882         0.008         0.252
 DASS12_1       0.918         3.034         6.876         8.595         1.041
 DASS13_1       0.576        23.225         4.832         0.094         1.481
 DASS14_1       2.620         5.557        11.040         0.913         6.387


           THETA
              DASS11_1      DASS12_1      DASS13_1      DASS14_1
              ________      ________      ________      ________
 DASS11_1       0.000
 DASS12_1      35.345         0.000
 DASS13_1       1.140         0.228         0.000
 DASS14_1       0.091         0.641        17.946         0.000


     EXPECTED PARAMETER CHANGE


           THETA
              DASS1_1       DASS2_1       DASS3_1       DASS4_1       DASS5_1
              ________      ________      ________      ________      ________
 DASS1_1        0.000
 DASS2_1        0.041         0.000
 DASS3_1       -0.002         0.175         0.000
 DASS4_1       -0.041         0.012        -0.014         0.000
 DASS5_1       -0.016        -0.050        -0.069         0.022         0.000
 DASS6_1       -0.033        -0.019        -0.029         0.025         0.060
 DASS7_1       -0.036         0.070         0.028        -0.025        -0.021
 DASS8_1        0.025         0.033        -0.027         0.013         0.020
 DASS9_1        0.054        -0.048         0.007        -0.064        -0.009
 DASS10_1      -0.066        -0.030         0.031         0.048        -0.037
 DASS11_1       0.007         0.030         0.037        -0.031        -0.032
 DASS12_1       0.039         0.000         0.002         0.034        -0.038
 DASS13_1      -0.047        -0.081        -0.021         0.026         0.059
 DASS14_1       0.017        -0.025        -0.021        -0.009         0.010


           THETA
              DASS6_1       DASS7_1       DASS8_1       DASS9_1       DASS10_1
              ________      ________      ________      ________      ________
 DASS6_1        0.000
 DASS7_1        0.028         0.000
 DASS8_1        0.001         0.136         0.000
 DASS9_1        0.011        -0.014         0.008         0.000
 DASS10_1       0.015         0.007        -0.067         0.035         0.000
 DASS11_1      -0.041        -0.050        -0.036         0.001         0.009
 DASS12_1      -0.015        -0.029        -0.042        -0.047        -0.018
 DASS13_1       0.013        -0.089        -0.038         0.005         0.023
 DASS14_1      -0.025        -0.040        -0.054         0.015         0.045


           THETA
              DASS11_1      DASS12_1      DASS13_1      DASS14_1
              ________      ________      ________      ________
 DASS11_1       0.000
 DASS12_1       0.093         0.000
 DASS13_1       0.019         0.008         0.000
 DASS14_1       0.005         0.013         0.071         0.000


     Beginning Time:  15:44:43
        Ending Time:  15:44:44
       Elapsed Time:  00:00:01



MUTHEN & MUTHEN
3463 Stoner Ave.
Los Angeles, CA  90066

Tel: (310) 391-9971
Fax: (310) 391-8971
Web: www.StatModel.com
Support: Support@StatModel.com

Copyright (c) 1998-2019 Muthen & Muthen
