Mplus VERSION 8.4 (Mac)
MUTHEN & MUTHEN
10/30/2023   3:46 PM

INPUT INSTRUCTIONS

  Title: Student DASS Age Measurement Invariance Configural Model;

  Data:
     File is ../dat_stu_1.txt;

  Variable:
     Names are studentid index treatment girl age_w child_grade in_ukr
     guardian_living guardian_region
     grit1_1 grit2_1 grit3_1 grit4_1 grit5_1 grit6_1 grit7_1 grit8_1
     loc1_1 loc2_1 loc3_1 loc4_1
     dass1_1 dass2_1 dass3_1 dass4_1 dass5_1 dass6_1 dass7_1 dass8_1
     dass9_1 dass10_1 dass11_1 dass12_1 dass13_1 dass14_1
     sleep1_1 sleep2_1 sleep3_1 sleep4_1 sleep5_1 sleep6_1 sleep7_1
     edugoals_1 half;
     Missing are . ;

    Usevariable are
  	dass1_1 dass2_1 dass3_1 dass4_1 dass5_1 dass6_1 dass7_1 dass8_1
    dass9_1 dass10_1 dass11_1 dass12_1 dass13_1 dass14_1 age_c;

    Categorical is
  	dass1_1 dass2_1 dass3_1 dass4_1 dass5_1 dass6_1 dass7_1 dass8_1
    dass9_1 dass10_1 dass11_1 dass12_1 dass13_1 dass14_1;

    Idvariable is studentid;

    Group is age_c (1 = Older 0 = Younger);

  Define:
  	age_c = 0;
  	if(age_w ge 13) then age_c = 1;

  Analysis:
     Estimator = wlsmv;
     Parameterization = theta;


  !!! Model for Younger Students !!!

  Model:
    ! Factor loadings all freely estimated
    stress_1 by
      dass1_1* dass4_1* dass6_1* dass8_1* dass9_1* dass10_1* dass12_1* (L1-L7);

    anxiety_1 by
      dass2_1* dass3_1* dass5_1* dass7_1* dass11_1* dass13_1* dass14_1* (L8-L14);

    !estimating thresholds freely
    [dass1_1$1-dass14_1$1*] (T1_1-T1_14);
    [dass1_1$2-dass14_1$2*] (T2_1-T2_14);
    [dass1_1$3-dass14_1$3*] (T3_1-T3_14);

    !constraining item residual variance to 1 for identification
    dass1_1-dass14_1@1;

    !fixing latent mean to zero for identification
    [stress_1@0];
    [anxiety_1@0];

    !fixing latent variance to one for identification
    stress_1@1;
    anxiety_1@1;

  !!! Model for Older Students !!!

  Model Older:
    ! Factor loadings all freely estimated
    stress_1 by
      dass1_1* dass4_1* dass6_1* dass8_1* dass9_1* dass10_1* dass12_1*;

    anxiety_1 by
      dass2_1* dass3_1* dass5_1* dass7_1* dass11_1* dass13_1* dass14_1*;

    ! estimating thresholds freely
    [dass1_1$1-dass14_1$1*];
    [dass1_1$2-dass14_1$2*];
    [dass1_1$3-dass14_1$3*];

    ! constraining item residual variance to 1 for identification
    dass1_1-dass14_1@1;

    ! fixing latent factor mean to zero for identification
    [stress_1@0];
    [anxiety_1@0];

    ! fixing latent factor variance to one for identification
    stress_1@1;
    anxiety_1@1;

  Output: sampstat stdyx modindices(all);
  Savedata: Difftest is dass1_student_age_inv_config.dat;



INPUT READING TERMINATED NORMALLY



Student DASS Age Measurement Invariance Configural Model;

SUMMARY OF ANALYSIS

Number of groups                                                 2
Number of observations
   Group YOUNGER                                              1374
   Group OLDER                                                1393
   Total sample size                                          2767

Number of dependent variables                                   14
Number of independent variables                                  0
Number of continuous latent variables                            2

Observed dependent variables

  Binary and ordered categorical (ordinal)
   DASS1_1     DASS2_1     DASS3_1     DASS4_1     DASS5_1     DASS6_1
   DASS7_1     DASS8_1     DASS9_1     DASS10_1    DASS11_1    DASS12_1
   DASS13_1    DASS14_1

Continuous latent variables
   STRESS_1    ANXIETY_

Variables with special functions

  Grouping variable     AGE_C
  ID variable           STUDENTI

Estimator                                                    WLSMV
Maximum number of iterations                                  1000
Convergence criterion                                    0.500D-04
Maximum number of steepest descent iterations                   20
Maximum number of iterations for H1                           2000
Convergence criterion for H1                             0.100D-03
Parameterization                                             THETA
Link                                                        PROBIT

Input data file(s)
  ../dat_stu_1.txt

Input data format  FREE


SUMMARY OF DATA

   Group YOUNGER
     Number of missing data patterns             1

   Group OLDER
     Number of missing data patterns             1


COVARIANCE COVERAGE OF DATA

Minimum covariance coverage value   0.100


     PROPORTION OF DATA PRESENT FOR YOUNGER


           Covariance Coverage
              DASS1_1       DASS2_1       DASS3_1       DASS4_1       DASS5_1
              ________      ________      ________      ________      ________
 DASS1_1        1.000
 DASS2_1        1.000         1.000
 DASS3_1        1.000         1.000         1.000
 DASS4_1        1.000         1.000         1.000         1.000
 DASS5_1        1.000         1.000         1.000         1.000         1.000
 DASS6_1        1.000         1.000         1.000         1.000         1.000
 DASS7_1        1.000         1.000         1.000         1.000         1.000
 DASS8_1        1.000         1.000         1.000         1.000         1.000
 DASS9_1        1.000         1.000         1.000         1.000         1.000
 DASS10_1       1.000         1.000         1.000         1.000         1.000
 DASS11_1       1.000         1.000         1.000         1.000         1.000
 DASS12_1       1.000         1.000         1.000         1.000         1.000
 DASS13_1       1.000         1.000         1.000         1.000         1.000
 DASS14_1       1.000         1.000         1.000         1.000         1.000


           Covariance Coverage
              DASS6_1       DASS7_1       DASS8_1       DASS9_1       DASS10_1
              ________      ________      ________      ________      ________
 DASS6_1        1.000
 DASS7_1        1.000         1.000
 DASS8_1        1.000         1.000         1.000
 DASS9_1        1.000         1.000         1.000         1.000
 DASS10_1       1.000         1.000         1.000         1.000         1.000
 DASS11_1       1.000         1.000         1.000         1.000         1.000
 DASS12_1       1.000         1.000         1.000         1.000         1.000
 DASS13_1       1.000         1.000         1.000         1.000         1.000
 DASS14_1       1.000         1.000         1.000         1.000         1.000


           Covariance Coverage
              DASS11_1      DASS12_1      DASS13_1      DASS14_1
              ________      ________      ________      ________
 DASS11_1       1.000
 DASS12_1       1.000         1.000
 DASS13_1       1.000         1.000         1.000
 DASS14_1       1.000         1.000         1.000         1.000


     PROPORTION OF DATA PRESENT FOR OLDER


           Covariance Coverage
              DASS1_1       DASS2_1       DASS3_1       DASS4_1       DASS5_1
              ________      ________      ________      ________      ________
 DASS1_1        1.000
 DASS2_1        1.000         1.000
 DASS3_1        1.000         1.000         1.000
 DASS4_1        1.000         1.000         1.000         1.000
 DASS5_1        1.000         1.000         1.000         1.000         1.000
 DASS6_1        1.000         1.000         1.000         1.000         1.000
 DASS7_1        1.000         1.000         1.000         1.000         1.000
 DASS8_1        1.000         1.000         1.000         1.000         1.000
 DASS9_1        1.000         1.000         1.000         1.000         1.000
 DASS10_1       1.000         1.000         1.000         1.000         1.000
 DASS11_1       1.000         1.000         1.000         1.000         1.000
 DASS12_1       1.000         1.000         1.000         1.000         1.000
 DASS13_1       1.000         1.000         1.000         1.000         1.000
 DASS14_1       1.000         1.000         1.000         1.000         1.000


           Covariance Coverage
              DASS6_1       DASS7_1       DASS8_1       DASS9_1       DASS10_1
              ________      ________      ________      ________      ________
 DASS6_1        1.000
 DASS7_1        1.000         1.000
 DASS8_1        1.000         1.000         1.000
 DASS9_1        1.000         1.000         1.000         1.000
 DASS10_1       1.000         1.000         1.000         1.000         1.000
 DASS11_1       1.000         1.000         1.000         1.000         1.000
 DASS12_1       1.000         1.000         1.000         1.000         1.000
 DASS13_1       1.000         1.000         1.000         1.000         1.000
 DASS14_1       1.000         1.000         1.000         1.000         1.000


           Covariance Coverage
              DASS11_1      DASS12_1      DASS13_1      DASS14_1
              ________      ________      ________      ________
 DASS11_1       1.000
 DASS12_1       1.000         1.000
 DASS13_1       1.000         1.000         1.000
 DASS14_1       1.000         1.000         1.000         1.000


UNIVARIATE PROPORTIONS AND COUNTS FOR CATEGORICAL VARIABLES

  Group YOUNGER
    DASS1_1
      Category 1    0.284          390.000
      Category 2    0.452          621.000
      Category 3    0.197          271.000
      Category 4    0.067           92.000
    DASS2_1
      Category 1    0.514          706.000
      Category 2    0.306          421.000
      Category 3    0.138          190.000
      Category 4    0.041           57.000
    DASS3_1
      Category 1    0.579          796.000
      Category 2    0.264          363.000
      Category 3    0.108          149.000
      Category 4    0.048           66.000
    DASS4_1
      Category 1    0.215          296.000
      Category 2    0.438          602.000
      Category 3    0.226          310.000
      Category 4    0.121          166.000
    DASS5_1
      Category 1    0.504          692.000
      Category 2    0.309          425.000
      Category 3    0.130          179.000
      Category 4    0.057           78.000
    DASS6_1
      Category 1    0.353          485.000
      Category 2    0.378          520.000
      Category 3    0.175          240.000
      Category 4    0.094          129.000
    DASS7_1
      Category 1    0.299          411.000
      Category 2    0.412          566.000
      Category 3    0.194          266.000
      Category 4    0.095          131.000
    DASS8_1
      Category 1    0.269          370.000
      Category 2    0.434          597.000
      Category 3    0.212          291.000
      Category 4    0.084          116.000
    DASS9_1
      Category 1    0.338          464.000
      Category 2    0.400          550.000
      Category 3    0.177          243.000
      Category 4    0.085          117.000
    DASS10_1
      Category 1    0.266          365.000
      Category 2    0.438          602.000
      Category 3    0.206          283.000
      Category 4    0.090          124.000
    DASS11_1
      Category 1    0.413          567.000
      Category 2    0.375          515.000
      Category 3    0.161          221.000
      Category 4    0.052           71.000
    DASS12_1
      Category 1    0.273          375.000
      Category 2    0.413          568.000
      Category 3    0.215          296.000
      Category 4    0.098          135.000
    DASS13_1
      Category 1    0.478          657.000
      Category 2    0.314          431.000
      Category 3    0.144          198.000
      Category 4    0.064           88.000
    DASS14_1
      Category 1    0.491          674.000
      Category 2    0.328          451.000
      Category 3    0.119          163.000
      Category 4    0.063           86.000

  Group OLDER
    DASS1_1
      Category 1    0.319          444.000
      Category 2    0.434          605.000
      Category 3    0.182          254.000
      Category 4    0.065           90.000
    DASS2_1
      Category 1    0.495          689.000
      Category 2    0.319          444.000
      Category 3    0.141          197.000
      Category 4    0.045           63.000
    DASS3_1
      Category 1    0.550          766.000
      Category 2    0.284          395.000
      Category 3    0.120          167.000
      Category 4    0.047           65.000
    DASS4_1
      Category 1    0.266          371.000
      Category 2    0.385          537.000
      Category 3    0.235          327.000
      Category 4    0.113          158.000
    DASS5_1
      Category 1    0.454          633.000
      Category 2    0.309          430.000
      Category 3    0.156          218.000
      Category 4    0.080          112.000
    DASS6_1
      Category 1    0.304          423.000
      Category 2    0.397          553.000
      Category 3    0.201          280.000
      Category 4    0.098          137.000
    DASS7_1
      Category 1    0.314          438.000
      Category 2    0.388          540.000
      Category 3    0.187          260.000
      Category 4    0.111          155.000
    DASS8_1
      Category 1    0.289          403.000
      Category 2    0.391          545.000
      Category 3    0.222          309.000
      Category 4    0.098          136.000
    DASS9_1
      Category 1    0.350          487.000
      Category 2    0.393          548.000
      Category 3    0.183          255.000
      Category 4    0.074          103.000
    DASS10_1
      Category 1    0.280          390.000
      Category 2    0.416          580.000
      Category 3    0.229          319.000
      Category 4    0.075          104.000
    DASS11_1
      Category 1    0.447          622.000
      Category 2    0.349          486.000
      Category 3    0.139          193.000
      Category 4    0.066           92.000
    DASS12_1
      Category 1    0.338          471.000
      Category 2    0.376          524.000
      Category 3    0.185          258.000
      Category 4    0.101          140.000
    DASS13_1
      Category 1    0.488          680.000
      Category 2    0.295          411.000
      Category 3    0.133          185.000
      Category 4    0.084          117.000
    DASS14_1
      Category 1    0.527          734.000
      Category 2    0.285          397.000
      Category 3    0.114          159.000
      Category 4    0.074          103.000


SAMPLE STATISTICS


     ESTIMATED SAMPLE STATISTICS FOR YOUNGER


           MEANS/INTERCEPTS/THRESHOLDS
              DASS1_1$      DASS1_1$      DASS1_1$      DASS2_1$      DASS2_1$
              ________      ________      ________      ________      ________
               -0.571         0.630         1.499         0.035         0.916


           MEANS/INTERCEPTS/THRESHOLDS
              DASS2_1$      DASS3_1$      DASS3_1$      DASS3_1$      DASS4_1$
              ________      ________      ________      ________      ________
                1.734         0.200         1.009         1.664        -0.788


           MEANS/INTERCEPTS/THRESHOLDS
              DASS4_1$      DASS4_1$      DASS5_1$      DASS5_1$      DASS5_1$
              ________      ________      ________      ________      ________
                0.395         1.171         0.009         0.889         1.582


           MEANS/INTERCEPTS/THRESHOLDS
              DASS6_1$      DASS6_1$      DASS6_1$      DASS7_1$      DASS7_1$
              ________      ________      ________      ________      ________
               -0.377         0.617         1.317        -0.527         0.556


           MEANS/INTERCEPTS/THRESHOLDS
              DASS7_1$      DASS8_1$      DASS8_1$      DASS8_1$      DASS9_1$
              ________      ________      ________      ________      ________
                1.309        -0.615         0.535         1.376        -0.419


           MEANS/INTERCEPTS/THRESHOLDS
              DASS9_1$      DASS9_1$      DASS10_1      DASS10_1      DASS10_1
              ________      ________      ________      ________      ________
                0.637         1.371        -0.626         0.535         1.339


           MEANS/INTERCEPTS/THRESHOLDS
              DASS11_1      DASS11_1      DASS11_1      DASS12_1      DASS12_1
              ________      ________      ________      ________      ________
               -0.221         0.798         1.629        -0.604         0.485


           MEANS/INTERCEPTS/THRESHOLDS
              DASS12_1      DASS13_1      DASS13_1      DASS13_1      DASS14_1
              ________      ________      ________      ________      ________
                1.292        -0.055         0.813         1.522        -0.024


           MEANS/INTERCEPTS/THRESHOLDS
              DASS14_1      DASS14_1
              ________      ________
                0.911         1.533


           CORRELATION MATRIX (WITH VARIANCES ON THE DIAGONAL)
              DASS1_1       DASS2_1       DASS3_1       DASS4_1       DASS5_1
              ________      ________      ________      ________      ________
 DASS1_1
 DASS2_1        0.434
 DASS3_1        0.449         0.566
 DASS4_1        0.518         0.401         0.421
 DASS5_1        0.447         0.504         0.552         0.460
 DASS6_1        0.524         0.483         0.497         0.585         0.597
 DASS7_1        0.451         0.462         0.466         0.505         0.519
 DASS8_1        0.484         0.429         0.466         0.512         0.547
 DASS9_1        0.545         0.383         0.469         0.509         0.519
 DASS10_1       0.412         0.362         0.393         0.495         0.413
 DASS11_1       0.488         0.436         0.505         0.492         0.567
 DASS12_1       0.484         0.358         0.413         0.538         0.432
 DASS13_1       0.395         0.448         0.577         0.448         0.581
 DASS14_1       0.440         0.445         0.527         0.458         0.550


           CORRELATION MATRIX (WITH VARIANCES ON THE DIAGONAL)
              DASS6_1       DASS7_1       DASS8_1       DASS9_1       DASS10_1
              ________      ________      ________      ________      ________
 DASS7_1        0.576
 DASS8_1        0.591         0.693
 DASS9_1        0.618         0.543         0.581
 DASS10_1       0.493         0.466         0.494         0.495
 DASS11_1       0.565         0.606         0.626         0.613         0.496
 DASS12_1       0.547         0.561         0.553         0.534         0.480
 DASS13_1       0.528         0.511         0.510         0.514         0.422
 DASS14_1       0.534         0.556         0.524         0.541         0.477


           CORRELATION MATRIX (WITH VARIANCES ON THE DIAGONAL)
              DASS11_1      DASS12_1      DASS13_1      DASS14_1
              ________      ________      ________      ________
 DASS12_1       0.645
 DASS13_1       0.600         0.507
 DASS14_1       0.616         0.524         0.615


     ESTIMATED SAMPLE STATISTICS FOR OLDER


           MEANS/INTERCEPTS/THRESHOLDS
              DASS1_1$      DASS1_1$      DASS1_1$      DASS2_1$      DASS2_1$
              ________      ________      ________      ________      ________
               -0.471         0.684         1.517        -0.013         0.890


           MEANS/INTERCEPTS/THRESHOLDS
              DASS2_1$      DASS3_1$      DASS3_1$      DASS3_1$      DASS4_1$
              ________      ________      ________      ________      ________
                1.693         0.125         0.968         1.678        -0.624


           MEANS/INTERCEPTS/THRESHOLDS
              DASS4_1$      DASS4_1$      DASS5_1$      DASS5_1$      DASS5_1$
              ________      ________      ________      ________      ________
                0.390         1.209        -0.115         0.716         1.402


           MEANS/INTERCEPTS/THRESHOLDS
              DASS6_1$      DASS6_1$      DASS6_1$      DASS7_1$      DASS7_1$
              ________      ________      ________      ________      ________
               -0.514         0.526         1.291        -0.483         0.530


           MEANS/INTERCEPTS/THRESHOLDS
              DASS7_1$      DASS8_1$      DASS8_1$      DASS8_1$      DASS9_1$
              ________      ________      ________      ________      ________
                1.220        -0.555         0.469         1.295        -0.386


           MEANS/INTERCEPTS/THRESHOLDS
              DASS9_1$      DASS9_1$      DASS10_1      DASS10_1      DASS10_1
              ________      ________      ________      ________      ________
                0.653         1.447        -0.583         0.514         1.442


           MEANS/INTERCEPTS/THRESHOLDS
              DASS11_1      DASS11_1      DASS11_1      DASS12_1      DASS12_1
              ________      ________      ________      ________      ________
               -0.134         0.825         1.506        -0.418         0.566


           MEANS/INTERCEPTS/THRESHOLDS
              DASS12_1      DASS13_1      DASS13_1      DASS13_1      DASS14_1
              ________      ________      ________      ________      ________
                1.279        -0.030         0.783         1.379         0.068


           MEANS/INTERCEPTS/THRESHOLDS
              DASS14_1      DASS14_1
              ________      ________
                0.885         1.447


           CORRELATION MATRIX (WITH VARIANCES ON THE DIAGONAL)
              DASS1_1       DASS2_1       DASS3_1       DASS4_1       DASS5_1
              ________      ________      ________      ________      ________
 DASS1_1
 DASS2_1        0.437
 DASS3_1        0.477         0.576
 DASS4_1        0.587         0.401         0.436
 DASS5_1        0.504         0.516         0.592         0.480
 DASS6_1        0.604         0.494         0.567         0.617         0.612
 DASS7_1        0.546         0.408         0.538         0.522         0.490
 DASS8_1        0.593         0.454         0.532         0.534         0.559
 DASS9_1        0.607         0.472         0.517         0.554         0.511
 DASS10_1       0.411         0.341         0.365         0.520         0.341
 DASS11_1       0.548         0.470         0.577         0.558         0.536
 DASS12_1       0.534         0.415         0.476         0.586         0.473
 DASS13_1       0.457         0.439         0.607         0.451         0.603
 DASS14_1       0.547         0.479         0.591         0.521         0.592


           CORRELATION MATRIX (WITH VARIANCES ON THE DIAGONAL)
              DASS6_1       DASS7_1       DASS8_1       DASS9_1       DASS10_1
              ________      ________      ________      ________      ________
 DASS7_1        0.642
 DASS8_1        0.642         0.640
 DASS9_1        0.648         0.556         0.612
 DASS10_1       0.486         0.480         0.429         0.504
 DASS11_1       0.628         0.616         0.646         0.606         0.503
 DASS12_1       0.602         0.585         0.588         0.556         0.427
 DASS13_1       0.556         0.522         0.550         0.537         0.455
 DASS14_1       0.606         0.565         0.572         0.603         0.430


           CORRELATION MATRIX (WITH VARIANCES ON THE DIAGONAL)
              DASS11_1      DASS12_1      DASS13_1      DASS14_1
              ________      ________      ________      ________
 DASS12_1       0.634
 DASS13_1       0.611         0.562
 DASS14_1       0.637         0.574         0.647


THE MODEL ESTIMATION TERMINATED NORMALLY



MODEL FIT INFORMATION

Number of Free Parameters                      114

Chi-Square Test of Model Fit

          Value                           1130.598*
          Degrees of Freedom                   152
          P-Value                           0.0000

Chi-Square Contribution From Each Group

          YOUNGER                          623.766
          OLDER                            506.833

*   The chi-square value for MLM, MLMV, MLR, ULSMV, WLSM and WLSMV cannot be used
    for chi-square difference testing in the regular way.  MLM, MLR and WLSM
    chi-square difference testing is described on the Mplus website.  MLMV, WLSMV,
    and ULSMV difference testing is done using the DIFFTEST option.

RMSEA (Root Mean Square Error Of Approximation)

          Estimate                           0.068
          90 Percent C.I.                    0.065  0.072
          Probability RMSEA <= .05           0.000

CFI/TLI

          CFI                                0.976
          TLI                                0.971

Chi-Square Test of Model Fit for the Baseline Model

          Value                          40473.612
          Degrees of Freedom                   182
          P-Value                           0.0000

SRMR (Standardized Root Mean Square Residual)

          Value                              0.030

Optimum Function Value for Weighted Least-Squares Estimator

          Value                     0.10409662D+00



MODEL RESULTS

                                                    Two-Tailed
                    Estimate       S.E.  Est./S.E.    P-Value

Group YOUNGER

 STRESS_1 BY
    DASS1_1            0.879      0.042     20.790      0.000
    DASS4_1            0.968      0.043     22.494      0.000
    DASS6_1            1.268      0.055     23.213      0.000
    DASS8_1            1.276      0.053     23.888      0.000
    DASS9_1            1.163      0.048     24.173      0.000
    DASS10_1           0.837      0.038     21.813      0.000
    DASS12_1           1.078      0.045     24.015      0.000

 ANXIETY_ BY
    DASS2_1            0.790      0.041     19.094      0.000
    DASS3_1            0.955      0.049     19.594      0.000
    DASS5_1            1.085      0.051     21.276      0.000
    DASS7_1            1.238      0.052     23.883      0.000
    DASS11_1           1.386      0.060     22.924      0.000
    DASS13_1           1.082      0.048     22.374      0.000
    DASS14_1           1.129      0.051     22.102      0.000

 ANXIETY_ WITH
    STRESS_1           0.941      0.008    121.902      0.000

 Means
    STRESS_1           0.000      0.000    999.000    999.000
    ANXIETY_1          0.000      0.000    999.000    999.000

 Thresholds
    DASS1_1$1         -0.761      0.048    -15.951      0.000
    DASS1_1$2          0.839      0.050     16.956      0.000
    DASS1_1$3          1.996      0.069     28.785      0.000
    DASS2_1$1          0.044      0.043      1.024      0.306
    DASS2_1$2          1.168      0.052     22.401      0.000
    DASS2_1$3          2.209      0.076     29.077      0.000
    DASS3_1$1          0.277      0.048      5.733      0.000
    DASS3_1$2          1.396      0.060     23.239      0.000
    DASS3_1$3          2.302      0.081     28.477      0.000
    DASS4_1$1         -1.096      0.053    -20.852      0.000
    DASS4_1$2          0.550      0.049     11.298      0.000
    DASS4_1$3          1.629      0.060     27.335      0.000
    DASS5_1$1          0.013      0.050      0.270      0.788
    DASS5_1$2          1.312      0.060     21.783      0.000
    DASS5_1$3          2.335      0.079     29.698      0.000
    DASS6_1$1         -0.609      0.055    -10.984      0.000
    DASS6_1$2          0.997      0.060     16.661      0.000
    DASS6_1$3          2.127      0.072     29.647      0.000
    DASS7_1$1         -0.839      0.056    -15.075      0.000
    DASS7_1$2          0.886      0.058     15.368      0.000
    DASS7_1$3          2.083      0.072     28.913      0.000
    DASS8_1$1         -0.997      0.058    -17.105      0.000
    DASS8_1$2          0.868      0.059     14.808      0.000
    DASS8_1$3          2.231      0.077     28.818      0.000
    DASS9_1$1         -0.642      0.052    -12.325      0.000
    DASS9_1$2          0.978      0.056     17.304      0.000
    DASS9_1$3          2.104      0.070     29.844      0.000
    DASS10_1$1        -0.816      0.047    -17.388      0.000
    DASS10_1$2         0.698      0.047     14.992      0.000
    DASS10_1$3         1.747      0.059     29.464      0.000
    DASS11_1$1        -0.377      0.057     -6.651      0.000
    DASS11_1$2         1.363      0.070     19.520      0.000
    DASS11_1$3         2.784      0.095     29.302      0.000
    DASS12_1$1        -0.888      0.052    -17.024      0.000
    DASS12_1$2         0.714      0.052     13.684      0.000
    DASS12_1$3         1.899      0.066     28.902      0.000
    DASS13_1$1        -0.081      0.050     -1.628      0.103
    DASS13_1$2         1.198      0.058     20.597      0.000
    DASS13_1$3         2.242      0.074     30.407      0.000
    DASS14_1$1        -0.036      0.051     -0.703      0.482
    DASS14_1$2         1.374      0.063     21.865      0.000
    DASS14_1$3         2.313      0.077     30.046      0.000

 Variances
    STRESS_1           1.000      0.000    999.000    999.000
    ANXIETY_1          1.000      0.000    999.000    999.000

 Residual Variances
    DASS1_1            1.000      0.000    999.000    999.000
    DASS2_1            1.000      0.000    999.000    999.000
    DASS3_1            1.000      0.000    999.000    999.000
    DASS4_1            1.000      0.000    999.000    999.000
    DASS5_1            1.000      0.000    999.000    999.000
    DASS6_1            1.000      0.000    999.000    999.000
    DASS7_1            1.000      0.000    999.000    999.000
    DASS8_1            1.000      0.000    999.000    999.000
    DASS9_1            1.000      0.000    999.000    999.000
    DASS10_1           1.000      0.000    999.000    999.000
    DASS11_1           1.000      0.000    999.000    999.000
    DASS12_1           1.000      0.000    999.000    999.000
    DASS13_1           1.000      0.000    999.000    999.000
    DASS14_1           1.000      0.000    999.000    999.000

Group OLDER

 STRESS_1 BY
    DASS1_1            1.084      0.047     22.914      0.000
    DASS4_1            1.053      0.044     23.880      0.000
    DASS6_1            1.477      0.062     23.765      0.000
    DASS8_1            1.299      0.055     23.422      0.000
    DASS9_1            1.241      0.053     23.445      0.000
    DASS10_1           0.758      0.037     20.226      0.000
    DASS12_1           1.150      0.050     23.030      0.000

 ANXIETY_ BY
    DASS2_1            0.800      0.043     18.799      0.000
    DASS3_1            1.080      0.054     19.967      0.000
    DASS5_1            1.068      0.051     21.001      0.000
    DASS7_1            1.204      0.053     22.541      0.000
    DASS11_1           1.408      0.064     21.941      0.000
    DASS13_1           1.138      0.053     21.629      0.000
    DASS14_1           1.290      0.060     21.452      0.000

 ANXIETY_ WITH
    STRESS_1           0.945      0.007    129.454      0.000

 Means
    STRESS_1           0.000      0.000    999.000    999.000
    ANXIETY_1          0.000      0.000    999.000    999.000

 Thresholds
    DASS1_1$1         -0.695      0.051    -13.632      0.000
    DASS1_1$2          1.009      0.056     17.997      0.000
    DASS1_1$3          2.238      0.077     29.138      0.000
    DASS2_1$1         -0.017      0.043     -0.403      0.687
    DASS2_1$2          1.140      0.051     22.180      0.000
    DASS2_1$3          2.168      0.076     28.575      0.000
    DASS3_1$1          0.185      0.050      3.671      0.000
    DASS3_1$2          1.424      0.063     22.650      0.000
    DASS3_1$3          2.470      0.090     27.453      0.000
    DASS4_1$1         -0.906      0.052    -17.496      0.000
    DASS4_1$2          0.567      0.050     11.282      0.000
    DASS4_1$3          1.755      0.063     27.886      0.000
    DASS5_1$1         -0.168      0.049     -3.429      0.001
    DASS5_1$2          1.048      0.056     18.687      0.000
    DASS5_1$3          2.052      0.074     27.755      0.000
    DASS6_1$1         -0.917      0.063    -14.640      0.000
    DASS6_1$2          0.939      0.064     14.575      0.000
    DASS6_1$3          2.303      0.084     27.367      0.000
    DASS7_1$1         -0.756      0.054    -13.908      0.000
    DASS7_1$2          0.830      0.056     14.721      0.000
    DASS7_1$3          1.909      0.070     27.253      0.000
    DASS8_1$1         -0.910      0.057    -15.883      0.000
    DASS8_1$2          0.769      0.059     13.142      0.000
    DASS8_1$3          2.123      0.078     27.077      0.000
    DASS9_1$1         -0.616      0.054    -11.386      0.000
    DASS9_1$2          1.040      0.059     17.544      0.000
    DASS9_1$3          2.306      0.080     28.703      0.000
    DASS10_1$1        -0.732      0.045    -16.357      0.000
    DASS10_1$2         0.645      0.045     14.487      0.000
    DASS10_1$3         1.809      0.062     29.377      0.000
    DASS11_1$1        -0.232      0.057     -4.054      0.000
    DASS11_1$2         1.426      0.071     20.116      0.000
    DASS11_1$3         2.602      0.093     28.116      0.000
    DASS12_1$1        -0.636      0.052    -12.263      0.000
    DASS12_1$2         0.862      0.055     15.546      0.000
    DASS12_1$3         1.949      0.070     27.901      0.000
    DASS13_1$1        -0.045      0.051     -0.887      0.375
    DASS13_1$2         1.186      0.060     19.927      0.000
    DASS13_1$3         2.088      0.074     28.321      0.000
    DASS14_1$1         0.110      0.055      1.989      0.047
    DASS14_1$2         1.445      0.068     21.380      0.000
    DASS14_1$3         2.362      0.084     28.177      0.000

 Variances
    STRESS_1           1.000      0.000    999.000    999.000
    ANXIETY_1          1.000      0.000    999.000    999.000

 Residual Variances
    DASS1_1            1.000      0.000    999.000    999.000
    DASS2_1            1.000      0.000    999.000    999.000
    DASS3_1            1.000      0.000    999.000    999.000
    DASS4_1            1.000      0.000    999.000    999.000
    DASS5_1            1.000      0.000    999.000    999.000
    DASS6_1            1.000      0.000    999.000    999.000
    DASS7_1            1.000      0.000    999.000    999.000
    DASS8_1            1.000      0.000    999.000    999.000
    DASS9_1            1.000      0.000    999.000    999.000
    DASS10_1           1.000      0.000    999.000    999.000
    DASS11_1           1.000      0.000    999.000    999.000
    DASS12_1           1.000      0.000    999.000    999.000
    DASS13_1           1.000      0.000    999.000    999.000
    DASS14_1           1.000      0.000    999.000    999.000


STANDARDIZED MODEL RESULTS


STDYX Standardization

                                                    Two-Tailed
                    Estimate       S.E.  Est./S.E.    P-Value

Group YOUNGER

 STRESS_1 BY
    DASS1_1            0.660      0.018     36.865      0.000
    DASS4_1            0.695      0.016     43.554      0.000
    DASS6_1            0.785      0.013     60.527      0.000
    DASS8_1            0.787      0.013     62.787      0.000
    DASS9_1            0.758      0.013     56.893      0.000
    DASS10_1           0.642      0.017     37.106      0.000
    DASS12_1           0.733      0.014     51.915      0.000

 ANXIETY_ BY
    DASS2_1            0.620      0.020     31.007      0.000
    DASS3_1            0.691      0.018     37.482      0.000
    DASS5_1            0.735      0.016     46.326      0.000
    DASS7_1            0.778      0.013     60.495      0.000
    DASS11_1           0.811      0.012     66.967      0.000
    DASS13_1           0.735      0.015     48.591      0.000
    DASS14_1           0.749      0.015     50.297      0.000

 ANXIETY_ WITH
    STRESS_1           0.941      0.008    121.902      0.000

 Means
    STRESS_1           0.000      0.000    999.000    999.000
    ANXIETY_1          0.000      0.000    999.000    999.000

 Thresholds
    DASS1_1$1         -0.571      0.036    -15.918      0.000
    DASS1_1$2          0.630      0.036     17.333      0.000
    DASS1_1$3          1.499      0.052     28.841      0.000
    DASS2_1$1          0.035      0.034      1.026      0.305
    DASS2_1$2          0.916      0.040     23.189      0.000
    DASS2_1$3          1.734      0.061     28.605      0.000
    DASS3_1$1          0.200      0.034      5.877      0.000
    DASS3_1$2          1.009      0.041     24.686      0.000
    DASS3_1$3          1.664      0.058     28.813      0.000
    DASS4_1$1         -0.788      0.038    -20.777      0.000
    DASS4_1$2          0.395      0.035     11.352      0.000
    DASS4_1$3          1.171      0.044     26.765      0.000
    DASS5_1$1          0.009      0.034      0.270      0.787
    DASS5_1$2          0.889      0.039     22.707      0.000
    DASS5_1$3          1.582      0.055     28.911      0.000
    DASS6_1$1         -0.377      0.035    -10.873      0.000
    DASS6_1$2          0.617      0.036     17.020      0.000
    DASS6_1$3          1.317      0.047     28.047      0.000
    DASS7_1$1         -0.527      0.036    -14.812      0.000
    DASS7_1$2          0.556      0.036     15.551      0.000
    DASS7_1$3          1.309      0.047     27.988      0.000
    DASS8_1$1         -0.615      0.036    -16.968      0.000
    DASS8_1$2          0.535      0.036     15.023      0.000
    DASS8_1$3          1.376      0.048     28.399      0.000
    DASS9_1$1         -0.419      0.035    -11.995      0.000
    DASS9_1$2          0.637      0.036     17.492      0.000
    DASS9_1$3          1.371      0.048     28.375      0.000
    DASS10_1$1        -0.626      0.036    -17.228      0.000
    DASS10_1$2         0.535      0.036     15.022      0.000
    DASS10_1$3         1.339      0.048     28.190      0.000
    DASS11_1$1        -0.221      0.034     -6.470      0.000
    DASS11_1$2         0.798      0.038     20.977      0.000
    DASS11_1$3         1.629      0.056     28.873      0.000
    DASS12_1$1        -0.604      0.036    -16.709      0.000
    DASS12_1$2         0.485      0.035     13.752      0.000
    DASS12_1$3         1.292      0.046     27.867      0.000
    DASS13_1$1        -0.055      0.034     -1.618      0.106
    DASS13_1$2         0.813      0.038     21.278      0.000
    DASS13_1$3         1.522      0.053     28.875      0.000
    DASS14_1$1        -0.024      0.034     -0.701      0.483
    DASS14_1$2         0.911      0.039     23.092      0.000
    DASS14_1$3         1.533      0.053     28.890      0.000

 Variances
    STRESS_1           1.000      0.000    999.000    999.000
    ANXIETY_1          1.000      0.000    999.000    999.000

 Residual Variances
    DASS1_1            0.564      0.024     23.840      0.000
    DASS2_1            0.616      0.025     24.847      0.000
    DASS3_1            0.523      0.025     20.529      0.000
    DASS4_1            0.516      0.022     23.260      0.000
    DASS5_1            0.459      0.023     19.674      0.000
    DASS6_1            0.384      0.020     18.827      0.000
    DASS7_1            0.395      0.020     19.732      0.000
    DASS8_1            0.380      0.020     19.279      0.000
    DASS9_1            0.425      0.020     21.015      0.000
    DASS10_1           0.588      0.022     26.464      0.000
    DASS11_1           0.342      0.020     17.428      0.000
    DASS12_1           0.463      0.021     22.342      0.000
    DASS13_1           0.460      0.022     20.734      0.000
    DASS14_1           0.439      0.022     19.714      0.000

Group OLDER

 STRESS_1 BY
    DASS1_1            0.735      0.015     49.853      0.000
    DASS4_1            0.725      0.014     50.359      0.000
    DASS6_1            0.828      0.011     75.634      0.000
    DASS8_1            0.792      0.013     62.920      0.000
    DASS9_1            0.779      0.013     59.535      0.000
    DASS10_1           0.604      0.019     31.849      0.000
    DASS12_1           0.755      0.014     53.474      0.000

 ANXIETY_ BY
    DASS2_1            0.625      0.020     30.821      0.000
    DASS3_1            0.734      0.017     43.251      0.000
    DASS5_1            0.730      0.016     44.949      0.000
    DASS7_1            0.769      0.014     55.201      0.000
    DASS11_1           0.815      0.012     65.456      0.000
    DASS13_1           0.751      0.015     49.632      0.000
    DASS14_1           0.790      0.014     57.168      0.000

 ANXIETY_ WITH
    STRESS_1           0.945      0.007    129.454      0.000

 Means
    STRESS_1           0.000      0.000    999.000    999.000
    ANXIETY_1          0.000      0.000    999.000    999.000

 Thresholds
    DASS1_1$1         -0.471      0.035    -13.475      0.000
    DASS1_1$2          0.684      0.037     18.694      0.000
    DASS1_1$3          1.517      0.052     29.067      0.000
    DASS2_1$1         -0.014      0.034     -0.402      0.688
    DASS2_1$2          0.890      0.039     22.890      0.000
    DASS2_1$3          1.693      0.059     28.940      0.000
    DASS3_1$1          0.125      0.034      3.723      0.000
    DASS3_1$2          0.968      0.040     24.214      0.000
    DASS3_1$3          1.678      0.058     28.982      0.000
    DASS4_1$1         -0.624      0.036    -17.301      0.000
    DASS4_1$2          0.390      0.035     11.303      0.000
    DASS4_1$3          1.209      0.044     27.339      0.000
    DASS5_1$1         -0.115      0.034     -3.402      0.001
    DASS5_1$2          0.716      0.037     19.410      0.000
    DASS5_1$3          1.402      0.049     28.726      0.000
    DASS6_1$1         -0.514      0.035    -14.581      0.000
    DASS6_1$2          0.526      0.035     14.897      0.000
    DASS6_1$3          1.291      0.046     28.057      0.000
    DASS7_1$1         -0.483      0.035    -13.792      0.000
    DASS7_1$2          0.530      0.035     15.003      0.000
    DASS7_1$3          1.220      0.044     27.448      0.000
    DASS8_1$1         -0.555      0.036    -15.631      0.000
    DASS8_1$2          0.469      0.035     13.422      0.000
    DASS8_1$3          1.295      0.046     28.083      0.000
    DASS9_1$1         -0.386      0.035    -11.198      0.000
    DASS9_1$2          0.653      0.036     17.971      0.000
    DASS9_1$3          1.447      0.050     28.899      0.000
    DASS10_1$1        -0.583      0.036    -16.312      0.000
    DASS10_1$2         0.514      0.035     14.585      0.000
    DASS10_1$3         1.442      0.050     28.882      0.000
    DASS11_1$1        -0.134      0.034     -3.992      0.000
    DASS11_1$2         0.825      0.038     21.672      0.000
    DASS11_1$3         1.506      0.052     29.057      0.000
    DASS12_1$1        -0.418      0.035    -12.048      0.000
    DASS12_1$2         0.566      0.036     15.895      0.000
    DASS12_1$3         1.279      0.046     27.961      0.000
    DASS13_1$1        -0.030      0.034     -0.884      0.377
    DASS13_1$2         0.783      0.038     20.824      0.000
    DASS13_1$3         1.379      0.048     28.611      0.000
    DASS14_1$1         0.068      0.034      2.010      0.044
    DASS14_1$2         0.885      0.039     22.794      0.000
    DASS14_1$3         1.447      0.050     28.903      0.000

 Variances
    STRESS_1           1.000      0.000    999.000    999.000
    ANXIETY_1          1.000      0.000    999.000    999.000

 Residual Variances
    DASS1_1            0.460      0.022     21.202      0.000
    DASS2_1            0.610      0.025     24.099      0.000
    DASS3_1            0.462      0.025     18.545      0.000
    DASS4_1            0.474      0.021     22.709      0.000
    DASS5_1            0.467      0.024     19.708      0.000
    DASS6_1            0.314      0.018     17.327      0.000
    DASS7_1            0.408      0.021     19.049      0.000
    DASS8_1            0.372      0.020     18.656      0.000
    DASS9_1            0.394      0.020     19.337      0.000
    DASS10_1           0.635      0.023     27.710      0.000
    DASS11_1           0.335      0.020     16.502      0.000
    DASS12_1           0.431      0.021     20.225      0.000
    DASS13_1           0.436      0.023     19.168      0.000
    DASS14_1           0.375      0.022     17.168      0.000


R-SQUARE

Group YOUNGER

    Observed                                        Two-Tailed     Scale
    Variable        Estimate       S.E.  Est./S.E.    P-Value     Factors

    DASS1_1            0.436      0.024     18.433      0.000      0.751
    DASS2_1            0.384      0.025     15.504      0.000      0.785
    DASS3_1            0.477      0.025     18.741      0.000      0.723
    DASS4_1            0.484      0.022     21.777      0.000      0.719
    DASS5_1            0.541      0.023     23.163      0.000      0.678
    DASS6_1            0.616      0.020     30.264      0.000      0.619
    DASS7_1            0.605      0.020     30.247      0.000      0.628
    DASS8_1            0.620      0.020     31.393      0.000      0.617
    DASS9_1            0.575      0.020     28.446      0.000      0.652
    DASS10_1           0.412      0.022     18.553      0.000      0.767
    DASS11_1           0.658      0.020     33.483      0.000      0.585
    DASS12_1           0.537      0.021     25.958      0.000      0.680
    DASS13_1           0.540      0.022     24.295      0.000      0.679
    DASS14_1           0.561      0.022     25.149      0.000      0.663

Group OLDER

    Observed                                        Two-Tailed     Scale
    Variable        Estimate       S.E.  Est./S.E.    P-Value     Factors

    DASS1_1            0.540      0.022     24.926      0.000      0.678
    DASS2_1            0.390      0.025     15.410      0.000      0.781
    DASS3_1            0.538      0.025     21.626      0.000      0.679
    DASS4_1            0.526      0.021     25.179      0.000      0.689
    DASS5_1            0.533      0.024     22.475      0.000      0.684
    DASS6_1            0.686      0.018     37.817      0.000      0.561
    DASS7_1            0.592      0.021     27.601      0.000      0.639
    DASS8_1            0.628      0.020     31.460      0.000      0.610
    DASS9_1            0.606      0.020     29.768      0.000      0.628
    DASS10_1           0.365      0.023     15.925      0.000      0.797
    DASS11_1           0.665      0.020     32.728      0.000      0.579
    DASS12_1           0.569      0.021     26.737      0.000      0.656
    DASS13_1           0.564      0.023     24.816      0.000      0.660
    DASS14_1           0.625      0.022     28.584      0.000      0.613


QUALITY OF NUMERICAL RESULTS

     Condition Number for the Information Matrix              0.366E-02
       (ratio of smallest to largest eigenvalue)


MODEL MODIFICATION INDICES

Minimum M.I. value for printing the modification index    10.000

                                   M.I.     E.P.C.  Std E.P.C.  StdYX E.P.C.
Group YOUNGER


ON/BY Statements

DASS3_1  ON STRESS_1 /
STRESS_1 BY DASS3_1               30.938    -0.951     -0.951       -0.688
DASS4_1  ON ANXIETY_ /
ANXIETY_ BY DASS4_1               28.247    -0.828     -0.828       -0.595
DASS7_1  ON STRESS_1 /
STRESS_1 BY DASS7_1               91.125     1.714      1.714        1.077
DASS8_1  ON ANXIETY_ /
ANXIETY_ BY DASS8_1               48.734     1.235      1.235        0.762
DASS11_1 ON STRESS_1 /
STRESS_1 BY DASS11_1              31.648     1.099      1.099        0.643
DASS13_1 ON STRESS_1 /
STRESS_1 BY DASS13_1              30.542    -0.942     -0.942       -0.639

ON Statements

STRESS_1 ON DASS3_1               31.043    -0.110     -0.110       -0.152
STRESS_1 ON DASS4_1               28.241     0.101      0.101        0.141
STRESS_1 ON DASS7_1               90.769     0.197      0.197        0.313
STRESS_1 ON DASS8_1               48.633    -0.151     -0.151       -0.245
STRESS_1 ON DASS11_1              31.450     0.126      0.126        0.216
STRESS_1 ON DASS13_1              30.692    -0.109     -0.109       -0.160
ANXIETY_ ON DASS3_1               31.164     0.117      0.117        0.162
ANXIETY_ ON DASS4_1               28.158    -0.095     -0.095       -0.132
ANXIETY_ ON DASS7_1               90.474    -0.209     -0.209       -0.333
ANXIETY_ ON DASS8_1               48.809     0.142      0.142        0.231
ANXIETY_ ON DASS11_1              31.246    -0.134     -0.134       -0.228
ANXIETY_ ON DASS13_1              30.831     0.116      0.116        0.171
DASS1_1  ON DASS4_1               17.890     0.130      0.130        0.136
DASS1_1  ON DASS9_1               10.874     0.111      0.111        0.128
DASS1_1  ON DASS13_1              15.173    -0.136     -0.136       -0.150
DASS2_1  ON DASS3_1               82.187     0.288      0.288        0.312
DASS2_1  ON DASS9_1               13.693    -0.129     -0.129       -0.155
DASS2_1  ON DASS11_1              17.113    -0.172     -0.172       -0.231
DASS2_1  ON DASS12_1              16.706    -0.143     -0.143       -0.165
DASS3_1  ON DASS2_1               82.216     0.288      0.288        0.265
DASS3_1  ON DASS7_1               16.346    -0.183     -0.183       -0.210
DASS3_1  ON DASS8_1               15.818    -0.149     -0.149       -0.175
DASS3_1  ON DASS11_1              11.733    -0.156     -0.156       -0.192
DASS3_1  ON DASS12_1              20.335    -0.171     -0.171       -0.182
DASS3_1  ON DASS13_1              24.635     0.174      0.174        0.185
DASS4_1  ON DASS1_1               17.888     0.130      0.130        0.124
DASS4_1  ON DASS6_1               11.243     0.114      0.114        0.133
DASS4_1  ON DASS10_1              11.862     0.104      0.104        0.097
DASS4_1  ON DASS11_1              15.190    -0.139     -0.139       -0.171
DASS5_1  ON DASS6_1               10.983     0.115      0.115        0.126
DASS5_1  ON DASS7_1               12.556    -0.150     -0.150       -0.162
DASS5_1  ON DASS12_1              19.375    -0.168     -0.168       -0.168
DASS6_1  ON DASS4_1               11.253     0.114      0.114        0.098
DASS6_1  ON DASS5_1               13.970     0.134      0.134        0.122
DASS7_1  ON DASS3_1               16.334    -0.183     -0.183       -0.159
DASS7_1  ON DASS5_1               12.557    -0.150     -0.150       -0.139
DASS7_1  ON DASS8_1              190.014     0.419      0.419        0.426
DASS7_1  ON DASS12_1              13.987     0.127      0.127        0.118
DASS7_1  ON DASS13_1              17.825    -0.173     -0.173       -0.161
DASS8_1  ON DASS7_1              173.051     0.398      0.398        0.391
DASS8_1  ON DASS11_1              15.629     0.144      0.144        0.152
DASS9_1  ON DASS1_1               10.865     0.111      0.111        0.096
DASS9_1  ON DASS2_1               10.856    -0.123     -0.123       -0.102
DASS10_1 ON DASS4_1               11.865     0.104      0.104        0.111
DASS11_1 ON DASS2_1               17.085    -0.172     -0.172       -0.128
DASS11_1 ON DASS3_1               11.730    -0.156     -0.156       -0.126
DASS11_1 ON DASS8_1               11.603     0.128      0.128        0.121
DASS11_1 ON DASS9_1               15.949     0.143      0.143        0.128
DASS11_1 ON DASS12_1              71.514     0.285      0.285        0.245
DASS12_1 ON DASS2_1               10.165    -0.117     -0.117       -0.102
DASS12_1 ON DASS5_1               12.331    -0.134     -0.134       -0.134
DASS12_1 ON DASS11_1              55.798     0.234      0.234        0.272
DASS13_1 ON DASS1_1               18.989    -0.158     -0.158       -0.143
DASS13_1 ON DASS3_1               24.641     0.174      0.174        0.163
DASS13_1 ON DASS7_1               17.830    -0.173     -0.173       -0.187
DASS13_1 ON DASS8_1               12.450    -0.129     -0.129       -0.142
DASS13_1 ON DASS14_1              27.030     0.185      0.185        0.190
DASS14_1 ON DASS13_1              26.998     0.185      0.185        0.181

WITH Statements

DASS3_1  WITH STRESS_1            31.038    -0.110     -0.110       -0.110
DASS3_1  WITH ANXIETY_            31.051     0.117      0.117        0.117
DASS3_1  WITH DASS2_1             82.191     0.288      0.288        0.288
DASS4_1  WITH STRESS_1            28.248     0.101      0.101        0.101
DASS4_1  WITH ANXIETY_            28.248    -0.095     -0.095       -0.095
DASS4_1  WITH DASS1_1             17.888     0.130      0.130        0.130
DASS6_1  WITH DASS4_1             11.243     0.114      0.114        0.114
DASS6_1  WITH DASS5_1             17.017     0.161      0.161        0.161
DASS7_1  WITH STRESS_1            90.781     0.197      0.197        0.197
DASS7_1  WITH ANXIETY_            90.736    -0.209     -0.209       -0.209
DASS7_1  WITH DASS3_1             16.371    -0.183     -0.183       -0.183
DASS7_1  WITH DASS5_1             12.592    -0.151     -0.151       -0.151
DASS8_1  WITH STRESS_1            48.618    -0.151     -0.151       -0.151
DASS8_1  WITH ANXIETY_            48.631     0.142      0.142        0.142
DASS8_1  WITH DASS7_1            166.606     0.432      0.432        0.432
DASS9_1  WITH DASS1_1             10.872     0.111      0.111        0.111
DASS9_1  WITH DASS2_1             10.966    -0.129     -0.129       -0.129
DASS10_1 WITH DASS4_1             11.862     0.104      0.104        0.104
DASS11_1 WITH STRESS_1            31.458     0.126      0.126        0.126
DASS11_1 WITH ANXIETY_            31.434    -0.134     -0.134       -0.134
DASS11_1 WITH DASS2_1             17.110    -0.172     -0.172       -0.172
DASS11_1 WITH DASS3_1             11.757    -0.156     -0.156       -0.156
DASS12_1 WITH DASS2_1             14.005    -0.144     -0.144       -0.144
DASS12_1 WITH DASS3_1             12.173    -0.146     -0.146       -0.146
DASS12_1 WITH DASS5_1             19.763    -0.186     -0.186       -0.186
DASS12_1 WITH DASS11_1            63.016     0.286      0.286        0.286
DASS13_1 WITH STRESS_1            30.686    -0.109     -0.109       -0.109
DASS13_1 WITH ANXIETY_            30.705     0.116      0.116        0.116
DASS13_1 WITH DASS1_1             12.407    -0.135     -0.135       -0.135
DASS13_1 WITH DASS3_1             24.614     0.174      0.174        0.174
DASS13_1 WITH DASS7_1             17.865    -0.174     -0.174       -0.174
DASS14_1 WITH DASS13_1            26.996     0.185      0.185        0.185

Group OLDER


ON/BY Statements

DASS1_1  ON ANXIETY_ /
ANXIETY_ BY DASS1_1               11.090    -0.612     -0.612       -0.415
DASS3_1  ON STRESS_1 /
STRESS_1 BY DASS3_1               56.798    -1.462     -1.462       -0.994
DASS4_1  ON ANXIETY_ /
ANXIETY_ BY DASS4_1               34.889    -1.017     -1.017       -0.701
DASS7_1  ON STRESS_1 /
STRESS_1 BY DASS7_1               93.861     1.788      1.788        1.143
DASS8_1  ON ANXIETY_ /
ANXIETY_ BY DASS8_1               19.669     0.829      0.829        0.506
DASS11_1 ON STRESS_1 /
STRESS_1 BY DASS11_1              26.888     1.076      1.076        0.623
DASS13_1 ON STRESS_1 /
STRESS_1 BY DASS13_1              21.346    -0.856     -0.856       -0.565

ON Statements

STRESS_1 ON DASS1_1               10.965     0.069      0.069        0.101
STRESS_1 ON DASS3_1               56.967    -0.156     -0.156       -0.230
STRESS_1 ON DASS4_1               34.780     0.115      0.115        0.166
STRESS_1 ON DASS7_1               94.352     0.191      0.191        0.299
STRESS_1 ON DASS8_1               19.639    -0.093     -0.093       -0.153
STRESS_1 ON DASS11_1              26.802     0.115      0.115        0.198
STRESS_1 ON DASS13_1              21.350    -0.091     -0.091       -0.138
ANXIETY_ ON DASS1_1               11.007    -0.065     -0.065       -0.096
ANXIETY_ ON DASS3_1               56.910     0.165      0.165        0.243
ANXIETY_ ON DASS4_1               34.838    -0.108     -0.108       -0.157
ANXIETY_ ON DASS7_1               94.517    -0.203     -0.203       -0.317
ANXIETY_ ON DASS8_1               19.595     0.088      0.088        0.145
ANXIETY_ ON DASS11_1              26.866    -0.121     -0.121       -0.210
ANXIETY_ ON DASS13_1              21.303     0.096      0.096        0.146
DASS1_1  ON DASS4_1               19.576     0.159      0.159        0.156
DASS1_1  ON DASS9_1               10.183     0.125      0.125        0.135
DASS1_1  ON DASS13_1              18.160    -0.170     -0.170       -0.175
DASS2_1  ON DASS3_1               62.098     0.268      0.268        0.308
DASS2_1  ON DASS5_1               13.526     0.125      0.125        0.143
DASS2_1  ON DASS7_1               15.254    -0.151     -0.151       -0.185
DASS3_1  ON DASS1_1               12.838    -0.142     -0.142       -0.143
DASS3_1  ON DASS2_1               62.118     0.268      0.268        0.233
DASS3_1  ON DASS4_1               27.153    -0.202     -0.202       -0.200
DASS3_1  ON DASS5_1               17.669     0.165      0.165        0.164
DASS3_1  ON DASS9_1               10.796    -0.133     -0.133       -0.144
DASS3_1  ON DASS10_1              13.430    -0.136     -0.136       -0.116
DASS3_1  ON DASS12_1              20.191    -0.188     -0.188       -0.195
DASS3_1  ON DASS13_1              16.126     0.154      0.154        0.159
DASS4_1  ON DASS1_1               19.591     0.159      0.159        0.161
DASS4_1  ON DASS3_1               24.950    -0.192     -0.192       -0.194
DASS4_1  ON DASS10_1              33.092     0.173      0.173        0.149
DASS4_1  ON DASS13_1              23.213    -0.180     -0.180       -0.187
DASS5_1  ON DASS2_1               13.518     0.125      0.125        0.110
DASS5_1  ON DASS3_1               17.640     0.165      0.165        0.166
DASS5_1  ON DASS7_1               19.560    -0.182     -0.182       -0.194
DASS5_1  ON DASS10_1              15.955    -0.140     -0.140       -0.120
DASS5_1  ON DASS11_1              15.379    -0.171     -0.171       -0.202
DASS5_1  ON DASS12_1              10.551    -0.127     -0.127       -0.132
DASS5_1  ON DASS13_1              15.522     0.145      0.145        0.150
DASS6_1  ON DASS5_1               11.902     0.137      0.137        0.112
DASS6_1  ON DASS7_1               15.701     0.155      0.155        0.136
DASS7_1  ON DASS2_1               15.293    -0.151     -0.151       -0.124
DASS7_1  ON DASS5_1               19.607    -0.182     -0.182       -0.170
DASS7_1  ON DASS6_1               40.420     0.240      0.240        0.274
DASS7_1  ON DASS8_1               48.366     0.209      0.209        0.219
DASS7_1  ON DASS10_1              15.889     0.130      0.130        0.104
DASS7_1  ON DASS12_1              23.759     0.168      0.168        0.163
DASS7_1  ON DASS13_1              14.585    -0.158     -0.158       -0.153
DASS8_1  ON DASS7_1               33.446     0.174      0.174        0.166
DASS8_1  ON DASS11_1              16.889     0.152      0.152        0.161
DASS9_1  ON DASS1_1               10.206     0.125      0.125        0.116
DASS10_1 ON DASS4_1               33.093     0.173      0.173        0.200
DASS10_1 ON DASS5_1               12.399    -0.117     -0.117       -0.136
DASS11_1 ON DASS5_1               15.353    -0.171     -0.171       -0.145
DASS11_1 ON DASS8_1               17.751     0.162      0.162        0.153
DASS11_1 ON DASS12_1              25.510     0.177      0.177        0.156
DASS12_1 ON DASS7_1               11.703     0.115      0.115        0.118
DASS12_1 ON DASS11_1              21.070     0.151      0.151        0.171
DASS13_1 ON DASS1_1               20.995    -0.185     -0.185       -0.181
DASS13_1 ON DASS3_1               16.105     0.154      0.154        0.150
DASS13_1 ON DASS4_1               19.732    -0.169     -0.169       -0.162
DASS13_1 ON DASS5_1               15.530     0.145      0.145        0.140
DASS13_1 ON DASS6_1               12.207    -0.140     -0.140       -0.165
DASS13_1 ON DASS7_1               14.532    -0.158     -0.158       -0.163
DASS13_1 ON DASS14_1              19.950     0.178      0.178        0.192
DASS14_1 ON DASS13_1              19.973     0.178      0.178        0.165

WITH Statements

DASS1_1  WITH STRESS_1            10.982     0.069      0.069        0.069
DASS1_1  WITH ANXIETY_            10.994    -0.065     -0.065       -0.065
DASS3_1  WITH STRESS_1            56.930    -0.156     -0.156       -0.156
DASS3_1  WITH ANXIETY_            56.946     0.165      0.165        0.165
DASS3_1  WITH DASS2_1             62.097     0.268      0.268        0.268
DASS4_1  WITH STRESS_1            34.808     0.115      0.115        0.115
DASS4_1  WITH ANXIETY_            34.816    -0.108     -0.108       -0.108
DASS4_1  WITH DASS1_1             19.604     0.159      0.159        0.159
DASS4_1  WITH DASS3_1             15.327    -0.164     -0.164       -0.164
DASS5_1  WITH DASS2_1             13.525     0.125      0.125        0.125
DASS5_1  WITH DASS3_1             17.652     0.165      0.165        0.165
DASS6_1  WITH DASS5_1             11.036     0.142      0.142        0.142
DASS7_1  WITH STRESS_1            94.403     0.191      0.191        0.191
DASS7_1  WITH ANXIETY_            94.467    -0.203     -0.203       -0.203
DASS7_1  WITH DASS2_1             15.254    -0.151     -0.151       -0.151
DASS7_1  WITH DASS5_1             19.544    -0.181     -0.181       -0.181
DASS7_1  WITH DASS6_1             15.300     0.168      0.168        0.168
DASS8_1  WITH STRESS_1            19.611    -0.093     -0.093       -0.093
DASS8_1  WITH ANXIETY_            19.617     0.088      0.088        0.088
DASS8_1  WITH DASS7_1             28.945     0.177      0.177        0.177
DASS9_1  WITH DASS1_1             10.209     0.125      0.125        0.125
DASS10_1 WITH DASS4_1             33.102     0.173      0.173        0.173
DASS10_1 WITH DASS5_1             14.665    -0.139     -0.139       -0.139
DASS11_1 WITH STRESS_1            26.837     0.115      0.115        0.115
DASS11_1 WITH ANXIETY_            26.831    -0.121     -0.121       -0.121
DASS11_1 WITH DASS5_1             15.362    -0.171     -0.171       -0.171
DASS11_1 WITH DASS8_1             10.703     0.138      0.138        0.138
DASS12_1 WITH DASS11_1            18.903     0.164      0.164        0.164
DASS13_1 WITH STRESS_1            21.327    -0.091     -0.091       -0.091
DASS13_1 WITH ANXIETY_            21.325     0.097      0.097        0.097
DASS13_1 WITH DASS1_1             14.400    -0.167     -0.167       -0.167
DASS13_1 WITH DASS3_1             16.109     0.154      0.154        0.154
DASS13_1 WITH DASS4_1             13.804    -0.153     -0.153       -0.153
DASS13_1 WITH DASS5_1             15.534     0.145      0.145        0.145
DASS13_1 WITH DASS7_1             14.528    -0.157     -0.157       -0.157
DASS14_1 WITH DASS13_1            19.956     0.178      0.178        0.178



SAVEDATA INFORMATION


  Difference testing

  Save file
    dass1_student_age_inv_config.dat
  Save format      Free

     Beginning Time:  15:46:43
        Ending Time:  15:46:44
       Elapsed Time:  00:00:01



MUTHEN & MUTHEN
3463 Stoner Ave.
Los Angeles, CA  90066

Tel: (310) 391-9971
Fax: (310) 391-8971
Web: www.StatModel.com
Support: Support@StatModel.com

Copyright (c) 1998-2019 Muthen & Muthen
