Mplus VERSION 8.4 (Mac)
MUTHEN & MUTHEN
10/30/2023   3:46 PM

INPUT INSTRUCTIONS

  Title: Student DASS Gender Measurement Invariance Configural Model;

  Data:
     File is ../dat_stu_1.txt;

  Variable:
     Names are studentid index treatment girl age_w child_grade in_ukr
     guardian_living guardian_region
     grit1_1 grit2_1 grit3_1 grit4_1 grit5_1 grit6_1 grit7_1 grit8_1
     loc1_1 loc2_1 loc3_1 loc4_1
     dass1_1 dass2_1 dass3_1 dass4_1 dass5_1 dass6_1 dass7_1 dass8_1
     dass9_1 dass10_1 dass11_1 dass12_1 dass13_1 dass14_1
     sleep1_1 sleep2_1 sleep3_1 sleep4_1 sleep5_1 sleep6_1 sleep7_1
     edugoals_1 half;
     Missing are . ;

    Usevariable are
  	dass1_1 dass2_1 dass3_1 dass4_1 dass5_1 dass6_1 dass7_1 dass8_1
    dass9_1 dass10_1 dass11_1 dass12_1 dass13_1 dass14_1;

    Categorical is
  	dass1_1 dass2_1 dass3_1 dass4_1 dass5_1 dass6_1 dass7_1 dass8_1
    dass9_1 dass10_1 dass11_1 dass12_1 dass13_1 dass14_1;

    Idvariable is studentid;

    Group is girl (1 = Female 0 = Male);

  Analysis:
     Estimator = wlsmv;
     Parameterization = theta;


  !!! Model for Male Group !!!

  Model:
    ! Factor loadings all freely estimated
    stress_1 by
      dass1_1* dass4_1* dass6_1* dass8_1* dass9_1* dass10_1* dass12_1* (L1-L7);

    anxiety_1 by
      dass2_1* dass3_1* dass5_1* dass7_1* dass11_1* dass13_1* dass14_1* (L8-L14);

    !estimating thresholds freely
    [dass1_1$1-dass14_1$1*] (T1_1-T1_14);
    [dass1_1$2-dass14_1$2*] (T2_1-T2_14);
    [dass1_1$3-dass14_1$3*] (T3_1-T3_14);

    !constraining item residual variance to 1 for identification
    dass1_1-dass14_1@1;

    !fixing latent mean to zero for identification
    [stress_1@0];
    [anxiety_1@0];

    !fixing latent variance to one for identification
    stress_1@1;
    anxiety_1@1;

  !!! Model for Female Group !!!

  Model Female:
    ! Factor loadings all freely estimated
    stress_1 by
      dass1_1* dass4_1* dass6_1* dass8_1* dass9_1* dass10_1* dass12_1*;

    anxiety_1 by
      dass2_1* dass3_1* dass5_1* dass7_1* dass11_1* dass13_1* dass14_1*;

    ! estimating thresholds freely
    [dass1_1$1-dass14_1$1*];
    [dass1_1$2-dass14_1$2*];
    [dass1_1$3-dass14_1$3*];

    ! constraining item residual variance to 1 for identification
    dass1_1-dass14_1@1;

    ! fixing latent factor mean to zero for identification
    [stress_1@0];
    [anxiety_1@0];

    ! fixing latent factor variance to one for identification
    stress_1@1;
    anxiety_1@1;

  Output: sampstat stdyx modindices(all);
  Savedata: Difftest is dass1_student_gender_inv_config.dat;



INPUT READING TERMINATED NORMALLY



Student DASS Gender Measurement Invariance Configural Model;

SUMMARY OF ANALYSIS

Number of groups                                                 2
Number of observations
   Group MALE                                                 1261
   Group FEMALE                                               1506
   Total sample size                                          2767

Number of dependent variables                                   14
Number of independent variables                                  0
Number of continuous latent variables                            2

Observed dependent variables

  Binary and ordered categorical (ordinal)
   DASS1_1     DASS2_1     DASS3_1     DASS4_1     DASS5_1     DASS6_1
   DASS7_1     DASS8_1     DASS9_1     DASS10_1    DASS11_1    DASS12_1
   DASS13_1    DASS14_1

Continuous latent variables
   STRESS_1    ANXIETY_

Variables with special functions

  Grouping variable     GIRL
  ID variable           STUDENTI

Estimator                                                    WLSMV
Maximum number of iterations                                  1000
Convergence criterion                                    0.500D-04
Maximum number of steepest descent iterations                   20
Maximum number of iterations for H1                           2000
Convergence criterion for H1                             0.100D-03
Parameterization                                             THETA
Link                                                        PROBIT

Input data file(s)
  ../dat_stu_1.txt

Input data format  FREE


SUMMARY OF DATA

   Group MALE
     Number of missing data patterns             1

   Group FEMALE
     Number of missing data patterns             1


COVARIANCE COVERAGE OF DATA

Minimum covariance coverage value   0.100


     PROPORTION OF DATA PRESENT FOR MALE


           Covariance Coverage
              DASS1_1       DASS2_1       DASS3_1       DASS4_1       DASS5_1
              ________      ________      ________      ________      ________
 DASS1_1        1.000
 DASS2_1        1.000         1.000
 DASS3_1        1.000         1.000         1.000
 DASS4_1        1.000         1.000         1.000         1.000
 DASS5_1        1.000         1.000         1.000         1.000         1.000
 DASS6_1        1.000         1.000         1.000         1.000         1.000
 DASS7_1        1.000         1.000         1.000         1.000         1.000
 DASS8_1        1.000         1.000         1.000         1.000         1.000
 DASS9_1        1.000         1.000         1.000         1.000         1.000
 DASS10_1       1.000         1.000         1.000         1.000         1.000
 DASS11_1       1.000         1.000         1.000         1.000         1.000
 DASS12_1       1.000         1.000         1.000         1.000         1.000
 DASS13_1       1.000         1.000         1.000         1.000         1.000
 DASS14_1       1.000         1.000         1.000         1.000         1.000


           Covariance Coverage
              DASS6_1       DASS7_1       DASS8_1       DASS9_1       DASS10_1
              ________      ________      ________      ________      ________
 DASS6_1        1.000
 DASS7_1        1.000         1.000
 DASS8_1        1.000         1.000         1.000
 DASS9_1        1.000         1.000         1.000         1.000
 DASS10_1       1.000         1.000         1.000         1.000         1.000
 DASS11_1       1.000         1.000         1.000         1.000         1.000
 DASS12_1       1.000         1.000         1.000         1.000         1.000
 DASS13_1       1.000         1.000         1.000         1.000         1.000
 DASS14_1       1.000         1.000         1.000         1.000         1.000


           Covariance Coverage
              DASS11_1      DASS12_1      DASS13_1      DASS14_1
              ________      ________      ________      ________
 DASS11_1       1.000
 DASS12_1       1.000         1.000
 DASS13_1       1.000         1.000         1.000
 DASS14_1       1.000         1.000         1.000         1.000


     PROPORTION OF DATA PRESENT FOR FEMALE


           Covariance Coverage
              DASS1_1       DASS2_1       DASS3_1       DASS4_1       DASS5_1
              ________      ________      ________      ________      ________
 DASS1_1        1.000
 DASS2_1        1.000         1.000
 DASS3_1        1.000         1.000         1.000
 DASS4_1        1.000         1.000         1.000         1.000
 DASS5_1        1.000         1.000         1.000         1.000         1.000
 DASS6_1        1.000         1.000         1.000         1.000         1.000
 DASS7_1        1.000         1.000         1.000         1.000         1.000
 DASS8_1        1.000         1.000         1.000         1.000         1.000
 DASS9_1        1.000         1.000         1.000         1.000         1.000
 DASS10_1       1.000         1.000         1.000         1.000         1.000
 DASS11_1       1.000         1.000         1.000         1.000         1.000
 DASS12_1       1.000         1.000         1.000         1.000         1.000
 DASS13_1       1.000         1.000         1.000         1.000         1.000
 DASS14_1       1.000         1.000         1.000         1.000         1.000


           Covariance Coverage
              DASS6_1       DASS7_1       DASS8_1       DASS9_1       DASS10_1
              ________      ________      ________      ________      ________
 DASS6_1        1.000
 DASS7_1        1.000         1.000
 DASS8_1        1.000         1.000         1.000
 DASS9_1        1.000         1.000         1.000         1.000
 DASS10_1       1.000         1.000         1.000         1.000         1.000
 DASS11_1       1.000         1.000         1.000         1.000         1.000
 DASS12_1       1.000         1.000         1.000         1.000         1.000
 DASS13_1       1.000         1.000         1.000         1.000         1.000
 DASS14_1       1.000         1.000         1.000         1.000         1.000


           Covariance Coverage
              DASS11_1      DASS12_1      DASS13_1      DASS14_1
              ________      ________      ________      ________
 DASS11_1       1.000
 DASS12_1       1.000         1.000
 DASS13_1       1.000         1.000         1.000
 DASS14_1       1.000         1.000         1.000         1.000


UNIVARIATE PROPORTIONS AND COUNTS FOR CATEGORICAL VARIABLES

  Group MALE
    DASS1_1
      Category 1    0.340          429.000
      Category 2    0.436          550.000
      Category 3    0.168          212.000
      Category 4    0.056           70.000
    DASS2_1
      Category 1    0.532          671.000
      Category 2    0.297          375.000
      Category 3    0.135          170.000
      Category 4    0.036           45.000
    DASS3_1
      Category 1    0.608          767.000
      Category 2    0.262          331.000
      Category 3    0.096          121.000
      Category 4    0.033           42.000
    DASS4_1
      Category 1    0.262          330.000
      Category 2    0.437          551.000
      Category 3    0.209          263.000
      Category 4    0.093          117.000
    DASS5_1
      Category 1    0.551          695.000
      Category 2    0.289          365.000
      Category 3    0.121          152.000
      Category 4    0.039           49.000
    DASS6_1
      Category 1    0.375          473.000
      Category 2    0.385          485.000
      Category 3    0.167          210.000
      Category 4    0.074           93.000
    DASS7_1
      Category 1    0.347          437.000
      Category 2    0.404          510.000
      Category 3    0.171          216.000
      Category 4    0.078           98.000
    DASS8_1
      Category 1    0.312          394.000
      Category 2    0.432          545.000
      Category 3    0.195          246.000
      Category 4    0.060           76.000
    DASS9_1
      Category 1    0.362          456.000
      Category 2    0.415          523.000
      Category 3    0.159          200.000
      Category 4    0.065           82.000
    DASS10_1
      Category 1    0.278          350.000
      Category 2    0.429          541.000
      Category 3    0.215          271.000
      Category 4    0.079           99.000
    DASS11_1
      Category 1    0.497          627.000
      Category 2    0.338          426.000
      Category 3    0.129          163.000
      Category 4    0.036           45.000
    DASS12_1
      Category 1    0.369          465.000
      Category 2    0.385          485.000
      Category 3    0.182          229.000
      Category 4    0.065           82.000
    DASS13_1
      Category 1    0.516          651.000
      Category 2    0.308          389.000
      Category 3    0.120          151.000
      Category 4    0.056           70.000
    DASS14_1
      Category 1    0.581          733.000
      Category 2    0.281          354.000
      Category 3    0.090          113.000
      Category 4    0.048           61.000

  Group FEMALE
    DASS1_1
      Category 1    0.269          405.000
      Category 2    0.449          676.000
      Category 3    0.208          313.000
      Category 4    0.074          112.000
    DASS2_1
      Category 1    0.481          724.000
      Category 2    0.325          490.000
      Category 3    0.144          217.000
      Category 4    0.050           75.000
    DASS3_1
      Category 1    0.528          795.000
      Category 2    0.284          427.000
      Category 3    0.129          195.000
      Category 4    0.059           89.000
    DASS4_1
      Category 1    0.224          337.000
      Category 2    0.390          588.000
      Category 3    0.248          374.000
      Category 4    0.137          207.000
    DASS5_1
      Category 1    0.418          630.000
      Category 2    0.325          490.000
      Category 3    0.163          245.000
      Category 4    0.094          141.000
    DASS6_1
      Category 1    0.289          435.000
      Category 2    0.390          588.000
      Category 3    0.206          310.000
      Category 4    0.115          173.000
    DASS7_1
      Category 1    0.274          412.000
      Category 2    0.396          596.000
      Category 3    0.206          310.000
      Category 4    0.125          188.000
    DASS8_1
      Category 1    0.252          379.000
      Category 2    0.396          597.000
      Category 3    0.235          354.000
      Category 4    0.117          176.000
    DASS9_1
      Category 1    0.329          495.000
      Category 2    0.382          575.000
      Category 3    0.198          298.000
      Category 4    0.092          138.000
    DASS10_1
      Category 1    0.269          405.000
      Category 2    0.426          641.000
      Category 3    0.220          331.000
      Category 4    0.086          129.000
    DASS11_1
      Category 1    0.373          562.000
      Category 2    0.382          575.000
      Category 3    0.167          251.000
      Category 4    0.078          118.000
    DASS12_1
      Category 1    0.253          381.000
      Category 2    0.403          607.000
      Category 3    0.216          325.000
      Category 4    0.128          193.000
    DASS13_1
      Category 1    0.456          686.000
      Category 2    0.301          453.000
      Category 3    0.154          232.000
      Category 4    0.090          135.000
    DASS14_1
      Category 1    0.448          675.000
      Category 2    0.328          494.000
      Category 3    0.139          209.000
      Category 4    0.085          128.000


SAMPLE STATISTICS


     ESTIMATED SAMPLE STATISTICS FOR MALE


           MEANS/INTERCEPTS/THRESHOLDS
              DASS1_1$      DASS1_1$      DASS1_1$      DASS2_1$      DASS2_1$
              ________      ________      ________      ________      ________
               -0.412         0.760         1.594         0.081         0.952


           MEANS/INTERCEPTS/THRESHOLDS
              DASS2_1$      DASS3_1$      DASS3_1$      DASS3_1$      DASS4_1$
              ________      ________      ________      ________      ________
                1.803         0.275         1.130         1.834        -0.638


           MEANS/INTERCEPTS/THRESHOLDS
              DASS4_1$      DASS4_1$      DASS5_1$      DASS5_1$      DASS5_1$
              ________      ________      ________      ________      ________
                0.521         1.324         0.129         0.997         1.764


           MEANS/INTERCEPTS/THRESHOLDS
              DASS6_1$      DASS6_1$      DASS6_1$      DASS7_1$      DASS7_1$
              ________      ________      ________      ________      ________
               -0.318         0.705         1.448        -0.395         0.678


           MEANS/INTERCEPTS/THRESHOLDS
              DASS7_1$      DASS8_1$      DASS8_1$      DASS8_1$      DASS9_1$
              ________      ________      ________      ________      ________
                1.421        -0.489         0.658         1.553        -0.354


           MEANS/INTERCEPTS/THRESHOLDS
              DASS9_1$      DASS9_1$      DASS10_1      DASS10_1      DASS10_1
              ________      ________      ________      ________      ________
                0.760         1.514        -0.590         0.543         1.415


           MEANS/INTERCEPTS/THRESHOLDS
              DASS11_1      DASS11_1      DASS11_1      DASS12_1      DASS12_1
              ________      ________      ________      ________      ________
               -0.007         0.974         1.803        -0.335         0.685


           MEANS/INTERCEPTS/THRESHOLDS
              DASS12_1      DASS13_1      DASS13_1      DASS13_1      DASS14_1
              ________      ________      ________      ________      ________
                1.514         0.041         0.934         1.594         0.205


           MEANS/INTERCEPTS/THRESHOLDS
              DASS14_1      DASS14_1
              ________      ________
                1.089         1.661


           CORRELATION MATRIX (WITH VARIANCES ON THE DIAGONAL)
              DASS1_1       DASS2_1       DASS3_1       DASS4_1       DASS5_1
              ________      ________      ________      ________      ________
 DASS1_1
 DASS2_1        0.470
 DASS3_1        0.442         0.586
 DASS4_1        0.589         0.399         0.379
 DASS5_1        0.487         0.519         0.559         0.483
 DASS6_1        0.575         0.504         0.526         0.631         0.601
 DASS7_1        0.513         0.410         0.513         0.549         0.441
 DASS8_1        0.540         0.428         0.504         0.553         0.533
 DASS9_1        0.577         0.396         0.440         0.542         0.485
 DASS10_1       0.434         0.310         0.342         0.518         0.344
 DASS11_1       0.526         0.423         0.506         0.557         0.495
 DASS12_1       0.546         0.375         0.443         0.572         0.460
 DASS13_1       0.459         0.414         0.564         0.481         0.519
 DASS14_1       0.540         0.467         0.551         0.514         0.554


           CORRELATION MATRIX (WITH VARIANCES ON THE DIAGONAL)
              DASS6_1       DASS7_1       DASS8_1       DASS9_1       DASS10_1
              ________      ________      ________      ________      ________
 DASS7_1        0.589
 DASS8_1        0.562         0.643
 DASS9_1        0.636         0.542         0.573
 DASS10_1       0.486         0.466         0.474         0.484
 DASS11_1       0.591         0.584         0.636         0.611         0.516
 DASS12_1       0.585         0.546         0.579         0.562         0.484
 DASS13_1       0.537         0.520         0.523         0.518         0.470
 DASS14_1       0.588         0.539         0.529         0.561         0.482


           CORRELATION MATRIX (WITH VARIANCES ON THE DIAGONAL)
              DASS11_1      DASS12_1      DASS13_1      DASS14_1
              ________      ________      ________      ________
 DASS12_1       0.675
 DASS13_1       0.606         0.556
 DASS14_1       0.639         0.578         0.666


     ESTIMATED SAMPLE STATISTICS FOR FEMALE


           MEANS/INTERCEPTS/THRESHOLDS
              DASS1_1$      DASS1_1$      DASS1_1$      DASS2_1$      DASS2_1$
              ________      ________      ________      ________      ________
               -0.616         0.576         1.444        -0.048         0.864


           MEANS/INTERCEPTS/THRESHOLDS
              DASS2_1$      DASS3_1$      DASS3_1$      DASS3_1$      DASS4_1$
              ________      ________      ________      ________      ________
                1.647         0.070         0.883         1.562        -0.760


           MEANS/INTERCEPTS/THRESHOLDS
              DASS4_1$      DASS4_1$      DASS5_1$      DASS5_1$      DASS5_1$
              ________      ________      ________      ________      ________
                0.290         1.092        -0.206         0.655         1.319


           MEANS/INTERCEPTS/THRESHOLDS
              DASS6_1$      DASS6_1$      DASS6_1$      DASS7_1$      DASS7_1$
              ________      ________      ________      ________      ________
               -0.557         0.466         1.201        -0.602         0.438


           MEANS/INTERCEPTS/THRESHOLDS
              DASS7_1$      DASS8_1$      DASS8_1$      DASS8_1$      DASS9_1$
              ________      ________      ________      ________      ________
                1.151        -0.669         0.380         1.191        -0.444


           MEANS/INTERCEPTS/THRESHOLDS
              DASS9_1$      DASS9_1$      DASS10_1      DASS10_1      DASS10_1
              ________      ________      ________      ________      ________
                0.555         1.331        -0.616         0.509         1.368


           MEANS/INTERCEPTS/THRESHOLDS
              DASS11_1      DASS11_1      DASS11_1      DASS12_1      DASS12_1
              ________      ________      ________      ________      ________
               -0.323         0.690         1.416        -0.665         0.402


           MEANS/INTERCEPTS/THRESHOLDS
              DASS12_1      DASS13_1      DASS13_1      DASS13_1      DASS14_1
              ________      ________      ________      ________      ________
                1.135        -0.112         0.694         1.343        -0.130


           MEANS/INTERCEPTS/THRESHOLDS
              DASS14_1      DASS14_1
              ________      ________
                0.760         1.372


           CORRELATION MATRIX (WITH VARIANCES ON THE DIAGONAL)
              DASS1_1       DASS2_1       DASS3_1       DASS4_1       DASS5_1
              ________      ________      ________      ________      ________
 DASS1_1
 DASS2_1        0.401
 DASS3_1        0.467         0.557
 DASS4_1        0.519         0.395         0.449
 DASS5_1        0.451         0.501         0.568         0.442
 DASS6_1        0.543         0.472         0.526         0.566         0.597
 DASS7_1        0.480         0.447         0.485         0.477         0.529
 DASS8_1        0.532         0.447         0.486         0.492         0.550
 DASS9_1        0.572         0.449         0.522         0.518         0.525
 DASS10_1       0.393         0.382         0.406         0.501         0.399
 DASS11_1       0.504         0.470         0.554         0.494         0.562
 DASS12_1       0.470         0.387         0.427         0.549         0.412
 DASS13_1       0.393         0.460         0.603         0.417         0.631
 DASS14_1       0.452         0.453         0.553         0.464         0.559


           CORRELATION MATRIX (WITH VARIANCES ON THE DIAGONAL)
              DASS6_1       DASS7_1       DASS8_1       DASS9_1       DASS10_1
              ________      ________      ________      ________      ________
 DASS7_1        0.615
 DASS8_1        0.647         0.673
 DASS9_1        0.623         0.549         0.609
 DASS10_1       0.493         0.481         0.453         0.512
 DASS11_1       0.584         0.619         0.624         0.604         0.493
 DASS12_1       0.546         0.579         0.549         0.527         0.434
 DASS13_1       0.535         0.504         0.527         0.525         0.416
 DASS14_1       0.540         0.562         0.548         0.575         0.437


           CORRELATION MATRIX (WITH VARIANCES ON THE DIAGONAL)
              DASS11_1      DASS12_1      DASS13_1      DASS14_1
              ________      ________      ________      ________
 DASS12_1       0.596
 DASS13_1       0.597         0.508
 DASS14_1       0.602         0.510         0.599


THE MODEL ESTIMATION TERMINATED NORMALLY



MODEL FIT INFORMATION

Number of Free Parameters                      114

Chi-Square Test of Model Fit

          Value                           1194.936*
          Degrees of Freedom                   152
          P-Value                           0.0000

Chi-Square Contribution From Each Group

          MALE                             625.734
          FEMALE                           569.202

*   The chi-square value for MLM, MLMV, MLR, ULSMV, WLSM and WLSMV cannot be used
    for chi-square difference testing in the regular way.  MLM, MLR and WLSM
    chi-square difference testing is described on the Mplus website.  MLMV, WLSMV,
    and ULSMV difference testing is done using the DIFFTEST option.

RMSEA (Root Mean Square Error Of Approximation)

          Estimate                           0.070
          90 Percent C.I.                    0.067  0.074
          Probability RMSEA <= .05           0.000

CFI/TLI

          CFI                                0.973
          TLI                                0.968

Chi-Square Test of Model Fit for the Baseline Model

          Value                          38945.926
          Degrees of Freedom                   182
          P-Value                           0.0000

SRMR (Standardized Root Mean Square Residual)

          Value                              0.032

Optimum Function Value for Weighted Least-Squares Estimator

          Value                     0.11108413D+00



MODEL RESULTS

                                                    Two-Tailed
                    Estimate       S.E.  Est./S.E.    P-Value

Group MALE

 STRESS_1 BY
    DASS1_1            1.045      0.048     21.596      0.000
    DASS4_1            1.102      0.051     21.773      0.000
    DASS6_1            1.348      0.060     22.450      0.000
    DASS8_1            1.209      0.056     21.687      0.000
    DASS9_1            1.153      0.051     22.485      0.000
    DASS10_1           0.807      0.040     20.170      0.000
    DASS12_1           1.185      0.053     22.443      0.000

 ANXIETY_ BY
    DASS2_1            0.775      0.043     18.000      0.000
    DASS3_1            0.952      0.052     18.140      0.000
    DASS5_1            0.982      0.052     18.830      0.000
    DASS7_1            1.133      0.051     22.234      0.000
    DASS11_1           1.397      0.069     20.196      0.000
    DASS13_1           1.109      0.054     20.501      0.000
    DASS14_1           1.263      0.064     19.760      0.000

 ANXIETY_ WITH
    STRESS_1           0.951      0.007    128.957      0.000

 Means
    STRESS_1           0.000      0.000    999.000    999.000
    ANXIETY_1          0.000      0.000    999.000    999.000

 Thresholds
    DASS1_1$1         -0.596      0.052    -11.463      0.000
    DASS1_1$2          1.099      0.059     18.694      0.000
    DASS1_1$3          2.305      0.083     27.637      0.000
    DASS2_1$1          0.102      0.045      2.268      0.023
    DASS2_1$2          1.205      0.055     22.060      0.000
    DASS2_1$3          2.281      0.083     27.375      0.000
    DASS3_1$1          0.379      0.051      7.410      0.000
    DASS3_1$2          1.560      0.066     23.524      0.000
    DASS3_1$3          2.532      0.095     26.750      0.000
    DASS4_1$1         -0.949      0.057    -16.750      0.000
    DASS4_1$2          0.774      0.056     13.841      0.000
    DASS4_1$3          1.970      0.073     26.878      0.000
    DASS5_1$1          0.180      0.050      3.583      0.000
    DASS5_1$2          1.397      0.063     22.251      0.000
    DASS5_1$3          2.472      0.092     27.014      0.000
    DASS6_1$1         -0.534      0.060     -8.972      0.000
    DASS6_1$2          1.184      0.067     17.719      0.000
    DASS6_1$3          2.431      0.086     28.329      0.000
    DASS7_1$1         -0.596      0.054    -11.121      0.000
    DASS7_1$2          1.024      0.059     17.344      0.000
    DASS7_1$3          2.147      0.077     27.989      0.000
    DASS8_1$1         -0.767      0.057    -13.404      0.000
    DASS8_1$2          1.032      0.062     16.585      0.000
    DASS8_1$3          2.435      0.088     27.611      0.000
    DASS9_1$1         -0.540      0.054     -9.997      0.000
    DASS9_1$2          1.160      0.061     18.999      0.000
    DASS9_1$3          2.310      0.081     28.473      0.000
    DASS10_1$1        -0.758      0.048    -15.742      0.000
    DASS10_1$2         0.698      0.048     14.536      0.000
    DASS10_1$3         1.818      0.064     28.218      0.000
    DASS11_1$1        -0.012      0.061     -0.197      0.844
    DASS11_1$2         1.674      0.081     20.752      0.000
    DASS11_1$3         3.097      0.114     27.231      0.000
    DASS12_1$1        -0.520      0.055     -9.500      0.000
    DASS12_1$2         1.062      0.061     17.390      0.000
    DASS12_1$3         2.348      0.084     28.069      0.000
    DASS13_1$1         0.061      0.053      1.149      0.251
    DASS13_1$2         1.394      0.065     21.317      0.000
    DASS13_1$3         2.380      0.084     28.371      0.000
    DASS14_1$1         0.331      0.060      5.555      0.000
    DASS14_1$2         1.755      0.078     22.419      0.000
    DASS14_1$3         2.676      0.097     27.600      0.000

 Variances
    STRESS_1           1.000      0.000    999.000    999.000
    ANXIETY_1          1.000      0.000    999.000    999.000

 Residual Variances
    DASS1_1            1.000      0.000    999.000    999.000
    DASS2_1            1.000      0.000    999.000    999.000
    DASS3_1            1.000      0.000    999.000    999.000
    DASS4_1            1.000      0.000    999.000    999.000
    DASS5_1            1.000      0.000    999.000    999.000
    DASS6_1            1.000      0.000    999.000    999.000
    DASS7_1            1.000      0.000    999.000    999.000
    DASS8_1            1.000      0.000    999.000    999.000
    DASS9_1            1.000      0.000    999.000    999.000
    DASS10_1           1.000      0.000    999.000    999.000
    DASS11_1           1.000      0.000    999.000    999.000
    DASS12_1           1.000      0.000    999.000    999.000
    DASS13_1           1.000      0.000    999.000    999.000
    DASS14_1           1.000      0.000    999.000    999.000

Group FEMALE

 STRESS_1 BY
    DASS1_1            0.913      0.041     22.286      0.000
    DASS4_1            0.938      0.039     24.069      0.000
    DASS6_1            1.345      0.055     24.606      0.000
    DASS8_1            1.315      0.052     25.301      0.000
    DASS9_1            1.244      0.050     24.941      0.000
    DASS10_1           0.805      0.036     22.078      0.000
    DASS12_1           1.027      0.042     24.351      0.000

 ANXIETY_ BY
    DASS2_1            0.808      0.041     19.633      0.000
    DASS3_1            1.043      0.050     21.035      0.000
    DASS5_1            1.105      0.049     22.702      0.000
    DASS7_1            1.256      0.053     23.819      0.000
    DASS11_1           1.357      0.056     24.236      0.000
    DASS13_1           1.109      0.048     23.052      0.000
    DASS14_1           1.136      0.049     23.199      0.000

 ANXIETY_ WITH
    STRESS_1           0.934      0.008    121.171      0.000

 Means
    STRESS_1           0.000      0.000    999.000    999.000
    ANXIETY_1          0.000      0.000    999.000    999.000

 Thresholds
    DASS1_1$1         -0.834      0.047    -17.815      0.000
    DASS1_1$2          0.780      0.048     16.410      0.000
    DASS1_1$3          1.955      0.065     29.979      0.000
    DASS2_1$1         -0.062      0.041     -1.499      0.134
    DASS2_1$2          1.110      0.049     22.465      0.000
    DASS2_1$3          2.117      0.071     29.867      0.000
    DASS3_1$1          0.101      0.047      2.149      0.032
    DASS3_1$2          1.276      0.057     22.383      0.000
    DASS3_1$3          2.257      0.078     28.944      0.000
    DASS4_1$1         -1.042      0.049    -21.424      0.000
    DASS4_1$2          0.398      0.045      8.850      0.000
    DASS4_1$3          1.497      0.054     27.795      0.000
    DASS5_1$1         -0.307      0.048     -6.408      0.000
    DASS5_1$2          0.976      0.054     18.204      0.000
    DASS5_1$3          1.966      0.067     29.168      0.000
    DASS6_1$1         -0.933      0.057    -16.314      0.000
    DASS6_1$2          0.781      0.057     13.663      0.000
    DASS6_1$3          2.013      0.070     28.598      0.000
    DASS7_1$1         -0.966      0.056    -17.372      0.000
    DASS7_1$2          0.703      0.054     12.921      0.000
    DASS7_1$3          1.848      0.066     27.944      0.000
    DASS8_1$1         -1.105      0.057    -19.374      0.000
    DASS8_1$2          0.628      0.055     11.390      0.000
    DASS8_1$3          1.967      0.071     27.867      0.000
    DASS9_1$1         -0.708      0.052    -13.570      0.000
    DASS9_1$2          0.885      0.055     15.984      0.000
    DASS9_1$3          2.124      0.071     30.077      0.000
    DASS10_1$1        -0.791      0.044    -17.915      0.000
    DASS10_1$2         0.653      0.044     14.940      0.000
    DASS10_1$3         1.757      0.057     30.600      0.000
    DASS11_1$1        -0.545      0.054    -10.131      0.000
    DASS11_1$2         1.163      0.062     18.620      0.000
    DASS11_1$3         2.387      0.080     29.734      0.000
    DASS12_1$1        -0.953      0.049    -19.286      0.000
    DASS12_1$2         0.576      0.048     12.005      0.000
    DASS12_1$3         1.627      0.058     28.042      0.000
    DASS13_1$1        -0.167      0.048     -3.491      0.000
    DASS13_1$2         1.037      0.054     19.129      0.000
    DASS13_1$3         2.005      0.067     29.948      0.000
    DASS14_1$1        -0.197      0.048     -4.064      0.000
    DASS14_1$2         1.149      0.057     20.340      0.000
    DASS14_1$3         2.076      0.069     29.905      0.000

 Variances
    STRESS_1           1.000      0.000    999.000    999.000
    ANXIETY_1          1.000      0.000    999.000    999.000

 Residual Variances
    DASS1_1            1.000      0.000    999.000    999.000
    DASS2_1            1.000      0.000    999.000    999.000
    DASS3_1            1.000      0.000    999.000    999.000
    DASS4_1            1.000      0.000    999.000    999.000
    DASS5_1            1.000      0.000    999.000    999.000
    DASS6_1            1.000      0.000    999.000    999.000
    DASS7_1            1.000      0.000    999.000    999.000
    DASS8_1            1.000      0.000    999.000    999.000
    DASS9_1            1.000      0.000    999.000    999.000
    DASS10_1           1.000      0.000    999.000    999.000
    DASS11_1           1.000      0.000    999.000    999.000
    DASS12_1           1.000      0.000    999.000    999.000
    DASS13_1           1.000      0.000    999.000    999.000
    DASS14_1           1.000      0.000    999.000    999.000


STANDARDIZED MODEL RESULTS


STDYX Standardization

                                                    Two-Tailed
                    Estimate       S.E.  Est./S.E.    P-Value

Group MALE

 STRESS_1 BY
    DASS1_1            0.723      0.016     45.186      0.000
    DASS4_1            0.740      0.015     48.202      0.000
    DASS6_1            0.803      0.013     63.258      0.000
    DASS8_1            0.770      0.014     53.366      0.000
    DASS9_1            0.755      0.014     52.357      0.000
    DASS10_1           0.628      0.019     33.302      0.000
    DASS12_1           0.764      0.014     53.967      0.000

 ANXIETY_ BY
    DASS2_1            0.613      0.021     28.815      0.000
    DASS3_1            0.689      0.020     34.569      0.000
    DASS5_1            0.701      0.019     36.993      0.000
    DASS7_1            0.750      0.015     50.785      0.000
    DASS11_1           0.813      0.014     59.598      0.000
    DASS13_1           0.743      0.016     45.719      0.000
    DASS14_1           0.784      0.015     51.294      0.000

 ANXIETY_ WITH
    STRESS_1           0.951      0.007    128.957      0.000

 Means
    STRESS_1           0.000      0.000    999.000    999.000
    ANXIETY_1          0.000      0.000    999.000    999.000

 Thresholds
    DASS1_1$1         -0.412      0.036    -11.315      0.000
    DASS1_1$2          0.760      0.039     19.357      0.000
    DASS1_1$3          1.594      0.058     27.696      0.000
    DASS2_1$1          0.081      0.035      2.281      0.023
    DASS2_1$2          0.952      0.042     22.795      0.000
    DASS2_1$3          1.803      0.067     27.099      0.000
    DASS3_1$1          0.275      0.036      7.679      0.000
    DASS3_1$2          1.130      0.045     25.201      0.000
    DASS3_1$3          1.834      0.068     26.927      0.000
    DASS4_1$1         -0.638      0.038    -16.777      0.000
    DASS4_1$2          0.521      0.037     14.035      0.000
    DASS4_1$3          1.324      0.049     26.913      0.000
    DASS5_1$1          0.129      0.035      3.632      0.000
    DASS5_1$2          0.997      0.042     23.474      0.000
    DASS5_1$3          1.764      0.065     27.281      0.000
    DASS6_1$1         -0.318      0.036     -8.855      0.000
    DASS6_1$2          0.705      0.039     18.238      0.000
    DASS6_1$3          1.448      0.053     27.500      0.000
    DASS7_1$1         -0.395      0.036    -10.869      0.000
    DASS7_1$2          0.678      0.038     17.645      0.000
    DASS7_1$3          1.421      0.052     27.406      0.000
    DASS8_1$1         -0.489      0.037    -13.260      0.000
    DASS8_1$2          0.658      0.038     17.212      0.000
    DASS8_1$3          1.552      0.056     27.691      0.000
    DASS9_1$1         -0.354      0.036     -9.807      0.000
    DASS9_1$2          0.760      0.039     19.358      0.000
    DASS9_1$3          1.514      0.055     27.654      0.000
    DASS10_1$1        -0.590      0.038    -15.686      0.000
    DASS10_1$2         0.543      0.037     14.587      0.000
    DASS10_1$3         1.415      0.052     27.384      0.000
    DASS11_1$1        -0.007      0.035     -0.197      0.844
    DASS11_1$2         0.974      0.042     23.136      0.000
    DASS11_1$3         1.803      0.067     27.099      0.000
    DASS12_1$1        -0.335      0.036     -9.303      0.000
    DASS12_1$2         0.685      0.038     17.807      0.000
    DASS12_1$3         1.514      0.055     27.653      0.000
    DASS13_1$1         0.041      0.035      1.155      0.248
    DASS13_1$2         0.934      0.041     22.500      0.000
    DASS13_1$3         1.594      0.058     27.694      0.000
    DASS14_1$1         0.205      0.036      5.769      0.000
    DASS14_1$2         1.089      0.044     24.721      0.000
    DASS14_1$3         1.661      0.060     27.614      0.000

 Variances
    STRESS_1           1.000      0.000    999.000    999.000
    ANXIETY_1          1.000      0.000    999.000    999.000

 Residual Variances
    DASS1_1            0.478      0.023     20.683      0.000
    DASS2_1            0.625      0.026     23.980      0.000
    DASS3_1            0.525      0.027     19.085      0.000
    DASS4_1            0.452      0.023     19.856      0.000
    DASS5_1            0.509      0.027     19.176      0.000
    DASS6_1            0.355      0.020     17.400      0.000
    DASS7_1            0.438      0.022     19.774      0.000
    DASS8_1            0.406      0.022     18.266      0.000
    DASS9_1            0.429      0.022     19.705      0.000
    DASS10_1           0.606      0.024     25.576      0.000
    DASS11_1           0.339      0.022     15.274      0.000
    DASS12_1           0.416      0.022     19.211      0.000
    DASS13_1           0.448      0.024     18.584      0.000
    DASS14_1           0.385      0.024     16.071      0.000

Group FEMALE

 STRESS_1 BY
    DASS1_1            0.674      0.016     40.867      0.000
    DASS4_1            0.684      0.015     45.263      0.000
    DASS6_1            0.803      0.012     69.136      0.000
    DASS8_1            0.796      0.012     69.027      0.000
    DASS9_1            0.779      0.012     63.518      0.000
    DASS10_1           0.627      0.017     36.399      0.000
    DASS12_1           0.716      0.014     50.027      0.000

 ANXIETY_ BY
    DASS2_1            0.628      0.019     32.451      0.000
    DASS3_1            0.722      0.016     43.909      0.000
    DASS5_1            0.742      0.015     50.437      0.000
    DASS7_1            0.782      0.013     61.369      0.000
    DASS11_1           0.805      0.012     68.853      0.000
    DASS13_1           0.743      0.014     51.390      0.000
    DASS14_1           0.751      0.014     53.120      0.000

 ANXIETY_ WITH
    STRESS_1           0.934      0.008    121.171      0.000

 Means
    STRESS_1           0.000      0.000    999.000    999.000
    ANXIETY_1          0.000      0.000    999.000    999.000

 Thresholds
    DASS1_1$1         -0.616      0.035    -17.792      0.000
    DASS1_1$2          0.576      0.034     16.790      0.000
    DASS1_1$3          1.444      0.048     30.040      0.000
    DASS2_1$1         -0.048      0.032     -1.496      0.135
    DASS2_1$2          0.864      0.037     23.292      0.000
    DASS2_1$3          1.647      0.055     30.203      0.000
    DASS3_1$1          0.070      0.032      2.164      0.030
    DASS3_1$2          0.883      0.037     23.665      0.000
    DASS3_1$3          1.562      0.052     30.268      0.000
    DASS4_1$1         -0.760      0.036    -21.145      0.000
    DASS4_1$2          0.290      0.033      8.852      0.000
    DASS4_1$3          1.092      0.040     27.048      0.000
    DASS5_1$1         -0.206      0.033     -6.335      0.000
    DASS5_1$2          0.655      0.035     18.739      0.000
    DASS5_1$3          1.319      0.045     29.375      0.000
    DASS6_1$1         -0.557      0.034    -16.288      0.000
    DASS6_1$2          0.466      0.034     13.859      0.000
    DASS6_1$3          1.201      0.042     28.350      0.000
    DASS7_1$1         -0.602      0.035    -17.442      0.000
    DASS7_1$2          0.438      0.033     13.096      0.000
    DASS7_1$3          1.151      0.041     27.796      0.000
    DASS8_1$1         -0.669      0.035    -19.085      0.000
    DASS8_1$2          0.380      0.033     11.464      0.000
    DASS8_1$3          1.191      0.042     28.242      0.000
    DASS9_1$1         -0.444      0.033    -13.249      0.000
    DASS9_1$2          0.555      0.034     16.237      0.000
    DASS9_1$3          1.331      0.045     29.459      0.000
    DASS10_1$1        -0.616      0.035    -17.791      0.000
    DASS10_1$2         0.509      0.034     15.027      0.000
    DASS10_1$3         1.368      0.046     29.690      0.000
    DASS11_1$1        -0.323      0.033     -9.826      0.000
    DASS11_1$2         0.690      0.035     19.580      0.000
    DASS11_1$3         1.416      0.047     29.931      0.000
    DASS12_1$1        -0.665      0.035    -18.988      0.000
    DASS12_1$2         0.402      0.033     12.077      0.000
    DASS12_1$3         1.135      0.041     27.605      0.000
    DASS13_1$1        -0.112      0.032     -3.452      0.001
    DASS13_1$2         0.694      0.035     19.678      0.000
    DASS13_1$3         1.343      0.045     29.538      0.000
    DASS14_1$1        -0.130      0.032     -4.019      0.000
    DASS14_1$2         0.760      0.036     21.144      0.000
    DASS14_1$3         1.372      0.046     29.713      0.000

 Variances
    STRESS_1           1.000      0.000    999.000    999.000
    ANXIETY_1          1.000      0.000    999.000    999.000

 Residual Variances
    DASS1_1            0.545      0.022     24.508      0.000
    DASS2_1            0.605      0.024     24.853      0.000
    DASS3_1            0.479      0.024     20.190      0.000
    DASS4_1            0.532      0.021     25.702      0.000
    DASS5_1            0.450      0.022     20.642      0.000
    DASS6_1            0.356      0.019     19.102      0.000
    DASS7_1            0.388      0.020     19.464      0.000
    DASS8_1            0.367      0.018     19.970      0.000
    DASS9_1            0.393      0.019     20.533      0.000
    DASS10_1           0.607      0.022     28.057      0.000
    DASS11_1           0.352      0.019     18.700      0.000
    DASS12_1           0.487      0.021     23.722      0.000
    DASS13_1           0.449      0.021     20.902      0.000
    DASS14_1           0.437      0.021     20.593      0.000


R-SQUARE

Group MALE

    Observed                                        Two-Tailed     Scale
    Variable        Estimate       S.E.  Est./S.E.    P-Value     Factors

    DASS1_1            0.522      0.023     22.593      0.000      0.691
    DASS2_1            0.375      0.026     14.407      0.000      0.790
    DASS3_1            0.475      0.027     17.284      0.000      0.724
    DASS4_1            0.548      0.023     24.101      0.000      0.672
    DASS5_1            0.491      0.027     18.497      0.000      0.713
    DASS6_1            0.645      0.020     31.629      0.000      0.596
    DASS7_1            0.562      0.022     25.392      0.000      0.662
    DASS8_1            0.594      0.022     26.683      0.000      0.637
    DASS9_1            0.571      0.022     26.178      0.000      0.655
    DASS10_1           0.394      0.024     16.651      0.000      0.778
    DASS11_1           0.661      0.022     29.799      0.000      0.582
    DASS12_1           0.584      0.022     26.983      0.000      0.645
    DASS13_1           0.552      0.024     22.859      0.000      0.670
    DASS14_1           0.615      0.024     25.647      0.000      0.621

Group FEMALE

    Observed                                        Two-Tailed     Scale
    Variable        Estimate       S.E.  Est./S.E.    P-Value     Factors

    DASS1_1            0.455      0.022     20.434      0.000      0.738
    DASS2_1            0.395      0.024     16.226      0.000      0.778
    DASS3_1            0.521      0.024     21.954      0.000      0.692
    DASS4_1            0.468      0.021     22.631      0.000      0.729
    DASS5_1            0.550      0.022     25.218      0.000      0.671
    DASS6_1            0.644      0.019     34.568      0.000      0.597
    DASS7_1            0.612      0.020     30.685      0.000      0.623
    DASS8_1            0.633      0.018     34.513      0.000      0.605
    DASS9_1            0.607      0.019     31.759      0.000      0.627
    DASS10_1           0.393      0.022     18.199      0.000      0.779
    DASS11_1           0.648      0.019     34.426      0.000      0.593
    DASS12_1           0.513      0.021     25.013      0.000      0.698
    DASS13_1           0.551      0.021     25.695      0.000      0.670
    DASS14_1           0.563      0.021     26.560      0.000      0.661


QUALITY OF NUMERICAL RESULTS

     Condition Number for the Information Matrix              0.309E-02
       (ratio of smallest to largest eigenvalue)


MODEL MODIFICATION INDICES

Minimum M.I. value for printing the modification index    10.000

                                   M.I.     E.P.C.  Std E.P.C.  StdYX E.P.C.
Group MALE


ON/BY Statements

DASS3_1  ON STRESS_1 /
STRESS_1 BY DASS3_1               66.489    -1.804     -1.804       -1.307
DASS4_1  ON ANXIETY_ /
ANXIETY_ BY DASS4_1               28.973    -1.137     -1.137       -0.764
DASS7_1  ON STRESS_1 /
STRESS_1 BY DASS7_1               70.205     1.850      1.850        1.224
DASS8_1  ON ANXIETY_ /
ANXIETY_ BY DASS8_1               31.696     1.213      1.213        0.774
DASS11_1 ON STRESS_1 /
STRESS_1 BY DASS11_1              48.025     1.786      1.786        1.040
DASS13_1 ON STRESS_1 /
STRESS_1 BY DASS13_1              16.422    -0.916     -0.916       -0.613

ON Statements

STRESS_1 ON DASS3_1               66.605    -0.172     -0.172       -0.238
STRESS_1 ON DASS4_1               28.973     0.114      0.114        0.169
STRESS_1 ON DASS7_1               70.303     0.176      0.176        0.267
STRESS_1 ON DASS8_1               31.734    -0.122     -0.122       -0.191
STRESS_1 ON DASS11_1              47.880     0.170      0.170        0.292
STRESS_1 ON DASS13_1              16.398    -0.087     -0.087       -0.130
ANXIETY_ ON DASS3_1               66.636     0.181      0.181        0.250
ANXIETY_ ON DASS4_1               28.961    -0.108     -0.108       -0.161
ANXIETY_ ON DASS7_1               70.291    -0.185     -0.185       -0.280
ANXIETY_ ON DASS8_1               31.745     0.116      0.116        0.182
ANXIETY_ ON DASS11_1              47.839    -0.179     -0.179       -0.307
ANXIETY_ ON DASS13_1              16.406     0.092      0.092        0.137
DASS1_1  ON DASS4_1               16.418     0.145      0.145        0.149
DASS2_1  ON DASS3_1              105.940     0.338      0.338        0.369
DASS2_1  ON DASS5_1               28.965     0.186      0.186        0.206
DASS2_1  ON DASS11_1              18.937    -0.193     -0.193       -0.263
DASS2_1  ON DASS12_1              16.310    -0.157     -0.157       -0.193
DASS3_1  ON DASS2_1              105.975     0.338      0.338        0.310
DASS3_1  ON DASS4_1               44.294    -0.283     -0.283       -0.305
DASS3_1  ON DASS5_1               21.251     0.175      0.175        0.178
DASS3_1  ON DASS9_1               19.858    -0.186     -0.186       -0.205
DASS3_1  ON DASS10_1              18.506    -0.173     -0.173       -0.161
DASS3_1  ON DASS11_1              10.364    -0.156     -0.156       -0.194
DASS3_1  ON DASS12_1              21.407    -0.196     -0.196       -0.220
DASS3_1  ON DASS13_1              10.313     0.129      0.129        0.139
DASS4_1  ON DASS1_1               16.411     0.144      0.144        0.140
DASS4_1  ON DASS3_1               36.589    -0.261     -0.261       -0.242
DASS4_1  ON DASS10_1              13.720     0.122      0.122        0.105
DASS4_1  ON DASS13_1              11.855    -0.139     -0.139       -0.140
DASS4_1  ON DASS14_1              11.454    -0.147     -0.147       -0.159
DASS5_1  ON DASS2_1               28.971     0.186      0.186        0.168
DASS5_1  ON DASS3_1               21.235     0.175      0.175        0.172
DASS5_1  ON DASS6_1               17.910     0.158      0.158        0.189
DASS5_1  ON DASS7_1               22.623    -0.208     -0.208       -0.224
DASS5_1  ON DASS10_1              12.322    -0.137     -0.137       -0.125
DASS5_1  ON DASS11_1              19.616    -0.215     -0.215       -0.264
DASS6_1  ON DASS5_1               21.204     0.180      0.180        0.150
DASS6_1  ON DASS8_1               19.412    -0.192     -0.192       -0.180
DASS7_1  ON DASS5_1               22.628    -0.208     -0.208       -0.193
DASS7_1  ON DASS8_1               84.933     0.303      0.303        0.314
DASS7_1  ON DASS14_1              10.532    -0.147     -0.147       -0.157
DASS8_1  ON DASS6_1               19.413    -0.192     -0.192       -0.206
DASS8_1  ON DASS7_1               74.578     0.282      0.282        0.272
DASS8_1  ON DASS11_1              19.097     0.164      0.164        0.180
DASS10_1 ON DASS3_1               10.433    -0.127     -0.127       -0.136
DASS10_1 ON DASS4_1               13.723     0.122      0.122        0.141
DASS10_1 ON DASS5_1               13.171    -0.137     -0.137       -0.149
DASS11_1 ON DASS2_1               18.910    -0.193     -0.193       -0.142
DASS11_1 ON DASS3_1               10.367    -0.156     -0.156       -0.125
DASS11_1 ON DASS5_1               19.590    -0.215     -0.215       -0.176
DASS11_1 ON DASS8_1               19.677     0.175      0.175        0.160
DASS11_1 ON DASS9_1               10.452     0.130      0.130        0.115
DASS11_1 ON DASS12_1              69.083     0.313      0.313        0.283
DASS12_1 ON DASS11_1              53.400     0.261      0.261        0.289
DASS13_1 ON DASS1_1               11.968    -0.145     -0.145       -0.140
DASS13_1 ON DASS3_1               10.300     0.129      0.129        0.119
DASS13_1 ON DASS14_1              44.722     0.269      0.269        0.290
DASS14_1 ON DASS7_1               10.524    -0.147     -0.147       -0.138
DASS14_1 ON DASS8_1               10.582    -0.142     -0.142       -0.138
DASS14_1 ON DASS13_1              44.728     0.269      0.269        0.249

WITH Statements

DASS3_1  WITH STRESS_1            66.614    -0.172     -0.172       -0.172
DASS3_1  WITH ANXIETY_            66.627     0.181      0.181        0.181
DASS3_1  WITH DASS2_1            105.956     0.338      0.338        0.338
DASS4_1  WITH STRESS_1            28.967     0.114      0.114        0.114
DASS4_1  WITH ANXIETY_            28.967    -0.108     -0.108       -0.108
DASS4_1  WITH DASS1_1             16.412     0.144      0.144        0.144
DASS4_1  WITH DASS3_1             28.339    -0.244     -0.244       -0.244
DASS5_1  WITH DASS2_1             28.974     0.186      0.186        0.186
DASS5_1  WITH DASS3_1             21.238     0.175      0.175        0.175
DASS6_1  WITH DASS5_1             21.541     0.192      0.192        0.192
DASS7_1  WITH STRESS_1            70.292     0.176      0.176        0.176
DASS7_1  WITH ANXIETY_            70.302    -0.186     -0.186       -0.186
DASS7_1  WITH DASS5_1             22.618    -0.208     -0.208       -0.208
DASS8_1  WITH STRESS_1            31.742    -0.122     -0.122       -0.122
DASS8_1  WITH ANXIETY_            31.738     0.116      0.116        0.116
DASS8_1  WITH DASS6_1             19.404    -0.192     -0.192       -0.192
DASS8_1  WITH DASS7_1             67.971     0.290      0.290        0.290
DASS10_1 WITH DASS3_1             10.429    -0.135     -0.135       -0.135
DASS10_1 WITH DASS4_1             13.720     0.122      0.122        0.122
DASS10_1 WITH DASS5_1             13.456    -0.148     -0.148       -0.148
DASS11_1 WITH STRESS_1            47.868     0.170      0.170        0.170
DASS11_1 WITH ANXIETY_            47.851    -0.179     -0.179       -0.179
DASS11_1 WITH DASS2_1             18.924    -0.193     -0.193       -0.193
DASS11_1 WITH DASS3_1             10.380    -0.156     -0.156       -0.156
DASS11_1 WITH DASS5_1             19.610    -0.215     -0.215       -0.215
DASS11_1 WITH DASS8_1             11.363     0.142      0.142        0.142
DASS12_1 WITH DASS2_1             13.158    -0.154     -0.154       -0.154
DASS12_1 WITH DASS11_1            57.277     0.304      0.304        0.304
DASS13_1 WITH STRESS_1            16.403    -0.087     -0.087       -0.087
DASS13_1 WITH ANXIETY_            16.401     0.092      0.092        0.092
DASS13_1 WITH DASS3_1             10.303     0.129      0.129        0.129
DASS14_1 WITH DASS7_1             10.523    -0.147     -0.147       -0.147
DASS14_1 WITH DASS13_1            44.730     0.269      0.269        0.269

Group FEMALE


ON/BY Statements

DASS1_1  ON ANXIETY_ /
ANXIETY_ BY DASS1_1               14.752    -0.553     -0.553       -0.409
DASS3_1  ON STRESS_1 /
STRESS_1 BY DASS3_1               29.704    -0.944     -0.944       -0.654
DASS4_1  ON ANXIETY_ /
ANXIETY_ BY DASS4_1               36.256    -0.854     -0.854       -0.623
DASS5_1  ON STRESS_1 /
STRESS_1 BY DASS5_1               15.144    -0.676     -0.676       -0.454
DASS7_1  ON STRESS_1 /
STRESS_1 BY DASS7_1              142.633     2.096      2.096        1.306
DASS8_1  ON ANXIETY_ /
ANXIETY_ BY DASS8_1               33.416     0.996      0.996        0.603
DASS11_1 ON STRESS_1 /
STRESS_1 BY DASS11_1              26.065     0.943      0.943        0.560
DASS13_1 ON STRESS_1 /
STRESS_1 BY DASS13_1              53.983    -1.226     -1.226       -0.821

ON Statements

STRESS_1 ON DASS1_1               14.739     0.075      0.075        0.102
STRESS_1 ON DASS3_1               29.606    -0.120     -0.120       -0.174
STRESS_1 ON DASS4_1               36.291     0.117      0.117        0.160
STRESS_1 ON DASS5_1               15.181    -0.086     -0.086       -0.129
STRESS_1 ON DASS7_1              142.596     0.267      0.267        0.429
STRESS_1 ON DASS8_1               33.441    -0.136     -0.136       -0.225
STRESS_1 ON DASS11_1              26.022     0.120      0.120        0.203
STRESS_1 ON DASS13_1              54.019    -0.156     -0.156       -0.233
ANXIETY_ ON DASS1_1               14.753    -0.071     -0.071       -0.096
ANXIETY_ ON DASS3_1               29.564     0.129      0.129        0.186
ANXIETY_ ON DASS4_1               36.307    -0.109     -0.109       -0.149
ANXIETY_ ON DASS5_1               15.165     0.092      0.092        0.138
ANXIETY_ ON DASS7_1              142.666    -0.286     -0.286       -0.459
ANXIETY_ ON DASS8_1               33.405     0.127      0.127        0.210
ANXIETY_ ON DASS11_1              26.053    -0.129     -0.129       -0.217
ANXIETY_ ON DASS13_1              53.985     0.167      0.167        0.250
DASS1_1  ON DASS4_1               18.637     0.131      0.131        0.132
DASS1_1  ON DASS9_1               19.020     0.160      0.160        0.189
DASS1_1  ON DASS13_1              28.587    -0.197     -0.197       -0.217
DASS2_1  ON DASS3_1               58.476     0.269      0.269        0.303
DASS3_1  ON DASS2_1               58.444     0.269      0.269        0.240
DASS3_1  ON DASS7_1               30.810    -0.266     -0.266       -0.295
DASS3_1  ON DASS8_1               22.878    -0.194     -0.194       -0.222
DASS3_1  ON DASS12_1              21.680    -0.189     -0.189       -0.188
DASS3_1  ON DASS13_1              39.710     0.266      0.266        0.275
DASS4_1  ON DASS1_1               18.644     0.131      0.131        0.129
DASS4_1  ON DASS5_1               13.143    -0.129     -0.129       -0.141
DASS4_1  ON DASS8_1               17.719    -0.160     -0.160       -0.193
DASS4_1  ON DASS10_1              30.119     0.166      0.166        0.155
DASS4_1  ON DASS11_1              10.215    -0.110     -0.110       -0.135
DASS4_1  ON DASS12_1              26.640     0.167      0.167        0.175
DASS4_1  ON DASS13_1              25.004    -0.178     -0.178       -0.194
DASS5_1  ON DASS7_1               18.998    -0.218     -0.218       -0.234
DASS5_1  ON DASS11_1              10.798    -0.168     -0.168       -0.189
DASS5_1  ON DASS12_1              38.629    -0.252     -0.252       -0.242
DASS5_1  ON DASS13_1              89.040     0.425      0.425        0.426
DASS6_1  ON DASS5_1               12.601     0.142      0.142        0.126
DASS7_1  ON DASS3_1               30.768    -0.265     -0.265       -0.239
DASS7_1  ON DASS5_1               19.010    -0.218     -0.218       -0.202
DASS7_1  ON DASS6_1               35.101     0.225      0.225        0.235
DASS7_1  ON DASS8_1              180.196     0.474      0.474        0.488
DASS7_1  ON DASS10_1              13.659     0.135      0.135        0.108
DASS7_1  ON DASS12_1              60.234     0.283      0.283        0.253
DASS7_1  ON DASS13_1              31.962    -0.249     -0.249       -0.231
DASS8_1  ON DASS4_1               17.730    -0.160     -0.160       -0.133
DASS8_1  ON DASS7_1              136.998     0.412      0.412        0.400
DASS8_1  ON DASS10_1              12.308    -0.137     -0.137       -0.106
DASS8_1  ON DASS11_1              14.998     0.146      0.146        0.149
DASS9_1  ON DASS1_1               19.019     0.160      0.160        0.136
DASS10_1 ON DASS4_1               30.110     0.165      0.165        0.177
DASS10_1 ON DASS8_1               12.311    -0.137     -0.137       -0.176
DASS11_1 ON DASS5_1               10.802    -0.168     -0.168       -0.148
DASS11_1 ON DASS8_1               13.096     0.140      0.140        0.137
DASS11_1 ON DASS12_1              32.391     0.191      0.191        0.163
DASS12_1 ON DASS4_1               26.604     0.167      0.167        0.160
DASS12_1 ON DASS5_1               19.061    -0.172     -0.172       -0.179
DASS12_1 ON DASS7_1               31.781     0.192      0.192        0.215
DASS12_1 ON DASS11_1              25.861     0.157      0.157        0.184
DASS13_1 ON DASS1_1               36.393    -0.234     -0.234       -0.212
DASS13_1 ON DASS3_1               39.752     0.266      0.266        0.258
DASS13_1 ON DASS4_1               25.231    -0.188     -0.188       -0.172
DASS13_1 ON DASS5_1               89.027     0.425      0.425        0.425
DASS13_1 ON DASS6_1               15.282    -0.156     -0.156       -0.175
DASS13_1 ON DASS7_1               31.957    -0.249     -0.249       -0.267
DASS13_1 ON DASS8_1               16.555    -0.160     -0.160       -0.177
DASS13_1 ON DASS9_1               10.344    -0.125     -0.125       -0.133
DASS13_1 ON DASS14_1              13.209     0.136      0.136        0.138
DASS14_1 ON DASS13_1              13.210     0.136      0.136        0.135

WITH Statements

DASS1_1  WITH STRESS_1            14.748     0.075      0.075        0.075
DASS1_1  WITH ANXIETY_            14.748    -0.071     -0.071       -0.071
DASS3_1  WITH STRESS_1            29.587    -0.120     -0.120       -0.120
DASS3_1  WITH ANXIETY_            29.570     0.129      0.129        0.129
DASS3_1  WITH DASS2_1             58.473     0.269      0.269        0.269
DASS4_1  WITH STRESS_1            36.306     0.117      0.117        0.117
DASS4_1  WITH ANXIETY_            36.299    -0.109     -0.109       -0.109
DASS4_1  WITH DASS1_1             18.638     0.131      0.131        0.131
DASS5_1  WITH STRESS_1            15.166    -0.086     -0.086       -0.086
DASS5_1  WITH ANXIETY_            15.170     0.092      0.092        0.092
DASS6_1  WITH DASS5_1             14.530     0.168      0.168        0.168
DASS7_1  WITH STRESS_1           142.647     0.267      0.267        0.267
DASS7_1  WITH ANXIETY_           142.650    -0.286     -0.286       -0.286
DASS7_1  WITH DASS3_1             30.766    -0.265     -0.265       -0.265
DASS7_1  WITH DASS5_1             19.008    -0.218     -0.218       -0.218
DASS8_1  WITH STRESS_1            33.417    -0.136     -0.136       -0.136
DASS8_1  WITH ANXIETY_            33.417     0.127      0.127        0.127
DASS8_1  WITH DASS3_1             13.127    -0.172     -0.172       -0.172
DASS8_1  WITH DASS4_1             17.730    -0.160     -0.160       -0.160
DASS8_1  WITH DASS7_1            133.389     0.459      0.459        0.459
DASS9_1  WITH DASS1_1             19.021     0.160      0.160        0.160
DASS10_1 WITH DASS4_1             30.111     0.165      0.165        0.165
DASS10_1 WITH DASS8_1             12.308    -0.137     -0.137       -0.137
DASS11_1 WITH STRESS_1            26.047     0.120      0.120        0.120
DASS11_1 WITH ANXIETY_            26.044    -0.129     -0.129       -0.129
DASS11_1 WITH DASS5_1             10.806    -0.168     -0.168       -0.168
DASS12_1 WITH DASS3_1             13.499    -0.164     -0.164       -0.164
DASS12_1 WITH DASS4_1             26.631     0.167      0.167        0.167
DASS12_1 WITH DASS5_1             33.223    -0.255     -0.255       -0.255
DASS12_1 WITH DASS7_1             31.353     0.219      0.219        0.219
DASS12_1 WITH DASS11_1            25.704     0.182      0.182        0.182
DASS13_1 WITH STRESS_1            53.993    -0.156     -0.156       -0.156
DASS13_1 WITH ANXIETY_            53.994     0.167      0.167        0.167
DASS13_1 WITH DASS1_1             23.021    -0.199     -0.199       -0.199
DASS13_1 WITH DASS3_1             39.749     0.266      0.266        0.266
DASS13_1 WITH DASS4_1             13.988    -0.150     -0.150       -0.150
DASS13_1 WITH DASS5_1             89.023     0.425      0.425        0.425
DASS13_1 WITH DASS7_1             31.960    -0.249     -0.249       -0.249
DASS14_1 WITH DASS13_1            13.207     0.136      0.136        0.136



SAVEDATA INFORMATION


  Difference testing

  Save file
    dass1_student_gender_inv_config.dat
  Save format      Free

     Beginning Time:  15:46:37
        Ending Time:  15:46:37
       Elapsed Time:  00:00:00



MUTHEN & MUTHEN
3463 Stoner Ave.
Los Angeles, CA  90066

Tel: (310) 391-9971
Fax: (310) 391-8971
Web: www.StatModel.com
Support: Support@StatModel.com

Copyright (c) 1998-2019 Muthen & Muthen
