Mplus VERSION 8.4 (Mac)
MUTHEN & MUTHEN
10/30/2023   3:46 PM

INPUT INSTRUCTIONS

  Title: Student DASS Treatment Measurement Invariance Configural Model;

  Data:
     File is ../dat_stu_1.txt;

  Variable:
     Names are studentid index treatment girl age_w child_grade in_ukr
     guardian_living guardian_region
     grit1_1 grit2_1 grit3_1 grit4_1 grit5_1 grit6_1 grit7_1 grit8_1
     loc1_1 loc2_1 loc3_1 loc4_1
     dass1_1 dass2_1 dass3_1 dass4_1 dass5_1 dass6_1 dass7_1 dass8_1
     dass9_1 dass10_1 dass11_1 dass12_1 dass13_1 dass14_1
     sleep1_1 sleep2_1 sleep3_1 sleep4_1 sleep5_1 sleep6_1 sleep7_1
     edugoals_1 half;
     Missing are . ;

    Usevariable are
  	dass1_1 dass2_1 dass3_1 dass4_1 dass5_1 dass6_1 dass7_1 dass8_1
    dass9_1 dass10_1 dass11_1 dass12_1 dass13_1 dass14_1;

    Categorical is
  	dass1_1 dass2_1 dass3_1 dass4_1 dass5_1 dass6_1 dass7_1 dass8_1
    dass9_1 dass10_1 dass11_1 dass12_1 dass13_1 dass14_1;

    Idvariable is studentid;

    Group is treatment (1 = Treated 0 = Control);

  Analysis:
     Estimator = wlsmv;
     Parameterization = theta;


  !!! Model for Control Group !!!

  Model:
    ! Factor loadings all freely estimated
    stress_1 by
      dass1_1* dass4_1* dass6_1* dass8_1* dass9_1* dass10_1* dass12_1* (L1-L7);

    anxiety_1 by
      dass2_1* dass3_1* dass5_1* dass7_1* dass11_1* dass13_1* dass14_1* (L8-L14);

    !estimating thresholds freely
    [dass1_1$1-dass14_1$1*] (T1_1-T1_14);
    [dass1_1$2-dass14_1$2*] (T2_1-T2_14);
    [dass1_1$3-dass14_1$3*] (T3_1-T3_14);

    !constraining item residual variance to 1 for identification
    dass1_1-dass14_1@1;

    !fixing latent mean to zero for identification
    [stress_1@0];
    [anxiety_1@0];

    !fixing latent variance to one for identification
    stress_1@1;
    anxiety_1@1;

  !!! Model for Treatment Group !!!

  Model Treated:
    ! Factor loadings all freely estimated
    stress_1 by
      dass1_1* dass4_1* dass6_1* dass8_1* dass9_1* dass10_1* dass12_1*;

    anxiety_1 by
      dass2_1* dass3_1* dass5_1* dass7_1* dass11_1* dass13_1* dass14_1*;

    ! estimating thresholds freely
    [dass1_1$1-dass14_1$1*];
    [dass1_1$2-dass14_1$2*];
    [dass1_1$3-dass14_1$3*];

    ! constraining item residual variance to 1 for identification
    dass1_1-dass14_1@1;

    ! fixing latent factor mean to zero for identification
    [stress_1@0];
    [anxiety_1@0];

    ! fixing latent factor variance to one for identification
    stress_1@1;
    anxiety_1@1;

  Output: sampstat stdyx modindices(all);
  Savedata: Difftest is dass1_student_tx_inv_config.dat;



INPUT READING TERMINATED NORMALLY



Student DASS Treatment Measurement Invariance Configural Model;

SUMMARY OF ANALYSIS

Number of groups                                                 2
Number of observations
   Group CONTROL                                              1388
   Group TREATED                                              1379
   Total sample size                                          2767

Number of dependent variables                                   14
Number of independent variables                                  0
Number of continuous latent variables                            2

Observed dependent variables

  Binary and ordered categorical (ordinal)
   DASS1_1     DASS2_1     DASS3_1     DASS4_1     DASS5_1     DASS6_1
   DASS7_1     DASS8_1     DASS9_1     DASS10_1    DASS11_1    DASS12_1
   DASS13_1    DASS14_1

Continuous latent variables
   STRESS_1    ANXIETY_

Variables with special functions

  Grouping variable     TREATMEN
  ID variable           STUDENTI

Estimator                                                    WLSMV
Maximum number of iterations                                  1000
Convergence criterion                                    0.500D-04
Maximum number of steepest descent iterations                   20
Maximum number of iterations for H1                           2000
Convergence criterion for H1                             0.100D-03
Parameterization                                             THETA
Link                                                        PROBIT

Input data file(s)
  ../dat_stu_1.txt

Input data format  FREE


SUMMARY OF DATA

   Group CONTROL
     Number of missing data patterns             1

   Group TREATED
     Number of missing data patterns             1


COVARIANCE COVERAGE OF DATA

Minimum covariance coverage value   0.100


     PROPORTION OF DATA PRESENT FOR CONTROL


           Covariance Coverage
              DASS1_1       DASS2_1       DASS3_1       DASS4_1       DASS5_1
              ________      ________      ________      ________      ________
 DASS1_1        1.000
 DASS2_1        1.000         1.000
 DASS3_1        1.000         1.000         1.000
 DASS4_1        1.000         1.000         1.000         1.000
 DASS5_1        1.000         1.000         1.000         1.000         1.000
 DASS6_1        1.000         1.000         1.000         1.000         1.000
 DASS7_1        1.000         1.000         1.000         1.000         1.000
 DASS8_1        1.000         1.000         1.000         1.000         1.000
 DASS9_1        1.000         1.000         1.000         1.000         1.000
 DASS10_1       1.000         1.000         1.000         1.000         1.000
 DASS11_1       1.000         1.000         1.000         1.000         1.000
 DASS12_1       1.000         1.000         1.000         1.000         1.000
 DASS13_1       1.000         1.000         1.000         1.000         1.000
 DASS14_1       1.000         1.000         1.000         1.000         1.000


           Covariance Coverage
              DASS6_1       DASS7_1       DASS8_1       DASS9_1       DASS10_1
              ________      ________      ________      ________      ________
 DASS6_1        1.000
 DASS7_1        1.000         1.000
 DASS8_1        1.000         1.000         1.000
 DASS9_1        1.000         1.000         1.000         1.000
 DASS10_1       1.000         1.000         1.000         1.000         1.000
 DASS11_1       1.000         1.000         1.000         1.000         1.000
 DASS12_1       1.000         1.000         1.000         1.000         1.000
 DASS13_1       1.000         1.000         1.000         1.000         1.000
 DASS14_1       1.000         1.000         1.000         1.000         1.000


           Covariance Coverage
              DASS11_1      DASS12_1      DASS13_1      DASS14_1
              ________      ________      ________      ________
 DASS11_1       1.000
 DASS12_1       1.000         1.000
 DASS13_1       1.000         1.000         1.000
 DASS14_1       1.000         1.000         1.000         1.000


     PROPORTION OF DATA PRESENT FOR TREATED


           Covariance Coverage
              DASS1_1       DASS2_1       DASS3_1       DASS4_1       DASS5_1
              ________      ________      ________      ________      ________
 DASS1_1        1.000
 DASS2_1        1.000         1.000
 DASS3_1        1.000         1.000         1.000
 DASS4_1        1.000         1.000         1.000         1.000
 DASS5_1        1.000         1.000         1.000         1.000         1.000
 DASS6_1        1.000         1.000         1.000         1.000         1.000
 DASS7_1        1.000         1.000         1.000         1.000         1.000
 DASS8_1        1.000         1.000         1.000         1.000         1.000
 DASS9_1        1.000         1.000         1.000         1.000         1.000
 DASS10_1       1.000         1.000         1.000         1.000         1.000
 DASS11_1       1.000         1.000         1.000         1.000         1.000
 DASS12_1       1.000         1.000         1.000         1.000         1.000
 DASS13_1       1.000         1.000         1.000         1.000         1.000
 DASS14_1       1.000         1.000         1.000         1.000         1.000


           Covariance Coverage
              DASS6_1       DASS7_1       DASS8_1       DASS9_1       DASS10_1
              ________      ________      ________      ________      ________
 DASS6_1        1.000
 DASS7_1        1.000         1.000
 DASS8_1        1.000         1.000         1.000
 DASS9_1        1.000         1.000         1.000         1.000
 DASS10_1       1.000         1.000         1.000         1.000         1.000
 DASS11_1       1.000         1.000         1.000         1.000         1.000
 DASS12_1       1.000         1.000         1.000         1.000         1.000
 DASS13_1       1.000         1.000         1.000         1.000         1.000
 DASS14_1       1.000         1.000         1.000         1.000         1.000


           Covariance Coverage
              DASS11_1      DASS12_1      DASS13_1      DASS14_1
              ________      ________      ________      ________
 DASS11_1       1.000
 DASS12_1       1.000         1.000
 DASS13_1       1.000         1.000         1.000
 DASS14_1       1.000         1.000         1.000         1.000


UNIVARIATE PROPORTIONS AND COUNTS FOR CATEGORICAL VARIABLES

  Group CONTROL
    DASS1_1
      Category 1    0.303          421.000
      Category 2    0.442          613.000
      Category 3    0.195          271.000
      Category 4    0.060           83.000
    DASS2_1
      Category 1    0.506          703.000
      Category 2    0.303          420.000
      Category 3    0.144          200.000
      Category 4    0.047           65.000
    DASS3_1
      Category 1    0.576          800.000
      Category 2    0.263          365.000
      Category 3    0.115          160.000
      Category 4    0.045           63.000
    DASS4_1
      Category 1    0.241          335.000
      Category 2    0.419          581.000
      Category 3    0.222          308.000
      Category 4    0.118          164.000
    DASS5_1
      Category 1    0.486          675.000
      Category 2    0.303          420.000
      Category 3    0.148          205.000
      Category 4    0.063           88.000
    DASS6_1
      Category 1    0.328          455.000
      Category 2    0.398          553.000
      Category 3    0.184          256.000
      Category 4    0.089          124.000
    DASS7_1
      Category 1    0.303          421.000
      Category 2    0.406          564.000
      Category 3    0.192          267.000
      Category 4    0.098          136.000
    DASS8_1
      Category 1    0.281          390.000
      Category 2    0.429          595.000
      Category 3    0.204          283.000
      Category 4    0.086          120.000
    DASS9_1
      Category 1    0.356          494.000
      Category 2    0.397          551.000
      Category 3    0.177          246.000
      Category 4    0.070           97.000
    DASS10_1
      Category 1    0.264          367.000
      Category 2    0.444          616.000
      Category 3    0.215          298.000
      Category 4    0.077          107.000
    DASS11_1
      Category 1    0.434          603.000
      Category 2    0.356          494.000
      Category 3    0.148          205.000
      Category 4    0.062           86.000
    DASS12_1
      Category 1    0.316          439.000
      Category 2    0.405          562.000
      Category 3    0.182          253.000
      Category 4    0.097          134.000
    DASS13_1
      Category 1    0.484          672.000
      Category 2    0.320          444.000
      Category 3    0.126          175.000
      Category 4    0.070           97.000
    DASS14_1
      Category 1    0.509          706.000
      Category 2    0.308          427.000
      Category 3    0.120          167.000
      Category 4    0.063           88.000

  Group TREATED
    DASS1_1
      Category 1    0.299          413.000
      Category 2    0.445          613.000
      Category 3    0.184          254.000
      Category 4    0.072           99.000
    DASS2_1
      Category 1    0.502          692.000
      Category 2    0.323          445.000
      Category 3    0.136          187.000
      Category 4    0.040           55.000
    DASS3_1
      Category 1    0.553          762.000
      Category 2    0.285          393.000
      Category 3    0.113          156.000
      Category 4    0.049           68.000
    DASS4_1
      Category 1    0.241          332.000
      Category 2    0.405          558.000
      Category 3    0.239          329.000
      Category 4    0.116          160.000
    DASS5_1
      Category 1    0.471          650.000
      Category 2    0.315          435.000
      Category 3    0.139          192.000
      Category 4    0.074          102.000
    DASS6_1
      Category 1    0.328          453.000
      Category 2    0.377          520.000
      Category 3    0.191          264.000
      Category 4    0.103          142.000
    DASS7_1
      Category 1    0.310          428.000
      Category 2    0.393          542.000
      Category 3    0.188          259.000
      Category 4    0.109          150.000
    DASS8_1
      Category 1    0.278          383.000
      Category 2    0.397          547.000
      Category 3    0.230          317.000
      Category 4    0.096          132.000
    DASS9_1
      Category 1    0.331          457.000
      Category 2    0.397          547.000
      Category 3    0.183          252.000
      Category 4    0.089          123.000
    DASS10_1
      Category 1    0.281          388.000
      Category 2    0.410          566.000
      Category 3    0.220          304.000
      Category 4    0.088          121.000
    DASS11_1
      Category 1    0.425          586.000
      Category 2    0.368          507.000
      Category 3    0.152          209.000
      Category 4    0.056           77.000
    DASS12_1
      Category 1    0.295          407.000
      Category 2    0.384          530.000
      Category 3    0.218          301.000
      Category 4    0.102          141.000
    DASS13_1
      Category 1    0.482          665.000
      Category 2    0.289          398.000
      Category 3    0.151          208.000
      Category 4    0.078          108.000
    DASS14_1
      Category 1    0.509          702.000
      Category 2    0.305          421.000
      Category 3    0.112          155.000
      Category 4    0.073          101.000


SAMPLE STATISTICS


     ESTIMATED SAMPLE STATISTICS FOR CONTROL


           MEANS/INTERCEPTS/THRESHOLDS
              DASS1_1$      DASS1_1$      DASS1_1$      DASS2_1$      DASS2_1$
              ________      ________      ________      ________      ________
               -0.515         0.659         1.556         0.016         0.875


           MEANS/INTERCEPTS/THRESHOLDS
              DASS2_1$      DASS3_1$      DASS3_1$      DASS3_1$      DASS4_1$
              ________      ________      ________      ________      ________
                1.676         0.193         0.992         1.691        -0.702


           MEANS/INTERCEPTS/THRESHOLDS
              DASS4_1$      DASS4_1$      DASS5_1$      DASS5_1$      DASS5_1$
              ________      ________      ________      ________      ________
                0.412         1.184        -0.034         0.803         1.527


           MEANS/INTERCEPTS/THRESHOLDS
              DASS6_1$      DASS6_1$      DASS6_1$      DASS7_1$      DASS7_1$
              ________      ________      ________      ________      ________
               -0.446         0.601         1.345        -0.515         0.552


           MEANS/INTERCEPTS/THRESHOLDS
              DASS7_1$      DASS8_1$      DASS8_1$      DASS8_1$      DASS9_1$
              ________      ________      ________      ________      ________
                1.293        -0.580         0.552         1.363        -0.369


           MEANS/INTERCEPTS/THRESHOLDS
              DASS9_1$      DASS9_1$      DASS10_1      DASS10_1      DASS10_1
              ________      ________      ________      ________      ________
                0.684         1.477        -0.630         0.548         1.425


           MEANS/INTERCEPTS/THRESHOLDS
              DASS11_1      DASS11_1      DASS11_1      DASS12_1      DASS12_1
              ________      ________      ________      ________      ________
               -0.165         0.808         1.539        -0.478         0.586


           MEANS/INTERCEPTS/THRESHOLDS
              DASS12_1      DASS13_1      DASS13_1      DASS13_1      DASS14_1
              ________      ________      ________      ________      ________
                1.302        -0.040         0.856         1.477         0.022


           MEANS/INTERCEPTS/THRESHOLDS
              DASS14_1      DASS14_1
              ________      ________
                0.901         1.527


           CORRELATION MATRIX (WITH VARIANCES ON THE DIAGONAL)
              DASS1_1       DASS2_1       DASS3_1       DASS4_1       DASS5_1
              ________      ________      ________      ________      ________
 DASS1_1
 DASS2_1        0.465
 DASS3_1        0.460         0.574
 DASS4_1        0.549         0.419         0.437
 DASS5_1        0.487         0.523         0.571         0.501
 DASS6_1        0.530         0.506         0.537         0.621         0.596
 DASS7_1        0.514         0.467         0.507         0.513         0.526
 DASS8_1        0.542         0.444         0.506         0.517         0.552
 DASS9_1        0.551         0.436         0.496         0.546         0.519
 DASS10_1       0.370         0.330         0.344         0.501         0.371
 DASS11_1       0.512         0.445         0.536         0.528         0.560
 DASS12_1       0.497         0.404         0.458         0.573         0.483
 DASS13_1       0.383         0.423         0.573         0.471         0.578
 DASS14_1       0.488         0.470         0.574         0.509         0.562


           CORRELATION MATRIX (WITH VARIANCES ON THE DIAGONAL)
              DASS6_1       DASS7_1       DASS8_1       DASS9_1       DASS10_1
              ________      ________      ________      ________      ________
 DASS7_1        0.623
 DASS8_1        0.639         0.695
 DASS9_1        0.637         0.569         0.626
 DASS10_1       0.486         0.467         0.473         0.461
 DASS11_1       0.598         0.622         0.640         0.607         0.506
 DASS12_1       0.572         0.590         0.561         0.546         0.440
 DASS13_1       0.509         0.531         0.505         0.499         0.405
 DASS14_1       0.552         0.580         0.535         0.571         0.420


           CORRELATION MATRIX (WITH VARIANCES ON THE DIAGONAL)
              DASS11_1      DASS12_1      DASS13_1      DASS14_1
              ________      ________      ________      ________
 DASS12_1       0.625
 DASS13_1       0.602         0.537
 DASS14_1       0.638         0.568         0.619


     ESTIMATED SAMPLE STATISTICS FOR TREATED


           MEANS/INTERCEPTS/THRESHOLDS
              DASS1_1$      DASS1_1$      DASS1_1$      DASS2_1$      DASS2_1$
              ________      ________      ________      ________      ________
               -0.526         0.656         1.463         0.005         0.933


           MEANS/INTERCEPTS/THRESHOLDS
              DASS2_1$      DASS3_1$      DASS3_1$      DASS3_1$      DASS4_1$
              ________      ________      ________      ________      ________
                1.752         0.132         0.984         1.652        -0.704


           MEANS/INTERCEPTS/THRESHOLDS
              DASS4_1$      DASS4_1$      DASS5_1$      DASS5_1$      DASS5_1$
              ________      ________      ________      ________      ________
                0.373         1.195        -0.072         0.795         1.447


           MEANS/INTERCEPTS/THRESHOLDS
              DASS6_1$      DASS6_1$      DASS6_1$      DASS7_1$      DASS7_1$
              ________      ________      ________      ________      ________
               -0.444         0.541         1.265        -0.495         0.534


           MEANS/INTERCEPTS/THRESHOLDS
              DASS7_1$      DASS8_1$      DASS8_1$      DASS8_1$      DASS9_1$
              ________      ________      ________      ________      ________
                1.233        -0.590         0.452         1.306        -0.436


           MEANS/INTERCEPTS/THRESHOLDS
              DASS9_1$      DASS9_1$      DASS10_1      DASS10_1      DASS10_1
              ________      ________      ________      ________      ________
                0.607         1.346        -0.579         0.501         1.355


           MEANS/INTERCEPTS/THRESHOLDS
              DASS11_1      DASS11_1      DASS11_1      DASS12_1      DASS12_1
              ________      ________      ________      ________      ________
               -0.189         0.815         1.591        -0.538         0.466


           MEANS/INTERCEPTS/THRESHOLDS
              DASS12_1      DASS13_1      DASS13_1      DASS13_1      DASS14_1
              ________      ________      ________      ________      ________
                1.269        -0.045         0.742         1.416         0.023


           MEANS/INTERCEPTS/THRESHOLDS
              DASS14_1      DASS14_1
              ________      ________
                0.894         1.452


           CORRELATION MATRIX (WITH VARIANCES ON THE DIAGONAL)
              DASS1_1       DASS2_1       DASS3_1       DASS4_1       DASS5_1
              ________      ________      ________      ________      ________
 DASS1_1
 DASS2_1        0.403
 DASS3_1        0.463         0.570
 DASS4_1        0.559         0.380         0.415
 DASS5_1        0.459         0.498         0.573         0.431
 DASS6_1        0.593         0.473         0.528         0.576         0.615
 DASS7_1        0.486         0.402         0.499         0.514         0.481
 DASS8_1        0.538         0.442         0.494         0.529         0.552
 DASS9_1        0.602         0.421         0.488         0.519         0.504
 DASS10_1       0.450         0.372         0.412         0.515         0.375
 DASS11_1       0.528         0.462         0.547         0.525         0.535
 DASS12_1       0.524         0.368         0.429         0.555         0.411
 DASS13_1       0.469         0.464         0.610         0.428         0.604
 DASS14_1       0.502         0.453         0.544         0.473         0.576


           CORRELATION MATRIX (WITH VARIANCES ON THE DIAGONAL)
              DASS6_1       DASS7_1       DASS8_1       DASS9_1       DASS10_1
              ________      ________      ________      ________      ________
 DASS7_1        0.596
 DASS8_1        0.595         0.637
 DASS9_1        0.626         0.531         0.568
 DASS10_1       0.491         0.479         0.448         0.536
 DASS11_1       0.591         0.600         0.633         0.613         0.493
 DASS12_1       0.570         0.555         0.579         0.544         0.467
 DASS13_1       0.571         0.503         0.555         0.549         0.469
 DASS14_1       0.584         0.540         0.562         0.573         0.483


           CORRELATION MATRIX (WITH VARIANCES ON THE DIAGONAL)
              DASS11_1      DASS12_1      DASS13_1      DASS14_1
              ________      ________      ________      ________
 DASS12_1       0.655
 DASS13_1       0.610         0.533
 DASS14_1       0.615         0.532         0.644


THE MODEL ESTIMATION TERMINATED NORMALLY



MODEL FIT INFORMATION

Number of Free Parameters                      114

Chi-Square Test of Model Fit

          Value                           1145.259*
          Degrees of Freedom                   152
          P-Value                           0.0000

Chi-Square Contribution From Each Group

          CONTROL                          555.217
          TREATED                          590.042

*   The chi-square value for MLM, MLMV, MLR, ULSMV, WLSM and WLSMV cannot be used
    for chi-square difference testing in the regular way.  MLM, MLR and WLSM
    chi-square difference testing is described on the Mplus website.  MLMV, WLSMV,
    and ULSMV difference testing is done using the DIFFTEST option.

RMSEA (Root Mean Square Error Of Approximation)

          Estimate                           0.069
          90 Percent C.I.                    0.065  0.072
          Probability RMSEA <= .05           0.000

CFI/TLI

          CFI                                0.975
          TLI                                0.970

Chi-Square Test of Model Fit for the Baseline Model

          Value                          40058.499
          Degrees of Freedom                   182
          P-Value                           0.0000

SRMR (Standardized Root Mean Square Residual)

          Value                              0.031

Optimum Function Value for Weighted Least-Squares Estimator

          Value                     0.10523344D+00



MODEL RESULTS

                                                    Two-Tailed
                    Estimate       S.E.  Est./S.E.    P-Value

Group CONTROL

 STRESS_1 BY
    DASS1_1            0.937      0.044     21.416      0.000
    DASS4_1            1.050      0.045     23.485      0.000
    DASS6_1            1.366      0.058     23.593      0.000
    DASS8_1            1.334      0.057     23.526      0.000
    DASS9_1            1.201      0.051     23.785      0.000
    DASS10_1           0.750      0.037     20.360      0.000
    DASS12_1           1.121      0.048     23.530      0.000

 ANXIETY_ BY
    DASS2_1            0.817      0.043     19.111      0.000
    DASS3_1            1.012      0.052     19.466      0.000
    DASS5_1            1.093      0.052     21.001      0.000
    DASS7_1            1.311      0.056     23.462      0.000
    DASS11_1           1.388      0.062     22.369      0.000
    DASS13_1           1.043      0.048     21.539      0.000
    DASS14_1           1.202      0.055     21.967      0.000

 ANXIETY_ WITH
    STRESS_1           0.944      0.007    126.938      0.000

 Means
    STRESS_1           0.000      0.000    999.000    999.000
    ANXIETY_1          0.000      0.000    999.000    999.000

 Thresholds
    DASS1_1$1         -0.706      0.048    -14.693      0.000
    DASS1_1$2          0.903      0.052     17.481      0.000
    DASS1_1$3          2.133      0.074     29.005      0.000
    DASS2_1$1          0.021      0.043      0.483      0.629
    DASS2_1$2          1.129      0.052     21.842      0.000
    DASS2_1$3          2.164      0.075     29.002      0.000
    DASS3_1$1          0.274      0.049      5.556      0.000
    DASS3_1$2          1.411      0.061     23.021      0.000
    DASS3_1$3          2.406      0.086     28.061      0.000
    DASS4_1$1         -1.018      0.053    -19.220      0.000
    DASS4_1$2          0.598      0.051     11.782      0.000
    DASS4_1$3          1.717      0.062     27.833      0.000
    DASS5_1$1         -0.051      0.050     -1.023      0.306
    DASS5_1$2          1.189      0.059     20.280      0.000
    DASS5_1$3          2.261      0.078     28.900      0.000
    DASS6_1$1         -0.755      0.058    -12.928      0.000
    DASS6_1$2          1.018      0.062     16.362      0.000
    DASS6_1$3          2.277      0.079     28.773      0.000
    DASS7_1$1         -0.849      0.057    -14.769      0.000
    DASS7_1$2          0.911      0.060     15.210      0.000
    DASS7_1$3          2.132      0.075     28.393      0.000
    DASS8_1$1         -0.967      0.059    -16.436      0.000
    DASS8_1$2          0.921      0.061     15.124      0.000
    DASS8_1$3          2.272      0.081     27.908      0.000
    DASS9_1$1         -0.577      0.052    -11.008      0.000
    DASS9_1$2          1.069      0.059     18.239      0.000
    DASS9_1$3          2.308      0.079     29.274      0.000
    DASS10_1$1        -0.787      0.045    -17.498      0.000
    DASS10_1$2         0.685      0.045     15.349      0.000
    DASS10_1$3         1.781      0.060     29.509      0.000
    DASS11_1$1        -0.282      0.057     -4.966      0.000
    DASS11_1$2         1.382      0.069     19.949      0.000
    DASS11_1$3         2.633      0.087     30.107      0.000
    DASS12_1$1        -0.718      0.051    -13.968      0.000
    DASS12_1$2         0.881      0.055     16.109      0.000
    DASS12_1$3         1.956      0.068     28.850      0.000
    DASS13_1$1        -0.057      0.048     -1.186      0.236
    DASS13_1$2         1.237      0.058     21.493      0.000
    DASS13_1$3         2.134      0.072     29.764      0.000
    DASS14_1$1         0.034      0.053      0.642      0.521
    DASS14_1$2         1.409      0.064     21.863      0.000
    DASS14_1$3         2.388      0.080     29.909      0.000

 Variances
    STRESS_1           1.000      0.000    999.000    999.000
    ANXIETY_1          1.000      0.000    999.000    999.000

 Residual Variances
    DASS1_1            1.000      0.000    999.000    999.000
    DASS2_1            1.000      0.000    999.000    999.000
    DASS3_1            1.000      0.000    999.000    999.000
    DASS4_1            1.000      0.000    999.000    999.000
    DASS5_1            1.000      0.000    999.000    999.000
    DASS6_1            1.000      0.000    999.000    999.000
    DASS7_1            1.000      0.000    999.000    999.000
    DASS8_1            1.000      0.000    999.000    999.000
    DASS9_1            1.000      0.000    999.000    999.000
    DASS10_1           1.000      0.000    999.000    999.000
    DASS11_1           1.000      0.000    999.000    999.000
    DASS12_1           1.000      0.000    999.000    999.000
    DASS13_1           1.000      0.000    999.000    999.000
    DASS14_1           1.000      0.000    999.000    999.000

Group TREATED

 STRESS_1 BY
    DASS1_1            1.021      0.045     22.503      0.000
    DASS4_1            0.976      0.043     22.893      0.000
    DASS6_1            1.361      0.058     23.371      0.000
    DASS8_1            1.242      0.052     23.769      0.000
    DASS9_1            1.205      0.051     23.701      0.000
    DASS10_1           0.841      0.039     21.655      0.000
    DASS12_1           1.104      0.047     23.534      0.000

 ANXIETY_ BY
    DASS2_1            0.777      0.042     18.509      0.000
    DASS3_1            1.017      0.051     20.112      0.000
    DASS5_1            1.047      0.050     21.095      0.000
    DASS7_1            1.132      0.050     22.777      0.000
    DASS11_1           1.407      0.063     22.240      0.000
    DASS13_1           1.189      0.053     22.354      0.000
    DASS14_1           1.210      0.056     21.511      0.000

 ANXIETY_ WITH
    STRESS_1           0.941      0.008    123.178      0.000

 Means
    STRESS_1           0.000      0.000    999.000    999.000
    ANXIETY_1          0.000      0.000    999.000    999.000

 Thresholds
    DASS1_1$1         -0.752      0.050    -14.900      0.000
    DASS1_1$2          0.937      0.053     17.549      0.000
    DASS1_1$3          2.090      0.072     28.859      0.000
    DASS2_1$1          0.006      0.043      0.135      0.893
    DASS2_1$2          1.181      0.052     22.635      0.000
    DASS2_1$3          2.218      0.078     28.361      0.000
    DASS3_1$1          0.188      0.049      3.845      0.000
    DASS3_1$2          1.404      0.061     22.866      0.000
    DASS3_1$3          2.355      0.084     27.975      0.000
    DASS4_1$1         -0.983      0.051    -19.173      0.000
    DASS4_1$2          0.521      0.048     10.774      0.000
    DASS4_1$3          1.670      0.061     27.442      0.000
    DASS5_1$1         -0.104      0.049     -2.138      0.032
    DASS5_1$2          1.152      0.057     20.172      0.000
    DASS5_1$3          2.095      0.074     28.250      0.000
    DASS6_1$1         -0.750      0.059    -12.748      0.000
    DASS6_1$2          0.913      0.061     14.847      0.000
    DASS6_1$3          2.136      0.076     28.149      0.000
    DASS7_1$1         -0.747      0.053    -14.185      0.000
    DASS7_1$2          0.807      0.054     14.842      0.000
    DASS7_1$3          1.863      0.067     27.795      0.000
    DASS8_1$1         -0.940      0.057    -16.562      0.000
    DASS8_1$2          0.721      0.056     12.763      0.000
    DASS8_1$3          2.083      0.075     27.855      0.000
    DASS9_1$1         -0.683      0.054    -12.661      0.000
    DASS9_1$2          0.950      0.057     16.554      0.000
    DASS9_1$3          2.107      0.072     29.082      0.000
    DASS10_1$1        -0.756      0.047    -16.228      0.000
    DASS10_1$2         0.655      0.046     14.109      0.000
    DASS10_1$3         1.770      0.060     29.399      0.000
    DASS11_1$1        -0.327      0.057     -5.721      0.000
    DASS11_1$2         1.408      0.072     19.664      0.000
    DASS11_1$3         2.745      0.101     27.193      0.000
    DASS12_1$1        -0.802      0.052    -15.305      0.000
    DASS12_1$2         0.695      0.053     13.144      0.000
    DASS12_1$3         1.890      0.068     27.947      0.000
    DASS13_1$1        -0.069      0.052     -1.327      0.185
    DASS13_1$2         1.152      0.061     19.006      0.000
    DASS13_1$3         2.201      0.076     28.805      0.000
    DASS14_1$1         0.036      0.053      0.671      0.502
    DASS14_1$2         1.404      0.066     21.302      0.000
    DASS14_1$3         2.280      0.081     28.118      0.000

 Variances
    STRESS_1           1.000      0.000    999.000    999.000
    ANXIETY_1          1.000      0.000    999.000    999.000

 Residual Variances
    DASS1_1            1.000      0.000    999.000    999.000
    DASS2_1            1.000      0.000    999.000    999.000
    DASS3_1            1.000      0.000    999.000    999.000
    DASS4_1            1.000      0.000    999.000    999.000
    DASS5_1            1.000      0.000    999.000    999.000
    DASS6_1            1.000      0.000    999.000    999.000
    DASS7_1            1.000      0.000    999.000    999.000
    DASS8_1            1.000      0.000    999.000    999.000
    DASS9_1            1.000      0.000    999.000    999.000
    DASS10_1           1.000      0.000    999.000    999.000
    DASS11_1           1.000      0.000    999.000    999.000
    DASS12_1           1.000      0.000    999.000    999.000
    DASS13_1           1.000      0.000    999.000    999.000
    DASS14_1           1.000      0.000    999.000    999.000


STANDARDIZED MODEL RESULTS


STDYX Standardization

                                                    Two-Tailed
                    Estimate       S.E.  Est./S.E.    P-Value

Group CONTROL

 STRESS_1 BY
    DASS1_1            0.684      0.017     40.218      0.000
    DASS4_1            0.724      0.015     49.380      0.000
    DASS6_1            0.807      0.012     67.614      0.000
    DASS8_1            0.800      0.012     65.378      0.000
    DASS9_1            0.769      0.013     58.119      0.000
    DASS10_1           0.600      0.019     31.813      0.000
    DASS12_1           0.746      0.014     53.120      0.000

 ANXIETY_ BY
    DASS2_1            0.632      0.020     31.854      0.000
    DASS3_1            0.711      0.018     39.394      0.000
    DASS5_1            0.738      0.016     46.069      0.000
    DASS7_1            0.795      0.012     63.795      0.000
    DASS11_1           0.811      0.012     65.480      0.000
    DASS13_1           0.722      0.016     44.989      0.000
    DASS14_1           0.769      0.014     53.716      0.000

 ANXIETY_ WITH
    STRESS_1           0.944      0.007    126.938      0.000

 Means
    STRESS_1           0.000      0.000    999.000    999.000
    ANXIETY_1          0.000      0.000    999.000    999.000

 Thresholds
    DASS1_1$1         -0.515      0.035    -14.581      0.000
    DASS1_1$2          0.659      0.036     18.079      0.000
    DASS1_1$3          1.556      0.054     29.056      0.000
    DASS2_1$1          0.016      0.034      0.483      0.629
    DASS2_1$2          0.874      0.039     22.561      0.000
    DASS2_1$3          1.676      0.058     28.933      0.000
    DASS3_1$1          0.193      0.034      5.687      0.000
    DASS3_1$2          0.992      0.040     24.548      0.000
    DASS3_1$3          1.691      0.059     28.893      0.000
    DASS4_1$1         -0.702      0.037    -19.058      0.000
    DASS4_1$2          0.412      0.035     11.882      0.000
    DASS4_1$3          1.184      0.044     27.045      0.000
    DASS5_1$1         -0.034      0.034     -1.020      0.308
    DASS5_1$2          0.803      0.038     21.183      0.000
    DASS5_1$3          1.527      0.053     29.030      0.000
    DASS6_1$1         -0.446      0.035    -12.784      0.000
    DASS6_1$2          0.601      0.036     16.731      0.000
    DASS6_1$3          1.345      0.047     28.370      0.000
    DASS7_1$1         -0.515      0.035    -14.581      0.000
    DASS7_1$2          0.552      0.036     15.528      0.000
    DASS7_1$3          1.293      0.046     28.019      0.000
    DASS8_1$1         -0.580      0.036    -16.208      0.000
    DASS8_1$2          0.552      0.036     15.527      0.000
    DASS8_1$3          1.363      0.048     28.474      0.000
    DASS9_1$1         -0.369      0.034    -10.712      0.000
    DASS9_1$2          0.684      0.037     18.648      0.000
    DASS9_1$3          1.477      0.051     28.935      0.000
    DASS10_1$1        -0.630      0.036    -17.408      0.000
    DASS10_1$2         0.548      0.036     15.423      0.000
    DASS10_1$3         1.425      0.050     28.768      0.000
    DASS11_1$1        -0.165      0.034     -4.883      0.000
    DASS11_1$2         0.808      0.038     21.283      0.000
    DASS11_1$3         1.539      0.053     29.048      0.000
    DASS12_1$1        -0.478      0.035    -13.631      0.000
    DASS12_1$2         0.586      0.036     16.366      0.000
    DASS12_1$3         1.302      0.046     28.081      0.000
    DASS13_1$1        -0.040      0.034     -1.181      0.238
    DASS13_1$2         0.856      0.039     22.221      0.000
    DASS13_1$3         1.477      0.051     28.936      0.000
    DASS14_1$1         0.022      0.034      0.644      0.519
    DASS14_1$2         0.901      0.039     23.045      0.000
    DASS14_1$3         1.527      0.053     29.031      0.000

 Variances
    STRESS_1           1.000      0.000    999.000    999.000
    ANXIETY_1          1.000      0.000    999.000    999.000

 Residual Variances
    DASS1_1            0.533      0.023     22.906      0.000
    DASS2_1            0.600      0.025     23.886      0.000
    DASS3_1            0.494      0.026     19.240      0.000
    DASS4_1            0.476      0.021     22.393      0.000
    DASS5_1            0.456      0.024     19.298      0.000
    DASS6_1            0.349      0.019     18.119      0.000
    DASS7_1            0.368      0.020     18.556      0.000
    DASS8_1            0.360      0.020     18.376      0.000
    DASS9_1            0.409      0.020     20.131      0.000
    DASS10_1           0.640      0.023     28.278      0.000
    DASS11_1           0.342      0.020     16.988      0.000
    DASS12_1           0.443      0.021     21.121      0.000
    DASS13_1           0.479      0.023     20.661      0.000
    DASS14_1           0.409      0.022     18.583      0.000

Group TREATED

 STRESS_1 BY
    DASS1_1            0.714      0.016     45.967      0.000
    DASS4_1            0.698      0.016     44.686      0.000
    DASS6_1            0.806      0.012     66.679      0.000
    DASS8_1            0.779      0.013     60.413      0.000
    DASS9_1            0.769      0.013     58.095      0.000
    DASS10_1           0.644      0.017     36.962      0.000
    DASS12_1           0.741      0.014     52.232      0.000

 ANXIETY_ BY
    DASS2_1            0.613      0.021     29.671      0.000
    DASS3_1            0.713      0.017     40.907      0.000
    DASS5_1            0.723      0.016     44.230      0.000
    DASS7_1            0.749      0.014     51.972      0.000
    DASS11_1           0.815      0.012     66.266      0.000
    DASS13_1           0.765      0.014     53.953      0.000
    DASS14_1           0.771      0.015     53.017      0.000

 ANXIETY_ WITH
    STRESS_1           0.941      0.008    123.178      0.000

 Means
    STRESS_1           0.000      0.000    999.000    999.000
    ANXIETY_1          0.000      0.000    999.000    999.000

 Thresholds
    DASS1_1$1         -0.526      0.036    -14.812      0.000
    DASS1_1$2          0.656      0.037     17.954      0.000
    DASS1_1$3          1.463      0.051     28.804      0.000
    DASS2_1$1          0.005      0.034      0.135      0.893
    DASS2_1$2          0.933      0.040     23.512      0.000
    DASS2_1$3          1.752      0.061     28.583      0.000
    DASS3_1$1          0.132      0.034      3.904      0.000
    DASS3_1$2          0.985      0.040     24.356      0.000
    DASS3_1$3          1.652      0.057     28.893      0.000
    DASS4_1$1         -0.704      0.037    -19.038      0.000
    DASS4_1$2          0.373      0.035     10.773      0.000
    DASS4_1$3          1.195      0.044     27.068      0.000
    DASS5_1$1         -0.072      0.034     -2.127      0.033
    DASS5_1$2          0.795      0.038     20.969      0.000
    DASS5_1$3          1.447      0.050     28.755      0.000
    DASS6_1$1         -0.444      0.035    -12.692      0.000
    DASS6_1$2          0.541      0.036     15.181      0.000
    DASS6_1$3          1.265      0.046     27.706      0.000
    DASS7_1$1         -0.495      0.035    -14.019      0.000
    DASS7_1$2          0.534      0.036     15.024      0.000
    DASS7_1$3          1.233      0.045     27.433      0.000
    DASS8_1$1         -0.590      0.036    -16.390      0.000
    DASS8_1$2          0.452      0.035     12.905      0.000
    DASS8_1$3          1.306      0.047     28.024      0.000
    DASS9_1$1         -0.436      0.035    -12.480      0.000
    DASS9_1$2          0.607      0.036     16.810      0.000
    DASS9_1$3          1.346      0.048     28.283      0.000
    DASS10_1$1        -0.579      0.036    -16.128      0.000
    DASS10_1$2         0.501      0.035     14.178      0.000
    DASS10_1$3         1.355      0.048     28.335      0.000
    DASS11_1$1        -0.189      0.034     -5.571      0.000
    DASS11_1$2         0.815      0.038     21.367      0.000
    DASS11_1$3         1.591      0.055     28.959      0.000
    DASS12_1$1        -0.538      0.036    -15.129      0.000
    DASS12_1$2         0.466      0.035     13.276      0.000
    DASS12_1$3         1.269      0.046     27.740      0.000
    DASS13_1$1        -0.045      0.034     -1.319      0.187
    DASS13_1$2         0.742      0.037     19.857      0.000
    DASS13_1$3         1.416      0.049     28.641      0.000
    DASS14_1$1         0.023      0.034      0.673      0.501
    DASS14_1$2         0.894      0.039     22.841      0.000
    DASS14_1$3         1.452      0.050     28.771      0.000

 Variances
    STRESS_1           1.000      0.000    999.000    999.000
    ANXIETY_1          1.000      0.000    999.000    999.000

 Residual Variances
    DASS1_1            0.490      0.022     22.042      0.000
    DASS2_1            0.624      0.025     24.601      0.000
    DASS3_1            0.492      0.025     19.782      0.000
    DASS4_1            0.512      0.022     23.470      0.000
    DASS5_1            0.477      0.024     20.166      0.000
    DASS6_1            0.351      0.019     17.992      0.000
    DASS7_1            0.438      0.022     20.274      0.000
    DASS8_1            0.393      0.020     19.593      0.000
    DASS9_1            0.408      0.020     20.016      0.000
    DASS10_1           0.586      0.022     26.146      0.000
    DASS11_1           0.336      0.020     16.738      0.000
    DASS12_1           0.451      0.021     21.417      0.000
    DASS13_1           0.414      0.022     19.084      0.000
    DASS14_1           0.406      0.022     18.099      0.000


R-SQUARE

Group CONTROL

    Observed                                        Two-Tailed     Scale
    Variable        Estimate       S.E.  Est./S.E.    P-Value     Factors

    DASS1_1            0.467      0.023     20.109      0.000      0.730
    DASS2_1            0.400      0.025     15.927      0.000      0.775
    DASS3_1            0.506      0.026     19.697      0.000      0.703
    DASS4_1            0.524      0.021     24.690      0.000      0.690
    DASS5_1            0.544      0.024     23.034      0.000      0.675
    DASS6_1            0.651      0.019     33.807      0.000      0.591
    DASS7_1            0.632      0.020     31.897      0.000      0.606
    DASS8_1            0.640      0.020     32.689      0.000      0.600
    DASS9_1            0.591      0.020     29.059      0.000      0.640
    DASS10_1           0.360      0.023     15.907      0.000      0.800
    DASS11_1           0.658      0.020     32.740      0.000      0.584
    DASS12_1           0.557      0.021     26.560      0.000      0.666
    DASS13_1           0.521      0.023     22.495      0.000      0.692
    DASS14_1           0.591      0.022     26.858      0.000      0.639

Group TREATED

    Observed                                        Two-Tailed     Scale
    Variable        Estimate       S.E.  Est./S.E.    P-Value     Factors

    DASS1_1            0.510      0.022     22.984      0.000      0.700
    DASS2_1            0.376      0.025     14.835      0.000      0.790
    DASS3_1            0.508      0.025     20.454      0.000      0.701
    DASS4_1            0.488      0.022     22.343      0.000      0.716
    DASS5_1            0.523      0.024     22.115      0.000      0.691
    DASS6_1            0.649      0.019     33.340      0.000      0.592
    DASS7_1            0.562      0.022     25.986      0.000      0.662
    DASS8_1            0.607      0.020     30.207      0.000      0.627
    DASS9_1            0.592      0.020     29.047      0.000      0.639
    DASS10_1           0.414      0.022     18.481      0.000      0.765
    DASS11_1           0.664      0.020     33.133      0.000      0.579
    DASS12_1           0.549      0.021     26.116      0.000      0.671
    DASS13_1           0.586      0.022     26.977      0.000      0.644
    DASS14_1           0.594      0.022     26.509      0.000      0.637


QUALITY OF NUMERICAL RESULTS

     Condition Number for the Information Matrix              0.383E-02
       (ratio of smallest to largest eigenvalue)


MODEL MODIFICATION INDICES

Minimum M.I. value for printing the modification index    10.000

                                   M.I.     E.P.C.  Std E.P.C.  StdYX E.P.C.
Group CONTROL


ON/BY Statements

DASS3_1  ON STRESS_1 /
STRESS_1 BY DASS3_1               34.016    -1.050     -1.050       -0.738
DASS4_1  ON ANXIETY_ /
ANXIETY_ BY DASS4_1               28.706    -0.893     -0.893       -0.616
DASS7_1  ON STRESS_1 /
STRESS_1 BY DASS7_1               94.799     1.854      1.854        1.124
DASS8_1  ON ANXIETY_ /
ANXIETY_ BY DASS8_1               20.300     0.835      0.835        0.501
DASS11_1 ON STRESS_1 /
STRESS_1 BY DASS11_1              21.582     0.927      0.927        0.542
DASS12_1 ON ANXIETY_ /
ANXIETY_ BY DASS12_1              14.537     0.646      0.646        0.430
DASS13_1 ON STRESS_1 /
STRESS_1 BY DASS13_1              33.382    -0.993     -0.993       -0.687

ON Statements

STRESS_1 ON DASS3_1               34.141    -0.115     -0.115       -0.164
STRESS_1 ON DASS4_1               28.829     0.104      0.104        0.151
STRESS_1 ON DASS7_1               94.676     0.203      0.203        0.335
STRESS_1 ON DASS8_1               20.264    -0.097     -0.097       -0.162
STRESS_1 ON DASS11_1              21.640     0.102      0.102        0.174
STRESS_1 ON DASS12_1              14.556    -0.075     -0.075       -0.113
STRESS_1 ON DASS13_1              33.533    -0.109     -0.109       -0.158
ANXIETY_ ON DASS3_1               34.278     0.122      0.122        0.174
ANXIETY_ ON DASS4_1               28.720    -0.098     -0.098       -0.142
ANXIETY_ ON DASS7_1               94.385    -0.215     -0.215       -0.354
ANXIETY_ ON DASS8_1               20.381     0.092      0.092        0.153
ANXIETY_ ON DASS11_1              21.501    -0.108     -0.108       -0.184
ANXIETY_ ON DASS12_1              14.627     0.071      0.071        0.107
ANXIETY_ ON DASS13_1              33.670     0.116      0.116        0.167
DASS1_1  ON DASS4_1               16.213     0.129      0.129        0.137
DASS1_1  ON DASS13_1              19.513    -0.162     -0.162       -0.171
DASS2_1  ON DASS3_1               66.660     0.270      0.270        0.297
DASS2_1  ON DASS5_1               13.807     0.128      0.128        0.146
DASS2_1  ON DASS11_1              17.753    -0.177     -0.177       -0.234
DASS3_1  ON DASS2_1               66.702     0.270      0.270        0.245
DASS3_1  ON DASS4_1               15.078    -0.146     -0.146       -0.149
DASS3_1  ON DASS5_1               10.303     0.119      0.119        0.124
DASS3_1  ON DASS7_1               12.719    -0.161     -0.161       -0.187
DASS3_1  ON DASS8_1               11.200    -0.129     -0.129       -0.151
DASS3_1  ON DASS10_1              14.171    -0.138     -0.138       -0.121
DASS3_1  ON DASS12_1              13.347    -0.141     -0.141       -0.148
DASS3_1  ON DASS13_1              16.632     0.147      0.147        0.150
DASS4_1  ON DASS1_1               16.237     0.130      0.130        0.122
DASS4_1  ON DASS3_1               14.659    -0.144     -0.144       -0.141
DASS4_1  ON DASS6_1               11.639     0.122      0.122        0.142
DASS4_1  ON DASS7_1               11.638    -0.117     -0.117       -0.133
DASS4_1  ON DASS8_1               21.556    -0.184     -0.184       -0.212
DASS4_1  ON DASS10_1              22.158     0.141      0.141        0.122
DASS4_1  ON DASS11_1              10.343    -0.117     -0.117       -0.138
DASS5_1  ON DASS2_1               13.811     0.128      0.128        0.111
DASS5_1  ON DASS3_1               10.282     0.119      0.119        0.114
DASS5_1  ON DASS7_1               17.264    -0.181     -0.181       -0.201
DASS5_1  ON DASS13_1              11.032     0.120      0.120        0.117
DASS6_1  ON DASS4_1               11.642     0.122      0.122        0.104
DASS7_1  ON DASS3_1               12.734    -0.161     -0.161       -0.139
DASS7_1  ON DASS5_1               17.242    -0.181     -0.181       -0.162
DASS7_1  ON DASS6_1               15.712     0.148      0.148        0.152
DASS7_1  ON DASS8_1              136.630     0.375      0.375        0.379
DASS7_1  ON DASS12_1              18.460     0.150      0.150        0.136
DASS8_1  ON DASS4_1               21.580    -0.184     -0.184       -0.160
DASS8_1  ON DASS7_1              108.661     0.332      0.332        0.328
DASS8_1  ON DASS11_1              11.427     0.125      0.125        0.128
DASS10_1 ON DASS4_1               22.151     0.141      0.141        0.164
DASS11_1 ON DASS2_1               17.749    -0.177     -0.177       -0.133
DASS11_1 ON DASS8_1               11.213     0.126      0.126        0.123
DASS11_1 ON DASS10_1              13.327     0.131      0.131        0.095
DASS11_1 ON DASS12_1              27.159     0.184      0.184        0.161
DASS12_1 ON DASS7_1               10.035     0.105      0.105        0.115
DASS12_1 ON DASS11_1              25.711     0.168      0.168        0.191
DASS13_1 ON DASS1_1               29.903    -0.205     -0.205       -0.194
DASS13_1 ON DASS3_1               16.636     0.147      0.147        0.145
DASS13_1 ON DASS5_1               11.057     0.120      0.120        0.123
DASS13_1 ON DASS6_1               16.589    -0.153     -0.153       -0.179
DASS13_1 ON DASS8_1               16.230    -0.148     -0.148       -0.170
DASS13_1 ON DASS14_1              26.625     0.185      0.185        0.200
DASS14_1 ON DASS8_1               12.973    -0.141     -0.141       -0.150
DASS14_1 ON DASS13_1              26.584     0.185      0.185        0.171

WITH Statements

DASS2_1  WITH DASS1_1             11.679     0.114      0.114        0.114
DASS3_1  WITH STRESS_1            34.185    -0.115     -0.115       -0.115
DASS3_1  WITH ANXIETY_            34.206     0.122      0.122        0.122
DASS3_1  WITH DASS2_1             66.665     0.270      0.270        0.270
DASS4_1  WITH STRESS_1            28.790     0.104      0.104        0.104
DASS4_1  WITH ANXIETY_            28.781    -0.098     -0.098       -0.098
DASS4_1  WITH DASS1_1             16.226     0.130      0.130        0.130
DASS5_1  WITH DASS2_1             13.809     0.128      0.128        0.128
DASS5_1  WITH DASS3_1             10.281     0.119      0.119        0.119
DASS6_1  WITH DASS4_1             11.624     0.122      0.122        0.122
DASS7_1  WITH STRESS_1            94.576     0.203      0.203        0.203
DASS7_1  WITH ANXIETY_            94.548    -0.215     -0.215       -0.215
DASS7_1  WITH DASS3_1             12.755    -0.161     -0.161       -0.161
DASS7_1  WITH DASS5_1             17.267    -0.181     -0.181       -0.181
DASS8_1  WITH STRESS_1            20.309    -0.097     -0.097       -0.097
DASS8_1  WITH ANXIETY_            20.308     0.092      0.092        0.092
DASS8_1  WITH DASS4_1             21.578    -0.184     -0.184       -0.184
DASS8_1  WITH DASS7_1            110.123     0.372      0.372        0.372
DASS10_1 WITH DASS4_1             22.148     0.141      0.141        0.141
DASS11_1 WITH STRESS_1            21.587     0.102      0.102        0.102
DASS11_1 WITH ANXIETY_            21.588    -0.108     -0.108       -0.108
DASS11_1 WITH DASS2_1             17.748    -0.177     -0.177       -0.177
DASS12_1 WITH STRESS_1            14.586    -0.075     -0.075       -0.075
DASS12_1 WITH ANXIETY_            14.580     0.071      0.071        0.071
DASS12_1 WITH DASS11_1            21.300     0.175      0.175        0.175
DASS13_1 WITH STRESS_1            33.576    -0.109     -0.109       -0.109
DASS13_1 WITH ANXIETY_            33.600     0.116      0.116        0.116
DASS13_1 WITH DASS1_1             20.954    -0.183     -0.183       -0.183
DASS13_1 WITH DASS3_1             16.606     0.147      0.147        0.147
DASS13_1 WITH DASS5_1             11.030     0.120      0.120        0.120
DASS14_1 WITH DASS8_1             10.243    -0.142     -0.142       -0.142
DASS14_1 WITH DASS13_1            26.579     0.185      0.185        0.185

Group TREATED


ON/BY Statements

DASS1_1  ON ANXIETY_ /
ANXIETY_ BY DASS1_1               26.221    -0.836     -0.836       -0.585
DASS3_1  ON STRESS_1 /
STRESS_1 BY DASS3_1               48.852    -1.211     -1.211       -0.849
DASS4_1  ON ANXIETY_ /
ANXIETY_ BY DASS4_1               35.354    -0.907     -0.907       -0.649
DASS7_1  ON STRESS_1 /
STRESS_1 BY DASS7_1               80.544     1.466      1.466        0.970
DASS8_1  ON ANXIETY_ /
ANXIETY_ BY DASS8_1               44.098     1.117      1.117        0.701
DASS11_1 ON STRESS_1 /
STRESS_1 BY DASS11_1              36.429     1.171      1.171        0.679
DASS13_1 ON STRESS_1 /
STRESS_1 BY DASS13_1              19.562    -0.801     -0.801       -0.515

ON Statements

STRESS_1 ON DASS1_1               26.088     0.101      0.101        0.145
STRESS_1 ON DASS3_1               49.033    -0.139     -0.139       -0.198
STRESS_1 ON DASS4_1               35.563     0.111      0.111        0.155
STRESS_1 ON DASS7_1               80.443     0.168      0.168        0.253
STRESS_1 ON DASS8_1               44.094    -0.136     -0.136       -0.217
STRESS_1 ON DASS11_1              36.667     0.134      0.134        0.232
STRESS_1 ON DASS13_1              19.532    -0.092     -0.092       -0.142
ANXIETY_ ON DASS1_1               26.076    -0.095     -0.095       -0.136
ANXIETY_ ON DASS3_1               49.101     0.148      0.148        0.210
ANXIETY_ ON DASS4_1               35.511    -0.104     -0.104       -0.145
ANXIETY_ ON DASS7_1               80.371    -0.178     -0.178       -0.269
ANXIETY_ ON DASS8_1               44.139     0.128      0.128        0.204
ANXIETY_ ON DASS11_1              36.639    -0.143     -0.143       -0.247
ANXIETY_ ON DASS13_1              19.562     0.097      0.097        0.151
DASS1_1  ON DASS4_1               20.505     0.146      0.146        0.143
DASS1_1  ON DASS9_1               19.967     0.163      0.163        0.178
DASS1_1  ON DASS13_1              17.467    -0.167     -0.167       -0.182
DASS2_1  ON DASS3_1               79.152     0.289      0.289        0.325
DASS2_1  ON DASS12_1              12.225    -0.118     -0.118       -0.139
DASS3_1  ON DASS2_1               79.175     0.289      0.289        0.256
DASS3_1  ON DASS4_1               18.996    -0.159     -0.159       -0.156
DASS3_1  ON DASS5_1               14.212     0.137      0.137        0.139
DASS3_1  ON DASS8_1               12.005    -0.129     -0.129       -0.145
DASS3_1  ON DASS9_1               11.745    -0.131     -0.131       -0.144
DASS3_1  ON DASS12_1              25.898    -0.194     -0.194       -0.203
DASS3_1  ON DASS13_1              24.422     0.194      0.194        0.211
DASS4_1  ON DASS1_1               20.559     0.147      0.147        0.150
DASS4_1  ON DASS3_1               18.500    -0.155     -0.155       -0.158
DASS4_1  ON DASS5_1               13.641    -0.123     -0.123       -0.127
DASS4_1  ON DASS10_1              22.220     0.143      0.143        0.134
DASS4_1  ON DASS13_1              31.020    -0.200     -0.200       -0.222
DASS4_1  ON DASS14_1              11.927    -0.124     -0.124       -0.139
DASS5_1  ON DASS3_1               14.192     0.137      0.137        0.134
DASS5_1  ON DASS6_1               15.509     0.136      0.136        0.158
DASS5_1  ON DASS7_1               12.895    -0.139     -0.139       -0.145
DASS5_1  ON DASS10_1              13.098    -0.131     -0.131       -0.119
DASS5_1  ON DASS11_1              12.159    -0.151     -0.151       -0.180
DASS5_1  ON DASS12_1              25.550    -0.183     -0.183       -0.188
DASS5_1  ON DASS13_1              14.746     0.146      0.146        0.157
DASS6_1  ON DASS5_1               29.357     0.198      0.198        0.170
DASS7_1  ON DASS4_1               10.666     0.105      0.105        0.097
DASS7_1  ON DASS5_1               12.887    -0.139     -0.139       -0.133
DASS7_1  ON DASS6_1               20.822     0.153      0.153        0.171
DASS7_1  ON DASS8_1               71.861     0.236      0.236        0.250
DASS7_1  ON DASS12_1              16.698     0.128      0.128        0.126
DASS7_1  ON DASS13_1              20.561    -0.182     -0.182       -0.187
DASS8_1  ON DASS7_1               61.999     0.221      0.221        0.210
DASS8_1  ON DASS10_1              12.703    -0.129     -0.129       -0.106
DASS8_1  ON DASS11_1              21.444     0.162      0.162        0.175
DASS9_1  ON DASS1_1               20.033     0.163      0.163        0.149
DASS10_1 ON DASS4_1               22.193     0.143      0.143        0.153
DASS10_1 ON DASS8_1               12.706    -0.129     -0.129       -0.158
DASS11_1 ON DASS5_1               12.197    -0.151     -0.151       -0.127
DASS11_1 ON DASS8_1               17.909     0.155      0.155        0.143
DASS11_1 ON DASS12_1              75.650     0.307      0.307        0.265
DASS12_1 ON DASS5_1               17.221    -0.151     -0.151       -0.147
DASS12_1 ON DASS11_1              54.653     0.242      0.242        0.281
DASS13_1 ON DASS1_1               14.735    -0.160     -0.160       -0.147
DASS13_1 ON DASS3_1               24.377     0.194      0.194        0.178
DASS13_1 ON DASS4_1               25.118    -0.189     -0.189       -0.170
DASS13_1 ON DASS5_1               14.737     0.146      0.146        0.136
DASS13_1 ON DASS7_1               20.585    -0.182     -0.182       -0.177
DASS13_1 ON DASS14_1              19.350     0.172      0.172        0.174
DASS14_1 ON DASS13_1              19.331     0.172      0.172        0.170

WITH Statements

DASS1_1  WITH STRESS_1            26.066     0.101      0.101        0.101
DASS1_1  WITH ANXIETY_            26.084    -0.095     -0.095       -0.095
DASS3_1  WITH STRESS_1            49.067    -0.139     -0.139       -0.139
DASS3_1  WITH ANXIETY_            49.095     0.148      0.148        0.148
DASS3_1  WITH DASS2_1             79.133     0.289      0.289        0.289
DASS4_1  WITH STRESS_1            35.540     0.111      0.111        0.111
DASS4_1  WITH ANXIETY_            35.519    -0.104     -0.104       -0.104
DASS4_1  WITH DASS1_1             20.530     0.147      0.147        0.147
DASS5_1  WITH DASS3_1             14.185     0.137      0.137        0.137
DASS6_1  WITH DASS5_1             27.965     0.209      0.209        0.209
DASS7_1  WITH STRESS_1            80.397     0.168      0.168        0.168
DASS7_1  WITH ANXIETY_            80.378    -0.178     -0.178       -0.178
DASS7_1  WITH DASS5_1             12.902    -0.139     -0.139       -0.139
DASS8_1  WITH STRESS_1            44.130    -0.136     -0.136       -0.136
DASS8_1  WITH ANXIETY_            44.126     0.128      0.128        0.128
DASS8_1  WITH DASS7_1             51.890     0.220      0.220        0.220
DASS9_1  WITH DASS1_1             20.001     0.163      0.163        0.163
DASS10_1 WITH DASS4_1             22.197     0.143      0.143        0.143
DASS10_1 WITH DASS5_1             11.215    -0.128     -0.128       -0.128
DASS10_1 WITH DASS8_1             12.700    -0.129     -0.129       -0.129
DASS11_1 WITH STRESS_1            36.622     0.134      0.134        0.134
DASS11_1 WITH ANXIETY_            36.647    -0.143     -0.143       -0.143
DASS11_1 WITH DASS5_1             12.169    -0.151     -0.151       -0.151
DASS12_1 WITH DASS3_1             13.917    -0.157     -0.157       -0.157
DASS12_1 WITH DASS5_1             24.055    -0.195     -0.195       -0.195
DASS12_1 WITH DASS11_1            64.918     0.306      0.306        0.306
DASS13_1 WITH STRESS_1            19.558    -0.092     -0.092       -0.092
DASS13_1 WITH ANXIETY_            19.557     0.097      0.097        0.097
DASS13_1 WITH DASS3_1             24.378     0.194      0.194        0.194
DASS13_1 WITH DASS4_1             19.430    -0.179     -0.179       -0.179
DASS13_1 WITH DASS5_1             14.738     0.146      0.146        0.146
DASS13_1 WITH DASS7_1             20.584    -0.182     -0.182       -0.182
DASS14_1 WITH DASS13_1            19.351     0.172      0.172        0.172



SAVEDATA INFORMATION


  Difference testing

  Save file
    dass1_student_tx_inv_config.dat
  Save format      Free

     Beginning Time:  15:46:05
        Ending Time:  15:46:06
       Elapsed Time:  00:00:01



MUTHEN & MUTHEN
3463 Stoner Ave.
Los Angeles, CA  90066

Tel: (310) 391-9971
Fax: (310) 391-8971
Web: www.StatModel.com
Support: Support@StatModel.com

Copyright (c) 1998-2019 Muthen & Muthen
