Mplus VERSION 8.4 (Mac)
MUTHEN & MUTHEN
04/23/2023  11:06 AM

INPUT INSTRUCTIONS

  Title: Student Locus of Control Baseline EFA;

  Data:
     File is ../dat_stu.txt;

  Variable:
     Names are studentid index treatment girl age_w child_grade in_ukr
     guardian_living guardian_region
     grit1_1 grit2_1 grit3_1 grit4_1 grit5_1 grit6_1 grit7_1 grit8_1
     loc1_1 loc2_1 loc3_1 loc4_1
     dass1_1 dass2_1 dass3_1 dass4_1 dass5_1 dass6_1 dass7_1 dass8_1
     dass9_1 dass10_1 dass11_1 dass12_1 dass13_1 dass14_1
     sleep1_1 sleep2_1 sleep3_1 sleep4_1 sleep5_1 sleep6_1 sleep7_1
     efficacy_1 edugoals_1 remotediff_1 timeclass_1 timehomework_1
     grit1_2 grit2_2 grit3_2 grit4_2 grit5_2 grit6_2 grit7_2 grit8_2
     loc1_2 loc2_2 loc3_2 loc4_2
     dass1_2 dass2_2 dass3_2 dass4_2 dass5_2 dass6_2 dass7_2 dass8_2
     dass9_2 dass10_2 dass11_2 dass12_2 dass13_2 dass14_2
     efficacy_2 edugoals_2 timeclass_2 timehomework_2 compmath_2 half;
     Missing are . ;

    Usevariable are
  	loc1_1 loc2_1 loc3_1 loc4_1;

    Categorical is
  	loc1_1 loc2_1 loc3_1 loc4_1;

    Useobservations is half eq 1;

  Analysis:
     Type = efa 1 2;
     Estimator = wlsmv;

  Output: sampstat stdy modindices(all);



*** WARNING in ANALYSIS command
  Too many factors were requested for EFA.
  The maximum number of factors is set to 1.
*** WARNING in OUTPUT command
  STANDARDIZED (STD, STDY, STDYX) options are not available for TYPE=EFA.
  Request for STANDARDIZED options will be ignored.  Note that STANDARDIZED options
  are available with the use of EFA factors (ESEM) declared in the MODEL command.
   2 WARNING(S) FOUND IN THE INPUT INSTRUCTIONS



Student Locus of Control Baseline EFA;

SUMMARY OF ANALYSIS

Number of groups                                                 1
Number of observations                                        1272

Number of dependent variables                                    4
Number of independent variables                                  0
Number of continuous latent variables                            0

Observed dependent variables

  Binary and ordered categorical (ordinal)
   LOC1_1      LOC2_1      LOC3_1      LOC4_1


Estimator                                                    WLSMV
Rotation                                                    GEOMIN
Row standardization                                    CORRELATION
Type of rotation                                           OBLIQUE
Epsilon value                                               Varies
Maximum number of iterations                                  1000
Convergence criterion                                    0.500D-04
Maximum number of steepest descent iterations                   20
Maximum number of iterations for H1                           2000
Convergence criterion for H1                             0.100D-03
Optimization Specifications for the Exploratory Factor Analysis
Rotation Algorithm
  Number of random starts                                       30
  Maximum number of iterations                               10000
  Derivative convergence criterion                       0.100D-04
Link                                                        PROBIT

Input data file(s)
  ../dat_stu.txt

Input data format  FREE


SUMMARY OF DATA

     Number of missing data patterns             1


COVARIANCE COVERAGE OF DATA

Minimum covariance coverage value   0.100


     PROPORTION OF DATA PRESENT


           Covariance Coverage
              LOC1_1        LOC2_1        LOC3_1        LOC4_1
              ________      ________      ________      ________
 LOC1_1         1.000
 LOC2_1         1.000         1.000
 LOC3_1         1.000         1.000         1.000
 LOC4_1         1.000         1.000         1.000         1.000


UNIVARIATE PROPORTIONS AND COUNTS FOR CATEGORICAL VARIABLES

    LOC1_1
      Category 1    0.083          106.000
      Category 2    0.379          482.000
      Category 3    0.340          432.000
      Category 4    0.172          219.000
      Category 5    0.026           33.000
    LOC2_1
      Category 1    0.184          234.000
      Category 2    0.518          659.000
      Category 3    0.205          261.000
      Category 4    0.078           99.000
      Category 5    0.015           19.000
    LOC3_1
      Category 1    0.041           52.000
      Category 2    0.251          319.000
      Category 3    0.358          455.000
      Category 4    0.298          379.000
      Category 5    0.053           67.000
    LOC4_1
      Category 1    0.013           17.000
      Category 2    0.059           75.000
      Category 3    0.226          288.000
      Category 4    0.591          752.000
      Category 5    0.110          140.000


SAMPLE STATISTICS


     ESTIMATED SAMPLE STATISTICS


           MEANS/INTERCEPTS/THRESHOLDS
              LOC1_1$1      LOC1_1$2      LOC1_1$3      LOC1_1$4      LOC2_1$1
              ________      ________      ________      ________      ________
               -1.383        -0.095         0.848         1.944        -0.900


           MEANS/INTERCEPTS/THRESHOLDS
              LOC2_1$2      LOC2_1$3      LOC2_1$4      LOC3_1$1      LOC3_1$2
              ________      ________      ________      ________      ________
                0.530         1.324         2.172        -1.741        -0.549


           MEANS/INTERCEPTS/THRESHOLDS
              LOC3_1$3      LOC3_1$4      LOC4_1$1      LOC4_1$2      LOC4_1$3
              ________      ________      ________      ________      ________
                0.384         1.619        -2.215        -1.459        -0.528


           MEANS/INTERCEPTS/THRESHOLDS
              LOC4_1$4
              ________
                1.226


           CORRELATION MATRIX (WITH VARIANCES ON THE DIAGONAL)
              LOC1_1        LOC2_1        LOC3_1        LOC4_1
              ________      ________      ________      ________
 LOC1_1
 LOC2_1         0.291
 LOC3_1         0.164         0.086
 LOC4_1        -0.117        -0.180         0.025


RESULTS FOR EXPLORATORY FACTOR ANALYSIS


           EIGENVALUES FOR SAMPLE CORRELATION MATRIX
                  1             2             3             4
              ________      ________      ________      ________
                1.450         1.040         0.816         0.694


EXPLORATORY FACTOR ANALYSIS WITH 1 FACTOR(S):


MODEL FIT INFORMATION

Number of Free Parameters                        4

Chi-Square Test of Model Fit

          Value                             22.618*
          Degrees of Freedom                     2
          P-Value                           0.0000

*   The chi-square value for MLM, MLMV, MLR, ULSMV, WLSM and WLSMV cannot be used
    for chi-square difference testing in the regular way.  MLM, MLR and WLSM
    chi-square difference testing is described on the Mplus website.  MLMV, WLSMV,
    and ULSMV difference testing is done using the DIFFTEST option.

RMSEA (Root Mean Square Error Of Approximation)

          Estimate                           0.090
          90 Percent C.I.                    0.059  0.125
          Probability RMSEA <= .05           0.018

CFI/TLI

          CFI                                0.913
          TLI                                0.738

Chi-Square Test of Model Fit for the Baseline Model

          Value                            242.369
          Degrees of Freedom                     6
          P-Value                           0.0000

SRMR (Standardized Root Mean Square Residual)

          Value                              0.044



MINIMUM ROTATION FUNCTION VALUE       0.70831



           GEOMIN ROTATED LOADINGS (* significant at 5% level)
                  1
              ________
 LOC1_1         0.548*
 LOC2_1         0.552*
 LOC3_1         0.199*
 LOC4_1        -0.251*


           GEOMIN FACTOR CORRELATIONS (* significant at 5% level)
                  1
              ________
      1         1.000


           ESTIMATED RESIDUAL VARIANCES
              LOC1_1        LOC2_1        LOC3_1        LOC4_1
              ________      ________      ________      ________
                0.700         0.695         0.960         0.937


           S.E. GEOMIN ROTATED LOADINGS
                  1
              ________
 LOC1_1         0.056
 LOC2_1         0.057
 LOC3_1         0.039
 LOC4_1         0.039


           S.E. GEOMIN FACTOR CORRELATIONS
                  1
              ________
      1         0.000


           S.E. ESTIMATED RESIDUAL VARIANCES
              LOC1_1        LOC2_1        LOC3_1        LOC4_1
              ________      ________      ________      ________
                0.061         0.063         0.015         0.020


           Est./S.E. GEOMIN ROTATED LOADINGS
                  1
              ________
 LOC1_1         9.782
 LOC2_1         9.707
 LOC3_1         5.153
 LOC4_1        -6.409


           Est./S.E. GEOMIN FACTOR CORRELATIONS
                  1
              ________
      1         0.000


           Est./S.E. ESTIMATED RESIDUAL VARIANCES
              LOC1_1        LOC2_1        LOC3_1        LOC4_1
              ________      ________      ________      ________
               11.393        11.051        62.552        47.791


MODIFICATION INDICES


     MODIFICATION INDICES FOR ANALYSIS WITH 1 FACTOR(S)



     MODIFICATION INDICES


           THETA
              LOC1_1        LOC2_1        LOC3_1        LOC4_1
              ________      ________      ________      ________
 LOC1_1         0.000
 LOC2_1        13.385         0.000
 LOC3_1        17.771         2.695         0.000
 LOC4_1         2.699        17.764        13.351         0.000


     EXPECTED PARAMETER CHANGE


           THETA
              LOC1_1        LOC2_1        LOC3_1        LOC4_1
              ________      ________      ________      ________
 LOC1_1         0.000
 LOC2_1        -0.550         0.000
 LOC3_1         0.163        -0.065         0.000
 LOC4_1         0.082        -0.207         0.091         0.000


     Beginning Time:  11:06:45
        Ending Time:  11:06:45
       Elapsed Time:  00:00:00



MUTHEN & MUTHEN
3463 Stoner Ave.
Los Angeles, CA  90066

Tel: (310) 391-9971
Fax: (310) 391-8971
Web: www.StatModel.com
Support: Support@StatModel.com

Copyright (c) 1998-2019 Muthen & Muthen
