Mplus VERSION 8.4 (Mac)
MUTHEN & MUTHEN
10/28/2023  10:07 PM

INPUT INSTRUCTIONS

  Title: Student Grit Age Measurement Invariance Scalar Model;

  Data:
     File is ../dat_stu_1.txt;

  Variable:
     Names are studentid index treatment girl age_w child_grade in_ukr
     guardian_living guardian_region
     grit1_1 grit2_1 grit3_1 grit4_1 grit5_1 grit6_1 grit7_1 grit8_1
     loc1_1 loc2_1 loc3_1 loc4_1
     dass1_1 dass2_1 dass3_1 dass4_1 dass5_1 dass6_1 dass7_1 dass8_1
     dass9_1 dass10_1 dass11_1 dass12_1 dass13_1 dass14_1
     sleep1_1 sleep2_1 sleep3_1 sleep4_1 sleep5_1 sleep6_1 sleep7_1
     edugoals_1 half;
     Missing are . ;

    Usevariable are
  	grit1_1 grit5_1 grit6_1 grit7_1 grit8_1 age_c;

    Categorical is
  	grit1_1 grit5_1 grit6_1 grit7_1 grit8_1;

    Idvariable is studentid;

    Group is age_c (1 = Older 0 = Younger);

  Define:
  	age_c = 0;
  	if(age_w ge 13) then age_c = 1;

  Analysis:
     Estimator = wlsmv;
     Parameterization = theta;
     Difftest = grit1_student_age_inv_metric.dat


  !!! Model for Younger Students !!!

  Model:
  ! Factor loadings all freely estimated
    grit_1 by
      grit1_1* grit5_1* grit6_1* grit7_1* grit8_1* (L1-L5);

    grit1_1 with grit6_1; !worded positively
    grit1_1 with grit7_1; !both about schoolwork

    !estimating thresholds freely
    [grit1_1$1* grit5_1$1* grit6_1$1* grit7_1$1* grit8_1$1*] (T1_1 T5_1 T6_1 T7_1 T8_1);
    [grit1_1$2* grit5_1$2* grit6_1$2* grit7_1$2* grit8_1$2*] (T1_2 T5_2 T6_2 T7_2 T8_2);
    [grit1_1$3* grit5_1$3* grit6_1$3* grit7_1$3* grit8_1$3*] (T1_3 T5_3 T6_3 T7_3 T8_3);
    [grit1_1$4* grit5_1$4* grit6_1$4* grit7_1$4* grit8_1$4*] (T1_4 T5_4 T6_4 T7_4 T8_4);

    !constraining item residual variance to 1 for identification
    grit1_1@1;
    grit5_1@1;
    grit6_1@1;
    grit7_1@1;
    grit8_1@1;

    !fixing latent mean to zero for identification
    [grit_1@0];

    !fixing latent variance to one for identification
    grit_1@1;

  !!! Model for Older Students !!!

  Model Older:
    ! Factor loadings constrained to *be equal to the control group*
    grit_1 by
      grit1_1* grit5_1* grit6_1* grit7_1* grit8_1* (L1-L5);

    grit1_1 with grit6_1; !worded positively
    grit1_1 with grit7_1; !both about schoolwork

    ! *thresholds held equal to the control group when left blank*

    ! constraining item residual variance to 1 for identification
    grit1_1@1;
    grit5_1@1;
    grit6_1@1;
    grit7_1@1;
    grit8_1@1;

    ! latent factor mean *estimated*
    [grit_1*];

    ! latent factor variance *estimated*
    grit_1*;

  Output: sampstat stdyx modindices(all);
  Savedata: Difftest is grit1_student_age_inv_scalar.dat;



INPUT READING TERMINATED NORMALLY



Student Grit Age Measurement Invariance Scalar Model;

SUMMARY OF ANALYSIS

Number of groups                                                 2
Number of observations
   Group YOUNGER                                              1374
   Group OLDER                                                1393
   Total sample size                                          2767

Number of dependent variables                                    5
Number of independent variables                                  0
Number of continuous latent variables                            1

Observed dependent variables

  Binary and ordered categorical (ordinal)
   GRIT1_1     GRIT5_1     GRIT6_1     GRIT7_1     GRIT8_1

Continuous latent variables
   GRIT_1

Variables with special functions

  Grouping variable     AGE_C
  ID variable           STUDENTI

Estimator                                                    WLSMV
Maximum number of iterations                                  1000
Convergence criterion                                    0.500D-04
Maximum number of steepest descent iterations                   20
Maximum number of iterations for H1                           2000
Convergence criterion for H1                             0.100D-03
Parameterization                                             THETA
Link                                                        PROBIT

Input data file(s)
  ../dat_stu_1.txt

Input data format  FREE


SUMMARY OF DATA

   Group YOUNGER
     Number of missing data patterns             1

   Group OLDER
     Number of missing data patterns             1


COVARIANCE COVERAGE OF DATA

Minimum covariance coverage value   0.100


     PROPORTION OF DATA PRESENT FOR YOUNGER


           Covariance Coverage
              GRIT1_1       GRIT5_1       GRIT6_1       GRIT7_1       GRIT8_1
              ________      ________      ________      ________      ________
 GRIT1_1        1.000
 GRIT5_1        1.000         1.000
 GRIT6_1        1.000         1.000         1.000
 GRIT7_1        1.000         1.000         1.000         1.000
 GRIT8_1        1.000         1.000         1.000         1.000         1.000


     PROPORTION OF DATA PRESENT FOR OLDER


           Covariance Coverage
              GRIT1_1       GRIT5_1       GRIT6_1       GRIT7_1       GRIT8_1
              ________      ________      ________      ________      ________
 GRIT1_1        1.000
 GRIT5_1        1.000         1.000
 GRIT6_1        1.000         1.000         1.000
 GRIT7_1        1.000         1.000         1.000         1.000
 GRIT8_1        1.000         1.000         1.000         1.000         1.000


UNIVARIATE PROPORTIONS AND COUNTS FOR CATEGORICAL VARIABLES

  Group YOUNGER
    GRIT1_1
      Category 1    0.101          139.000
      Category 2    0.254          349.000
      Category 3    0.263          362.000
      Category 4    0.334          459.000
      Category 5    0.047           65.000
    GRIT5_1
      Category 1    0.051           70.000
      Category 2    0.311          428.000
      Category 3    0.215          295.000
      Category 4    0.314          431.000
      Category 5    0.109          150.000
    GRIT6_1
      Category 1    0.040           55.000
      Category 2    0.170          233.000
      Category 3    0.297          408.000
      Category 4    0.420          577.000
      Category 5    0.074          101.000
    GRIT7_1
      Category 1    0.197          271.000
      Category 2    0.499          685.000
      Category 3    0.159          219.000
      Category 4    0.120          165.000
      Category 5    0.025           34.000
    GRIT8_1
      Category 1    0.056           77.000
      Category 2    0.329          452.000
      Category 3    0.242          333.000
      Category 4    0.309          424.000
      Category 5    0.064           88.000

  Group OLDER
    GRIT1_1
      Category 1    0.108          151.000
      Category 2    0.231          322.000
      Category 3    0.276          384.000
      Category 4    0.335          466.000
      Category 5    0.050           70.000
    GRIT5_1
      Category 1    0.061           85.000
      Category 2    0.307          428.000
      Category 3    0.240          335.000
      Category 4    0.283          394.000
      Category 5    0.108          151.000
    GRIT6_1
      Category 1    0.030           42.000
      Category 2    0.166          231.000
      Category 3    0.305          425.000
      Category 4    0.418          582.000
      Category 5    0.081          113.000
    GRIT7_1
      Category 1    0.170          237.000
      Category 2    0.513          715.000
      Category 3    0.165          230.000
      Category 4    0.118          165.000
      Category 5    0.033           46.000
    GRIT8_1
      Category 1    0.050           70.000
      Category 2    0.345          481.000
      Category 3    0.216          301.000
      Category 4    0.312          435.000
      Category 5    0.076          106.000


SAMPLE STATISTICS


     ESTIMATED SAMPLE STATISTICS FOR YOUNGER


           MEANS/INTERCEPTS/THRESHOLDS
              GRIT1_1$      GRIT1_1$      GRIT1_1$      GRIT1_1$      GRIT5_1$
              ________      ________      ________      ________      ________
               -1.275        -0.371         0.302         1.672        -1.636


           MEANS/INTERCEPTS/THRESHOLDS
              GRIT5_1$      GRIT5_1$      GRIT5_1$      GRIT6_1$      GRIT6_1$
              ________      ________      ________      ________      ________
               -0.352         0.195         1.231        -1.750        -0.808


           MEANS/INTERCEPTS/THRESHOLDS
              GRIT6_1$      GRIT6_1$      GRIT7_1$      GRIT7_1$      GRIT7_1$
              ________      ________      ________      ________      ________
                0.016         1.450        -0.852         0.512         1.059


           MEANS/INTERCEPTS/THRESHOLDS
              GRIT7_1$      GRIT8_1$      GRIT8_1$      GRIT8_1$      GRIT8_1$
              ________      ________      ________      ________      ________
                1.964        -1.589        -0.292         0.325         1.522


           CORRELATION MATRIX (WITH VARIANCES ON THE DIAGONAL)
              GRIT1_1       GRIT5_1       GRIT6_1       GRIT7_1       GRIT8_1
              ________      ________      ________      ________      ________
 GRIT1_1
 GRIT5_1        0.059
 GRIT6_1        0.344         0.314
 GRIT7_1        0.165         0.299         0.209
 GRIT8_1        0.175         0.437         0.368         0.448


     ESTIMATED SAMPLE STATISTICS FOR OLDER


           MEANS/INTERCEPTS/THRESHOLDS
              GRIT1_1$      GRIT1_1$      GRIT1_1$      GRIT1_1$      GRIT5_1$
              ________      ________      ________      ________      ________
               -1.235        -0.414         0.293         1.642        -1.546


           MEANS/INTERCEPTS/THRESHOLDS
              GRIT5_1$      GRIT5_1$      GRIT5_1$      GRIT6_1$      GRIT6_1$
              ________      ________      ________      ________      ________
               -0.336         0.276         1.235        -1.879        -0.856


           MEANS/INTERCEPTS/THRESHOLDS
              GRIT6_1$      GRIT6_1$      GRIT7_1$      GRIT7_1$      GRIT7_1$
              ________      ________      ________      ________      ________
                0.003         1.398        -0.954         0.477         1.030


           MEANS/INTERCEPTS/THRESHOLDS
              GRIT7_1$      GRIT8_1$      GRIT8_1$      GRIT8_1$      GRIT8_1$
              ________      ________      ________      ________      ________
                1.838        -1.642        -0.265         0.284         1.432


           CORRELATION MATRIX (WITH VARIANCES ON THE DIAGONAL)
              GRIT1_1       GRIT5_1       GRIT6_1       GRIT7_1       GRIT8_1
              ________      ________      ________      ________      ________
 GRIT1_1
 GRIT5_1        0.116
 GRIT6_1        0.423         0.233
 GRIT7_1        0.185         0.348         0.200
 GRIT8_1        0.259         0.437         0.339         0.419


THE MODEL ESTIMATION TERMINATED NORMALLY



MODEL FIT INFORMATION

Number of Free Parameters                       31

Chi-Square Test of Model Fit

          Value                             60.389*
          Degrees of Freedom                    29
          P-Value                           0.0006

Chi-Square Contribution From Each Group

          YOUNGER                           32.111
          OLDER                             28.278

Chi-Square Test for Difference Testing

          Value                             19.852*
          Degrees of Freedom                    19
          P-Value                           0.4035

*   The chi-square value for MLM, MLMV, MLR, ULSMV, WLSM and WLSMV cannot be used
    for chi-square difference testing in the regular way.  MLM, MLR and WLSM
    chi-square difference testing is described on the Mplus website.  MLMV, WLSMV,
    and ULSMV difference testing is done using the DIFFTEST option.  The DIFFTEST
    option assumes the models are nested.  The NESTED option can be used to verify
    that the models are nested.

RMSEA (Root Mean Square Error Of Approximation)

          Estimate                           0.028
          90 Percent C.I.                    0.018  0.038
          Probability RMSEA <= .05           1.000

CFI/TLI

          CFI                                0.990
          TLI                                0.993

Chi-Square Test of Model Fit for the Baseline Model

          Value                           3157.525
          Degrees of Freedom                    20
          P-Value                           0.0000

SRMR (Standardized Root Mean Square Residual)

          Value                              0.018

Optimum Function Value for Weighted Least-Squares Estimator

          Value                     0.92183998D-02



MODEL RESULTS

                                                    Two-Tailed
                    Estimate       S.E.  Est./S.E.    P-Value

Group YOUNGER

 GRIT_1   BY
    GRIT1_1            0.244      0.024     10.011      0.000
    GRIT5_1            0.683      0.033     20.544      0.000
    GRIT6_1            0.491      0.028     17.631      0.000
    GRIT7_1            0.643      0.032     19.923      0.000
    GRIT8_1            1.321      0.085     15.613      0.000

 GRIT1_1  WITH
    GRIT6_1            0.274      0.025     11.121      0.000
    GRIT7_1            0.046      0.030      1.553      0.120

 Means
    GRIT_1             0.000      0.000    999.000    999.000

 Thresholds
    GRIT1_1$1         -1.287      0.034    -38.340      0.000
    GRIT1_1$2         -0.400      0.026    -15.533      0.000
    GRIT1_1$3          0.310      0.025     12.172      0.000
    GRIT1_1$4          1.709      0.042     40.659      0.000
    GRIT5_1$1         -1.911      0.052    -36.797      0.000
    GRIT5_1$2         -0.406      0.034    -11.968      0.000
    GRIT5_1$3          0.296      0.033      8.868      0.000
    GRIT5_1$4          1.504      0.043     35.324      0.000
    GRIT6_1$1         -2.008      0.052    -38.624      0.000
    GRIT6_1$2         -0.919      0.033    -28.059      0.000
    GRIT6_1$3          0.018      0.029      0.628      0.530
    GRIT6_1$4          1.593      0.042     38.385      0.000
    GRIT7_1$1         -1.062      0.037    -28.746      0.000
    GRIT7_1$2          0.598      0.034     17.695      0.000
    GRIT7_1$3          1.252      0.039     32.034      0.000
    GRIT7_1$4          2.264      0.060     37.647      0.000
    GRIT8_1$1         -2.655      0.116    -22.943      0.000
    GRIT8_1$2         -0.441      0.052     -8.400      0.000
    GRIT8_1$3          0.524      0.054      9.745      0.000
    GRIT8_1$4          2.464      0.104     23.711      0.000

 Variances
    GRIT_1             1.000      0.000    999.000    999.000

 Residual Variances
    GRIT1_1            1.000      0.000    999.000    999.000
    GRIT5_1            1.000      0.000    999.000    999.000
    GRIT6_1            1.000      0.000    999.000    999.000
    GRIT7_1            1.000      0.000    999.000    999.000
    GRIT8_1            1.000      0.000    999.000    999.000

Group OLDER

 GRIT_1   BY
    GRIT1_1            0.244      0.024     10.011      0.000
    GRIT5_1            0.683      0.033     20.544      0.000
    GRIT6_1            0.491      0.028     17.631      0.000
    GRIT7_1            0.643      0.032     19.923      0.000
    GRIT8_1            1.321      0.085     15.613      0.000

 GRIT1_1  WITH
    GRIT6_1            0.366      0.026     14.231      0.000
    GRIT7_1            0.070      0.029      2.437      0.015

 Means
    GRIT_1             0.031      0.047      0.669      0.503

 Thresholds
    GRIT1_1$1         -1.287      0.034    -38.340      0.000
    GRIT1_1$2         -0.400      0.026    -15.533      0.000
    GRIT1_1$3          0.310      0.025     12.172      0.000
    GRIT1_1$4          1.709      0.042     40.659      0.000
    GRIT5_1$1         -1.911      0.052    -36.797      0.000
    GRIT5_1$2         -0.406      0.034    -11.968      0.000
    GRIT5_1$3          0.296      0.033      8.868      0.000
    GRIT5_1$4          1.504      0.043     35.324      0.000
    GRIT6_1$1         -2.008      0.052    -38.624      0.000
    GRIT6_1$2         -0.919      0.033    -28.059      0.000
    GRIT6_1$3          0.018      0.029      0.628      0.530
    GRIT6_1$4          1.593      0.042     38.385      0.000
    GRIT7_1$1         -1.062      0.037    -28.746      0.000
    GRIT7_1$2          0.598      0.034     17.695      0.000
    GRIT7_1$3          1.252      0.039     32.034      0.000
    GRIT7_1$4          2.264      0.060     37.647      0.000
    GRIT8_1$1         -2.655      0.116    -22.943      0.000
    GRIT8_1$2         -0.441      0.052     -8.400      0.000
    GRIT8_1$3          0.524      0.054      9.745      0.000
    GRIT8_1$4          2.464      0.104     23.711      0.000

 Variances
    GRIT_1             1.000      0.083     11.983      0.000

 Residual Variances
    GRIT1_1            1.000      0.000    999.000    999.000
    GRIT5_1            1.000      0.000    999.000    999.000
    GRIT6_1            1.000      0.000    999.000    999.000
    GRIT7_1            1.000      0.000    999.000    999.000
    GRIT8_1            1.000      0.000    999.000    999.000


STANDARDIZED MODEL RESULTS


STDYX Standardization

                                                    Two-Tailed
                    Estimate       S.E.  Est./S.E.    P-Value

Group YOUNGER

 GRIT_1   BY
    GRIT1_1            0.237      0.022     10.604      0.000
    GRIT5_1            0.564      0.019     30.115      0.000
    GRIT6_1            0.441      0.020     21.883      0.000
    GRIT7_1            0.541      0.019     28.163      0.000
    GRIT8_1            0.797      0.019     42.842      0.000

 GRIT1_1  WITH
    GRIT6_1            0.274      0.025     11.121      0.000
    GRIT7_1            0.046      0.030      1.553      0.120

 Means
    GRIT_1             0.000      0.000    999.000    999.000

 Thresholds
    GRIT1_1$1         -1.251      0.032    -38.498      0.000
    GRIT1_1$2         -0.389      0.025    -15.529      0.000
    GRIT1_1$3          0.301      0.025     12.190      0.000
    GRIT1_1$4          1.660      0.041     40.930      0.000
    GRIT5_1$1         -1.579      0.043    -36.886      0.000
    GRIT5_1$2         -0.335      0.028    -11.977      0.000
    GRIT5_1$3          0.244      0.027      8.881      0.000
    GRIT5_1$4          1.242      0.035     35.547      0.000
    GRIT6_1$1         -1.803      0.047    -38.043      0.000
    GRIT6_1$2         -0.825      0.029    -28.190      0.000
    GRIT6_1$3          0.016      0.026      0.628      0.530
    GRIT6_1$4          1.430      0.037     38.990      0.000
    GRIT7_1$1         -0.893      0.031    -28.628      0.000
    GRIT7_1$2          0.503      0.028     17.945      0.000
    GRIT7_1$3          1.053      0.032     32.740      0.000
    GRIT7_1$4          1.904      0.051     37.356      0.000
    GRIT8_1$1         -1.603      0.049    -32.861      0.000
    GRIT8_1$2         -0.266      0.031     -8.684      0.000
    GRIT8_1$3          0.317      0.031     10.259      0.000
    GRIT8_1$4          1.487      0.046     32.308      0.000

 Variances
    GRIT_1             1.000      0.000    999.000    999.000

 Residual Variances
    GRIT1_1            0.944      0.011     89.407      0.000
    GRIT5_1            0.682      0.021     32.320      0.000
    GRIT6_1            0.806      0.018     45.367      0.000
    GRIT7_1            0.707      0.021     34.045      0.000
    GRIT8_1            0.364      0.030     12.283      0.000

Group OLDER

 GRIT_1   BY
    GRIT1_1            0.237      0.023     10.473      0.000
    GRIT5_1            0.564      0.018     30.478      0.000
    GRIT6_1            0.441      0.020     22.123      0.000
    GRIT7_1            0.541      0.019     28.936      0.000
    GRIT8_1            0.797      0.019     42.338      0.000

 GRIT1_1  WITH
    GRIT6_1            0.366      0.026     14.231      0.000
    GRIT7_1            0.070      0.029      2.437      0.015

 Means
    GRIT_1             0.031      0.046      0.670      0.503

 Thresholds
    GRIT1_1$1         -1.251      0.033    -38.415      0.000
    GRIT1_1$2         -0.389      0.025    -15.529      0.000
    GRIT1_1$3          0.301      0.025     12.188      0.000
    GRIT1_1$4          1.660      0.041     40.939      0.000
    GRIT5_1$1         -1.579      0.042    -37.260      0.000
    GRIT5_1$2         -0.335      0.028    -11.985      0.000
    GRIT5_1$3          0.244      0.028      8.865      0.000
    GRIT5_1$4          1.242      0.035     35.694      0.000
    GRIT6_1$1         -1.803      0.047    -38.276      0.000
    GRIT6_1$2         -0.825      0.029    -28.162      0.000
    GRIT6_1$3          0.016      0.026      0.628      0.530
    GRIT6_1$4          1.430      0.037     38.706      0.000
    GRIT7_1$1         -0.893      0.031    -28.774      0.000
    GRIT7_1$2          0.503      0.028     17.914      0.000
    GRIT7_1$3          1.053      0.032     32.526      0.000
    GRIT7_1$4          1.904      0.051     37.087      0.000
    GRIT8_1$1         -1.603      0.049    -33.018      0.000
    GRIT8_1$2         -0.266      0.031     -8.707      0.000
    GRIT8_1$3          0.317      0.031     10.268      0.000
    GRIT8_1$4          1.487      0.045     33.342      0.000

 Variances
    GRIT_1             1.000      0.000    999.000    999.000

 Residual Variances
    GRIT1_1            0.944      0.011     88.305      0.000
    GRIT5_1            0.682      0.021     32.713      0.000
    GRIT6_1            0.806      0.018     45.869      0.000
    GRIT7_1            0.707      0.020     34.981      0.000
    GRIT8_1            0.364      0.030     12.139      0.000


R-SQUARE

Group YOUNGER

    Observed                                        Two-Tailed     Scale
    Variable        Estimate       S.E.  Est./S.E.    P-Value     Factors

    GRIT1_1            0.056      0.011      5.302      0.000      0.972
    GRIT5_1            0.318      0.021     15.057      0.000      0.826
    GRIT6_1            0.194      0.018     10.941      0.000      0.898
    GRIT7_1            0.293      0.021     14.082      0.000      0.841
    GRIT8_1            0.636      0.030     21.421      0.000      0.604

Group OLDER

    Observed                                        Two-Tailed     Scale
    Variable        Estimate       S.E.  Est./S.E.    P-Value     Factors

    GRIT1_1            0.056      0.011      5.236      0.000      0.972
    GRIT5_1            0.318      0.021     15.239      0.000      0.826
    GRIT6_1            0.194      0.018     11.062      0.000      0.898
    GRIT7_1            0.293      0.020     14.468      0.000      0.841
    GRIT8_1            0.636      0.030     21.169      0.000      0.604


QUALITY OF NUMERICAL RESULTS

     Condition Number for the Information Matrix              0.687E-02
       (ratio of smallest to largest eigenvalue)


MODEL MODIFICATION INDICES

Minimum M.I. value for printing the modification index    10.000

                                   M.I.     E.P.C.  Std E.P.C.  StdYX E.P.C.
Group YOUNGER


ON Statements

GRIT1_1  ON GRIT5_1               13.914    -0.095     -0.095       -0.112
GRIT6_1  ON GRIT5_1               15.066     0.102      0.102        0.111

WITH Statements

GRIT5_1  WITH GRIT1_1             10.456    -0.114     -0.114       -0.114
GRIT6_1  WITH GRIT5_1             12.147     0.121      0.121        0.121

Group OLDER


ON Statements

GRIT1_1  ON GRIT8_1               12.606     0.070      0.070        0.113
GRIT8_1  ON GRIT1_1               11.642     0.169      0.169        0.105

WITH Statements

GRIT8_1  WITH GRIT1_1             14.239     0.193      0.193        0.193



SAVEDATA INFORMATION


  Difference testing

  Save file
    grit1_student_age_inv_scalar.dat
  Save format      Free

     Beginning Time:  22:07:56
        Ending Time:  22:07:56
       Elapsed Time:  00:00:00



MUTHEN & MUTHEN
3463 Stoner Ave.
Los Angeles, CA  90066

Tel: (310) 391-9971
Fax: (310) 391-8971
Web: www.StatModel.com
Support: Support@StatModel.com

Copyright (c) 1998-2019 Muthen & Muthen
