Mplus VERSION 8.4 (Mac)
MUTHEN & MUTHEN
10/28/2023  10:07 PM

INPUT INSTRUCTIONS

  Title: Student Grit Gender Measurement Invariance Configural Model;

  Data:
     File is ../dat_stu_1.txt;

  Variable:
     Names are studentid index treatment girl age_w child_grade in_ukr
     guardian_living guardian_region
     grit1_1 grit2_1 grit3_1 grit4_1 grit5_1 grit6_1 grit7_1 grit8_1
     loc1_1 loc2_1 loc3_1 loc4_1
     dass1_1 dass2_1 dass3_1 dass4_1 dass5_1 dass6_1 dass7_1 dass8_1
     dass9_1 dass10_1 dass11_1 dass12_1 dass13_1 dass14_1
     sleep1_1 sleep2_1 sleep3_1 sleep4_1 sleep5_1 sleep6_1 sleep7_1
     edugoals_1 half;
     Missing are . ;

    Usevariable are
  	grit1_1 grit5_1 grit6_1 grit7_1 grit8_1;

    Categorical is
  	grit1_1 grit5_1 grit6_1 grit7_1 grit8_1;

    Idvariable is studentid;

    Group is girl (1 = Female 0 = Male);

  Analysis:
     Estimator = wlsmv;
     Parameterization = theta;


  !!! Model for Male !!!

  Model:
    ! Factor loadings all freely estimated
    grit_1 by
      grit1_1* grit5_1* grit6_1* grit7_1* grit8_1* (L1-L5);

    grit1_1 with grit6_1; !worded positively
    grit1_1 with grit7_1; !both about schoolwork

    !estimating thresholds freely
    [grit1_1$1* grit5_1$1* grit6_1$1* grit7_1$1* grit8_1$1*] (T1_1 T5_1 T6_1 T7_1 T8_1);
    [grit1_1$2* grit5_1$2* grit6_1$2* grit7_1$2* grit8_1$2*] (T1_2 T5_2 T6_2 T7_2 T8_2);
    [grit1_1$3* grit5_1$3* grit6_1$3* grit7_1$3* grit8_1$3*] (T1_3 T5_3 T6_3 T7_3 T8_3);
    [grit1_1$4* grit5_1$4* grit6_1$4* grit7_1$4* grit8_1$4*] (T1_4 T5_4 T6_4 T7_4 T8_4);

    !constraining item residual variance to 1 for identification
    grit1_1@1;
    grit5_1@1;
    grit6_1@1;
    grit7_1@1;
    grit8_1@1;

    !fixing latent mean to zero for identification
    [grit_1@0];

    !fixing latent variance to one for identification
    grit_1@1;

  !!! Model for Female !!!

  Model Female:
    ! Factor loadings all freely estimated
    grit_1 by
      grit1_1* grit5_1* grit6_1* grit7_1* grit8_1*;

    grit1_1 with grit6_1; !worded positively
    grit1_1 with grit7_1; !both about schoolwork

    !estimating thresholds freely
    [grit1_1$1* grit5_1$1* grit6_1$1* grit7_1$1* grit8_1$1*];
    [grit1_1$2* grit5_1$2* grit6_1$2* grit7_1$2* grit8_1$2*];
    [grit1_1$3* grit5_1$3* grit6_1$3* grit7_1$3* grit8_1$3*];
    [grit1_1$4* grit5_1$4* grit6_1$4* grit7_1$4* grit8_1$4*];

    !constraining item residual variance to 1 for identification
    grit1_1@1;
    grit5_1@1;
    grit6_1@1;
    grit7_1@1;
    grit8_1@1;

    !fixing latent mean to zero for identification
    [grit_1@0];

    !fixing latent variance to one for identification
    grit_1@1;

  Output: sampstat stdyx modindices(all);
  Savedata: Difftest is grit1_student_gender_inv_config.dat;



INPUT READING TERMINATED NORMALLY



Student Grit Gender Measurement Invariance Configural Model;

SUMMARY OF ANALYSIS

Number of groups                                                 2
Number of observations
   Group MALE                                                 1261
   Group FEMALE                                               1506
   Total sample size                                          2767

Number of dependent variables                                    5
Number of independent variables                                  0
Number of continuous latent variables                            1

Observed dependent variables

  Binary and ordered categorical (ordinal)
   GRIT1_1     GRIT5_1     GRIT6_1     GRIT7_1     GRIT8_1

Continuous latent variables
   GRIT_1

Variables with special functions

  Grouping variable     GIRL
  ID variable           STUDENTI

Estimator                                                    WLSMV
Maximum number of iterations                                  1000
Convergence criterion                                    0.500D-04
Maximum number of steepest descent iterations                   20
Maximum number of iterations for H1                           2000
Convergence criterion for H1                             0.100D-03
Parameterization                                             THETA
Link                                                        PROBIT

Input data file(s)
  ../dat_stu_1.txt

Input data format  FREE


SUMMARY OF DATA

   Group MALE
     Number of missing data patterns             1

   Group FEMALE
     Number of missing data patterns             1


COVARIANCE COVERAGE OF DATA

Minimum covariance coverage value   0.100


     PROPORTION OF DATA PRESENT FOR MALE


           Covariance Coverage
              GRIT1_1       GRIT5_1       GRIT6_1       GRIT7_1       GRIT8_1
              ________      ________      ________      ________      ________
 GRIT1_1        1.000
 GRIT5_1        1.000         1.000
 GRIT6_1        1.000         1.000         1.000
 GRIT7_1        1.000         1.000         1.000         1.000
 GRIT8_1        1.000         1.000         1.000         1.000         1.000


     PROPORTION OF DATA PRESENT FOR FEMALE


           Covariance Coverage
              GRIT1_1       GRIT5_1       GRIT6_1       GRIT7_1       GRIT8_1
              ________      ________      ________      ________      ________
 GRIT1_1        1.000
 GRIT5_1        1.000         1.000
 GRIT6_1        1.000         1.000         1.000
 GRIT7_1        1.000         1.000         1.000         1.000
 GRIT8_1        1.000         1.000         1.000         1.000         1.000


UNIVARIATE PROPORTIONS AND COUNTS FOR CATEGORICAL VARIABLES

  Group MALE
    GRIT1_1
      Category 1    0.089          112.000
      Category 2    0.249          314.000
      Category 3    0.269          339.000
      Category 4    0.336          424.000
      Category 5    0.057           72.000
    GRIT5_1
      Category 1    0.050           63.000
      Category 2    0.333          420.000
      Category 3    0.235          296.000
      Category 4    0.281          354.000
      Category 5    0.102          128.000
    GRIT6_1
      Category 1    0.039           49.000
      Category 2    0.202          255.000
      Category 3    0.316          398.000
      Category 4    0.376          474.000
      Category 5    0.067           85.000
    GRIT7_1
      Category 1    0.195          246.000
      Category 2    0.497          627.000
      Category 3    0.163          206.000
      Category 4    0.114          144.000
      Category 5    0.030           38.000
    GRIT8_1
      Category 1    0.056           70.000
      Category 2    0.354          447.000
      Category 3    0.233          294.000
      Category 4    0.291          367.000
      Category 5    0.066           83.000

  Group FEMALE
    GRIT1_1
      Category 1    0.118          178.000
      Category 2    0.237          357.000
      Category 3    0.270          407.000
      Category 4    0.333          501.000
      Category 5    0.042           63.000
    GRIT5_1
      Category 1    0.061           92.000
      Category 2    0.290          436.000
      Category 3    0.222          334.000
      Category 4    0.313          471.000
      Category 5    0.115          173.000
    GRIT6_1
      Category 1    0.032           48.000
      Category 2    0.139          209.000
      Category 3    0.289          435.000
      Category 4    0.455          685.000
      Category 5    0.086          129.000
    GRIT7_1
      Category 1    0.174          262.000
      Category 2    0.513          773.000
      Category 3    0.161          243.000
      Category 4    0.124          186.000
      Category 5    0.028           42.000
    GRIT8_1
      Category 1    0.051           77.000
      Category 2    0.323          486.000
      Category 3    0.226          340.000
      Category 4    0.327          492.000
      Category 5    0.074          111.000


SAMPLE STATISTICS


     ESTIMATED SAMPLE STATISTICS FOR MALE


           MEANS/INTERCEPTS/THRESHOLDS
              GRIT1_1$      GRIT1_1$      GRIT1_1$      GRIT1_1$      GRIT5_1$
              ________      ________      ________      ________      ________
               -1.348        -0.418         0.271         1.580        -1.645


           MEANS/INTERCEPTS/THRESHOLDS
              GRIT5_1$      GRIT5_1$      GRIT5_1$      GRIT6_1$      GRIT6_1$
              ________      ________      ________      ________      ________
               -0.298         0.300         1.273        -1.764        -0.703


           MEANS/INTERCEPTS/THRESHOLDS
              GRIT6_1$      GRIT6_1$      GRIT7_1$      GRIT7_1$      GRIT7_1$
              ________      ________      ________      ________      ________
                0.143         1.495        -0.859         0.502         1.061


           MEANS/INTERCEPTS/THRESHOLDS
              GRIT7_1$      GRIT8_1$      GRIT8_1$      GRIT8_1$      GRIT8_1$
              ________      ________      ________      ________      ________
                1.879        -1.594        -0.228         0.367         1.508


           CORRELATION MATRIX (WITH VARIANCES ON THE DIAGONAL)
              GRIT1_1       GRIT5_1       GRIT6_1       GRIT7_1       GRIT8_1
              ________      ________      ________      ________      ________
 GRIT1_1
 GRIT5_1        0.054
 GRIT6_1        0.398         0.277
 GRIT7_1        0.219         0.308         0.245
 GRIT8_1        0.201         0.409         0.366         0.438


     ESTIMATED SAMPLE STATISTICS FOR FEMALE


           MEANS/INTERCEPTS/THRESHOLDS
              GRIT1_1$      GRIT1_1$      GRIT1_1$      GRIT1_1$      GRIT5_1$
              ________      ________      ________      ________      ________
               -1.184        -0.371         0.320         1.730        -1.546


           MEANS/INTERCEPTS/THRESHOLDS
              GRIT5_1$      GRIT5_1$      GRIT5_1$      GRIT6_1$      GRIT6_1$
              ________      ________      ________      ________      ________
               -0.384         0.182         1.201        -1.854        -0.952


           MEANS/INTERCEPTS/THRESHOLDS
              GRIT6_1$      GRIT6_1$      GRIT7_1$      GRIT7_1$      GRIT7_1$
              ________      ________      ________      ________      ________
               -0.102         1.368        -0.939         0.488         1.030


           MEANS/INTERCEPTS/THRESHOLDS
              GRIT7_1$      GRIT8_1$      GRIT8_1$      GRIT8_1$      GRIT8_1$
              ________      ________      ________      ________      ________
                1.913        -1.634        -0.322         0.252         1.449


           CORRELATION MATRIX (WITH VARIANCES ON THE DIAGONAL)
              GRIT1_1       GRIT5_1       GRIT6_1       GRIT7_1       GRIT8_1
              ________      ________      ________      ________      ________
 GRIT1_1
 GRIT5_1        0.117
 GRIT6_1        0.386         0.268
 GRIT7_1        0.141         0.336         0.169
 GRIT8_1        0.235         0.458         0.337         0.430


THE MODEL ESTIMATION TERMINATED NORMALLY



MODEL FIT INFORMATION

Number of Free Parameters                       54

Chi-Square Test of Model Fit

          Value                             36.376*
          Degrees of Freedom                     6
          P-Value                           0.0000

Chi-Square Contribution From Each Group

          MALE                              16.192
          FEMALE                            20.184

*   The chi-square value for MLM, MLMV, MLR, ULSMV, WLSM and WLSMV cannot be used
    for chi-square difference testing in the regular way.  MLM, MLR and WLSM
    chi-square difference testing is described on the Mplus website.  MLMV, WLSMV,
    and ULSMV difference testing is done using the DIFFTEST option.

RMSEA (Root Mean Square Error Of Approximation)

          Estimate                           0.060
          90 Percent C.I.                    0.042  0.080
          Probability RMSEA <= .05           0.159

CFI/TLI

          CFI                                0.990
          TLI                                0.968

Chi-Square Test of Model Fit for the Baseline Model

          Value                           3157.080
          Degrees of Freedom                    20
          P-Value                           0.0000

SRMR (Standardized Root Mean Square Residual)

          Value                              0.013

Optimum Function Value for Weighted Least-Squares Estimator

          Value                     0.34445899D-02



MODEL RESULTS

                                                    Two-Tailed
                    Estimate       S.E.  Est./S.E.    P-Value

Group MALE

 GRIT_1   BY
    GRIT1_1            0.214      0.036      5.972      0.000
    GRIT5_1            0.632      0.042     15.190      0.000
    GRIT6_1            0.538      0.040     13.335      0.000
    GRIT7_1            0.670      0.044     15.257      0.000
    GRIT8_1            1.257      0.109     11.491      0.000

 GRIT1_1  WITH
    GRIT6_1            0.347      0.026     13.501      0.000
    GRIT7_1            0.127      0.029      4.340      0.000

 Means
    GRIT_1             0.000      0.000    999.000    999.000

 Thresholds
    GRIT1_1$1         -1.379      0.051    -26.905      0.000
    GRIT1_1$2         -0.428      0.037    -11.470      0.000
    GRIT1_1$3          0.277      0.037      7.562      0.000
    GRIT1_1$4          1.615      0.059     27.535      0.000
    GRIT5_1$1         -1.946      0.072    -26.978      0.000
    GRIT5_1$2         -0.352      0.043     -8.252      0.000
    GRIT5_1$3          0.354      0.042      8.342      0.000
    GRIT5_1$4          1.506      0.058     26.020      0.000
    GRIT6_1$1         -2.003      0.075    -26.679      0.000
    GRIT6_1$2         -0.798      0.045    -17.755      0.000
    GRIT6_1$3          0.162      0.040      4.030      0.000
    GRIT6_1$4          1.698      0.062     27.181      0.000
    GRIT7_1$1         -1.034      0.050    -20.890      0.000
    GRIT7_1$2          0.605      0.045     13.291      0.000
    GRIT7_1$3          1.277      0.055     23.361      0.000
    GRIT7_1$4          2.261      0.085     26.448      0.000
    GRIT8_1$1         -2.559      0.147    -17.411      0.000
    GRIT8_1$2         -0.365      0.060     -6.057      0.000
    GRIT8_1$3          0.589      0.063      9.283      0.000
    GRIT8_1$4          2.421      0.134     18.098      0.000

 Variances
    GRIT_1             1.000      0.000    999.000    999.000

 Residual Variances
    GRIT1_1            1.000      0.000    999.000    999.000
    GRIT5_1            1.000      0.000    999.000    999.000
    GRIT6_1            1.000      0.000    999.000    999.000
    GRIT7_1            1.000      0.000    999.000    999.000
    GRIT8_1            1.000      0.000    999.000    999.000

Group FEMALE

 GRIT_1   BY
    GRIT1_1            0.272      0.033      8.334      0.000
    GRIT5_1            0.726      0.043     16.876      0.000
    GRIT6_1            0.450      0.034     13.413      0.000
    GRIT7_1            0.624      0.039     16.006      0.000
    GRIT8_1            1.357      0.114     11.937      0.000

 GRIT1_1  WITH
    GRIT6_1            0.317      0.025     12.656      0.000
    GRIT7_1            0.003      0.027      0.109      0.913

 Means
    GRIT_1             0.000      0.000    999.000    999.000

 Thresholds
    GRIT1_1$1         -1.227      0.044    -27.962      0.000
    GRIT1_1$2         -0.385      0.034    -11.197      0.000
    GRIT1_1$3          0.332      0.034      9.713      0.000
    GRIT1_1$4          1.792      0.060     29.756      0.000
    GRIT5_1$1         -1.910      0.068    -28.148      0.000
    GRIT5_1$2         -0.474      0.041    -11.439      0.000
    GRIT5_1$3          0.225      0.040      5.605      0.000
    GRIT5_1$4          1.484      0.055     26.753      0.000
    GRIT6_1$1         -2.033      0.069    -29.475      0.000
    GRIT6_1$2         -1.044      0.042    -24.593      0.000
    GRIT6_1$3         -0.112      0.036     -3.142      0.002
    GRIT6_1$4          1.500      0.052     29.083      0.000
    GRIT7_1$1         -1.106      0.046    -24.033      0.000
    GRIT7_1$2          0.575      0.041     14.201      0.000
    GRIT7_1$3          1.215      0.048     25.140      0.000
    GRIT7_1$4          2.255      0.080     28.308      0.000
    GRIT8_1$1         -2.754      0.165    -16.719      0.000
    GRIT8_1$2         -0.542      0.061     -8.953      0.000
    GRIT8_1$3          0.425      0.059      7.178      0.000
    GRIT8_1$4          2.441      0.138     17.670      0.000

 Variances
    GRIT_1             1.000      0.000    999.000    999.000

 Residual Variances
    GRIT1_1            1.000      0.000    999.000    999.000
    GRIT5_1            1.000      0.000    999.000    999.000
    GRIT6_1            1.000      0.000    999.000    999.000
    GRIT7_1            1.000      0.000    999.000    999.000
    GRIT8_1            1.000      0.000    999.000    999.000


STANDARDIZED MODEL RESULTS


STDYX Standardization

                                                    Two-Tailed
                    Estimate       S.E.  Est./S.E.    P-Value

Group MALE

 GRIT_1   BY
    GRIT1_1            0.209      0.034      6.246      0.000
    GRIT5_1            0.534      0.025     21.249      0.000
    GRIT6_1            0.474      0.028     17.191      0.000
    GRIT7_1            0.556      0.025     22.101      0.000
    GRIT8_1            0.782      0.026     29.638      0.000

 GRIT1_1  WITH
    GRIT6_1            0.347      0.026     13.501      0.000
    GRIT7_1            0.127      0.029      4.340      0.000

 Means
    GRIT_1             0.000      0.000    999.000    999.000

 Thresholds
    GRIT1_1$1         -1.348      0.050    -27.058      0.000
    GRIT1_1$2         -0.418      0.036    -11.482      0.000
    GRIT1_1$3          0.271      0.036      7.566      0.000
    GRIT1_1$4          1.580      0.057     27.699      0.000
    GRIT5_1$1         -1.645      0.060    -27.640      0.000
    GRIT5_1$2         -0.298      0.036     -8.295      0.000
    GRIT5_1$3          0.300      0.036      8.351      0.000
    GRIT5_1$4          1.273      0.048     26.559      0.000
    GRIT6_1$1         -1.764      0.065    -27.280      0.000
    GRIT6_1$2         -0.703      0.039    -18.184      0.000
    GRIT6_1$3          0.143      0.035      4.026      0.000
    GRIT6_1$4          1.495      0.054     27.621      0.000
    GRIT7_1$1         -0.859      0.040    -21.236      0.000
    GRIT7_1$2          0.502      0.037     13.592      0.000
    GRIT7_1$3          1.061      0.044     24.360      0.000
    GRIT7_1$4          1.879      0.070     26.653      0.000
    GRIT8_1$1         -1.594      0.058    -27.695      0.000
    GRIT8_1$2         -0.228      0.036     -6.387      0.000
    GRIT8_1$3          0.367      0.036     10.143      0.000
    GRIT8_1$4          1.508      0.055     27.642      0.000

 Variances
    GRIT_1             1.000      0.000    999.000    999.000

 Residual Variances
    GRIT1_1            0.956      0.014     68.102      0.000
    GRIT5_1            0.715      0.027     26.635      0.000
    GRIT6_1            0.776      0.026     29.729      0.000
    GRIT7_1            0.690      0.028     24.636      0.000
    GRIT8_1            0.388      0.041      9.384      0.000

Group FEMALE

 GRIT_1   BY
    GRIT1_1            0.262      0.029      8.950      0.000
    GRIT5_1            0.588      0.023     25.778      0.000
    GRIT6_1            0.411      0.025     16.132      0.000
    GRIT7_1            0.530      0.024     22.243      0.000
    GRIT8_1            0.805      0.024     33.906      0.000

 GRIT1_1  WITH
    GRIT6_1            0.317      0.025     12.656      0.000
    GRIT7_1            0.003      0.027      0.109      0.913

 Means
    GRIT_1             0.000      0.000    999.000    999.000

 Thresholds
    GRIT1_1$1         -1.184      0.042    -28.167      0.000
    GRIT1_1$2         -0.371      0.033    -11.207      0.000
    GRIT1_1$3          0.320      0.033      9.723      0.000
    GRIT1_1$4          1.730      0.058     29.962      0.000
    GRIT5_1$1         -1.546      0.051    -30.258      0.000
    GRIT5_1$2         -0.384      0.033    -11.566      0.000
    GRIT5_1$3          0.182      0.032      5.614      0.000
    GRIT5_1$4          1.201      0.042     28.348      0.000
    GRIT6_1$1         -1.854      0.063    -29.304      0.000
    GRIT6_1$2         -0.952      0.038    -24.901      0.000
    GRIT6_1$3         -0.102      0.032     -3.144      0.002
    GRIT6_1$4          1.368      0.046     29.690      0.000
    GRIT7_1$1         -0.939      0.038    -24.675      0.000
    GRIT7_1$2          0.488      0.034     14.468      0.000
    GRIT7_1$3          1.030      0.039     26.174      0.000
    GRIT7_1$4          1.913      0.066     28.873      0.000
    GRIT8_1$1         -1.634      0.054    -30.227      0.000
    GRIT8_1$2         -0.322      0.033     -9.776      0.000
    GRIT8_1$3          0.252      0.033      7.723      0.000
    GRIT8_1$4          1.449      0.048     30.054      0.000

 Variances
    GRIT_1             1.000      0.000    999.000    999.000

 Residual Variances
    GRIT1_1            0.931      0.015     60.626      0.000
    GRIT5_1            0.655      0.027     24.434      0.000
    GRIT6_1            0.831      0.021     39.795      0.000
    GRIT7_1            0.720      0.025     28.541      0.000
    GRIT8_1            0.352      0.038      9.212      0.000


R-SQUARE

Group MALE

    Observed                                        Two-Tailed     Scale
    Variable        Estimate       S.E.  Est./S.E.    P-Value     Factors

    GRIT1_1            0.044      0.014      3.123      0.002      0.978
    GRIT5_1            0.285      0.027     10.625      0.000      0.845
    GRIT6_1            0.224      0.026      8.595      0.000      0.881
    GRIT7_1            0.310      0.028     11.050      0.000      0.831
    GRIT8_1            0.612      0.041     14.819      0.000      0.623

Group FEMALE

    Observed                                        Two-Tailed     Scale
    Variable        Estimate       S.E.  Est./S.E.    P-Value     Factors

    GRIT1_1            0.069      0.015      4.475      0.000      0.965
    GRIT5_1            0.345      0.027     12.889      0.000      0.809
    GRIT6_1            0.169      0.021      8.066      0.000      0.912
    GRIT7_1            0.280      0.025     11.121      0.000      0.848
    GRIT8_1            0.648      0.038     16.953      0.000      0.593


QUALITY OF NUMERICAL RESULTS

     Condition Number for the Information Matrix              0.587E-02
       (ratio of smallest to largest eigenvalue)


MODEL MODIFICATION INDICES

Minimum M.I. value for printing the modification index    10.000

                                   M.I.     E.P.C.  Std E.P.C.  StdYX E.P.C.
Group MALE


ON Statements

GRIT1_1  ON GRIT5_1               13.071    -0.106     -0.106       -0.123
GRIT1_1  ON GRIT8_1               13.004     0.211      0.211        0.331
GRIT8_1  ON GRIT1_1               13.316     0.225      0.225        0.143

WITH Statements

GRIT5_1  WITH GRIT1_1             13.064    -0.106     -0.106       -0.106
GRIT8_1  WITH GRIT1_1             13.032     0.211      0.211        0.211

Group FEMALE


ON Statements

GRIT5_1  ON GRIT8_1               13.366    -0.381     -0.381       -0.520
GRIT6_1  ON GRIT7_1               13.436    -0.109     -0.109       -0.117
GRIT7_1  ON GRIT1_1               13.444    -0.344     -0.344       -0.303
GRIT7_1  ON GRIT6_1               13.442    -0.109     -0.109       -0.101
GRIT8_1  ON GRIT1_1               10.823     0.206      0.206        0.127
GRIT8_1  ON GRIT5_1               13.352    -0.381     -0.381       -0.279

WITH Statements

GRIT7_1  WITH GRIT6_1             13.435    -0.109     -0.109       -0.109
GRIT8_1  WITH GRIT5_1             13.367    -0.381     -0.381       -0.381



SAVEDATA INFORMATION


  Difference testing

  Save file
    grit1_student_gender_inv_config.dat
  Save format      Free

     Beginning Time:  22:07:43
        Ending Time:  22:07:44
       Elapsed Time:  00:00:01



MUTHEN & MUTHEN
3463 Stoner Ave.
Los Angeles, CA  90066

Tel: (310) 391-9971
Fax: (310) 391-8971
Web: www.StatModel.com
Support: Support@StatModel.com

Copyright (c) 1998-2019 Muthen & Muthen
