Mplus VERSION 8.4 (Mac)
MUTHEN & MUTHEN
10/28/2023  10:07 PM

INPUT INSTRUCTIONS

  Title: Student Grit Age Measurement Invariance Configural Model;

  Data:
     File is ../dat_stu_1.txt;

  Variable:
     Names are studentid index treatment girl age_w child_grade in_ukr
     guardian_living guardian_region
     grit1_1 grit2_1 grit3_1 grit4_1 grit5_1 grit6_1 grit7_1 grit8_1
     loc1_1 loc2_1 loc3_1 loc4_1
     dass1_1 dass2_1 dass3_1 dass4_1 dass5_1 dass6_1 dass7_1 dass8_1
     dass9_1 dass10_1 dass11_1 dass12_1 dass13_1 dass14_1
     sleep1_1 sleep2_1 sleep3_1 sleep4_1 sleep5_1 sleep6_1 sleep7_1
     edugoals_1 half;
     Missing are . ;

    Usevariable are
  	grit1_1 grit5_1 grit6_1 grit7_1 grit8_1 age_c;

    Categorical is
  	grit1_1 grit5_1 grit6_1 grit7_1 grit8_1;

    Idvariable is studentid;

    Group is age_c (1 = Older 0 = Younger);

  Define:
  	age_c = 0;
  	if(age_w ge 13) then age_c = 1;

  Analysis:
     Estimator = wlsmv;
     Parameterization = theta;


  !!! Model for Younger Students !!!

  Model:
    ! Factor loadings all freely estimated
    grit_1 by
      grit1_1* grit5_1* grit6_1* grit7_1* grit8_1* (L1-L5);

    grit1_1 with grit6_1; !worded positively
    grit1_1 with grit7_1; !both about schoolwork

    !estimating thresholds freely
    [grit1_1$1* grit5_1$1* grit6_1$1* grit7_1$1* grit8_1$1*] (T1_1 T5_1 T6_1 T7_1 T8_1);
    [grit1_1$2* grit5_1$2* grit6_1$2* grit7_1$2* grit8_1$2*] (T1_2 T5_2 T6_2 T7_2 T8_2);
    [grit1_1$3* grit5_1$3* grit6_1$3* grit7_1$3* grit8_1$3*] (T1_3 T5_3 T6_3 T7_3 T8_3);
    [grit1_1$4* grit5_1$4* grit6_1$4* grit7_1$4* grit8_1$4*] (T1_4 T5_4 T6_4 T7_4 T8_4);

    !constraining item residual variance to 1 for identification
    grit1_1@1;
    grit5_1@1;
    grit6_1@1;
    grit7_1@1;
    grit8_1@1;

    !fixing latent mean to zero for identification
    [grit_1@0];

    !fixing latent variance to one for identification
    grit_1@1;

  !!! Model for Old Students !!!

  Model Older:
    ! Factor loadings all freely estimated
    grit_1 by
      grit1_1* grit5_1* grit6_1* grit7_1* grit8_1*;

    grit1_1 with grit6_1; !worded positively
    grit1_1 with grit7_1; !both about schoolwork

    !estimating thresholds freely
    [grit1_1$1* grit5_1$1* grit6_1$1* grit7_1$1* grit8_1$1*];
    [grit1_1$2* grit5_1$2* grit6_1$2* grit7_1$2* grit8_1$2*];
    [grit1_1$3* grit5_1$3* grit6_1$3* grit7_1$3* grit8_1$3*];
    [grit1_1$4* grit5_1$4* grit6_1$4* grit7_1$4* grit8_1$4*];

    !constraining item residual variance to 1 for identification
    grit1_1@1;
    grit5_1@1;
    grit6_1@1;
    grit7_1@1;
    grit8_1@1;

    !fixing latent mean to zero for identification
    [grit_1@0];

    !fixing latent variance to one for identification
    grit_1@1;

  Output: sampstat stdyx modindices(all);
  Savedata: Difftest is grit1_student_age_inv_config.dat;



INPUT READING TERMINATED NORMALLY



Student Grit Age Measurement Invariance Configural Model;

SUMMARY OF ANALYSIS

Number of groups                                                 2
Number of observations
   Group YOUNGER                                              1374
   Group OLDER                                                1393
   Total sample size                                          2767

Number of dependent variables                                    5
Number of independent variables                                  0
Number of continuous latent variables                            1

Observed dependent variables

  Binary and ordered categorical (ordinal)
   GRIT1_1     GRIT5_1     GRIT6_1     GRIT7_1     GRIT8_1

Continuous latent variables
   GRIT_1

Variables with special functions

  Grouping variable     AGE_C
  ID variable           STUDENTI

Estimator                                                    WLSMV
Maximum number of iterations                                  1000
Convergence criterion                                    0.500D-04
Maximum number of steepest descent iterations                   20
Maximum number of iterations for H1                           2000
Convergence criterion for H1                             0.100D-03
Parameterization                                             THETA
Link                                                        PROBIT

Input data file(s)
  ../dat_stu_1.txt

Input data format  FREE


SUMMARY OF DATA

   Group YOUNGER
     Number of missing data patterns             1

   Group OLDER
     Number of missing data patterns             1


COVARIANCE COVERAGE OF DATA

Minimum covariance coverage value   0.100


     PROPORTION OF DATA PRESENT FOR YOUNGER


           Covariance Coverage
              GRIT1_1       GRIT5_1       GRIT6_1       GRIT7_1       GRIT8_1
              ________      ________      ________      ________      ________
 GRIT1_1        1.000
 GRIT5_1        1.000         1.000
 GRIT6_1        1.000         1.000         1.000
 GRIT7_1        1.000         1.000         1.000         1.000
 GRIT8_1        1.000         1.000         1.000         1.000         1.000


     PROPORTION OF DATA PRESENT FOR OLDER


           Covariance Coverage
              GRIT1_1       GRIT5_1       GRIT6_1       GRIT7_1       GRIT8_1
              ________      ________      ________      ________      ________
 GRIT1_1        1.000
 GRIT5_1        1.000         1.000
 GRIT6_1        1.000         1.000         1.000
 GRIT7_1        1.000         1.000         1.000         1.000
 GRIT8_1        1.000         1.000         1.000         1.000         1.000


UNIVARIATE PROPORTIONS AND COUNTS FOR CATEGORICAL VARIABLES

  Group YOUNGER
    GRIT1_1
      Category 1    0.101          139.000
      Category 2    0.254          349.000
      Category 3    0.263          362.000
      Category 4    0.334          459.000
      Category 5    0.047           65.000
    GRIT5_1
      Category 1    0.051           70.000
      Category 2    0.311          428.000
      Category 3    0.215          295.000
      Category 4    0.314          431.000
      Category 5    0.109          150.000
    GRIT6_1
      Category 1    0.040           55.000
      Category 2    0.170          233.000
      Category 3    0.297          408.000
      Category 4    0.420          577.000
      Category 5    0.074          101.000
    GRIT7_1
      Category 1    0.197          271.000
      Category 2    0.499          685.000
      Category 3    0.159          219.000
      Category 4    0.120          165.000
      Category 5    0.025           34.000
    GRIT8_1
      Category 1    0.056           77.000
      Category 2    0.329          452.000
      Category 3    0.242          333.000
      Category 4    0.309          424.000
      Category 5    0.064           88.000

  Group OLDER
    GRIT1_1
      Category 1    0.108          151.000
      Category 2    0.231          322.000
      Category 3    0.276          384.000
      Category 4    0.335          466.000
      Category 5    0.050           70.000
    GRIT5_1
      Category 1    0.061           85.000
      Category 2    0.307          428.000
      Category 3    0.240          335.000
      Category 4    0.283          394.000
      Category 5    0.108          151.000
    GRIT6_1
      Category 1    0.030           42.000
      Category 2    0.166          231.000
      Category 3    0.305          425.000
      Category 4    0.418          582.000
      Category 5    0.081          113.000
    GRIT7_1
      Category 1    0.170          237.000
      Category 2    0.513          715.000
      Category 3    0.165          230.000
      Category 4    0.118          165.000
      Category 5    0.033           46.000
    GRIT8_1
      Category 1    0.050           70.000
      Category 2    0.345          481.000
      Category 3    0.216          301.000
      Category 4    0.312          435.000
      Category 5    0.076          106.000


SAMPLE STATISTICS


     ESTIMATED SAMPLE STATISTICS FOR YOUNGER


           MEANS/INTERCEPTS/THRESHOLDS
              GRIT1_1$      GRIT1_1$      GRIT1_1$      GRIT1_1$      GRIT5_1$
              ________      ________      ________      ________      ________
               -1.275        -0.371         0.302         1.672        -1.636


           MEANS/INTERCEPTS/THRESHOLDS
              GRIT5_1$      GRIT5_1$      GRIT5_1$      GRIT6_1$      GRIT6_1$
              ________      ________      ________      ________      ________
               -0.352         0.195         1.231        -1.750        -0.808


           MEANS/INTERCEPTS/THRESHOLDS
              GRIT6_1$      GRIT6_1$      GRIT7_1$      GRIT7_1$      GRIT7_1$
              ________      ________      ________      ________      ________
                0.016         1.450        -0.852         0.512         1.059


           MEANS/INTERCEPTS/THRESHOLDS
              GRIT7_1$      GRIT8_1$      GRIT8_1$      GRIT8_1$      GRIT8_1$
              ________      ________      ________      ________      ________
                1.964        -1.589        -0.292         0.325         1.522


           CORRELATION MATRIX (WITH VARIANCES ON THE DIAGONAL)
              GRIT1_1       GRIT5_1       GRIT6_1       GRIT7_1       GRIT8_1
              ________      ________      ________      ________      ________
 GRIT1_1
 GRIT5_1        0.059
 GRIT6_1        0.344         0.314
 GRIT7_1        0.165         0.299         0.209
 GRIT8_1        0.175         0.437         0.368         0.448


     ESTIMATED SAMPLE STATISTICS FOR OLDER


           MEANS/INTERCEPTS/THRESHOLDS
              GRIT1_1$      GRIT1_1$      GRIT1_1$      GRIT1_1$      GRIT5_1$
              ________      ________      ________      ________      ________
               -1.235        -0.414         0.293         1.642        -1.546


           MEANS/INTERCEPTS/THRESHOLDS
              GRIT5_1$      GRIT5_1$      GRIT5_1$      GRIT6_1$      GRIT6_1$
              ________      ________      ________      ________      ________
               -0.336         0.276         1.235        -1.879        -0.856


           MEANS/INTERCEPTS/THRESHOLDS
              GRIT6_1$      GRIT6_1$      GRIT7_1$      GRIT7_1$      GRIT7_1$
              ________      ________      ________      ________      ________
                0.003         1.398        -0.954         0.477         1.030


           MEANS/INTERCEPTS/THRESHOLDS
              GRIT7_1$      GRIT8_1$      GRIT8_1$      GRIT8_1$      GRIT8_1$
              ________      ________      ________      ________      ________
                1.838        -1.642        -0.265         0.284         1.432


           CORRELATION MATRIX (WITH VARIANCES ON THE DIAGONAL)
              GRIT1_1       GRIT5_1       GRIT6_1       GRIT7_1       GRIT8_1
              ________      ________      ________      ________      ________
 GRIT1_1
 GRIT5_1        0.116
 GRIT6_1        0.423         0.233
 GRIT7_1        0.185         0.348         0.200
 GRIT8_1        0.259         0.437         0.339         0.419


THE MODEL ESTIMATION TERMINATED NORMALLY



MODEL FIT INFORMATION

Number of Free Parameters                       54

Chi-Square Test of Model Fit

          Value                             42.853*
          Degrees of Freedom                     6
          P-Value                           0.0000

Chi-Square Contribution From Each Group

          YOUNGER                           24.248
          OLDER                             18.605

*   The chi-square value for MLM, MLMV, MLR, ULSMV, WLSM and WLSMV cannot be used
    for chi-square difference testing in the regular way.  MLM, MLR and WLSM
    chi-square difference testing is described on the Mplus website.  MLMV, WLSMV,
    and ULSMV difference testing is done using the DIFFTEST option.

RMSEA (Root Mean Square Error Of Approximation)

          Estimate                           0.067
          90 Percent C.I.                    0.049  0.086
          Probability RMSEA <= .05           0.063

CFI/TLI

          CFI                                0.988
          TLI                                0.961

Chi-Square Test of Model Fit for the Baseline Model

          Value                           3157.525
          Degrees of Freedom                    20
          P-Value                           0.0000

SRMR (Standardized Root Mean Square Residual)

          Value                              0.014

Optimum Function Value for Weighted Least-Squares Estimator

          Value                     0.41192269D-02



MODEL RESULTS

                                                    Two-Tailed
                    Estimate       S.E.  Est./S.E.    P-Value

Group YOUNGER

 GRIT_1   BY
    GRIT1_1            0.188      0.033      5.715      0.000
    GRIT5_1            0.683      0.042     16.423      0.000
    GRIT6_1            0.531      0.038     14.092      0.000
    GRIT7_1            0.632      0.039     16.058      0.000
    GRIT8_1            1.347      0.119     11.359      0.000

 GRIT1_1  WITH
    GRIT6_1            0.296      0.025     11.942      0.000
    GRIT7_1            0.081      0.028      2.887      0.004

 Means
    GRIT_1             0.000      0.000    999.000    999.000

 Thresholds
    GRIT1_1$1         -1.297      0.047    -27.654      0.000
    GRIT1_1$2         -0.378      0.035    -10.710      0.000
    GRIT1_1$3          0.307      0.035      8.776      0.000
    GRIT1_1$4          1.701      0.059     28.775      0.000
    GRIT5_1$1         -1.981      0.071    -27.726      0.000
    GRIT5_1$2         -0.426      0.042    -10.122      0.000
    GRIT5_1$3          0.236      0.041      5.704      0.000
    GRIT5_1$4          1.491      0.056     26.566      0.000
    GRIT6_1$1         -1.982      0.070    -28.483      0.000
    GRIT6_1$2         -0.915      0.044    -20.775      0.000
    GRIT6_1$3          0.019      0.038      0.486      0.627
    GRIT6_1$4          1.642      0.059     27.844      0.000
    GRIT7_1$1         -1.007      0.047    -21.593      0.000
    GRIT7_1$2          0.606      0.043     14.198      0.000
    GRIT7_1$3          1.253      0.051     24.592      0.000
    GRIT7_1$4          2.324      0.086     26.901      0.000
    GRIT8_1$1         -2.665      0.162    -16.461      0.000
    GRIT8_1$2         -0.490      0.063     -7.842      0.000
    GRIT8_1$3          0.545      0.064      8.503      0.000
    GRIT8_1$4          2.552      0.153     16.658      0.000

 Variances
    GRIT_1             1.000      0.000    999.000    999.000

 Residual Variances
    GRIT1_1            1.000      0.000    999.000    999.000
    GRIT5_1            1.000      0.000    999.000    999.000
    GRIT6_1            1.000      0.000    999.000    999.000
    GRIT7_1            1.000      0.000    999.000    999.000
    GRIT8_1            1.000      0.000    999.000    999.000

Group OLDER

 GRIT_1   BY
    GRIT1_1            0.300      0.035      8.539      0.000
    GRIT5_1            0.687      0.043     16.025      0.000
    GRIT6_1            0.452      0.035     12.829      0.000
    GRIT7_1            0.654      0.043     15.380      0.000
    GRIT8_1            1.284      0.107     12.029      0.000

 GRIT1_1  WITH
    GRIT6_1            0.350      0.026     13.469      0.000
    GRIT7_1            0.034      0.028      1.226      0.220

 Means
    GRIT_1             0.000      0.000    999.000    999.000

 Thresholds
    GRIT1_1$1         -1.289      0.047    -27.257      0.000
    GRIT1_1$2         -0.432      0.036    -11.907      0.000
    GRIT1_1$3          0.306      0.036      8.582      0.000
    GRIT1_1$4          1.714      0.060     28.662      0.000
    GRIT5_1$1         -1.876      0.068    -27.562      0.000
    GRIT5_1$2         -0.408      0.042     -9.719      0.000
    GRIT5_1$3          0.335      0.041      8.099      0.000
    GRIT5_1$4          1.498      0.057     26.345      0.000
    GRIT6_1$1         -2.062      0.074    -27.842      0.000
    GRIT6_1$2         -0.940      0.043    -21.894      0.000
    GRIT6_1$3          0.003      0.037      0.080      0.936
    GRIT6_1$4          1.534      0.054     28.374      0.000
    GRIT7_1$1         -1.140      0.049    -23.306      0.000
    GRIT7_1$2          0.570      0.043     13.337      0.000
    GRIT7_1$3          1.231      0.051     24.030      0.000
    GRIT7_1$4          2.197      0.079     27.805      0.000
    GRIT8_1$1         -2.674      0.152    -17.543      0.000
    GRIT8_1$2         -0.431      0.059     -7.321      0.000
    GRIT8_1$3          0.462      0.059      7.805      0.000
    GRIT8_1$4          2.330      0.123     18.893      0.000

 Variances
    GRIT_1             1.000      0.000    999.000    999.000

 Residual Variances
    GRIT1_1            1.000      0.000    999.000    999.000
    GRIT5_1            1.000      0.000    999.000    999.000
    GRIT6_1            1.000      0.000    999.000    999.000
    GRIT7_1            1.000      0.000    999.000    999.000
    GRIT8_1            1.000      0.000    999.000    999.000


STANDARDIZED MODEL RESULTS


STDYX Standardization

                                                    Two-Tailed
                    Estimate       S.E.  Est./S.E.    P-Value

Group YOUNGER

 GRIT_1   BY
    GRIT1_1            0.184      0.031      5.917      0.000
    GRIT5_1            0.564      0.023     24.088      0.000
    GRIT6_1            0.469      0.026     18.073      0.000
    GRIT7_1            0.534      0.024     22.476      0.000
    GRIT8_1            0.803      0.025     31.957      0.000

 GRIT1_1  WITH
    GRIT6_1            0.296      0.025     11.942      0.000
    GRIT7_1            0.081      0.028      2.887      0.004

 Means
    GRIT_1             0.000      0.000    999.000    999.000

 Thresholds
    GRIT1_1$1         -1.275      0.046    -27.736      0.000
    GRIT1_1$2         -0.371      0.035    -10.711      0.000
    GRIT1_1$3          0.302      0.034      8.781      0.000
    GRIT1_1$4          1.672      0.058     28.801      0.000
    GRIT5_1$1         -1.636      0.057    -28.868      0.000
    GRIT5_1$2         -0.352      0.035    -10.176      0.000
    GRIT5_1$3          0.195      0.034      5.716      0.000
    GRIT5_1$4          1.231      0.045     27.362      0.000
    GRIT6_1$1         -1.750      0.061    -28.541      0.000
    GRIT6_1$2         -0.808      0.038    -21.178      0.000
    GRIT6_1$3          0.016      0.034      0.486      0.627
    GRIT6_1$4          1.450      0.051     28.714      0.000
    GRIT7_1$1         -0.851      0.039    -22.020      0.000
    GRIT7_1$2          0.512      0.035     14.440      0.000
    GRIT7_1$3          1.059      0.042     25.396      0.000
    GRIT7_1$4          1.964      0.072     27.155      0.000
    GRIT8_1$1         -1.589      0.055    -28.909      0.000
    GRIT8_1$2         -0.292      0.034     -8.514      0.000
    GRIT8_1$3          0.325      0.034      9.426      0.000
    GRIT8_1$4          1.522      0.053     28.874      0.000

 Variances
    GRIT_1             1.000      0.000    999.000    999.000

 Residual Variances
    GRIT1_1            0.966      0.011     84.019      0.000
    GRIT5_1            0.682      0.026     25.805      0.000
    GRIT6_1            0.780      0.024     31.993      0.000
    GRIT7_1            0.714      0.025     28.118      0.000
    GRIT8_1            0.355      0.040      8.812      0.000

Group OLDER

 GRIT_1   BY
    GRIT1_1            0.287      0.031      9.307      0.000
    GRIT5_1            0.566      0.024     23.583      0.000
    GRIT6_1            0.412      0.027     15.454      0.000
    GRIT7_1            0.548      0.025     21.965      0.000
    GRIT8_1            0.789      0.025     31.869      0.000

 GRIT1_1  WITH
    GRIT6_1            0.350      0.026     13.469      0.000
    GRIT7_1            0.034      0.028      1.226      0.220

 Means
    GRIT_1             0.000      0.000    999.000    999.000

 Thresholds
    GRIT1_1$1         -1.235      0.045    -27.589      0.000
    GRIT1_1$2         -0.414      0.035    -11.939      0.000
    GRIT1_1$3          0.293      0.034      8.587      0.000
    GRIT1_1$4          1.642      0.057     29.051      0.000
    GRIT5_1$1         -1.546      0.053    -29.100      0.000
    GRIT5_1$2         -0.336      0.034     -9.814      0.000
    GRIT5_1$3          0.276      0.034      8.108      0.000
    GRIT5_1$4          1.235      0.045     27.588      0.000
    GRIT6_1$1         -1.879      0.067    -28.015      0.000
    GRIT6_1$2         -0.856      0.038    -22.260      0.000
    GRIT6_1$3          0.003      0.034      0.080      0.936
    GRIT6_1$4          1.398      0.049     28.706      0.000
    GRIT7_1$1         -0.954      0.040    -23.982      0.000
    GRIT7_1$2          0.477      0.035     13.633      0.000
    GRIT7_1$3          1.030      0.041     25.167      0.000
    GRIT7_1$4          1.838      0.065     28.285      0.000
    GRIT8_1$1         -1.643      0.057    -29.058      0.000
    GRIT8_1$2         -0.265      0.034     -7.791      0.000
    GRIT8_1$3          0.284      0.034      8.325      0.000
    GRIT8_1$4          1.432      0.050     28.845      0.000

 Variances
    GRIT_1             1.000      0.000    999.000    999.000

 Residual Variances
    GRIT1_1            0.917      0.018     51.714      0.000
    GRIT5_1            0.680      0.027     25.005      0.000
    GRIT6_1            0.830      0.022     37.758      0.000
    GRIT7_1            0.700      0.027     25.653      0.000
    GRIT8_1            0.377      0.039      9.662      0.000


R-SQUARE

Group YOUNGER

    Observed                                        Two-Tailed     Scale
    Variable        Estimate       S.E.  Est./S.E.    P-Value     Factors

    GRIT1_1            0.034      0.011      2.958      0.003      0.983
    GRIT5_1            0.318      0.026     12.044      0.000      0.826
    GRIT6_1            0.220      0.024      9.036      0.000      0.883
    GRIT7_1            0.286      0.025     11.238      0.000      0.845
    GRIT8_1            0.645      0.040     15.979      0.000      0.596

Group OLDER

    Observed                                        Two-Tailed     Scale
    Variable        Estimate       S.E.  Est./S.E.    P-Value     Factors

    GRIT1_1            0.083      0.018      4.653      0.000      0.958
    GRIT5_1            0.320      0.027     11.791      0.000      0.824
    GRIT6_1            0.170      0.022      7.727      0.000      0.911
    GRIT7_1            0.300      0.027     10.982      0.000      0.837
    GRIT8_1            0.623      0.039     15.935      0.000      0.614


QUALITY OF NUMERICAL RESULTS

     Condition Number for the Information Matrix              0.551E-02
       (ratio of smallest to largest eigenvalue)


MODEL MODIFICATION INDICES

Minimum M.I. value for printing the modification index    10.000

                                   M.I.     E.P.C.  Std E.P.C.  StdYX E.P.C.
Group YOUNGER


ON Statements

GRIT5_1  ON GRIT6_1               10.048     0.103      0.103        0.096
GRIT6_1  ON GRIT5_1               16.799     0.133      0.133        0.143
GRIT7_1  ON GRIT7_1              999.000     0.000      0.000        0.000
GRIT8_1  ON GRIT7_1               11.018     0.254      0.254        0.179

WITH Statements

GRIT6_1  WITH GRIT5_1             16.794     0.133      0.133        0.133

Group OLDER


ON Statements

GRIT1_1  ON GRIT5_1               11.603    -0.108     -0.108       -0.125
GRIT1_1  ON GRIT8_1               11.437     0.200      0.200        0.312
GRIT5_1  ON GRIT1_1               11.434    -0.109     -0.109       -0.094
GRIT5_1  ON GRIT7_1               12.960     0.148      0.148        0.146
GRIT7_1  ON GRIT5_1               13.666     0.150      0.150        0.152
GRIT8_1  ON GRIT1_1               17.594     0.259      0.259        0.166

WITH Statements

GRIT5_1  WITH GRIT1_1             11.569    -0.108     -0.108       -0.108
GRIT7_1  WITH GRIT5_1             13.673     0.150      0.150        0.150
GRIT8_1  WITH GRIT1_1             11.558     0.201      0.201        0.201



SAVEDATA INFORMATION


  Difference testing

  Save file
    grit1_student_age_inv_config.dat
  Save format      Free

     Beginning Time:  22:07:53
        Ending Time:  22:07:53
       Elapsed Time:  00:00:00



MUTHEN & MUTHEN
3463 Stoner Ave.
Los Angeles, CA  90066

Tel: (310) 391-9971
Fax: (310) 391-8971
Web: www.StatModel.com
Support: Support@StatModel.com

Copyright (c) 1998-2019 Muthen & Muthen
