Mplus VERSION 8.4 (Mac)
MUTHEN & MUTHEN
10/28/2023  10:07 PM

INPUT INSTRUCTIONS

  Title: Student Grit Age Measurement Invariance Metric Model;

  Data:
     File is ../dat_stu_1.txt;

  Variable:
     Names are studentid index treatment girl age_w child_grade in_ukr
     guardian_living guardian_region
     grit1_1 grit2_1 grit3_1 grit4_1 grit5_1 grit6_1 grit7_1 grit8_1
     loc1_1 loc2_1 loc3_1 loc4_1
     dass1_1 dass2_1 dass3_1 dass4_1 dass5_1 dass6_1 dass7_1 dass8_1
     dass9_1 dass10_1 dass11_1 dass12_1 dass13_1 dass14_1
     sleep1_1 sleep2_1 sleep3_1 sleep4_1 sleep5_1 sleep6_1 sleep7_1
     edugoals_1 half;
     Missing are . ;

    Usevariable are
  	grit1_1 grit5_1 grit6_1 grit7_1 grit8_1 age_c;

    Categorical is
  	grit1_1 grit5_1 grit6_1 grit7_1 grit8_1;

    Idvariable is studentid;

    Group is age_c (1 = Older 0 = Younger);

  Define:
  	age_c = 0;
  	if(age_w ge 13) then age_c = 1;

  Analysis:
     Estimator = wlsmv;
     Parameterization = theta;
     Difftest = grit1_student_age_inv_config.dat


  !!! Model for Younger Students !!!

  Model:
    ! Factor loadings all freely estimated
    grit_1 by
      grit1_1* grit5_1* grit6_1* grit7_1* grit8_1* (L1-L5);

    grit1_1 with grit6_1; !worded positively
    grit1_1 with grit7_1; !both about schoolwork

    !estimating thresholds freely
    [grit1_1$1* grit5_1$1* grit6_1$1* grit7_1$1* grit8_1$1*] (T1_1 T5_1 T6_1 T7_1 T8_1);
    [grit1_1$2* grit5_1$2* grit6_1$2* grit7_1$2* grit8_1$2*] (T1_2 T5_2 T6_2 T7_2 T8_2);
    [grit1_1$3* grit5_1$3* grit6_1$3* grit7_1$3* grit8_1$3*] (T1_3 T5_3 T6_3 T7_3 T8_3);
    [grit1_1$4* grit5_1$4* grit6_1$4* grit7_1$4* grit8_1$4*] (T1_4 T5_4 T6_4 T7_4 T8_4);

    !constraining item residual variance to 1 for identification
    grit1_1@1;
    grit5_1@1;
    grit6_1@1;
    grit7_1@1;
    grit8_1@1;

    !fixing latent mean to zero for identification
    [grit_1@0];

    !fixing latent variance to one for identification
    grit_1@1;


  !!! Model for Older Students !!!

  Model Older:
    ! Factor loadings constrained to *be equal to the control group*
    grit_1 by
      grit1_1* grit5_1* grit6_1* grit7_1* grit8_1* (L1-L5);

    grit1_1 with grit6_1; !worded positively
    grit1_1 with grit7_1; !both about schoolwork

    !estimating thresholds freely
    [grit1_1$1* grit5_1$1* grit6_1$1* grit7_1$1* grit8_1$1*];
    [grit1_1$2* grit5_1$2* grit6_1$2* grit7_1$2* grit8_1$2*];
    [grit1_1$3* grit5_1$3* grit6_1$3* grit7_1$3* grit8_1$3*];
    [grit1_1$4* grit5_1$4* grit6_1$4* grit7_1$4* grit8_1$4*];

    !constraining item residual variance to 1 for identification
    grit1_1@1;
    grit5_1@1;
    grit6_1@1;
    grit7_1@1;
    grit8_1@1;

    !fixing latent mean to zero for identification
    [grit_1@0];

    ! latent factor variance *estimated*
    grit_1*;

  Output: sampstat stdyx modindices(all);
  Savedata: Difftest is grit1_student_age_inv_metric.dat;



INPUT READING TERMINATED NORMALLY



Student Grit Age Measurement Invariance Metric Model;

SUMMARY OF ANALYSIS

Number of groups                                                 2
Number of observations
   Group YOUNGER                                              1374
   Group OLDER                                                1393
   Total sample size                                          2767

Number of dependent variables                                    5
Number of independent variables                                  0
Number of continuous latent variables                            1

Observed dependent variables

  Binary and ordered categorical (ordinal)
   GRIT1_1     GRIT5_1     GRIT6_1     GRIT7_1     GRIT8_1

Continuous latent variables
   GRIT_1

Variables with special functions

  Grouping variable     AGE_C
  ID variable           STUDENTI

Estimator                                                    WLSMV
Maximum number of iterations                                  1000
Convergence criterion                                    0.500D-04
Maximum number of steepest descent iterations                   20
Maximum number of iterations for H1                           2000
Convergence criterion for H1                             0.100D-03
Parameterization                                             THETA
Link                                                        PROBIT

Input data file(s)
  ../dat_stu_1.txt

Input data format  FREE


SUMMARY OF DATA

   Group YOUNGER
     Number of missing data patterns             1

   Group OLDER
     Number of missing data patterns             1


COVARIANCE COVERAGE OF DATA

Minimum covariance coverage value   0.100


     PROPORTION OF DATA PRESENT FOR YOUNGER


           Covariance Coverage
              GRIT1_1       GRIT5_1       GRIT6_1       GRIT7_1       GRIT8_1
              ________      ________      ________      ________      ________
 GRIT1_1        1.000
 GRIT5_1        1.000         1.000
 GRIT6_1        1.000         1.000         1.000
 GRIT7_1        1.000         1.000         1.000         1.000
 GRIT8_1        1.000         1.000         1.000         1.000         1.000


     PROPORTION OF DATA PRESENT FOR OLDER


           Covariance Coverage
              GRIT1_1       GRIT5_1       GRIT6_1       GRIT7_1       GRIT8_1
              ________      ________      ________      ________      ________
 GRIT1_1        1.000
 GRIT5_1        1.000         1.000
 GRIT6_1        1.000         1.000         1.000
 GRIT7_1        1.000         1.000         1.000         1.000
 GRIT8_1        1.000         1.000         1.000         1.000         1.000


UNIVARIATE PROPORTIONS AND COUNTS FOR CATEGORICAL VARIABLES

  Group YOUNGER
    GRIT1_1
      Category 1    0.101          139.000
      Category 2    0.254          349.000
      Category 3    0.263          362.000
      Category 4    0.334          459.000
      Category 5    0.047           65.000
    GRIT5_1
      Category 1    0.051           70.000
      Category 2    0.311          428.000
      Category 3    0.215          295.000
      Category 4    0.314          431.000
      Category 5    0.109          150.000
    GRIT6_1
      Category 1    0.040           55.000
      Category 2    0.170          233.000
      Category 3    0.297          408.000
      Category 4    0.420          577.000
      Category 5    0.074          101.000
    GRIT7_1
      Category 1    0.197          271.000
      Category 2    0.499          685.000
      Category 3    0.159          219.000
      Category 4    0.120          165.000
      Category 5    0.025           34.000
    GRIT8_1
      Category 1    0.056           77.000
      Category 2    0.329          452.000
      Category 3    0.242          333.000
      Category 4    0.309          424.000
      Category 5    0.064           88.000

  Group OLDER
    GRIT1_1
      Category 1    0.108          151.000
      Category 2    0.231          322.000
      Category 3    0.276          384.000
      Category 4    0.335          466.000
      Category 5    0.050           70.000
    GRIT5_1
      Category 1    0.061           85.000
      Category 2    0.307          428.000
      Category 3    0.240          335.000
      Category 4    0.283          394.000
      Category 5    0.108          151.000
    GRIT6_1
      Category 1    0.030           42.000
      Category 2    0.166          231.000
      Category 3    0.305          425.000
      Category 4    0.418          582.000
      Category 5    0.081          113.000
    GRIT7_1
      Category 1    0.170          237.000
      Category 2    0.513          715.000
      Category 3    0.165          230.000
      Category 4    0.118          165.000
      Category 5    0.033           46.000
    GRIT8_1
      Category 1    0.050           70.000
      Category 2    0.345          481.000
      Category 3    0.216          301.000
      Category 4    0.312          435.000
      Category 5    0.076          106.000


SAMPLE STATISTICS


     ESTIMATED SAMPLE STATISTICS FOR YOUNGER


           MEANS/INTERCEPTS/THRESHOLDS
              GRIT1_1$      GRIT1_1$      GRIT1_1$      GRIT1_1$      GRIT5_1$
              ________      ________      ________      ________      ________
               -1.275        -0.371         0.302         1.672        -1.636


           MEANS/INTERCEPTS/THRESHOLDS
              GRIT5_1$      GRIT5_1$      GRIT5_1$      GRIT6_1$      GRIT6_1$
              ________      ________      ________      ________      ________
               -0.352         0.195         1.231        -1.750        -0.808


           MEANS/INTERCEPTS/THRESHOLDS
              GRIT6_1$      GRIT6_1$      GRIT7_1$      GRIT7_1$      GRIT7_1$
              ________      ________      ________      ________      ________
                0.016         1.450        -0.852         0.512         1.059


           MEANS/INTERCEPTS/THRESHOLDS
              GRIT7_1$      GRIT8_1$      GRIT8_1$      GRIT8_1$      GRIT8_1$
              ________      ________      ________      ________      ________
                1.964        -1.589        -0.292         0.325         1.522


           CORRELATION MATRIX (WITH VARIANCES ON THE DIAGONAL)
              GRIT1_1       GRIT5_1       GRIT6_1       GRIT7_1       GRIT8_1
              ________      ________      ________      ________      ________
 GRIT1_1
 GRIT5_1        0.059
 GRIT6_1        0.344         0.314
 GRIT7_1        0.165         0.299         0.209
 GRIT8_1        0.175         0.437         0.368         0.448


     ESTIMATED SAMPLE STATISTICS FOR OLDER


           MEANS/INTERCEPTS/THRESHOLDS
              GRIT1_1$      GRIT1_1$      GRIT1_1$      GRIT1_1$      GRIT5_1$
              ________      ________      ________      ________      ________
               -1.235        -0.414         0.293         1.642        -1.546


           MEANS/INTERCEPTS/THRESHOLDS
              GRIT5_1$      GRIT5_1$      GRIT5_1$      GRIT6_1$      GRIT6_1$
              ________      ________      ________      ________      ________
               -0.336         0.276         1.235        -1.879        -0.856


           MEANS/INTERCEPTS/THRESHOLDS
              GRIT6_1$      GRIT6_1$      GRIT7_1$      GRIT7_1$      GRIT7_1$
              ________      ________      ________      ________      ________
                0.003         1.398        -0.954         0.477         1.030


           MEANS/INTERCEPTS/THRESHOLDS
              GRIT7_1$      GRIT8_1$      GRIT8_1$      GRIT8_1$      GRIT8_1$
              ________      ________      ________      ________      ________
                1.838        -1.642        -0.265         0.284         1.432


           CORRELATION MATRIX (WITH VARIANCES ON THE DIAGONAL)
              GRIT1_1       GRIT5_1       GRIT6_1       GRIT7_1       GRIT8_1
              ________      ________      ________      ________      ________
 GRIT1_1
 GRIT5_1        0.116
 GRIT6_1        0.423         0.233
 GRIT7_1        0.185         0.348         0.200
 GRIT8_1        0.259         0.437         0.339         0.419


THE MODEL ESTIMATION TERMINATED NORMALLY



MODEL FIT INFORMATION

Number of Free Parameters                       50

Chi-Square Test of Model Fit

          Value                             44.840*
          Degrees of Freedom                    10
          P-Value                           0.0000

Chi-Square Contribution From Each Group

          YOUNGER                           24.336
          OLDER                             20.504

Chi-Square Test for Difference Testing

          Value                             11.500*
          Degrees of Freedom                     4
          P-Value                           0.0215

*   The chi-square value for MLM, MLMV, MLR, ULSMV, WLSM and WLSMV cannot be used
    for chi-square difference testing in the regular way.  MLM, MLR and WLSM
    chi-square difference testing is described on the Mplus website.  MLMV, WLSMV,
    and ULSMV difference testing is done using the DIFFTEST option.  The DIFFTEST
    option assumes the models are nested.  The NESTED option can be used to verify
    that the models are nested.

RMSEA (Root Mean Square Error Of Approximation)

          Estimate                           0.050
          90 Percent C.I.                    0.036  0.066
          Probability RMSEA <= .05           0.462

CFI/TLI

          CFI                                0.989
          TLI                                0.978

Chi-Square Test of Model Fit for the Baseline Model

          Value                           3157.525
          Degrees of Freedom                    20
          P-Value                           0.0000

SRMR (Standardized Root Mean Square Residual)

          Value                              0.017

Optimum Function Value for Weighted Least-Squares Estimator

          Value                     0.62633731D-02



MODEL RESULTS

                                                    Two-Tailed
                    Estimate       S.E.  Est./S.E.    P-Value

Group YOUNGER

 GRIT_1   BY
    GRIT1_1            0.245      0.025      9.942      0.000
    GRIT5_1            0.688      0.034     20.262      0.000
    GRIT6_1            0.494      0.028     17.432      0.000
    GRIT7_1            0.647      0.033     19.625      0.000
    GRIT8_1            1.328      0.086     15.447      0.000

 GRIT1_1  WITH
    GRIT6_1            0.274      0.025     11.049      0.000
    GRIT7_1            0.045      0.029      1.526      0.127

 Means
    GRIT_1             0.000      0.000    999.000    999.000

 Thresholds
    GRIT1_1$1         -1.312      0.048    -27.628      0.000
    GRIT1_1$2         -0.382      0.036    -10.708      0.000
    GRIT1_1$3          0.311      0.035      8.776      0.000
    GRIT1_1$4          1.721      0.060     28.770      0.000
    GRIT5_1$1         -1.986      0.070    -28.341      0.000
    GRIT5_1$2         -0.427      0.042    -10.139      0.000
    GRIT5_1$3          0.236      0.041      5.714      0.000
    GRIT5_1$4          1.494      0.055     27.136      0.000
    GRIT6_1$1         -1.953      0.067    -28.989      0.000
    GRIT6_1$2         -0.901      0.043    -21.066      0.000
    GRIT6_1$3          0.018      0.038      0.486      0.627
    GRIT6_1$4          1.618      0.057     28.506      0.000
    GRIT7_1$1         -1.014      0.046    -21.823      0.000
    GRIT7_1$2          0.610      0.043     14.282      0.000
    GRIT7_1$3          1.261      0.051     24.863      0.000
    GRIT7_1$4          2.339      0.087     26.858      0.000
    GRIT8_1$1         -2.641      0.128    -20.589      0.000
    GRIT8_1$2         -0.486      0.059     -8.182      0.000
    GRIT8_1$3          0.540      0.060      8.952      0.000
    GRIT8_1$4          2.529      0.121     20.872      0.000

 Variances
    GRIT_1             1.000      0.000    999.000    999.000

 Residual Variances
    GRIT1_1            1.000      0.000    999.000    999.000
    GRIT5_1            1.000      0.000    999.000    999.000
    GRIT6_1            1.000      0.000    999.000    999.000
    GRIT7_1            1.000      0.000    999.000    999.000
    GRIT8_1            1.000      0.000    999.000    999.000

Group OLDER

 GRIT_1   BY
    GRIT1_1            0.245      0.025      9.942      0.000
    GRIT5_1            0.688      0.034     20.262      0.000
    GRIT6_1            0.494      0.028     17.432      0.000
    GRIT7_1            0.647      0.033     19.625      0.000
    GRIT8_1            1.328      0.086     15.447      0.000

 GRIT1_1  WITH
    GRIT6_1            0.367      0.026     14.289      0.000
    GRIT7_1            0.072      0.028      2.533      0.011

 Means
    GRIT_1             0.000      0.000    999.000    999.000

 Thresholds
    GRIT1_1$1         -1.271      0.046    -27.606      0.000
    GRIT1_1$2         -0.426      0.036    -11.938      0.000
    GRIT1_1$3          0.301      0.035      8.590      0.000
    GRIT1_1$4          1.690      0.058     29.084      0.000
    GRIT5_1$1         -1.869      0.066    -28.458      0.000
    GRIT5_1$2         -0.407      0.042     -9.759      0.000
    GRIT5_1$3          0.334      0.041      8.120      0.000
    GRIT5_1$4          1.493      0.055     27.266      0.000
    GRIT6_1$1         -2.091      0.074    -28.125      0.000
    GRIT6_1$2         -0.953      0.043    -22.075      0.000
    GRIT6_1$3          0.003      0.037      0.080      0.936
    GRIT6_1$4          1.555      0.054     28.688      0.000
    GRIT7_1$1         -1.131      0.047    -23.850      0.000
    GRIT7_1$2          0.566      0.042     13.526      0.000
    GRIT7_1$3          1.222      0.049     24.867      0.000
    GRIT7_1$4          2.181      0.077     28.446      0.000
    GRIT8_1$1         -2.707      0.133    -20.376      0.000
    GRIT8_1$2         -0.437      0.058     -7.505      0.000
    GRIT8_1$3          0.467      0.058      8.005      0.000
    GRIT8_1$4          2.360      0.110     21.471      0.000

 Variances
    GRIT_1             0.974      0.090     10.866      0.000

 Residual Variances
    GRIT1_1            1.000      0.000    999.000    999.000
    GRIT5_1            1.000      0.000    999.000    999.000
    GRIT6_1            1.000      0.000    999.000    999.000
    GRIT7_1            1.000      0.000    999.000    999.000
    GRIT8_1            1.000      0.000    999.000    999.000


STANDARDIZED MODEL RESULTS


STDYX Standardization

                                                    Two-Tailed
                    Estimate       S.E.  Est./S.E.    P-Value

Group YOUNGER

 GRIT_1   BY
    GRIT1_1            0.238      0.023     10.537      0.000
    GRIT5_1            0.567      0.019     29.863      0.000
    GRIT6_1            0.443      0.020     21.692      0.000
    GRIT7_1            0.543      0.020     27.834      0.000
    GRIT8_1            0.799      0.019     42.675      0.000

 GRIT1_1  WITH
    GRIT6_1            0.274      0.025     11.049      0.000
    GRIT7_1            0.045      0.029      1.526      0.127

 Means
    GRIT_1             0.000      0.000    999.000    999.000

 Thresholds
    GRIT1_1$1         -1.275      0.046    -27.736      0.000
    GRIT1_1$2         -0.371      0.035    -10.712      0.000
    GRIT1_1$3          0.302      0.034      8.781      0.000
    GRIT1_1$4          1.672      0.058     28.800      0.000
    GRIT5_1$1         -1.636      0.057    -28.868      0.000
    GRIT5_1$2         -0.352      0.035    -10.175      0.000
    GRIT5_1$3          0.195      0.034      5.716      0.000
    GRIT5_1$4          1.231      0.045     27.362      0.000
    GRIT6_1$1         -1.750      0.061    -28.540      0.000
    GRIT6_1$2         -0.808      0.038    -21.178      0.000
    GRIT6_1$3          0.016      0.034      0.486      0.627
    GRIT6_1$4          1.450      0.051     28.713      0.000
    GRIT7_1$1         -0.851      0.039    -22.021      0.000
    GRIT7_1$2          0.512      0.035     14.441      0.000
    GRIT7_1$3          1.059      0.042     25.399      0.000
    GRIT7_1$4          1.964      0.072     27.160      0.000
    GRIT8_1$1         -1.589      0.055    -28.912      0.000
    GRIT8_1$2         -0.292      0.034     -8.513      0.000
    GRIT8_1$3          0.325      0.034      9.426      0.000
    GRIT8_1$4          1.522      0.053     28.878      0.000

 Variances
    GRIT_1             1.000      0.000    999.000    999.000

 Residual Variances
    GRIT1_1            0.944      0.011     88.104      0.000
    GRIT5_1            0.678      0.022     31.511      0.000
    GRIT6_1            0.804      0.018     44.382      0.000
    GRIT7_1            0.705      0.021     33.272      0.000
    GRIT8_1            0.362      0.030     12.105      0.000

Group OLDER

 GRIT_1   BY
    GRIT1_1            0.235      0.023     10.393      0.000
    GRIT5_1            0.562      0.019     29.626      0.000
    GRIT6_1            0.438      0.020     21.694      0.000
    GRIT7_1            0.538      0.019     28.167      0.000
    GRIT8_1            0.795      0.019     41.633      0.000

 GRIT1_1  WITH
    GRIT6_1            0.367      0.026     14.289      0.000
    GRIT7_1            0.072      0.028      2.533      0.011

 Means
    GRIT_1             0.000      0.000    999.000    999.000

 Thresholds
    GRIT1_1$1         -1.235      0.045    -27.590      0.000
    GRIT1_1$2         -0.414      0.035    -11.940      0.000
    GRIT1_1$3          0.293      0.034      8.588      0.000
    GRIT1_1$4          1.643      0.057     29.057      0.000
    GRIT5_1$1         -1.546      0.053    -29.101      0.000
    GRIT5_1$2         -0.336      0.034     -9.814      0.000
    GRIT5_1$3          0.276      0.034      8.108      0.000
    GRIT5_1$4          1.235      0.045     27.588      0.000
    GRIT6_1$1         -1.879      0.067    -28.019      0.000
    GRIT6_1$2         -0.856      0.038    -22.260      0.000
    GRIT6_1$3          0.003      0.034      0.080      0.936
    GRIT6_1$4          1.398      0.049     28.703      0.000
    GRIT7_1$1         -0.954      0.040    -23.984      0.000
    GRIT7_1$2          0.477      0.035     13.634      0.000
    GRIT7_1$3          1.030      0.041     25.170      0.000
    GRIT7_1$4          1.838      0.065     28.280      0.000
    GRIT8_1$1         -1.642      0.057    -29.052      0.000
    GRIT8_1$2         -0.265      0.034     -7.788      0.000
    GRIT8_1$3          0.284      0.034      8.322      0.000
    GRIT8_1$4          1.432      0.050     28.847      0.000

 Variances
    GRIT_1             1.000      0.000    999.000    999.000

 Residual Variances
    GRIT1_1            0.945      0.011     89.213      0.000
    GRIT5_1            0.684      0.021     32.092      0.000
    GRIT6_1            0.808      0.018     45.566      0.000
    GRIT7_1            0.711      0.021     34.565      0.000
    GRIT8_1            0.368      0.030     12.124      0.000


R-SQUARE

Group YOUNGER

    Observed                                        Two-Tailed     Scale
    Variable        Estimate       S.E.  Est./S.E.    P-Value     Factors

    GRIT1_1            0.056      0.011      5.268      0.000      0.971
    GRIT5_1            0.322      0.022     14.932      0.000      0.824
    GRIT6_1            0.196      0.018     10.846      0.000      0.896
    GRIT7_1            0.295      0.021     13.917      0.000      0.840
    GRIT8_1            0.638      0.030     21.338      0.000      0.602

Group OLDER

    Observed                                        Two-Tailed     Scale
    Variable        Estimate       S.E.  Est./S.E.    P-Value     Factors

    GRIT1_1            0.055      0.011      5.196      0.000      0.972
    GRIT5_1            0.316      0.021     14.813      0.000      0.827
    GRIT6_1            0.192      0.018     10.847      0.000      0.899
    GRIT7_1            0.289      0.021     14.083      0.000      0.843
    GRIT8_1            0.632      0.030     20.817      0.000      0.607


QUALITY OF NUMERICAL RESULTS

     Condition Number for the Information Matrix              0.415E-02
       (ratio of smallest to largest eigenvalue)


MODEL MODIFICATION INDICES

Minimum M.I. value for printing the modification index    10.000

                                   M.I.     E.P.C.  Std E.P.C.  StdYX E.P.C.
Group YOUNGER


ON/BY Statements

GRIT1_1  ON GRIT_1   /
GRIT_1   BY GRIT1_1               11.477    -0.059     -0.059       -0.058

ON Statements

GRIT1_1  ON GRIT5_1               16.749    -0.099     -0.099       -0.117
GRIT1_1  ON GRIT6_1               11.427    -0.295     -0.295       -0.320
GRIT1_1  ON GRIT7_1               11.513    -0.199     -0.199       -0.230
GRIT6_1  ON GRIT5_1               15.356     0.103      0.103        0.112

WITH Statements

GRIT1_1  WITH GRIT_1              11.477    -0.126     -0.126       -0.126
GRIT5_1  WITH GRIT1_1             12.488    -0.117     -0.117       -0.117
GRIT6_1  WITH GRIT5_1             13.098     0.120      0.120        0.120

Variances/Residual Variances

GRIT1_1                           11.496     1.035      1.035        0.977

Group OLDER


ON/BY Statements

GRIT1_1  ON GRIT_1   /
GRIT_1   BY GRIT1_1               11.468     0.067      0.066        0.064

ON Statements

GRIT1_1  ON GRIT6_1               11.450     0.312      0.312        0.338
GRIT1_1  ON GRIT7_1               11.492     0.201      0.201        0.232
GRIT1_1  ON GRIT8_1               15.434     0.074      0.074        0.119
GRIT8_1  ON GRIT1_1               14.339     0.176      0.176        0.110

WITH Statements

GRIT1_1  WITH GRIT_1              11.468     0.123      0.125        0.125
GRIT8_1  WITH GRIT1_1             17.303     0.198      0.198        0.198

Variances/Residual Variances

GRIT1_1                           11.364    -1.029     -1.029       -0.973



SAVEDATA INFORMATION


  Difference testing

  Save file
    grit1_student_age_inv_metric.dat
  Save format      Free

     Beginning Time:  22:07:54
        Ending Time:  22:07:54
       Elapsed Time:  00:00:00



MUTHEN & MUTHEN
3463 Stoner Ave.
Los Angeles, CA  90066

Tel: (310) 391-9971
Fax: (310) 391-8971
Web: www.StatModel.com
Support: Support@StatModel.com

Copyright (c) 1998-2019 Muthen & Muthen
