Mplus VERSION 8.4 (Mac)
MUTHEN & MUTHEN
10/28/2023  10:07 PM

INPUT INSTRUCTIONS

  Title: Student Grit Treatment Measurement Invariance Configural Model;

  Data:
     File is ../dat_stu_1.txt;

  Variable:
     Names are studentid index treatment girl age_w child_grade in_ukr
     guardian_living guardian_region
     grit1_1 grit2_1 grit3_1 grit4_1 grit5_1 grit6_1 grit7_1 grit8_1
     loc1_1 loc2_1 loc3_1 loc4_1
     dass1_1 dass2_1 dass3_1 dass4_1 dass5_1 dass6_1 dass7_1 dass8_1
     dass9_1 dass10_1 dass11_1 dass12_1 dass13_1 dass14_1
     sleep1_1 sleep2_1 sleep3_1 sleep4_1 sleep5_1 sleep6_1 sleep7_1
     edugoals_1 half;
     Missing are . ;

    Usevariable are
  	grit1_1 grit5_1 grit6_1 grit7_1 grit8_1;

    Categorical is
  	grit1_1 grit5_1 grit6_1 grit7_1 grit8_1;

    Idvariable is studentid;

    Group is treatment (1 = Treated 0 = Control);

  Analysis:
     Estimator = wlsmv;
     Parameterization = theta;


  !!! Model for Control Group !!!

  Model:
    ! Factor loadings all freely estimated
    grit_1 by
      grit1_1* grit5_1* grit6_1* grit7_1* grit8_1* (L1-L5);

    grit1_1 with grit6_1; !worded positively
    grit1_1 with grit7_1; !both about schoolwork

    !estimating thresholds freely
    [grit1_1$1* grit5_1$1* grit6_1$1* grit7_1$1* grit8_1$1*] (T1_1 T5_1 T6_1 T7_1 T8_1);
    [grit1_1$2* grit5_1$2* grit6_1$2* grit7_1$2* grit8_1$2*] (T1_2 T5_2 T6_2 T7_2 T8_2);
    [grit1_1$3* grit5_1$3* grit6_1$3* grit7_1$3* grit8_1$3*] (T1_3 T5_3 T6_3 T7_3 T8_3);
    [grit1_1$4* grit5_1$4* grit6_1$4* grit7_1$4* grit8_1$4*] (T1_4 T5_4 T6_4 T7_4 T8_4);

    !constraining item residual variance to 1 for identification
    grit1_1@1;
    grit5_1@1;
    grit6_1@1;
    grit7_1@1;
    grit8_1@1;

    !fixing latent mean to zero for identification
    [grit_1@0];

    !fixing latent variance to one for identification
    grit_1@1;

  !!! Model for Treatment Group !!!

  Model Treated:
    ! Factor loadings all freely estimated
    grit_1 by
      grit1_1* grit5_1* grit6_1* grit7_1* grit8_1*;

    grit1_1 with grit6_1; !worded positively
    grit1_1 with grit7_1; !both about schoolwork

    !estimating thresholds freely
    [grit1_1$1* grit5_1$1* grit6_1$1* grit7_1$1* grit8_1$1*];
    [grit1_1$2* grit5_1$2* grit6_1$2* grit7_1$2* grit8_1$2*];
    [grit1_1$3* grit5_1$3* grit6_1$3* grit7_1$3* grit8_1$3*];
    [grit1_1$4* grit5_1$4* grit6_1$4* grit7_1$4* grit8_1$4*];

    !constraining item residual variance to 1 for identification
    grit1_1@1;
    grit5_1@1;
    grit6_1@1;
    grit7_1@1;
    grit8_1@1;

    !fixing latent mean to zero for identification
    [grit_1@0];

    !fixing latent variance to one for identification
    grit_1@1;

  Output: sampstat stdyx modindices(all);
  Savedata: Difftest is grit1_student_tx_inv_config.dat;



INPUT READING TERMINATED NORMALLY



Student Grit Treatment Measurement Invariance Configural Model;

SUMMARY OF ANALYSIS

Number of groups                                                 2
Number of observations
   Group CONTROL                                              1388
   Group TREATED                                              1379
   Total sample size                                          2767

Number of dependent variables                                    5
Number of independent variables                                  0
Number of continuous latent variables                            1

Observed dependent variables

  Binary and ordered categorical (ordinal)
   GRIT1_1     GRIT5_1     GRIT6_1     GRIT7_1     GRIT8_1

Continuous latent variables
   GRIT_1

Variables with special functions

  Grouping variable     TREATMEN
  ID variable           STUDENTI

Estimator                                                    WLSMV
Maximum number of iterations                                  1000
Convergence criterion                                    0.500D-04
Maximum number of steepest descent iterations                   20
Maximum number of iterations for H1                           2000
Convergence criterion for H1                             0.100D-03
Parameterization                                             THETA
Link                                                        PROBIT

Input data file(s)
  ../dat_stu_1.txt

Input data format  FREE


SUMMARY OF DATA

   Group CONTROL
     Number of missing data patterns             1

   Group TREATED
     Number of missing data patterns             1


COVARIANCE COVERAGE OF DATA

Minimum covariance coverage value   0.100


     PROPORTION OF DATA PRESENT FOR CONTROL


           Covariance Coverage
              GRIT1_1       GRIT5_1       GRIT6_1       GRIT7_1       GRIT8_1
              ________      ________      ________      ________      ________
 GRIT1_1        1.000
 GRIT5_1        1.000         1.000
 GRIT6_1        1.000         1.000         1.000
 GRIT7_1        1.000         1.000         1.000         1.000
 GRIT8_1        1.000         1.000         1.000         1.000         1.000


     PROPORTION OF DATA PRESENT FOR TREATED


           Covariance Coverage
              GRIT1_1       GRIT5_1       GRIT6_1       GRIT7_1       GRIT8_1
              ________      ________      ________      ________      ________
 GRIT1_1        1.000
 GRIT5_1        1.000         1.000
 GRIT6_1        1.000         1.000         1.000
 GRIT7_1        1.000         1.000         1.000         1.000
 GRIT8_1        1.000         1.000         1.000         1.000         1.000


UNIVARIATE PROPORTIONS AND COUNTS FOR CATEGORICAL VARIABLES

  Group CONTROL
    GRIT1_1
      Category 1    0.102          141.000
      Category 2    0.236          327.000
      Category 3    0.276          383.000
      Category 4    0.344          477.000
      Category 5    0.043           60.000
    GRIT5_1
      Category 1    0.060           83.000
      Category 2    0.303          421.000
      Category 3    0.225          312.000
      Category 4    0.303          421.000
      Category 5    0.109          151.000
    GRIT6_1
      Category 1    0.035           48.000
      Category 2    0.166          230.000
      Category 3    0.303          421.000
      Category 4    0.427          592.000
      Category 5    0.070           97.000
    GRIT7_1
      Category 1    0.182          253.000
      Category 2    0.497          690.000
      Category 3    0.169          234.000
      Category 4    0.129          179.000
      Category 5    0.023           32.000
    GRIT8_1
      Category 1    0.050           70.000
      Category 2    0.334          464.000
      Category 3    0.236          328.000
      Category 4    0.318          442.000
      Category 5    0.061           84.000

  Group TREATED
    GRIT1_1
      Category 1    0.108          149.000
      Category 2    0.249          344.000
      Category 3    0.263          363.000
      Category 4    0.325          448.000
      Category 5    0.054           75.000
    GRIT5_1
      Category 1    0.052           72.000
      Category 2    0.315          435.000
      Category 3    0.231          318.000
      Category 4    0.293          404.000
      Category 5    0.109          150.000
    GRIT6_1
      Category 1    0.036           49.000
      Category 2    0.170          234.000
      Category 3    0.299          412.000
      Category 4    0.411          567.000
      Category 5    0.085          117.000
    GRIT7_1
      Category 1    0.185          255.000
      Category 2    0.515          710.000
      Category 3    0.156          215.000
      Category 4    0.109          151.000
      Category 5    0.035           48.000
    GRIT8_1
      Category 1    0.056           77.000
      Category 2    0.340          469.000
      Category 3    0.222          306.000
      Category 4    0.302          417.000
      Category 5    0.080          110.000


SAMPLE STATISTICS


     ESTIMATED SAMPLE STATISTICS FOR CONTROL


           MEANS/INTERCEPTS/THRESHOLDS
              GRIT1_1$      GRIT1_1$      GRIT1_1$      GRIT1_1$      GRIT5_1$
              ________      ________      ________      ________      ________
               -1.273        -0.420         0.287         1.714        -1.556


           MEANS/INTERCEPTS/THRESHOLDS
              GRIT5_1$      GRIT5_1$      GRIT5_1$      GRIT6_1$      GRIT6_1$
              ________      ________      ________      ________      ________
               -0.350         0.222         1.233        -1.817        -0.841


           MEANS/INTERCEPTS/THRESHOLDS
              GRIT6_1$      GRIT6_1$      GRIT7_1$      GRIT7_1$      GRIT7_1$
              ________      ________      ________      ________      ________
                0.009         1.477        -0.907         0.466         1.028


           MEANS/INTERCEPTS/THRESHOLDS
              GRIT7_1$      GRIT8_1$      GRIT8_1$      GRIT8_1$      GRIT8_1$
              ________      ________      ________      ________      ________
                1.994        -1.641        -0.293         0.308         1.550


           CORRELATION MATRIX (WITH VARIANCES ON THE DIAGONAL)
              GRIT1_1       GRIT5_1       GRIT6_1       GRIT7_1       GRIT8_1
              ________      ________      ________      ________      ________
 GRIT1_1
 GRIT5_1        0.101
 GRIT6_1        0.392         0.296
 GRIT7_1        0.223         0.312         0.222
 GRIT8_1        0.194         0.429         0.355         0.404


     ESTIMATED SAMPLE STATISTICS FOR TREATED


           MEANS/INTERCEPTS/THRESHOLDS
              GRIT1_1$      GRIT1_1$      GRIT1_1$      GRIT1_1$      GRIT5_1$
              ________      ________      ________      ________      ________
               -1.237        -0.365         0.307         1.604        -1.624


           MEANS/INTERCEPTS/THRESHOLDS
              GRIT5_1$      GRIT5_1$      GRIT5_1$      GRIT6_1$      GRIT6_1$
              ________      ________      ________      ________      ________
               -0.338         0.249         1.233        -1.805        -0.823


           MEANS/INTERCEPTS/THRESHOLDS
              GRIT6_1$      GRIT6_1$      GRIT7_1$      GRIT7_1$      GRIT7_1$
              ________      ________      ________      ________      ________
                0.010         1.373        -0.897         0.524         1.061


           MEANS/INTERCEPTS/THRESHOLDS
              GRIT7_1$      GRIT8_1$      GRIT8_1$      GRIT8_1$      GRIT8_1$
              ________      ________      ________      ________      ________
                1.814        -1.591        -0.264         0.300         1.407


           CORRELATION MATRIX (WITH VARIANCES ON THE DIAGONAL)
              GRIT1_1       GRIT5_1       GRIT6_1       GRIT7_1       GRIT8_1
              ________      ________      ________      ________      ________
 GRIT1_1
 GRIT5_1        0.073
 GRIT6_1        0.375         0.251
 GRIT7_1        0.129         0.332         0.189
 GRIT8_1        0.239         0.445         0.353         0.461


THE MODEL ESTIMATION TERMINATED NORMALLY



MODEL FIT INFORMATION

Number of Free Parameters                       54

Chi-Square Test of Model Fit

          Value                             33.639*
          Degrees of Freedom                     6
          P-Value                           0.0000

Chi-Square Contribution From Each Group

          CONTROL                            8.645
          TREATED                           24.994

*   The chi-square value for MLM, MLMV, MLR, ULSMV, WLSM and WLSMV cannot be used
    for chi-square difference testing in the regular way.  MLM, MLR and WLSM
    chi-square difference testing is described on the Mplus website.  MLMV, WLSMV,
    and ULSMV difference testing is done using the DIFFTEST option.

RMSEA (Root Mean Square Error Of Approximation)

          Estimate                           0.058
          90 Percent C.I.                    0.040  0.077
          Probability RMSEA <= .05           0.225

CFI/TLI

          CFI                                0.991
          TLI                                0.971

Chi-Square Test of Model Fit for the Baseline Model

          Value                           3152.932
          Degrees of Freedom                    20
          P-Value                           0.0000

SRMR (Standardized Root Mean Square Residual)

          Value                              0.012

Optimum Function Value for Weighted Least-Squares Estimator

          Value                     0.32443439D-02



MODEL RESULTS

                                                    Two-Tailed
                    Estimate       S.E.  Est./S.E.    P-Value

Group CONTROL

 GRIT_1   BY
    GRIT1_1            0.234      0.034      6.822      0.000
    GRIT5_1            0.712      0.045     15.681      0.000
    GRIT6_1            0.535      0.038     14.118      0.000
    GRIT7_1            0.617      0.040     15.512      0.000
    GRIT8_1            1.156      0.088     13.141      0.000

 GRIT1_1  WITH
    GRIT6_1            0.332      0.026     12.768      0.000
    GRIT7_1            0.124      0.028      4.513      0.000

 Means
    GRIT_1             0.000      0.000    999.000    999.000

 Thresholds
    GRIT1_1$1         -1.307      0.047    -27.681      0.000
    GRIT1_1$2         -0.431      0.036    -12.072      0.000
    GRIT1_1$3          0.295      0.035      8.406      0.000
    GRIT1_1$4          1.760      0.062     28.600      0.000
    GRIT5_1$1         -1.911      0.071    -26.919      0.000
    GRIT5_1$2         -0.430      0.043    -10.054      0.000
    GRIT5_1$3          0.273      0.042      6.527      0.000
    GRIT5_1$4          1.514      0.058     26.321      0.000
    GRIT6_1$1         -2.061      0.074    -27.987      0.000
    GRIT6_1$2         -0.953      0.045    -21.381      0.000
    GRIT6_1$3          0.010      0.038      0.268      0.788
    GRIT6_1$4          1.675      0.059     28.315      0.000
    GRIT7_1$1         -1.065      0.047    -22.812      0.000
    GRIT7_1$2          0.547      0.042     13.067      0.000
    GRIT7_1$3          1.207      0.050     24.270      0.000
    GRIT7_1$4          2.342      0.087     26.843      0.000
    GRIT8_1$1         -2.508      0.127    -19.693      0.000
    GRIT8_1$2         -0.448      0.055     -8.209      0.000
    GRIT8_1$3          0.471      0.055      8.559      0.000
    GRIT8_1$4          2.370      0.114     20.808      0.000

 Variances
    GRIT_1             1.000      0.000    999.000    999.000

 Residual Variances
    GRIT1_1            1.000      0.000    999.000    999.000
    GRIT5_1            1.000      0.000    999.000    999.000
    GRIT6_1            1.000      0.000    999.000    999.000
    GRIT7_1            1.000      0.000    999.000    999.000
    GRIT8_1            1.000      0.000    999.000    999.000

Group TREATED

 GRIT_1   BY
    GRIT1_1            0.249      0.033      7.516      0.000
    GRIT5_1            0.654      0.040     16.314      0.000
    GRIT6_1            0.454      0.035     12.914      0.000
    GRIT7_1            0.661      0.042     15.797      0.000
    GRIT8_1            1.545      0.163      9.467      0.000

 GRIT1_1  WITH
    GRIT6_1            0.311      0.025     12.623      0.000
    GRIT7_1           -0.005      0.028     -0.188      0.851

 Means
    GRIT_1             0.000      0.000    999.000    999.000

 Thresholds
    GRIT1_1$1         -1.275      0.047    -27.298      0.000
    GRIT1_1$2         -0.376      0.036    -10.551      0.000
    GRIT1_1$3          0.317      0.035      8.949      0.000
    GRIT1_1$4          1.653      0.057     28.827      0.000
    GRIT5_1$1         -1.940      0.069    -28.035      0.000
    GRIT5_1$2         -0.404      0.041     -9.756      0.000
    GRIT5_1$3          0.297      0.041      7.283      0.000
    GRIT5_1$4          1.473      0.056     26.365      0.000
    GRIT6_1$1         -1.983      0.070    -28.373      0.000
    GRIT6_1$2         -0.904      0.043    -21.249      0.000
    GRIT6_1$3          0.011      0.037      0.296      0.767
    GRIT6_1$4          1.509      0.054     27.990      0.000
    GRIT7_1$1         -1.075      0.048    -22.286      0.000
    GRIT7_1$2          0.628      0.043     14.460      0.000
    GRIT7_1$3          1.272      0.052     24.343      0.000
    GRIT7_1$4          2.176      0.078     27.732      0.000
    GRIT8_1$1         -2.928      0.224    -13.098      0.000
    GRIT8_1$2         -0.486      0.072     -6.764      0.000
    GRIT8_1$3          0.552      0.074      7.494      0.000
    GRIT8_1$4          2.589      0.191     13.586      0.000

 Variances
    GRIT_1             1.000      0.000    999.000    999.000

 Residual Variances
    GRIT1_1            1.000      0.000    999.000    999.000
    GRIT5_1            1.000      0.000    999.000    999.000
    GRIT6_1            1.000      0.000    999.000    999.000
    GRIT7_1            1.000      0.000    999.000    999.000
    GRIT8_1            1.000      0.000    999.000    999.000


STANDARDIZED MODEL RESULTS


STDYX Standardization

                                                    Two-Tailed
                    Estimate       S.E.  Est./S.E.    P-Value

Group CONTROL

 GRIT_1   BY
    GRIT1_1            0.228      0.032      7.195      0.000
    GRIT5_1            0.580      0.025     23.629      0.000
    GRIT6_1            0.472      0.026     18.163      0.000
    GRIT7_1            0.525      0.025     21.410      0.000
    GRIT8_1            0.756      0.025     30.706      0.000

 GRIT1_1  WITH
    GRIT6_1            0.332      0.026     12.768      0.000
    GRIT7_1            0.124      0.028      4.513      0.000

 Means
    GRIT_1             0.000      0.000    999.000    999.000

 Thresholds
    GRIT1_1$1         -1.272      0.046    -27.858      0.000
    GRIT1_1$2         -0.420      0.035    -12.090      0.000
    GRIT1_1$3          0.287      0.034      8.414      0.000
    GRIT1_1$4          1.714      0.059     28.814      0.000
    GRIT5_1$1         -1.557      0.054    -29.057      0.000
    GRIT5_1$2         -0.350      0.034    -10.178      0.000
    GRIT5_1$3          0.222      0.034      6.544      0.000
    GRIT5_1$4          1.233      0.045     27.521      0.000
    GRIT6_1$1         -1.817      0.064    -28.349      0.000
    GRIT6_1$2         -0.841      0.038    -21.926      0.000
    GRIT6_1$3          0.009      0.034      0.268      0.788
    GRIT6_1$4          1.477      0.051     28.935      0.000
    GRIT7_1$1         -0.907      0.039    -23.141      0.000
    GRIT7_1$2          0.466      0.035     13.313      0.000
    GRIT7_1$3          1.028      0.041     25.089      0.000
    GRIT7_1$4          1.994      0.074     27.025      0.000
    GRIT8_1$1         -1.641      0.057    -29.006      0.000
    GRIT8_1$2         -0.293      0.034     -8.580      0.000
    GRIT8_1$3          0.308      0.034      9.007      0.000
    GRIT8_1$4          1.550      0.053     29.050      0.000

 Variances
    GRIT_1             1.000      0.000    999.000    999.000

 Residual Variances
    GRIT1_1            0.948      0.014     65.748      0.000
    GRIT5_1            0.664      0.028     23.311      0.000
    GRIT6_1            0.777      0.025     31.700      0.000
    GRIT7_1            0.725      0.026     28.157      0.000
    GRIT8_1            0.428      0.037     11.487      0.000

Group TREATED

 GRIT_1   BY
    GRIT1_1            0.242      0.030      7.982      0.000
    GRIT5_1            0.547      0.023     23.293      0.000
    GRIT6_1            0.414      0.027     15.581      0.000
    GRIT7_1            0.552      0.024     22.708      0.000
    GRIT8_1            0.840      0.026     32.074      0.000

 GRIT1_1  WITH
    GRIT6_1            0.311      0.025     12.623      0.000
    GRIT7_1           -0.005      0.028     -0.188      0.851

 Means
    GRIT_1             0.000      0.000    999.000    999.000

 Thresholds
    GRIT1_1$1         -1.237      0.045    -27.466      0.000
    GRIT1_1$2         -0.365      0.035    -10.559      0.000
    GRIT1_1$3          0.307      0.034      8.953      0.000
    GRIT1_1$4          1.604      0.055     28.961      0.000
    GRIT5_1$1         -1.624      0.056    -28.933      0.000
    GRIT5_1$2         -0.338      0.034     -9.810      0.000
    GRIT5_1$3          0.249      0.034      7.290      0.000
    GRIT5_1$4          1.233      0.045     27.430      0.000
    GRIT6_1$1         -1.805      0.064    -28.332      0.000
    GRIT6_1$2         -0.823      0.038    -21.519      0.000
    GRIT6_1$3          0.010      0.034      0.296      0.767
    GRIT6_1$4          1.373      0.048     28.441      0.000
    GRIT7_1$1         -0.897      0.039    -22.891      0.000
    GRIT7_1$2          0.524      0.035     14.760      0.000
    GRIT7_1$3          1.061      0.042     25.477      0.000
    GRIT7_1$4          1.815      0.064     28.282      0.000
    GRIT8_1$1         -1.591      0.055    -28.962      0.000
    GRIT8_1$2         -0.264      0.034     -7.720      0.000
    GRIT8_1$3          0.300      0.034      8.739      0.000
    GRIT8_1$4          1.407      0.049     28.598      0.000

 Variances
    GRIT_1             1.000      0.000    999.000    999.000

 Residual Variances
    GRIT1_1            0.942      0.015     64.408      0.000
    GRIT5_1            0.700      0.026     27.226      0.000
    GRIT6_1            0.829      0.022     37.717      0.000
    GRIT7_1            0.696      0.027     25.951      0.000
    GRIT8_1            0.295      0.044      6.716      0.000


R-SQUARE

Group CONTROL

    Observed                                        Two-Tailed     Scale
    Variable        Estimate       S.E.  Est./S.E.    P-Value     Factors

    GRIT1_1            0.052      0.014      3.598      0.000      0.974
    GRIT5_1            0.336      0.028     11.815      0.000      0.815
    GRIT6_1            0.223      0.025      9.081      0.000      0.882
    GRIT7_1            0.275      0.026     10.705      0.000      0.851
    GRIT8_1            0.572      0.037     15.353      0.000      0.654

Group TREATED

    Observed                                        Two-Tailed     Scale
    Variable        Estimate       S.E.  Est./S.E.    P-Value     Factors

    GRIT1_1            0.058      0.015      3.991      0.000      0.970
    GRIT5_1            0.300      0.026     11.647      0.000      0.837
    GRIT6_1            0.171      0.022      7.791      0.000      0.910
    GRIT7_1            0.304      0.027     11.354      0.000      0.834
    GRIT8_1            0.705      0.044     16.037      0.000      0.543


QUALITY OF NUMERICAL RESULTS

     Condition Number for the Information Matrix              0.326E-02
       (ratio of smallest to largest eigenvalue)


MODEL MODIFICATION INDICES

Minimum M.I. value for printing the modification index    10.000

                                   M.I.     E.P.C.  Std E.P.C.  StdYX E.P.C.
Group CONTROL


ON Statements

GRIT1_1  ON GRIT1_1              999.000     0.000      0.000        0.000

Group TREATED


ON Statements

GRIT1_1  ON GRIT5_1               16.342    -0.118     -0.118       -0.137
GRIT1_1  ON GRIT8_1               16.247     0.279      0.279        0.498
GRIT5_1  ON GRIT1_1               12.127    -0.102     -0.102       -0.088
GRIT6_1  ON GRIT1_1               14.728    22.401     22.401       21.016
GRIT8_1  ON GRIT1_1               19.183     0.309      0.309        0.173

WITH Statements

GRIT5_1  WITH GRIT1_1             16.336    -0.118     -0.118       -0.118
GRIT8_1  WITH GRIT1_1             16.278     0.279      0.279        0.279



SAVEDATA INFORMATION


  Difference testing

  Save file
    grit1_student_tx_inv_config.dat
  Save format      Free

     Beginning Time:  22:07:32
        Ending Time:  22:07:32
       Elapsed Time:  00:00:00



MUTHEN & MUTHEN
3463 Stoner Ave.
Los Angeles, CA  90066

Tel: (310) 391-9971
Fax: (310) 391-8971
Web: www.StatModel.com
Support: Support@StatModel.com

Copyright (c) 1998-2019 Muthen & Muthen
