Mplus VERSION 8.4 (Mac)
MUTHEN & MUTHEN
10/28/2023  10:07 PM

INPUT INSTRUCTIONS

  Title: Student Grit Treatment Measurement Invariance Scalar Model;

  Data:
     File is ../dat_stu_1.txt;

  Variable:
     Names are studentid index treatment girl age_w child_grade in_ukr
     guardian_living guardian_region
     grit1_1 grit2_1 grit3_1 grit4_1 grit5_1 grit6_1 grit7_1 grit8_1
     loc1_1 loc2_1 loc3_1 loc4_1
     dass1_1 dass2_1 dass3_1 dass4_1 dass5_1 dass6_1 dass7_1 dass8_1
     dass9_1 dass10_1 dass11_1 dass12_1 dass13_1 dass14_1
     sleep1_1 sleep2_1 sleep3_1 sleep4_1 sleep5_1 sleep6_1 sleep7_1
     edugoals_1 half;
     Missing are . ;

    Usevariable are
  	grit1_1 grit5_1 grit6_1 grit7_1 grit8_1;

    Categorical is
  	grit1_1 grit5_1 grit6_1 grit7_1 grit8_1;

    Idvariable is studentid;

    Group is treatment (1 = Treated 0 = Control);

  Analysis:
     Estimator = wlsmv;
     Parameterization = theta;
     Difftest = grit1_student_tx_inv_metric.dat


  !!! Model for Control Group !!!

  Model:
  ! Factor loadings all freely estimated
    grit_1 by
      grit1_1* grit5_1* grit6_1* grit7_1* grit8_1* (L1-L5);

    grit1_1 with grit6_1; !worded positively
    grit1_1 with grit7_1; !both about schoolwork

    !estimating thresholds freely
    [grit1_1$1* grit5_1$1* grit6_1$1* grit7_1$1* grit8_1$1*] (T1_1 T5_1 T6_1 T7_1 T8_1);
    [grit1_1$2* grit5_1$2* grit6_1$2* grit7_1$2* grit8_1$2*] (T1_2 T5_2 T6_2 T7_2 T8_2);
    [grit1_1$3* grit5_1$3* grit6_1$3* grit7_1$3* grit8_1$3*] (T1_3 T5_3 T6_3 T7_3 T8_3);
    [grit1_1$4* grit5_1$4* grit6_1$4* grit7_1$4* grit8_1$4*] (T1_4 T5_4 T6_4 T7_4 T8_4);

    !constraining item residual variance to 1 for identification
    grit1_1@1;
    grit5_1@1;
    grit6_1@1;
    grit7_1@1;
    grit8_1@1;

    !fixing latent mean to zero for identification
    [grit_1@0];

    !fixing latent variance to one for identification
    grit_1@1;

  !!! Model for Treatment Group !!!

  Model Treated:
    ! Factor loadings constrained to *be equal to the control group*
    grit_1 by
      grit1_1* grit5_1* grit6_1* grit7_1* grit8_1* (L1-L5);

    grit1_1 with grit6_1; !worded positively
    grit1_1 with grit7_1; !both about schoolwork

    ! *thresholds held equal to the control group when left blank*

    ! constraining item residual variance to 1 for identification
    grit1_1@1;
    grit5_1@1;
    grit6_1@1;
    grit7_1@1;
    grit8_1@1;

    ! latent factor mean *estimated*
    [grit_1*];

    ! latent factor variance *estimated*
    grit_1*;

  Output: sampstat stdyx modindices(all);
  Savedata: Difftest is grit1_student_tx_inv_scalar.dat;



INPUT READING TERMINATED NORMALLY



Student Grit Treatment Measurement Invariance Scalar Model;

SUMMARY OF ANALYSIS

Number of groups                                                 2
Number of observations
   Group CONTROL                                              1388
   Group TREATED                                              1379
   Total sample size                                          2767

Number of dependent variables                                    5
Number of independent variables                                  0
Number of continuous latent variables                            1

Observed dependent variables

  Binary and ordered categorical (ordinal)
   GRIT1_1     GRIT5_1     GRIT6_1     GRIT7_1     GRIT8_1

Continuous latent variables
   GRIT_1

Variables with special functions

  Grouping variable     TREATMEN
  ID variable           STUDENTI

Estimator                                                    WLSMV
Maximum number of iterations                                  1000
Convergence criterion                                    0.500D-04
Maximum number of steepest descent iterations                   20
Maximum number of iterations for H1                           2000
Convergence criterion for H1                             0.100D-03
Parameterization                                             THETA
Link                                                        PROBIT

Input data file(s)
  ../dat_stu_1.txt

Input data format  FREE


SUMMARY OF DATA

   Group CONTROL
     Number of missing data patterns             1

   Group TREATED
     Number of missing data patterns             1


COVARIANCE COVERAGE OF DATA

Minimum covariance coverage value   0.100


     PROPORTION OF DATA PRESENT FOR CONTROL


           Covariance Coverage
              GRIT1_1       GRIT5_1       GRIT6_1       GRIT7_1       GRIT8_1
              ________      ________      ________      ________      ________
 GRIT1_1        1.000
 GRIT5_1        1.000         1.000
 GRIT6_1        1.000         1.000         1.000
 GRIT7_1        1.000         1.000         1.000         1.000
 GRIT8_1        1.000         1.000         1.000         1.000         1.000


     PROPORTION OF DATA PRESENT FOR TREATED


           Covariance Coverage
              GRIT1_1       GRIT5_1       GRIT6_1       GRIT7_1       GRIT8_1
              ________      ________      ________      ________      ________
 GRIT1_1        1.000
 GRIT5_1        1.000         1.000
 GRIT6_1        1.000         1.000         1.000
 GRIT7_1        1.000         1.000         1.000         1.000
 GRIT8_1        1.000         1.000         1.000         1.000         1.000


UNIVARIATE PROPORTIONS AND COUNTS FOR CATEGORICAL VARIABLES

  Group CONTROL
    GRIT1_1
      Category 1    0.102          141.000
      Category 2    0.236          327.000
      Category 3    0.276          383.000
      Category 4    0.344          477.000
      Category 5    0.043           60.000
    GRIT5_1
      Category 1    0.060           83.000
      Category 2    0.303          421.000
      Category 3    0.225          312.000
      Category 4    0.303          421.000
      Category 5    0.109          151.000
    GRIT6_1
      Category 1    0.035           48.000
      Category 2    0.166          230.000
      Category 3    0.303          421.000
      Category 4    0.427          592.000
      Category 5    0.070           97.000
    GRIT7_1
      Category 1    0.182          253.000
      Category 2    0.497          690.000
      Category 3    0.169          234.000
      Category 4    0.129          179.000
      Category 5    0.023           32.000
    GRIT8_1
      Category 1    0.050           70.000
      Category 2    0.334          464.000
      Category 3    0.236          328.000
      Category 4    0.318          442.000
      Category 5    0.061           84.000

  Group TREATED
    GRIT1_1
      Category 1    0.108          149.000
      Category 2    0.249          344.000
      Category 3    0.263          363.000
      Category 4    0.325          448.000
      Category 5    0.054           75.000
    GRIT5_1
      Category 1    0.052           72.000
      Category 2    0.315          435.000
      Category 3    0.231          318.000
      Category 4    0.293          404.000
      Category 5    0.109          150.000
    GRIT6_1
      Category 1    0.036           49.000
      Category 2    0.170          234.000
      Category 3    0.299          412.000
      Category 4    0.411          567.000
      Category 5    0.085          117.000
    GRIT7_1
      Category 1    0.185          255.000
      Category 2    0.515          710.000
      Category 3    0.156          215.000
      Category 4    0.109          151.000
      Category 5    0.035           48.000
    GRIT8_1
      Category 1    0.056           77.000
      Category 2    0.340          469.000
      Category 3    0.222          306.000
      Category 4    0.302          417.000
      Category 5    0.080          110.000


SAMPLE STATISTICS


     ESTIMATED SAMPLE STATISTICS FOR CONTROL


           MEANS/INTERCEPTS/THRESHOLDS
              GRIT1_1$      GRIT1_1$      GRIT1_1$      GRIT1_1$      GRIT5_1$
              ________      ________      ________      ________      ________
               -1.273        -0.420         0.287         1.714        -1.556


           MEANS/INTERCEPTS/THRESHOLDS
              GRIT5_1$      GRIT5_1$      GRIT5_1$      GRIT6_1$      GRIT6_1$
              ________      ________      ________      ________      ________
               -0.350         0.222         1.233        -1.817        -0.841


           MEANS/INTERCEPTS/THRESHOLDS
              GRIT6_1$      GRIT6_1$      GRIT7_1$      GRIT7_1$      GRIT7_1$
              ________      ________      ________      ________      ________
                0.009         1.477        -0.907         0.466         1.028


           MEANS/INTERCEPTS/THRESHOLDS
              GRIT7_1$      GRIT8_1$      GRIT8_1$      GRIT8_1$      GRIT8_1$
              ________      ________      ________      ________      ________
                1.994        -1.641        -0.293         0.308         1.550


           CORRELATION MATRIX (WITH VARIANCES ON THE DIAGONAL)
              GRIT1_1       GRIT5_1       GRIT6_1       GRIT7_1       GRIT8_1
              ________      ________      ________      ________      ________
 GRIT1_1
 GRIT5_1        0.101
 GRIT6_1        0.392         0.296
 GRIT7_1        0.223         0.312         0.222
 GRIT8_1        0.194         0.429         0.355         0.404


     ESTIMATED SAMPLE STATISTICS FOR TREATED


           MEANS/INTERCEPTS/THRESHOLDS
              GRIT1_1$      GRIT1_1$      GRIT1_1$      GRIT1_1$      GRIT5_1$
              ________      ________      ________      ________      ________
               -1.237        -0.365         0.307         1.604        -1.624


           MEANS/INTERCEPTS/THRESHOLDS
              GRIT5_1$      GRIT5_1$      GRIT5_1$      GRIT6_1$      GRIT6_1$
              ________      ________      ________      ________      ________
               -0.338         0.249         1.233        -1.805        -0.823


           MEANS/INTERCEPTS/THRESHOLDS
              GRIT6_1$      GRIT6_1$      GRIT7_1$      GRIT7_1$      GRIT7_1$
              ________      ________      ________      ________      ________
                0.010         1.373        -0.897         0.524         1.061


           MEANS/INTERCEPTS/THRESHOLDS
              GRIT7_1$      GRIT8_1$      GRIT8_1$      GRIT8_1$      GRIT8_1$
              ________      ________      ________      ________      ________
                1.814        -1.591        -0.264         0.300         1.407


           CORRELATION MATRIX (WITH VARIANCES ON THE DIAGONAL)
              GRIT1_1       GRIT5_1       GRIT6_1       GRIT7_1       GRIT8_1
              ________      ________      ________      ________      ________
 GRIT1_1
 GRIT5_1        0.073
 GRIT6_1        0.375         0.251
 GRIT7_1        0.129         0.332         0.189
 GRIT8_1        0.239         0.445         0.353         0.461


THE MODEL ESTIMATION TERMINATED NORMALLY



MODEL FIT INFORMATION

Number of Free Parameters                       31

Chi-Square Test of Model Fit

          Value                             48.443*
          Degrees of Freedom                    29
          P-Value                           0.0132

Chi-Square Contribution From Each Group

          CONTROL                           19.623
          TREATED                           28.820

Chi-Square Test for Difference Testing

          Value                             17.927*
          Degrees of Freedom                    19
          P-Value                           0.5273

*   The chi-square value for MLM, MLMV, MLR, ULSMV, WLSM and WLSMV cannot be used
    for chi-square difference testing in the regular way.  MLM, MLR and WLSM
    chi-square difference testing is described on the Mplus website.  MLMV, WLSMV,
    and ULSMV difference testing is done using the DIFFTEST option.  The DIFFTEST
    option assumes the models are nested.  The NESTED option can be used to verify
    that the models are nested.

RMSEA (Root Mean Square Error Of Approximation)

          Estimate                           0.022
          90 Percent C.I.                    0.010  0.033
          Probability RMSEA <= .05           1.000

CFI/TLI

          CFI                                0.994
          TLI                                0.996

Chi-Square Test of Model Fit for the Baseline Model

          Value                           3152.932
          Degrees of Freedom                    20
          P-Value                           0.0000

SRMR (Standardized Root Mean Square Residual)

          Value                              0.016

Optimum Function Value for Weighted Least-Squares Estimator

          Value                     0.72712664D-02



MODEL RESULTS

                                                    Two-Tailed
                    Estimate       S.E.  Est./S.E.    P-Value

Group CONTROL

 GRIT_1   BY
    GRIT1_1            0.237      0.024      9.828      0.000
    GRIT5_1            0.666      0.033     20.410      0.000
    GRIT6_1            0.482      0.027     17.685      0.000
    GRIT7_1            0.629      0.032     19.803      0.000
    GRIT8_1            1.305      0.086     15.139      0.000

 GRIT1_1  WITH
    GRIT6_1            0.333      0.025     13.170      0.000
    GRIT7_1            0.121      0.028      4.272      0.000

 Means
    GRIT_1             0.000      0.000    999.000    999.000

 Thresholds
    GRIT1_1$1         -1.291      0.034    -38.136      0.000
    GRIT1_1$2         -0.404      0.026    -15.547      0.000
    GRIT1_1$3          0.305      0.026     11.947      0.000
    GRIT1_1$4          1.702      0.042     40.585      0.000
    GRIT5_1$1         -1.921      0.052    -37.297      0.000
    GRIT5_1$2         -0.417      0.034    -12.407      0.000
    GRIT5_1$3          0.283      0.033      8.539      0.000
    GRIT5_1$4          1.490      0.043     34.960      0.000
    GRIT6_1$1         -2.019      0.052    -38.805      0.000
    GRIT6_1$2         -0.928      0.033    -28.251      0.000
    GRIT6_1$3          0.010      0.029      0.337      0.736
    GRIT6_1$4          1.584      0.041     38.233      0.000
    GRIT7_1$1         -1.072      0.037    -29.166      0.000
    GRIT7_1$2          0.586      0.033     17.527      0.000
    GRIT7_1$3          1.239      0.039     32.003      0.000
    GRIT7_1$4          2.249      0.060     37.623      0.000
    GRIT8_1$1         -2.692      0.119    -22.565      0.000
    GRIT8_1$2         -0.466      0.053     -8.845      0.000
    GRIT8_1$3          0.504      0.053      9.501      0.000
    GRIT8_1$4          2.453      0.105     23.344      0.000

 Variances
    GRIT_1             1.000      0.000    999.000    999.000

 Residual Variances
    GRIT1_1            1.000      0.000    999.000    999.000
    GRIT5_1            1.000      0.000    999.000    999.000
    GRIT6_1            1.000      0.000    999.000    999.000
    GRIT7_1            1.000      0.000    999.000    999.000
    GRIT8_1            1.000      0.000    999.000    999.000

Group TREATED

 GRIT_1   BY
    GRIT1_1            0.237      0.024      9.828      0.000
    GRIT5_1            0.666      0.033     20.410      0.000
    GRIT6_1            0.482      0.027     17.685      0.000
    GRIT7_1            0.629      0.032     19.803      0.000
    GRIT8_1            1.305      0.086     15.139      0.000

 GRIT1_1  WITH
    GRIT6_1            0.309      0.025     12.452      0.000
    GRIT7_1           -0.002      0.029     -0.073      0.942

 Means
    GRIT_1            -0.004      0.047     -0.075      0.940

 Thresholds
    GRIT1_1$1         -1.291      0.034    -38.136      0.000
    GRIT1_1$2         -0.404      0.026    -15.547      0.000
    GRIT1_1$3          0.305      0.026     11.947      0.000
    GRIT1_1$4          1.702      0.042     40.585      0.000
    GRIT5_1$1         -1.921      0.052    -37.297      0.000
    GRIT5_1$2         -0.417      0.034    -12.407      0.000
    GRIT5_1$3          0.283      0.033      8.539      0.000
    GRIT5_1$4          1.490      0.043     34.960      0.000
    GRIT6_1$1         -2.019      0.052    -38.805      0.000
    GRIT6_1$2         -0.928      0.033    -28.251      0.000
    GRIT6_1$3          0.010      0.029      0.337      0.736
    GRIT6_1$4          1.584      0.041     38.233      0.000
    GRIT7_1$1         -1.072      0.037    -29.166      0.000
    GRIT7_1$2          0.586      0.033     17.527      0.000
    GRIT7_1$3          1.239      0.039     32.003      0.000
    GRIT7_1$4          2.249      0.060     37.623      0.000
    GRIT8_1$1         -2.692      0.119    -22.565      0.000
    GRIT8_1$2         -0.466      0.053     -8.845      0.000
    GRIT8_1$3          0.504      0.053      9.501      0.000
    GRIT8_1$4          2.453      0.105     23.344      0.000

 Variances
    GRIT_1             1.082      0.090     11.970      0.000

 Residual Variances
    GRIT1_1            1.000      0.000    999.000    999.000
    GRIT5_1            1.000      0.000    999.000    999.000
    GRIT6_1            1.000      0.000    999.000    999.000
    GRIT7_1            1.000      0.000    999.000    999.000
    GRIT8_1            1.000      0.000    999.000    999.000


STANDARDIZED MODEL RESULTS


STDYX Standardization

                                                    Two-Tailed
                    Estimate       S.E.  Est./S.E.    P-Value

Group CONTROL

 GRIT_1   BY
    GRIT1_1            0.230      0.022     10.378      0.000
    GRIT5_1            0.554      0.019     29.471      0.000
    GRIT6_1            0.434      0.020     21.786      0.000
    GRIT7_1            0.532      0.019     27.627      0.000
    GRIT8_1            0.794      0.019     40.930      0.000

 GRIT1_1  WITH
    GRIT6_1            0.333      0.025     13.170      0.000
    GRIT7_1            0.121      0.028      4.272      0.000

 Means
    GRIT_1             0.000      0.000    999.000    999.000

 Thresholds
    GRIT1_1$1         -1.256      0.033    -38.316      0.000
    GRIT1_1$2         -0.393      0.025    -15.558      0.000
    GRIT1_1$3          0.297      0.025     11.953      0.000
    GRIT1_1$4          1.657      0.040     40.946      0.000
    GRIT5_1$1         -1.599      0.042    -37.861      0.000
    GRIT5_1$2         -0.347      0.028    -12.413      0.000
    GRIT5_1$3          0.236      0.028      8.546      0.000
    GRIT5_1$4          1.240      0.035     35.413      0.000
    GRIT6_1$1         -1.819      0.047    -38.723      0.000
    GRIT6_1$2         -0.836      0.029    -28.545      0.000
    GRIT6_1$3          0.009      0.026      0.337      0.736
    GRIT6_1$4          1.427      0.037     38.603      0.000
    GRIT7_1$1         -0.908      0.031    -29.305      0.000
    GRIT7_1$2          0.496      0.028     17.692      0.000
    GRIT7_1$3          1.049      0.032     32.523      0.000
    GRIT7_1$4          1.904      0.051     37.407      0.000
    GRIT8_1$1         -1.637      0.049    -33.331      0.000
    GRIT8_1$2         -0.284      0.031     -9.255      0.000
    GRIT8_1$3          0.306      0.031     10.002      0.000
    GRIT8_1$4          1.492      0.046     32.673      0.000

 Variances
    GRIT_1             1.000      0.000    999.000    999.000

 Residual Variances
    GRIT1_1            0.947      0.010     92.720      0.000
    GRIT5_1            0.693      0.021     33.191      0.000
    GRIT6_1            0.812      0.017     46.981      0.000
    GRIT7_1            0.717      0.021     34.958      0.000
    GRIT8_1            0.370      0.031     12.012      0.000

Group TREATED

 GRIT_1   BY
    GRIT1_1            0.239      0.023     10.608      0.000
    GRIT5_1            0.570      0.019     30.469      0.000
    GRIT6_1            0.448      0.020     22.129      0.000
    GRIT7_1            0.547      0.019     29.145      0.000
    GRIT8_1            0.805      0.018     43.684      0.000

 GRIT1_1  WITH
    GRIT6_1            0.309      0.025     12.452      0.000
    GRIT7_1           -0.002      0.029     -0.073      0.942

 Means
    GRIT_1            -0.003      0.046     -0.075      0.940

 Thresholds
    GRIT1_1$1         -1.254      0.033    -38.335      0.000
    GRIT1_1$2         -0.393      0.025    -15.562      0.000
    GRIT1_1$3          0.297      0.025     11.954      0.000
    GRIT1_1$4          1.653      0.041     40.646      0.000
    GRIT5_1$1         -1.579      0.042    -37.606      0.000
    GRIT5_1$2         -0.343      0.028    -12.451      0.000
    GRIT5_1$3          0.233      0.027      8.537      0.000
    GRIT5_1$4          1.224      0.035     35.182      0.000
    GRIT6_1$1         -1.805      0.047    -38.265      0.000
    GRIT6_1$2         -0.829      0.029    -28.433      0.000
    GRIT6_1$3          0.009      0.026      0.337      0.736
    GRIT6_1$4          1.416      0.037     38.375      0.000
    GRIT7_1$1         -0.897      0.031    -29.180      0.000
    GRIT7_1$2          0.491      0.028     17.685      0.000
    GRIT7_1$3          1.037      0.032     32.321      0.000
    GRIT7_1$4          1.882      0.051     36.800      0.000
    GRIT8_1$1         -1.597      0.048    -33.308      0.000
    GRIT8_1$2         -0.276      0.030     -9.231      0.000
    GRIT8_1$3          0.299      0.030      9.996      0.000
    GRIT8_1$4          1.455      0.044     32.855      0.000

 Variances
    GRIT_1             1.000      0.000    999.000    999.000

 Residual Variances
    GRIT1_1            0.943      0.011     87.563      0.000
    GRIT5_1            0.675      0.021     31.704      0.000
    GRIT6_1            0.799      0.018     44.089      0.000
    GRIT7_1            0.700      0.021     34.071      0.000
    GRIT8_1            0.352      0.030     11.845      0.000


R-SQUARE

Group CONTROL

    Observed                                        Two-Tailed     Scale
    Variable        Estimate       S.E.  Est./S.E.    P-Value     Factors

    GRIT1_1            0.053      0.010      5.189      0.000      0.973
    GRIT5_1            0.307      0.021     14.735      0.000      0.832
    GRIT6_1            0.188      0.017     10.893      0.000      0.901
    GRIT7_1            0.283      0.021     13.814      0.000      0.847
    GRIT8_1            0.630      0.031     20.465      0.000      0.608

Group TREATED

    Observed                                        Two-Tailed     Scale
    Variable        Estimate       S.E.  Est./S.E.    P-Value     Factors

    GRIT1_1            0.057      0.011      5.304      0.000      0.971
    GRIT5_1            0.325      0.021     15.235      0.000      0.822
    GRIT6_1            0.201      0.018     11.064      0.000      0.894
    GRIT7_1            0.300      0.021     14.572      0.000      0.837
    GRIT8_1            0.648      0.030     21.842      0.000      0.593


QUALITY OF NUMERICAL RESULTS

     Condition Number for the Information Matrix              0.644E-02
       (ratio of smallest to largest eigenvalue)


MODEL MODIFICATION INDICES

Minimum M.I. value for printing the modification index    10.000

                                   M.I.     E.P.C.  Std E.P.C.  StdYX E.P.C.
Group CONTROL


No modification indices above the minimum value.

Group TREATED


ON Statements

GRIT5_1  ON GRIT1_1               10.468    -0.109     -0.109       -0.092



SAVEDATA INFORMATION


  Difference testing

  Save file
    grit1_student_tx_inv_scalar.dat
  Save format      Free

     Beginning Time:  22:07:35
        Ending Time:  22:07:36
       Elapsed Time:  00:00:01



MUTHEN & MUTHEN
3463 Stoner Ave.
Los Angeles, CA  90066

Tel: (310) 391-9971
Fax: (310) 391-8971
Web: www.StatModel.com
Support: Support@StatModel.com

Copyright (c) 1998-2019 Muthen & Muthen
