Mplus VERSION 8.4 (Mac)
MUTHEN & MUTHEN
10/28/2023  10:07 PM

INPUT INSTRUCTIONS

  Title: Student Grit Gender Measurement Invariance Scalar Model;

  Data:
     File is ../dat_stu_1.txt;

  Variable:
     Names are studentid index treatment girl age_w child_grade in_ukr
     guardian_living guardian_region
     grit1_1 grit2_1 grit3_1 grit4_1 grit5_1 grit6_1 grit7_1 grit8_1
     loc1_1 loc2_1 loc3_1 loc4_1
     dass1_1 dass2_1 dass3_1 dass4_1 dass5_1 dass6_1 dass7_1 dass8_1
     dass9_1 dass10_1 dass11_1 dass12_1 dass13_1 dass14_1
     sleep1_1 sleep2_1 sleep3_1 sleep4_1 sleep5_1 sleep6_1 sleep7_1
     edugoals_1 half;
     Missing are . ;

    Usevariable are
  	grit1_1 grit5_1 grit6_1 grit7_1 grit8_1;

    Categorical is
  	grit1_1 grit5_1 grit6_1 grit7_1 grit8_1;

    Idvariable is studentid;

    Group is girl (1 = Female 0 = Male);

  Analysis:
     Estimator = wlsmv;
     Parameterization = theta;
     Difftest = grit1_student_gender_inv_metric.dat


  !!! Model for Male !!!

  Model:
  ! Factor loadings all freely estimated
    grit_1 by
      grit1_1* grit5_1* grit6_1* grit7_1* grit8_1* (L1-L5);

    grit1_1 with grit6_1; !worded positively
    grit1_1 with grit7_1; !both about schoolwork

    !estimating thresholds freely
    [grit1_1$1* grit5_1$1* grit6_1$1* grit7_1$1* grit8_1$1*] (T1_1 T5_1 T6_1 T7_1 T8_1);
    [grit1_1$2* grit5_1$2* grit6_1$2* grit7_1$2* grit8_1$2*] (T1_2 T5_2 T6_2 T7_2 T8_2);
    [grit1_1$3* grit5_1$3* grit6_1$3* grit7_1$3* grit8_1$3*] (T1_3 T5_3 T6_3 T7_3 T8_3);
    [grit1_1$4* grit5_1$4* grit6_1$4* grit7_1$4* grit8_1$4*] (T1_4 T5_4 T6_4 T7_4 T8_4);

    !constraining item residual variance to 1 for identification
    grit1_1@1;
    grit5_1@1;
    grit6_1@1;
    grit7_1@1;
    grit8_1@1;

    !fixing latent mean to zero for identification
    [grit_1@0];

    !fixing latent variance to one for identification
    grit_1@1;

  !!! Model for Female !!!

  Model Female:
    ! Factor loadings constrained to *be equal to the control group*
    grit_1 by
      grit1_1* grit5_1* grit6_1* grit7_1* grit8_1* (L1-L5);

    grit1_1 with grit6_1; !worded positively
    grit1_1 with grit7_1; !both about schoolwork

    ! *thresholds held equal to the control group when left blank*

    ! constraining item residual variance to 1 for identification
    grit1_1@1;
    grit5_1@1;
    grit6_1@1;
    grit7_1@1;
    grit8_1@1;

    ! latent factor mean *estimated*
    [grit_1*];

    ! latent factor variance *estimated*
    grit_1*;

  Output: sampstat stdyx modindices(all);
  Savedata: Difftest is grit1_student_gender_inv_scalar.dat;



INPUT READING TERMINATED NORMALLY



Student Grit Gender Measurement Invariance Scalar Model;

SUMMARY OF ANALYSIS

Number of groups                                                 2
Number of observations
   Group MALE                                                 1261
   Group FEMALE                                               1506
   Total sample size                                          2767

Number of dependent variables                                    5
Number of independent variables                                  0
Number of continuous latent variables                            1

Observed dependent variables

  Binary and ordered categorical (ordinal)
   GRIT1_1     GRIT5_1     GRIT6_1     GRIT7_1     GRIT8_1

Continuous latent variables
   GRIT_1

Variables with special functions

  Grouping variable     GIRL
  ID variable           STUDENTI

Estimator                                                    WLSMV
Maximum number of iterations                                  1000
Convergence criterion                                    0.500D-04
Maximum number of steepest descent iterations                   20
Maximum number of iterations for H1                           2000
Convergence criterion for H1                             0.100D-03
Parameterization                                             THETA
Link                                                        PROBIT

Input data file(s)
  ../dat_stu_1.txt

Input data format  FREE


SUMMARY OF DATA

   Group MALE
     Number of missing data patterns             1

   Group FEMALE
     Number of missing data patterns             1


COVARIANCE COVERAGE OF DATA

Minimum covariance coverage value   0.100


     PROPORTION OF DATA PRESENT FOR MALE


           Covariance Coverage
              GRIT1_1       GRIT5_1       GRIT6_1       GRIT7_1       GRIT8_1
              ________      ________      ________      ________      ________
 GRIT1_1        1.000
 GRIT5_1        1.000         1.000
 GRIT6_1        1.000         1.000         1.000
 GRIT7_1        1.000         1.000         1.000         1.000
 GRIT8_1        1.000         1.000         1.000         1.000         1.000


     PROPORTION OF DATA PRESENT FOR FEMALE


           Covariance Coverage
              GRIT1_1       GRIT5_1       GRIT6_1       GRIT7_1       GRIT8_1
              ________      ________      ________      ________      ________
 GRIT1_1        1.000
 GRIT5_1        1.000         1.000
 GRIT6_1        1.000         1.000         1.000
 GRIT7_1        1.000         1.000         1.000         1.000
 GRIT8_1        1.000         1.000         1.000         1.000         1.000


UNIVARIATE PROPORTIONS AND COUNTS FOR CATEGORICAL VARIABLES

  Group MALE
    GRIT1_1
      Category 1    0.089          112.000
      Category 2    0.249          314.000
      Category 3    0.269          339.000
      Category 4    0.336          424.000
      Category 5    0.057           72.000
    GRIT5_1
      Category 1    0.050           63.000
      Category 2    0.333          420.000
      Category 3    0.235          296.000
      Category 4    0.281          354.000
      Category 5    0.102          128.000
    GRIT6_1
      Category 1    0.039           49.000
      Category 2    0.202          255.000
      Category 3    0.316          398.000
      Category 4    0.376          474.000
      Category 5    0.067           85.000
    GRIT7_1
      Category 1    0.195          246.000
      Category 2    0.497          627.000
      Category 3    0.163          206.000
      Category 4    0.114          144.000
      Category 5    0.030           38.000
    GRIT8_1
      Category 1    0.056           70.000
      Category 2    0.354          447.000
      Category 3    0.233          294.000
      Category 4    0.291          367.000
      Category 5    0.066           83.000

  Group FEMALE
    GRIT1_1
      Category 1    0.118          178.000
      Category 2    0.237          357.000
      Category 3    0.270          407.000
      Category 4    0.333          501.000
      Category 5    0.042           63.000
    GRIT5_1
      Category 1    0.061           92.000
      Category 2    0.290          436.000
      Category 3    0.222          334.000
      Category 4    0.313          471.000
      Category 5    0.115          173.000
    GRIT6_1
      Category 1    0.032           48.000
      Category 2    0.139          209.000
      Category 3    0.289          435.000
      Category 4    0.455          685.000
      Category 5    0.086          129.000
    GRIT7_1
      Category 1    0.174          262.000
      Category 2    0.513          773.000
      Category 3    0.161          243.000
      Category 4    0.124          186.000
      Category 5    0.028           42.000
    GRIT8_1
      Category 1    0.051           77.000
      Category 2    0.323          486.000
      Category 3    0.226          340.000
      Category 4    0.327          492.000
      Category 5    0.074          111.000


SAMPLE STATISTICS


     ESTIMATED SAMPLE STATISTICS FOR MALE


           MEANS/INTERCEPTS/THRESHOLDS
              GRIT1_1$      GRIT1_1$      GRIT1_1$      GRIT1_1$      GRIT5_1$
              ________      ________      ________      ________      ________
               -1.348        -0.418         0.271         1.580        -1.645


           MEANS/INTERCEPTS/THRESHOLDS
              GRIT5_1$      GRIT5_1$      GRIT5_1$      GRIT6_1$      GRIT6_1$
              ________      ________      ________      ________      ________
               -0.298         0.300         1.273        -1.764        -0.703


           MEANS/INTERCEPTS/THRESHOLDS
              GRIT6_1$      GRIT6_1$      GRIT7_1$      GRIT7_1$      GRIT7_1$
              ________      ________      ________      ________      ________
                0.143         1.495        -0.859         0.502         1.061


           MEANS/INTERCEPTS/THRESHOLDS
              GRIT7_1$      GRIT8_1$      GRIT8_1$      GRIT8_1$      GRIT8_1$
              ________      ________      ________      ________      ________
                1.879        -1.594        -0.228         0.367         1.508


           CORRELATION MATRIX (WITH VARIANCES ON THE DIAGONAL)
              GRIT1_1       GRIT5_1       GRIT6_1       GRIT7_1       GRIT8_1
              ________      ________      ________      ________      ________
 GRIT1_1
 GRIT5_1        0.054
 GRIT6_1        0.398         0.277
 GRIT7_1        0.219         0.308         0.245
 GRIT8_1        0.201         0.409         0.366         0.438


     ESTIMATED SAMPLE STATISTICS FOR FEMALE


           MEANS/INTERCEPTS/THRESHOLDS
              GRIT1_1$      GRIT1_1$      GRIT1_1$      GRIT1_1$      GRIT5_1$
              ________      ________      ________      ________      ________
               -1.184        -0.371         0.320         1.730        -1.546


           MEANS/INTERCEPTS/THRESHOLDS
              GRIT5_1$      GRIT5_1$      GRIT5_1$      GRIT6_1$      GRIT6_1$
              ________      ________      ________      ________      ________
               -0.384         0.182         1.201        -1.854        -0.952


           MEANS/INTERCEPTS/THRESHOLDS
              GRIT6_1$      GRIT6_1$      GRIT7_1$      GRIT7_1$      GRIT7_1$
              ________      ________      ________      ________      ________
               -0.102         1.368        -0.939         0.488         1.030


           MEANS/INTERCEPTS/THRESHOLDS
              GRIT7_1$      GRIT8_1$      GRIT8_1$      GRIT8_1$      GRIT8_1$
              ________      ________      ________      ________      ________
                1.913        -1.634        -0.322         0.252         1.449


           CORRELATION MATRIX (WITH VARIANCES ON THE DIAGONAL)
              GRIT1_1       GRIT5_1       GRIT6_1       GRIT7_1       GRIT8_1
              ________      ________      ________      ________      ________
 GRIT1_1
 GRIT5_1        0.117
 GRIT6_1        0.386         0.268
 GRIT7_1        0.141         0.336         0.169
 GRIT8_1        0.235         0.458         0.337         0.430


THE MODEL ESTIMATION TERMINATED NORMALLY



MODEL FIT INFORMATION

Number of Free Parameters                       31

Chi-Square Test of Model Fit

          Value                            100.753*
          Degrees of Freedom                    29
          P-Value                           0.0000

Chi-Square Contribution From Each Group

          MALE                              51.129
          FEMALE                            49.625

Chi-Square Test for Difference Testing

          Value                             63.789*
          Degrees of Freedom                    19
          P-Value                           0.0000

*   The chi-square value for MLM, MLMV, MLR, ULSMV, WLSM and WLSMV cannot be used
    for chi-square difference testing in the regular way.  MLM, MLR and WLSM
    chi-square difference testing is described on the Mplus website.  MLMV, WLSMV,
    and ULSMV difference testing is done using the DIFFTEST option.  The DIFFTEST
    option assumes the models are nested.  The NESTED option can be used to verify
    that the models are nested.

RMSEA (Root Mean Square Error Of Approximation)

          Estimate                           0.042
          90 Percent C.I.                    0.033  0.051
          Probability RMSEA <= .05           0.915

CFI/TLI

          CFI                                0.977
          TLI                                0.984

Chi-Square Test of Model Fit for the Baseline Model

          Value                           3157.080
          Degrees of Freedom                    20
          P-Value                           0.0000

SRMR (Standardized Root Mean Square Residual)

          Value                              0.018

Optimum Function Value for Weighted Least-Squares Estimator

          Value                     0.15808902D-01



MODEL RESULTS

                                                    Two-Tailed
                    Estimate       S.E.  Est./S.E.    P-Value

Group MALE

 GRIT_1   BY
    GRIT1_1            0.239      0.024      9.801      0.000
    GRIT5_1            0.680      0.033     20.459      0.000
    GRIT6_1            0.494      0.028     17.839      0.000
    GRIT7_1            0.638      0.032     20.022      0.000
    GRIT8_1            1.309      0.084     15.504      0.000

 GRIT1_1  WITH
    GRIT6_1            0.338      0.025     13.634      0.000
    GRIT7_1            0.115      0.030      3.886      0.000

 Means
    GRIT_1             0.000      0.000    999.000    999.000

 Thresholds
    GRIT1_1$1         -1.269      0.034    -37.857      0.000
    GRIT1_1$2         -0.387      0.026    -14.924      0.000
    GRIT1_1$3          0.323      0.026     12.550      0.000
    GRIT1_1$4          1.716      0.043     40.208      0.000
    GRIT5_1$1         -1.871      0.051    -36.519      0.000
    GRIT5_1$2         -0.368      0.034    -10.818      0.000
    GRIT5_1$3          0.334      0.034      9.837      0.000
    GRIT5_1$4          1.541      0.044     34.763      0.000
    GRIT6_1$1         -1.987      0.052    -38.205      0.000
    GRIT6_1$2         -0.892      0.033    -26.997      0.000
    GRIT6_1$3          0.046      0.030      1.544      0.122
    GRIT6_1$4          1.624      0.043     37.885      0.000
    GRIT7_1$1         -1.026      0.037    -27.918      0.000
    GRIT7_1$2          0.633      0.035     18.121      0.000
    GRIT7_1$3          1.286      0.040     31.866      0.000
    GRIT7_1$4          2.296      0.061     37.571      0.000
    GRIT8_1$1         -2.573      0.112    -23.012      0.000
    GRIT8_1$2         -0.367      0.053     -6.933      0.000
    GRIT8_1$3          0.595      0.056     10.587      0.000
    GRIT8_1$4          2.529      0.106     23.882      0.000

 Variances
    GRIT_1             1.000      0.000    999.000    999.000

 Residual Variances
    GRIT1_1            1.000      0.000    999.000    999.000
    GRIT5_1            1.000      0.000    999.000    999.000
    GRIT6_1            1.000      0.000    999.000    999.000
    GRIT7_1            1.000      0.000    999.000    999.000
    GRIT8_1            1.000      0.000    999.000    999.000

Group FEMALE

 GRIT_1   BY
    GRIT1_1            0.239      0.024      9.801      0.000
    GRIT5_1            0.680      0.033     20.459      0.000
    GRIT6_1            0.494      0.028     17.839      0.000
    GRIT7_1            0.638      0.032     20.022      0.000
    GRIT8_1            1.309      0.084     15.504      0.000

 GRIT1_1  WITH
    GRIT6_1            0.324      0.025     12.851      0.000
    GRIT7_1            0.019      0.028      0.662      0.508

 Means
    GRIT_1             0.131      0.047      2.781      0.005

 Thresholds
    GRIT1_1$1         -1.269      0.034    -37.857      0.000
    GRIT1_1$2         -0.387      0.026    -14.924      0.000
    GRIT1_1$3          0.323      0.026     12.550      0.000
    GRIT1_1$4          1.716      0.043     40.208      0.000
    GRIT5_1$1         -1.871      0.051    -36.519      0.000
    GRIT5_1$2         -0.368      0.034    -10.818      0.000
    GRIT5_1$3          0.334      0.034      9.837      0.000
    GRIT5_1$4          1.541      0.044     34.763      0.000
    GRIT6_1$1         -1.987      0.052    -38.205      0.000
    GRIT6_1$2         -0.892      0.033    -26.997      0.000
    GRIT6_1$3          0.046      0.030      1.544      0.122
    GRIT6_1$4          1.624      0.043     37.885      0.000
    GRIT7_1$1         -1.026      0.037    -27.918      0.000
    GRIT7_1$2          0.633      0.035     18.121      0.000
    GRIT7_1$3          1.286      0.040     31.866      0.000
    GRIT7_1$4          2.296      0.061     37.571      0.000
    GRIT8_1$1         -2.573      0.112    -23.012      0.000
    GRIT8_1$2         -0.367      0.053     -6.933      0.000
    GRIT8_1$3          0.595      0.056     10.587      0.000
    GRIT8_1$4          2.529      0.106     23.882      0.000

 Variances
    GRIT_1             1.010      0.085     11.933      0.000

 Residual Variances
    GRIT1_1            1.000      0.000    999.000    999.000
    GRIT5_1            1.000      0.000    999.000    999.000
    GRIT6_1            1.000      0.000    999.000    999.000
    GRIT7_1            1.000      0.000    999.000    999.000
    GRIT8_1            1.000      0.000    999.000    999.000


STANDARDIZED MODEL RESULTS


STDYX Standardization

                                                    Two-Tailed
                    Estimate       S.E.  Est./S.E.    P-Value

Group MALE

 GRIT_1   BY
    GRIT1_1            0.232      0.022     10.360      0.000
    GRIT5_1            0.562      0.019     29.909      0.000
    GRIT6_1            0.443      0.020     22.199      0.000
    GRIT7_1            0.538      0.019     28.174      0.000
    GRIT8_1            0.795      0.019     42.056      0.000

 GRIT1_1  WITH
    GRIT6_1            0.338      0.025     13.634      0.000
    GRIT7_1            0.115      0.030      3.886      0.000

 Means
    GRIT_1             0.000      0.000    999.000    999.000

 Thresholds
    GRIT1_1$1         -1.235      0.033    -37.667      0.000
    GRIT1_1$2         -0.376      0.025    -14.864      0.000
    GRIT1_1$3          0.314      0.025     12.610      0.000
    GRIT1_1$4          1.669      0.041     40.672      0.000
    GRIT5_1$1         -1.547      0.043    -36.295      0.000
    GRIT5_1$2         -0.305      0.028    -10.774      0.000
    GRIT5_1$3          0.276      0.028      9.881      0.000
    GRIT5_1$4          1.275      0.036     35.258      0.000
    GRIT6_1$1         -1.781      0.047    -37.611      0.000
    GRIT6_1$2         -0.800      0.030    -27.013      0.000
    GRIT6_1$3          0.041      0.027      1.545      0.122
    GRIT6_1$4          1.456      0.038     38.370      0.000
    GRIT7_1$1         -0.865      0.031    -27.548      0.000
    GRIT7_1$2          0.533      0.029     18.479      0.000
    GRIT7_1$3          1.084      0.033     32.650      0.000
    GRIT7_1$4          1.936      0.052     37.342      0.000
    GRIT8_1$1         -1.562      0.049    -31.885      0.000
    GRIT8_1$2         -0.223      0.032     -7.059      0.000
    GRIT8_1$3          0.362      0.032     11.287      0.000
    GRIT8_1$4          1.536      0.047     32.612      0.000

 Variances
    GRIT_1             1.000      0.000    999.000    999.000

 Residual Variances
    GRIT1_1            0.946      0.010     90.832      0.000
    GRIT5_1            0.684      0.021     32.375      0.000
    GRIT6_1            0.804      0.018     45.408      0.000
    GRIT7_1            0.711      0.021     34.598      0.000
    GRIT8_1            0.369      0.030     12.278      0.000

Group FEMALE

 GRIT_1   BY
    GRIT1_1            0.233      0.023     10.349      0.000
    GRIT5_1            0.564      0.019     30.299      0.000
    GRIT6_1            0.445      0.020     22.150      0.000
    GRIT7_1            0.540      0.019     28.493      0.000
    GRIT8_1            0.796      0.018     43.167      0.000

 GRIT1_1  WITH
    GRIT6_1            0.324      0.025     12.851      0.000
    GRIT7_1            0.019      0.028      0.662      0.508

 Means
    GRIT_1             0.130      0.047      2.788      0.005

 Thresholds
    GRIT1_1$1         -1.234      0.033    -37.647      0.000
    GRIT1_1$2         -0.376      0.025    -14.856      0.000
    GRIT1_1$3          0.314      0.025     12.612      0.000
    GRIT1_1$4          1.669      0.041     40.745      0.000
    GRIT5_1$1         -1.545      0.042    -36.551      0.000
    GRIT5_1$2         -0.304      0.028    -10.786      0.000
    GRIT5_1$3          0.275      0.028      9.893      0.000
    GRIT5_1$4          1.273      0.036     35.713      0.000
    GRIT6_1$1         -1.780      0.047    -37.507      0.000
    GRIT6_1$2         -0.799      0.030    -26.836      0.000
    GRIT6_1$3          0.041      0.027      1.546      0.122
    GRIT6_1$4          1.455      0.037     38.965      0.000
    GRIT7_1$1         -0.863      0.031    -27.619      0.000
    GRIT7_1$2          0.533      0.029     18.478      0.000
    GRIT7_1$3          1.082      0.033     32.905      0.000
    GRIT7_1$4          1.933      0.051     37.594      0.000
    GRIT8_1$1         -1.558      0.048    -32.427      0.000
    GRIT8_1$2         -0.222      0.031     -7.060      0.000
    GRIT8_1$3          0.360      0.032     11.340      0.000
    GRIT8_1$4          1.531      0.046     33.587      0.000

 Variances
    GRIT_1             1.000      0.000    999.000    999.000

 Residual Variances
    GRIT1_1            0.946      0.011     89.866      0.000
    GRIT5_1            0.682      0.021     32.481      0.000
    GRIT6_1            0.802      0.018     44.870      0.000
    GRIT7_1            0.709      0.020     34.653      0.000
    GRIT8_1            0.366      0.029     12.481      0.000


R-SQUARE

Group MALE

    Observed                                        Two-Tailed     Scale
    Variable        Estimate       S.E.  Est./S.E.    P-Value     Factors

    GRIT1_1            0.054      0.010      5.180      0.000      0.973
    GRIT5_1            0.316      0.021     14.955      0.000      0.827
    GRIT6_1            0.196      0.018     11.100      0.000      0.896
    GRIT7_1            0.289      0.021     14.087      0.000      0.843
    GRIT8_1            0.631      0.030     21.028      0.000      0.607

Group FEMALE

    Observed                                        Two-Tailed     Scale
    Variable        Estimate       S.E.  Est./S.E.    P-Value     Factors

    GRIT1_1            0.054      0.011      5.175      0.000      0.972
    GRIT5_1            0.318      0.021     15.150      0.000      0.826
    GRIT6_1            0.198      0.018     11.075      0.000      0.896
    GRIT7_1            0.291      0.020     14.246      0.000      0.842
    GRIT8_1            0.634      0.029     21.584      0.000      0.605


QUALITY OF NUMERICAL RESULTS

     Condition Number for the Information Matrix              0.678E-02
       (ratio of smallest to largest eigenvalue)


MODEL MODIFICATION INDICES

Minimum M.I. value for printing the modification index    10.000

                                   M.I.     E.P.C.  Std E.P.C.  StdYX E.P.C.
Group MALE


ON Statements

GRIT5_1  ON GRIT8_1               10.918    -0.089     -0.089       -0.121

WITH Statements

GRIT5_1  WITH GRIT1_1             10.850    -0.118     -0.118       -0.118

Means/Intercepts/Thresholds

[ GRIT1_1  ]                      19.925     0.133      0.133        0.130
[ GRIT6_1  ]                      33.235    -0.205     -0.205       -0.184
[ GRIT1_1$ ]                      11.555    -0.117     -0.117       -0.114
[ GRIT6_1$ ]                      14.611     0.110      0.110        0.098
[ GRIT6_1$ ]                      19.174     0.113      0.113        0.101

Group FEMALE


ON Statements

GRIT6_1  ON GRIT7_1               16.643    -0.117     -0.117       -0.124
GRIT7_1  ON GRIT1_1               16.496    -0.374     -0.374       -0.323
GRIT7_1  ON GRIT6_1               16.296    -0.131     -0.131       -0.123

WITH Statements

GRIT6_1  WITH GRIT_1              10.863    -0.133     -0.132       -0.132
GRIT7_1  WITH GRIT6_1             14.160    -0.137     -0.137       -0.137

Means/Intercepts/Thresholds

[ GRIT1_1  ]                      19.931    -0.133     -0.133       -0.130
[ GRIT6_1  ]                      33.227     0.205      0.205        0.184
[ GRIT1_1$ ]                      11.581     0.118      0.118        0.115
[ GRIT6_1$ ]                      14.621    -0.118     -0.118       -0.105
[ GRIT6_1$ ]                      19.157    -0.126     -0.126       -0.112



SAVEDATA INFORMATION


  Difference testing

  Save file
    grit1_student_gender_inv_scalar.dat
  Save format      Free

     Beginning Time:  22:07:46
        Ending Time:  22:07:46
       Elapsed Time:  00:00:00



MUTHEN & MUTHEN
3463 Stoner Ave.
Los Angeles, CA  90066

Tel: (310) 391-9971
Fax: (310) 391-8971
Web: www.StatModel.com
Support: Support@StatModel.com

Copyright (c) 1998-2019 Muthen & Muthen
