Mplus VERSION 8.4 (Mac)
MUTHEN & MUTHEN
11/02/2023   3:44 PM

INPUT INSTRUCTIONS

  Title: Student Grit Gender Measurement Invariance Scalar Model;

  Data:
     File is ../dat_stu_2.txt;

  Variable:
     Names are studentid girl age_w grito1_2 grito5_2 grito6_2
     grito7_2 grito8_2 grit1_2 grit2_2 grit3_2 grit4_2 grit5_2
     grit6_2 grit7_2 grit8_2 loc1_2 loc2_2 loc3_2 loc4_2 dass1_2
     dass2_2 dass3_2 dass4_2 dass5_2 dass6_2 dass7_2 dass8_2
     dass9_2 dass10_2 dass11_2 dass12_2 dass13_2 dass14_2
     dass15_2 dass16_2 dass17_2 dass18_2 dass19_2 dass20_2 dass21_2
     treatment half;
     Missing are . ;

    Usevariable are
  	grito1_2 grito5_2 grito6_2 grito7_2 grito8_2;

    Categorical is
  	grito1_2 grito5_2 grito6_2 grito7_2 grito8_2;

    Idvariable is studentid;

    Group is girl (1 = Female 0 = Male);

  Analysis:
     Estimator = wlsmv;
     Parameterization = theta;
     Difftest = grito2_student_gender_inv_metric.dat


  !!! Model for Male !!!

  Model:
  ! Factor loadings all freely estimated
    grito_2 by
      grito1_2* grito5_2* grito6_2* grito7_2* grito8_2* (L1-L5);

    grito1_2 with grito6_2; !worded positively
    grito1_2 with grito7_2; !both about schoolwork

    !estimating thresholds freely
    [grito1_2$1* grito5_2$1* grito6_2$1* grito7_2$1* grito8_2$1*] (T1_1 T5_1 T6_1 T7_1 T8_1)
    [grito1_2$2* grito5_2$2* grito6_2$2* grito7_2$2* grito8_2$2*] (T1_2 T5_2 T6_2 T7_2 T8_2)
    [grito1_2$3* grito5_2$3* grito6_2$3* grito7_2$3* grito8_2$3*] (T1_3 T5_3 T6_3 T7_3 T8_3)
    [grito1_2$4* grito5_2$4* grito6_2$4* grito7_2$4* grito8_2$4*] (T1_4 T5_4 T6_4 T7_4 T8_4)

    !constraining item residual variance to 1 for identification
    grito1_2@1;
    grito5_2@1;
    grito6_2@1;
    grito7_2@1;
    grito8_2@1;

    !fixing latent mean to zero for identification
    [grito_2@0];

    !fixing latent variance to one for identification
    grito_2@1;

  !!! Model for Female !!!

  Model Female:
    ! Factor loadings constrained to *be equal to the control group*
    grito_2 by
      grito1_2* grito5_2* grito6_2* grito7_2* grito8_2* (L1-L5);

    grito1_2 with grito6_2; !worded positively
    grito1_2 with grito7_2; !both about schoolwork

    ! *thresholds held equal to the control group when left blank*

    ! constraining item residual variance to 1 for identification
    grito1_2@1;
    grito5_2@1;
    grito6_2@1;
    grito7_2@1;
    grito8_2@1;

    ! latent factor mean *estimated*
    [grito_2*];

    ! latent factor variance *estimated*
    grito_2*;

  Output: sampstat stdyx modindices(all);
  Savedata: Difftest is grito2_student_gender_inv_scalar.dat;



*** WARNING
  Input line exceeded 90 characters. Some input may be truncated.
    [grito1_2$1* grito5_2$1* grito6_2$1* grito7_2$1* grito8_2$1*] (T1_1 T5_1 T6_1 T7_1 T8_1);
*** WARNING
  Input line exceeded 90 characters. Some input may be truncated.
    [grito1_2$2* grito5_2$2* grito6_2$2* grito7_2$2* grito8_2$2*] (T1_2 T5_2 T6_2 T7_2 T8_2);
*** WARNING
  Input line exceeded 90 characters. Some input may be truncated.
    [grito1_2$3* grito5_2$3* grito6_2$3* grito7_2$3* grito8_2$3*] (T1_3 T5_3 T6_3 T7_3 T8_3);
*** WARNING
  Input line exceeded 90 characters. Some input may be truncated.
    [grito1_2$4* grito5_2$4* grito6_2$4* grito7_2$4* grito8_2$4*] (T1_4 T5_4 T6_4 T7_4 T8_4);
   4 WARNING(S) FOUND IN THE INPUT INSTRUCTIONS



Student Grit Gender Measurement Invariance Scalar Model;

SUMMARY OF ANALYSIS

Number of groups                                                 2
Number of observations
   Group MALE                                                  655
   Group FEMALE                                                713
   Total sample size                                          1368

Number of dependent variables                                    5
Number of independent variables                                  0
Number of continuous latent variables                            1

Observed dependent variables

  Binary and ordered categorical (ordinal)
   GRITO1_2    GRITO5_2    GRITO6_2    GRITO7_2    GRITO8_2

Continuous latent variables
   GRITO_2

Variables with special functions

  Grouping variable     GIRL
  ID variable           STUDENTI

Estimator                                                    WLSMV
Maximum number of iterations                                  1000
Convergence criterion                                    0.500D-04
Maximum number of steepest descent iterations                   20
Maximum number of iterations for H1                           2000
Convergence criterion for H1                             0.100D-03
Parameterization                                             THETA
Link                                                        PROBIT

Input data file(s)
  ../dat_stu_2.txt

Input data format  FREE


SUMMARY OF DATA

   Group MALE
     Number of missing data patterns             1

   Group FEMALE
     Number of missing data patterns             1


COVARIANCE COVERAGE OF DATA

Minimum covariance coverage value   0.100


     PROPORTION OF DATA PRESENT FOR MALE


           Covariance Coverage
              GRITO1_2      GRITO5_2      GRITO6_2      GRITO7_2      GRITO8_2
              ________      ________      ________      ________      ________
 GRITO1_2       1.000
 GRITO5_2       1.000         1.000
 GRITO6_2       1.000         1.000         1.000
 GRITO7_2       1.000         1.000         1.000         1.000
 GRITO8_2       1.000         1.000         1.000         1.000         1.000


     PROPORTION OF DATA PRESENT FOR FEMALE


           Covariance Coverage
              GRITO1_2      GRITO5_2      GRITO6_2      GRITO7_2      GRITO8_2
              ________      ________      ________      ________      ________
 GRITO1_2       1.000
 GRITO5_2       1.000         1.000
 GRITO6_2       1.000         1.000         1.000
 GRITO7_2       1.000         1.000         1.000         1.000
 GRITO8_2       1.000         1.000         1.000         1.000         1.000


UNIVARIATE PROPORTIONS AND COUNTS FOR CATEGORICAL VARIABLES

  Group MALE
    GRITO1_2
      Category 1    0.115           75.000
      Category 2    0.231          151.000
      Category 3    0.237          155.000
      Category 4    0.350          229.000
      Category 5    0.069           45.000
    GRITO5_2
      Category 1    0.058           38.000
      Category 2    0.255          167.000
      Category 3    0.252          165.000
      Category 4    0.292          191.000
      Category 5    0.144           94.000
    GRITO6_2
      Category 1    0.038           25.000
      Category 2    0.096           63.000
      Category 3    0.250          164.000
      Category 4    0.493          323.000
      Category 5    0.122           80.000
    GRITO7_2
      Category 1    0.227          149.000
      Category 2    0.414          271.000
      Category 3    0.220          144.000
      Category 4    0.108           71.000
      Category 5    0.031           20.000
    GRITO8_2
      Category 1    0.078           51.000
      Category 2    0.215          141.000
      Category 3    0.250          164.000
      Category 4    0.331          217.000
      Category 5    0.125           82.000

  Group FEMALE
    GRITO1_2
      Category 1    0.121           86.000
      Category 2    0.262          187.000
      Category 3    0.273          195.000
      Category 4    0.281          200.000
      Category 5    0.063           45.000
    GRITO5_2
      Category 1    0.072           51.000
      Category 2    0.292          208.000
      Category 3    0.227          162.000
      Category 4    0.288          205.000
      Category 5    0.122           87.000
    GRITO6_2
      Category 1    0.036           26.000
      Category 2    0.090           64.000
      Category 3    0.269          192.000
      Category 4    0.473          337.000
      Category 5    0.132           94.000
    GRITO7_2
      Category 1    0.268          191.000
      Category 2    0.457          326.000
      Category 3    0.156          111.000
      Category 4    0.090           64.000
      Category 5    0.029           21.000
    GRITO8_2
      Category 1    0.091           65.000
      Category 2    0.230          164.000
      Category 3    0.255          182.000
      Category 4    0.310          221.000
      Category 5    0.114           81.000


SAMPLE STATISTICS


     ESTIMATED SAMPLE STATISTICS FOR MALE


           MEANS/INTERCEPTS/THRESHOLDS
              GRITO1_2      GRITO1_2      GRITO1_2      GRITO1_2      GRITO5_2
              ________      ________      ________      ________      ________
               -1.203        -0.399         0.206         1.486        -1.572


           MEANS/INTERCEPTS/THRESHOLDS
              GRITO5_2      GRITO5_2      GRITO5_2      GRITO6_2      GRITO6_2
              ________      ________      ________      ________      ________
               -0.487         0.163         1.065        -1.772        -1.106


           MEANS/INTERCEPTS/THRESHOLDS
              GRITO6_2      GRITO6_2      GRITO7_2      GRITO7_2      GRITO7_2
              ________      ________      ________      ________      ________
               -0.293         1.164        -0.747         0.362         1.085


           MEANS/INTERCEPTS/THRESHOLDS
              GRITO7_2      GRITO8_2      GRITO8_2      GRITO8_2      GRITO8_2
              ________      ________      ________      ________      ________
                1.873        -1.420        -0.544         0.109         1.149


           CORRELATION MATRIX (WITH VARIANCES ON THE DIAGONAL)
              GRITO1_2      GRITO5_2      GRITO6_2      GRITO7_2      GRITO8_2
              ________      ________      ________      ________      ________
 GRITO1_2
 GRITO5_2       0.153
 GRITO6_2       0.348         0.244
 GRITO7_2       0.047         0.360         0.103
 GRITO8_2       0.235         0.472         0.396         0.342


     ESTIMATED SAMPLE STATISTICS FOR FEMALE


           MEANS/INTERCEPTS/THRESHOLDS
              GRITO1_2      GRITO1_2      GRITO1_2      GRITO1_2      GRITO5_2
              ________      ________      ________      ________      ________
               -1.172        -0.298         0.403         1.529        -1.464


           MEANS/INTERCEPTS/THRESHOLDS
              GRITO5_2      GRITO5_2      GRITO5_2      GRITO6_2      GRITO6_2
              ________      ________      ________      ________      ________
               -0.350         0.229         1.165        -1.793        -1.144


           MEANS/INTERCEPTS/THRESHOLDS
              GRITO6_2      GRITO6_2      GRITO7_2      GRITO7_2      GRITO7_2
              ________      ________      ________      ________      ________
               -0.265         1.118        -0.619         0.598         1.179


           MEANS/INTERCEPTS/THRESHOLDS
              GRITO7_2      GRITO8_2      GRITO8_2      GRITO8_2      GRITO8_2
              ________      ________      ________      ________      ________
                1.889        -1.334        -0.464         0.193         1.208


           CORRELATION MATRIX (WITH VARIANCES ON THE DIAGONAL)
              GRITO1_2      GRITO5_2      GRITO6_2      GRITO7_2      GRITO8_2
              ________      ________      ________      ________      ________
 GRITO1_2
 GRITO5_2       0.211
 GRITO6_2       0.433         0.382
 GRITO7_2       0.207         0.359         0.210
 GRITO8_2       0.228         0.528         0.381         0.388


THE MODEL ESTIMATION TERMINATED NORMALLY



MODEL FIT INFORMATION

Number of Free Parameters                       31

Chi-Square Test of Model Fit

          Value                             50.695*
          Degrees of Freedom                    29
          P-Value                           0.0076

Chi-Square Contribution From Each Group

          MALE                              34.089
          FEMALE                            16.605

Chi-Square Test for Difference Testing

          Value                             24.686*
          Degrees of Freedom                    19
          P-Value                           0.1711

*   The chi-square value for MLM, MLMV, MLR, ULSMV, WLSM and WLSMV cannot be used
    for chi-square difference testing in the regular way.  MLM, MLR and WLSM
    chi-square difference testing is described on the Mplus website.  MLMV, WLSMV,
    and ULSMV difference testing is done using the DIFFTEST option.  The DIFFTEST
    option assumes the models are nested.  The NESTED option can be used to verify
    that the models are nested.

RMSEA (Root Mean Square Error Of Approximation)

          Estimate                           0.033
          90 Percent C.I.                    0.017  0.048
          Probability RMSEA <= .05           0.971

CFI/TLI

          CFI                                0.988
          TLI                                0.992

Chi-Square Test of Model Fit for the Baseline Model

          Value                           1794.823
          Degrees of Freedom                    20
          P-Value                           0.0000

SRMR (Standardized Root Mean Square Residual)

          Value                              0.022

Optimum Function Value for Weighted Least-Squares Estimator

          Value                     0.15200484D-01



MODEL RESULTS

                                                    Two-Tailed
                    Estimate       S.E.  Est./S.E.    P-Value

Group MALE

 GRITO_2  BY
    GRITO1_2           0.294      0.032      9.033      0.000
    GRITO5_2           0.868      0.060     14.519      0.000
    GRITO6_2           0.508      0.039     13.121      0.000
    GRITO7_2           0.526      0.040     13.018      0.000
    GRITO8_2           1.151      0.087     13.170      0.000

 GRITO1_2 WITH
    GRITO6_2           0.258      0.040      6.468      0.000
    GRITO7_2          -0.100      0.043     -2.313      0.021

 Means
    GRITO_2            0.000      0.000    999.000    999.000

 Thresholds
    GRITO1_2$1        -1.264      0.047    -26.795      0.000
    GRITO1_2$2        -0.384      0.038    -10.172      0.000
    GRITO1_2$3         0.298      0.037      7.960      0.000
    GRITO1_2$4         1.555      0.055     28.170      0.000
    GRITO5_2$1        -2.110      0.087    -24.206      0.000
    GRITO5_2$2        -0.626      0.056    -11.076      0.000
    GRITO5_2$3         0.201      0.054      3.719      0.000
    GRITO5_2$4         1.438      0.068     21.222      0.000
    GRITO6_2$1        -2.055      0.074    -27.590      0.000
    GRITO6_2$2        -1.311      0.053    -24.786      0.000
    GRITO6_2$3        -0.354      0.042     -8.320      0.000
    GRITO6_2$4         1.251      0.052     24.254      0.000
    GRITO7_2$1        -0.815      0.046    -17.579      0.000
    GRITO7_2$2         0.508      0.044     11.584      0.000
    GRITO7_2$3         1.252      0.053     23.680      0.000
    GRITO7_2$4         2.106      0.080     26.359      0.000
    GRITO8_2$1        -2.233      0.109    -20.421      0.000
    GRITO8_2$2        -0.870      0.073    -11.847      0.000
    GRITO8_2$3         0.153      0.066      2.324      0.020
    GRITO8_2$4         1.755      0.096     18.276      0.000

 Variances
    GRITO_2            1.000      0.000    999.000    999.000

 Residual Variances
    GRITO1_2           1.000      0.000    999.000    999.000
    GRITO5_2           1.000      0.000    999.000    999.000
    GRITO6_2           1.000      0.000    999.000    999.000
    GRITO7_2           1.000      0.000    999.000    999.000
    GRITO8_2           1.000      0.000    999.000    999.000

Group FEMALE

 GRITO_2  BY
    GRITO1_2           0.294      0.032      9.033      0.000
    GRITO5_2           0.868      0.060     14.519      0.000
    GRITO6_2           0.508      0.039     13.121      0.000
    GRITO7_2           0.526      0.040     13.018      0.000
    GRITO8_2           1.151      0.087     13.170      0.000

 GRITO1_2 WITH
    GRITO6_2           0.345      0.036      9.666      0.000
    GRITO7_2           0.070      0.039      1.788      0.074

 Means
    GRITO_2           -0.147      0.068     -2.166      0.030

 Thresholds
    GRITO1_2$1        -1.264      0.047    -26.795      0.000
    GRITO1_2$2        -0.384      0.038    -10.172      0.000
    GRITO1_2$3         0.298      0.037      7.960      0.000
    GRITO1_2$4         1.555      0.055     28.170      0.000
    GRITO5_2$1        -2.110      0.087    -24.206      0.000
    GRITO5_2$2        -0.626      0.056    -11.076      0.000
    GRITO5_2$3         0.201      0.054      3.719      0.000
    GRITO5_2$4         1.438      0.068     21.222      0.000
    GRITO6_2$1        -2.055      0.074    -27.590      0.000
    GRITO6_2$2        -1.311      0.053    -24.786      0.000
    GRITO6_2$3        -0.354      0.042     -8.320      0.000
    GRITO6_2$4         1.251      0.052     24.254      0.000
    GRITO7_2$1        -0.815      0.046    -17.579      0.000
    GRITO7_2$2         0.508      0.044     11.584      0.000
    GRITO7_2$3         1.252      0.053     23.680      0.000
    GRITO7_2$4         2.106      0.080     26.359      0.000
    GRITO8_2$1        -2.233      0.109    -20.421      0.000
    GRITO8_2$2        -0.870      0.073    -11.847      0.000
    GRITO8_2$3         0.153      0.066      2.324      0.020
    GRITO8_2$4         1.755      0.096     18.276      0.000

 Variances
    GRITO_2            1.166      0.138      8.479      0.000

 Residual Variances
    GRITO1_2           1.000      0.000    999.000    999.000
    GRITO5_2           1.000      0.000    999.000    999.000
    GRITO6_2           1.000      0.000    999.000    999.000
    GRITO7_2           1.000      0.000    999.000    999.000
    GRITO8_2           1.000      0.000    999.000    999.000


STANDARDIZED MODEL RESULTS


STDYX Standardization

                                                    Two-Tailed
                    Estimate       S.E.  Est./S.E.    P-Value

Group MALE

 GRITO_2  BY
    GRITO1_2           0.282      0.029      9.812      0.000
    GRITO5_2           0.656      0.026     25.461      0.000
    GRITO6_2           0.453      0.027     16.512      0.000
    GRITO7_2           0.466      0.028     16.627      0.000
    GRITO8_2           0.755      0.025     30.613      0.000

 GRITO1_2 WITH
    GRITO6_2           0.258      0.040      6.468      0.000
    GRITO7_2          -0.100      0.043     -2.313      0.021

 Means
    GRITO_2            0.000      0.000    999.000    999.000

 Thresholds
    GRITO1_2$1        -1.212      0.045    -27.226      0.000
    GRITO1_2$2        -0.369      0.036    -10.228      0.000
    GRITO1_2$3         0.286      0.036      7.937      0.000
    GRITO1_2$4         1.492      0.053     28.088      0.000
    GRITO5_2$1        -1.593      0.062    -25.829      0.000
    GRITO5_2$2        -0.472      0.042    -11.260      0.000
    GRITO5_2$3         0.152      0.041      3.718      0.000
    GRITO5_2$4         1.086      0.050     21.685      0.000
    GRITO6_2$1        -1.832      0.066    -27.565      0.000
    GRITO6_2$2        -1.169      0.046    -25.330      0.000
    GRITO6_2$3        -0.315      0.038     -8.392      0.000
    GRITO6_2$4         1.115      0.047     23.974      0.000
    GRITO7_2$1        -0.722      0.040    -17.869      0.000
    GRITO7_2$2         0.449      0.039     11.584      0.000
    GRITO7_2$3         1.108      0.047     23.752      0.000
    GRITO7_2$4         1.863      0.071     26.131      0.000
    GRITO8_2$1        -1.465      0.061    -23.832      0.000
    GRITO8_2$2        -0.571      0.045    -12.642      0.000
    GRITO8_2$3         0.100      0.043      2.325      0.020
    GRITO8_2$4         1.151      0.055     20.925      0.000

 Variances
    GRITO_2            1.000      0.000    999.000    999.000

 Residual Variances
    GRITO1_2           0.921      0.016     56.925      0.000
    GRITO5_2           0.570      0.034     16.892      0.000
    GRITO6_2           0.795      0.025     31.951      0.000
    GRITO7_2           0.783      0.026     29.991      0.000
    GRITO8_2           0.430      0.037     11.557      0.000

Group FEMALE

 GRITO_2  BY
    GRITO1_2           0.302      0.030     10.047      0.000
    GRITO5_2           0.684      0.024     28.452      0.000
    GRITO6_2           0.481      0.028     17.350      0.000
    GRITO7_2           0.494      0.029     17.083      0.000
    GRITO8_2           0.779      0.023     33.767      0.000

 GRITO1_2 WITH
    GRITO6_2           0.345      0.036      9.666      0.000
    GRITO7_2           0.070      0.039      1.788      0.074

 Means
    GRITO_2           -0.136      0.063     -2.151      0.031

 Thresholds
    GRITO1_2$1        -1.205      0.045    -27.021      0.000
    GRITO1_2$2        -0.366      0.036    -10.229      0.000
    GRITO1_2$3         0.284      0.036      7.931      0.000
    GRITO1_2$4         1.482      0.053     27.799      0.000
    GRITO5_2$1        -1.539      0.060    -25.651      0.000
    GRITO5_2$2        -0.456      0.041    -11.144      0.000
    GRITO5_2$3         0.147      0.039      3.731      0.000
    GRITO5_2$4         1.049      0.049     21.431      0.000
    GRITO6_2$1        -1.801      0.065    -27.770      0.000
    GRITO6_2$2        -1.149      0.046    -25.187      0.000
    GRITO6_2$3        -0.310      0.037     -8.367      0.000
    GRITO6_2$4         1.096      0.046     24.043      0.000
    GRITO7_2$1        -0.709      0.040    -17.788      0.000
    GRITO7_2$2         0.442      0.038     11.548      0.000
    GRITO7_2$3         1.089      0.046     23.616      0.000
    GRITO7_2$4         1.831      0.070     26.063      0.000
    GRITO8_2$1        -1.400      0.060    -23.481      0.000
    GRITO8_2$2        -0.546      0.044    -12.433      0.000
    GRITO8_2$3         0.096      0.041      2.333      0.020
    GRITO8_2$4         1.100      0.052     21.100      0.000

 Variances
    GRITO_2            1.000      0.000    999.000    999.000

 Residual Variances
    GRITO1_2           0.909      0.018     49.989      0.000
    GRITO5_2           0.532      0.033     16.188      0.000
    GRITO6_2           0.768      0.027     28.791      0.000
    GRITO7_2           0.756      0.029     26.425      0.000
    GRITO8_2           0.393      0.036     10.932      0.000


R-SQUARE

Group MALE

    Observed                                        Two-Tailed     Scale
    Variable        Estimate       S.E.  Est./S.E.    P-Value     Factors

    GRITO1_2           0.079      0.016      4.906      0.000      0.960
    GRITO5_2           0.430      0.034     12.731      0.000      0.755
    GRITO6_2           0.205      0.025      8.256      0.000      0.891
    GRITO7_2           0.217      0.026      8.313      0.000      0.885
    GRITO8_2           0.570      0.037     15.307      0.000      0.656

Group FEMALE

    Observed                                        Two-Tailed     Scale
    Variable        Estimate       S.E.  Est./S.E.    P-Value     Factors

    GRITO1_2           0.091      0.018      5.024      0.000      0.953
    GRITO5_2           0.468      0.033     14.226      0.000      0.730
    GRITO6_2           0.232      0.027      8.675      0.000      0.877
    GRITO7_2           0.244      0.029      8.541      0.000      0.869
    GRITO8_2           0.607      0.036     16.884      0.000      0.627


QUALITY OF NUMERICAL RESULTS

     Condition Number for the Information Matrix              0.106E-01
       (ratio of smallest to largest eigenvalue)


MODEL MODIFICATION INDICES

Minimum M.I. value for printing the modification index    10.000

                                   M.I.     E.P.C.  Std E.P.C.  StdYX E.P.C.
Group MALE


WITH Statements

GRITO7_2 WITH GRITO6_2            11.052    -0.165     -0.165       -0.165

Group FEMALE


No modification indices above the minimum value.



SAVEDATA INFORMATION


  Difference testing

  Save file
    grito2_student_gender_inv_scalar.dat
  Save format      Free

     Beginning Time:  15:44:13
        Ending Time:  15:44:13
       Elapsed Time:  00:00:00



MUTHEN & MUTHEN
3463 Stoner Ave.
Los Angeles, CA  90066

Tel: (310) 391-9971
Fax: (310) 391-8971
Web: www.StatModel.com
Support: Support@StatModel.com

Copyright (c) 1998-2019 Muthen & Muthen
