Mplus VERSION 8.4 (Mac)
MUTHEN & MUTHEN
11/02/2023   3:44 PM

INPUT INSTRUCTIONS

  Title: Student Grit Treatment Measurement Invariance Configural Model;

  Data:
     File is ../dat_stu_2.txt;

  Variable:
     Names are studentid girl age_w grito1_2 grito5_2 grito6_2
     grito7_2 grito8_2 grit1_2 grit2_2 grit3_2 grit4_2 grit5_2
     grit6_2 grit7_2 grit8_2 loc1_2 loc2_2 loc3_2 loc4_2 dass1_2
     dass2_2 dass3_2 dass4_2 dass5_2 dass6_2 dass7_2 dass8_2
     dass9_2 dass10_2 dass11_2 dass12_2 dass13_2 dass14_2
     dass15_2 dass16_2 dass17_2 dass18_2 dass19_2 dass20_2 dass21_2
     treatment half;
     Missing are . ;

    Usevariable are
  	grito1_2 grito5_2 grito6_2 grito7_2 grito8_2;

    Categorical is
  	grito1_2 grito5_2 grito6_2 grito7_2 grito8_2;

    Idvariable is studentid;

    Group is treatment (1 = Treated 0 = Control);

  Analysis:
     Estimator = wlsmv;
     Parameterization = theta;


  !!! Model for Control Group !!!

  Model:
    ! Factor loadings all freely estimated
    grito_2 by
      grito1_2* grito5_2* grito6_2* grito7_2* grito8_2* (L1-L5);

    grito1_2 with grito6_2; !worded positively
    grito1_2 with grito7_2; !both about schoolwork

    !estimating thresholds freely
    [grito1_2$1* grito5_2$1* grito6_2$1* grito7_2$1* grito8_2$1*] (T1_1 T5_1 T6_1 T7_1 T8_1)
    [grito1_2$2* grito5_2$2* grito6_2$2* grito7_2$2* grito8_2$2*] (T1_2 T5_2 T6_2 T7_2 T8_2)
    [grito1_2$3* grito5_2$3* grito6_2$3* grito7_2$3* grito8_2$3*] (T1_3 T5_3 T6_3 T7_3 T8_3)
    [grito1_2$4* grito5_2$4* grito6_2$4* grito7_2$4* grito8_2$4*] (T1_4 T5_4 T6_4 T7_4 T8_4)

    !constraining item residual variance to 1 for identification
    grito1_2@1;
    grito5_2@1;
    grito6_2@1;
    grito7_2@1;
    grito8_2@1;

    !fixing latent mean to zero for identification
    [grito_2@0];

    !fixing latent variance to one for identification
    grito_2@1;

  !!! Model for Treatment Group !!!

  Model Treated:
    ! Factor loadings all freely estimated
    grito_2 by
      grito1_2* grito5_2* grito6_2* grito7_2* grito8_2*;

    grito1_2 with grito6_2; !worded positively
    grito1_2 with grito7_2; !both about schoolwork

    !estimating thresholds freely
    [grito1_2$1* grito5_2$1* grito6_2$1* grito7_2$1* grito8_2$1*];
    [grito1_2$2* grito5_2$2* grito6_2$2* grito7_2$2* grito8_2$2*];
    [grito1_2$3* grito5_2$3* grito6_2$3* grito7_2$3* grito8_2$3*];
    [grito1_2$4* grito5_2$4* grito6_2$4* grito7_2$4* grito8_2$4*];

    !constraining item residual variance to 1 for identification
    grito1_2@1;
    grito5_2@1;
    grito6_2@1;
    grito7_2@1;
    grito8_2@1;

    !fixing latent mean to zero for identification
    [grito_2@0];

    !fixing latent variance to one for identification
    grito_2@1;

  Output: sampstat stdyx modindices(all);
  Savedata: Difftest is grito2_student_tx_inv_config.dat;



*** WARNING
  Input line exceeded 90 characters. Some input may be truncated.
    [grito1_2$1* grito5_2$1* grito6_2$1* grito7_2$1* grito8_2$1*] (T1_1 T5_1 T6_1 T7_1 T8_1);
*** WARNING
  Input line exceeded 90 characters. Some input may be truncated.
    [grito1_2$2* grito5_2$2* grito6_2$2* grito7_2$2* grito8_2$2*] (T1_2 T5_2 T6_2 T7_2 T8_2);
*** WARNING
  Input line exceeded 90 characters. Some input may be truncated.
    [grito1_2$3* grito5_2$3* grito6_2$3* grito7_2$3* grito8_2$3*] (T1_3 T5_3 T6_3 T7_3 T8_3);
*** WARNING
  Input line exceeded 90 characters. Some input may be truncated.
    [grito1_2$4* grito5_2$4* grito6_2$4* grito7_2$4* grito8_2$4*] (T1_4 T5_4 T6_4 T7_4 T8_4);
   4 WARNING(S) FOUND IN THE INPUT INSTRUCTIONS



Student Grit Treatment Measurement Invariance Configural Model;

SUMMARY OF ANALYSIS

Number of groups                                                 2
Number of observations
   Group CONTROL                                               628
   Group TREATED                                               740
   Total sample size                                          1368

Number of dependent variables                                    5
Number of independent variables                                  0
Number of continuous latent variables                            1

Observed dependent variables

  Binary and ordered categorical (ordinal)
   GRITO1_2    GRITO5_2    GRITO6_2    GRITO7_2    GRITO8_2

Continuous latent variables
   GRITO_2

Variables with special functions

  Grouping variable     TREATMEN
  ID variable           STUDENTI

Estimator                                                    WLSMV
Maximum number of iterations                                  1000
Convergence criterion                                    0.500D-04
Maximum number of steepest descent iterations                   20
Maximum number of iterations for H1                           2000
Convergence criterion for H1                             0.100D-03
Parameterization                                             THETA
Link                                                        PROBIT

Input data file(s)
  ../dat_stu_2.txt

Input data format  FREE


SUMMARY OF DATA

   Group CONTROL
     Number of missing data patterns             1

   Group TREATED
     Number of missing data patterns             1


COVARIANCE COVERAGE OF DATA

Minimum covariance coverage value   0.100


     PROPORTION OF DATA PRESENT FOR CONTROL


           Covariance Coverage
              GRITO1_2      GRITO5_2      GRITO6_2      GRITO7_2      GRITO8_2
              ________      ________      ________      ________      ________
 GRITO1_2       1.000
 GRITO5_2       1.000         1.000
 GRITO6_2       1.000         1.000         1.000
 GRITO7_2       1.000         1.000         1.000         1.000
 GRITO8_2       1.000         1.000         1.000         1.000         1.000


     PROPORTION OF DATA PRESENT FOR TREATED


           Covariance Coverage
              GRITO1_2      GRITO5_2      GRITO6_2      GRITO7_2      GRITO8_2
              ________      ________      ________      ________      ________
 GRITO1_2       1.000
 GRITO5_2       1.000         1.000
 GRITO6_2       1.000         1.000         1.000
 GRITO7_2       1.000         1.000         1.000         1.000
 GRITO8_2       1.000         1.000         1.000         1.000         1.000


UNIVARIATE PROPORTIONS AND COUNTS FOR CATEGORICAL VARIABLES

  Group CONTROL
    GRITO1_2
      Category 1    0.131           82.000
      Category 2    0.274          172.000
      Category 3    0.274          172.000
      Category 4    0.258          162.000
      Category 5    0.064           40.000
    GRITO5_2
      Category 1    0.067           42.000
      Category 2    0.287          180.000
      Category 3    0.237          149.000
      Category 4    0.266          167.000
      Category 5    0.143           90.000
    GRITO6_2
      Category 1    0.038           24.000
      Category 2    0.118           74.000
      Category 3    0.277          174.000
      Category 4    0.462          290.000
      Category 5    0.105           66.000
    GRITO7_2
      Category 1    0.252          158.000
      Category 2    0.419          263.000
      Category 3    0.194          122.000
      Category 4    0.108           68.000
      Category 5    0.027           17.000
    GRITO8_2
      Category 1    0.102           64.000
      Category 2    0.215          135.000
      Category 3    0.264          166.000
      Category 4    0.318          200.000
      Category 5    0.100           63.000

  Group TREATED
    GRITO1_2
      Category 1    0.107           79.000
      Category 2    0.224          166.000
      Category 3    0.241          178.000
      Category 4    0.361          267.000
      Category 5    0.068           50.000
    GRITO5_2
      Category 1    0.064           47.000
      Category 2    0.264          195.000
      Category 3    0.241          178.000
      Category 4    0.309          229.000
      Category 5    0.123           91.000
    GRITO6_2
      Category 1    0.036           27.000
      Category 2    0.072           53.000
      Category 3    0.246          182.000
      Category 4    0.500          370.000
      Category 5    0.146          108.000
    GRITO7_2
      Category 1    0.246          182.000
      Category 2    0.451          334.000
      Category 3    0.180          133.000
      Category 4    0.091           67.000
      Category 5    0.032           24.000
    GRITO8_2
      Category 1    0.070           52.000
      Category 2    0.230          170.000
      Category 3    0.243          180.000
      Category 4    0.322          238.000
      Category 5    0.135          100.000


SAMPLE STATISTICS


     ESTIMATED SAMPLE STATISTICS FOR CONTROL


           MEANS/INTERCEPTS/THRESHOLDS
              GRITO1_2      GRITO1_2      GRITO1_2      GRITO1_2      GRITO5_2
              ________      ________      ________      ________      ________
               -1.124        -0.242         0.463         1.524        -1.499


           MEANS/INTERCEPTS/THRESHOLDS
              GRITO5_2      GRITO5_2      GRITO5_2      GRITO6_2      GRITO6_2
              ________      ________      ________      ________      ________
               -0.376         0.230         1.066        -1.772        -1.011


           MEANS/INTERCEPTS/THRESHOLDS
              GRITO6_2      GRITO6_2      GRITO7_2      GRITO7_2      GRITO7_2
              ________      ________      ________      ________      ________
               -0.168         1.253        -0.669         0.441         1.101


           MEANS/INTERCEPTS/THRESHOLDS
              GRITO7_2      GRITO8_2      GRITO8_2      GRITO8_2      GRITO8_2
              ________      ________      ________      ________      ________
                1.926        -1.271        -0.476         0.205         1.280


           CORRELATION MATRIX (WITH VARIANCES ON THE DIAGONAL)
              GRITO1_2      GRITO5_2      GRITO6_2      GRITO7_2      GRITO8_2
              ________      ________      ________      ________      ________
 GRITO1_2
 GRITO5_2       0.132
 GRITO6_2       0.401         0.279
 GRITO7_2       0.131         0.345         0.139
 GRITO8_2       0.229         0.486         0.407         0.367


     ESTIMATED SAMPLE STATISTICS FOR TREATED


           MEANS/INTERCEPTS/THRESHOLDS
              GRITO1_2      GRITO1_2      GRITO1_2      GRITO1_2      GRITO5_2
              ________      ________      ________      ________      ________
               -1.244        -0.437         0.181         1.494        -1.526


           MEANS/INTERCEPTS/THRESHOLDS
              GRITO5_2      GRITO5_2      GRITO5_2      GRITO6_2      GRITO6_2
              ________      ________      ________      ________      ________
               -0.448         0.170         1.160        -1.793        -1.237


           MEANS/INTERCEPTS/THRESHOLDS
              GRITO6_2      GRITO6_2      GRITO7_2      GRITO7_2      GRITO7_2
              ________      ________      ________      ________      ________
               -0.374         1.054        -0.687         0.517         1.160


           MEANS/INTERCEPTS/THRESHOLDS
              GRITO7_2      GRITO8_2      GRITO8_2      GRITO8_2      GRITO8_2
              ________      ________      ________      ________      ________
                1.846        -1.474        -0.524         0.109         1.102


           CORRELATION MATRIX (WITH VARIANCES ON THE DIAGONAL)
              GRITO1_2      GRITO5_2      GRITO6_2      GRITO7_2      GRITO8_2
              ________      ________      ________      ________      ________
 GRITO1_2
 GRITO5_2       0.233
 GRITO6_2       0.371         0.350
 GRITO7_2       0.139         0.380         0.177
 GRITO8_2       0.229         0.521         0.368         0.369


THE MODEL ESTIMATION TERMINATED NORMALLY



MODEL FIT INFORMATION

Number of Free Parameters                       54

Chi-Square Test of Model Fit

          Value                             23.087*
          Degrees of Freedom                     6
          P-Value                           0.0008

Chi-Square Contribution From Each Group

          CONTROL                           16.232
          TREATED                            6.855

*   The chi-square value for MLM, MLMV, MLR, ULSMV, WLSM and WLSMV cannot be used
    for chi-square difference testing in the regular way.  MLM, MLR and WLSM
    chi-square difference testing is described on the Mplus website.  MLMV, WLSMV,
    and ULSMV difference testing is done using the DIFFTEST option.

RMSEA (Root Mean Square Error Of Approximation)

          Estimate                           0.065
          90 Percent C.I.                    0.038  0.093
          Probability RMSEA <= .05           0.167

CFI/TLI

          CFI                                0.990
          TLI                                0.967

Chi-Square Test of Model Fit for the Baseline Model

          Value                           1761.422
          Degrees of Freedom                    20
          P-Value                           0.0000

SRMR (Standardized Root Mean Square Residual)

          Value                              0.015

Optimum Function Value for Weighted Least-Squares Estimator

          Value                     0.45346447D-02



MODEL RESULTS

                                                    Two-Tailed
                    Estimate       S.E.  Est./S.E.    P-Value

Group CONTROL

 GRITO_2  BY
    GRITO1_2           0.264      0.046      5.705      0.000
    GRITO5_2           0.773      0.068     11.281      0.000
    GRITO6_2           0.518      0.053      9.763      0.000
    GRITO7_2           0.517      0.055      9.379      0.000
    GRITO8_2           1.442      0.184      7.845      0.000

 GRITO1_2 WITH
    GRITO6_2           0.330      0.039      8.547      0.000
    GRITO7_2           0.016      0.038      0.405      0.685

 Means
    GRITO_2            0.000      0.000    999.000    999.000

 Thresholds
    GRITO1_2$1        -1.162      0.065    -17.754      0.000
    GRITO1_2$2        -0.250      0.052     -4.783      0.000
    GRITO1_2$3         0.479      0.054      8.890      0.000
    GRITO1_2$4         1.577      0.081     19.496      0.000
    GRITO5_2$1        -1.895      0.105    -18.089      0.000
    GRITO5_2$2        -0.475      0.065     -7.290      0.000
    GRITO5_2$3         0.290      0.064      4.503      0.000
    GRITO5_2$4         1.346      0.081     16.527      0.000
    GRITO6_2$1        -1.996      0.105    -18.967      0.000
    GRITO6_2$2        -1.138      0.069    -16.414      0.000
    GRITO6_2$3        -0.190      0.057     -3.349      0.001
    GRITO6_2$4         1.411      0.077     18.361      0.000
    GRITO7_2$1        -0.754      0.061    -12.311      0.000
    GRITO7_2$2         0.496      0.059      8.434      0.000
    GRITO7_2$3         1.240      0.072     17.140      0.000
    GRITO7_2$4         2.168      0.119     18.290      0.000
    GRITO8_2$1        -2.230      0.190    -11.729      0.000
    GRITO8_2$2        -0.836      0.109     -7.702      0.000
    GRITO8_2$3         0.360      0.093      3.861      0.000
    GRITO8_2$4         2.246      0.213     10.533      0.000

 Variances
    GRITO_2            1.000      0.000    999.000    999.000

 Residual Variances
    GRITO1_2           1.000      0.000    999.000    999.000
    GRITO5_2           1.000      0.000    999.000    999.000
    GRITO6_2           1.000      0.000    999.000    999.000
    GRITO7_2           1.000      0.000    999.000    999.000
    GRITO8_2           1.000      0.000    999.000    999.000

Group TREATED

 GRITO_2  BY
    GRITO1_2           0.333      0.045      7.337      0.000
    GRITO5_2           1.062      0.088     12.032      0.000
    GRITO6_2           0.536      0.052     10.305      0.000
    GRITO7_2           0.567      0.054     10.420      0.000
    GRITO8_2           1.074      0.092     11.664      0.000

 GRITO1_2 WITH
    GRITO6_2           0.265      0.037      7.229      0.000
    GRITO7_2          -0.021      0.039     -0.534      0.593

 Means
    GRITO_2            0.000      0.000    999.000    999.000

 Thresholds
    GRITO1_2$1        -1.311      0.065    -20.030      0.000
    GRITO1_2$2        -0.461      0.050     -9.137      0.000
    GRITO1_2$3         0.190      0.049      3.894      0.000
    GRITO1_2$4         1.575      0.075     21.083      0.000
    GRITO5_2$1        -2.226      0.125    -17.869      0.000
    GRITO5_2$2        -0.654      0.072     -9.125      0.000
    GRITO5_2$3         0.248      0.068      3.633      0.000
    GRITO5_2$4         1.693      0.101     16.836      0.000
    GRITO6_2$1        -2.034      0.099    -20.525      0.000
    GRITO6_2$2        -1.403      0.072    -19.502      0.000
    GRITO6_2$3        -0.425      0.054     -7.851      0.000
    GRITO6_2$4         1.196      0.066     18.248      0.000
    GRITO7_2$1        -0.790      0.058    -13.511      0.000
    GRITO7_2$2         0.594      0.057     10.482      0.000
    GRITO7_2$3         1.334      0.071     18.775      0.000
    GRITO7_2$4         2.122      0.105     20.167      0.000
    GRITO8_2$1        -2.163      0.126    -17.220      0.000
    GRITO8_2$2        -0.770      0.076    -10.192      0.000
    GRITO8_2$3         0.159      0.068      2.341      0.019
    GRITO8_2$4         1.618      0.098     16.457      0.000

 Variances
    GRITO_2            1.000      0.000    999.000    999.000

 Residual Variances
    GRITO1_2           1.000      0.000    999.000    999.000
    GRITO5_2           1.000      0.000    999.000    999.000
    GRITO6_2           1.000      0.000    999.000    999.000
    GRITO7_2           1.000      0.000    999.000    999.000
    GRITO8_2           1.000      0.000    999.000    999.000


STANDARDIZED MODEL RESULTS


STDYX Standardization

                                                    Two-Tailed
                    Estimate       S.E.  Est./S.E.    P-Value

Group CONTROL

 GRITO_2  BY
    GRITO1_2           0.255      0.042      6.102      0.000
    GRITO5_2           0.611      0.034     18.015      0.000
    GRITO6_2           0.460      0.037     12.382      0.000
    GRITO7_2           0.459      0.039     11.889      0.000
    GRITO8_2           0.822      0.034     24.158      0.000

 GRITO1_2 WITH
    GRITO6_2           0.330      0.039      8.547      0.000
    GRITO7_2           0.016      0.038      0.405      0.685

 Means
    GRITO_2            0.000      0.000    999.000    999.000

 Thresholds
    GRITO1_2$1        -1.124      0.063    -17.735      0.000
    GRITO1_2$2        -0.242      0.051     -4.784      0.000
    GRITO1_2$3         0.463      0.052      8.904      0.000
    GRITO1_2$4         1.525      0.078     19.527      0.000
    GRITO5_2$1        -1.499      0.077    -19.498      0.000
    GRITO5_2$2        -0.376      0.051     -7.325      0.000
    GRITO5_2$3         0.230      0.050      4.545      0.000
    GRITO5_2$4         1.065      0.062     17.232      0.000
    GRITO6_2$1        -1.772      0.092    -19.232      0.000
    GRITO6_2$2        -1.011      0.061    -16.708      0.000
    GRITO6_2$3        -0.168      0.050     -3.351      0.001
    GRITO6_2$4         1.253      0.067     18.632      0.000
    GRITO7_2$1        -0.669      0.054    -12.328      0.000
    GRITO7_2$2         0.441      0.052      8.509      0.000
    GRITO7_2$3         1.101      0.063     17.548      0.000
    GRITO7_2$4         1.926      0.104     18.578      0.000
    GRITO8_2$1        -1.271      0.068    -18.729      0.000
    GRITO8_2$2        -0.476      0.052     -9.139      0.000
    GRITO8_2$3         0.205      0.050      4.067      0.000
    GRITO8_2$4         1.280      0.068     18.777      0.000

 Variances
    GRITO_2            1.000      0.000    999.000    999.000

 Residual Variances
    GRITO1_2           0.935      0.021     43.764      0.000
    GRITO5_2           0.626      0.042     15.089      0.000
    GRITO6_2           0.788      0.034     23.078      0.000
    GRITO7_2           0.789      0.036     22.218      0.000
    GRITO8_2           0.325      0.056      5.809      0.000

Group TREATED

 GRITO_2  BY
    GRITO1_2           0.316      0.039      8.153      0.000
    GRITO5_2           0.728      0.028     25.608      0.000
    GRITO6_2           0.473      0.036     13.267      0.000
    GRITO7_2           0.493      0.036     13.767      0.000
    GRITO8_2           0.732      0.029     25.119      0.000

 GRITO1_2 WITH
    GRITO6_2           0.265      0.037      7.229      0.000
    GRITO7_2          -0.021      0.039     -0.534      0.593

 Means
    GRITO_2            0.000      0.000    999.000    999.000

 Thresholds
    GRITO1_2$1        -1.244      0.062    -20.167      0.000
    GRITO1_2$2        -0.437      0.048     -9.158      0.000
    GRITO1_2$3         0.181      0.046      3.895      0.000
    GRITO1_2$4         1.494      0.071     21.156      0.000
    GRITO5_2$1        -1.526      0.072    -21.197      0.000
    GRITO5_2$2        -0.448      0.048     -9.376      0.000
    GRITO5_2$3         0.170      0.046      3.674      0.000
    GRITO5_2$4         1.160      0.059     19.559      0.000
    GRITO6_2$1        -1.793      0.086    -20.795      0.000
    GRITO6_2$2        -1.237      0.061    -20.118      0.000
    GRITO6_2$3        -0.374      0.047     -7.921      0.000
    GRITO6_2$4         1.054      0.057     18.590      0.000
    GRITO7_2$1        -0.687      0.050    -13.677      0.000
    GRITO7_2$2         0.517      0.048     10.679      0.000
    GRITO7_2$3         1.160      0.059     19.558      0.000
    GRITO7_2$4         1.846      0.090     20.576      0.000
    GRITO8_2$1        -1.474      0.070    -21.122      0.000
    GRITO8_2$2        -0.524      0.048    -10.823      0.000
    GRITO8_2$3         0.109      0.046      2.352      0.019
    GRITO8_2$4         1.102      0.058     19.058      0.000

 Variances
    GRITO_2            1.000      0.000    999.000    999.000

 Residual Variances
    GRITO1_2           0.900      0.025     36.656      0.000
    GRITO5_2           0.470      0.041     11.348      0.000
    GRITO6_2           0.777      0.034     23.073      0.000
    GRITO7_2           0.757      0.035     21.429      0.000
    GRITO8_2           0.464      0.043     10.887      0.000


R-SQUARE

Group CONTROL

    Observed                                        Two-Tailed     Scale
    Variable        Estimate       S.E.  Est./S.E.    P-Value     Factors

    GRITO1_2           0.065      0.021      3.051      0.002      0.967
    GRITO5_2           0.374      0.042      9.007      0.000      0.791
    GRITO6_2           0.212      0.034      6.191      0.000      0.888
    GRITO7_2           0.211      0.036      5.944      0.000      0.888
    GRITO8_2           0.675      0.056     12.079      0.000      0.570

Group TREATED

    Observed                                        Two-Tailed     Scale
    Variable        Estimate       S.E.  Est./S.E.    P-Value     Factors

    GRITO1_2           0.100      0.025      4.076      0.000      0.949
    GRITO5_2           0.530      0.041     12.804      0.000      0.685
    GRITO6_2           0.223      0.034      6.634      0.000      0.881
    GRITO7_2           0.243      0.035      6.883      0.000      0.870
    GRITO8_2           0.536      0.043     12.559      0.000      0.681


QUALITY OF NUMERICAL RESULTS

     Condition Number for the Information Matrix              0.408E-02
       (ratio of smallest to largest eigenvalue)


MODEL MODIFICATION INDICES

Minimum M.I. value for printing the modification index    10.000

                                   M.I.     E.P.C.  Std E.P.C.  StdYX E.P.C.
Group CONTROL


ON Statements

GRITO5_2 ON GRITO7_2              12.322     0.192      0.192        0.171
GRITO7_2 ON GRITO5_2              12.331     0.191      0.191        0.215
GRITO8_2 ON GRITO6_2              11.297     0.354      0.354        0.227

WITH Statements

GRITO7_2 WITH GRITO5_2            12.358     0.192      0.192        0.192

Group TREATED


No modification indices above the minimum value.



SAVEDATA INFORMATION


  Difference testing

  Save file
    grito2_student_tx_inv_config.dat
  Save format      Free

     Beginning Time:  15:44:05
        Ending Time:  15:44:05
       Elapsed Time:  00:00:00



MUTHEN & MUTHEN
3463 Stoner Ave.
Los Angeles, CA  90066

Tel: (310) 391-9971
Fax: (310) 391-8971
Web: www.StatModel.com
Support: Support@StatModel.com

Copyright (c) 1998-2019 Muthen & Muthen
