Mplus VERSION 8.4 (Mac)
MUTHEN & MUTHEN
11/02/2023   3:44 PM

INPUT INSTRUCTIONS

  Title: Student Grit Gender Measurement Invariance Configural Model;

  Data:
     File is ../dat_stu_2.txt;

  Variable:
     Names are studentid girl age_w grito1_2 grito5_2 grito6_2
     grito7_2 grito8_2 grit1_2 grit2_2 grit3_2 grit4_2 grit5_2
     grit6_2 grit7_2 grit8_2 loc1_2 loc2_2 loc3_2 loc4_2 dass1_2
     dass2_2 dass3_2 dass4_2 dass5_2 dass6_2 dass7_2 dass8_2
     dass9_2 dass10_2 dass11_2 dass12_2 dass13_2 dass14_2
     dass15_2 dass16_2 dass17_2 dass18_2 dass19_2 dass20_2 dass21_2
     treatment half;
     Missing are . ;

    Usevariable are
  	grito1_2 grito5_2 grito6_2 grito7_2 grito8_2;

    Categorical is
  	grito1_2 grito5_2 grito6_2 grito7_2 grito8_2;

    Idvariable is studentid;

    Group is girl (1 = Female 0 = Male);

  Analysis:
     Estimator = wlsmv;
     Parameterization = theta;


  !!! Model for Male !!!

  Model:
    ! Factor loadings all freely estimated
    grito_2 by
      grito1_2* grito5_2* grito6_2* grito7_2* grito8_2* (L1-L5);

    grito1_2 with grito6_2; !worded positively
    grito1_2 with grito7_2; !both about schoolwork

    !estimating thresholds freely
    [grito1_2$1* grito5_2$1* grito6_2$1* grito7_2$1* grito8_2$1*] (T1_1 T5_1 T6_1 T7_1 T8_1)
    [grito1_2$2* grito5_2$2* grito6_2$2* grito7_2$2* grito8_2$2*] (T1_2 T5_2 T6_2 T7_2 T8_2)
    [grito1_2$3* grito5_2$3* grito6_2$3* grito7_2$3* grito8_2$3*] (T1_3 T5_3 T6_3 T7_3 T8_3)
    [grito1_2$4* grito5_2$4* grito6_2$4* grito7_2$4* grito8_2$4*] (T1_4 T5_4 T6_4 T7_4 T8_4)

    !constraining item residual variance to 1 for identification
    grito1_2@1;
    grito5_2@1;
    grito6_2@1;
    grito7_2@1;
    grito8_2@1;

    !fixing latent mean to zero for identification
    [grito_2@0];

    !fixing latent variance to one for identification
    grito_2@1;

  !!! Model for Female !!!

  Model Female:
    ! Factor loadings all freely estimated
    grito_2 by
      grito1_2* grito5_2* grito6_2* grito7_2* grito8_2*;

    grito1_2 with grito6_2; !worded positively
    grito1_2 with grito7_2; !both about schoolwork

    !estimating thresholds freely
    [grito1_2$1* grito5_2$1* grito6_2$1* grito7_2$1* grito8_2$1*];
    [grito1_2$2* grito5_2$2* grito6_2$2* grito7_2$2* grito8_2$2*];
    [grito1_2$3* grito5_2$3* grito6_2$3* grito7_2$3* grito8_2$3*];
    [grito1_2$4* grito5_2$4* grito6_2$4* grito7_2$4* grito8_2$4*];

    !constraining item residual variance to 1 for identification
    grito1_2@1;
    grito5_2@1;
    grito6_2@1;
    grito7_2@1;
    grito8_2@1;

    !fixing latent mean to zero for identification
    [grito_2@0];

    !fixing latent variance to one for identification
    grito_2@1;

  Output: sampstat stdyx modindices(all);
  Savedata: Difftest is grito2_student_gender_inv_config.dat;



*** WARNING
  Input line exceeded 90 characters. Some input may be truncated.
    [grito1_2$1* grito5_2$1* grito6_2$1* grito7_2$1* grito8_2$1*] (T1_1 T5_1 T6_1 T7_1 T8_1);
*** WARNING
  Input line exceeded 90 characters. Some input may be truncated.
    [grito1_2$2* grito5_2$2* grito6_2$2* grito7_2$2* grito8_2$2*] (T1_2 T5_2 T6_2 T7_2 T8_2);
*** WARNING
  Input line exceeded 90 characters. Some input may be truncated.
    [grito1_2$3* grito5_2$3* grito6_2$3* grito7_2$3* grito8_2$3*] (T1_3 T5_3 T6_3 T7_3 T8_3);
*** WARNING
  Input line exceeded 90 characters. Some input may be truncated.
    [grito1_2$4* grito5_2$4* grito6_2$4* grito7_2$4* grito8_2$4*] (T1_4 T5_4 T6_4 T7_4 T8_4);
   4 WARNING(S) FOUND IN THE INPUT INSTRUCTIONS



Student Grit Gender Measurement Invariance Configural Model;

SUMMARY OF ANALYSIS

Number of groups                                                 2
Number of observations
   Group MALE                                                  655
   Group FEMALE                                                713
   Total sample size                                          1368

Number of dependent variables                                    5
Number of independent variables                                  0
Number of continuous latent variables                            1

Observed dependent variables

  Binary and ordered categorical (ordinal)
   GRITO1_2    GRITO5_2    GRITO6_2    GRITO7_2    GRITO8_2

Continuous latent variables
   GRITO_2

Variables with special functions

  Grouping variable     GIRL
  ID variable           STUDENTI

Estimator                                                    WLSMV
Maximum number of iterations                                  1000
Convergence criterion                                    0.500D-04
Maximum number of steepest descent iterations                   20
Maximum number of iterations for H1                           2000
Convergence criterion for H1                             0.100D-03
Parameterization                                             THETA
Link                                                        PROBIT

Input data file(s)
  ../dat_stu_2.txt

Input data format  FREE


SUMMARY OF DATA

   Group MALE
     Number of missing data patterns             1

   Group FEMALE
     Number of missing data patterns             1


COVARIANCE COVERAGE OF DATA

Minimum covariance coverage value   0.100


     PROPORTION OF DATA PRESENT FOR MALE


           Covariance Coverage
              GRITO1_2      GRITO5_2      GRITO6_2      GRITO7_2      GRITO8_2
              ________      ________      ________      ________      ________
 GRITO1_2       1.000
 GRITO5_2       1.000         1.000
 GRITO6_2       1.000         1.000         1.000
 GRITO7_2       1.000         1.000         1.000         1.000
 GRITO8_2       1.000         1.000         1.000         1.000         1.000


     PROPORTION OF DATA PRESENT FOR FEMALE


           Covariance Coverage
              GRITO1_2      GRITO5_2      GRITO6_2      GRITO7_2      GRITO8_2
              ________      ________      ________      ________      ________
 GRITO1_2       1.000
 GRITO5_2       1.000         1.000
 GRITO6_2       1.000         1.000         1.000
 GRITO7_2       1.000         1.000         1.000         1.000
 GRITO8_2       1.000         1.000         1.000         1.000         1.000


UNIVARIATE PROPORTIONS AND COUNTS FOR CATEGORICAL VARIABLES

  Group MALE
    GRITO1_2
      Category 1    0.115           75.000
      Category 2    0.231          151.000
      Category 3    0.237          155.000
      Category 4    0.350          229.000
      Category 5    0.069           45.000
    GRITO5_2
      Category 1    0.058           38.000
      Category 2    0.255          167.000
      Category 3    0.252          165.000
      Category 4    0.292          191.000
      Category 5    0.144           94.000
    GRITO6_2
      Category 1    0.038           25.000
      Category 2    0.096           63.000
      Category 3    0.250          164.000
      Category 4    0.493          323.000
      Category 5    0.122           80.000
    GRITO7_2
      Category 1    0.227          149.000
      Category 2    0.414          271.000
      Category 3    0.220          144.000
      Category 4    0.108           71.000
      Category 5    0.031           20.000
    GRITO8_2
      Category 1    0.078           51.000
      Category 2    0.215          141.000
      Category 3    0.250          164.000
      Category 4    0.331          217.000
      Category 5    0.125           82.000

  Group FEMALE
    GRITO1_2
      Category 1    0.121           86.000
      Category 2    0.262          187.000
      Category 3    0.273          195.000
      Category 4    0.281          200.000
      Category 5    0.063           45.000
    GRITO5_2
      Category 1    0.072           51.000
      Category 2    0.292          208.000
      Category 3    0.227          162.000
      Category 4    0.288          205.000
      Category 5    0.122           87.000
    GRITO6_2
      Category 1    0.036           26.000
      Category 2    0.090           64.000
      Category 3    0.269          192.000
      Category 4    0.473          337.000
      Category 5    0.132           94.000
    GRITO7_2
      Category 1    0.268          191.000
      Category 2    0.457          326.000
      Category 3    0.156          111.000
      Category 4    0.090           64.000
      Category 5    0.029           21.000
    GRITO8_2
      Category 1    0.091           65.000
      Category 2    0.230          164.000
      Category 3    0.255          182.000
      Category 4    0.310          221.000
      Category 5    0.114           81.000


SAMPLE STATISTICS


     ESTIMATED SAMPLE STATISTICS FOR MALE


           MEANS/INTERCEPTS/THRESHOLDS
              GRITO1_2      GRITO1_2      GRITO1_2      GRITO1_2      GRITO5_2
              ________      ________      ________      ________      ________
               -1.203        -0.399         0.206         1.486        -1.572


           MEANS/INTERCEPTS/THRESHOLDS
              GRITO5_2      GRITO5_2      GRITO5_2      GRITO6_2      GRITO6_2
              ________      ________      ________      ________      ________
               -0.487         0.163         1.065        -1.772        -1.106


           MEANS/INTERCEPTS/THRESHOLDS
              GRITO6_2      GRITO6_2      GRITO7_2      GRITO7_2      GRITO7_2
              ________      ________      ________      ________      ________
               -0.293         1.164        -0.747         0.362         1.085


           MEANS/INTERCEPTS/THRESHOLDS
              GRITO7_2      GRITO8_2      GRITO8_2      GRITO8_2      GRITO8_2
              ________      ________      ________      ________      ________
                1.873        -1.420        -0.544         0.109         1.149


           CORRELATION MATRIX (WITH VARIANCES ON THE DIAGONAL)
              GRITO1_2      GRITO5_2      GRITO6_2      GRITO7_2      GRITO8_2
              ________      ________      ________      ________      ________
 GRITO1_2
 GRITO5_2       0.153
 GRITO6_2       0.348         0.244
 GRITO7_2       0.047         0.360         0.103
 GRITO8_2       0.235         0.472         0.396         0.342


     ESTIMATED SAMPLE STATISTICS FOR FEMALE


           MEANS/INTERCEPTS/THRESHOLDS
              GRITO1_2      GRITO1_2      GRITO1_2      GRITO1_2      GRITO5_2
              ________      ________      ________      ________      ________
               -1.172        -0.298         0.403         1.529        -1.464


           MEANS/INTERCEPTS/THRESHOLDS
              GRITO5_2      GRITO5_2      GRITO5_2      GRITO6_2      GRITO6_2
              ________      ________      ________      ________      ________
               -0.350         0.229         1.165        -1.793        -1.144


           MEANS/INTERCEPTS/THRESHOLDS
              GRITO6_2      GRITO6_2      GRITO7_2      GRITO7_2      GRITO7_2
              ________      ________      ________      ________      ________
               -0.265         1.118        -0.619         0.598         1.179


           MEANS/INTERCEPTS/THRESHOLDS
              GRITO7_2      GRITO8_2      GRITO8_2      GRITO8_2      GRITO8_2
              ________      ________      ________      ________      ________
                1.889        -1.334        -0.464         0.193         1.208


           CORRELATION MATRIX (WITH VARIANCES ON THE DIAGONAL)
              GRITO1_2      GRITO5_2      GRITO6_2      GRITO7_2      GRITO8_2
              ________      ________      ________      ________      ________
 GRITO1_2
 GRITO5_2       0.211
 GRITO6_2       0.433         0.382
 GRITO7_2       0.207         0.359         0.210
 GRITO8_2       0.228         0.528         0.381         0.388


THE MODEL ESTIMATION TERMINATED NORMALLY



MODEL FIT INFORMATION

Number of Free Parameters                       54

Chi-Square Test of Model Fit

          Value                             32.633*
          Degrees of Freedom                     6
          P-Value                           0.0000

Chi-Square Contribution From Each Group

          MALE                              28.954
          FEMALE                             3.679

*   The chi-square value for MLM, MLMV, MLR, ULSMV, WLSM and WLSMV cannot be used
    for chi-square difference testing in the regular way.  MLM, MLR and WLSM
    chi-square difference testing is described on the Mplus website.  MLMV, WLSMV,
    and ULSMV difference testing is done using the DIFFTEST option.

RMSEA (Root Mean Square Error Of Approximation)

          Estimate                           0.081
          90 Percent C.I.                    0.055  0.109
          Probability RMSEA <= .05           0.027

CFI/TLI

          CFI                                0.985
          TLI                                0.950

Chi-Square Test of Model Fit for the Baseline Model

          Value                           1794.823
          Degrees of Freedom                    20
          P-Value                           0.0000

SRMR (Standardized Root Mean Square Residual)

          Value                              0.017

Optimum Function Value for Weighted Least-Squares Estimator

          Value                     0.64936035D-02



MODEL RESULTS

                                                    Two-Tailed
                    Estimate       S.E.  Est./S.E.    P-Value

Group MALE

 GRITO_2  BY
    GRITO1_2           0.287      0.045      6.382      0.000
    GRITO5_2           0.771      0.069     11.252      0.000
    GRITO6_2           0.478      0.053      9.041      0.000
    GRITO7_2           0.504      0.055      9.149      0.000
    GRITO8_2           1.368      0.177      7.741      0.000

 GRITO1_2 WITH
    GRITO6_2           0.264      0.040      6.679      0.000
    GRITO7_2          -0.091      0.040     -2.277      0.023

 Means
    GRITO_2            0.000      0.000    999.000    999.000

 Thresholds
    GRITO1_2$1        -1.252      0.067    -18.678      0.000
    GRITO1_2$2        -0.415      0.053     -7.902      0.000
    GRITO1_2$3         0.215      0.051      4.180      0.000
    GRITO1_2$4         1.546      0.078     19.927      0.000
    GRITO5_2$1        -1.984      0.106    -18.670      0.000
    GRITO5_2$2        -0.615      0.065     -9.436      0.000
    GRITO5_2$3         0.206      0.062      3.309      0.001
    GRITO5_2$4         1.345      0.080     16.906      0.000
    GRITO6_2$1        -1.965      0.101    -19.531      0.000
    GRITO6_2$2        -1.226      0.070    -17.562      0.000
    GRITO6_2$3        -0.325      0.055     -5.866      0.000
    GRITO6_2$4         1.291      0.071     18.168      0.000
    GRITO7_2$1        -0.837      0.061    -13.693      0.000
    GRITO7_2$2         0.405      0.057      7.157      0.000
    GRITO7_2$3         1.215      0.070     17.299      0.000
    GRITO7_2$4         2.097      0.111     18.840      0.000
    GRITO8_2$1        -2.406      0.212    -11.354      0.000
    GRITO8_2$2        -0.922      0.110     -8.405      0.000
    GRITO8_2$3         0.185      0.085      2.191      0.028
    GRITO8_2$4         1.948      0.180     10.839      0.000

 Variances
    GRITO_2            1.000      0.000    999.000    999.000

 Residual Variances
    GRITO1_2           1.000      0.000    999.000    999.000
    GRITO5_2           1.000      0.000    999.000    999.000
    GRITO6_2           1.000      0.000    999.000    999.000
    GRITO7_2           1.000      0.000    999.000    999.000
    GRITO8_2           1.000      0.000    999.000    999.000

Group FEMALE

 GRITO_2  BY
    GRITO1_2           0.314      0.046      6.838      0.000
    GRITO5_2           1.029      0.088     11.739      0.000
    GRITO6_2           0.589      0.052     11.311      0.000
    GRITO7_2           0.569      0.054     10.489      0.000
    GRITO8_2           1.127      0.096     11.776      0.000

 GRITO1_2 WITH
    GRITO6_2           0.343      0.036      9.497      0.000
    GRITO7_2           0.072      0.038      1.900      0.057

 Means
    GRITO_2            0.000      0.000    999.000    999.000

 Thresholds
    GRITO1_2$1        -1.228      0.064    -19.224      0.000
    GRITO1_2$2        -0.312      0.050     -6.241      0.000
    GRITO1_2$3         0.422      0.051      8.310      0.000
    GRITO1_2$4         1.603      0.078     20.681      0.000
    GRITO5_2$1        -2.101      0.122    -17.234      0.000
    GRITO5_2$2        -0.502      0.070     -7.170      0.000
    GRITO5_2$3         0.328      0.070      4.710      0.000
    GRITO5_2$4         1.671      0.102     16.401      0.000
    GRITO6_2$1        -2.082      0.104    -20.065      0.000
    GRITO6_2$2        -1.328      0.071    -18.667      0.000
    GRITO6_2$3        -0.308      0.055     -5.560      0.000
    GRITO6_2$4         1.297      0.070     18.514      0.000
    GRITO7_2$1        -0.713      0.058    -12.218      0.000
    GRITO7_2$2         0.688      0.059     11.696      0.000
    GRITO7_2$3         1.357      0.073     18.688      0.000
    GRITO7_2$4         2.173      0.110     19.730      0.000
    GRITO8_2$1        -2.010      0.114    -17.685      0.000
    GRITO8_2$2        -0.700      0.077     -9.113      0.000
    GRITO8_2$3         0.291      0.072      4.012      0.000
    GRITO8_2$4         1.820      0.114     15.983      0.000

 Variances
    GRITO_2            1.000      0.000    999.000    999.000

 Residual Variances
    GRITO1_2           1.000      0.000    999.000    999.000
    GRITO5_2           1.000      0.000    999.000    999.000
    GRITO6_2           1.000      0.000    999.000    999.000
    GRITO7_2           1.000      0.000    999.000    999.000
    GRITO8_2           1.000      0.000    999.000    999.000


STANDARDIZED MODEL RESULTS


STDYX Standardization

                                                    Two-Tailed
                    Estimate       S.E.  Est./S.E.    P-Value

Group MALE

 GRITO_2  BY
    GRITO1_2           0.276      0.040      6.909      0.000
    GRITO5_2           0.610      0.034     17.937      0.000
    GRITO6_2           0.431      0.039     11.107      0.000
    GRITO7_2           0.450      0.039     11.477      0.000
    GRITO8_2           0.807      0.036     22.229      0.000

 GRITO1_2 WITH
    GRITO6_2           0.264      0.040      6.679      0.000
    GRITO7_2          -0.091      0.040     -2.277      0.023

 Means
    GRITO_2            0.000      0.000    999.000    999.000

 Thresholds
    GRITO1_2$1        -1.203      0.064    -18.709      0.000
    GRITO1_2$2        -0.399      0.050     -7.913      0.000
    GRITO1_2$3         0.206      0.049      4.179      0.000
    GRITO1_2$4         1.486      0.075     19.892      0.000
    GRITO5_2$1        -1.572      0.079    -19.963      0.000
    GRITO5_2$2        -0.487      0.051     -9.531      0.000
    GRITO5_2$3         0.163      0.049      3.320      0.001
    GRITO5_2$4         1.065      0.061     17.596      0.000
    GRITO6_2$1        -1.773      0.090    -19.643      0.000
    GRITO6_2$2        -1.106      0.062    -17.964      0.000
    GRITO6_2$3        -0.293      0.050     -5.892      0.000
    GRITO6_2$4         1.165      0.063     18.435      0.000
    GRITO7_2$1        -0.747      0.054    -13.765      0.000
    GRITO7_2$2         0.362      0.050      7.213      0.000
    GRITO7_2$3         1.085      0.061     17.779      0.000
    GRITO7_2$4         1.872      0.097     19.230      0.000
    GRITO8_2$1        -1.420      0.072    -19.748      0.000
    GRITO8_2$2        -0.544      0.052    -10.526      0.000
    GRITO8_2$3         0.109      0.049      2.227      0.026
    GRITO8_2$4         1.149      0.063     18.317      0.000

 Variances
    GRITO_2            1.000      0.000    999.000    999.000

 Residual Variances
    GRITO1_2           0.924      0.022     41.808      0.000
    GRITO5_2           0.627      0.042     15.096      0.000
    GRITO6_2           0.814      0.033     24.307      0.000
    GRITO7_2           0.797      0.035     22.551      0.000
    GRITO8_2           0.348      0.059      5.939      0.000

Group FEMALE

 GRITO_2  BY
    GRITO1_2           0.299      0.040      7.511      0.000
    GRITO5_2           0.717      0.030     24.166      0.000
    GRITO6_2           0.508      0.033     15.238      0.000
    GRITO7_2           0.495      0.036     13.888      0.000
    GRITO8_2           0.748      0.028     26.738      0.000

 GRITO1_2 WITH
    GRITO6_2           0.343      0.036      9.497      0.000
    GRITO7_2           0.072      0.038      1.900      0.057

 Means
    GRITO_2            0.000      0.000    999.000    999.000

 Thresholds
    GRITO1_2$1        -1.172      0.061    -19.288      0.000
    GRITO1_2$2        -0.298      0.048     -6.245      0.000
    GRITO1_2$3         0.403      0.048      8.328      0.000
    GRITO1_2$4         1.529      0.073     20.812      0.000
    GRITO5_2$1        -1.464      0.071    -20.710      0.000
    GRITO5_2$2        -0.350      0.048     -7.287      0.000
    GRITO5_2$3         0.229      0.047      4.826      0.000
    GRITO5_2$4         1.165      0.061     19.236      0.000
    GRITO6_2$1        -1.793      0.088    -20.416      0.000
    GRITO6_2$2        -1.144      0.060    -19.072      0.000
    GRITO6_2$3        -0.265      0.048     -5.574      0.000
    GRITO6_2$4         1.118      0.059     18.846      0.000
    GRITO7_2$1        -0.619      0.050    -12.297      0.000
    GRITO7_2$2         0.598      0.050     11.934      0.000
    GRITO7_2$3         1.179      0.061     19.344      0.000
    GRITO7_2$4         1.889      0.094     19.987      0.000
    GRITO8_2$1        -1.334      0.066    -20.283      0.000
    GRITO8_2$2        -0.465      0.049     -9.514      0.000
    GRITO8_2$3         0.193      0.047      4.081      0.000
    GRITO8_2$4         1.208      0.062     19.554      0.000

 Variances
    GRITO_2            1.000      0.000    999.000    999.000

 Residual Variances
    GRITO1_2           0.910      0.024     38.143      0.000
    GRITO5_2           0.486      0.043     11.414      0.000
    GRITO6_2           0.742      0.034     21.946      0.000
    GRITO7_2           0.755      0.035     21.426      0.000
    GRITO8_2           0.440      0.042     10.522      0.000


R-SQUARE

Group MALE

    Observed                                        Two-Tailed     Scale
    Variable        Estimate       S.E.  Est./S.E.    P-Value     Factors

    GRITO1_2           0.076      0.022      3.455      0.001      0.961
    GRITO5_2           0.373      0.042      8.968      0.000      0.792
    GRITO6_2           0.186      0.033      5.553      0.000      0.902
    GRITO7_2           0.203      0.035      5.739      0.000      0.893
    GRITO8_2           0.652      0.059     11.115      0.000      0.590

Group FEMALE

    Observed                                        Two-Tailed     Scale
    Variable        Estimate       S.E.  Est./S.E.    P-Value     Factors

    GRITO1_2           0.090      0.024      3.756      0.000      0.954
    GRITO5_2           0.514      0.043     12.083      0.000      0.697
    GRITO6_2           0.258      0.034      7.619      0.000      0.862
    GRITO7_2           0.245      0.035      6.944      0.000      0.869
    GRITO8_2           0.560      0.042     13.369      0.000      0.664


QUALITY OF NUMERICAL RESULTS

     Condition Number for the Information Matrix              0.479E-02
       (ratio of smallest to largest eigenvalue)


MODEL MODIFICATION INDICES

Minimum M.I. value for printing the modification index    10.000

                                   M.I.     E.P.C.  Std E.P.C.  StdYX E.P.C.
Group MALE


ON Statements

GRITO5_2 ON GRITO7_2              23.405     0.254      0.254        0.226
GRITO5_2 ON GRITO8_2              15.180    -0.701     -0.701       -0.941
GRITO6_2 ON GRITO1_2              15.284     1.775      1.775        1.666
GRITO6_2 ON GRITO6_2             999.000     0.000      0.000        0.000
GRITO6_2 ON GRITO7_2              14.987    -0.159     -0.159       -0.161
GRITO6_2 ON GRITO8_2              18.356     0.385      0.385        0.588
GRITO7_2 ON GRITO1_2              14.998    -0.603     -0.603       -0.560
GRITO7_2 ON GRITO5_2              24.282     0.268      0.268        0.303
GRITO7_2 ON GRITO6_2              14.993    -0.159     -0.159       -0.158
GRITO8_2 ON GRITO5_2              15.170    -0.701     -0.701       -0.522
GRITO8_2 ON GRITO6_2              23.275     0.462      0.462        0.302

WITH Statements

GRITO7_2 WITH GRITO5_2            24.299     0.269      0.269        0.269
GRITO7_2 WITH GRITO6_2            14.985    -0.159     -0.159       -0.159
GRITO8_2 WITH GRITO5_2            15.114    -0.699     -0.699       -0.699
GRITO8_2 WITH GRITO6_2            18.372     0.385      0.385        0.385

Group FEMALE


No modification indices above the minimum value.



SAVEDATA INFORMATION


  Difference testing

  Save file
    grito2_student_gender_inv_config.dat
  Save format      Free

     Beginning Time:  15:44:10
        Ending Time:  15:44:10
       Elapsed Time:  00:00:00



MUTHEN & MUTHEN
3463 Stoner Ave.
Los Angeles, CA  90066

Tel: (310) 391-9971
Fax: (310) 391-8971
Web: www.StatModel.com
Support: Support@StatModel.com

Copyright (c) 1998-2019 Muthen & Muthen
