Mplus VERSION 8.4 (Mac)
MUTHEN & MUTHEN
11/02/2023   3:44 PM

INPUT INSTRUCTIONS

  Title: Student Grit Treatment Measurement Invariance Scalar Model;

  Data:
     File is ../dat_stu_2.txt;

  Variable:
     Names are studentid girl age_w grito1_2 grito5_2 grito6_2
     grito7_2 grito8_2 grit1_2 grit2_2 grit3_2 grit4_2 grit5_2
     grit6_2 grit7_2 grit8_2 loc1_2 loc2_2 loc3_2 loc4_2 dass1_2
     dass2_2 dass3_2 dass4_2 dass5_2 dass6_2 dass7_2 dass8_2
     dass9_2 dass10_2 dass11_2 dass12_2 dass13_2 dass14_2
     dass15_2 dass16_2 dass17_2 dass18_2 dass19_2 dass20_2 dass21_2
     treatment half;
     Missing are . ;

    Usevariable are
  	grito1_2 grito5_2 grito6_2 grito7_2 grito8_2;

    Categorical is
  	grito1_2 grito5_2 grito6_2 grito7_2 grito8_2;

    Idvariable is studentid;

    Group is treatment (1 = Treated 0 = Control);

  Analysis:
     Estimator = wlsmv;
     Parameterization = theta;
     Difftest = grito2_student_tx_inv_metric.dat


  !!! Model for Control Group !!!

  Model:
  ! Factor loadings all freely estimated
    grito_2 by
      grito1_2* grito5_2* grito6_2* grito7_2* grito8_2* (L1-L5);

    grito1_2 with grito6_2; !worded positively
    grito1_2 with grito7_2; !both about schoolwork

    !estimating thresholds freely
    [grito1_2$1* grito5_2$1* grito6_2$1* grito7_2$1* grito8_2$1*] (T1_1 T5_1 T6_1 T7_1 T8_1)
    [grito1_2$2* grito5_2$2* grito6_2$2* grito7_2$2* grito8_2$2*] (T1_2 T5_2 T6_2 T7_2 T8_2)
    [grito1_2$3* grito5_2$3* grito6_2$3* grito7_2$3* grito8_2$3*] (T1_3 T5_3 T6_3 T7_3 T8_3)
    [grito1_2$4* grito5_2$4* grito6_2$4* grito7_2$4* grito8_2$4*] (T1_4 T5_4 T6_4 T7_4 T8_4)

    !constraining item residual variance to 1 for identification
    grito1_2@1;
    grito5_2@1;
    grito6_2@1;
    grito7_2@1;
    grito8_2@1;

    !fixing latent mean to zero for identification
    [grito_2@0];

    !fixing latent variance to one for identification
    grito_2@1;

  !!! Model for Treatment Group !!!

  Model Treated:
    ! Factor loadings constrained to *be equal to the control group*
    grito_2 by
      grito1_2* grito5_2* grito6_2* grito7_2* grito8_2* (L1-L5);

    grito1_2 with grito6_2; !worded positively
    grito1_2 with grito7_2; !both about schoolwork

    ! *thresholds held equal to the control group when left blank*

    ! constraining item residual variance to 1 for identification
    grito1_2@1;
    grito5_2@1;
    grito6_2@1;
    grito7_2@1;
    grito8_2@1;

    ! latent factor mean *estimated*
    [grito_2*];

    ! latent factor variance *estimated*
    grito_2*;

  Output: sampstat stdyx modindices(all);
  Savedata: Difftest is grito2_student_tx_inv_scalar.dat;



*** WARNING
  Input line exceeded 90 characters. Some input may be truncated.
    [grito1_2$1* grito5_2$1* grito6_2$1* grito7_2$1* grito8_2$1*] (T1_1 T5_1 T6_1 T7_1 T8_1);
*** WARNING
  Input line exceeded 90 characters. Some input may be truncated.
    [grito1_2$2* grito5_2$2* grito6_2$2* grito7_2$2* grito8_2$2*] (T1_2 T5_2 T6_2 T7_2 T8_2);
*** WARNING
  Input line exceeded 90 characters. Some input may be truncated.
    [grito1_2$3* grito5_2$3* grito6_2$3* grito7_2$3* grito8_2$3*] (T1_3 T5_3 T6_3 T7_3 T8_3);
*** WARNING
  Input line exceeded 90 characters. Some input may be truncated.
    [grito1_2$4* grito5_2$4* grito6_2$4* grito7_2$4* grito8_2$4*] (T1_4 T5_4 T6_4 T7_4 T8_4);
   4 WARNING(S) FOUND IN THE INPUT INSTRUCTIONS



Student Grit Treatment Measurement Invariance Scalar Model;

SUMMARY OF ANALYSIS

Number of groups                                                 2
Number of observations
   Group CONTROL                                               628
   Group TREATED                                               740
   Total sample size                                          1368

Number of dependent variables                                    5
Number of independent variables                                  0
Number of continuous latent variables                            1

Observed dependent variables

  Binary and ordered categorical (ordinal)
   GRITO1_2    GRITO5_2    GRITO6_2    GRITO7_2    GRITO8_2

Continuous latent variables
   GRITO_2

Variables with special functions

  Grouping variable     TREATMEN
  ID variable           STUDENTI

Estimator                                                    WLSMV
Maximum number of iterations                                  1000
Convergence criterion                                    0.500D-04
Maximum number of steepest descent iterations                   20
Maximum number of iterations for H1                           2000
Convergence criterion for H1                             0.100D-03
Parameterization                                             THETA
Link                                                        PROBIT

Input data file(s)
  ../dat_stu_2.txt

Input data format  FREE


SUMMARY OF DATA

   Group CONTROL
     Number of missing data patterns             1

   Group TREATED
     Number of missing data patterns             1


COVARIANCE COVERAGE OF DATA

Minimum covariance coverage value   0.100


     PROPORTION OF DATA PRESENT FOR CONTROL


           Covariance Coverage
              GRITO1_2      GRITO5_2      GRITO6_2      GRITO7_2      GRITO8_2
              ________      ________      ________      ________      ________
 GRITO1_2       1.000
 GRITO5_2       1.000         1.000
 GRITO6_2       1.000         1.000         1.000
 GRITO7_2       1.000         1.000         1.000         1.000
 GRITO8_2       1.000         1.000         1.000         1.000         1.000


     PROPORTION OF DATA PRESENT FOR TREATED


           Covariance Coverage
              GRITO1_2      GRITO5_2      GRITO6_2      GRITO7_2      GRITO8_2
              ________      ________      ________      ________      ________
 GRITO1_2       1.000
 GRITO5_2       1.000         1.000
 GRITO6_2       1.000         1.000         1.000
 GRITO7_2       1.000         1.000         1.000         1.000
 GRITO8_2       1.000         1.000         1.000         1.000         1.000


UNIVARIATE PROPORTIONS AND COUNTS FOR CATEGORICAL VARIABLES

  Group CONTROL
    GRITO1_2
      Category 1    0.131           82.000
      Category 2    0.274          172.000
      Category 3    0.274          172.000
      Category 4    0.258          162.000
      Category 5    0.064           40.000
    GRITO5_2
      Category 1    0.067           42.000
      Category 2    0.287          180.000
      Category 3    0.237          149.000
      Category 4    0.266          167.000
      Category 5    0.143           90.000
    GRITO6_2
      Category 1    0.038           24.000
      Category 2    0.118           74.000
      Category 3    0.277          174.000
      Category 4    0.462          290.000
      Category 5    0.105           66.000
    GRITO7_2
      Category 1    0.252          158.000
      Category 2    0.419          263.000
      Category 3    0.194          122.000
      Category 4    0.108           68.000
      Category 5    0.027           17.000
    GRITO8_2
      Category 1    0.102           64.000
      Category 2    0.215          135.000
      Category 3    0.264          166.000
      Category 4    0.318          200.000
      Category 5    0.100           63.000

  Group TREATED
    GRITO1_2
      Category 1    0.107           79.000
      Category 2    0.224          166.000
      Category 3    0.241          178.000
      Category 4    0.361          267.000
      Category 5    0.068           50.000
    GRITO5_2
      Category 1    0.064           47.000
      Category 2    0.264          195.000
      Category 3    0.241          178.000
      Category 4    0.309          229.000
      Category 5    0.123           91.000
    GRITO6_2
      Category 1    0.036           27.000
      Category 2    0.072           53.000
      Category 3    0.246          182.000
      Category 4    0.500          370.000
      Category 5    0.146          108.000
    GRITO7_2
      Category 1    0.246          182.000
      Category 2    0.451          334.000
      Category 3    0.180          133.000
      Category 4    0.091           67.000
      Category 5    0.032           24.000
    GRITO8_2
      Category 1    0.070           52.000
      Category 2    0.230          170.000
      Category 3    0.243          180.000
      Category 4    0.322          238.000
      Category 5    0.135          100.000


SAMPLE STATISTICS


     ESTIMATED SAMPLE STATISTICS FOR CONTROL


           MEANS/INTERCEPTS/THRESHOLDS
              GRITO1_2      GRITO1_2      GRITO1_2      GRITO1_2      GRITO5_2
              ________      ________      ________      ________      ________
               -1.124        -0.242         0.463         1.524        -1.499


           MEANS/INTERCEPTS/THRESHOLDS
              GRITO5_2      GRITO5_2      GRITO5_2      GRITO6_2      GRITO6_2
              ________      ________      ________      ________      ________
               -0.376         0.230         1.066        -1.772        -1.011


           MEANS/INTERCEPTS/THRESHOLDS
              GRITO6_2      GRITO6_2      GRITO7_2      GRITO7_2      GRITO7_2
              ________      ________      ________      ________      ________
               -0.168         1.253        -0.669         0.441         1.101


           MEANS/INTERCEPTS/THRESHOLDS
              GRITO7_2      GRITO8_2      GRITO8_2      GRITO8_2      GRITO8_2
              ________      ________      ________      ________      ________
                1.926        -1.271        -0.476         0.205         1.280


           CORRELATION MATRIX (WITH VARIANCES ON THE DIAGONAL)
              GRITO1_2      GRITO5_2      GRITO6_2      GRITO7_2      GRITO8_2
              ________      ________      ________      ________      ________
 GRITO1_2
 GRITO5_2       0.132
 GRITO6_2       0.401         0.279
 GRITO7_2       0.131         0.345         0.139
 GRITO8_2       0.229         0.486         0.407         0.367


     ESTIMATED SAMPLE STATISTICS FOR TREATED


           MEANS/INTERCEPTS/THRESHOLDS
              GRITO1_2      GRITO1_2      GRITO1_2      GRITO1_2      GRITO5_2
              ________      ________      ________      ________      ________
               -1.244        -0.437         0.181         1.494        -1.526


           MEANS/INTERCEPTS/THRESHOLDS
              GRITO5_2      GRITO5_2      GRITO5_2      GRITO6_2      GRITO6_2
              ________      ________      ________      ________      ________
               -0.448         0.170         1.160        -1.793        -1.237


           MEANS/INTERCEPTS/THRESHOLDS
              GRITO6_2      GRITO6_2      GRITO7_2      GRITO7_2      GRITO7_2
              ________      ________      ________      ________      ________
               -0.374         1.054        -0.687         0.517         1.160


           MEANS/INTERCEPTS/THRESHOLDS
              GRITO7_2      GRITO8_2      GRITO8_2      GRITO8_2      GRITO8_2
              ________      ________      ________      ________      ________
                1.846        -1.474        -0.524         0.109         1.102


           CORRELATION MATRIX (WITH VARIANCES ON THE DIAGONAL)
              GRITO1_2      GRITO5_2      GRITO6_2      GRITO7_2      GRITO8_2
              ________      ________      ________      ________      ________
 GRITO1_2
 GRITO5_2       0.233
 GRITO6_2       0.371         0.350
 GRITO7_2       0.139         0.380         0.177
 GRITO8_2       0.229         0.521         0.368         0.369


THE MODEL ESTIMATION TERMINATED NORMALLY



MODEL FIT INFORMATION

Number of Free Parameters                       31

Chi-Square Test of Model Fit

          Value                             73.911*
          Degrees of Freedom                    29
          P-Value                           0.0000

Chi-Square Contribution From Each Group

          CONTROL                           41.631
          TREATED                           32.280

Chi-Square Test for Difference Testing

          Value                             50.684*
          Degrees of Freedom                    19
          P-Value                           0.0001

*   The chi-square value for MLM, MLMV, MLR, ULSMV, WLSM and WLSMV cannot be used
    for chi-square difference testing in the regular way.  MLM, MLR and WLSM
    chi-square difference testing is described on the Mplus website.  MLMV, WLSMV,
    and ULSMV difference testing is done using the DIFFTEST option.  The DIFFTEST
    option assumes the models are nested.  The NESTED option can be used to verify
    that the models are nested.

RMSEA (Root Mean Square Error Of Approximation)

          Estimate                           0.048
          90 Percent C.I.                    0.034  0.061
          Probability RMSEA <= .05           0.594

CFI/TLI

          CFI                                0.974
          TLI                                0.982

Chi-Square Test of Model Fit for the Baseline Model

          Value                           1761.422
          Degrees of Freedom                    20
          P-Value                           0.0000

SRMR (Standardized Root Mean Square Residual)

          Value                              0.022

Optimum Function Value for Weighted Least-Squares Estimator

          Value                     0.22718996D-01



MODEL RESULTS

                                                    Two-Tailed
                    Estimate       S.E.  Est./S.E.    P-Value

Group CONTROL

 GRITO_2  BY
    GRITO1_2           0.305      0.034      8.983      0.000
    GRITO5_2           0.885      0.060     14.730      0.000
    GRITO6_2           0.528      0.041     12.843      0.000
    GRITO7_2           0.533      0.042     12.661      0.000
    GRITO8_2           1.200      0.093     12.913      0.000

 GRITO1_2 WITH
    GRITO6_2           0.313      0.039      8.044      0.000
    GRITO7_2          -0.008      0.042     -0.185      0.854

 Means
    GRITO_2            0.000      0.000    999.000    999.000

 Thresholds
    GRITO1_2$1        -1.218      0.047    -25.838      0.000
    GRITO1_2$2        -0.337      0.038     -8.912      0.000
    GRITO1_2$3         0.346      0.038      9.159      0.000
    GRITO1_2$4         1.604      0.057     28.133      0.000
    GRITO5_2$1        -1.965      0.083    -23.676      0.000
    GRITO5_2$2        -0.487      0.056     -8.688      0.000
    GRITO5_2$3         0.337      0.056      6.039      0.000
    GRITO5_2$4         1.566      0.070     22.261      0.000
    GRITO6_2$1        -1.981      0.074    -26.764      0.000
    GRITO6_2$2        -1.234      0.053    -23.444      0.000
    GRITO6_2$3        -0.273      0.043     -6.338      0.000
    GRITO6_2$4         1.336      0.055     24.382      0.000
    GRITO7_2$1        -0.729      0.046    -16.026      0.000
    GRITO7_2$2         0.590      0.046     12.931      0.000
    GRITO7_2$3         1.329      0.054     24.469      0.000
    GRITO7_2$4         2.184      0.082     26.719      0.000
    GRITO8_2$1        -2.070      0.106    -19.471      0.000
    GRITO8_2$2        -0.696      0.073     -9.536      0.000
    GRITO8_2$3         0.337      0.070      4.831      0.000
    GRITO8_2$4         1.960      0.108     18.208      0.000

 Variances
    GRITO_2            1.000      0.000    999.000    999.000

 Residual Variances
    GRITO1_2           1.000      0.000    999.000    999.000
    GRITO5_2           1.000      0.000    999.000    999.000
    GRITO6_2           1.000      0.000    999.000    999.000
    GRITO7_2           1.000      0.000    999.000    999.000
    GRITO8_2           1.000      0.000    999.000    999.000

Group TREATED

 GRITO_2  BY
    GRITO1_2           0.305      0.034      8.983      0.000
    GRITO5_2           0.885      0.060     14.730      0.000
    GRITO6_2           0.528      0.041     12.843      0.000
    GRITO7_2           0.533      0.042     12.661      0.000
    GRITO8_2           1.200      0.093     12.913      0.000

 GRITO1_2 WITH
    GRITO6_2           0.272      0.037      7.287      0.000
    GRITO7_2          -0.006      0.040     -0.154      0.877

 Means
    GRITO_2            0.150      0.067      2.242      0.025

 Thresholds
    GRITO1_2$1        -1.218      0.047    -25.838      0.000
    GRITO1_2$2        -0.337      0.038     -8.912      0.000
    GRITO1_2$3         0.346      0.038      9.159      0.000
    GRITO1_2$4         1.604      0.057     28.133      0.000
    GRITO5_2$1        -1.965      0.083    -23.676      0.000
    GRITO5_2$2        -0.487      0.056     -8.688      0.000
    GRITO5_2$3         0.337      0.056      6.039      0.000
    GRITO5_2$4         1.566      0.070     22.261      0.000
    GRITO6_2$1        -1.981      0.074    -26.764      0.000
    GRITO6_2$2        -1.234      0.053    -23.444      0.000
    GRITO6_2$3        -0.273      0.043     -6.338      0.000
    GRITO6_2$4         1.336      0.055     24.382      0.000
    GRITO7_2$1        -0.729      0.046    -16.026      0.000
    GRITO7_2$2         0.590      0.046     12.931      0.000
    GRITO7_2$3         1.329      0.054     24.469      0.000
    GRITO7_2$4         2.184      0.082     26.719      0.000
    GRITO8_2$1        -2.070      0.106    -19.471      0.000
    GRITO8_2$2        -0.696      0.073     -9.536      0.000
    GRITO8_2$3         0.337      0.070      4.831      0.000
    GRITO8_2$4         1.960      0.108     18.208      0.000

 Variances
    GRITO_2            1.058      0.125      8.459      0.000

 Residual Variances
    GRITO1_2           1.000      0.000    999.000    999.000
    GRITO5_2           1.000      0.000    999.000    999.000
    GRITO6_2           1.000      0.000    999.000    999.000
    GRITO7_2           1.000      0.000    999.000    999.000
    GRITO8_2           1.000      0.000    999.000    999.000


STANDARDIZED MODEL RESULTS


STDYX Standardization

                                                    Two-Tailed
                    Estimate       S.E.  Est./S.E.    P-Value

Group CONTROL

 GRITO_2  BY
    GRITO1_2           0.292      0.030      9.819      0.000
    GRITO5_2           0.663      0.025     26.256      0.000
    GRITO6_2           0.467      0.028     16.424      0.000
    GRITO7_2           0.470      0.029     16.255      0.000
    GRITO8_2           0.768      0.024     31.513      0.000

 GRITO1_2 WITH
    GRITO6_2           0.313      0.039      8.044      0.000
    GRITO7_2          -0.008      0.042     -0.185      0.854

 Means
    GRITO_2            0.000      0.000    999.000    999.000

 Thresholds
    GRITO1_2$1        -1.165      0.045    -25.648      0.000
    GRITO1_2$2        -0.322      0.036     -8.884      0.000
    GRITO1_2$3         0.330      0.036      9.207      0.000
    GRITO1_2$4         1.534      0.054     28.341      0.000
    GRITO5_2$1        -1.472      0.061    -24.281      0.000
    GRITO5_2$2        -0.365      0.042     -8.650      0.000
    GRITO5_2$3         0.252      0.041      6.092      0.000
    GRITO5_2$4         1.173      0.052     22.709      0.000
    GRITO6_2$1        -1.752      0.066    -26.681      0.000
    GRITO6_2$2        -1.091      0.046    -23.598      0.000
    GRITO6_2$3        -0.241      0.038     -6.334      0.000
    GRITO6_2$4         1.182      0.048     24.386      0.000
    GRITO7_2$1        -0.644      0.041    -15.795      0.000
    GRITO7_2$2         0.520      0.039     13.178      0.000
    GRITO7_2$3         1.173      0.046     25.290      0.000
    GRITO7_2$4         1.927      0.072     26.921      0.000
    GRITO8_2$1        -1.325      0.059    -22.431      0.000
    GRITO8_2$2        -0.446      0.046     -9.788      0.000
    GRITO8_2$3         0.216      0.044      4.906      0.000
    GRITO8_2$4         1.255      0.059     21.184      0.000

 Variances
    GRITO_2            1.000      0.000    999.000    999.000

 Residual Variances
    GRITO1_2           0.915      0.017     52.716      0.000
    GRITO5_2           0.561      0.033     16.777      0.000
    GRITO6_2           0.782      0.027     29.449      0.000
    GRITO7_2           0.779      0.027     28.627      0.000
    GRITO8_2           0.410      0.037     10.938      0.000

Group TREATED

 GRITO_2  BY
    GRITO1_2           0.300      0.029     10.175      0.000
    GRITO5_2           0.673      0.024     28.531      0.000
    GRITO6_2           0.477      0.027     17.414      0.000
    GRITO7_2           0.481      0.028     17.206      0.000
    GRITO8_2           0.777      0.024     32.901      0.000

 GRITO1_2 WITH
    GRITO6_2           0.272      0.037      7.287      0.000
    GRITO7_2          -0.006      0.040     -0.154      0.877

 Means
    GRITO_2            0.146      0.064      2.261      0.024

 Thresholds
    GRITO1_2$1        -1.162      0.045    -25.541      0.000
    GRITO1_2$2        -0.322      0.036     -8.869      0.000
    GRITO1_2$3         0.330      0.036      9.218      0.000
    GRITO1_2$4         1.530      0.054     28.555      0.000
    GRITO5_2$1        -1.453      0.060    -24.038      0.000
    GRITO5_2$2        -0.360      0.042     -8.581      0.000
    GRITO5_2$3         0.249      0.041      6.131      0.000
    GRITO5_2$4         1.158      0.049     23.457      0.000
    GRITO6_2$1        -1.741      0.066    -26.349      0.000
    GRITO6_2$2        -1.084      0.047    -23.232      0.000
    GRITO6_2$3        -0.240      0.038     -6.316      0.000
    GRITO6_2$4         1.174      0.047     25.162      0.000
    GRITO7_2$1        -0.640      0.041    -15.778      0.000
    GRITO7_2$2         0.517      0.039     13.187      0.000
    GRITO7_2$3         1.166      0.046     25.294      0.000
    GRITO7_2$4         1.915      0.070     27.187      0.000
    GRITO8_2$1        -1.303      0.060    -21.812      0.000
    GRITO8_2$2        -0.438      0.045     -9.774      0.000
    GRITO8_2$3         0.212      0.043      4.927      0.000
    GRITO8_2$4         1.234      0.055     22.573      0.000

 Variances
    GRITO_2            1.000      0.000    999.000    999.000

 Residual Variances
    GRITO1_2           0.910      0.018     51.610      0.000
    GRITO5_2           0.547      0.032     17.225      0.000
    GRITO6_2           0.772      0.026     29.502      0.000
    GRITO7_2           0.769      0.027     28.629      0.000
    GRITO8_2           0.396      0.037     10.790      0.000


R-SQUARE

Group CONTROL

    Observed                                        Two-Tailed     Scale
    Variable        Estimate       S.E.  Est./S.E.    P-Value     Factors

    GRITO1_2           0.085      0.017      4.910      0.000      0.956
    GRITO5_2           0.439      0.033     13.128      0.000      0.749
    GRITO6_2           0.218      0.027      8.212      0.000      0.884
    GRITO7_2           0.221      0.027      8.128      0.000      0.883
    GRITO8_2           0.590      0.037     15.757      0.000      0.640

Group TREATED

    Observed                                        Two-Tailed     Scale
    Variable        Estimate       S.E.  Est./S.E.    P-Value     Factors

    GRITO1_2           0.090      0.018      5.087      0.000      0.954
    GRITO5_2           0.453      0.032     14.265      0.000      0.740
    GRITO6_2           0.228      0.026      8.707      0.000      0.879
    GRITO7_2           0.231      0.027      8.603      0.000      0.877
    GRITO8_2           0.604      0.037     16.451      0.000      0.629


QUALITY OF NUMERICAL RESULTS

     Condition Number for the Information Matrix              0.972E-02
       (ratio of smallest to largest eigenvalue)


MODEL MODIFICATION INDICES

Minimum M.I. value for printing the modification index    10.000

                                   M.I.     E.P.C.  Std E.P.C.  StdYX E.P.C.
Group CONTROL


Means/Intercepts/Thresholds

[ GRITO1_2 ]                      16.316    -0.170     -0.170       -0.163
[ GRITO6_2 ]                      10.644    -0.167     -0.167       -0.147
[ GRITO1_2 ]                      14.965     0.138      0.138        0.132

Group TREATED


Means/Intercepts/Thresholds

[ GRITO1_2 ]                      16.305     0.170      0.170        0.162
[ GRITO6_2 ]                      10.639     0.167      0.167        0.146
[ GRITO1_2 ]                      14.973    -0.146     -0.146       -0.139



SAVEDATA INFORMATION


  Difference testing

  Save file
    grito2_student_tx_inv_scalar.dat
  Save format      Free

     Beginning Time:  15:44:08
        Ending Time:  15:44:08
       Elapsed Time:  00:00:00



MUTHEN & MUTHEN
3463 Stoner Ave.
Los Angeles, CA  90066

Tel: (310) 391-9971
Fax: (310) 391-8971
Web: www.StatModel.com
Support: Support@StatModel.com

Copyright (c) 1998-2019 Muthen & Muthen
