Mplus VERSION 8.4 (Mac)
MUTHEN & MUTHEN
11/03/2023   3:27 PM

INPUT INSTRUCTIONS

  Title: Student Grit Gender Measurement Invariance Configural Model;

  Data:
     File is ../dat_stu_2.txt;

  Variable:
     Names are studentid girl age_w grito1_2 grito5_2 grito6_2
     grito7_2 grito8_2 grit1_2 grit2_2 grit3_2 grit4_2 grit5_2
     grit6_2 grit7_2 grit8_2 loc1_2 loc2_2 loc3_2 loc4_2 dass1_2
     dass2_2 dass3_2 dass4_2 dass5_2 dass6_2 dass7_2 dass8_2
     dass9_2 dass10_2 dass11_2 dass12_2 dass13_2 dass14_2
     dass15_2 dass16_2 dass17_2 dass18_2 dass19_2 dass20_2 dass21_2
     treatment half;
     Missing are . ;

    Usevariable are
  	grit1_2 grit2_2 grit3_2 grit4_2 grit5_2 grit6_2 grit7_2 grit8_2;

    Categorical is
  	grit1_2 grit2_2 grit3_2 grit4_2 grit5_2 grit6_2 grit7_2 grit8_2;

    Idvariable is studentid;

    Group is girl (1 = Female 0 = Male);

  Analysis:
     Estimator = wlsmv;
     Parameterization = theta;


  !!! Model for Male !!!

  Model:
    ! Factor loadings all freely estimated
    pers_2 by
      grit2_2* grit4_2* grit7_2* grit8_2* (L1-L4);

    goal_2 by
      grit1_2* grit3_2* grit5_2* grit6_2* (L5-L8);

    !estimating thresholds freely

    [grit1_2$1-grit8_2$1*] (T1_1-T1_8);
    [grit1_2$2-grit8_2$2*] (T2_1-T2_8);
    [grit1_2$3-grit8_2$3*] (T3_1-T3_8);
    [grit1_2$4-grit8_2$4*] (T4_1-T4_8);

    !constraining item residual variance to 1 for identification
    grit1_2-grit8_2@1;

    !fixing latent mean to zero for identification
    [pers_2@0];
    [goal_2@0];

    !fixing latent variance to one for identification
    pers_2@1;
    goal_2@1;


  !!! Model for Female !!!

  Model Female:
    ! Factor loadings all freely estimated
    pers_2 by
      grit2_2* grit4_2* grit7_2* grit8_2*;

    goal_2 by
      grit1_2* grit3_2* grit5_2* grit6_2*;

    !estimating thresholds freely

    [grit1_2$1-grit8_2$1*];
    [grit1_2$2-grit8_2$2*];
    [grit1_2$3-grit8_2$3*];
    [grit1_2$4-grit8_2$4*];

    !constraining item residual variance to 1 for identification
    grit1_2-grit8_2@1;

    !fixing latent mean to zero for identification
    [pers_2@0];
    [goal_2@0];

    !fixing latent variance to one for identification
    pers_2@1;
    goal_2@1;

  Output: sampstat stdyx modindices(all);
  Savedata: Difftest is grit2_student_gender_inv_config.dat;



INPUT READING TERMINATED NORMALLY



Student Grit Gender Measurement Invariance Configural Model;

SUMMARY OF ANALYSIS

Number of groups                                                 2
Number of observations
   Group MALE                                                  655
   Group FEMALE                                                713
   Total sample size                                          1368

Number of dependent variables                                    8
Number of independent variables                                  0
Number of continuous latent variables                            2

Observed dependent variables

  Binary and ordered categorical (ordinal)
   GRIT1_2     GRIT2_2     GRIT3_2     GRIT4_2     GRIT5_2     GRIT6_2
   GRIT7_2     GRIT8_2

Continuous latent variables
   PERS_2      GOAL_2

Variables with special functions

  Grouping variable     GIRL
  ID variable           STUDENTI

Estimator                                                    WLSMV
Maximum number of iterations                                  1000
Convergence criterion                                    0.500D-04
Maximum number of steepest descent iterations                   20
Maximum number of iterations for H1                           2000
Convergence criterion for H1                             0.100D-03
Parameterization                                             THETA
Link                                                        PROBIT

Input data file(s)
  ../dat_stu_2.txt

Input data format  FREE


SUMMARY OF DATA

   Group MALE
     Number of missing data patterns             1

   Group FEMALE
     Number of missing data patterns             1


COVARIANCE COVERAGE OF DATA

Minimum covariance coverage value   0.100


     PROPORTION OF DATA PRESENT FOR MALE


           Covariance Coverage
              GRIT1_2       GRIT2_2       GRIT3_2       GRIT4_2       GRIT5_2
              ________      ________      ________      ________      ________
 GRIT1_2        1.000
 GRIT2_2        1.000         1.000
 GRIT3_2        1.000         1.000         1.000
 GRIT4_2        1.000         1.000         1.000         1.000
 GRIT5_2        1.000         1.000         1.000         1.000         1.000
 GRIT6_2        1.000         1.000         1.000         1.000         1.000
 GRIT7_2        1.000         1.000         1.000         1.000         1.000
 GRIT8_2        1.000         1.000         1.000         1.000         1.000


           Covariance Coverage
              GRIT6_2       GRIT7_2       GRIT8_2
              ________      ________      ________
 GRIT6_2        1.000
 GRIT7_2        1.000         1.000
 GRIT8_2        1.000         1.000         1.000


     PROPORTION OF DATA PRESENT FOR FEMALE


           Covariance Coverage
              GRIT1_2       GRIT2_2       GRIT3_2       GRIT4_2       GRIT5_2
              ________      ________      ________      ________      ________
 GRIT1_2        1.000
 GRIT2_2        1.000         1.000
 GRIT3_2        1.000         1.000         1.000
 GRIT4_2        1.000         1.000         1.000         1.000
 GRIT5_2        1.000         1.000         1.000         1.000         1.000
 GRIT6_2        1.000         1.000         1.000         1.000         1.000
 GRIT7_2        1.000         1.000         1.000         1.000         1.000
 GRIT8_2        1.000         1.000         1.000         1.000         1.000


           Covariance Coverage
              GRIT6_2       GRIT7_2       GRIT8_2
              ________      ________      ________
 GRIT6_2        1.000
 GRIT7_2        1.000         1.000
 GRIT8_2        1.000         1.000         1.000


UNIVARIATE PROPORTIONS AND COUNTS FOR CATEGORICAL VARIABLES

  Group MALE
    GRIT1_2
      Category 1    0.095           62.000
      Category 2    0.344          225.000
      Category 3    0.273          179.000
      Category 4    0.244          160.000
      Category 5    0.044           29.000
    GRIT2_2
      Category 1    0.093           61.000
      Category 2    0.202          132.000
      Category 3    0.319          209.000
      Category 4    0.313          205.000
      Category 5    0.073           48.000
    GRIT3_2
      Category 1    0.078           51.000
      Category 2    0.250          164.000
      Category 3    0.311          204.000
      Category 4    0.296          194.000
      Category 5    0.064           42.000
    GRIT4_2
      Category 1    0.038           25.000
      Category 2    0.125           82.000
      Category 3    0.270          177.000
      Category 4    0.432          283.000
      Category 5    0.134           88.000
    GRIT5_2
      Category 1    0.069           45.000
      Category 2    0.255          167.000
      Category 3    0.301          197.000
      Category 4    0.301          197.000
      Category 5    0.075           49.000
    GRIT6_2
      Category 1    0.076           50.000
      Category 2    0.316          207.000
      Category 3    0.264          173.000
      Category 4    0.272          178.000
      Category 5    0.072           47.000
    GRIT7_2
      Category 1    0.034           22.000
      Category 2    0.173          113.000
      Category 3    0.325          213.000
      Category 4    0.359          235.000
      Category 5    0.110           72.000
    GRIT8_2
      Category 1    0.029           19.000
      Category 2    0.115           75.000
      Category 3    0.266          174.000
      Category 4    0.464          304.000
      Category 5    0.127           83.000

  Group FEMALE
    GRIT1_2
      Category 1    0.104           74.000
      Category 2    0.377          269.000
      Category 3    0.275          196.000
      Category 4    0.195          139.000
      Category 5    0.049           35.000
    GRIT2_2
      Category 1    0.065           46.000
      Category 2    0.243          173.000
      Category 3    0.330          235.000
      Category 4    0.285          203.000
      Category 5    0.079           56.000
    GRIT3_2
      Category 1    0.101           72.000
      Category 2    0.317          226.000
      Category 3    0.250          178.000
      Category 4    0.268          191.000
      Category 5    0.065           46.000
    GRIT4_2
      Category 1    0.041           29.000
      Category 2    0.104           74.000
      Category 3    0.282          201.000
      Category 4    0.432          308.000
      Category 5    0.142          101.000
    GRIT5_2
      Category 1    0.067           48.000
      Category 2    0.297          212.000
      Category 3    0.309          220.000
      Category 4    0.269          192.000
      Category 5    0.058           41.000
    GRIT6_2
      Category 1    0.107           76.000
      Category 2    0.313          223.000
      Category 3    0.219          156.000
      Category 4    0.286          204.000
      Category 5    0.076           54.000
    GRIT7_2
      Category 1    0.039           28.000
      Category 2    0.185          132.000
      Category 3    0.337          240.000
      Category 4    0.332          237.000
      Category 5    0.107           76.000
    GRIT8_2
      Category 1    0.032           23.000
      Category 2    0.079           56.000
      Category 3    0.252          180.000
      Category 4    0.498          355.000
      Category 5    0.139           99.000


SAMPLE STATISTICS


     ESTIMATED SAMPLE STATISTICS FOR MALE


           MEANS/INTERCEPTS/THRESHOLDS
              GRIT1_2$      GRIT1_2$      GRIT1_2$      GRIT1_2$      GRIT2_2$
              ________      ________      ________      ________      ________
               -1.313        -0.156         0.558         1.703        -1.322


           MEANS/INTERCEPTS/THRESHOLDS
              GRIT2_2$      GRIT2_2$      GRIT2_2$      GRIT3_2$      GRIT3_2$
              ________      ________      ________      ________      ________
               -0.540         0.289         1.452        -1.420        -0.445


           MEANS/INTERCEPTS/THRESHOLDS
              GRIT3_2$      GRIT3_2$      GRIT4_2$      GRIT4_2$      GRIT4_2$
              ________      ________      ________      ________      ________
                0.358         1.521        -1.772        -0.981        -0.167


           MEANS/INTERCEPTS/THRESHOLDS
              GRIT4_2$      GRIT5_2$      GRIT5_2$      GRIT5_2$      GRIT5_2$
              ________      ________      ________      ________      ________
                1.106        -1.486        -0.457         0.317         1.441


           MEANS/INTERCEPTS/THRESHOLDS
              GRIT6_2$      GRIT6_2$      GRIT6_2$      GRIT6_2$      GRIT7_2$
              ________      ________      ________      ________      ________
               -1.430        -0.273         0.403         1.463        -1.830


           MEANS/INTERCEPTS/THRESHOLDS
              GRIT7_2$      GRIT7_2$      GRIT7_2$      GRIT8_2$      GRIT8_2$
              ________      ________      ________      ________      ________
               -0.820         0.079         1.227        -1.896        -1.065


           MEANS/INTERCEPTS/THRESHOLDS
              GRIT8_2$      GRIT8_2$
              ________      ________
               -0.230         1.142


           CORRELATION MATRIX (WITH VARIANCES ON THE DIAGONAL)
              GRIT1_2       GRIT2_2       GRIT3_2       GRIT4_2       GRIT5_2
              ________      ________      ________      ________      ________
 GRIT1_2
 GRIT2_2        0.018
 GRIT3_2        0.247         0.027
 GRIT4_2        0.263         0.072         0.238
 GRIT5_2        0.207         0.016         0.340         0.148
 GRIT6_2        0.278         0.036         0.341         0.380         0.309
 GRIT7_2        0.198         0.082         0.235         0.571         0.205
 GRIT8_2        0.172         0.051         0.188         0.655         0.121


           CORRELATION MATRIX (WITH VARIANCES ON THE DIAGONAL)
              GRIT6_2       GRIT7_2       GRIT8_2
              ________      ________      ________
 GRIT7_2        0.300
 GRIT8_2        0.309         0.485


     ESTIMATED SAMPLE STATISTICS FOR FEMALE


           MEANS/INTERCEPTS/THRESHOLDS
              GRIT1_2$      GRIT1_2$      GRIT1_2$      GRIT1_2$      GRIT2_2$
              ________      ________      ________      ________      ________
               -1.260        -0.047         0.693         1.654        -1.518


           MEANS/INTERCEPTS/THRESHOLDS
              GRIT2_2$      GRIT2_2$      GRIT2_2$      GRIT3_2$      GRIT3_2$
              ________      ________      ________      ________      ________
               -0.504         0.350         1.415        -1.276        -0.207


           MEANS/INTERCEPTS/THRESHOLDS
              GRIT3_2$      GRIT3_2$      GRIT4_2$      GRIT4_2$      GRIT4_2$
              ________      ________      ________      ________      ________
                0.433         1.518        -1.743        -1.060        -0.186


           MEANS/INTERCEPTS/THRESHOLDS
              GRIT4_2$      GRIT5_2$      GRIT5_2$      GRIT5_2$      GRIT5_2$
              ________      ________      ________      ________      ________
                1.073        -1.496        -0.346         0.449         1.576


           MEANS/INTERCEPTS/THRESHOLDS
              GRIT6_2$      GRIT6_2$      GRIT6_2$      GRIT6_2$      GRIT7_2$
              ________      ________      ________      ________      ________
               -1.245        -0.204         0.354         1.434        -1.759


           MEANS/INTERCEPTS/THRESHOLDS
              GRIT7_2$      GRIT7_2$      GRIT7_2$      GRIT8_2$      GRIT8_2$
              ________      ________      ________      ________      ________
               -0.757         0.154         1.245        -1.849        -1.222


           MEANS/INTERCEPTS/THRESHOLDS
              GRIT8_2$      GRIT8_2$
              ________      ________
               -0.350         1.086


           CORRELATION MATRIX (WITH VARIANCES ON THE DIAGONAL)
              GRIT1_2       GRIT2_2       GRIT3_2       GRIT4_2       GRIT5_2
              ________      ________      ________      ________      ________
 GRIT1_2
 GRIT2_2        0.012
 GRIT3_2        0.323         0.014
 GRIT4_2        0.146         0.063         0.221
 GRIT5_2        0.301         0.025         0.457         0.284
 GRIT6_2        0.238        -0.004         0.455         0.250         0.460
 GRIT7_2        0.206         0.010         0.287         0.527         0.313
 GRIT8_2        0.094         0.075         0.256         0.682         0.264


           CORRELATION MATRIX (WITH VARIANCES ON THE DIAGONAL)
              GRIT6_2       GRIT7_2       GRIT8_2
              ________      ________      ________
 GRIT7_2        0.311
 GRIT8_2        0.290         0.523


THE MODEL ESTIMATION TERMINATED NORMALLY



MODEL FIT INFORMATION

Number of Free Parameters                       82

Chi-Square Test of Model Fit

          Value                            108.110*
          Degrees of Freedom                    38
          P-Value                           0.0000

Chi-Square Contribution From Each Group

          MALE                              49.382
          FEMALE                            58.728

*   The chi-square value for MLM, MLMV, MLR, ULSMV, WLSM and WLSMV cannot be used
    for chi-square difference testing in the regular way.  MLM, MLR and WLSM
    chi-square difference testing is described on the Mplus website.  MLMV, WLSMV,
    and ULSMV difference testing is done using the DIFFTEST option.

RMSEA (Root Mean Square Error Of Approximation)

          Estimate                           0.052
          90 Percent C.I.                    0.041  0.064
          Probability RMSEA <= .05           0.372

CFI/TLI

          CFI                                0.986
          TLI                                0.979

Chi-Square Test of Model Fit for the Baseline Model

          Value                           4904.603
          Degrees of Freedom                    56
          P-Value                           0.0000

SRMR (Standardized Root Mean Square Residual)

          Value                              0.023

Optimum Function Value for Weighted Least-Squares Estimator

          Value                     0.25083982D-01



MODEL RESULTS

                                                    Two-Tailed
                    Estimate       S.E.  Est./S.E.    P-Value

Group MALE

 PERS_2   BY
    GRIT2_2            0.087      0.039      2.232      0.026
    GRIT4_2            1.822      0.179     10.178      0.000
    GRIT7_2            0.910      0.058     15.571      0.000
    GRIT8_2            1.073      0.078     13.723      0.000

 GOAL_2   BY
    GRIT1_2            0.499      0.050      9.953      0.000
    GRIT3_2            0.651      0.065     10.011      0.000
    GRIT5_2            0.512      0.050     10.175      0.000
    GRIT6_2            0.956      0.092     10.397      0.000

 GOAL_2   WITH
    PERS_2             0.574      0.041     14.018      0.000

 Means
    PERS_2             0.000      0.000    999.000    999.000
    GOAL_2             0.000      0.000    999.000    999.000

 Thresholds
    GRIT1_2$1         -1.467      0.075    -19.567      0.000
    GRIT1_2$2         -0.174      0.055     -3.167      0.002
    GRIT1_2$3          0.623      0.058     10.722      0.000
    GRIT1_2$4          1.903      0.097     19.635      0.000
    GRIT2_2$1         -1.327      0.068    -19.398      0.000
    GRIT2_2$2         -0.542      0.052    -10.451      0.000
    GRIT2_2$3          0.290      0.050      5.814      0.000
    GRIT2_2$4          1.457      0.073     19.846      0.000
    GRIT3_2$1         -1.694      0.093    -18.279      0.000
    GRIT3_2$2         -0.531      0.062     -8.604      0.000
    GRIT3_2$3          0.427      0.060      7.070      0.000
    GRIT3_2$4          1.815      0.096     18.979      0.000
    GRIT4_2$1         -3.683      0.287    -12.853      0.000
    GRIT4_2$2         -2.039      0.177    -11.506      0.000
    GRIT4_2$3         -0.348      0.106     -3.272      0.001
    GRIT4_2$4          2.299      0.194     11.822      0.000
    GRIT5_2$1         -1.668      0.083    -20.145      0.000
    GRIT5_2$2         -0.514      0.058     -8.936      0.000
    GRIT5_2$3          0.356      0.056      6.373      0.000
    GRIT5_2$4          1.618      0.081     19.896      0.000
    GRIT6_2$1         -1.979      0.117    -16.885      0.000
    GRIT6_2$2         -0.378      0.070     -5.389      0.000
    GRIT6_2$3          0.558      0.072      7.739      0.000
    GRIT6_2$4          2.024      0.115     17.582      0.000
    GRIT7_2$1         -2.475      0.126    -19.576      0.000
    GRIT7_2$2         -1.109      0.075    -14.840      0.000
    GRIT7_2$3          0.106      0.066      1.605      0.109
    GRIT7_2$4          1.659      0.087     19.111      0.000
    GRIT8_2$1         -2.781      0.155    -17.965      0.000
    GRIT8_2$2         -1.562      0.098    -15.941      0.000
    GRIT8_2$3         -0.337      0.074     -4.555      0.000
    GRIT8_2$4          1.676      0.100     16.700      0.000

 Variances
    PERS_2             1.000      0.000    999.000    999.000
    GOAL_2             1.000      0.000    999.000    999.000

 Residual Variances
    GRIT1_2            1.000      0.000    999.000    999.000
    GRIT2_2            1.000      0.000    999.000    999.000
    GRIT3_2            1.000      0.000    999.000    999.000
    GRIT4_2            1.000      0.000    999.000    999.000
    GRIT5_2            1.000      0.000    999.000    999.000
    GRIT6_2            1.000      0.000    999.000    999.000
    GRIT7_2            1.000      0.000    999.000    999.000
    GRIT8_2            1.000      0.000    999.000    999.000

Group FEMALE

 PERS_2   BY
    GRIT2_2            0.060      0.039      1.545      0.122
    GRIT4_2            1.347      0.097     13.823      0.000
    GRIT7_2            0.955      0.065     14.799      0.000
    GRIT8_2            1.410      0.106     13.290      0.000

 GOAL_2   BY
    GRIT1_2            0.453      0.046      9.917      0.000
    GRIT3_2            0.896      0.071     12.556      0.000
    GRIT5_2            0.973      0.078     12.450      0.000
    GRIT6_2            0.903      0.071     12.668      0.000

 GOAL_2   WITH
    PERS_2             0.521      0.037     14.056      0.000

 Means
    PERS_2             0.000      0.000    999.000    999.000
    GOAL_2             0.000      0.000    999.000    999.000

 Thresholds
    GRIT1_2$1         -1.384      0.069    -19.971      0.000
    GRIT1_2$2         -0.052      0.052     -1.012      0.312
    GRIT1_2$3          0.761      0.057     13.406      0.000
    GRIT1_2$4          1.816      0.088     20.750      0.000
    GRIT2_2$1         -1.521      0.073    -20.795      0.000
    GRIT2_2$2         -0.505      0.049    -10.250      0.000
    GRIT2_2$3          0.350      0.048      7.288      0.000
    GRIT2_2$4          1.417      0.069     20.583      0.000
    GRIT3_2$1         -1.714      0.090    -19.072      0.000
    GRIT3_2$2         -0.278      0.063     -4.393      0.000
    GRIT3_2$3          0.582      0.068      8.546      0.000
    GRIT3_2$4          2.039      0.108     18.867      0.000
    GRIT4_2$1         -2.924      0.166    -17.601      0.000
    GRIT4_2$2         -1.779      0.113    -15.685      0.000
    GRIT4_2$3         -0.311      0.081     -3.834      0.000
    GRIT4_2$4          1.800      0.110     16.353      0.000
    GRIT5_2$1         -2.087      0.109    -19.132      0.000
    GRIT5_2$2         -0.483      0.067     -7.153      0.000
    GRIT5_2$3          0.626      0.071      8.814      0.000
    GRIT5_2$4          2.199      0.122     18.068      0.000
    GRIT6_2$1         -1.678      0.091    -18.423      0.000
    GRIT6_2$2         -0.274      0.063     -4.324      0.000
    GRIT6_2$3          0.476      0.066      7.180      0.000
    GRIT6_2$4          1.933      0.101     19.054      0.000
    GRIT7_2$1         -2.434      0.118    -20.656      0.000
    GRIT7_2$2         -1.047      0.075    -13.974      0.000
    GRIT7_2$3          0.212      0.065      3.264      0.001
    GRIT7_2$4          1.722      0.090     19.172      0.000
    GRIT8_2$1         -3.195      0.189    -16.864      0.000
    GRIT8_2$2         -2.113      0.137    -15.463      0.000
    GRIT8_2$3         -0.604      0.088     -6.840      0.000
    GRIT8_2$4          1.876      0.119     15.711      0.000

 Variances
    PERS_2             1.000      0.000    999.000    999.000
    GOAL_2             1.000      0.000    999.000    999.000

 Residual Variances
    GRIT1_2            1.000      0.000    999.000    999.000
    GRIT2_2            1.000      0.000    999.000    999.000
    GRIT3_2            1.000      0.000    999.000    999.000
    GRIT4_2            1.000      0.000    999.000    999.000
    GRIT5_2            1.000      0.000    999.000    999.000
    GRIT6_2            1.000      0.000    999.000    999.000
    GRIT7_2            1.000      0.000    999.000    999.000
    GRIT8_2            1.000      0.000    999.000    999.000


STANDARDIZED MODEL RESULTS


STDYX Standardization

                                                    Two-Tailed
                    Estimate       S.E.  Est./S.E.    P-Value

Group MALE

 PERS_2   BY
    GRIT2_2            0.087      0.039      2.249      0.025
    GRIT4_2            0.877      0.020     43.985      0.000
    GRIT7_2            0.673      0.024     28.479      0.000
    GRIT8_2            0.732      0.025     29.529      0.000

 GOAL_2   BY
    GRIT1_2            0.446      0.036     12.426      0.000
    GRIT3_2            0.545      0.038     14.248      0.000
    GRIT5_2            0.455      0.035     12.838      0.000
    GRIT6_2            0.691      0.035     19.906      0.000

 GOAL_2   WITH
    PERS_2             0.574      0.041     14.018      0.000

 Means
    PERS_2             0.000      0.000    999.000    999.000
    GOAL_2             0.000      0.000    999.000    999.000

 Thresholds
    GRIT1_2$1         -1.313      0.068    -19.347      0.000
    GRIT1_2$2         -0.156      0.049     -3.165      0.002
    GRIT1_2$3          0.558      0.052     10.757      0.000
    GRIT1_2$4          1.703      0.086     19.823      0.000
    GRIT2_2$1         -1.322      0.068    -19.386      0.000
    GRIT2_2$2         -0.540      0.052    -10.451      0.000
    GRIT2_2$3          0.289      0.050      5.814      0.000
    GRIT2_2$4          1.452      0.073     19.830      0.000
    GRIT3_2$1         -1.420      0.072    -19.750      0.000
    GRIT3_2$2         -0.445      0.051     -8.760      0.000
    GRIT3_2$3          0.358      0.050      7.135      0.000
    GRIT3_2$4          1.521      0.076     19.939      0.000
    GRIT4_2$1         -1.772      0.090    -19.630      0.000
    GRIT4_2$2         -0.981      0.059    -16.745      0.000
    GRIT4_2$3         -0.167      0.049     -3.398      0.001
    GRIT4_2$4          1.106      0.062     17.964      0.000
    GRIT5_2$1         -1.485      0.075    -19.891      0.000
    GRIT5_2$2         -0.457      0.051     -8.992      0.000
    GRIT5_2$3          0.317      0.050      6.359      0.000
    GRIT5_2$4          1.441      0.073     19.803      0.000
    GRIT6_2$1         -1.430      0.072    -19.775      0.000
    GRIT6_2$2         -0.273      0.050     -5.503      0.000
    GRIT6_2$3          0.403      0.050      7.988      0.000
    GRIT6_2$4          1.463      0.074     19.850      0.000
    GRIT7_2$1         -1.830      0.094    -19.418      0.000
    GRIT7_2$2         -0.820      0.055    -14.788      0.000
    GRIT7_2$3          0.079      0.049      1.602      0.109
    GRIT7_2$4          1.227      0.065     18.863      0.000
    GRIT8_2$1         -1.896      0.099    -19.129      0.000
    GRIT8_2$2         -1.065      0.061    -17.594      0.000
    GRIT8_2$3         -0.230      0.049     -4.646      0.000
    GRIT8_2$4          1.142      0.063     18.263      0.000

 Variances
    PERS_2             1.000      0.000    999.000    999.000
    GOAL_2             1.000      0.000    999.000    999.000

 Residual Variances
    GRIT1_2            0.801      0.032     25.001      0.000
    GRIT2_2            0.992      0.007    147.213      0.000
    GRIT3_2            0.703      0.042     16.832      0.000
    GRIT4_2            0.231      0.035      6.622      0.000
    GRIT5_2            0.793      0.032     24.529      0.000
    GRIT6_2            0.522      0.048     10.884      0.000
    GRIT7_2            0.547      0.032     17.177      0.000
    GRIT8_2            0.465      0.036     12.818      0.000

Group FEMALE

 PERS_2   BY
    GRIT2_2            0.060      0.039      1.551      0.121
    GRIT4_2            0.803      0.021     38.914      0.000
    GRIT7_2            0.691      0.024     28.308      0.000
    GRIT8_2            0.816      0.021     39.698      0.000

 GOAL_2   BY
    GRIT1_2            0.413      0.035     11.953      0.000
    GRIT3_2            0.667      0.029     22.644      0.000
    GRIT5_2            0.698      0.029     24.248      0.000
    GRIT6_2            0.670      0.029     23.008      0.000

 GOAL_2   WITH
    PERS_2             0.521      0.037     14.056      0.000

 Means
    PERS_2             0.000      0.000    999.000    999.000
    GOAL_2             0.000      0.000    999.000    999.000

 Thresholds
    GRIT1_2$1         -1.260      0.063    -19.895      0.000
    GRIT1_2$2         -0.047      0.047     -1.011      0.312
    GRIT1_2$3          0.693      0.051     13.523      0.000
    GRIT1_2$4          1.654      0.080     20.773      0.000
    GRIT2_2$1         -1.518      0.073    -20.800      0.000
    GRIT2_2$2         -0.504      0.049    -10.249      0.000
    GRIT2_2$3          0.350      0.048      7.288      0.000
    GRIT2_2$4          1.415      0.069     20.589      0.000
    GRIT3_2$1         -1.276      0.064    -19.989      0.000
    GRIT3_2$2         -0.207      0.047     -4.379      0.000
    GRIT3_2$3          0.433      0.049      8.921      0.000
    GRIT3_2$4          1.518      0.073     20.799      0.000
    GRIT4_2$1         -1.743      0.085    -20.580      0.000
    GRIT4_2$2         -1.060      0.058    -18.312      0.000
    GRIT4_2$3         -0.186      0.047     -3.930      0.000
    GRIT4_2$4          1.073      0.058     18.433      0.000
    GRIT5_2$1         -1.496      0.072    -20.767      0.000
    GRIT5_2$2         -0.346      0.048     -7.212      0.000
    GRIT5_2$3          0.449      0.049      9.215      0.000
    GRIT5_2$4          1.576      0.076     20.823      0.000
    GRIT6_2$1         -1.245      0.063    -19.803      0.000
    GRIT6_2$2         -0.204      0.047     -4.304      0.000
    GRIT6_2$3          0.354      0.048      7.362      0.000
    GRIT6_2$4          1.434      0.069     20.644      0.000
    GRIT7_2$1         -1.760      0.086    -20.536      0.000
    GRIT7_2$2         -0.757      0.052    -14.517      0.000
    GRIT7_2$3          0.154      0.047      3.257      0.001
    GRIT7_2$4          1.245      0.063     19.800      0.000
    GRIT8_2$1         -1.848      0.092    -20.183      0.000
    GRIT8_2$2         -1.222      0.062    -19.655      0.000
    GRIT8_2$3         -0.350      0.048     -7.287      0.000
    GRIT8_2$4          1.086      0.059     18.554      0.000

 Variances
    PERS_2             1.000      0.000    999.000    999.000
    GOAL_2             1.000      0.000    999.000    999.000

 Residual Variances
    GRIT1_2            0.830      0.028     29.115      0.000
    GRIT2_2            0.996      0.005    212.319      0.000
    GRIT3_2            0.555      0.039     14.093      0.000
    GRIT4_2            0.355      0.033     10.720      0.000
    GRIT5_2            0.513      0.040     12.794      0.000
    GRIT6_2            0.551      0.039     14.094      0.000
    GRIT7_2            0.523      0.034     15.506      0.000
    GRIT8_2            0.335      0.034      9.990      0.000


R-SQUARE

Group MALE

    Observed                                        Two-Tailed     Scale
    Variable        Estimate       S.E.  Est./S.E.    P-Value     Factors

    GRIT1_2            0.199      0.032      6.213      0.000      0.895
    GRIT2_2            0.008      0.007      1.125      0.261      0.996
    GRIT3_2            0.297      0.042      7.124      0.000      0.838
    GRIT4_2            0.769      0.035     21.992      0.000      0.481
    GRIT5_2            0.207      0.032      6.419      0.000      0.890
    GRIT6_2            0.478      0.048      9.953      0.000      0.723
    GRIT7_2            0.453      0.032     14.239      0.000      0.739
    GRIT8_2            0.535      0.036     14.765      0.000      0.682

Group FEMALE

    Observed                                        Two-Tailed     Scale
    Variable        Estimate       S.E.  Est./S.E.    P-Value     Factors

    GRIT1_2            0.170      0.028      5.976      0.000      0.911
    GRIT2_2            0.004      0.005      0.775      0.438      0.998
    GRIT3_2            0.445      0.039     11.322      0.000      0.745
    GRIT4_2            0.645      0.033     19.457      0.000      0.596
    GRIT5_2            0.487      0.040     12.124      0.000      0.717
    GRIT6_2            0.449      0.039     11.504      0.000      0.742
    GRIT7_2            0.477      0.034     14.154      0.000      0.723
    GRIT8_2            0.665      0.034     19.849      0.000      0.579


QUALITY OF NUMERICAL RESULTS

     Condition Number for the Information Matrix              0.176E-02
       (ratio of smallest to largest eigenvalue)


MODEL MODIFICATION INDICES

Minimum M.I. value for printing the modification index    10.000

                                   M.I.     E.P.C.  Std E.P.C.  StdYX E.P.C.
Group MALE


ON/BY Statements

GRIT5_2  ON PERS_2   /
PERS_2   BY GRIT5_2               15.700    -0.199     -0.199       -0.177
GRIT6_2  ON PERS_2   /
PERS_2   BY GRIT6_2               15.785     0.333      0.333        0.240

ON Statements

PERS_2   ON GRIT5_2               15.711    -0.133     -0.133       -0.150
PERS_2   ON GRIT6_2               15.739     0.223      0.223        0.308
GOAL_2   ON GRIT5_2               15.691     0.232      0.232        0.260
GOAL_2   ON GRIT6_2               15.778    -0.388     -0.388       -0.537
GRIT3_2  ON GRIT5_2               21.459     0.196      0.196        0.184
GRIT5_2  ON GRIT3_2               21.457     0.196      0.196        0.208
GRIT5_2  ON GRIT4_2               17.747    -0.094     -0.094       -0.174
GRIT5_2  ON GRIT8_2               16.478    -0.116     -0.116       -0.152
GRIT6_2  ON GRIT4_2               14.083     0.135      0.135        0.203
GRIT7_2  ON GRIT7_2              999.000     0.000      0.000        0.000
GRIT8_2  ON GRIT8_2              999.000     0.000      0.000        0.000

WITH Statements

GRIT5_2  WITH PERS_2              15.697    -0.133     -0.133       -0.133
GRIT5_2  WITH GOAL_2              15.691     0.232      0.232        0.232
GRIT5_2  WITH GRIT3_2             21.460     0.196      0.196        0.196
GRIT5_2  WITH GRIT4_2             11.139    -0.253     -0.253       -0.253
GRIT6_2  WITH PERS_2              15.782     0.223      0.223        0.223
GRIT6_2  WITH GOAL_2              15.778    -0.388     -0.388       -0.388

Group FEMALE


ON/BY Statements

GRIT4_2  ON GOAL_2   /
GOAL_2   BY GRIT4_2               11.858    -0.263     -0.263       -0.157
GRIT7_2  ON GOAL_2   /
GOAL_2   BY GRIT7_2               41.201     0.344      0.344        0.249

ON Statements

PERS_2   ON GRIT4_2               11.921     0.368      0.368        0.618
PERS_2   ON GRIT7_2               41.260    -0.481     -0.481       -0.665
GOAL_2   ON GRIT4_2               11.847    -0.191     -0.191       -0.321
GOAL_2   ON GRIT7_2               41.244     0.251      0.251        0.347
GRIT4_2  ON GRIT3_2               13.329    -0.173     -0.173       -0.139
GRIT4_2  ON GRIT8_2               38.854     0.925      0.925        0.952
GRIT5_2  ON GRIT5_2              999.000     0.000      0.000        0.000
GRIT7_2  ON GRIT1_2               16.641     0.159      0.159        0.127
GRIT7_2  ON GRIT3_2               23.717     0.164      0.164        0.159
GRIT7_2  ON GRIT5_2               32.743     0.189      0.189        0.191
GRIT7_2  ON GRIT6_2               30.036     0.180      0.180        0.176
GRIT7_2  ON GRIT8_2               11.989    -0.369     -0.369       -0.461
GRIT8_2  ON GRIT1_2               10.324    -0.167     -0.167       -0.106
GRIT8_2  ON GRIT4_2               38.705     0.923      0.923        0.896
GRIT8_2  ON GRIT7_2               11.940    -0.368     -0.368       -0.294

WITH Statements

GRIT4_2  WITH PERS_2              11.911     0.368      0.368        0.368
GRIT4_2  WITH GOAL_2              11.873    -0.192     -0.192       -0.192
GRIT7_2  WITH PERS_2              41.269    -0.481     -0.481       -0.481
GRIT7_2  WITH GOAL_2              41.220     0.251      0.251        0.251
GRIT7_2  WITH GRIT5_2             10.911     0.192      0.192        0.192
GRIT8_2  WITH GRIT4_2             38.718     0.923      0.923        0.923
GRIT8_2  WITH GRIT7_2             11.936    -0.368     -0.368       -0.368



SAVEDATA INFORMATION


  Difference testing

  Save file
    grit2_student_gender_inv_config.dat
  Save format      Free

     Beginning Time:  15:27:58
        Ending Time:  15:27:59
       Elapsed Time:  00:00:01



MUTHEN & MUTHEN
3463 Stoner Ave.
Los Angeles, CA  90066

Tel: (310) 391-9971
Fax: (310) 391-8971
Web: www.StatModel.com
Support: Support@StatModel.com

Copyright (c) 1998-2019 Muthen & Muthen
