Mplus VERSION 8.4 (Mac)
MUTHEN & MUTHEN
11/03/2023   2:37 PM

INPUT INSTRUCTIONS

  Title: Student Grit Baseline CFA;

  Data:
     File is ../dat_stu_2.txt;

  Variable:
     Names are studentid girl age_w grito1_2 grito5_2 grito6_2
     grito7_2 grito8_2 grit1_2 grit2_2 grit3_2 grit4_2 grit5_2
     grit6_2 grit7_2 grit8_2 loc1_2 loc2_2 loc3_2 loc4_2 dass1_2
     dass2_2 dass3_2 dass4_2 dass5_2 dass6_2 dass7_2 dass8_2
     dass9_2 dass10_2 dass11_2 dass12_2 dass13_2 dass14_2
     dass15_2 dass16_2 dass17_2 dass18_2 dass19_2 dass20_2 dass21_2
     treatment half;
     Missing are . ;

    Usevariable are
  	grit1_2 grit2_2 grit3_2 grit4_2 grit5_2 grit6_2 grit7_2 grit8_2;

    Categorical is
  	grit1_2 grit2_2 grit3_2 grit4_2 grit5_2 grit6_2 grit7_2 grit8_2;

    Idvariable is studentid;

    Useobservations is half eq 0;

  Analysis:
     Estimator = wlsmv;

  Model:
    grit_2 by
      grit1_2 grit2_2 grit3_2 grit4_2 grit5_2 grit6_2 grit7_2 grit8_2;

  Output: sampstat stdyx modindices(all);



INPUT READING TERMINATED NORMALLY



Student Grit Baseline CFA;

SUMMARY OF ANALYSIS

Number of groups                                                 1
Number of observations                                         684

Number of dependent variables                                    8
Number of independent variables                                  0
Number of continuous latent variables                            1

Observed dependent variables

  Binary and ordered categorical (ordinal)
   GRIT1_2     GRIT2_2     GRIT3_2     GRIT4_2     GRIT5_2     GRIT6_2
   GRIT7_2     GRIT8_2

Continuous latent variables
   GRIT_2

Variables with special functions

  ID variable           STUDENTI

Estimator                                                    WLSMV
Maximum number of iterations                                  1000
Convergence criterion                                    0.500D-04
Maximum number of steepest descent iterations                   20
Maximum number of iterations for H1                           2000
Convergence criterion for H1                             0.100D-03
Parameterization                                             DELTA
Link                                                        PROBIT

Input data file(s)
  ../dat_stu_2.txt

Input data format  FREE


SUMMARY OF DATA

     Number of missing data patterns             1


COVARIANCE COVERAGE OF DATA

Minimum covariance coverage value   0.100


     PROPORTION OF DATA PRESENT


           Covariance Coverage
              GRIT1_2       GRIT2_2       GRIT3_2       GRIT4_2       GRIT5_2
              ________      ________      ________      ________      ________
 GRIT1_2        1.000
 GRIT2_2        1.000         1.000
 GRIT3_2        1.000         1.000         1.000
 GRIT4_2        1.000         1.000         1.000         1.000
 GRIT5_2        1.000         1.000         1.000         1.000         1.000
 GRIT6_2        1.000         1.000         1.000         1.000         1.000
 GRIT7_2        1.000         1.000         1.000         1.000         1.000
 GRIT8_2        1.000         1.000         1.000         1.000         1.000


           Covariance Coverage
              GRIT6_2       GRIT7_2       GRIT8_2
              ________      ________      ________
 GRIT6_2        1.000
 GRIT7_2        1.000         1.000
 GRIT8_2        1.000         1.000         1.000


UNIVARIATE PROPORTIONS AND COUNTS FOR CATEGORICAL VARIABLES

    GRIT1_2
      Category 1    0.099           68.000
      Category 2    0.349          239.000
      Category 3    0.287          196.000
      Category 4    0.215          147.000
      Category 5    0.050           34.000
    GRIT2_2
      Category 1    0.086           59.000
      Category 2    0.224          153.000
      Category 3    0.341          233.000
      Category 4    0.278          190.000
      Category 5    0.072           49.000
    GRIT3_2
      Category 1    0.095           65.000
      Category 2    0.269          184.000
      Category 3    0.282          193.000
      Category 4    0.284          194.000
      Category 5    0.070           48.000
    GRIT4_2
      Category 1    0.042           29.000
      Category 2    0.102           70.000
      Category 3    0.282          193.000
      Category 4    0.425          291.000
      Category 5    0.148          101.000
    GRIT5_2
      Category 1    0.064           44.000
      Category 2    0.272          186.000
      Category 3    0.323          221.000
      Category 4    0.268          183.000
      Category 5    0.073           50.000
    GRIT6_2
      Category 1    0.088           60.000
      Category 2    0.325          222.000
      Category 3    0.240          164.000
      Category 4    0.275          188.000
      Category 5    0.073           50.000
    GRIT7_2
      Category 1    0.048           33.000
      Category 2    0.183          125.000
      Category 3    0.317          217.000
      Category 4    0.349          239.000
      Category 5    0.102           70.000
    GRIT8_2
      Category 1    0.031           21.000
      Category 2    0.095           65.000
      Category 3    0.268          183.000
      Category 4    0.477          326.000
      Category 5    0.130           89.000


SAMPLE STATISTICS


     ESTIMATED SAMPLE STATISTICS


           MEANS/INTERCEPTS/THRESHOLDS
              GRIT1_2$      GRIT1_2$      GRIT1_2$      GRIT1_2$      GRIT2_2$
              ________      ________      ________      ________      ________
               -1.285        -0.129         0.629         1.648        -1.364


           MEANS/INTERCEPTS/THRESHOLDS
              GRIT2_2$      GRIT2_2$      GRIT2_2$      GRIT3_2$      GRIT3_2$
              ________      ________      ________      ________      ________
               -0.496         0.387         1.464        -1.310        -0.348


           MEANS/INTERCEPTS/THRESHOLDS
              GRIT3_2$      GRIT3_2$      GRIT4_2$      GRIT4_2$      GRIT4_2$
              ________      ________      ________      ________      ________
                0.375         1.474        -1.724        -1.059        -0.184


           MEANS/INTERCEPTS/THRESHOLDS
              GRIT4_2$      GRIT5_2$      GRIT5_2$      GRIT5_2$      GRIT5_2$
              ________      ________      ________      ________      ________
                1.047        -1.519        -0.423         0.411         1.453


           MEANS/INTERCEPTS/THRESHOLDS
              GRIT6_2$      GRIT6_2$      GRIT6_2$      GRIT6_2$      GRIT7_2$
              ________      ________      ________      ________      ________
               -1.355        -0.222         0.391         1.453        -1.662


           MEANS/INTERCEPTS/THRESHOLDS
              GRIT7_2$      GRIT7_2$      GRIT7_2$      GRIT8_2$      GRIT8_2$
              ________      ________      ________      ________      ________
               -0.736         0.121         1.268        -1.871        -1.147


           MEANS/INTERCEPTS/THRESHOLDS
              GRIT8_2$      GRIT8_2$
              ________      ________
               -0.271         1.126


           CORRELATION MATRIX (WITH VARIANCES ON THE DIAGONAL)
              GRIT1_2       GRIT2_2       GRIT3_2       GRIT4_2       GRIT5_2
              ________      ________      ________      ________      ________
 GRIT1_2
 GRIT2_2        0.062
 GRIT3_2        0.288         0.045
 GRIT4_2        0.210         0.019         0.205
 GRIT5_2        0.239         0.022         0.408         0.233
 GRIT6_2        0.272        -0.039         0.402         0.334         0.435
 GRIT7_2        0.210         0.054         0.204         0.587         0.226
 GRIT8_2        0.144         0.032         0.197         0.712         0.193


           CORRELATION MATRIX (WITH VARIANCES ON THE DIAGONAL)
              GRIT6_2       GRIT7_2       GRIT8_2
              ________      ________      ________
 GRIT7_2        0.304
 GRIT8_2        0.311         0.518


THE MODEL ESTIMATION TERMINATED NORMALLY



MODEL FIT INFORMATION

Number of Free Parameters                       40

Chi-Square Test of Model Fit

          Value                            435.070*
          Degrees of Freedom                    20
          P-Value                           0.0000

*   The chi-square value for MLM, MLMV, MLR, ULSMV, WLSM and WLSMV cannot be used
    for chi-square difference testing in the regular way.  MLM, MLR and WLSM
    chi-square difference testing is described on the Mplus website.  MLMV, WLSMV,
    and ULSMV difference testing is done using the DIFFTEST option.

RMSEA (Root Mean Square Error Of Approximation)

          Estimate                           0.174
          90 Percent C.I.                    0.160  0.189
          Probability RMSEA <= .05           0.000

CFI/TLI

          CFI                                0.850
          TLI                                0.790

Chi-Square Test of Model Fit for the Baseline Model

          Value                           2797.118
          Degrees of Freedom                    28
          P-Value                           0.0000

SRMR (Standardized Root Mean Square Residual)

          Value                              0.067

Optimum Function Value for Weighted Least-Squares Estimator

          Value                     0.23640057D+00



MODEL RESULTS

                                                    Two-Tailed
                    Estimate       S.E.  Est./S.E.    P-Value

 GRIT_2   BY
    GRIT1_2            1.000      0.000    999.000    999.000
    GRIT2_2            0.119      0.104      1.145      0.252
    GRIT3_2            1.286      0.139      9.267      0.000
    GRIT4_2            2.414      0.236     10.243      0.000
    GRIT5_2            1.294      0.144      9.016      0.000
    GRIT6_2            1.582      0.163      9.728      0.000
    GRIT7_2            1.835      0.180     10.222      0.000
    GRIT8_2            2.178      0.218      9.991      0.000

 Thresholds
    GRIT1_2$1         -1.285      0.065    -19.625      0.000
    GRIT1_2$2         -0.129      0.048     -2.676      0.007
    GRIT1_2$3          0.629      0.052     12.209      0.000
    GRIT1_2$4          1.648      0.081     20.354      0.000
    GRIT2_2$1         -1.364      0.068    -19.994      0.000
    GRIT2_2$2         -0.496      0.050     -9.895      0.000
    GRIT2_2$3          0.387      0.049      7.856      0.000
    GRIT2_2$4          1.464      0.072     20.288      0.000
    GRIT3_2$1         -1.310      0.066    -19.757      0.000
    GRIT3_2$2         -0.348      0.049     -7.097      0.000
    GRIT3_2$3          0.375      0.049      7.629      0.000
    GRIT3_2$4          1.474      0.073     20.309      0.000
    GRIT4_2$1         -1.724      0.085    -20.209      0.000
    GRIT4_2$2         -1.059      0.059    -17.925      0.000
    GRIT4_2$3         -0.184      0.048     -3.822      0.000
    GRIT4_2$4          1.047      0.059     17.800      0.000
    GRIT5_2$1         -1.519      0.075    -20.372      0.000
    GRIT5_2$2         -0.423      0.050     -8.538      0.000
    GRIT5_2$3          0.411      0.049      8.311      0.000
    GRIT5_2$4          1.453      0.072     20.265      0.000
    GRIT6_2$1         -1.355      0.068    -19.957      0.000
    GRIT6_2$2         -0.222      0.048     -4.585      0.000
    GRIT6_2$3          0.391      0.049      7.932      0.000
    GRIT6_2$4          1.453      0.072     20.265      0.000
    GRIT7_2$1         -1.662      0.082    -20.334      0.000
    GRIT7_2$2         -0.736      0.053    -13.893      0.000
    GRIT7_2$3          0.121      0.048      2.523      0.012
    GRIT7_2$4          1.268      0.065     19.533      0.000
    GRIT8_2$1         -1.871      0.095    -19.669      0.000
    GRIT8_2$2         -1.147      0.061    -18.698      0.000
    GRIT8_2$3         -0.271      0.049     -5.576      0.000
    GRIT8_2$4          1.126      0.061     18.526      0.000

 Variances
    GRIT_2             0.123      0.024      5.196      0.000


STANDARDIZED MODEL RESULTS


STDYX Standardization

                                                    Two-Tailed
                    Estimate       S.E.  Est./S.E.    P-Value

 GRIT_2   BY
    GRIT1_2            0.350      0.034     10.392      0.000
    GRIT2_2            0.042      0.036      1.146      0.252
    GRIT3_2            0.450      0.032     13.989      0.000
    GRIT4_2            0.845      0.017     49.386      0.000
    GRIT5_2            0.453      0.030     14.939      0.000
    GRIT6_2            0.554      0.028     20.093      0.000
    GRIT7_2            0.642      0.023     27.421      0.000
    GRIT8_2            0.762      0.021     36.792      0.000

 Thresholds
    GRIT1_2$1         -1.285      0.065    -19.625      0.000
    GRIT1_2$2         -0.129      0.048     -2.676      0.007
    GRIT1_2$3          0.629      0.052     12.209      0.000
    GRIT1_2$4          1.648      0.081     20.354      0.000
    GRIT2_2$1         -1.364      0.068    -19.994      0.000
    GRIT2_2$2         -0.496      0.050     -9.895      0.000
    GRIT2_2$3          0.387      0.049      7.856      0.000
    GRIT2_2$4          1.464      0.072     20.288      0.000
    GRIT3_2$1         -1.310      0.066    -19.757      0.000
    GRIT3_2$2         -0.348      0.049     -7.097      0.000
    GRIT3_2$3          0.375      0.049      7.629      0.000
    GRIT3_2$4          1.474      0.073     20.309      0.000
    GRIT4_2$1         -1.724      0.085    -20.209      0.000
    GRIT4_2$2         -1.059      0.059    -17.925      0.000
    GRIT4_2$3         -0.184      0.048     -3.822      0.000
    GRIT4_2$4          1.047      0.059     17.800      0.000
    GRIT5_2$1         -1.519      0.075    -20.372      0.000
    GRIT5_2$2         -0.423      0.050     -8.538      0.000
    GRIT5_2$3          0.411      0.049      8.311      0.000
    GRIT5_2$4          1.453      0.072     20.265      0.000
    GRIT6_2$1         -1.355      0.068    -19.957      0.000
    GRIT6_2$2         -0.222      0.048     -4.585      0.000
    GRIT6_2$3          0.391      0.049      7.932      0.000
    GRIT6_2$4          1.453      0.072     20.265      0.000
    GRIT7_2$1         -1.662      0.082    -20.334      0.000
    GRIT7_2$2         -0.736      0.053    -13.893      0.000
    GRIT7_2$3          0.121      0.048      2.523      0.012
    GRIT7_2$4          1.268      0.065     19.533      0.000
    GRIT8_2$1         -1.871      0.095    -19.669      0.000
    GRIT8_2$2         -1.147      0.061    -18.698      0.000
    GRIT8_2$3         -0.271      0.049     -5.576      0.000
    GRIT8_2$4          1.126      0.061     18.526      0.000

 Variances
    GRIT_2             1.000      0.000    999.000    999.000


R-SQUARE

    Observed                                        Two-Tailed   Residual
    Variable        Estimate       S.E.  Est./S.E.    P-Value    Variance

    GRIT1_2            0.123      0.024      5.196      0.000      0.877
    GRIT2_2            0.002      0.003      0.573      0.567      0.998
    GRIT3_2            0.203      0.029      6.994      0.000      0.797
    GRIT4_2            0.714      0.029     24.693      0.000      0.286
    GRIT5_2            0.205      0.027      7.469      0.000      0.795
    GRIT6_2            0.307      0.031     10.046      0.000      0.693
    GRIT7_2            0.413      0.030     13.711      0.000      0.587
    GRIT8_2            0.581      0.032     18.396      0.000      0.419


QUALITY OF NUMERICAL RESULTS

     Condition Number for the Information Matrix              0.524E-04
       (ratio of smallest to largest eigenvalue)


MODEL MODIFICATION INDICES

Minimum M.I. value for printing the modification index    10.000

                                   M.I.     E.P.C.  Std E.P.C.  StdYX E.P.C.

ON Statements

GRIT1_2  ON GRIT3_2               24.618     0.152      0.152        0.152
GRIT1_2  ON GRIT4_2               10.951    -0.125     -0.125       -0.125
GRIT1_2  ON GRIT5_2               10.038     0.095      0.095        0.095
GRIT1_2  ON GRIT8_2               20.821    -0.167     -0.167       -0.167
GRIT3_2  ON GRIT1_2               24.618     0.152      0.152        0.152
GRIT3_2  ON GRIT4_2               52.433    -0.270     -0.270       -0.270
GRIT3_2  ON GRIT5_2               89.564     0.261      0.261        0.261
GRIT3_2  ON GRIT6_2               53.722     0.210      0.210        0.210
GRIT3_2  ON GRIT7_2               11.946    -0.113     -0.113       -0.113
GRIT3_2  ON GRIT8_2               33.318    -0.206     -0.206       -0.206
GRIT4_2  ON GRIT1_2               10.953    -0.125     -0.125       -0.125
GRIT4_2  ON GRIT3_2               52.439    -0.270     -0.270       -0.270
GRIT4_2  ON GRIT5_2               44.149    -0.238     -0.238       -0.238
GRIT4_2  ON GRIT6_2               37.654    -0.233     -0.233       -0.233
GRIT4_2  ON GRIT7_2               15.061     0.139      0.139        0.139
GRIT4_2  ON GRIT8_2              129.909     0.444      0.444        0.444
GRIT5_2  ON GRIT1_2               10.038     0.095      0.095        0.095
GRIT5_2  ON GRIT3_2               89.562     0.261      0.261        0.261
GRIT5_2  ON GRIT4_2               44.146    -0.238     -0.238       -0.238
GRIT5_2  ON GRIT6_2               75.692     0.249      0.249        0.249
GRIT5_2  ON GRIT8_2               42.933    -0.222     -0.222       -0.222
GRIT6_2  ON GRIT3_2               53.724     0.210      0.210        0.210
GRIT6_2  ON GRIT4_2               37.644    -0.233     -0.233       -0.233
GRIT6_2  ON GRIT5_2               75.696     0.249      0.249        0.249
GRIT6_2  ON GRIT8_2               23.932    -0.175     -0.175       -0.175
GRIT7_2  ON GRIT3_2               11.947    -0.113     -0.113       -0.113
GRIT7_2  ON GRIT4_2               15.061     0.139      0.139        0.139
GRIT8_2  ON GRIT1_2               20.824    -0.167     -0.167       -0.167
GRIT8_2  ON GRIT3_2               33.322    -0.206     -0.206       -0.206
GRIT8_2  ON GRIT4_2              129.911     0.444      0.444        0.444
GRIT8_2  ON GRIT5_2               42.935    -0.223     -0.223       -0.223
GRIT8_2  ON GRIT6_2               23.939    -0.175     -0.175       -0.175

WITH Statements

GRIT3_2  WITH GRIT1_2             24.617     0.152      0.152        0.182
GRIT4_2  WITH GRIT1_2             10.952    -0.125     -0.125       -0.249
GRIT4_2  WITH GRIT3_2             52.436    -0.270     -0.270       -0.566
GRIT5_2  WITH GRIT1_2             10.038     0.095      0.095        0.113
GRIT5_2  WITH GRIT3_2             89.563     0.261      0.261        0.327
GRIT5_2  WITH GRIT4_2             44.146    -0.238     -0.238       -0.498
GRIT6_2  WITH GRIT3_2             53.720     0.210      0.210        0.282
GRIT6_2  WITH GRIT4_2             37.651    -0.233     -0.233       -0.523
GRIT6_2  WITH GRIT5_2             75.692     0.249      0.249        0.336
GRIT7_2  WITH GRIT3_2             11.946    -0.113     -0.113       -0.164
GRIT7_2  WITH GRIT4_2             15.063     0.139      0.139        0.340
GRIT8_2  WITH GRIT1_2             20.823    -0.167     -0.167       -0.275
GRIT8_2  WITH GRIT3_2             33.320    -0.206     -0.206       -0.357
GRIT8_2  WITH GRIT4_2            129.918     0.444      0.444        1.283
GRIT8_2  WITH GRIT5_2             42.933    -0.222     -0.222       -0.386
GRIT8_2  WITH GRIT6_2             23.937    -0.175     -0.175       -0.324


     Beginning Time:  14:37:01
        Ending Time:  14:37:01
       Elapsed Time:  00:00:00



MUTHEN & MUTHEN
3463 Stoner Ave.
Los Angeles, CA  90066

Tel: (310) 391-9971
Fax: (310) 391-8971
Web: www.StatModel.com
Support: Support@StatModel.com

Copyright (c) 1998-2019 Muthen & Muthen
