Mplus VERSION 8.4 (Mac)
MUTHEN & MUTHEN
11/03/2023   3:02 PM

INPUT INSTRUCTIONS

  Title: Student Grit Age Measurement Invariance Configural Model;

  Data:
     File is ../dat_stu_2.txt;

  Variable:
     Names are studentid girl age_w grito1_2 grito5_2 grito6_2
     grito7_2 grito8_2 grit1_2 grit2_2 grit3_2 grit4_2 grit5_2
     grit6_2 grit7_2 grit8_2 loc1_2 loc2_2 loc3_2 loc4_2 dass1_2
     dass2_2 dass3_2 dass4_2 dass5_2 dass6_2 dass7_2 dass8_2
     dass9_2 dass10_2 dass11_2 dass12_2 dass13_2 dass14_2
     dass15_2 dass16_2 dass17_2 dass18_2 dass19_2 dass20_2 dass21_2
     treatment half;
     Missing are . ;

    Usevariable are
  	grit1_2 grit2_2 grit3_2 grit4_2 grit5_2 grit6_2 grit7_2 grit8_2 age_c;

    Categorical is
  	grit1_2 grit2_2 grit3_2 grit4_2 grit5_2 grit6_2 grit7_2 grit8_2;

    Idvariable is studentid;

    Group is age_c (1 = Older 0 = Younger);

  Define:
  	age_c = 0;
  	if(age_w ge 13) then age_c = 1;

  Analysis:
     Estimator = wlsmv;
     Parameterization = theta;


  !!! Model for Younger Students !!!

  Model:
    ! Factor loadings all freely estimated
    pers_2 by
      grit2_2* grit4_2* grit7_2* grit8_2* (L1-L4);

    goal_2 by
      grit1_2* grit3_2* grit5_2* grit6_2* (L5-L8);

    !estimating thresholds freely

    [grit1_2$1-grit8_2$1*] (T1_1-T1_8);
    [grit1_2$2-grit8_2$2*] (T2_1-T2_8);
    [grit1_2$3-grit8_2$3*] (T3_1-T3_8);
    [grit1_2$4-grit8_2$4*] (T4_1-T4_8);

    !constraining item residual variance to 1 for identification
    grit1_2-grit8_2@1;

    !fixing latent mean to zero for identification
    [pers_2@0];
    [goal_2@0];

    !fixing latent variance to one for identification
    pers_2@1;
    goal_2@1;

  !!! Model for Old Students !!!

  Model Older:
    ! Factor loadings all freely estimated
    pers_2 by
      grit2_2* grit4_2* grit7_2* grit8_2*;

    goal_2 by
      grit1_2* grit3_2* grit5_2* grit6_2*;

    !estimating thresholds freely

    [grit1_2$1-grit8_2$1*];
    [grit1_2$2-grit8_2$2*];
    [grit1_2$3-grit8_2$3*];
    [grit1_2$4-grit8_2$4*];

    !constraining item residual variance to 1 for identification
    grit1_2-grit8_2@1;

    !fixing latent mean to zero for identification
    [pers_2@0];
    [goal_2@0];

    !fixing latent variance to one for identification
    pers_2@1;
    goal_2@1;

  Output: sampstat stdyx modindices(all);
  Savedata: Difftest is grit2_student_age_inv_config.dat;



INPUT READING TERMINATED NORMALLY



Student Grit Age Measurement Invariance Configural Model;

SUMMARY OF ANALYSIS

Number of groups                                                 2
Number of observations
   Group YOUNGER                                               736
   Group OLDER                                                 632
   Total sample size                                          1368

Number of dependent variables                                    8
Number of independent variables                                  0
Number of continuous latent variables                            2

Observed dependent variables

  Binary and ordered categorical (ordinal)
   GRIT1_2     GRIT2_2     GRIT3_2     GRIT4_2     GRIT5_2     GRIT6_2
   GRIT7_2     GRIT8_2

Continuous latent variables
   PERS_2      GOAL_2

Variables with special functions

  Grouping variable     AGE_C
  ID variable           STUDENTI

Estimator                                                    WLSMV
Maximum number of iterations                                  1000
Convergence criterion                                    0.500D-04
Maximum number of steepest descent iterations                   20
Maximum number of iterations for H1                           2000
Convergence criterion for H1                             0.100D-03
Parameterization                                             THETA
Link                                                        PROBIT

Input data file(s)
  ../dat_stu_2.txt

Input data format  FREE


SUMMARY OF DATA

   Group YOUNGER
     Number of missing data patterns             1

   Group OLDER
     Number of missing data patterns             1


COVARIANCE COVERAGE OF DATA

Minimum covariance coverage value   0.100


     PROPORTION OF DATA PRESENT FOR YOUNGER


           Covariance Coverage
              GRIT1_2       GRIT2_2       GRIT3_2       GRIT4_2       GRIT5_2
              ________      ________      ________      ________      ________
 GRIT1_2        1.000
 GRIT2_2        1.000         1.000
 GRIT3_2        1.000         1.000         1.000
 GRIT4_2        1.000         1.000         1.000         1.000
 GRIT5_2        1.000         1.000         1.000         1.000         1.000
 GRIT6_2        1.000         1.000         1.000         1.000         1.000
 GRIT7_2        1.000         1.000         1.000         1.000         1.000
 GRIT8_2        1.000         1.000         1.000         1.000         1.000


           Covariance Coverage
              GRIT6_2       GRIT7_2       GRIT8_2
              ________      ________      ________
 GRIT6_2        1.000
 GRIT7_2        1.000         1.000
 GRIT8_2        1.000         1.000         1.000


     PROPORTION OF DATA PRESENT FOR OLDER


           Covariance Coverage
              GRIT1_2       GRIT2_2       GRIT3_2       GRIT4_2       GRIT5_2
              ________      ________      ________      ________      ________
 GRIT1_2        1.000
 GRIT2_2        1.000         1.000
 GRIT3_2        1.000         1.000         1.000
 GRIT4_2        1.000         1.000         1.000         1.000
 GRIT5_2        1.000         1.000         1.000         1.000         1.000
 GRIT6_2        1.000         1.000         1.000         1.000         1.000
 GRIT7_2        1.000         1.000         1.000         1.000         1.000
 GRIT8_2        1.000         1.000         1.000         1.000         1.000


           Covariance Coverage
              GRIT6_2       GRIT7_2       GRIT8_2
              ________      ________      ________
 GRIT6_2        1.000
 GRIT7_2        1.000         1.000
 GRIT8_2        1.000         1.000         1.000


UNIVARIATE PROPORTIONS AND COUNTS FOR CATEGORICAL VARIABLES

  Group YOUNGER
    GRIT1_2
      Category 1    0.118           87.000
      Category 2    0.349          257.000
      Category 3    0.276          203.000
      Category 4    0.205          151.000
      Category 5    0.052           38.000
    GRIT2_2
      Category 1    0.091           67.000
      Category 2    0.220          162.000
      Category 3    0.325          239.000
      Category 4    0.298          219.000
      Category 5    0.067           49.000
    GRIT3_2
      Category 1    0.098           72.000
      Category 2    0.292          215.000
      Category 3    0.266          196.000
      Category 4    0.270          199.000
      Category 5    0.073           54.000
    GRIT4_2
      Category 1    0.045           33.000
      Category 2    0.098           72.000
      Category 3    0.281          207.000
      Category 4    0.418          308.000
      Category 5    0.158          116.000
    GRIT5_2
      Category 1    0.087           64.000
      Category 2    0.268          197.000
      Category 3    0.287          211.000
      Category 4    0.277          204.000
      Category 5    0.082           60.000
    GRIT6_2
      Category 1    0.095           70.000
      Category 2    0.322          237.000
      Category 3    0.232          171.000
      Category 4    0.272          200.000
      Category 5    0.079           58.000
    GRIT7_2
      Category 1    0.038           28.000
      Category 2    0.174          128.000
      Category 3    0.330          243.000
      Category 4    0.340          250.000
      Category 5    0.118           87.000
    GRIT8_2
      Category 1    0.030           22.000
      Category 2    0.095           70.000
      Category 3    0.240          177.000
      Category 4    0.481          354.000
      Category 5    0.154          113.000

  Group OLDER
    GRIT1_2
      Category 1    0.078           49.000
      Category 2    0.375          237.000
      Category 3    0.272          172.000
      Category 4    0.234          148.000
      Category 5    0.041           26.000
    GRIT2_2
      Category 1    0.063           40.000
      Category 2    0.226          143.000
      Category 3    0.324          205.000
      Category 4    0.299          189.000
      Category 5    0.087           55.000
    GRIT3_2
      Category 1    0.081           51.000
      Category 2    0.277          175.000
      Category 3    0.294          186.000
      Category 4    0.294          186.000
      Category 5    0.054           34.000
    GRIT4_2
      Category 1    0.033           21.000
      Category 2    0.133           84.000
      Category 3    0.271          171.000
      Category 4    0.448          283.000
      Category 5    0.116           73.000
    GRIT5_2
      Category 1    0.046           29.000
      Category 2    0.288          182.000
      Category 3    0.326          206.000
      Category 4    0.293          185.000
      Category 5    0.047           30.000
    GRIT6_2
      Category 1    0.089           56.000
      Category 2    0.305          193.000
      Category 3    0.250          158.000
      Category 4    0.288          182.000
      Category 5    0.068           43.000
    GRIT7_2
      Category 1    0.035           22.000
      Category 2    0.185          117.000
      Category 3    0.332          210.000
      Category 4    0.351          222.000
      Category 5    0.097           61.000
    GRIT8_2
      Category 1    0.032           20.000
      Category 2    0.097           61.000
      Category 3    0.280          177.000
      Category 4    0.483          305.000
      Category 5    0.109           69.000


SAMPLE STATISTICS


     ESTIMATED SAMPLE STATISTICS FOR YOUNGER


           MEANS/INTERCEPTS/THRESHOLDS
              GRIT1_2$      GRIT1_2$      GRIT1_2$      GRIT1_2$      GRIT2_2$
              ________      ________      ________      ________      ________
               -1.184        -0.082         0.653         1.629        -1.334


           MEANS/INTERCEPTS/THRESHOLDS
              GRIT2_2$      GRIT2_2$      GRIT2_2$      GRIT3_2$      GRIT3_2$
              ________      ________      ________      ________      ________
               -0.493         0.347         1.502        -1.294        -0.279


           MEANS/INTERCEPTS/THRESHOLDS
              GRIT3_2$      GRIT3_2$      GRIT4_2$      GRIT4_2$      GRIT4_2$
              ________      ________      ________      ________      ________
                0.402         1.451        -1.697        -1.068        -0.192


           MEANS/INTERCEPTS/THRESHOLDS
              GRIT4_2$      GRIT5_2$      GRIT5_2$      GRIT5_2$      GRIT5_2$
              ________      ________      ________      ________      ________
                1.004        -1.360        -0.373         0.362         1.395


           MEANS/INTERCEPTS/THRESHOLDS
              GRIT6_2$      GRIT6_2$      GRIT6_2$      GRIT6_2$      GRIT7_2$
              ________      ________      ________      ________      ________
               -1.310        -0.209         0.384         1.413        -1.774


           MEANS/INTERCEPTS/THRESHOLDS
              GRIT7_2$      GRIT7_2$      GRIT7_2$      GRIT8_2$      GRIT8_2$
              ________      ________      ________      ________      ________
               -0.800         0.106         1.184        -1.882        -1.150


           MEANS/INTERCEPTS/THRESHOLDS
              GRIT8_2$      GRIT8_2$
              ________      ________
               -0.344         1.021


           CORRELATION MATRIX (WITH VARIANCES ON THE DIAGONAL)
              GRIT1_2       GRIT2_2       GRIT3_2       GRIT4_2       GRIT5_2
              ________      ________      ________      ________      ________
 GRIT1_2
 GRIT2_2        0.050
 GRIT3_2        0.287         0.000
 GRIT4_2        0.185         0.069         0.278
 GRIT5_2        0.233         0.029         0.417         0.247
 GRIT6_2        0.207         0.019         0.356         0.314         0.384
 GRIT7_2        0.184         0.064         0.317         0.558         0.313
 GRIT8_2        0.142         0.048         0.236         0.636         0.241


           CORRELATION MATRIX (WITH VARIANCES ON THE DIAGONAL)
              GRIT6_2       GRIT7_2       GRIT8_2
              ________      ________      ________
 GRIT7_2        0.307
 GRIT8_2        0.289         0.499


     ESTIMATED SAMPLE STATISTICS FOR OLDER


           MEANS/INTERCEPTS/THRESHOLDS
              GRIT1_2$      GRIT1_2$      GRIT1_2$      GRIT1_2$      GRIT2_2$
              ________      ________      ________      ________      ________
               -1.422        -0.119         0.597         1.738        -1.528


           MEANS/INTERCEPTS/THRESHOLDS
              GRIT2_2$      GRIT2_2$      GRIT2_2$      GRIT3_2$      GRIT3_2$
              ________      ________      ________      ________      ________
               -0.555         0.290         1.359        -1.400        -0.365


           MEANS/INTERCEPTS/THRESHOLDS
              GRIT3_2$      GRIT3_2$      GRIT4_2$      GRIT4_2$      GRIT4_2$
              ________      ________      ________      ________      ________
                0.390         1.609        -1.835        -0.970        -0.159


           MEANS/INTERCEPTS/THRESHOLDS
              GRIT4_2$      GRIT5_2$      GRIT5_2$      GRIT5_2$      GRIT5_2$
              ________      ________      ________      ________      ________
                1.198        -1.686        -0.429         0.412         1.670


           MEANS/INTERCEPTS/THRESHOLDS
              GRIT6_2$      GRIT6_2$      GRIT6_2$      GRIT6_2$      GRIT7_2$
              ________      ________      ________      ________      ________
               -1.349        -0.269         0.369         1.491        -1.814


           MEANS/INTERCEPTS/THRESHOLDS
              GRIT7_2$      GRIT7_2$      GRIT7_2$      GRIT8_2$      GRIT8_2$
              ________      ________      ________      ________      ________
               -0.772         0.131         1.302        -1.857        -1.135


           MEANS/INTERCEPTS/THRESHOLDS
              GRIT8_2$      GRIT8_2$
              ________      ________
               -0.232         1.231


           CORRELATION MATRIX (WITH VARIANCES ON THE DIAGONAL)
              GRIT1_2       GRIT2_2       GRIT3_2       GRIT4_2       GRIT5_2
              ________      ________      ________      ________      ________
 GRIT1_2
 GRIT2_2       -0.033
 GRIT3_2        0.295         0.043
 GRIT4_2        0.222         0.068         0.162
 GRIT5_2        0.295         0.006         0.383         0.176
 GRIT6_2        0.317         0.008         0.465         0.305         0.397
 GRIT7_2        0.230         0.024         0.196         0.534         0.193
 GRIT8_2        0.118         0.089         0.199         0.711         0.121


           CORRELATION MATRIX (WITH VARIANCES ON THE DIAGONAL)
              GRIT6_2       GRIT7_2       GRIT8_2
              ________      ________      ________
 GRIT7_2        0.307
 GRIT8_2        0.309         0.509


THE MODEL ESTIMATION TERMINATED NORMALLY



MODEL FIT INFORMATION

Number of Free Parameters                       82

Chi-Square Test of Model Fit

          Value                            106.524*
          Degrees of Freedom                    38
          P-Value                           0.0000

Chi-Square Contribution From Each Group

          YOUNGER                           42.955
          OLDER                             63.569

*   The chi-square value for MLM, MLMV, MLR, ULSMV, WLSM and WLSMV cannot be used
    for chi-square difference testing in the regular way.  MLM, MLR and WLSM
    chi-square difference testing is described on the Mplus website.  MLMV, WLSMV,
    and ULSMV difference testing is done using the DIFFTEST option.

RMSEA (Root Mean Square Error Of Approximation)

          Estimate                           0.051
          90 Percent C.I.                    0.040  0.063
          Probability RMSEA <= .05           0.405

CFI/TLI

          CFI                                0.986
          TLI                                0.979

Chi-Square Test of Model Fit for the Baseline Model

          Value                           4957.570
          Degrees of Freedom                    56
          P-Value                           0.0000

SRMR (Standardized Root Mean Square Residual)

          Value                              0.023

Optimum Function Value for Weighted Least-Squares Estimator

          Value                     0.25111183D-01



MODEL RESULTS

                                                    Two-Tailed
                    Estimate       S.E.  Est./S.E.    P-Value

Group YOUNGER

 PERS_2   BY
    GRIT2_2            0.076      0.038      2.022      0.043
    GRIT4_2            1.411      0.101     14.003      0.000
    GRIT7_2            1.006      0.064     15.821      0.000
    GRIT8_2            1.109      0.078     14.264      0.000

 GOAL_2   BY
    GRIT1_2            0.418      0.046      9.164      0.000
    GRIT3_2            0.820      0.070     11.712      0.000
    GRIT5_2            0.794      0.066     12.077      0.000
    GRIT6_2            0.777      0.063     12.283      0.000

 GOAL_2   WITH
    PERS_2             0.599      0.032     18.806      0.000

 Means
    PERS_2             0.000      0.000    999.000    999.000
    GOAL_2             0.000      0.000    999.000    999.000

 Thresholds
    GRIT1_2$1         -1.283      0.065    -19.780      0.000
    GRIT1_2$2         -0.089      0.050     -1.771      0.077
    GRIT1_2$3          0.708      0.055     12.943      0.000
    GRIT1_2$4          1.766      0.084     20.955      0.000
    GRIT2_2$1         -1.338      0.065    -20.602      0.000
    GRIT2_2$2         -0.494      0.048    -10.199      0.000
    GRIT2_2$3          0.348      0.047      7.357      0.000
    GRIT2_2$4          1.506      0.071     21.105      0.000
    GRIT3_2$1         -1.673      0.088    -19.049      0.000
    GRIT3_2$2         -0.361      0.061     -5.944      0.000
    GRIT3_2$3          0.520      0.064      8.177      0.000
    GRIT3_2$4          1.876      0.101     18.628      0.000
    GRIT4_2$1         -2.936      0.165    -17.794      0.000
    GRIT4_2$2         -1.848      0.115    -16.077      0.000
    GRIT4_2$3         -0.332      0.082     -4.024      0.000
    GRIT4_2$4          1.737      0.111     15.712      0.000
    GRIT5_2$1         -1.736      0.087    -19.913      0.000
    GRIT5_2$2         -0.476      0.061     -7.775      0.000
    GRIT5_2$3          0.462      0.061      7.543      0.000
    GRIT5_2$4          1.781      0.094     18.857      0.000
    GRIT6_2$1         -1.659      0.085    -19.488      0.000
    GRIT6_2$2         -0.265      0.059     -4.500      0.000
    GRIT6_2$3          0.486      0.061      7.946      0.000
    GRIT6_2$4          1.790      0.090     19.798      0.000
    GRIT7_2$1         -2.516      0.121    -20.876      0.000
    GRIT7_2$2         -1.134      0.076    -14.833      0.000
    GRIT7_2$3          0.150      0.065      2.291      0.022
    GRIT7_2$4          1.679      0.086     19.518      0.000
    GRIT8_2$1         -2.812      0.153    -18.331      0.000
    GRIT8_2$2         -1.718      0.100    -17.191      0.000
    GRIT8_2$3         -0.514      0.073     -6.990      0.000
    GRIT8_2$4          1.526      0.091     16.702      0.000

 Variances
    PERS_2             1.000      0.000    999.000    999.000
    GOAL_2             1.000      0.000    999.000    999.000

 Residual Variances
    GRIT1_2            1.000      0.000    999.000    999.000
    GRIT2_2            1.000      0.000    999.000    999.000
    GRIT3_2            1.000      0.000    999.000    999.000
    GRIT4_2            1.000      0.000    999.000    999.000
    GRIT5_2            1.000      0.000    999.000    999.000
    GRIT6_2            1.000      0.000    999.000    999.000
    GRIT7_2            1.000      0.000    999.000    999.000
    GRIT8_2            1.000      0.000    999.000    999.000

Group OLDER

 PERS_2   BY
    GRIT2_2            0.072      0.040      1.820      0.069
    GRIT4_2            1.656      0.161     10.267      0.000
    GRIT7_2            0.867      0.061     14.096      0.000
    GRIT8_2            1.405      0.115     12.266      0.000

 GOAL_2   BY
    GRIT1_2            0.545      0.050     10.996      0.000
    GRIT3_2            0.778      0.071     10.953      0.000
    GRIT5_2            0.661      0.056     11.789      0.000
    GRIT6_2            1.169      0.118      9.922      0.000

 GOAL_2   WITH
    PERS_2             0.456      0.044     10.385      0.000

 Means
    PERS_2             0.000      0.000    999.000    999.000
    GOAL_2             0.000      0.000    999.000    999.000

 Thresholds
    GRIT1_2$1         -1.620      0.082    -19.647      0.000
    GRIT1_2$2         -0.136      0.057     -2.387      0.017
    GRIT1_2$3          0.680      0.061     11.210      0.000
    GRIT1_2$4          1.979      0.101     19.532      0.000
    GRIT2_2$1         -1.532      0.078    -19.610      0.000
    GRIT2_2$2         -0.556      0.053    -10.518      0.000
    GRIT2_2$3          0.290      0.051      5.720      0.000
    GRIT2_2$4          1.363      0.071     19.215      0.000
    GRIT3_2$1         -1.774      0.101    -17.562      0.000
    GRIT3_2$2         -0.462      0.066     -7.038      0.000
    GRIT3_2$3          0.495      0.066      7.494      0.000
    GRIT3_2$4          2.039      0.108     18.930      0.000
    GRIT4_2$1         -3.550      0.277    -12.833      0.000
    GRIT4_2$2         -1.876      0.166    -11.328      0.000
    GRIT4_2$3         -0.308      0.100     -3.072      0.002
    GRIT4_2$4          2.318      0.182     12.770      0.000
    GRIT5_2$1         -2.021      0.103    -19.665      0.000
    GRIT5_2$2         -0.515      0.062     -8.284      0.000
    GRIT5_2$3          0.494      0.062      7.985      0.000
    GRIT5_2$4          2.002      0.101     19.889      0.000
    GRIT6_2$1         -2.076      0.142    -14.643      0.000
    GRIT6_2$2         -0.414      0.080     -5.192      0.000
    GRIT6_2$3          0.568      0.083      6.867      0.000
    GRIT6_2$4          2.293      0.145     15.857      0.000
    GRIT7_2$1         -2.401      0.126    -19.064      0.000
    GRIT7_2$2         -1.022      0.074    -13.813      0.000
    GRIT7_2$3          0.174      0.066      2.628      0.009
    GRIT7_2$4          1.722      0.092     18.721      0.000
    GRIT8_2$1         -3.201      0.202    -15.867      0.000
    GRIT8_2$2         -1.957      0.141    -13.908      0.000
    GRIT8_2$3         -0.400      0.090     -4.444      0.000
    GRIT8_2$4          2.122      0.141     15.079      0.000

 Variances
    PERS_2             1.000      0.000    999.000    999.000
    GOAL_2             1.000      0.000    999.000    999.000

 Residual Variances
    GRIT1_2            1.000      0.000    999.000    999.000
    GRIT2_2            1.000      0.000    999.000    999.000
    GRIT3_2            1.000      0.000    999.000    999.000
    GRIT4_2            1.000      0.000    999.000    999.000
    GRIT5_2            1.000      0.000    999.000    999.000
    GRIT6_2            1.000      0.000    999.000    999.000
    GRIT7_2            1.000      0.000    999.000    999.000
    GRIT8_2            1.000      0.000    999.000    999.000


STANDARDIZED MODEL RESULTS


STDYX Standardization

                                                    Two-Tailed
                    Estimate       S.E.  Est./S.E.    P-Value

Group YOUNGER

 PERS_2   BY
    GRIT2_2            0.076      0.037      2.034      0.042
    GRIT4_2            0.816      0.019     41.897      0.000
    GRIT7_2            0.709      0.022     31.822      0.000
    GRIT8_2            0.743      0.023     31.820      0.000

 GOAL_2   BY
    GRIT1_2            0.386      0.036     10.768      0.000
    GRIT3_2            0.634      0.032     19.580      0.000
    GRIT5_2            0.622      0.032     19.683      0.000
    GRIT6_2            0.614      0.031     19.701      0.000

 GOAL_2   WITH
    PERS_2             0.599      0.032     18.806      0.000

 Means
    PERS_2             0.000      0.000    999.000    999.000
    GOAL_2             0.000      0.000    999.000    999.000

 Thresholds
    GRIT1_2$1         -1.184      0.060    -19.692      0.000
    GRIT1_2$2         -0.082      0.046     -1.769      0.077
    GRIT1_2$3          0.653      0.050     13.075      0.000
    GRIT1_2$4          1.629      0.077     21.138      0.000
    GRIT2_2$1         -1.335      0.065    -20.613      0.000
    GRIT2_2$2         -0.493      0.048    -10.200      0.000
    GRIT2_2$3          0.347      0.047      7.357      0.000
    GRIT2_2$4          1.502      0.071     21.110      0.000
    GRIT3_2$1         -1.294      0.063    -20.409      0.000
    GRIT3_2$2         -0.280      0.047     -5.965      0.000
    GRIT3_2$3          0.402      0.048      8.455      0.000
    GRIT3_2$4          1.451      0.069     21.016      0.000
    GRIT4_2$1         -1.697      0.081    -21.029      0.000
    GRIT4_2$2         -1.068      0.057    -18.685      0.000
    GRIT4_2$3         -0.192      0.047     -4.126      0.000
    GRIT4_2$4          1.004      0.056     18.016      0.000
    GRIT5_2$1         -1.360      0.066    -20.722      0.000
    GRIT5_2$2         -0.373      0.047     -7.870      0.000
    GRIT5_2$3          0.362      0.047      7.650      0.000
    GRIT5_2$4          1.395      0.067     20.855      0.000
    GRIT6_2$1         -1.310      0.064    -20.493      0.000
    GRIT6_2$2         -0.209      0.047     -4.494      0.000
    GRIT6_2$3          0.384      0.047      8.089      0.000
    GRIT6_2$4          1.413      0.068     20.915      0.000
    GRIT7_2$1         -1.774      0.085    -20.812      0.000
    GRIT7_2$2         -0.800      0.052    -15.379      0.000
    GRIT7_2$3          0.106      0.046      2.285      0.022
    GRIT7_2$4          1.184      0.060     19.689      0.000
    GRIT8_2$1         -1.882      0.093    -20.345      0.000
    GRIT8_2$2         -1.150      0.059    -19.424      0.000
    GRIT8_2$3         -0.344      0.047     -7.284      0.000
    GRIT8_2$4          1.021      0.056     18.202      0.000

 Variances
    PERS_2             1.000      0.000    999.000    999.000
    GOAL_2             1.000      0.000    999.000    999.000

 Residual Variances
    GRIT1_2            0.851      0.028     30.758      0.000
    GRIT2_2            0.994      0.006    174.167      0.000
    GRIT3_2            0.598      0.041     14.572      0.000
    GRIT4_2            0.334      0.032     10.516      0.000
    GRIT5_2            0.614      0.039     15.626      0.000
    GRIT6_2            0.623      0.038     16.312      0.000
    GRIT7_2            0.497      0.032     15.732      0.000
    GRIT8_2            0.448      0.035     12.927      0.000

Group OLDER

 PERS_2   BY
    GRIT2_2            0.072      0.039      1.830      0.067
    GRIT4_2            0.856      0.022     38.436      0.000
    GRIT7_2            0.655      0.027     24.687      0.000
    GRIT8_2            0.815      0.022     36.464      0.000

 GOAL_2   BY
    GRIT1_2            0.479      0.034     14.266      0.000
    GRIT3_2            0.614      0.035     17.585      0.000
    GRIT5_2            0.552      0.033     16.945      0.000
    GRIT6_2            0.760      0.032     23.479      0.000

 GOAL_2   WITH
    PERS_2             0.456      0.044     10.385      0.000

 Means
    PERS_2             0.000      0.000    999.000    999.000
    GOAL_2             0.000      0.000    999.000    999.000

 Thresholds
    GRIT1_2$1         -1.422      0.073    -19.409      0.000
    GRIT1_2$2         -0.119      0.050     -2.387      0.017
    GRIT1_2$3          0.597      0.053     11.213      0.000
    GRIT1_2$4          1.738      0.090     19.392      0.000
    GRIT2_2$1         -1.528      0.078    -19.594      0.000
    GRIT2_2$2         -0.555      0.053    -10.517      0.000
    GRIT2_2$3          0.290      0.051      5.720      0.000
    GRIT2_2$4          1.359      0.071     19.198      0.000
    GRIT3_2$1         -1.400      0.072    -19.340      0.000
    GRIT3_2$2         -0.365      0.051     -7.143      0.000
    GRIT3_2$3          0.390      0.051      7.617      0.000
    GRIT3_2$4          1.609      0.082     19.598      0.000
    GRIT4_2$1         -1.835      0.096    -19.054      0.000
    GRIT4_2$2         -0.970      0.059    -16.330      0.000
    GRIT4_2$3         -0.159      0.050     -3.181      0.001
    GRIT4_2$4          1.198      0.065     18.346      0.000
    GRIT5_2$1         -1.686      0.086    -19.504      0.000
    GRIT5_2$2         -0.429      0.052     -8.325      0.000
    GRIT5_2$3          0.412      0.051      8.010      0.000
    GRIT5_2$4          1.670      0.085     19.532      0.000
    GRIT6_2$1         -1.349      0.070    -19.163      0.000
    GRIT6_2$2         -0.269      0.051     -5.324      0.000
    GRIT6_2$3          0.369      0.051      7.223      0.000
    GRIT6_2$4          1.491      0.076     19.548      0.000
    GRIT7_2$1         -1.814      0.095    -19.142      0.000
    GRIT7_2$2         -0.772      0.056    -13.876      0.000
    GRIT7_2$3          0.131      0.050      2.624      0.009
    GRIT7_2$4          1.302      0.069     18.948      0.000
    GRIT8_2$1         -1.857      0.098    -18.964      0.000
    GRIT8_2$2         -1.135      0.063    -17.882      0.000
    GRIT8_2$3         -0.232      0.050     -4.610      0.000
    GRIT8_2$4          1.231      0.066     18.557      0.000

 Variances
    PERS_2             1.000      0.000    999.000    999.000
    GOAL_2             1.000      0.000    999.000    999.000

 Residual Variances
    GRIT1_2            0.771      0.032     23.989      0.000
    GRIT2_2            0.995      0.006    174.903      0.000
    GRIT3_2            0.623      0.043     14.522      0.000
    GRIT4_2            0.267      0.038      7.005      0.000
    GRIT5_2            0.696      0.036     19.373      0.000
    GRIT6_2            0.423      0.049      8.592      0.000
    GRIT7_2            0.571      0.035     16.430      0.000
    GRIT8_2            0.336      0.036      9.242      0.000


R-SQUARE

Group YOUNGER

    Observed                                        Two-Tailed     Scale
    Variable        Estimate       S.E.  Est./S.E.    P-Value     Factors

    GRIT1_2            0.149      0.028      5.384      0.000      0.923
    GRIT2_2            0.006      0.006      1.017      0.309      0.997
    GRIT3_2            0.402      0.041      9.790      0.000      0.773
    GRIT4_2            0.666      0.032     20.949      0.000      0.578
    GRIT5_2            0.386      0.039      9.842      0.000      0.783
    GRIT6_2            0.377      0.038      9.850      0.000      0.790
    GRIT7_2            0.503      0.032     15.911      0.000      0.705
    GRIT8_2            0.552      0.035     15.910      0.000      0.670

Group OLDER

    Observed                                        Two-Tailed     Scale
    Variable        Estimate       S.E.  Est./S.E.    P-Value     Factors

    GRIT1_2            0.229      0.032      7.133      0.000      0.878
    GRIT2_2            0.005      0.006      0.915      0.360      0.997
    GRIT3_2            0.377      0.043      8.792      0.000      0.789
    GRIT4_2            0.733      0.038     19.218      0.000      0.517
    GRIT5_2            0.304      0.036      8.472      0.000      0.834
    GRIT6_2            0.577      0.049     11.739      0.000      0.650
    GRIT7_2            0.429      0.035     12.343      0.000      0.756
    GRIT8_2            0.664      0.036     18.232      0.000      0.580


QUALITY OF NUMERICAL RESULTS

     Condition Number for the Information Matrix              0.200E-02
       (ratio of smallest to largest eigenvalue)


MODEL MODIFICATION INDICES

Minimum M.I. value for printing the modification index    10.000

                                   M.I.     E.P.C.  Std E.P.C.  StdYX E.P.C.
Group YOUNGER


ON/BY Statements

GRIT7_2  ON GOAL_2   /
GOAL_2   BY GRIT7_2               23.522     0.329      0.329        0.232

ON Statements

PERS_2   ON GRIT7_2               23.484    -0.352     -0.352       -0.499
GOAL_2   ON GRIT7_2               23.515     0.211      0.211        0.299
GRIT4_2  ON GRIT8_2               23.160     0.542      0.542        0.468
GRIT7_2  ON GRIT3_2               14.478     0.143      0.143        0.130
GRIT7_2  ON GRIT5_2               14.664     0.140      0.140        0.126
GRIT7_2  ON GRIT6_2               13.283     0.139      0.139        0.124
GRIT8_2  ON GRIT4_2               23.230     0.543      0.543        0.628

WITH Statements

GRIT7_2  WITH PERS_2              23.479    -0.352     -0.352       -0.352
GRIT7_2  WITH GOAL_2              23.506     0.211      0.211        0.211
GRIT8_2  WITH GRIT4_2             23.211     0.542      0.542        0.542

Group OLDER


ON/BY Statements

GRIT6_2  ON PERS_2   /
PERS_2   BY GRIT6_2               12.330     0.216      0.216        0.140
GRIT7_2  ON GOAL_2   /
GOAL_2   BY GRIT7_2               18.666     0.188      0.188        0.142

ON Statements

PERS_2   ON GRIT6_2               12.331     0.171      0.171        0.263
PERS_2   ON GRIT7_2               18.647    -0.326     -0.326       -0.431
GOAL_2   ON GRIT6_2               12.361    -0.375     -0.375       -0.577
GOAL_2   ON GRIT7_2               18.659     0.149      0.149        0.197
GRIT4_2  ON GRIT8_2               16.757     0.823      0.823        0.733
GRIT6_2  ON GRIT7_2               16.478     0.158      0.158        0.136
GRIT7_2  ON GRIT1_2               17.811     0.143      0.143        0.123
GRIT7_2  ON GRIT6_2               19.122     0.112      0.112        0.130
GRIT8_2  ON GRIT4_2               16.641     0.820      0.820        0.920

WITH Statements

GRIT6_2  WITH PERS_2              12.335     0.171      0.171        0.171
GRIT6_2  WITH GOAL_2              12.355    -0.375     -0.375       -0.375
GRIT7_2  WITH PERS_2              18.649    -0.326     -0.326       -0.326
GRIT7_2  WITH GOAL_2              18.663     0.149      0.149        0.149
GRIT7_2  WITH GRIT6_2             10.102     0.184      0.184        0.184
GRIT8_2  WITH GRIT4_2             16.720     0.822      0.822        0.822



SAVEDATA INFORMATION


  Difference testing

  Save file
    grit2_student_age_inv_config.dat
  Save format      Free

     Beginning Time:  15:02:12
        Ending Time:  15:02:13
       Elapsed Time:  00:00:01



MUTHEN & MUTHEN
3463 Stoner Ave.
Los Angeles, CA  90066

Tel: (310) 391-9971
Fax: (310) 391-8971
Web: www.StatModel.com
Support: Support@StatModel.com

Copyright (c) 1998-2019 Muthen & Muthen
