Mplus VERSION 8.4 (Mac)
MUTHEN & MUTHEN
11/03/2023   3:32 PM

INPUT INSTRUCTIONS

  Title: Student Grit Treatment Measurement Invariance Metric Model;

  Data:
     File is ../dat_stu_2.txt;

  Variable:
     Names are studentid girl age_w grito1_2 grito5_2 grito6_2
     grito7_2 grito8_2 grit1_2 grit2_2 grit3_2 grit4_2 grit5_2
     grit6_2 grit7_2 grit8_2 loc1_2 loc2_2 loc3_2 loc4_2 dass1_2
     dass2_2 dass3_2 dass4_2 dass5_2 dass6_2 dass7_2 dass8_2
     dass9_2 dass10_2 dass11_2 dass12_2 dass13_2 dass14_2
     dass15_2 dass16_2 dass17_2 dass18_2 dass19_2 dass20_2 dass21_2
     treatment half;
     Missing are . ;

    Usevariable are
  	grit1_2 grit2_2 grit3_2 grit4_2 grit5_2 grit6_2 grit7_2 grit8_2;

    Categorical is
  	grit1_2 grit2_2 grit3_2 grit4_2 grit5_2 grit6_2 grit7_2 grit8_2;

    Idvariable is studentid;

    Group is treatment (1 = Treated 0 = Control);

  Analysis:
     Estimator = wlsmv;
     Parameterization = theta;
     Difftest = grit2_student_tx_inv_config.dat


  !!! Model for Control Group !!!

  Model:
    ! Factor loadings all freely estimated
    pers_2 by
      grit2_2* grit4_2* grit7_2* grit8_2* (L1-L4);

    goal_2 by
      grit1_2* grit3_2* grit5_2* grit6_2* (L5-L8);

    !estimating thresholds freely

    [grit1_2$1-grit8_2$1*] (T1_1-T1_8);
    [grit1_2$2-grit8_2$2*] (T2_1-T2_8);
    [grit1_2$3-grit8_2$3*] (T3_1-T3_8);
    [grit1_2$4-grit8_2$4*] (T4_1-T4_8);

    !constraining item residual variance to 1 for identification
    grit1_2-grit8_2@1;

    !fixing latent mean to zero for identification
    [pers_2@0];
    [goal_2@0];

    !fixing latent variance to one for identification
    pers_2@1;
    goal_2@1;

  !!! Model for Treatment Group !!!

  Model Treated:
    ! Factor loadings constrained to *be equal to the control group*
    pers_2 by
      grit2_2* grit4_2* grit7_2* grit8_2* (L1-L4);

    goal_2 by
      grit1_2* grit3_2* grit5_2* grit6_2* (L5-L8);

    !estimating thresholds freely
    [grit1_2$1-grit8_2$1*];
    [grit1_2$2-grit8_2$2*];
    [grit1_2$3-grit8_2$3*];
    [grit1_2$4-grit8_2$4*];

    !constraining item residual variance to 1 for identification
    grit1_2-grit8_2@1;

    !fixing latent mean to zero for identification
    [pers_2@0];
    [goal_2@0];

    ! latent factor variance *estimated*
    pers_2*;
    goal_2*;

  Output: sampstat stdyx modindices(all);
  Savedata: Difftest is grit2_student_tx_inv_metric.dat;



INPUT READING TERMINATED NORMALLY



Student Grit Treatment Measurement Invariance Metric Model;

SUMMARY OF ANALYSIS

Number of groups                                                 2
Number of observations
   Group CONTROL                                               628
   Group TREATED                                               740
   Total sample size                                          1368

Number of dependent variables                                    8
Number of independent variables                                  0
Number of continuous latent variables                            2

Observed dependent variables

  Binary and ordered categorical (ordinal)
   GRIT1_2     GRIT2_2     GRIT3_2     GRIT4_2     GRIT5_2     GRIT6_2
   GRIT7_2     GRIT8_2

Continuous latent variables
   PERS_2      GOAL_2

Variables with special functions

  Grouping variable     TREATMEN
  ID variable           STUDENTI

Estimator                                                    WLSMV
Maximum number of iterations                                  1000
Convergence criterion                                    0.500D-04
Maximum number of steepest descent iterations                   20
Maximum number of iterations for H1                           2000
Convergence criterion for H1                             0.100D-03
Parameterization                                             THETA
Link                                                        PROBIT

Input data file(s)
  ../dat_stu_2.txt

Input data format  FREE


SUMMARY OF DATA

   Group CONTROL
     Number of missing data patterns             1

   Group TREATED
     Number of missing data patterns             1


COVARIANCE COVERAGE OF DATA

Minimum covariance coverage value   0.100


     PROPORTION OF DATA PRESENT FOR CONTROL


           Covariance Coverage
              GRIT1_2       GRIT2_2       GRIT3_2       GRIT4_2       GRIT5_2
              ________      ________      ________      ________      ________
 GRIT1_2        1.000
 GRIT2_2        1.000         1.000
 GRIT3_2        1.000         1.000         1.000
 GRIT4_2        1.000         1.000         1.000         1.000
 GRIT5_2        1.000         1.000         1.000         1.000         1.000
 GRIT6_2        1.000         1.000         1.000         1.000         1.000
 GRIT7_2        1.000         1.000         1.000         1.000         1.000
 GRIT8_2        1.000         1.000         1.000         1.000         1.000


           Covariance Coverage
              GRIT6_2       GRIT7_2       GRIT8_2
              ________      ________      ________
 GRIT6_2        1.000
 GRIT7_2        1.000         1.000
 GRIT8_2        1.000         1.000         1.000


     PROPORTION OF DATA PRESENT FOR TREATED


           Covariance Coverage
              GRIT1_2       GRIT2_2       GRIT3_2       GRIT4_2       GRIT5_2
              ________      ________      ________      ________      ________
 GRIT1_2        1.000
 GRIT2_2        1.000         1.000
 GRIT3_2        1.000         1.000         1.000
 GRIT4_2        1.000         1.000         1.000         1.000
 GRIT5_2        1.000         1.000         1.000         1.000         1.000
 GRIT6_2        1.000         1.000         1.000         1.000         1.000
 GRIT7_2        1.000         1.000         1.000         1.000         1.000
 GRIT8_2        1.000         1.000         1.000         1.000         1.000


           Covariance Coverage
              GRIT6_2       GRIT7_2       GRIT8_2
              ________      ________      ________
 GRIT6_2        1.000
 GRIT7_2        1.000         1.000
 GRIT8_2        1.000         1.000         1.000


UNIVARIATE PROPORTIONS AND COUNTS FOR CATEGORICAL VARIABLES

  Group CONTROL
    GRIT1_2
      Category 1    0.102           64.000
      Category 2    0.381          239.000
      Category 3    0.275          173.000
      Category 4    0.201          126.000
      Category 5    0.041           26.000
    GRIT2_2
      Category 1    0.073           46.000
      Category 2    0.229          144.000
      Category 3    0.318          200.000
      Category 4    0.287          180.000
      Category 5    0.092           58.000
    GRIT3_2
      Category 1    0.083           52.000
      Category 2    0.317          199.000
      Category 3    0.274          172.000
      Category 4    0.258          162.000
      Category 5    0.068           43.000
    GRIT4_2
      Category 1    0.035           22.000
      Category 2    0.113           71.000
      Category 3    0.306          192.000
      Category 4    0.412          259.000
      Category 5    0.134           84.000
    GRIT5_2
      Category 1    0.075           47.000
      Category 2    0.282          177.000
      Category 3    0.288          181.000
      Category 4    0.277          174.000
      Category 5    0.078           49.000
    GRIT6_2
      Category 1    0.100           63.000
      Category 2    0.333          209.000
      Category 3    0.239          150.000
      Category 4    0.255          160.000
      Category 5    0.073           46.000
    GRIT7_2
      Category 1    0.035           22.000
      Category 2    0.209          131.000
      Category 3    0.326          205.000
      Category 4    0.333          209.000
      Category 5    0.097           61.000
    GRIT8_2
      Category 1    0.035           22.000
      Category 2    0.096           60.000
      Category 3    0.283          178.000
      Category 4    0.467          293.000
      Category 5    0.119           75.000

  Group TREATED
    GRIT1_2
      Category 1    0.097           72.000
      Category 2    0.345          255.000
      Category 3    0.273          202.000
      Category 4    0.234          173.000
      Category 5    0.051           38.000
    GRIT2_2
      Category 1    0.082           61.000
      Category 2    0.218          161.000
      Category 3    0.330          244.000
      Category 4    0.308          228.000
      Category 5    0.062           46.000
    GRIT3_2
      Category 1    0.096           71.000
      Category 2    0.258          191.000
      Category 3    0.284          210.000
      Category 4    0.301          223.000
      Category 5    0.061           45.000
    GRIT4_2
      Category 1    0.043           32.000
      Category 2    0.115           85.000
      Category 3    0.251          186.000
      Category 4    0.449          332.000
      Category 5    0.142          105.000
    GRIT5_2
      Category 1    0.062           46.000
      Category 2    0.273          202.000
      Category 3    0.319          236.000
      Category 4    0.291          215.000
      Category 5    0.055           41.000
    GRIT6_2
      Category 1    0.085           63.000
      Category 2    0.299          221.000
      Category 3    0.242          179.000
      Category 4    0.300          222.000
      Category 5    0.074           55.000
    GRIT7_2
      Category 1    0.038           28.000
      Category 2    0.154          114.000
      Category 3    0.335          248.000
      Category 4    0.355          263.000
      Category 5    0.118           87.000
    GRIT8_2
      Category 1    0.027           20.000
      Category 2    0.096           71.000
      Category 3    0.238          176.000
      Category 4    0.495          366.000
      Category 5    0.145          107.000


SAMPLE STATISTICS


     ESTIMATED SAMPLE STATISTICS FOR CONTROL


           MEANS/INTERCEPTS/THRESHOLDS
              GRIT1_2$      GRIT1_2$      GRIT1_2$      GRIT1_2$      GRIT2_2$
              ________      ________      ________      ________      ________
               -1.271        -0.044         0.700         1.735        -1.452


           MEANS/INTERCEPTS/THRESHOLDS
              GRIT2_2$      GRIT2_2$      GRIT2_2$      GRIT3_2$      GRIT3_2$
              ________      ________      ________      ________      ________
               -0.517         0.308         1.326        -1.386        -0.254


           MEANS/INTERCEPTS/THRESHOLDS
              GRIT3_2$      GRIT3_2$      GRIT4_2$      GRIT4_2$      GRIT4_2$
              ________      ________      ________      ________      ________
                0.450         1.487        -1.811        -1.045        -0.116


           MEANS/INTERCEPTS/THRESHOLDS
              GRIT4_2$      GRIT5_2$      GRIT5_2$      GRIT5_2$      GRIT5_2$
              ________      ________      ________      ________      ________
                1.109        -1.441        -0.367         0.372         1.418


           MEANS/INTERCEPTS/THRESHOLDS
              GRIT6_2$      GRIT6_2$      GRIT6_2$      GRIT6_2$      GRIT7_2$
              ________      ________      ________      ________      ________
               -1.280        -0.168         0.445         1.452        -1.811


           MEANS/INTERCEPTS/THRESHOLDS
              GRIT7_2$      GRIT7_2$      GRIT7_2$      GRIT8_2$      GRIT8_2$
              ________      ________      ________      ________      ________
               -0.695         0.177         1.298        -1.811        -1.124


           MEANS/INTERCEPTS/THRESHOLDS
              GRIT8_2$      GRIT8_2$
              ________      ________
               -0.217         1.178


           CORRELATION MATRIX (WITH VARIANCES ON THE DIAGONAL)
              GRIT1_2       GRIT2_2       GRIT3_2       GRIT4_2       GRIT5_2
              ________      ________      ________      ________      ________
 GRIT1_2
 GRIT2_2        0.013
 GRIT3_2        0.286         0.000
 GRIT4_2        0.167         0.025         0.159
 GRIT5_2        0.229        -0.012         0.367         0.140
 GRIT6_2        0.219        -0.023         0.384         0.327         0.392
 GRIT7_2        0.191         0.033         0.203         0.499         0.212
 GRIT8_2        0.138         0.066         0.171         0.664         0.158


           CORRELATION MATRIX (WITH VARIANCES ON THE DIAGONAL)
              GRIT6_2       GRIT7_2       GRIT8_2
              ________      ________      ________
 GRIT7_2        0.234
 GRIT8_2        0.298         0.455


     ESTIMATED SAMPLE STATISTICS FOR TREATED


           MEANS/INTERCEPTS/THRESHOLDS
              GRIT1_2$      GRIT1_2$      GRIT1_2$      GRIT1_2$      GRIT2_2$
              ________      ________      ________      ________      ________
               -1.297        -0.146         0.568         1.632        -1.389


           MEANS/INTERCEPTS/THRESHOLDS
              GRIT2_2$      GRIT2_2$      GRIT2_2$      GRIT3_2$      GRIT3_2$
              ________      ________      ________      ________      ________
               -0.524         0.331         1.537        -1.305        -0.374


           MEANS/INTERCEPTS/THRESHOLDS
              GRIT3_2$      GRIT3_2$      GRIT4_2$      GRIT4_2$      GRIT4_2$
              ________      ________      ________      ________      ________
                0.353         1.548        -1.714        -1.002        -0.229


           MEANS/INTERCEPTS/THRESHOLDS
              GRIT4_2$      GRIT5_2$      GRIT5_2$      GRIT5_2$      GRIT5_2$
              ________      ________      ________      ________      ________
                1.072        -1.537        -0.426         0.396         1.595


           MEANS/INTERCEPTS/THRESHOLDS
              GRIT6_2$      GRIT6_2$      GRIT6_2$      GRIT6_2$      GRIT7_2$
              ________      ________      ________      ________      ________
               -1.371        -0.296         0.320         1.444        -1.776


           MEANS/INTERCEPTS/THRESHOLDS
              GRIT7_2$      GRIT7_2$      GRIT7_2$      GRIT8_2$      GRIT8_2$
              ________      ________      ________      ________      ________
               -0.871         0.068         1.187        -1.926        -1.160


           MEANS/INTERCEPTS/THRESHOLDS
              GRIT8_2$      GRIT8_2$
              ________      ________
               -0.356         1.060


           CORRELATION MATRIX (WITH VARIANCES ON THE DIAGONAL)
              GRIT1_2       GRIT2_2       GRIT3_2       GRIT4_2       GRIT5_2
              ________      ________      ________      ________      ________
 GRIT1_2
 GRIT2_2        0.018
 GRIT3_2        0.293         0.038
 GRIT4_2        0.224         0.101         0.285
 GRIT5_2        0.283         0.049         0.438         0.284
 GRIT6_2        0.281         0.051         0.423         0.294         0.386
 GRIT7_2        0.207         0.057         0.312         0.586         0.308
 GRIT8_2        0.117         0.061         0.260         0.672         0.221


           CORRELATION MATRIX (WITH VARIANCES ON THE DIAGONAL)
              GRIT6_2       GRIT7_2       GRIT8_2
              ________      ________      ________
 GRIT7_2        0.363
 GRIT8_2        0.291         0.542


THE MODEL ESTIMATION TERMINATED NORMALLY



MODEL FIT INFORMATION

Number of Free Parameters                       76

Chi-Square Test of Model Fit

          Value                            104.020*
          Degrees of Freedom                    44
          P-Value                           0.0000

Chi-Square Contribution From Each Group

          CONTROL                           57.038
          TREATED                           46.981

Chi-Square Test for Difference Testing

          Value                             10.355*
          Degrees of Freedom                     6
          P-Value                           0.1105

*   The chi-square value for MLM, MLMV, MLR, ULSMV, WLSM and WLSMV cannot be used
    for chi-square difference testing in the regular way.  MLM, MLR and WLSM
    chi-square difference testing is described on the Mplus website.  MLMV, WLSMV,
    and ULSMV difference testing is done using the DIFFTEST option.  The DIFFTEST
    option assumes the models are nested.  The NESTED option can be used to verify
    that the models are nested.

RMSEA (Root Mean Square Error Of Approximation)

          Estimate                           0.045
          90 Percent C.I.                    0.034  0.056
          Probability RMSEA <= .05           0.774

CFI/TLI

          CFI                                0.988
          TLI                                0.984

Chi-Square Test of Model Fit for the Baseline Model

          Value                           4892.837
          Degrees of Freedom                    56
          P-Value                           0.0000

SRMR (Standardized Root Mean Square Residual)

          Value                              0.025

Optimum Function Value for Weighted Least-Squares Estimator

          Value                     0.29978660D-01



MODEL RESULTS

                                                    Two-Tailed
                    Estimate       S.E.  Est./S.E.    P-Value

Group CONTROL

 PERS_2   BY
    GRIT2_2            0.073      0.026      2.815      0.005
    GRIT4_2            1.439      0.095     15.072      0.000
    GRIT7_2            0.884      0.051     17.277      0.000
    GRIT8_2            1.145      0.069     16.677      0.000

 GOAL_2   BY
    GRIT1_2            0.445      0.035     12.547      0.000
    GRIT3_2            0.773      0.055     13.957      0.000
    GRIT5_2            0.709      0.049     14.621      0.000
    GRIT6_2            0.862      0.061     14.116      0.000

 GOAL_2   WITH
    PERS_2             0.479      0.045     10.673      0.000

 Means
    PERS_2             0.000      0.000    999.000    999.000
    GOAL_2             0.000      0.000    999.000    999.000

 Thresholds
    GRIT1_2$1         -1.391      0.074    -18.904      0.000
    GRIT1_2$2         -0.048      0.055     -0.878      0.380
    GRIT1_2$3          0.766      0.060     12.785      0.000
    GRIT1_2$4          1.899      0.096     19.715      0.000
    GRIT2_2$1         -1.456      0.075    -19.412      0.000
    GRIT2_2$2         -0.518      0.053     -9.844      0.000
    GRIT2_2$3          0.309      0.051      6.055      0.000
    GRIT2_2$4          1.330      0.070     19.004      0.000
    GRIT3_2$1         -1.753      0.094    -18.568      0.000
    GRIT3_2$2         -0.321      0.064     -5.014      0.000
    GRIT3_2$3          0.569      0.066      8.575      0.000
    GRIT3_2$4          1.880      0.098     19.265      0.000
    GRIT4_2$1         -3.174      0.182    -17.434      0.000
    GRIT4_2$2         -1.831      0.122    -15.062      0.000
    GRIT4_2$3         -0.203      0.089     -2.287      0.022
    GRIT4_2$4          1.943      0.123     15.800      0.000
    GRIT5_2$1         -1.766      0.091    -19.393      0.000
    GRIT5_2$2         -0.450      0.063     -7.138      0.000
    GRIT5_2$3          0.456      0.063      7.247      0.000
    GRIT5_2$4          1.739      0.089     19.460      0.000
    GRIT6_2$1         -1.690      0.095    -17.786      0.000
    GRIT6_2$2         -0.222      0.066     -3.347      0.001
    GRIT6_2$3          0.588      0.069      8.485      0.000
    GRIT6_2$4          1.917      0.101     18.948      0.000
    GRIT7_2$1         -2.417      0.123    -19.718      0.000
    GRIT7_2$2         -0.927      0.073    -12.649      0.000
    GRIT7_2$3          0.236      0.067      3.516      0.000
    GRIT7_2$4          1.733      0.092     18.871      0.000
    GRIT8_2$1         -2.755      0.145    -19.050      0.000
    GRIT8_2$2         -1.708      0.102    -16.789      0.000
    GRIT8_2$3         -0.330      0.078     -4.252      0.000
    GRIT8_2$4          1.790      0.103     17.333      0.000

 Variances
    PERS_2             1.000      0.000    999.000    999.000
    GOAL_2             1.000      0.000    999.000    999.000

 Residual Variances
    GRIT1_2            1.000      0.000    999.000    999.000
    GRIT2_2            1.000      0.000    999.000    999.000
    GRIT3_2            1.000      0.000    999.000    999.000
    GRIT4_2            1.000      0.000    999.000    999.000
    GRIT5_2            1.000      0.000    999.000    999.000
    GRIT6_2            1.000      0.000    999.000    999.000
    GRIT7_2            1.000      0.000    999.000    999.000
    GRIT8_2            1.000      0.000    999.000    999.000

Group TREATED

 PERS_2   BY
    GRIT2_2            0.073      0.026      2.815      0.005
    GRIT4_2            1.439      0.095     15.072      0.000
    GRIT7_2            0.884      0.051     17.277      0.000
    GRIT8_2            1.145      0.069     16.677      0.000

 GOAL_2   BY
    GRIT1_2            0.445      0.035     12.547      0.000
    GRIT3_2            0.773      0.055     13.957      0.000
    GRIT5_2            0.709      0.049     14.621      0.000
    GRIT6_2            0.862      0.061     14.116      0.000

 GOAL_2   WITH
    PERS_2             0.696      0.080      8.706      0.000

 Means
    PERS_2             0.000      0.000    999.000    999.000
    GOAL_2             0.000      0.000    999.000    999.000

 Thresholds
    GRIT1_2$1         -1.441      0.070    -20.613      0.000
    GRIT1_2$2         -0.162      0.051     -3.162      0.002
    GRIT1_2$3          0.631      0.054     11.603      0.000
    GRIT1_2$4          1.813      0.086     21.169      0.000
    GRIT2_2$1         -1.393      0.067    -20.921      0.000
    GRIT2_2$2         -0.526      0.049    -10.826      0.000
    GRIT2_2$3          0.332      0.047      7.046      0.000
    GRIT2_2$4          1.542      0.073     21.249      0.000
    GRIT3_2$1         -1.705      0.085    -20.061      0.000
    GRIT3_2$2         -0.489      0.062     -7.886      0.000
    GRIT3_2$3          0.461      0.062      7.418      0.000
    GRIT3_2$4          2.023      0.099     20.429      0.000
    GRIT4_2$1         -3.243      0.177    -18.272      0.000
    GRIT4_2$2         -1.896      0.122    -15.557      0.000
    GRIT4_2$3         -0.433      0.090     -4.815      0.000
    GRIT4_2$4          2.028      0.125     16.283      0.000
    GRIT5_2$1         -1.941      0.090    -21.463      0.000
    GRIT5_2$2         -0.538      0.060     -8.891      0.000
    GRIT5_2$3          0.501      0.060      8.319      0.000
    GRIT5_2$4          2.014      0.098     20.554      0.000
    GRIT6_2$1         -1.880      0.094    -20.023      0.000
    GRIT6_2$2         -0.405      0.064     -6.288      0.000
    GRIT6_2$3          0.439      0.065      6.770      0.000
    GRIT6_2$4          1.980      0.098     20.285      0.000
    GRIT7_2$1         -2.495      0.113    -22.130      0.000
    GRIT7_2$2         -1.223      0.074    -16.472      0.000
    GRIT7_2$3          0.095      0.065      1.473      0.141
    GRIT7_2$4          1.668      0.083     20.204      0.000
    GRIT8_2$1         -3.125      0.163    -19.179      0.000
    GRIT8_2$2         -1.883      0.106    -17.719      0.000
    GRIT8_2$3         -0.578      0.079     -7.289      0.000
    GRIT8_2$4          1.720      0.097     17.663      0.000

 Variances
    PERS_2             1.245      0.144      8.671      0.000
    GOAL_2             1.184      0.150      7.900      0.000

 Residual Variances
    GRIT1_2            1.000      0.000    999.000    999.000
    GRIT2_2            1.000      0.000    999.000    999.000
    GRIT3_2            1.000      0.000    999.000    999.000
    GRIT4_2            1.000      0.000    999.000    999.000
    GRIT5_2            1.000      0.000    999.000    999.000
    GRIT6_2            1.000      0.000    999.000    999.000
    GRIT7_2            1.000      0.000    999.000    999.000
    GRIT8_2            1.000      0.000    999.000    999.000


STANDARDIZED MODEL RESULTS


STDYX Standardization

                                                    Two-Tailed
                    Estimate       S.E.  Est./S.E.    P-Value

Group CONTROL

 PERS_2   BY
    GRIT2_2            0.072      0.026      2.829      0.005
    GRIT4_2            0.821      0.018     46.292      0.000
    GRIT7_2            0.662      0.022     30.783      0.000
    GRIT8_2            0.753      0.020     38.544      0.000

 GOAL_2   BY
    GRIT1_2            0.407      0.027     15.032      0.000
    GRIT3_2            0.612      0.027     22.300      0.000
    GRIT5_2            0.579      0.026     21.977      0.000
    GRIT6_2            0.653      0.027     24.604      0.000

 GOAL_2   WITH
    PERS_2             0.479      0.045     10.673      0.000

 Means
    PERS_2             0.000      0.000    999.000    999.000
    GOAL_2             0.000      0.000    999.000    999.000

 Thresholds
    GRIT1_2$1         -1.271      0.068    -18.730      0.000
    GRIT1_2$2         -0.044      0.050     -0.878      0.380
    GRIT1_2$3          0.700      0.055     12.785      0.000
    GRIT1_2$4          1.735      0.090     19.338      0.000
    GRIT2_2$1         -1.452      0.075    -19.416      0.000
    GRIT2_2$2         -0.517      0.053     -9.845      0.000
    GRIT2_2$3          0.308      0.051      6.055      0.000
    GRIT2_2$4          1.326      0.070     19.004      0.000
    GRIT3_2$1         -1.386      0.072    -19.236      0.000
    GRIT3_2$2         -0.254      0.051     -5.023      0.000
    GRIT3_2$3          0.450      0.052      8.667      0.000
    GRIT3_2$4          1.487      0.076     19.480      0.000
    GRIT4_2$1         -1.811      0.095    -19.091      0.000
    GRIT4_2$2         -1.045      0.061    -17.037      0.000
    GRIT4_2$3         -0.116      0.050     -2.314      0.021
    GRIT4_2$4          1.109      0.063     17.609      0.000
    GRIT5_2$1         -1.441      0.074    -19.389      0.000
    GRIT5_2$2         -0.367      0.051     -7.166      0.000
    GRIT5_2$3          0.372      0.051      7.246      0.000
    GRIT5_2$4          1.418      0.073     19.332      0.000
    GRIT6_2$1         -1.280      0.068    -18.778      0.000
    GRIT6_2$2         -0.168      0.050     -3.350      0.001
    GRIT6_2$3          0.445      0.052      8.588      0.000
    GRIT6_2$4          1.452      0.075     19.416      0.000
    GRIT7_2$1         -1.811      0.095    -19.088      0.000
    GRIT7_2$2         -0.695      0.055    -12.709      0.000
    GRIT7_2$3          0.177      0.050      3.510      0.000
    GRIT7_2$4          1.298      0.069     18.873      0.000
    GRIT8_2$1         -1.812      0.095    -19.097      0.000
    GRIT8_2$2         -1.124      0.063    -17.733      0.000
    GRIT8_2$3         -0.217      0.050     -4.306      0.000
    GRIT8_2$4          1.178      0.065     18.145      0.000

 Variances
    PERS_2             1.000      0.000    999.000    999.000
    GOAL_2             1.000      0.000    999.000    999.000

 Residual Variances
    GRIT1_2            0.835      0.022     37.943      0.000
    GRIT2_2            0.995      0.004    269.139      0.000
    GRIT3_2            0.626      0.034     18.652      0.000
    GRIT4_2            0.326      0.029     11.174      0.000
    GRIT5_2            0.665      0.030     21.844      0.000
    GRIT6_2            0.574      0.035     16.558      0.000
    GRIT7_2            0.561      0.029     19.688      0.000
    GRIT8_2            0.433      0.029     14.698      0.000

Group TREATED

 PERS_2   BY
    GRIT2_2            0.081      0.028      2.835      0.005
    GRIT4_2            0.849      0.015     55.291      0.000
    GRIT7_2            0.702      0.018     39.223      0.000
    GRIT8_2            0.787      0.018     43.974      0.000

 GOAL_2   BY
    GRIT1_2            0.436      0.027     16.115      0.000
    GRIT3_2            0.644      0.025     25.602      0.000
    GRIT5_2            0.611      0.026     23.836      0.000
    GRIT6_2            0.684      0.024     28.288      0.000

 GOAL_2   WITH
    PERS_2             0.574      0.034     16.740      0.000

 Means
    PERS_2             0.000      0.000    999.000    999.000
    GOAL_2             0.000      0.000    999.000    999.000

 Thresholds
    GRIT1_2$1         -1.297      0.063    -20.480      0.000
    GRIT1_2$2         -0.146      0.046     -3.161      0.002
    GRIT1_2$3          0.568      0.049     11.614      0.000
    GRIT1_2$4          1.632      0.077     21.188      0.000
    GRIT2_2$1         -1.389      0.066    -20.890      0.000
    GRIT2_2$2         -0.524      0.048    -10.824      0.000
    GRIT2_2$3          0.331      0.047      7.045      0.000
    GRIT2_2$4          1.537      0.072     21.205      0.000
    GRIT3_2$1         -1.305      0.064    -20.521      0.000
    GRIT3_2$2         -0.374      0.047     -7.921      0.000
    GRIT3_2$3          0.353      0.047      7.484      0.000
    GRIT3_2$4          1.548      0.073     21.212      0.000
    GRIT4_2$1         -1.714      0.081    -21.046      0.000
    GRIT4_2$2         -1.002      0.056    -18.042      0.000
    GRIT4_2$3         -0.229      0.047     -4.921      0.000
    GRIT4_2$4          1.072      0.057     18.768      0.000
    GRIT5_2$1         -1.537      0.072    -21.204      0.000
    GRIT5_2$2         -0.426      0.048     -8.941      0.000
    GRIT5_2$3          0.396      0.047      8.359      0.000
    GRIT5_2$4          1.594      0.075     21.214      0.000
    GRIT6_2$1         -1.371      0.066    -20.826      0.000
    GRIT6_2$2         -0.296      0.047     -6.314      0.000
    GRIT6_2$3          0.320      0.047      6.826      0.000
    GRIT6_2$4          1.444      0.069     21.059      0.000
    GRIT7_2$1         -1.776      0.085    -20.857      0.000
    GRIT7_2$2         -0.871      0.053    -16.426      0.000
    GRIT7_2$3          0.068      0.046      1.470      0.141
    GRIT7_2$4          1.187      0.060     19.769      0.000
    GRIT8_2$1         -1.926      0.096    -20.158      0.000
    GRIT8_2$2         -1.160      0.059    -19.559      0.000
    GRIT8_2$3         -0.356      0.047     -7.556      0.000
    GRIT8_2$4          1.060      0.057     18.651      0.000

 Variances
    PERS_2             1.000      0.000    999.000    999.000
    GOAL_2             1.000      0.000    999.000    999.000

 Residual Variances
    GRIT1_2            0.810      0.024     34.364      0.000
    GRIT2_2            0.993      0.005    216.607      0.000
    GRIT3_2            0.586      0.032     18.090      0.000
    GRIT4_2            0.279      0.026     10.720      0.000
    GRIT5_2            0.627      0.031     20.014      0.000
    GRIT6_2            0.532      0.033     16.082      0.000
    GRIT7_2            0.507      0.025     20.150      0.000
    GRIT8_2            0.380      0.028     13.469      0.000


R-SQUARE

Group CONTROL

    Observed                                        Two-Tailed     Scale
    Variable        Estimate       S.E.  Est./S.E.    P-Value     Factors

    GRIT1_2            0.165      0.022      7.516      0.000      0.914
    GRIT2_2            0.005      0.004      1.415      0.157      0.997
    GRIT3_2            0.374      0.034     11.150      0.000      0.791
    GRIT4_2            0.674      0.029     23.146      0.000      0.571
    GRIT5_2            0.335      0.030     10.988      0.000      0.816
    GRIT6_2            0.426      0.035     12.302      0.000      0.757
    GRIT7_2            0.439      0.029     15.392      0.000      0.749
    GRIT8_2            0.567      0.029     19.272      0.000      0.658

Group TREATED

    Observed                                        Two-Tailed     Scale
    Variable        Estimate       S.E.  Est./S.E.    P-Value     Factors

    GRIT1_2            0.190      0.024      8.058      0.000      0.900
    GRIT2_2            0.007      0.005      1.418      0.156      0.997
    GRIT3_2            0.414      0.032     12.801      0.000      0.765
    GRIT4_2            0.721      0.026     27.646      0.000      0.529
    GRIT5_2            0.373      0.031     11.918      0.000      0.792
    GRIT6_2            0.468      0.033     14.144      0.000      0.729
    GRIT7_2            0.493      0.025     19.611      0.000      0.712
    GRIT8_2            0.620      0.028     21.987      0.000      0.616


QUALITY OF NUMERICAL RESULTS

     Condition Number for the Information Matrix              0.267E-02
       (ratio of smallest to largest eigenvalue)


MODEL MODIFICATION INDICES

Minimum M.I. value for printing the modification index    10.000

                                   M.I.     E.P.C.  Std E.P.C.  StdYX E.P.C.
Group CONTROL


ON/BY Statements

GRIT6_2  ON PERS_2   /
PERS_2   BY GRIT6_2               16.131     0.198      0.198        0.150

ON Statements

PERS_2   ON GRIT6_2               16.848     0.178      0.178        0.235
PERS_2   ON GRIT7_2               19.496    -0.372     -0.372       -0.496
GRIT4_2  ON GRIT8_2               16.167     0.290      0.290        0.252
GRIT6_2  ON GRIT4_2               16.198     0.109      0.109        0.144
GRIT6_2  ON GRIT8_2               14.889     0.119      0.119        0.137
GRIT7_2  ON GRIT4_2               10.403    -0.147     -0.147       -0.193
GRIT8_2  ON GRIT4_2               17.372     0.233      0.233        0.269

WITH Statements

GRIT6_2  WITH PERS_2              16.869     0.178      0.178        0.178
GRIT7_2  WITH PERS_2              19.442    -0.371     -0.371       -0.371
GRIT8_2  WITH GRIT4_2             19.656     0.404      0.404        0.404

Group TREATED


ON/BY Statements

GRIT7_2  ON GOAL_2   /
GOAL_2   BY GRIT7_2               39.287     0.342      0.373        0.265
GRIT8_2  ON GOAL_2   /
GOAL_2   BY GRIT8_2               18.060    -0.304     -0.331       -0.204

ON Statements

PERS_2   ON GRIT7_2               17.852    -0.386     -0.346       -0.486
GOAL_2   ON GRIT7_2               39.525     0.319      0.293        0.411
GOAL_2   ON GRIT8_2               16.194    -0.260     -0.239       -0.388
GRIT7_2  ON GRIT1_2               10.139     0.141      0.141        0.111
GRIT7_2  ON GRIT3_2               25.194     0.199      0.199        0.185
GRIT7_2  ON GRIT5_2               26.533     0.205      0.205        0.184
GRIT7_2  ON GRIT6_2               35.411     0.223      0.223        0.218
GRIT8_2  ON GRIT1_2               14.430    -0.212     -0.212       -0.145
GRIT8_2  ON GRIT3_2               10.399    -0.166     -0.166       -0.134
GRIT8_2  ON GRIT5_2               14.256    -0.191     -0.191       -0.149

WITH Statements

GRIT7_2  WITH PERS_2              17.768    -0.385     -0.345       -0.345
GRIT7_2  WITH GOAL_2              39.556     0.319      0.293        0.293
GRIT7_2  WITH GRIT6_2             15.467     0.260      0.260        0.260
GRIT8_2  WITH GOAL_2              16.161    -0.260     -0.239       -0.239



SAVEDATA INFORMATION


  Difference testing

  Save file
    grit2_student_tx_inv_metric.dat
  Save format      Free

     Beginning Time:  15:32:02
        Ending Time:  15:32:02
       Elapsed Time:  00:00:00



MUTHEN & MUTHEN
3463 Stoner Ave.
Los Angeles, CA  90066

Tel: (310) 391-9971
Fax: (310) 391-8971
Web: www.StatModel.com
Support: Support@StatModel.com

Copyright (c) 1998-2019 Muthen & Muthen
