Mplus VERSION 8.4 (Mac)
MUTHEN & MUTHEN
05/05/2023  10:55 AM

INPUT INSTRUCTIONS

  Title: Student DASS Age Measurement Invariance Scalar Model;

  Data:
     File is ../dat_stu.txt;

  Variable:
     Names are studentid index treatment girl age_w child_grade in_ukr
     guardian_living guardian_region
     grit1_1 grit2_1 grit3_1 grit4_1 grit5_1 grit6_1 grit7_1 grit8_1
     loc1_1 loc2_1 loc3_1 loc4_1
     dass1_1 dass2_1 dass3_1 dass4_1 dass5_1 dass6_1 dass7_1 dass8_1
     dass9_1 dass10_1 dass11_1 dass12_1 dass13_1 dass14_1
     sleep1_1 sleep2_1 sleep3_1 sleep4_1 sleep5_1 sleep6_1 sleep7_1
     efficacy_1 edugoals_1 remotediff_1 timeclass_1 timehomework_1
     grit1_2 grit2_2 grit3_2 grit4_2 grit5_2 grit6_2 grit7_2 grit8_2
     loc1_2 loc2_2 loc3_2 loc4_2
     dass1_2 dass2_2 dass3_2 dass4_2 dass5_2 dass6_2 dass7_2 dass8_2
     dass9_2 dass10_2 dass11_2 dass12_2 dass13_2 dass14_2
     efficacy_2 edugoals_2 timeclass_2 timehomework_2 compmath_2 half;
     Missing are . ;

    Usevariable are
  	dass1_1 dass2_1 dass3_1 dass4_1 dass5_1 dass6_1 dass7_1 dass8_1
    dass9_1 dass10_1 dass11_1 dass12_1 dass13_1 dass14_1 age_c;

    Categorical is
  	dass1_1 dass2_1 dass3_1 dass4_1 dass5_1 dass6_1 dass7_1 dass8_1
    dass9_1 dass10_1 dass11_1 dass12_1 dass13_1 dass14_1;

    Idvariable is studentid;

    Group is age_c (1 = Older 0 = Younger);

  Define:
  	age_c = 0;
  	if(age_w ge 13) then age_c = 1;

  Analysis:
     Estimator = wlsmv;
     Parameterization = theta;
     Difftest = dass1_student_age_inv_metric.dat


  !!! Model for Younger Students !!!

  Model:
    ! Factor loadings all freely estimated
    stress_1 by
      dass1_1* dass4_1* dass6_1* dass8_1* dass9_1* dass10_1* dass12_1* (L1-L7);

    anxiety_1 by
      dass2_1* dass3_1* dass5_1* dass7_1* dass11_1* dass13_1* dass14_1* (L8-L14);

    !estimating thresholds freely
    [dass1_1$1-dass14_1$1*] (T1_1-T1_14);
    [dass1_1$2-dass14_1$2*] (T2_1-T2_14);
    [dass1_1$3-dass14_1$3*] (T3_1-T3_14);

    !constraining item residual variance to 1 for identification
    dass1_1-dass14_1@1;

    !fixing latent mean to zero for identification
    [stress_1@0];
    [anxiety_1@0];

    !fixing latent variance to one for identification
    stress_1@1;
    anxiety_1@1;

  !!! Model for Older Students !!!

  Model Older:
    ! Factor loadings constrained to *be equal to the control group*
    stress_1 by
      dass1_1* dass4_1* dass6_1* dass8_1* dass9_1* dass10_1* dass12_1* (L1-L7);

    anxiety_1 by
      dass2_1* dass3_1* dass5_1* dass7_1* dass11_1* dass13_1* dass14_1* (L8-L14);

    ! *thresholds held equal to the control group when left blank*

    ! constraining item residual variance to 1 for identification
    dass1_1-dass14_1@1;

    ! latent factor mean *estimated*
    [stress_1*];
    [anxiety_1*];

    ! latent factor variance *estimated*
    stress_1*;
    anxiety_1*;

  Output: sampstat stdyx modindices(all);
  Savedata: Difftest is dass1_student_age_inv_scalar.dat;



INPUT READING TERMINATED NORMALLY



Student DASS Age Measurement Invariance Scalar Model;

SUMMARY OF ANALYSIS

Number of groups                                                 2
Number of observations
   Group YOUNGER                                              1280
   Group OLDER                                                1264
   Total sample size                                          2544

Number of dependent variables                                   14
Number of independent variables                                  0
Number of continuous latent variables                            2

Observed dependent variables

  Binary and ordered categorical (ordinal)
   DASS1_1     DASS2_1     DASS3_1     DASS4_1     DASS5_1     DASS6_1
   DASS7_1     DASS8_1     DASS9_1     DASS10_1    DASS11_1    DASS12_1
   DASS13_1    DASS14_1

Continuous latent variables
   STRESS_1    ANXIETY_

Variables with special functions

  Grouping variable     AGE_C
  ID variable           STUDENTI

Estimator                                                    WLSMV
Maximum number of iterations                                  1000
Convergence criterion                                    0.500D-04
Maximum number of steepest descent iterations                   20
Maximum number of iterations for H1                           2000
Convergence criterion for H1                             0.100D-03
Parameterization                                             THETA
Link                                                        PROBIT

Input data file(s)
  ../dat_stu.txt

Input data format  FREE


SUMMARY OF DATA

   Group YOUNGER
     Number of missing data patterns             1

   Group OLDER
     Number of missing data patterns             1


COVARIANCE COVERAGE OF DATA

Minimum covariance coverage value   0.100


     PROPORTION OF DATA PRESENT FOR YOUNGER


           Covariance Coverage
              DASS1_1       DASS2_1       DASS3_1       DASS4_1       DASS5_1
              ________      ________      ________      ________      ________
 DASS1_1        1.000
 DASS2_1        1.000         1.000
 DASS3_1        1.000         1.000         1.000
 DASS4_1        1.000         1.000         1.000         1.000
 DASS5_1        1.000         1.000         1.000         1.000         1.000
 DASS6_1        1.000         1.000         1.000         1.000         1.000
 DASS7_1        1.000         1.000         1.000         1.000         1.000
 DASS8_1        1.000         1.000         1.000         1.000         1.000
 DASS9_1        1.000         1.000         1.000         1.000         1.000
 DASS10_1       1.000         1.000         1.000         1.000         1.000
 DASS11_1       1.000         1.000         1.000         1.000         1.000
 DASS12_1       1.000         1.000         1.000         1.000         1.000
 DASS13_1       1.000         1.000         1.000         1.000         1.000
 DASS14_1       1.000         1.000         1.000         1.000         1.000


           Covariance Coverage
              DASS6_1       DASS7_1       DASS8_1       DASS9_1       DASS10_1
              ________      ________      ________      ________      ________
 DASS6_1        1.000
 DASS7_1        1.000         1.000
 DASS8_1        1.000         1.000         1.000
 DASS9_1        1.000         1.000         1.000         1.000
 DASS10_1       1.000         1.000         1.000         1.000         1.000
 DASS11_1       1.000         1.000         1.000         1.000         1.000
 DASS12_1       1.000         1.000         1.000         1.000         1.000
 DASS13_1       1.000         1.000         1.000         1.000         1.000
 DASS14_1       1.000         1.000         1.000         1.000         1.000


           Covariance Coverage
              DASS11_1      DASS12_1      DASS13_1      DASS14_1
              ________      ________      ________      ________
 DASS11_1       1.000
 DASS12_1       1.000         1.000
 DASS13_1       1.000         1.000         1.000
 DASS14_1       1.000         1.000         1.000         1.000


     PROPORTION OF DATA PRESENT FOR OLDER


           Covariance Coverage
              DASS1_1       DASS2_1       DASS3_1       DASS4_1       DASS5_1
              ________      ________      ________      ________      ________
 DASS1_1        1.000
 DASS2_1        1.000         1.000
 DASS3_1        1.000         1.000         1.000
 DASS4_1        1.000         1.000         1.000         1.000
 DASS5_1        1.000         1.000         1.000         1.000         1.000
 DASS6_1        1.000         1.000         1.000         1.000         1.000
 DASS7_1        1.000         1.000         1.000         1.000         1.000
 DASS8_1        1.000         1.000         1.000         1.000         1.000
 DASS9_1        1.000         1.000         1.000         1.000         1.000
 DASS10_1       1.000         1.000         1.000         1.000         1.000
 DASS11_1       1.000         1.000         1.000         1.000         1.000
 DASS12_1       1.000         1.000         1.000         1.000         1.000
 DASS13_1       1.000         1.000         1.000         1.000         1.000
 DASS14_1       1.000         1.000         1.000         1.000         1.000


           Covariance Coverage
              DASS6_1       DASS7_1       DASS8_1       DASS9_1       DASS10_1
              ________      ________      ________      ________      ________
 DASS6_1        1.000
 DASS7_1        1.000         1.000
 DASS8_1        1.000         1.000         1.000
 DASS9_1        1.000         1.000         1.000         1.000
 DASS10_1       1.000         1.000         1.000         1.000         1.000
 DASS11_1       1.000         1.000         1.000         1.000         1.000
 DASS12_1       1.000         1.000         1.000         1.000         1.000
 DASS13_1       1.000         1.000         1.000         1.000         1.000
 DASS14_1       1.000         1.000         1.000         1.000         1.000


           Covariance Coverage
              DASS11_1      DASS12_1      DASS13_1      DASS14_1
              ________      ________      ________      ________
 DASS11_1       1.000
 DASS12_1       1.000         1.000
 DASS13_1       1.000         1.000         1.000
 DASS14_1       1.000         1.000         1.000         1.000


UNIVARIATE PROPORTIONS AND COUNTS FOR CATEGORICAL VARIABLES

  Group YOUNGER
    DASS1_1
      Category 1    0.255          327.000
      Category 2    0.471          603.000
      Category 3    0.192          246.000
      Category 4    0.081          104.000
    DASS2_1
      Category 1    0.545          698.000
      Category 2    0.297          380.000
      Category 3    0.120          154.000
      Category 4    0.037           48.000
    DASS3_1
      Category 1    0.617          790.000
      Category 2    0.246          315.000
      Category 3    0.103          132.000
      Category 4    0.034           43.000
    DASS4_1
      Category 1    0.224          287.000
      Category 2    0.451          577.000
      Category 3    0.219          280.000
      Category 4    0.106          136.000
    DASS5_1
      Category 1    0.527          675.000
      Category 2    0.294          376.000
      Category 3    0.109          139.000
      Category 4    0.070           90.000
    DASS6_1
      Category 1    0.345          442.000
      Category 2    0.405          519.000
      Category 3    0.164          210.000
      Category 4    0.085          109.000
    DASS7_1
      Category 1    0.328          420.000
      Category 2    0.409          524.000
      Category 3    0.191          245.000
      Category 4    0.071           91.000
    DASS8_1
      Category 1    0.273          350.000
      Category 2    0.457          585.000
      Category 3    0.186          238.000
      Category 4    0.084          107.000
    DASS9_1
      Category 1    0.348          445.000
      Category 2    0.409          524.000
      Category 3    0.165          211.000
      Category 4    0.078          100.000
    DASS10_1
      Category 1    0.263          337.000
      Category 2    0.455          583.000
      Category 3    0.195          250.000
      Category 4    0.086          110.000
    DASS11_1
      Category 1    0.420          538.000
      Category 2    0.373          478.000
      Category 3    0.147          188.000
      Category 4    0.059           76.000
    DASS12_1
      Category 1    0.279          357.000
      Category 2    0.427          546.000
      Category 3    0.201          257.000
      Category 4    0.094          120.000
    DASS13_1
      Category 1    0.491          629.000
      Category 2    0.323          413.000
      Category 3    0.120          154.000
      Category 4    0.066           84.000
    DASS14_1
      Category 1    0.516          660.000
      Category 2    0.325          416.000
      Category 3    0.106          136.000
      Category 4    0.053           68.000

  Group OLDER
    DASS1_1
      Category 1    0.289          365.000
      Category 2    0.459          580.000
      Category 3    0.188          237.000
      Category 4    0.065           82.000
    DASS2_1
      Category 1    0.514          650.000
      Category 2    0.330          417.000
      Category 3    0.109          138.000
      Category 4    0.047           59.000
    DASS3_1
      Category 1    0.547          692.000
      Category 2    0.294          371.000
      Category 3    0.112          142.000
      Category 4    0.047           59.000
    DASS4_1
      Category 1    0.264          334.000
      Category 2    0.404          511.000
      Category 3    0.214          270.000
      Category 4    0.118          149.000
    DASS5_1
      Category 1    0.460          582.000
      Category 2    0.309          390.000
      Category 3    0.149          188.000
      Category 4    0.082          104.000
    DASS6_1
      Category 1    0.333          421.000
      Category 2    0.371          469.000
      Category 3    0.182          230.000
      Category 4    0.114          144.000
    DASS7_1
      Category 1    0.303          383.000
      Category 2    0.393          497.000
      Category 3    0.204          258.000
      Category 4    0.100          126.000
    DASS8_1
      Category 1    0.290          366.000
      Category 2    0.409          517.000
      Category 3    0.204          258.000
      Category 4    0.097          123.000
    DASS9_1
      Category 1    0.366          463.000
      Category 2    0.381          482.000
      Category 3    0.169          214.000
      Category 4    0.083          105.000
    DASS10_1
      Category 1    0.280          354.000
      Category 2    0.425          537.000
      Category 3    0.202          255.000
      Category 4    0.093          118.000
    DASS11_1
      Category 1    0.469          593.000
      Category 2    0.339          429.000
      Category 3    0.133          168.000
      Category 4    0.059           74.000
    DASS12_1
      Category 1    0.334          422.000
      Category 2    0.384          486.000
      Category 3    0.177          224.000
      Category 4    0.104          132.000
    DASS13_1
      Category 1    0.449          567.000
      Category 2    0.344          435.000
      Category 3    0.132          167.000
      Category 4    0.075           95.000
    DASS14_1
      Category 1    0.532          673.000
      Category 2    0.301          381.000
      Category 3    0.107          135.000
      Category 4    0.059           75.000


SAMPLE STATISTICS


     ESTIMATED SAMPLE STATISTICS FOR YOUNGER


           MEANS/INTERCEPTS/THRESHOLDS
              DASS1_1$      DASS1_1$      DASS1_1$      DASS2_1$      DASS2_1$
              ________      ________      ________      ________      ________
               -0.657         0.602         1.397         0.114         1.003


           MEANS/INTERCEPTS/THRESHOLDS
              DASS2_1$      DASS3_1$      DASS3_1$      DASS3_1$      DASS4_1$
              ________      ________      ________      ________      ________
                1.780         0.298         1.095         1.830        -0.758


           MEANS/INTERCEPTS/THRESHOLDS
              DASS4_1$      DASS4_1$      DASS5_1$      DASS5_1$      DASS5_1$
              ________      ________      ________      ________      ________
                0.454         1.247         0.069         0.920         1.473


           MEANS/INTERCEPTS/THRESHOLDS
              DASS6_1$      DASS6_1$      DASS6_1$      DASS7_1$      DASS7_1$
              ________      ________      ________      ________      ________
               -0.398         0.677         1.371        -0.445         0.636


           MEANS/INTERCEPTS/THRESHOLDS
              DASS7_1$      DASS8_1$      DASS8_1$      DASS8_1$      DASS9_1$
              ________      ________      ________      ________      ________
                1.468        -0.602         0.614         1.381        -0.392


           MEANS/INTERCEPTS/THRESHOLDS
              DASS9_1$      DASS9_1$      DASS10_1      DASS10_1      DASS10_1
              ________      ________      ________      ________      ________
                0.697         1.418        -0.633         0.579         1.366


           MEANS/INTERCEPTS/THRESHOLDS
              DASS11_1      DASS11_1      DASS11_1      DASS12_1      DASS12_1
              ________      ________      ________      ________      ________
               -0.201         0.820         1.560        -0.586         0.540


           MEANS/INTERCEPTS/THRESHOLDS
              DASS12_1      DASS13_1      DASS13_1      DASS13_1      DASS14_1
              ________      ________      ________      ________      ________
                1.318        -0.022         0.893         1.509         0.039


           MEANS/INTERCEPTS/THRESHOLDS
              DASS14_1      DASS14_1
              ________      ________
                0.997         1.615


           CORRELATION MATRIX (WITH VARIANCES ON THE DIAGONAL)
              DASS1_1       DASS2_1       DASS3_1       DASS4_1       DASS5_1
              ________      ________      ________      ________      ________
 DASS1_1
 DASS2_1        0.436
 DASS3_1        0.430         0.543
 DASS4_1        0.568         0.456         0.460
 DASS5_1        0.495         0.540         0.573         0.483
 DASS6_1        0.577         0.523         0.522         0.657         0.574
 DASS7_1        0.491         0.430         0.484         0.496         0.513
 DASS8_1        0.511         0.442         0.510         0.539         0.525
 DASS9_1        0.601         0.463         0.447         0.569         0.578
 DASS10_1       0.405         0.365         0.375         0.523         0.423
 DASS11_1       0.547         0.448         0.488         0.561         0.573
 DASS12_1       0.474         0.405         0.402         0.556         0.481
 DASS13_1       0.450         0.502         0.528         0.423         0.624
 DASS14_1       0.478         0.478         0.532         0.461         0.542


           CORRELATION MATRIX (WITH VARIANCES ON THE DIAGONAL)
              DASS6_1       DASS7_1       DASS8_1       DASS9_1       DASS10_1
              ________      ________      ________      ________      ________
 DASS7_1        0.596
 DASS8_1        0.615         0.657
 DASS9_1        0.675         0.556         0.637
 DASS10_1       0.539         0.453         0.465         0.504
 DASS11_1       0.594         0.596         0.628         0.660         0.488
 DASS12_1       0.563         0.499         0.560         0.555         0.460
 DASS13_1       0.564         0.525         0.553         0.617         0.443
 DASS14_1       0.566         0.529         0.536         0.579         0.439


           CORRELATION MATRIX (WITH VARIANCES ON THE DIAGONAL)
              DASS11_1      DASS12_1      DASS13_1      DASS14_1
              ________      ________      ________      ________
 DASS12_1       0.646
 DASS13_1       0.625         0.554
 DASS14_1       0.629         0.565         0.701


     ESTIMATED SAMPLE STATISTICS FOR OLDER


           MEANS/INTERCEPTS/THRESHOLDS
              DASS1_1$      DASS1_1$      DASS1_1$      DASS2_1$      DASS2_1$
              ________      ________      ________      ________      ________
               -0.557         0.667         1.515         0.036         1.012


           MEANS/INTERCEPTS/THRESHOLDS
              DASS2_1$      DASS3_1$      DASS3_1$      DASS3_1$      DASS4_1$
              ________      ________      ________      ________      ________
                1.678         0.119         0.998         1.678        -0.630


           MEANS/INTERCEPTS/THRESHOLDS
              DASS4_1$      DASS4_1$      DASS5_1$      DASS5_1$      DASS5_1$
              ________      ________      ________      ________      ________
                0.436         1.186        -0.099         0.736         1.390


           MEANS/INTERCEPTS/THRESHOLDS
              DASS6_1$      DASS6_1$      DASS6_1$      DASS7_1$      DASS7_1$
              ________      ________      ________      ________      ________
               -0.431         0.536         1.206        -0.516         0.514


           MEANS/INTERCEPTS/THRESHOLDS
              DASS7_1$      DASS8_1$      DASS8_1$      DASS8_1$      DASS9_1$
              ________      ________      ________      ________      ________
                1.283        -0.555         0.520         1.297        -0.342


           MEANS/INTERCEPTS/THRESHOLDS
              DASS9_1$      DASS9_1$      DASS10_1      DASS10_1      DASS10_1
              ________      ________      ________      ________      ________
                0.667         1.385        -0.583         0.539         1.320


           MEANS/INTERCEPTS/THRESHOLDS
              DASS11_1      DASS11_1      DASS11_1      DASS12_1      DASS12_1
              ________      ________      ________      ________      ________
               -0.077         0.873         1.567        -0.429         0.578


           MEANS/INTERCEPTS/THRESHOLDS
              DASS12_1      DASS13_1      DASS13_1      DASS13_1      DASS14_1
              ________      ________      ________      ________      ________
                1.257        -0.129         0.816         1.438         0.081


           MEANS/INTERCEPTS/THRESHOLDS
              DASS14_1      DASS14_1
              ________      ________
                0.970         1.560


           CORRELATION MATRIX (WITH VARIANCES ON THE DIAGONAL)
              DASS1_1       DASS2_1       DASS3_1       DASS4_1       DASS5_1
              ________      ________      ________      ________      ________
 DASS1_1
 DASS2_1        0.474
 DASS3_1        0.445         0.560
 DASS4_1        0.541         0.468         0.482
 DASS5_1        0.518         0.538         0.539         0.550
 DASS6_1        0.580         0.492         0.491         0.674         0.616
 DASS7_1        0.577         0.464         0.491         0.566         0.543
 DASS8_1        0.570         0.450         0.470         0.567         0.571
 DASS9_1        0.589         0.484         0.532         0.560         0.559
 DASS10_1       0.445         0.398         0.376         0.518         0.411
 DASS11_1       0.536         0.497         0.511         0.550         0.586
 DASS12_1       0.518         0.420         0.426         0.597         0.514
 DASS13_1       0.423         0.490         0.624         0.506         0.609
 DASS14_1       0.491         0.518         0.600         0.485         0.591


           CORRELATION MATRIX (WITH VARIANCES ON THE DIAGONAL)
              DASS6_1       DASS7_1       DASS8_1       DASS9_1       DASS10_1
              ________      ________      ________      ________      ________
 DASS7_1        0.645
 DASS8_1        0.648         0.651
 DASS9_1        0.667         0.636         0.639
 DASS10_1       0.499         0.475         0.443         0.535
 DASS11_1       0.590         0.634         0.668         0.638         0.512
 DASS12_1       0.581         0.561         0.605         0.570         0.446
 DASS13_1       0.549         0.527         0.570         0.574         0.451
 DASS14_1       0.532         0.537         0.561         0.579         0.395


           CORRELATION MATRIX (WITH VARIANCES ON THE DIAGONAL)
              DASS11_1      DASS12_1      DASS13_1      DASS14_1
              ________      ________      ________      ________
 DASS12_1       0.669
 DASS13_1       0.618         0.546
 DASS14_1       0.644         0.525         0.635


THE MODEL ESTIMATION TERMINATED NORMALLY



MODEL FIT INFORMATION

Number of Free Parameters                       62

Chi-Square Test of Model Fit

          Value                            871.199*
          Degrees of Freedom                   204
          P-Value                           0.0000

Chi-Square Contribution From Each Group

          YOUNGER                          455.110
          OLDER                            416.088

Chi-Square Test for Difference Testing

          Value                            118.984*
          Degrees of Freedom                    40
          P-Value                           0.0000

*   The chi-square value for MLM, MLMV, MLR, ULSMV, WLSM and WLSMV cannot be used
    for chi-square difference testing in the regular way.  MLM, MLR and WLSM
    chi-square difference testing is described on the Mplus website.  MLMV, WLSMV,
    and ULSMV difference testing is done using the DIFFTEST option.  The DIFFTEST
    option assumes the models are nested.  The NESTED option can be used to verify
    that the models are nested.

RMSEA (Root Mean Square Error Of Approximation)

          Estimate                           0.051
          90 Percent C.I.                    0.047  0.054
          Probability RMSEA <= .05           0.362

CFI/TLI

          CFI                                0.983
          TLI                                0.985

Chi-Square Test of Model Fit for the Baseline Model

          Value                          39054.523
          Degrees of Freedom                   182
          P-Value                           0.0000

SRMR (Standardized Root Mean Square Residual)

          Value                              0.032

Optimum Function Value for Weighted Least-Squares Estimator

          Value                     0.13499812D+00



MODEL RESULTS

                                                    Two-Tailed
                    Estimate       S.E.  Est./S.E.    P-Value

Group YOUNGER

 STRESS_1 BY
    DASS1_1            0.969      0.037     26.163      0.000
    DASS4_1            1.090      0.040     27.555      0.000
    DASS6_1            1.394      0.051     27.576      0.000
    DASS8_1            1.269      0.046     27.776      0.000
    DASS9_1            1.351      0.048     27.960      0.000
    DASS10_1           0.784      0.031     25.113      0.000
    DASS12_1           1.077      0.040     27.138      0.000

 ANXIETY_ BY
    DASS2_1            0.840      0.036     23.265      0.000
    DASS3_1            0.930      0.040     23.165      0.000
    DASS5_1            1.121      0.044     25.425      0.000
    DASS7_1            1.182      0.044     27.102      0.000
    DASS11_1           1.427      0.054     26.615      0.000
    DASS13_1           1.188      0.045     26.308      0.000
    DASS14_1           1.164      0.044     26.386      0.000

 ANXIETY_ WITH
    STRESS_1           0.941      0.008    114.195      0.000

 Means
    STRESS_1           0.000      0.000    999.000    999.000
    ANXIETY_1          0.000      0.000    999.000    999.000

 Thresholds
    DASS1_1$1         -0.860      0.043    -20.212      0.000
    DASS1_1$2          0.886      0.043     20.456      0.000
    DASS1_1$3          2.035      0.057     35.985      0.000
    DASS2_1$1          0.131      0.038      3.482      0.000
    DASS2_1$2          1.356      0.045     29.798      0.000
    DASS2_1$3          2.303      0.061     37.470      0.000
    DASS3_1$1          0.323      0.041      7.881      0.000
    DASS3_1$2          1.475      0.050     29.760      0.000
    DASS3_1$3          2.443      0.067     36.571      0.000
    DASS4_1$1         -1.044      0.047    -22.415      0.000
    DASS4_1$2          0.659      0.045     14.788      0.000
    DASS4_1$3          1.813      0.054     33.755      0.000
    DASS5_1$1          0.021      0.045      0.475      0.635
    DASS5_1$2          1.293      0.052     25.100      0.000
    DASS5_1$3          2.211      0.062     35.594      0.000
    DASS6_1$1         -0.729      0.053    -13.818      0.000
    DASS6_1$2          1.046      0.056     18.837      0.000
    DASS6_1$3          2.226      0.065     34.321      0.000
    DASS7_1$1         -0.704      0.047    -15.139      0.000
    DASS7_1$2          0.942      0.049     19.077      0.000
    DASS7_1$3          2.187      0.061     36.014      0.000
    DASS8_1$1         -0.955      0.050    -18.991      0.000
    DASS8_1$2          0.921      0.051     17.947      0.000
    DASS8_1$3          2.183      0.062     35.009      0.000
    DASS9_1$1         -0.633      0.051    -12.461      0.000
    DASS9_1$2          1.154      0.056     20.719      0.000
    DASS9_1$3          2.380      0.068     35.177      0.000
    DASS10_1$1        -0.784      0.038    -20.879      0.000
    DASS10_1$2         0.711      0.038     18.676      0.000
    DASS10_1$3         1.716      0.047     36.612      0.000
    DASS11_1$1        -0.192      0.053     -3.615      0.000
    DASS11_1$2         1.540      0.063     24.624      0.000
    DASS11_1$3         2.805      0.076     37.051      0.000
    DASS12_1$1        -0.760      0.044    -17.154      0.000
    DASS12_1$2         0.824      0.045     18.168      0.000
    DASS12_1$3         1.906      0.054     35.223      0.000
    DASS13_1$1        -0.072      0.046     -1.539      0.124
    DASS13_1$2         1.384      0.054     25.461      0.000
    DASS13_1$3         2.355      0.065     36.202      0.000
    DASS14_1$1         0.137      0.046      2.970      0.003
    DASS14_1$2         1.566      0.056     28.105      0.000
    DASS14_1$3         2.502      0.067     37.534      0.000

 Variances
    STRESS_1           1.000      0.000    999.000    999.000
    ANXIETY_1          1.000      0.000    999.000    999.000

 Residual Variances
    DASS1_1            1.000      0.000    999.000    999.000
    DASS2_1            1.000      0.000    999.000    999.000
    DASS3_1            1.000      0.000    999.000    999.000
    DASS4_1            1.000      0.000    999.000    999.000
    DASS5_1            1.000      0.000    999.000    999.000
    DASS6_1            1.000      0.000    999.000    999.000
    DASS7_1            1.000      0.000    999.000    999.000
    DASS8_1            1.000      0.000    999.000    999.000
    DASS9_1            1.000      0.000    999.000    999.000
    DASS10_1           1.000      0.000    999.000    999.000
    DASS11_1           1.000      0.000    999.000    999.000
    DASS12_1           1.000      0.000    999.000    999.000
    DASS13_1           1.000      0.000    999.000    999.000
    DASS14_1           1.000      0.000    999.000    999.000

Group OLDER

 STRESS_1 BY
    DASS1_1            0.969      0.037     26.163      0.000
    DASS4_1            1.090      0.040     27.555      0.000
    DASS6_1            1.394      0.051     27.576      0.000
    DASS8_1            1.269      0.046     27.776      0.000
    DASS9_1            1.351      0.048     27.960      0.000
    DASS10_1           0.784      0.031     25.113      0.000
    DASS12_1           1.077      0.040     27.138      0.000

 ANXIETY_ BY
    DASS2_1            0.840      0.036     23.265      0.000
    DASS3_1            0.930      0.040     23.165      0.000
    DASS5_1            1.121      0.044     25.425      0.000
    DASS7_1            1.182      0.044     27.102      0.000
    DASS11_1           1.427      0.054     26.615      0.000
    DASS13_1           1.188      0.045     26.308      0.000
    DASS14_1           1.164      0.044     26.386      0.000

 ANXIETY_ WITH
    STRESS_1           1.009      0.070     14.517      0.000

 Means
    STRESS_1          -0.012      0.044     -0.275      0.783
    ANXIETY_1          0.078      0.044      1.761      0.078

 Thresholds
    DASS1_1$1         -0.860      0.043    -20.212      0.000
    DASS1_1$2          0.886      0.043     20.456      0.000
    DASS1_1$3          2.035      0.057     35.985      0.000
    DASS2_1$1          0.131      0.038      3.482      0.000
    DASS2_1$2          1.356      0.045     29.798      0.000
    DASS2_1$3          2.303      0.061     37.470      0.000
    DASS3_1$1          0.323      0.041      7.881      0.000
    DASS3_1$2          1.475      0.050     29.760      0.000
    DASS3_1$3          2.443      0.067     36.571      0.000
    DASS4_1$1         -1.044      0.047    -22.415      0.000
    DASS4_1$2          0.659      0.045     14.788      0.000
    DASS4_1$3          1.813      0.054     33.755      0.000
    DASS5_1$1          0.021      0.045      0.475      0.635
    DASS5_1$2          1.293      0.052     25.100      0.000
    DASS5_1$3          2.211      0.062     35.594      0.000
    DASS6_1$1         -0.729      0.053    -13.818      0.000
    DASS6_1$2          1.046      0.056     18.837      0.000
    DASS6_1$3          2.226      0.065     34.321      0.000
    DASS7_1$1         -0.704      0.047    -15.139      0.000
    DASS7_1$2          0.942      0.049     19.077      0.000
    DASS7_1$3          2.187      0.061     36.014      0.000
    DASS8_1$1         -0.955      0.050    -18.991      0.000
    DASS8_1$2          0.921      0.051     17.947      0.000
    DASS8_1$3          2.183      0.062     35.009      0.000
    DASS9_1$1         -0.633      0.051    -12.461      0.000
    DASS9_1$2          1.154      0.056     20.719      0.000
    DASS9_1$3          2.380      0.068     35.177      0.000
    DASS10_1$1        -0.784      0.038    -20.879      0.000
    DASS10_1$2         0.711      0.038     18.676      0.000
    DASS10_1$3         1.716      0.047     36.612      0.000
    DASS11_1$1        -0.192      0.053     -3.615      0.000
    DASS11_1$2         1.540      0.063     24.624      0.000
    DASS11_1$3         2.805      0.076     37.051      0.000
    DASS12_1$1        -0.760      0.044    -17.154      0.000
    DASS12_1$2         0.824      0.045     18.168      0.000
    DASS12_1$3         1.906      0.054     35.223      0.000
    DASS13_1$1        -0.072      0.046     -1.539      0.124
    DASS13_1$2         1.384      0.054     25.461      0.000
    DASS13_1$3         2.355      0.065     36.202      0.000
    DASS14_1$1         0.137      0.046      2.970      0.003
    DASS14_1$2         1.566      0.056     28.105      0.000
    DASS14_1$3         2.502      0.067     37.534      0.000

 Variances
    STRESS_1           1.087      0.078     13.920      0.000
    ANXIETY_1          1.060      0.084     12.676      0.000

 Residual Variances
    DASS1_1            1.000      0.000    999.000    999.000
    DASS2_1            1.000      0.000    999.000    999.000
    DASS3_1            1.000      0.000    999.000    999.000
    DASS4_1            1.000      0.000    999.000    999.000
    DASS5_1            1.000      0.000    999.000    999.000
    DASS6_1            1.000      0.000    999.000    999.000
    DASS7_1            1.000      0.000    999.000    999.000
    DASS8_1            1.000      0.000    999.000    999.000
    DASS9_1            1.000      0.000    999.000    999.000
    DASS10_1           1.000      0.000    999.000    999.000
    DASS11_1           1.000      0.000    999.000    999.000
    DASS12_1           1.000      0.000    999.000    999.000
    DASS13_1           1.000      0.000    999.000    999.000
    DASS14_1           1.000      0.000    999.000    999.000


STANDARDIZED MODEL RESULTS


STDYX Standardization

                                                    Two-Tailed
                    Estimate       S.E.  Est./S.E.    P-Value

Group YOUNGER

 STRESS_1 BY
    DASS1_1            0.696      0.014     50.747      0.000
    DASS4_1            0.737      0.012     60.285      0.000
    DASS6_1            0.813      0.010     81.201      0.000
    DASS8_1            0.785      0.011     72.516      0.000
    DASS9_1            0.804      0.010     79.015      0.000
    DASS10_1           0.617      0.015     40.551      0.000
    DASS12_1           0.733      0.013     58.590      0.000

 ANXIETY_ BY
    DASS2_1            0.643      0.016     39.675      0.000
    DASS3_1            0.681      0.016     43.206      0.000
    DASS5_1            0.746      0.013     57.358      0.000
    DASS7_1            0.763      0.012     64.977      0.000
    DASS11_1           0.819      0.010     80.823      0.000
    DASS13_1           0.765      0.012     63.464      0.000
    DASS14_1           0.758      0.012     62.119      0.000

 ANXIETY_ WITH
    STRESS_1           0.941      0.008    114.195      0.000

 Means
    STRESS_1           0.000      0.000    999.000    999.000
    ANXIETY_1          0.000      0.000    999.000    999.000

 Thresholds
    DASS1_1$1         -0.617      0.031    -19.809      0.000
    DASS1_1$2          0.636      0.031     20.496      0.000
    DASS1_1$3          1.461      0.042     34.803      0.000
    DASS2_1$1          0.100      0.029      3.509      0.000
    DASS2_1$2          1.038      0.034     30.940      0.000
    DASS2_1$3          1.764      0.048     36.759      0.000
    DASS3_1$1          0.236      0.029      8.077      0.000
    DASS3_1$2          1.080      0.035     31.147      0.000
    DASS3_1$3          1.789      0.049     36.711      0.000
    DASS4_1$1         -0.706      0.033    -21.608      0.000
    DASS4_1$2          0.446      0.030     14.711      0.000
    DASS4_1$3          1.226      0.039     31.620      0.000
    DASS5_1$1          0.014      0.030      0.476      0.634
    DASS5_1$2          0.861      0.034     25.667      0.000
    DASS5_1$3          1.472      0.043     34.262      0.000
    DASS6_1$1         -0.425      0.032    -13.477      0.000
    DASS6_1$2          0.609      0.033     18.610      0.000
    DASS6_1$3          1.297      0.042     30.962      0.000
    DASS7_1$1         -0.455      0.032    -14.396      0.000
    DASS7_1$2          0.609      0.032     19.244      0.000
    DASS7_1$3          1.412      0.042     33.408      0.000
    DASS8_1$1         -0.591      0.032    -18.365      0.000
    DASS8_1$2          0.570      0.032     17.893      0.000
    DASS8_1$3          1.351      0.042     32.435      0.000
    DASS9_1$1         -0.377      0.031    -12.084      0.000
    DASS9_1$2          0.687      0.033     20.734      0.000
    DASS9_1$3          1.416      0.044     32.436      0.000
    DASS10_1$1        -0.617      0.030    -20.522      0.000
    DASS10_1$2         0.560      0.030     18.623      0.000
    DASS10_1$3         1.350      0.039     34.798      0.000
    DASS11_1$1        -0.110      0.031     -3.552      0.000
    DASS11_1$2         0.884      0.035     25.499      0.000
    DASS11_1$3         1.609      0.046     34.772      0.000
    DASS12_1$1        -0.517      0.031    -16.667      0.000
    DASS12_1$2         0.561      0.031     18.043      0.000
    DASS12_1$3         1.297      0.039     32.880      0.000
    DASS13_1$1        -0.046      0.030     -1.531      0.126
    DASS13_1$2         0.891      0.034     25.903      0.000
    DASS13_1$3         1.516      0.044     34.541      0.000
    DASS14_1$1         0.089      0.030      3.000      0.003
    DASS14_1$2         1.021      0.035     28.883      0.000
    DASS14_1$3         1.631      0.047     35.056      0.000

 Variances
    STRESS_1           1.000      0.000    999.000    999.000
    ANXIETY_1          1.000      0.000    999.000    999.000

 Residual Variances
    DASS1_1            0.516      0.019     27.003      0.000
    DASS2_1            0.586      0.021     28.124      0.000
    DASS3_1            0.536      0.021     24.970      0.000
    DASS4_1            0.457      0.018     25.377      0.000
    DASS5_1            0.443      0.019     22.834      0.000
    DASS6_1            0.340      0.016     20.878      0.000
    DASS7_1            0.417      0.018     23.248      0.000
    DASS8_1            0.383      0.017     22.510      0.000
    DASS9_1            0.354      0.016     21.636      0.000
    DASS10_1           0.619      0.019     32.981      0.000
    DASS11_1           0.329      0.017     19.841      0.000
    DASS12_1           0.463      0.018     25.276      0.000
    DASS13_1           0.415      0.018     22.467      0.000
    DASS14_1           0.425      0.019     22.935      0.000

Group OLDER

 STRESS_1 BY
    DASS1_1            0.711      0.013     53.990      0.000
    DASS4_1            0.751      0.011     65.359      0.000
    DASS6_1            0.824      0.009     88.350      0.000
    DASS8_1            0.798      0.010     77.924      0.000
    DASS9_1            0.815      0.010     83.022      0.000
    DASS10_1           0.633      0.015     42.310      0.000
    DASS12_1           0.747      0.012     62.204      0.000

 ANXIETY_ BY
    DASS2_1            0.654      0.016     40.063      0.000
    DASS3_1            0.692      0.016     44.620      0.000
    DASS5_1            0.756      0.013     58.921      0.000
    DASS7_1            0.773      0.011     69.419      0.000
    DASS11_1           0.827      0.010     81.779      0.000
    DASS13_1           0.774      0.012     63.877      0.000
    DASS14_1           0.768      0.013     60.513      0.000

 ANXIETY_ WITH
    STRESS_1           0.940      0.007    129.416      0.000

 Means
    STRESS_1          -0.012      0.042     -0.276      0.783
    ANXIETY_1          0.076      0.043      1.746      0.081

 Thresholds
    DASS1_1$1         -0.605      0.030    -19.957      0.000
    DASS1_1$2          0.623      0.031     20.305      0.000
    DASS1_1$3          1.431      0.042     34.094      0.000
    DASS2_1$1          0.099      0.028      3.496      0.000
    DASS2_1$2          1.025      0.035     29.379      0.000
    DASS2_1$3          1.742      0.049     35.431      0.000
    DASS3_1$1          0.233      0.029      7.999      0.000
    DASS3_1$2          1.065      0.036     29.705      0.000
    DASS3_1$3          1.765      0.051     34.554      0.000
    DASS4_1$1         -0.690      0.031    -21.970      0.000
    DASS4_1$2          0.435      0.030     14.570      0.000
    DASS4_1$3          1.198      0.038     31.558      0.000
    DASS5_1$1          0.014      0.029      0.475      0.635
    DASS5_1$2          0.847      0.034     24.876      0.000
    DASS5_1$3          1.448      0.044     32.847      0.000
    DASS6_1$1         -0.413      0.030    -13.573      0.000
    DASS6_1$2          0.593      0.032     18.588      0.000
    DASS6_1$3          1.261      0.040     31.203      0.000
    DASS7_1$1         -0.447      0.030    -14.777      0.000
    DASS7_1$2          0.598      0.032     18.607      0.000
    DASS7_1$3          1.388      0.043     32.305      0.000
    DASS8_1$1         -0.576      0.031    -18.588      0.000
    DASS8_1$2          0.555      0.031     17.742      0.000
    DASS8_1$3          1.316      0.041     32.035      0.000
    DASS9_1$1         -0.366      0.030    -12.205      0.000
    DASS9_1$2          0.668      0.033     20.471      0.000
    DASS9_1$3          1.377      0.043     32.041      0.000
    DASS10_1$1        -0.607      0.029    -20.676      0.000
    DASS10_1$2         0.551      0.030     18.549      0.000
    DASS10_1$3         1.329      0.038     34.670      0.000
    DASS11_1$1        -0.108      0.030     -3.586      0.000
    DASS11_1$2         0.866      0.036     23.871      0.000
    DASS11_1$3         1.578      0.050     31.368      0.000
    DASS12_1$1        -0.505      0.030    -16.908      0.000
    DASS12_1$2         0.548      0.031     17.922      0.000
    DASS12_1$3         1.268      0.039     32.314      0.000
    DASS13_1$1        -0.045      0.029     -1.535      0.125
    DASS13_1$2         0.876      0.035     24.942      0.000
    DASS13_1$3         1.490      0.046     32.481      0.000
    DASS14_1$1         0.088      0.029      2.983      0.003
    DASS14_1$2         1.004      0.037     27.314      0.000
    DASS14_1$3         1.604      0.048     33.130      0.000

 Variances
    STRESS_1           1.000      0.000    999.000    999.000
    ANXIETY_1          1.000      0.000    999.000    999.000

 Residual Variances
    DASS1_1            0.495      0.019     26.425      0.000
    DASS2_1            0.572      0.021     26.795      0.000
    DASS3_1            0.522      0.021     24.331      0.000
    DASS4_1            0.436      0.017     25.306      0.000
    DASS5_1            0.429      0.019     22.132      0.000
    DASS6_1            0.321      0.015     20.894      0.000
    DASS7_1            0.403      0.017     23.435      0.000
    DASS8_1            0.363      0.016     22.248      0.000
    DASS9_1            0.335      0.016     20.910      0.000
    DASS10_1           0.599      0.019     31.652      0.000
    DASS11_1           0.317      0.017     18.942      0.000
    DASS12_1           0.442      0.018     24.683      0.000
    DASS13_1           0.400      0.019     21.336      0.000
    DASS14_1           0.411      0.019     21.080      0.000


R-SQUARE

Group YOUNGER

    Observed                                        Two-Tailed     Scale
    Variable        Estimate       S.E.  Est./S.E.    P-Value     Factors

    DASS1_1            0.484      0.019     25.373      0.000      0.718
    DASS2_1            0.414      0.021     19.838      0.000      0.766
    DASS3_1            0.464      0.021     21.603      0.000      0.732
    DASS4_1            0.543      0.018     30.143      0.000      0.676
    DASS5_1            0.557      0.019     28.679      0.000      0.666
    DASS6_1            0.660      0.016     40.601      0.000      0.583
    DASS7_1            0.583      0.018     32.489      0.000      0.646
    DASS8_1            0.617      0.017     36.258      0.000      0.619
    DASS9_1            0.646      0.016     39.508      0.000      0.595
    DASS10_1           0.381      0.019     20.275      0.000      0.787
    DASS11_1           0.671      0.017     40.411      0.000      0.574
    DASS12_1           0.537      0.018     29.295      0.000      0.681
    DASS13_1           0.585      0.018     31.732      0.000      0.644
    DASS14_1           0.575      0.019     31.059      0.000      0.652

Group OLDER

    Observed                                        Two-Tailed     Scale
    Variable        Estimate       S.E.  Est./S.E.    P-Value     Factors

    DASS1_1            0.505      0.019     26.995      0.000      0.703
    DASS2_1            0.428      0.021     20.031      0.000      0.756
    DASS3_1            0.478      0.021     22.310      0.000      0.722
    DASS4_1            0.564      0.017     32.679      0.000      0.661
    DASS5_1            0.571      0.019     29.460      0.000      0.655
    DASS6_1            0.679      0.015     44.175      0.000      0.567
    DASS7_1            0.597      0.017     34.710      0.000      0.635
    DASS8_1            0.637      0.016     38.962      0.000      0.603
    DASS9_1            0.665      0.016     41.511      0.000      0.579
    DASS10_1           0.401      0.019     21.155      0.000      0.774
    DASS11_1           0.683      0.017     40.889      0.000      0.563
    DASS12_1           0.558      0.018     31.102      0.000      0.665
    DASS13_1           0.600      0.019     31.938      0.000      0.633
    DASS14_1           0.589      0.019     30.256      0.000      0.641


QUALITY OF NUMERICAL RESULTS

     Condition Number for the Information Matrix              0.560E-02
       (ratio of smallest to largest eigenvalue)


MODEL MODIFICATION INDICES

Minimum M.I. value for printing the modification index    10.000

                                   M.I.     E.P.C.  Std E.P.C.  StdYX E.P.C.
Group YOUNGER


ON/BY Statements

DASS7_1  ON ANXIETY_ /
ANXIETY_ BY DASS7_1               14.930    -0.067     -0.067       -0.043

ON Statements

STRESS_1 ON DASS4_1               23.251     0.119      0.119        0.176
STRESS_1 ON DASS8_1               17.258    -0.106     -0.106       -0.172
STRESS_1 ON DASS11_1              19.871     0.098      0.098        0.171
STRESS_1 ON DASS12_1              11.108    -0.080     -0.080       -0.118
ANXIETY_ ON DASS4_1               25.351    -0.103     -0.103       -0.152
ANXIETY_ ON DASS7_1               27.036    -0.133     -0.133       -0.206
ANXIETY_ ON DASS11_1              18.358    -0.119     -0.119       -0.207
ANXIETY_ ON DASS13_1              15.133     0.103      0.103        0.160
DASS4_1  ON DASS13_1              14.476    -0.091     -0.091       -0.095
DASS7_1  ON DASS2_1               19.188    -0.148     -0.148       -0.125
DASS7_1  ON DASS3_1               14.369    -0.122     -0.122       -0.107
DASS7_1  ON DASS5_1               19.627    -0.125     -0.125       -0.121
DASS7_1  ON DASS11_1              15.414    -0.089     -0.089       -0.101
DASS7_1  ON DASS13_1              20.726    -0.122     -0.122       -0.123
DASS7_1  ON DASS14_1              18.215    -0.118     -0.118       -0.117
DASS8_1  ON DASS7_1               10.339     0.075      0.075        0.072
DASS10_1 ON DASS4_1               10.328     0.059      0.059        0.069
DASS11_1 ON DASS9_1               10.792     0.084      0.084        0.081
DASS11_1 ON DASS12_1              25.080     0.140      0.140        0.118
DASS13_1 ON DASS5_1               11.854     0.095      0.095        0.092
DASS13_1 ON DASS14_1              41.284     0.162      0.162        0.160
DASS14_1 ON DASS13_1              39.377     0.153      0.153        0.155

WITH Statements

DASS3_1  WITH DASS2_1             22.196     0.205      0.205        0.205
DASS4_1  WITH STRESS_1            23.262     0.119      0.119        0.119
DASS4_1  WITH ANXIETY_            25.306    -0.103     -0.103       -0.103
DASS4_1  WITH DASS1_1             10.570     0.130      0.130        0.130
DASS6_1  WITH DASS4_1             15.118     0.176      0.176        0.176
DASS7_1  WITH ANXIETY_            26.969    -0.133     -0.133       -0.133
DASS8_1  WITH STRESS_1            17.246    -0.106     -0.106       -0.106
DASS8_1  WITH DASS7_1             41.670     0.271      0.271        0.271
DASS10_1 WITH DASS4_1             13.818     0.143      0.143        0.143
DASS11_1 WITH STRESS_1            19.882     0.098      0.098        0.098
DASS11_1 WITH ANXIETY_            18.285    -0.118     -0.118       -0.118
DASS11_1 WITH DASS2_1             11.956    -0.197     -0.197       -0.197
DASS12_1 WITH STRESS_1            11.101    -0.080     -0.080       -0.080
DASS12_1 WITH DASS11_1            28.494     0.242      0.242        0.242
DASS13_1 WITH ANXIETY_            15.186     0.103      0.103        0.103
DASS13_1 WITH DASS4_1             22.688    -0.266     -0.266       -0.266
DASS14_1 WITH DASS13_1            64.754     0.349      0.349        0.349

Means/Intercepts/Thresholds

[ DASS5_1  ]                      10.184    -0.162     -0.162       -0.108
[ DASS6_1  ]                      14.713    -0.221     -0.221       -0.129
[ DASS11_1 ]                      28.135     0.319      0.319        0.183
[ DASS11_1 ]                      17.786    -0.159     -0.159       -0.091

Group OLDER


ON/BY Statements

DASS7_1  ON STRESS_1 /
STRESS_1 BY DASS7_1               27.448     0.191      0.199        0.126
DASS7_1  ON ANXIETY_ /
ANXIETY_ BY DASS7_1               14.908     0.088      0.091        0.058
DASS13_1 ON STRESS_1 /
STRESS_1 BY DASS13_1              10.566    -0.125     -0.130       -0.082

ON Statements

STRESS_1 ON DASS3_1               14.663    -0.085     -0.081       -0.112
STRESS_1 ON DASS7_1               80.425     0.183      0.176        0.277
STRESS_1 ON DASS13_1              21.602    -0.103     -0.099       -0.156
STRESS_1 ON DASS14_1              22.673    -0.107     -0.102       -0.160
ANXIETY_ ON DASS3_1               31.988     0.152      0.148        0.204
ANXIETY_ ON DASS7_1               75.238    -0.228     -0.222       -0.349
ANXIETY_ ON DASS11_1              16.976    -0.117     -0.114       -0.202
ANXIETY_ ON DASS13_1              15.177     0.107      0.104        0.164
ANXIETY_ ON DASS14_1              16.955     0.113      0.110        0.172
DASS3_1  ON DASS2_1               20.882     0.127      0.127        0.122
DASS3_1  ON DASS13_1              14.455     0.089      0.089        0.102
DASS7_1  ON DASS1_1               34.646     0.161      0.161        0.145
DASS7_1  ON DASS4_1               21.670     0.119      0.119        0.115
DASS7_1  ON DASS6_1               31.169     0.119      0.119        0.133
DASS7_1  ON DASS8_1               39.620     0.135      0.135        0.142
DASS7_1  ON DASS9_1               30.749     0.123      0.123        0.135
DASS7_1  ON DASS10_1              15.162     0.116      0.116        0.095
DASS7_1  ON DASS12_1              20.811     0.118      0.118        0.112
DASS8_1  ON DASS7_1               15.744     0.094      0.094        0.089
DASS13_1 ON DASS1_1               21.251    -0.138     -0.138       -0.124
DASS13_1 ON DASS4_1               12.629    -0.099     -0.099       -0.095
DASS13_1 ON DASS6_1               13.979    -0.087     -0.087       -0.097
DASS13_1 ON DASS7_1               14.061    -0.104     -0.104       -0.104
DASS14_1 ON DASS4_1               13.215    -0.100     -0.100       -0.097
DASS14_1 ON DASS6_1               13.378    -0.084     -0.084       -0.095
DASS14_1 ON DASS7_1               10.958    -0.092     -0.092       -0.093
DASS14_1 ON DASS10_1              12.969    -0.117     -0.117       -0.097

WITH Statements

DASS3_1  WITH STRESS_1            14.672    -0.085     -0.081       -0.081
DASS3_1  WITH ANXIETY_            31.952     0.152      0.148        0.148
DASS3_1  WITH DASS2_1             28.652     0.239      0.239        0.239
DASS6_1  WITH DASS4_1             17.681     0.200      0.200        0.200
DASS7_1  WITH STRESS_1            80.400     0.183      0.176        0.176
DASS7_1  WITH ANXIETY_            75.307    -0.228     -0.222       -0.222
DASS7_1  WITH DASS1_1             13.453     0.177      0.177        0.177
DASS7_1  WITH DASS6_1             10.315     0.168      0.168        0.168
DASS8_1  WITH DASS7_1             23.915     0.214      0.214        0.214
DASS11_1 WITH ANXIETY_            17.018    -0.117     -0.114       -0.114
DASS11_1 WITH DASS8_1             10.604     0.171      0.171        0.171
DASS12_1 WITH DASS11_1            31.688     0.266      0.266        0.266
DASS13_1 WITH STRESS_1            21.617    -0.103     -0.099       -0.099
DASS13_1 WITH ANXIETY_            15.145     0.107      0.104        0.104
DASS13_1 WITH DASS1_1             16.109    -0.224     -0.224       -0.224
DASS13_1 WITH DASS3_1             30.200     0.304      0.304        0.304
DASS13_1 WITH DASS7_1             12.764    -0.200     -0.200       -0.200
DASS14_1 WITH STRESS_1            22.687    -0.107     -0.102       -0.102
DASS14_1 WITH ANXIETY_            16.922     0.113      0.110        0.110
DASS14_1 WITH DASS3_1             14.864     0.209      0.209        0.209

Means/Intercepts/Thresholds

[ DASS5_1  ]                      10.202     0.162      0.162        0.106
[ DASS6_1  ]                      14.709     0.221      0.221        0.125
[ DASS11_1 ]                      28.152    -0.320     -0.320       -0.180
[ DASS11_1 ]                      17.783     0.199      0.199        0.112



SAVEDATA INFORMATION


  Difference testing

  Save file
    dass1_student_age_inv_scalar.dat
  Save format      Free

     Beginning Time:  10:55:46
        Ending Time:  10:55:47
       Elapsed Time:  00:00:01



MUTHEN & MUTHEN
3463 Stoner Ave.
Los Angeles, CA  90066

Tel: (310) 391-9971
Fax: (310) 391-8971
Web: www.StatModel.com
Support: Support@StatModel.com

Copyright (c) 1998-2019 Muthen & Muthen
