Mplus VERSION 8.4 (Mac)
MUTHEN & MUTHEN
05/04/2023  10:26 PM

INPUT INSTRUCTIONS

  Title: Student DASS Baseline CFA;

  Data:
     File is ../dat_stu.txt;

  Variable:
     Names are studentid index treatment girl age_w child_grade in_ukr
     guardian_living guardian_region
     grit1_1 grit2_1 grit3_1 grit4_1 grit5_1 grit6_1 grit7_1 grit8_1
     loc1_1 loc2_1 loc3_1 loc4_1
     dass1_1 dass2_1 dass3_1 dass4_1 dass5_1 dass6_1 dass7_1 dass8_1
     dass9_1 dass10_1 dass11_1 dass12_1 dass13_1 dass14_1
     sleep1_1 sleep2_1 sleep3_1 sleep4_1 sleep5_1 sleep6_1 sleep7_1
     efficacy_1 edugoals_1 remotediff_1 timeclass_1 timehomework_1
     grit1_2 grit2_2 grit3_2 grit4_2 grit5_2 grit6_2 grit7_2 grit8_2
     loc1_2 loc2_2 loc3_2 loc4_2
     dass1_2 dass2_2 dass3_2 dass4_2 dass5_2 dass6_2 dass7_2 dass8_2
     dass9_2 dass10_2 dass11_2 dass12_2 dass13_2 dass14_2
     efficacy_2 edugoals_2 timeclass_2 timehomework_2 compmath_2 half;
     Missing are . ;

    Usevariable are
  	dass1_1 dass2_1 dass3_1 dass4_1 dass5_1 dass6_1 dass7_1 dass8_1
    dass9_1 dass10_1 dass11_1 dass12_1 dass13_1 dass14_1;

    Categorical is
  	dass1_1 dass2_1 dass3_1 dass4_1 dass5_1 dass6_1 dass7_1 dass8_1
    dass9_1 dass10_1 dass11_1 dass12_1 dass13_1 dass14_1;

    Idvariable is studentid;

    Useobservations is half eq 0;

  Analysis:
     Estimator = wlsmv;

  Model:
    stress_1 by
      dass1_1 dass4_1 dass6_1 dass8_1 dass9_1 dass10_1 dass12_1;

    anxiety_1 by
      dass2_1 dass3_1 dass5_1 dass7_1 dass11_1 dass13_1 dass14_1;

  Output: sampstat stdyx modindices(all);



INPUT READING TERMINATED NORMALLY



Student DASS Baseline CFA;

SUMMARY OF ANALYSIS

Number of groups                                                 1
Number of observations                                        1272

Number of dependent variables                                   14
Number of independent variables                                  0
Number of continuous latent variables                            2

Observed dependent variables

  Binary and ordered categorical (ordinal)
   DASS1_1     DASS2_1     DASS3_1     DASS4_1     DASS5_1     DASS6_1
   DASS7_1     DASS8_1     DASS9_1     DASS10_1    DASS11_1    DASS12_1
   DASS13_1    DASS14_1

Continuous latent variables
   STRESS_1    ANXIETY_

Variables with special functions

  ID variable           STUDENTI

Estimator                                                    WLSMV
Maximum number of iterations                                  1000
Convergence criterion                                    0.500D-04
Maximum number of steepest descent iterations                   20
Maximum number of iterations for H1                           2000
Convergence criterion for H1                             0.100D-03
Parameterization                                             DELTA
Link                                                        PROBIT

Input data file(s)
  ../dat_stu.txt

Input data format  FREE


SUMMARY OF DATA

     Number of missing data patterns             1


COVARIANCE COVERAGE OF DATA

Minimum covariance coverage value   0.100


     PROPORTION OF DATA PRESENT


           Covariance Coverage
              DASS1_1       DASS2_1       DASS3_1       DASS4_1       DASS5_1
              ________      ________      ________      ________      ________
 DASS1_1        1.000
 DASS2_1        1.000         1.000
 DASS3_1        1.000         1.000         1.000
 DASS4_1        1.000         1.000         1.000         1.000
 DASS5_1        1.000         1.000         1.000         1.000         1.000
 DASS6_1        1.000         1.000         1.000         1.000         1.000
 DASS7_1        1.000         1.000         1.000         1.000         1.000
 DASS8_1        1.000         1.000         1.000         1.000         1.000
 DASS9_1        1.000         1.000         1.000         1.000         1.000
 DASS10_1       1.000         1.000         1.000         1.000         1.000
 DASS11_1       1.000         1.000         1.000         1.000         1.000
 DASS12_1       1.000         1.000         1.000         1.000         1.000
 DASS13_1       1.000         1.000         1.000         1.000         1.000
 DASS14_1       1.000         1.000         1.000         1.000         1.000


           Covariance Coverage
              DASS6_1       DASS7_1       DASS8_1       DASS9_1       DASS10_1
              ________      ________      ________      ________      ________
 DASS6_1        1.000
 DASS7_1        1.000         1.000
 DASS8_1        1.000         1.000         1.000
 DASS9_1        1.000         1.000         1.000         1.000
 DASS10_1       1.000         1.000         1.000         1.000         1.000
 DASS11_1       1.000         1.000         1.000         1.000         1.000
 DASS12_1       1.000         1.000         1.000         1.000         1.000
 DASS13_1       1.000         1.000         1.000         1.000         1.000
 DASS14_1       1.000         1.000         1.000         1.000         1.000


           Covariance Coverage
              DASS11_1      DASS12_1      DASS13_1      DASS14_1
              ________      ________      ________      ________
 DASS11_1       1.000
 DASS12_1       1.000         1.000
 DASS13_1       1.000         1.000         1.000
 DASS14_1       1.000         1.000         1.000         1.000


UNIVARIATE PROPORTIONS AND COUNTS FOR CATEGORICAL VARIABLES

    DASS1_1
      Category 1    0.268          341.000
      Category 2    0.468          595.000
      Category 3    0.192          244.000
      Category 4    0.072           92.000
    DASS2_1
      Category 1    0.519          660.000
      Category 2    0.314          399.000
      Category 3    0.128          163.000
      Category 4    0.039           50.000
    DASS3_1
      Category 1    0.575          732.000
      Category 2    0.274          348.000
      Category 3    0.108          137.000
      Category 4    0.043           55.000
    DASS4_1
      Category 1    0.243          309.000
      Category 2    0.428          544.000
      Category 3    0.222          282.000
      Category 4    0.108          137.000
    DASS5_1
      Category 1    0.483          615.000
      Category 2    0.305          388.000
      Category 3    0.134          171.000
      Category 4    0.077           98.000
    DASS6_1
      Category 1    0.338          430.000
      Category 2    0.389          495.000
      Category 3    0.173          220.000
      Category 4    0.100          127.000
    DASS7_1
      Category 1    0.314          399.000
      Category 2    0.395          502.000
      Category 3    0.205          261.000
      Category 4    0.086          110.000
    DASS8_1
      Category 1    0.274          349.000
      Category 2    0.436          554.000
      Category 3    0.194          247.000
      Category 4    0.096          122.000
    DASS9_1
      Category 1    0.351          446.000
      Category 2    0.410          521.000
      Category 3    0.160          204.000
      Category 4    0.079          101.000
    DASS10_1
      Category 1    0.267          340.000
      Category 2    0.430          547.000
      Category 3    0.219          278.000
      Category 4    0.084          107.000
    DASS11_1
      Category 1    0.436          555.000
      Category 2    0.355          451.000
      Category 3    0.142          181.000
      Category 4    0.067           85.000
    DASS12_1
      Category 1    0.301          383.000
      Category 2    0.403          513.000
      Category 3    0.194          247.000
      Category 4    0.101          129.000
    DASS13_1
      Category 1    0.458          583.000
      Category 2    0.340          433.000
      Category 3    0.131          166.000
      Category 4    0.071           90.000
    DASS14_1
      Category 1    0.512          651.000
      Category 2    0.318          404.000
      Category 3    0.117          149.000
      Category 4    0.053           68.000


SAMPLE STATISTICS


     ESTIMATED SAMPLE STATISTICS


           MEANS/INTERCEPTS/THRESHOLDS
              DASS1_1$      DASS1_1$      DASS1_1$      DASS2_1$      DASS2_1$
              ________      ________      ________      ________      ________
               -0.619         0.631         1.459         0.047         0.964


           MEANS/INTERCEPTS/THRESHOLDS
              DASS2_1$      DASS3_1$      DASS3_1$      DASS3_1$      DASS4_1$
              ________      ________      ________      ________      ________
                1.759         0.190         1.032         1.714        -0.697


           MEANS/INTERCEPTS/THRESHOLDS
              DASS4_1$      DASS4_1$      DASS5_1$      DASS5_1$      DASS5_1$
              ________      ________      ________      ________      ________
                0.442         1.239        -0.041         0.801         1.425


           MEANS/INTERCEPTS/THRESHOLDS
              DASS6_1$      DASS6_1$      DASS6_1$      DASS7_1$      DASS7_1$
              ________      ________      ________      ________      ________
               -0.418         0.604         1.282        -0.485         0.549


           MEANS/INTERCEPTS/THRESHOLDS
              DASS7_1$      DASS8_1$      DASS8_1$      DASS8_1$      DASS9_1$
              ________      ________      ________      ________      ________
                1.363        -0.600         0.553         1.305        -0.384


           MEANS/INTERCEPTS/THRESHOLDS
              DASS9_1$      DASS9_1$      DASS10_1      DASS10_1      DASS10_1
              ________      ________      ________      ________      ________
                0.707         1.409        -0.621         0.517         1.378


           MEANS/INTERCEPTS/THRESHOLDS
              DASS11_1      DASS11_1      DASS11_1      DASS12_1      DASS12_1
              ________      ________      ________      ________      ________
               -0.160         0.809         1.500        -0.521         0.537


           MEANS/INTERCEPTS/THRESHOLDS
              DASS12_1      DASS13_1      DASS13_1      DASS13_1      DASS14_1
              ________      ________      ________      ________      ________
                1.274        -0.105         0.837         1.470         0.030


           MEANS/INTERCEPTS/THRESHOLDS
              DASS14_1      DASS14_1
              ________      ________
                0.952         1.612


           CORRELATION MATRIX (WITH VARIANCES ON THE DIAGONAL)
              DASS1_1       DASS2_1       DASS3_1       DASS4_1       DASS5_1
              ________      ________      ________      ________      ________
 DASS1_1
 DASS2_1        0.474
 DASS3_1        0.471         0.580
 DASS4_1        0.543         0.471         0.455
 DASS5_1        0.499         0.546         0.539         0.509
 DASS6_1        0.572         0.495         0.522         0.654         0.616
 DASS7_1        0.522         0.469         0.507         0.501         0.549
 DASS8_1        0.543         0.456         0.494         0.537         0.578
 DASS9_1        0.602         0.468         0.481         0.539         0.577
 DASS10_1       0.410         0.383         0.373         0.521         0.423
 DASS11_1       0.516         0.476         0.498         0.529         0.578
 DASS12_1       0.496         0.398         0.378         0.565         0.540
 DASS13_1       0.444         0.500         0.562         0.453         0.637
 DASS14_1       0.481         0.502         0.569         0.456         0.574


           CORRELATION MATRIX (WITH VARIANCES ON THE DIAGONAL)
              DASS6_1       DASS7_1       DASS8_1       DASS9_1       DASS10_1
              ________      ________      ________      ________      ________
 DASS7_1        0.620
 DASS8_1        0.639         0.655
 DASS9_1        0.667         0.579         0.627
 DASS10_1       0.537         0.439         0.475         0.536
 DASS11_1       0.600         0.602         0.643         0.628         0.533
 DASS12_1       0.585         0.534         0.597         0.595         0.453
 DASS13_1       0.563         0.539         0.585         0.619         0.489
 DASS14_1       0.567         0.554         0.577         0.589         0.436


           CORRELATION MATRIX (WITH VARIANCES ON THE DIAGONAL)
              DASS11_1      DASS12_1      DASS13_1      DASS14_1
              ________      ________      ________      ________
 DASS12_1       0.660
 DASS13_1       0.658         0.545
 DASS14_1       0.656         0.552         0.672


THE MODEL ESTIMATION TERMINATED NORMALLY



MODEL FIT INFORMATION

Number of Free Parameters                       57

Chi-Square Test of Model Fit

          Value                            517.895*
          Degrees of Freedom                    76
          P-Value                           0.0000

*   The chi-square value for MLM, MLMV, MLR, ULSMV, WLSM and WLSMV cannot be used
    for chi-square difference testing in the regular way.  MLM, MLR and WLSM
    chi-square difference testing is described on the Mplus website.  MLMV, WLSMV,
    and ULSMV difference testing is done using the DIFFTEST option.

RMSEA (Root Mean Square Error Of Approximation)

          Estimate                           0.068
          90 Percent C.I.                    0.062  0.073
          Probability RMSEA <= .05           0.000

CFI/TLI

          CFI                                0.977
          TLI                                0.973

Chi-Square Test of Model Fit for the Baseline Model

          Value                          19617.892
          Degrees of Freedom                    91
          P-Value                           0.0000

SRMR (Standardized Root Mean Square Residual)

          Value                              0.030

Optimum Function Value for Weighted Least-Squares Estimator

          Value                     0.10401646D+00



MODEL RESULTS

                                                    Two-Tailed
                    Estimate       S.E.  Est./S.E.    P-Value

 STRESS_1 BY
    DASS1_1            1.000      0.000    999.000    999.000
    DASS4_1            1.031      0.030     34.270      0.000
    DASS6_1            1.178      0.030     38.908      0.000
    DASS8_1            1.145      0.030     38.518      0.000
    DASS9_1            1.155      0.030     38.755      0.000
    DASS10_1           0.912      0.032     28.264      0.000
    DASS12_1           1.070      0.031     34.667      0.000

 ANXIETY_ BY
    DASS2_1            1.000      0.000    999.000    999.000
    DASS3_1            1.043      0.037     28.481      0.000
    DASS5_1            1.164      0.038     30.502      0.000
    DASS7_1            1.160      0.038     30.707      0.000
    DASS11_1           1.250      0.040     30.947      0.000
    DASS13_1           1.194      0.039     30.752      0.000
    DASS14_1           1.177      0.039     30.556      0.000

 ANXIETY_ WITH
    STRESS_1           0.430      0.019     22.220      0.000

 Thresholds
    DASS1_1$1         -0.619      0.038    -16.410      0.000
    DASS1_1$2          0.631      0.038     16.682      0.000
    DASS1_1$3          1.459      0.053     27.652      0.000
    DASS2_1$1          0.047      0.035      1.346      0.178
    DASS2_1$2          0.964      0.042     23.083      0.000
    DASS2_1$3          1.759      0.064     27.424      0.000
    DASS3_1$1          0.190      0.035      5.380      0.000
    DASS3_1$2          1.032      0.043     24.081      0.000
    DASS3_1$3          1.714      0.062     27.590      0.000
    DASS4_1$1         -0.697      0.038    -18.137      0.000
    DASS4_1$2          0.442      0.036     12.126      0.000
    DASS4_1$3          1.239      0.047     26.396      0.000
    DASS5_1$1         -0.041      0.035     -1.178      0.239
    DASS5_1$2          0.801      0.040     20.253      0.000
    DASS5_1$3          1.425      0.052     27.542      0.000
    DASS6_1$1         -0.418      0.036    -11.516      0.000
    DASS6_1$2          0.604      0.038     16.084      0.000
    DASS6_1$3          1.282      0.048     26.745      0.000
    DASS7_1$1         -0.485      0.037    -13.232      0.000
    DASS7_1$2          0.549      0.037     14.772      0.000
    DASS7_1$3          1.363      0.050     27.258      0.000
    DASS8_1$1         -0.600      0.038    -15.975      0.000
    DASS8_1$2          0.553      0.037     14.882      0.000
    DASS8_1$3          1.305      0.049     26.907      0.000
    DASS9_1$1         -0.384      0.036    -10.628      0.000
    DASS9_1$2          0.707      0.039     18.351      0.000
    DASS9_1$3          1.409      0.051     27.478      0.000
    DASS10_1$1        -0.621      0.038    -16.465      0.000
    DASS10_1$2         0.517      0.037     14.003      0.000
    DASS10_1$3         1.378      0.050     27.336      0.000
    DASS11_1$1        -0.160      0.035     -4.540      0.000
    DASS11_1$2         0.809      0.040     20.409      0.000
    DASS11_1$3         1.500      0.054     27.750      0.000
    DASS12_1$1        -0.521      0.037    -14.113      0.000
    DASS12_1$2         0.537      0.037     14.498      0.000
    DASS12_1$3         1.274      0.048     26.678      0.000
    DASS13_1$1        -0.105      0.035     -2.972      0.003
    DASS13_1$2         0.837      0.040     20.926      0.000
    DASS13_1$3         1.470      0.053     27.684      0.000
    DASS14_1$1         0.030      0.035      0.841      0.400
    DASS14_1$2         0.952      0.042     22.888      0.000
    DASS14_1$3         1.612      0.058     27.803      0.000

 Variances
    STRESS_1           0.488      0.024     20.433      0.000
    ANXIETY_1          0.432      0.026     16.308      0.000


STANDARDIZED MODEL RESULTS


STDYX Standardization

                                                    Two-Tailed
                    Estimate       S.E.  Est./S.E.    P-Value

 STRESS_1 BY
    DASS1_1            0.698      0.017     40.867      0.000
    DASS4_1            0.720      0.016     46.417      0.000
    DASS6_1            0.823      0.011     72.850      0.000
    DASS8_1            0.799      0.013     63.603      0.000
    DASS9_1            0.806      0.012     66.536      0.000
    DASS10_1           0.637      0.019     33.945      0.000
    DASS12_1           0.747      0.015     51.085      0.000

 ANXIETY_ BY
    DASS2_1            0.657      0.020     32.617      0.000
    DASS3_1            0.685      0.020     35.149      0.000
    DASS5_1            0.765      0.015     50.444      0.000
    DASS7_1            0.762      0.014     55.393      0.000
    DASS11_1           0.822      0.012     67.940      0.000
    DASS13_1           0.785      0.014     55.995      0.000
    DASS14_1           0.774      0.015     51.994      0.000

 ANXIETY_ WITH
    STRESS_1           0.937      0.008    117.008      0.000

 Thresholds
    DASS1_1$1         -0.619      0.038    -16.410      0.000
    DASS1_1$2          0.631      0.038     16.682      0.000
    DASS1_1$3          1.459      0.053     27.652      0.000
    DASS2_1$1          0.047      0.035      1.346      0.178
    DASS2_1$2          0.964      0.042     23.083      0.000
    DASS2_1$3          1.759      0.064     27.424      0.000
    DASS3_1$1          0.190      0.035      5.380      0.000
    DASS3_1$2          1.032      0.043     24.081      0.000
    DASS3_1$3          1.714      0.062     27.590      0.000
    DASS4_1$1         -0.697      0.038    -18.137      0.000
    DASS4_1$2          0.442      0.036     12.126      0.000
    DASS4_1$3          1.239      0.047     26.396      0.000
    DASS5_1$1         -0.041      0.035     -1.178      0.239
    DASS5_1$2          0.801      0.040     20.253      0.000
    DASS5_1$3          1.425      0.052     27.542      0.000
    DASS6_1$1         -0.418      0.036    -11.516      0.000
    DASS6_1$2          0.604      0.038     16.084      0.000
    DASS6_1$3          1.282      0.048     26.745      0.000
    DASS7_1$1         -0.485      0.037    -13.232      0.000
    DASS7_1$2          0.549      0.037     14.772      0.000
    DASS7_1$3          1.363      0.050     27.258      0.000
    DASS8_1$1         -0.600      0.038    -15.975      0.000
    DASS8_1$2          0.553      0.037     14.882      0.000
    DASS8_1$3          1.305      0.049     26.907      0.000
    DASS9_1$1         -0.384      0.036    -10.628      0.000
    DASS9_1$2          0.707      0.039     18.351      0.000
    DASS9_1$3          1.409      0.051     27.478      0.000
    DASS10_1$1        -0.621      0.038    -16.465      0.000
    DASS10_1$2         0.517      0.037     14.003      0.000
    DASS10_1$3         1.378      0.050     27.336      0.000
    DASS11_1$1        -0.160      0.035     -4.540      0.000
    DASS11_1$2         0.809      0.040     20.409      0.000
    DASS11_1$3         1.500      0.054     27.750      0.000
    DASS12_1$1        -0.521      0.037    -14.113      0.000
    DASS12_1$2         0.537      0.037     14.498      0.000
    DASS12_1$3         1.274      0.048     26.678      0.000
    DASS13_1$1        -0.105      0.035     -2.972      0.003
    DASS13_1$2         0.837      0.040     20.926      0.000
    DASS13_1$3         1.470      0.053     27.684      0.000
    DASS14_1$1         0.030      0.035      0.841      0.400
    DASS14_1$2         0.952      0.042     22.888      0.000
    DASS14_1$3         1.612      0.058     27.803      0.000

 Variances
    STRESS_1           1.000      0.000    999.000    999.000
    ANXIETY_1          1.000      0.000    999.000    999.000


R-SQUARE

    Observed                                        Two-Tailed   Residual
    Variable        Estimate       S.E.  Est./S.E.    P-Value    Variance

    DASS1_1            0.488      0.024     20.433      0.000      0.512
    DASS2_1            0.432      0.026     16.308      0.000      0.568
    DASS3_1            0.470      0.027     17.575      0.000      0.530
    DASS4_1            0.518      0.022     23.208      0.000      0.482
    DASS5_1            0.585      0.023     25.222      0.000      0.415
    DASS6_1            0.677      0.019     36.425      0.000      0.323
    DASS7_1            0.581      0.021     27.697      0.000      0.419
    DASS8_1            0.639      0.020     31.801      0.000      0.361
    DASS9_1            0.650      0.020     33.268      0.000      0.350
    DASS10_1           0.406      0.024     16.972      0.000      0.594
    DASS11_1           0.675      0.020     33.970      0.000      0.325
    DASS12_1           0.558      0.022     25.542      0.000      0.442
    DASS13_1           0.616      0.022     27.997      0.000      0.384
    DASS14_1           0.598      0.023     25.997      0.000      0.402


QUALITY OF NUMERICAL RESULTS

     Condition Number for the Information Matrix              0.160E-02
       (ratio of smallest to largest eigenvalue)


MODEL MODIFICATION INDICES

Minimum M.I. value for printing the modification index    10.000

                                   M.I.     E.P.C.  Std E.P.C.  StdYX E.P.C.

ON/BY Statements

DASS3_1  ON STRESS_1 /
STRESS_1 BY DASS3_1               21.732    -0.795     -0.555       -0.555
DASS4_1  ON ANXIETY_ /
ANXIETY_ BY DASS4_1               30.404    -0.880     -0.578       -0.578
DASS7_1  ON STRESS_1 /
STRESS_1 BY DASS7_1               59.097     1.156      0.807        0.807
DASS8_1  ON ANXIETY_ /
ANXIETY_ BY DASS8_1               30.686     0.846      0.556        0.556
DASS11_1 ON STRESS_1 /
STRESS_1 BY DASS11_1              25.212     0.770      0.537        0.537
DASS13_1 ON STRESS_1 /
STRESS_1 BY DASS13_1              19.492    -0.685     -0.478       -0.478
DASS14_1 ON STRESS_1 /
STRESS_1 BY DASS14_1              16.602    -0.642     -0.448       -0.448

ON Statements

STRESS_1 ON DASS3_1               21.723    -0.047     -0.068       -0.068
STRESS_1 ON DASS4_1               30.359     0.052      0.075        0.075
STRESS_1 ON DASS7_1               59.059     0.069      0.098        0.098
STRESS_1 ON DASS8_1               30.663    -0.050     -0.072       -0.072
STRESS_1 ON DASS11_1              25.220     0.046      0.065        0.065
STRESS_1 ON DASS13_1              19.471    -0.041     -0.058       -0.058
STRESS_1 ON DASS14_1              16.598    -0.038     -0.055       -0.055
ANXIETY_ ON DASS3_1               21.720     0.047      0.072        0.072
ANXIETY_ ON DASS4_1               30.366    -0.046     -0.070       -0.070
ANXIETY_ ON DASS7_1               59.057    -0.069     -0.105       -0.105
ANXIETY_ ON DASS8_1               30.663     0.044      0.068        0.068
ANXIETY_ ON DASS11_1              25.223    -0.046     -0.070       -0.070
ANXIETY_ ON DASS13_1              19.466     0.041      0.062        0.062
ANXIETY_ ON DASS14_1              16.595     0.038      0.058        0.058
DASS1_1  ON DASS13_1              16.005    -0.075     -0.075       -0.075
DASS2_1  ON DASS3_1               67.851     0.153      0.153        0.153
DASS2_1  ON DASS11_1              13.816    -0.075     -0.075       -0.075
DASS2_1  ON DASS12_1              10.942    -0.069     -0.069       -0.069
DASS3_1  ON DASS2_1               67.848     0.153      0.153        0.153
DASS3_1  ON DASS11_1              13.913    -0.077     -0.077       -0.077
DASS3_1  ON DASS12_1              29.044    -0.117     -0.117       -0.117
DASS4_1  ON DASS6_1               31.594     0.084      0.084        0.084
DASS4_1  ON DASS10_1              17.978     0.073      0.073        0.073
DASS4_1  ON DASS13_1              25.620    -0.093     -0.093       -0.093
DASS4_1  ON DASS14_1              19.569    -0.083     -0.083       -0.083
DASS5_1  ON DASS11_1              12.728    -0.063     -0.063       -0.063
DASS6_1  ON DASS4_1               31.600     0.084      0.084        0.084
DASS7_1  ON DASS6_1               12.098     0.051      0.051        0.051
DASS7_1  ON DASS8_1               70.266     0.114      0.114        0.114
DASS7_1  ON DASS13_1              16.133    -0.072     -0.072       -0.072
DASS8_1  ON DASS7_1               66.508     0.111      0.111        0.111
DASS10_1 ON DASS4_1               17.979     0.073      0.073        0.073
DASS11_1 ON DASS2_1               13.817    -0.075     -0.075       -0.075
DASS11_1 ON DASS3_1               13.913    -0.077     -0.077       -0.077
DASS11_1 ON DASS5_1               12.730    -0.063     -0.063       -0.063
DASS11_1 ON DASS10_1              11.056     0.056      0.056        0.056
DASS11_1 ON DASS12_1              58.383     0.110      0.110        0.110
DASS12_1 ON DASS3_1               19.778    -0.097     -0.097       -0.097
DASS12_1 ON DASS11_1              52.998     0.103      0.103        0.103
DASS13_1 ON DASS1_1               19.776    -0.085     -0.085       -0.085
DASS13_1 ON DASS4_1               24.092    -0.092     -0.092       -0.092
DASS13_1 ON DASS6_1               10.860    -0.056     -0.056       -0.056
DASS13_1 ON DASS7_1               16.139    -0.072     -0.072       -0.072
DASS13_1 ON DASS14_1              30.687     0.087      0.087        0.087
DASS14_1 ON DASS4_1               17.728    -0.080     -0.080       -0.080
DASS14_1 ON DASS13_1              30.689     0.087      0.087        0.087

WITH Statements

DASS3_1  WITH STRESS_1            21.722    -0.047     -0.068       -0.093
DASS3_1  WITH ANXIETY_            21.721     0.047      0.072        0.099
DASS3_1  WITH DASS2_1             67.850     0.153      0.153        0.279
DASS4_1  WITH STRESS_1            30.360     0.052      0.075        0.108
DASS4_1  WITH ANXIETY_            30.365    -0.046     -0.070       -0.101
DASS6_1  WITH DASS4_1             31.599     0.084      0.084        0.212
DASS7_1  WITH STRESS_1            59.061     0.069      0.098        0.152
DASS7_1  WITH ANXIETY_            59.056    -0.069     -0.105       -0.162
DASS8_1  WITH STRESS_1            30.661    -0.050     -0.072       -0.120
DASS8_1  WITH ANXIETY_            30.664     0.044      0.068        0.113
DASS8_1  WITH DASS7_1             62.065     0.111      0.111        0.285
DASS10_1 WITH DASS4_1             17.982     0.073      0.073        0.137
DASS11_1 WITH STRESS_1            25.221     0.046      0.065        0.115
DASS11_1 WITH ANXIETY_            25.222    -0.046     -0.070       -0.122
DASS11_1 WITH DASS2_1             13.816    -0.075     -0.075       -0.174
DASS11_1 WITH DASS3_1             13.912    -0.077     -0.077       -0.185
DASS11_1 WITH DASS5_1             12.730    -0.063     -0.063       -0.171
DASS12_1 WITH DASS3_1             24.672    -0.113     -0.113       -0.232
DASS12_1 WITH DASS11_1            54.240     0.110      0.110        0.290
DASS13_1 WITH STRESS_1            19.470    -0.041     -0.058       -0.094
DASS13_1 WITH ANXIETY_            19.467     0.041      0.062        0.100
DASS13_1 WITH DASS1_1             16.314    -0.079     -0.079       -0.179
DASS13_1 WITH DASS4_1             20.409    -0.087     -0.087       -0.203
DASS13_1 WITH DASS7_1             16.136    -0.072     -0.072       -0.179
DASS14_1 WITH STRESS_1            16.596    -0.038     -0.055       -0.086
DASS14_1 WITH ANXIETY_            16.596     0.038      0.058        0.092
DASS14_1 WITH DASS4_1             14.762    -0.075     -0.075       -0.171
DASS14_1 WITH DASS13_1            30.690     0.087      0.087        0.221


     Beginning Time:  22:26:45
        Ending Time:  22:26:45
       Elapsed Time:  00:00:00



MUTHEN & MUTHEN
3463 Stoner Ave.
Los Angeles, CA  90066

Tel: (310) 391-9971
Fax: (310) 391-8971
Web: www.StatModel.com
Support: Support@StatModel.com

Copyright (c) 1998-2019 Muthen & Muthen
