Mplus VERSION 8.4 (Mac)
MUTHEN & MUTHEN
05/05/2023  10:38 AM

INPUT INSTRUCTIONS

  Title: Student DASS Treatment Measurement Invariance Configural Model;

  Data:
     File is ../dat_stu.txt;

  Variable:
     Names are studentid index treatment girl age_w child_grade in_ukr
     guardian_living guardian_region
     grit1_1 grit2_1 grit3_1 grit4_1 grit5_1 grit6_1 grit7_1 grit8_1
     loc1_1 loc2_1 loc3_1 loc4_1
     dass1_1 dass2_1 dass3_1 dass4_1 dass5_1 dass6_1 dass7_1 dass8_1
     dass9_1 dass10_1 dass11_1 dass12_1 dass13_1 dass14_1
     sleep1_1 sleep2_1 sleep3_1 sleep4_1 sleep5_1 sleep6_1 sleep7_1
     efficacy_1 edugoals_1 remotediff_1 timeclass_1 timehomework_1
     grit1_2 grit2_2 grit3_2 grit4_2 grit5_2 grit6_2 grit7_2 grit8_2
     loc1_2 loc2_2 loc3_2 loc4_2
     dass1_2 dass2_2 dass3_2 dass4_2 dass5_2 dass6_2 dass7_2 dass8_2
     dass9_2 dass10_2 dass11_2 dass12_2 dass13_2 dass14_2
     efficacy_2 edugoals_2 timeclass_2 timehomework_2 compmath_2 half;
     Missing are . ;

    Usevariable are
  	dass1_1 dass2_1 dass3_1 dass4_1 dass5_1 dass6_1 dass7_1 dass8_1
    dass9_1 dass10_1 dass11_1 dass12_1 dass13_1 dass14_1;

    Categorical is
  	dass1_1 dass2_1 dass3_1 dass4_1 dass5_1 dass6_1 dass7_1 dass8_1
    dass9_1 dass10_1 dass11_1 dass12_1 dass13_1 dass14_1;

    Idvariable is studentid;

    Group is treatment (1 = Treated 0 = Control);

  Analysis:
     Estimator = wlsmv;
     Parameterization = theta;


  !!! Model for Control Group !!!

  Model:
    ! Factor loadings all freely estimated
    stress_1 by
      dass1_1* dass4_1* dass6_1* dass8_1* dass9_1* dass10_1* dass12_1* (L1-L7);

    anxiety_1 by
      dass2_1* dass3_1* dass5_1* dass7_1* dass11_1* dass13_1* dass14_1* (L8-L14);

    !estimating thresholds freely
    [dass1_1$1-dass14_1$1*] (T1_1-T1_14);
    [dass1_1$2-dass14_1$2*] (T2_1-T2_14);
    [dass1_1$3-dass14_1$3*] (T3_1-T3_14);

    !constraining item residual variance to 1 for identification
    dass1_1-dass14_1@1;

    !fixing latent mean to zero for identification
    [stress_1@0];
    [anxiety_1@0];

    !fixing latent variance to one for identification
    stress_1@1;
    anxiety_1@1;

  !!! Model for Treatment Group !!!

  Model Treated:
    ! Factor loadings all freely estimated
    stress_1 by
      dass1_1* dass4_1* dass6_1* dass8_1* dass9_1* dass10_1* dass12_1*;

    anxiety_1 by
      dass2_1* dass3_1* dass5_1* dass7_1* dass11_1* dass13_1* dass14_1*;

    ! estimating thresholds freely
    [dass1_1$1-dass14_1$1*];
    [dass1_1$2-dass14_1$2*];
    [dass1_1$3-dass14_1$3*];

    ! constraining item residual variance to 1 for identification
    dass1_1-dass14_1@1;

    ! fixing latent factor mean to zero for identification
    [stress_1@0];
    [anxiety_1@0];

    ! fixing latent factor variance to one for identification
    stress_1@1;
    anxiety_1@1;

  Output: sampstat stdyx modindices(all);
  Savedata: Difftest is dass1_student_tx_inv_config.dat;



INPUT READING TERMINATED NORMALLY



Student DASS Treatment Measurement Invariance Configural Model;

SUMMARY OF ANALYSIS

Number of groups                                                 2
Number of observations
   Group CONTROL                                              1259
   Group TREATED                                              1285
   Total sample size                                          2544

Number of dependent variables                                   14
Number of independent variables                                  0
Number of continuous latent variables                            2

Observed dependent variables

  Binary and ordered categorical (ordinal)
   DASS1_1     DASS2_1     DASS3_1     DASS4_1     DASS5_1     DASS6_1
   DASS7_1     DASS8_1     DASS9_1     DASS10_1    DASS11_1    DASS12_1
   DASS13_1    DASS14_1

Continuous latent variables
   STRESS_1    ANXIETY_

Variables with special functions

  Grouping variable     TREATMEN
  ID variable           STUDENTI

Estimator                                                    WLSMV
Maximum number of iterations                                  1000
Convergence criterion                                    0.500D-04
Maximum number of steepest descent iterations                   20
Maximum number of iterations for H1                           2000
Convergence criterion for H1                             0.100D-03
Parameterization                                             THETA
Link                                                        PROBIT

Input data file(s)
  ../dat_stu.txt

Input data format  FREE


SUMMARY OF DATA

   Group CONTROL
     Number of missing data patterns             1

   Group TREATED
     Number of missing data patterns             1


COVARIANCE COVERAGE OF DATA

Minimum covariance coverage value   0.100


     PROPORTION OF DATA PRESENT FOR CONTROL


           Covariance Coverage
              DASS1_1       DASS2_1       DASS3_1       DASS4_1       DASS5_1
              ________      ________      ________      ________      ________
 DASS1_1        1.000
 DASS2_1        1.000         1.000
 DASS3_1        1.000         1.000         1.000
 DASS4_1        1.000         1.000         1.000         1.000
 DASS5_1        1.000         1.000         1.000         1.000         1.000
 DASS6_1        1.000         1.000         1.000         1.000         1.000
 DASS7_1        1.000         1.000         1.000         1.000         1.000
 DASS8_1        1.000         1.000         1.000         1.000         1.000
 DASS9_1        1.000         1.000         1.000         1.000         1.000
 DASS10_1       1.000         1.000         1.000         1.000         1.000
 DASS11_1       1.000         1.000         1.000         1.000         1.000
 DASS12_1       1.000         1.000         1.000         1.000         1.000
 DASS13_1       1.000         1.000         1.000         1.000         1.000
 DASS14_1       1.000         1.000         1.000         1.000         1.000


           Covariance Coverage
              DASS6_1       DASS7_1       DASS8_1       DASS9_1       DASS10_1
              ________      ________      ________      ________      ________
 DASS6_1        1.000
 DASS7_1        1.000         1.000
 DASS8_1        1.000         1.000         1.000
 DASS9_1        1.000         1.000         1.000         1.000
 DASS10_1       1.000         1.000         1.000         1.000         1.000
 DASS11_1       1.000         1.000         1.000         1.000         1.000
 DASS12_1       1.000         1.000         1.000         1.000         1.000
 DASS13_1       1.000         1.000         1.000         1.000         1.000
 DASS14_1       1.000         1.000         1.000         1.000         1.000


           Covariance Coverage
              DASS11_1      DASS12_1      DASS13_1      DASS14_1
              ________      ________      ________      ________
 DASS11_1       1.000
 DASS12_1       1.000         1.000
 DASS13_1       1.000         1.000         1.000
 DASS14_1       1.000         1.000         1.000         1.000


     PROPORTION OF DATA PRESENT FOR TREATED


           Covariance Coverage
              DASS1_1       DASS2_1       DASS3_1       DASS4_1       DASS5_1
              ________      ________      ________      ________      ________
 DASS1_1        1.000
 DASS2_1        1.000         1.000
 DASS3_1        1.000         1.000         1.000
 DASS4_1        1.000         1.000         1.000         1.000
 DASS5_1        1.000         1.000         1.000         1.000         1.000
 DASS6_1        1.000         1.000         1.000         1.000         1.000
 DASS7_1        1.000         1.000         1.000         1.000         1.000
 DASS8_1        1.000         1.000         1.000         1.000         1.000
 DASS9_1        1.000         1.000         1.000         1.000         1.000
 DASS10_1       1.000         1.000         1.000         1.000         1.000
 DASS11_1       1.000         1.000         1.000         1.000         1.000
 DASS12_1       1.000         1.000         1.000         1.000         1.000
 DASS13_1       1.000         1.000         1.000         1.000         1.000
 DASS14_1       1.000         1.000         1.000         1.000         1.000


           Covariance Coverage
              DASS6_1       DASS7_1       DASS8_1       DASS9_1       DASS10_1
              ________      ________      ________      ________      ________
 DASS6_1        1.000
 DASS7_1        1.000         1.000
 DASS8_1        1.000         1.000         1.000
 DASS9_1        1.000         1.000         1.000         1.000
 DASS10_1       1.000         1.000         1.000         1.000         1.000
 DASS11_1       1.000         1.000         1.000         1.000         1.000
 DASS12_1       1.000         1.000         1.000         1.000         1.000
 DASS13_1       1.000         1.000         1.000         1.000         1.000
 DASS14_1       1.000         1.000         1.000         1.000         1.000


           Covariance Coverage
              DASS11_1      DASS12_1      DASS13_1      DASS14_1
              ________      ________      ________      ________
 DASS11_1       1.000
 DASS12_1       1.000         1.000
 DASS13_1       1.000         1.000         1.000
 DASS14_1       1.000         1.000         1.000         1.000


UNIVARIATE PROPORTIONS AND COUNTS FOR CATEGORICAL VARIABLES

  Group CONTROL
    DASS1_1
      Category 1    0.278          350.000
      Category 2    0.476          599.000
      Category 3    0.188          237.000
      Category 4    0.058           73.000
    DASS2_1
      Category 1    0.532          670.000
      Category 2    0.320          403.000
      Category 3    0.109          137.000
      Category 4    0.039           49.000
    DASS3_1
      Category 1    0.583          734.000
      Category 2    0.274          345.000
      Category 3    0.106          134.000
      Category 4    0.037           46.000
    DASS4_1
      Category 1    0.244          307.000
      Category 2    0.427          538.000
      Category 3    0.218          275.000
      Category 4    0.110          139.000
    DASS5_1
      Category 1    0.494          622.000
      Category 2    0.307          386.000
      Category 3    0.131          165.000
      Category 4    0.068           86.000
    DASS6_1
      Category 1    0.351          442.000
      Category 2    0.392          493.000
      Category 3    0.164          206.000
      Category 4    0.094          118.000
    DASS7_1
      Category 1    0.320          403.000
      Category 2    0.385          485.000
      Category 3    0.214          270.000
      Category 4    0.080          101.000
    DASS8_1
      Category 1    0.290          365.000
      Category 2    0.427          538.000
      Category 3    0.193          243.000
      Category 4    0.090          113.000
    DASS9_1
      Category 1    0.373          469.000
      Category 2    0.390          491.000
      Category 3    0.155          195.000
      Category 4    0.083          104.000
    DASS10_1
      Category 1    0.273          344.000
      Category 2    0.445          560.000
      Category 3    0.205          258.000
      Category 4    0.077           97.000
    DASS11_1
      Category 1    0.450          566.000
      Category 2    0.361          454.000
      Category 3    0.137          173.000
      Category 4    0.052           66.000
    DASS12_1
      Category 1    0.310          390.000
      Category 2    0.395          497.000
      Category 3    0.195          246.000
      Category 4    0.100          126.000
    DASS13_1
      Category 1    0.465          586.000
      Category 2    0.338          425.000
      Category 3    0.134          169.000
      Category 4    0.063           79.000
    DASS14_1
      Category 1    0.527          663.000
      Category 2    0.315          396.000
      Category 3    0.105          132.000
      Category 4    0.054           68.000

  Group TREATED
    DASS1_1
      Category 1    0.266          342.000
      Category 2    0.454          584.000
      Category 3    0.191          246.000
      Category 4    0.088          113.000
    DASS2_1
      Category 1    0.528          678.000
      Category 2    0.307          394.000
      Category 3    0.121          155.000
      Category 4    0.045           58.000
    DASS3_1
      Category 1    0.582          748.000
      Category 2    0.265          341.000
      Category 3    0.109          140.000
      Category 4    0.044           56.000
    DASS4_1
      Category 1    0.244          314.000
      Category 2    0.428          550.000
      Category 3    0.214          275.000
      Category 4    0.114          146.000
    DASS5_1
      Category 1    0.494          635.000
      Category 2    0.296          380.000
      Category 3    0.126          162.000
      Category 4    0.084          108.000
    DASS6_1
      Category 1    0.328          421.000
      Category 2    0.385          495.000
      Category 3    0.182          234.000
      Category 4    0.105          135.000
    DASS7_1
      Category 1    0.311          400.000
      Category 2    0.417          536.000
      Category 3    0.181          233.000
      Category 4    0.090          116.000
    DASS8_1
      Category 1    0.273          351.000
      Category 2    0.439          564.000
      Category 3    0.197          253.000
      Category 4    0.091          117.000
    DASS9_1
      Category 1    0.342          439.000
      Category 2    0.401          515.000
      Category 3    0.179          230.000
      Category 4    0.079          101.000
    DASS10_1
      Category 1    0.270          347.000
      Category 2    0.436          560.000
      Category 3    0.192          247.000
      Category 4    0.102          131.000
    DASS11_1
      Category 1    0.440          565.000
      Category 2    0.353          453.000
      Category 3    0.142          183.000
      Category 4    0.065           84.000
    DASS12_1
      Category 1    0.303          389.000
      Category 2    0.416          535.000
      Category 3    0.183          235.000
      Category 4    0.098          126.000
    DASS13_1
      Category 1    0.475          610.000
      Category 2    0.329          423.000
      Category 3    0.118          152.000
      Category 4    0.078          100.000
    DASS14_1
      Category 1    0.521          670.000
      Category 2    0.312          401.000
      Category 3    0.108          139.000
      Category 4    0.058           75.000


SAMPLE STATISTICS


     ESTIMATED SAMPLE STATISTICS FOR CONTROL


           MEANS/INTERCEPTS/THRESHOLDS
              DASS1_1$      DASS1_1$      DASS1_1$      DASS2_1$      DASS2_1$
              ________      ________      ________      ________      ________
               -0.589         0.686         1.572         0.081         1.046


           MEANS/INTERCEPTS/THRESHOLDS
              DASS2_1$      DASS3_1$      DASS3_1$      DASS3_1$      DASS4_1$
              ________      ________      ________      ________      ________
                1.763         0.210         1.067         1.792        -0.694


           MEANS/INTERCEPTS/THRESHOLDS
              DASS4_1$      DASS4_1$      DASS5_1$      DASS5_1$      DASS5_1$
              ________      ________      ________      ________      ________
                0.443         1.224        -0.015         0.844         1.489


           MEANS/INTERCEPTS/THRESHOLDS
              DASS6_1$      DASS6_1$      DASS6_1$      DASS7_1$      DASS7_1$
              ________      ________      ________      ________      ________
               -0.382         0.652         1.318        -0.467         0.540


           MEANS/INTERCEPTS/THRESHOLDS
              DASS7_1$      DASS8_1$      DASS8_1$      DASS8_1$      DASS9_1$
              ________      ________      ________      ________      ________
                1.404        -0.554         0.575         1.342        -0.325


           MEANS/INTERCEPTS/THRESHOLDS
              DASS9_1$      DASS9_1$      DASS10_1      DASS10_1      DASS10_1
              ________      ________      ________      ________      ________
                0.714         1.388        -0.603         0.577         1.425


           MEANS/INTERCEPTS/THRESHOLDS
              DASS11_1      DASS11_1      DASS11_1      DASS12_1      DASS12_1
              ________      ________      ________      ________      ________
               -0.127         0.879         1.622        -0.497         0.537


           MEANS/INTERCEPTS/THRESHOLDS
              DASS12_1      DASS13_1      DASS13_1      DASS13_1      DASS14_1
              ________      ________      ________      ________      ________
                1.281        -0.087         0.852         1.532         0.067


           MEANS/INTERCEPTS/THRESHOLDS
              DASS14_1      DASS14_1
              ________      ________
                0.999         1.607


           CORRELATION MATRIX (WITH VARIANCES ON THE DIAGONAL)
              DASS1_1       DASS2_1       DASS3_1       DASS4_1       DASS5_1
              ________      ________      ________      ________      ________
 DASS1_1
 DASS2_1        0.432
 DASS3_1        0.427         0.544
 DASS4_1        0.566         0.472         0.456
 DASS5_1        0.513         0.544         0.532         0.514
 DASS6_1        0.547         0.510         0.521         0.643         0.582
 DASS7_1        0.526         0.457         0.490         0.512         0.541
 DASS8_1        0.527         0.457         0.499         0.533         0.521
 DASS9_1        0.581         0.450         0.509         0.573         0.569
 DASS10_1       0.425         0.371         0.357         0.494         0.406
 DASS11_1       0.546         0.481         0.496         0.555         0.571
 DASS12_1       0.484         0.419         0.389         0.556         0.510
 DASS13_1       0.412         0.460         0.576         0.479         0.593
 DASS14_1       0.479         0.479         0.553         0.455         0.575


           CORRELATION MATRIX (WITH VARIANCES ON THE DIAGONAL)
              DASS6_1       DASS7_1       DASS8_1       DASS9_1       DASS10_1
              ________      ________      ________      ________      ________
 DASS7_1        0.613
 DASS8_1        0.615         0.645
 DASS9_1        0.656         0.578         0.627
 DASS10_1       0.483         0.473         0.459         0.487
 DASS11_1       0.582         0.608         0.662         0.652         0.499
 DASS12_1       0.581         0.530         0.574         0.557         0.441
 DASS13_1       0.547         0.510         0.557         0.591         0.399
 DASS14_1       0.517         0.531         0.546         0.555         0.377


           CORRELATION MATRIX (WITH VARIANCES ON THE DIAGONAL)
              DASS11_1      DASS12_1      DASS13_1      DASS14_1
              ________      ________      ________      ________
 DASS12_1       0.653
 DASS13_1       0.613         0.546
 DASS14_1       0.602         0.526         0.639


     ESTIMATED SAMPLE STATISTICS FOR TREATED


           MEANS/INTERCEPTS/THRESHOLDS
              DASS1_1$      DASS1_1$      DASS1_1$      DASS2_1$      DASS2_1$
              ________      ________      ________      ________      ________
               -0.625         0.585         1.354         0.069         0.971


           MEANS/INTERCEPTS/THRESHOLDS
              DASS2_1$      DASS3_1$      DASS3_1$      DASS3_1$      DASS4_1$
              ________      ________      ________      ________      ________
                1.694         0.207         1.026         1.711        -0.692


           MEANS/INTERCEPTS/THRESHOLDS
              DASS4_1$      DASS4_1$      DASS5_1$      DASS5_1$      DASS5_1$
              ________      ________      ________      ________      ________
                0.446         1.208        -0.015         0.806         1.378


           MEANS/INTERCEPTS/THRESHOLDS
              DASS6_1$      DASS6_1$      DASS6_1$      DASS7_1$      DASS7_1$
              ________      ________      ________      ________      ________
               -0.446         0.562         1.253        -0.492         0.608


           MEANS/INTERCEPTS/THRESHOLDS
              DASS7_1$      DASS8_1$      DASS8_1$      DASS8_1$      DASS9_1$
              ________      ________      ________      ________      ________
                1.339        -0.603         0.559         1.334        -0.408


           MEANS/INTERCEPTS/THRESHOLDS
              DASS9_1$      DASS9_1$      DASS10_1      DASS10_1      DASS10_1
              ________      ________      ________      ________      ________
                0.651         1.415        -0.613         0.541         1.271


           MEANS/INTERCEPTS/THRESHOLDS
              DASS11_1      DASS11_1      DASS11_1      DASS12_1      DASS12_1
              ________      ________      ________      ________      ________
               -0.152         0.814         1.511        -0.517         0.580


           MEANS/INTERCEPTS/THRESHOLDS
              DASS12_1      DASS13_1      DASS13_1      DASS13_1      DASS14_1
              ________      ________      ________      ________      ________
                1.293        -0.063         0.856         1.420         0.054


           MEANS/INTERCEPTS/THRESHOLDS
              DASS14_1      DASS14_1
              ________      ________
                0.968         1.569


           CORRELATION MATRIX (WITH VARIANCES ON THE DIAGONAL)
              DASS1_1       DASS2_1       DASS3_1       DASS4_1       DASS5_1
              ________      ________      ________      ________      ________
 DASS1_1
 DASS2_1        0.472
 DASS3_1        0.438         0.561
 DASS4_1        0.546         0.452         0.482
 DASS5_1        0.490         0.533         0.582         0.516
 DASS6_1        0.598         0.505         0.495         0.686         0.611
 DASS7_1        0.537         0.441         0.489         0.549         0.519
 DASS8_1        0.553         0.434         0.476         0.573         0.575
 DASS9_1        0.607         0.495         0.472         0.555         0.564
 DASS10_1       0.423         0.391         0.391         0.546         0.425
 DASS11_1       0.539         0.460         0.492         0.556         0.575
 DASS12_1       0.510         0.403         0.431         0.599         0.478
 DASS13_1       0.454         0.530         0.583         0.451         0.641
 DASS14_1       0.489         0.515         0.576         0.491         0.555


           CORRELATION MATRIX (WITH VARIANCES ON THE DIAGONAL)
              DASS6_1       DASS7_1       DASS8_1       DASS9_1       DASS10_1
              ________      ________      ________      ________      ________
 DASS7_1        0.633
 DASS8_1        0.649         0.662
 DASS9_1        0.683         0.615         0.648
 DASS10_1       0.550         0.456         0.449         0.552
 DASS11_1       0.594         0.615         0.632         0.645         0.499
 DASS12_1       0.560         0.528         0.592         0.569         0.463
 DASS13_1       0.567         0.544         0.567         0.598         0.490
 DASS14_1       0.576         0.534         0.550         0.603         0.452


           CORRELATION MATRIX (WITH VARIANCES ON THE DIAGONAL)
              DASS11_1      DASS12_1      DASS13_1      DASS14_1
              ________      ________      ________      ________
 DASS12_1       0.664
 DASS13_1       0.624         0.547
 DASS14_1       0.667         0.562         0.693


THE MODEL ESTIMATION TERMINATED NORMALLY



MODEL FIT INFORMATION

Number of Free Parameters                      114

Chi-Square Test of Model Fit

          Value                           1079.877*
          Degrees of Freedom                   152
          P-Value                           0.0000

Chi-Square Contribution From Each Group

          CONTROL                          444.608
          TREATED                          635.269

*   The chi-square value for MLM, MLMV, MLR, ULSMV, WLSM and WLSMV cannot be used
    for chi-square difference testing in the regular way.  MLM, MLR and WLSM
    chi-square difference testing is described on the Mplus website.  MLMV, WLSMV,
    and ULSMV difference testing is done using the DIFFTEST option.

RMSEA (Root Mean Square Error Of Approximation)

          Estimate                           0.069
          90 Percent C.I.                    0.065  0.073
          Probability RMSEA <= .05           0.000

CFI/TLI

          CFI                                0.976
          TLI                                0.971

Chi-Square Test of Model Fit for the Baseline Model

          Value                          38988.134
          Degrees of Freedom                   182
          P-Value                           0.0000

SRMR (Standardized Root Mean Square Residual)

          Value                              0.031

Optimum Function Value for Weighted Least-Squares Estimator

          Value                     0.10916800D+00



MODEL RESULTS

                                                    Two-Tailed
                    Estimate       S.E.  Est./S.E.    P-Value

Group CONTROL

 STRESS_1 BY
    DASS1_1            0.969      0.046     21.015      0.000
    DASS4_1            1.084      0.048     22.699      0.000
    DASS6_1            1.346      0.060     22.390      0.000
    DASS8_1            1.281      0.058     22.132      0.000
    DASS9_1            1.342      0.059     22.557      0.000
    DASS10_1           0.760      0.039     19.376      0.000
    DASS12_1           1.088      0.049     22.257      0.000

 ANXIETY_ BY
    DASS2_1            0.849      0.046     18.557      0.000
    DASS3_1            0.934      0.051     18.256      0.000
    DASS5_1            1.126      0.055     20.582      0.000
    DASS7_1            1.178      0.053     22.370      0.000
    DASS11_1           1.456      0.068     21.532      0.000
    DASS13_1           1.141      0.053     21.383      0.000
    DASS14_1           1.098      0.053     20.545      0.000

 ANXIETY_ WITH
    STRESS_1           0.949      0.007    130.428      0.000

 Means
    STRESS_1           0.000      0.000    999.000    999.000
    ANXIETY_1          0.000      0.000    999.000    999.000

 Thresholds
    DASS1_1$1         -0.820      0.052    -15.774      0.000
    DASS1_1$2          0.956      0.055     17.415      0.000
    DASS1_1$3          2.189      0.080     27.326      0.000
    DASS2_1$1          0.106      0.047      2.271      0.023
    DASS2_1$2          1.373      0.059     23.362      0.000
    DASS2_1$3          2.314      0.084     27.493      0.000
    DASS3_1$1          0.287      0.050      5.757      0.000
    DASS3_1$2          1.460      0.064     22.921      0.000
    DASS3_1$3          2.453      0.092     26.587      0.000
    DASS4_1$1         -1.024      0.056    -18.196      0.000
    DASS4_1$2          0.654      0.054     12.035      0.000
    DASS4_1$3          1.806      0.068     26.729      0.000
    DASS5_1$1         -0.022      0.053     -0.423      0.672
    DASS5_1$2          1.271      0.064     19.965      0.000
    DASS5_1$3          2.241      0.081     27.773      0.000
    DASS6_1$1         -0.641      0.060    -10.689      0.000
    DASS6_1$2          1.092      0.066     16.570      0.000
    DASS6_1$3          2.210      0.082     26.932      0.000
    DASS7_1$1         -0.722      0.056    -12.928      0.000
    DASS7_1$2          0.834      0.058     14.324      0.000
    DASS7_1$3          2.169      0.078     27.662      0.000
    DASS8_1$1         -0.900      0.060    -14.892      0.000
    DASS8_1$2          0.934      0.063     14.939      0.000
    DASS8_1$3          2.182      0.081     26.773      0.000
    DASS9_1$1         -0.544      0.059     -9.211      0.000
    DASS9_1$2          1.195      0.067     17.845      0.000
    DASS9_1$3          2.322      0.084     27.715      0.000
    DASS10_1$1        -0.757      0.047    -16.064      0.000
    DASS10_1$2         0.725      0.047     15.287      0.000
    DASS10_1$3         1.790      0.064     28.013      0.000
    DASS11_1$1        -0.224      0.061     -3.648      0.000
    DASS11_1$2         1.552      0.078     19.997      0.000
    DASS11_1$3         2.864      0.102     28.112      0.000
    DASS12_1$1        -0.734      0.054    -13.686      0.000
    DASS12_1$2         0.794      0.056     14.276      0.000
    DASS12_1$3         1.893      0.070     27.190      0.000
    DASS13_1$1        -0.132      0.053     -2.471      0.013
    DASS13_1$2         1.293      0.064     20.303      0.000
    DASS13_1$3         2.325      0.083     28.100      0.000
    DASS14_1$1         0.099      0.053      1.875      0.061
    DASS14_1$2         1.484      0.066     22.319      0.000
    DASS14_1$3         2.386      0.083     28.782      0.000

 Variances
    STRESS_1           1.000      0.000    999.000    999.000
    ANXIETY_1          1.000      0.000    999.000    999.000

 Residual Variances
    DASS1_1            1.000      0.000    999.000    999.000
    DASS2_1            1.000      0.000    999.000    999.000
    DASS3_1            1.000      0.000    999.000    999.000
    DASS4_1            1.000      0.000    999.000    999.000
    DASS5_1            1.000      0.000    999.000    999.000
    DASS6_1            1.000      0.000    999.000    999.000
    DASS7_1            1.000      0.000    999.000    999.000
    DASS8_1            1.000      0.000    999.000    999.000
    DASS9_1            1.000      0.000    999.000    999.000
    DASS10_1           1.000      0.000    999.000    999.000
    DASS11_1           1.000      0.000    999.000    999.000
    DASS12_1           1.000      0.000    999.000    999.000
    DASS13_1           1.000      0.000    999.000    999.000
    DASS14_1           1.000      0.000    999.000    999.000

Group TREATED

 STRESS_1 BY
    DASS1_1            1.000      0.047     21.468      0.000
    DASS4_1            1.142      0.049     23.246      0.000
    DASS6_1            1.498      0.063     23.648      0.000
    DASS8_1            1.316      0.055     23.716      0.000
    DASS9_1            1.411      0.061     23.038      0.000
    DASS10_1           0.839      0.041     20.585      0.000
    DASS12_1           1.106      0.050     22.218      0.000

 ANXIETY_ BY
    DASS2_1            0.858      0.047     18.152      0.000
    DASS3_1            0.943      0.051     18.556      0.000
    DASS5_1            1.144      0.055     20.725      0.000
    DASS7_1            1.219      0.051     23.810      0.000
    DASS11_1           1.428      0.065     22.028      0.000
    DASS13_1           1.260      0.060     21.162      0.000
    DASS14_1           1.256      0.059     21.172      0.000

 ANXIETY_ WITH
    STRESS_1           0.933      0.008    118.248      0.000

 Means
    STRESS_1           0.000      0.000    999.000    999.000
    ANXIETY_1          0.000      0.000    999.000    999.000

 Thresholds
    DASS1_1$1         -0.883      0.053    -16.814      0.000
    DASS1_1$2          0.827      0.054     15.287      0.000
    DASS1_1$3          1.915      0.071     26.908      0.000
    DASS2_1$1          0.091      0.046      1.972      0.049
    DASS2_1$2          1.279      0.058     22.169      0.000
    DASS2_1$3          2.232      0.081     27.501      0.000
    DASS3_1$1          0.285      0.050      5.754      0.000
    DASS3_1$2          1.410      0.062     22.784      0.000
    DASS3_1$3          2.352      0.086     27.243      0.000
    DASS4_1$1         -1.051      0.057    -18.320      0.000
    DASS4_1$2          0.678      0.055     12.293      0.000
    DASS4_1$3          1.833      0.069     26.402      0.000
    DASS5_1$1         -0.022      0.053     -0.419      0.675
    DASS5_1$2          1.225      0.063     19.438      0.000
    DASS5_1$3          2.095      0.078     27.010      0.000
    DASS6_1$1         -0.804      0.064    -12.633      0.000
    DASS6_1$2          1.012      0.068     14.837      0.000
    DASS6_1$3          2.258      0.081     27.890      0.000
    DASS7_1$1         -0.776      0.056    -13.965      0.000
    DASS7_1$2          0.959      0.060     16.025      0.000
    DASS7_1$3          2.111      0.074     28.358      0.000
    DASS8_1$1         -0.997      0.061    -16.466      0.000
    DASS8_1$2          0.925      0.062     14.797      0.000
    DASS8_1$3          2.205      0.079     27.817      0.000
    DASS9_1$1         -0.706      0.061    -11.644      0.000
    DASS9_1$2          1.125      0.068     16.533      0.000
    DASS9_1$3          2.446      0.088     27.660      0.000
    DASS10_1$1        -0.800      0.049    -16.421      0.000
    DASS10_1$2         0.707      0.048     14.587      0.000
    DASS10_1$3         1.659      0.060     27.442      0.000
    DASS11_1$1        -0.265      0.060     -4.422      0.000
    DASS11_1$2         1.419      0.073     19.342      0.000
    DASS11_1$3         2.635      0.092     28.515      0.000
    DASS12_1$1        -0.770      0.054    -14.243      0.000
    DASS12_1$2         0.865      0.056     15.418      0.000
    DASS12_1$3         1.928      0.070     27.616      0.000
    DASS13_1$1        -0.102      0.056     -1.825      0.068
    DASS13_1$2         1.377      0.068     20.143      0.000
    DASS13_1$3         2.284      0.083     27.389      0.000
    DASS14_1$1         0.086      0.057      1.522      0.128
    DASS14_1$2         1.554      0.072     21.558      0.000
    DASS14_1$3         2.519      0.090     27.947      0.000

 Variances
    STRESS_1           1.000      0.000    999.000    999.000
    ANXIETY_1          1.000      0.000    999.000    999.000

 Residual Variances
    DASS1_1            1.000      0.000    999.000    999.000
    DASS2_1            1.000      0.000    999.000    999.000
    DASS3_1            1.000      0.000    999.000    999.000
    DASS4_1            1.000      0.000    999.000    999.000
    DASS5_1            1.000      0.000    999.000    999.000
    DASS6_1            1.000      0.000    999.000    999.000
    DASS7_1            1.000      0.000    999.000    999.000
    DASS8_1            1.000      0.000    999.000    999.000
    DASS9_1            1.000      0.000    999.000    999.000
    DASS10_1           1.000      0.000    999.000    999.000
    DASS11_1           1.000      0.000    999.000    999.000
    DASS12_1           1.000      0.000    999.000    999.000
    DASS13_1           1.000      0.000    999.000    999.000
    DASS14_1           1.000      0.000    999.000    999.000


STANDARDIZED MODEL RESULTS


STDYX Standardization

                                                    Two-Tailed
                    Estimate       S.E.  Est./S.E.    P-Value

Group CONTROL

 STRESS_1 BY
    DASS1_1            0.696      0.017     40.732      0.000
    DASS4_1            0.735      0.015     49.371      0.000
    DASS6_1            0.803      0.013     62.952      0.000
    DASS8_1            0.788      0.013     58.471      0.000
    DASS9_1            0.802      0.013     63.174      0.000
    DASS10_1           0.605      0.020     30.567      0.000
    DASS12_1           0.736      0.015     48.614      0.000

 ANXIETY_ BY
    DASS2_1            0.647      0.020     31.947      0.000
    DASS3_1            0.683      0.020     34.183      0.000
    DASS5_1            0.748      0.016     46.664      0.000
    DASS7_1            0.762      0.014     53.412      0.000
    DASS11_1           0.824      0.012     67.164      0.000
    DASS13_1           0.752      0.015     49.229      0.000
    DASS14_1           0.739      0.016     45.303      0.000

 ANXIETY_ WITH
    STRESS_1           0.949      0.007    130.428      0.000

 Means
    STRESS_1           0.000      0.000    999.000    999.000
    ANXIETY_1          0.000      0.000    999.000    999.000

 Thresholds
    DASS1_1$1         -0.589      0.038    -15.641      0.000
    DASS1_1$2          0.686      0.039     17.819      0.000
    DASS1_1$3          1.572      0.057     27.678      0.000
    DASS2_1$1          0.081      0.035      2.284      0.022
    DASS2_1$2          1.046      0.043     24.147      0.000
    DASS2_1$3          1.763      0.065     27.263      0.000
    DASS3_1$1          0.210      0.036      5.886      0.000
    DASS3_1$2          1.067      0.044     24.421      0.000
    DASS3_1$3          1.792      0.066     27.130      0.000
    DASS4_1$1         -0.694      0.039    -17.984      0.000
    DASS4_1$2          0.443      0.037     12.103      0.000
    DASS4_1$3          1.224      0.047     26.136      0.000
    DASS5_1$1         -0.015      0.035     -0.423      0.673
    DASS5_1$2          0.844      0.040     20.944      0.000
    DASS5_1$3          1.488      0.054     27.585      0.000
    DASS6_1$1         -0.382      0.036    -10.542      0.000
    DASS6_1$2          0.652      0.038     17.061      0.000
    DASS6_1$3          1.318      0.049     26.854      0.000
    DASS7_1$1         -0.467      0.037    -12.717      0.000
    DASS7_1$2          0.540      0.037     14.490      0.000
    DASS7_1$3          1.404      0.051     27.314      0.000
    DASS8_1$1         -0.554      0.037    -14.819      0.000
    DASS8_1$2          0.575      0.038     15.314      0.000
    DASS8_1$3          1.342      0.050     27.003      0.000
    DASS9_1$1         -0.325      0.036     -9.032      0.000
    DASS9_1$2          0.714      0.039     18.411      0.000
    DASS9_1$3          1.388      0.051     27.244      0.000
    DASS10_1$1        -0.603      0.038    -15.972      0.000
    DASS10_1$2         0.577      0.038     15.371      0.000
    DASS10_1$3         1.425      0.052     27.398      0.000
    DASS11_1$1        -0.127      0.035     -3.579      0.000
    DASS11_1$2         0.879      0.041     21.558      0.000
    DASS11_1$3         1.622      0.059     27.647      0.000
    DASS12_1$1        -0.497      0.037    -13.437      0.000
    DASS12_1$2         0.537      0.037     14.433      0.000
    DASS12_1$3         1.281      0.048     26.599      0.000
    DASS13_1$1        -0.087      0.035     -2.451      0.014
    DASS13_1$2         0.852      0.040     21.097      0.000
    DASS13_1$3         1.532      0.055     27.653      0.000
    DASS14_1$1         0.067      0.035      1.888      0.059
    DASS14_1$2         0.999      0.043     23.486      0.000
    DASS14_1$3         1.607      0.058     27.663      0.000

 Variances
    STRESS_1           1.000      0.000    999.000    999.000
    ANXIETY_1          1.000      0.000    999.000    999.000

 Residual Variances
    DASS1_1            0.516      0.024     21.707      0.000
    DASS2_1            0.581      0.026     22.137      0.000
    DASS3_1            0.534      0.027     19.591      0.000
    DASS4_1            0.460      0.022     21.008      0.000
    DASS5_1            0.441      0.024     18.412      0.000
    DASS6_1            0.356      0.020     17.375      0.000
    DASS7_1            0.419      0.022     19.245      0.000
    DASS8_1            0.379      0.021     17.806      0.000
    DASS9_1            0.357      0.020     17.542      0.000
    DASS10_1           0.634      0.024     26.462      0.000
    DASS11_1           0.321      0.020     15.846      0.000
    DASS12_1           0.458      0.022     20.526      0.000
    DASS13_1           0.434      0.023     18.901      0.000
    DASS14_1           0.454      0.024     18.798      0.000

Group TREATED

 STRESS_1 BY
    DASS1_1            0.707      0.016     42.953      0.000
    DASS4_1            0.752      0.014     53.582      0.000
    DASS6_1            0.832      0.011     76.743      0.000
    DASS8_1            0.796      0.012     64.778      0.000
    DASS9_1            0.816      0.012     68.899      0.000
    DASS10_1           0.643      0.018     35.080      0.000
    DASS12_1           0.742      0.015     49.420      0.000

 ANXIETY_ BY
    DASS2_1            0.651      0.021     31.505      0.000
    DASS3_1            0.686      0.020     35.075      0.000
    DASS5_1            0.753      0.016     47.863      0.000
    DASS7_1            0.773      0.013     59.189      0.000
    DASS11_1           0.819      0.012     66.958      0.000
    DASS13_1           0.783      0.014     54.785      0.000
    DASS14_1           0.782      0.014     54.593      0.000

 ANXIETY_ WITH
    STRESS_1           0.933      0.008    118.248      0.000

 Means
    STRESS_1           0.000      0.000    999.000    999.000
    ANXIETY_1          0.000      0.000    999.000    999.000

 Thresholds
    DASS1_1$1         -0.624      0.038    -16.627      0.000
    DASS1_1$2          0.585      0.037     15.706      0.000
    DASS1_1$3          1.354      0.049     27.347      0.000
    DASS2_1$1          0.069      0.035      1.982      0.047
    DASS2_1$2          0.971      0.042     23.306      0.000
    DASS2_1$3          1.694      0.061     27.793      0.000
    DASS3_1$1          0.207      0.035      5.882      0.000
    DASS3_1$2          1.026      0.043     24.111      0.000
    DASS3_1$3          1.710      0.062     27.741      0.000
    DASS4_1$1         -0.692      0.038    -18.133      0.000
    DASS4_1$2          0.446      0.036     12.313      0.000
    DASS4_1$3          1.208      0.046     26.249      0.000
    DASS5_1$1         -0.015      0.035     -0.418      0.676
    DASS5_1$2          0.806      0.039     20.448      0.000
    DASS5_1$3          1.378      0.050     27.479      0.000
    DASS6_1$1         -0.446      0.036    -12.312      0.000
    DASS6_1$2          0.562      0.037     15.161      0.000
    DASS6_1$3          1.253      0.047     26.652      0.000
    DASS7_1$1         -0.492      0.037    -13.469      0.000
    DASS7_1$2          0.608      0.037     16.251      0.000
    DASS7_1$3          1.339      0.049     27.263      0.000
    DASS8_1$1         -0.603      0.037    -16.141      0.000
    DASS8_1$2          0.559      0.037     15.109      0.000
    DASS8_1$3          1.334      0.049     27.232      0.000
    DASS9_1$1         -0.408      0.036    -11.320      0.000
    DASS9_1$2          0.651      0.038     17.218      0.000
    DASS9_1$3          1.415      0.051     27.641      0.000
    DASS10_1$1        -0.613      0.037    -16.354      0.000
    DASS10_1$2         0.541      0.037     14.671      0.000
    DASS10_1$3         1.271      0.047     26.790      0.000
    DASS11_1$1        -0.152      0.035     -4.323      0.000
    DASS11_1$2         0.814      0.040     20.601      0.000
    DASS11_1$3         1.512      0.054     27.918      0.000
    DASS12_1$1        -0.517      0.037    -14.072      0.000
    DASS12_1$2         0.580      0.037     15.600      0.000
    DASS12_1$3         1.293      0.048     26.959      0.000
    DASS13_1$1        -0.063      0.035     -1.813      0.070
    DASS13_1$2         0.856      0.040     21.369      0.000
    DASS13_1$3         1.420      0.051     27.660      0.000
    DASS14_1$1         0.054      0.035      1.534      0.125
    DASS14_1$2         0.968      0.042     23.256      0.000
    DASS14_1$3         1.569      0.056     27.963      0.000

 Variances
    STRESS_1           1.000      0.000    999.000    999.000
    ANXIETY_1          1.000      0.000    999.000    999.000

 Residual Variances
    DASS1_1            0.500      0.023     21.460      0.000
    DASS2_1            0.576      0.027     21.413      0.000
    DASS3_1            0.529      0.027     19.701      0.000
    DASS4_1            0.434      0.021     20.530      0.000
    DASS5_1            0.433      0.024     18.277      0.000
    DASS6_1            0.308      0.018     17.091      0.000
    DASS7_1            0.402      0.020     19.917      0.000
    DASS8_1            0.366      0.020     18.707      0.000
    DASS9_1            0.334      0.019     17.306      0.000
    DASS10_1           0.587      0.024     24.910      0.000
    DASS11_1           0.329      0.020     16.414      0.000
    DASS12_1           0.450      0.022     20.183      0.000
    DASS13_1           0.386      0.022     17.241      0.000
    DASS14_1           0.388      0.022     17.292      0.000


R-SQUARE

Group CONTROL

    Observed                                        Two-Tailed     Scale
    Variable        Estimate       S.E.  Est./S.E.    P-Value     Factors

    DASS1_1            0.484      0.024     20.366      0.000      0.718
    DASS2_1            0.419      0.026     15.973      0.000      0.762
    DASS3_1            0.466      0.027     17.091      0.000      0.731
    DASS4_1            0.540      0.022     24.685      0.000      0.678
    DASS5_1            0.559      0.024     23.332      0.000      0.664
    DASS6_1            0.644      0.020     31.476      0.000      0.596
    DASS7_1            0.581      0.022     26.706      0.000      0.647
    DASS8_1            0.621      0.021     29.236      0.000      0.615
    DASS9_1            0.643      0.020     31.587      0.000      0.598
    DASS10_1           0.366      0.024     15.284      0.000      0.796
    DASS11_1           0.679      0.020     33.582      0.000      0.566
    DASS12_1           0.542      0.022     24.307      0.000      0.677
    DASS13_1           0.566      0.023     24.614      0.000      0.659
    DASS14_1           0.546      0.024     22.651      0.000      0.673

Group TREATED

    Observed                                        Two-Tailed     Scale
    Variable        Estimate       S.E.  Est./S.E.    P-Value     Factors

    DASS1_1            0.500      0.023     21.477      0.000      0.707
    DASS2_1            0.424      0.027     15.753      0.000      0.759
    DASS3_1            0.471      0.027     17.538      0.000      0.727
    DASS4_1            0.566      0.021     26.791      0.000      0.659
    DASS5_1            0.567      0.024     23.932      0.000      0.658
    DASS6_1            0.692      0.018     38.372      0.000      0.555
    DASS7_1            0.598      0.020     29.594      0.000      0.634
    DASS8_1            0.634      0.020     32.389      0.000      0.605
    DASS9_1            0.666      0.019     34.450      0.000      0.578
    DASS10_1           0.413      0.024     17.540      0.000      0.766
    DASS11_1           0.671      0.020     33.479      0.000      0.574
    DASS12_1           0.550      0.022     24.710      0.000      0.671
    DASS13_1           0.614      0.022     27.392      0.000      0.622
    DASS14_1           0.612      0.022     27.297      0.000      0.623


QUALITY OF NUMERICAL RESULTS

     Condition Number for the Information Matrix              0.313E-02
       (ratio of smallest to largest eigenvalue)


MODEL MODIFICATION INDICES

Minimum M.I. value for printing the modification index    10.000

                                   M.I.     E.P.C.  Std E.P.C.  StdYX E.P.C.
Group CONTROL


ON/BY Statements

DASS3_1  ON STRESS_1 /
STRESS_1 BY DASS3_1               22.034    -0.970     -0.970       -0.709
DASS4_1  ON ANXIETY_ /
ANXIETY_ BY DASS4_1               24.588    -0.980     -0.980       -0.664
DASS7_1  ON STRESS_1 /
STRESS_1 BY DASS7_1               57.157     1.595      1.595        1.032
DASS8_1  ON ANXIETY_ /
ANXIETY_ BY DASS8_1               23.904     1.038      1.038        0.639
DASS11_1 ON STRESS_1 /
STRESS_1 BY DASS11_1              48.806     1.716      1.716        0.972
DASS13_1 ON STRESS_1 /
STRESS_1 BY DASS13_1              15.331    -0.835     -0.835       -0.550
DASS14_1 ON STRESS_1 /
STRESS_1 BY DASS14_1              25.145    -1.064     -1.064       -0.717
ANXIETY_ ON STRESS_1 /
STRESS_1 BY ANXIETY_             999.000     0.000      0.000        0.000
ANXIETY_ ON ANXIETY_ /
ANXIETY_ BY ANXIETY_             999.000     0.000      0.000        0.000

ON Statements

STRESS_1 ON DASS3_1               22.096    -0.097     -0.097       -0.132
STRESS_1 ON DASS4_1               24.731     0.103      0.103        0.152
STRESS_1 ON DASS7_1               56.988     0.159      0.159        0.245
STRESS_1 ON DASS8_1               23.744    -0.109     -0.109       -0.177
STRESS_1 ON DASS11_1              48.646     0.171      0.171        0.301
STRESS_1 ON DASS13_1              15.433    -0.083     -0.083       -0.127
STRESS_1 ON DASS14_1              24.941    -0.106     -0.106       -0.157
ANXIETY_ ON DASS3_1               22.241     0.102      0.102        0.140
ANXIETY_ ON DASS4_1               24.572    -0.098     -0.098       -0.144
ANXIETY_ ON DASS7_1               56.686    -0.167     -0.167       -0.258
ANXIETY_ ON DASS8_1               23.941     0.104      0.104        0.168
ANXIETY_ ON DASS11_1              48.251    -0.179     -0.179       -0.316
ANXIETY_ ON DASS13_1              15.590     0.088      0.088        0.134
ANXIETY_ ON DASS14_1              25.096     0.112      0.112        0.166
DASS1_1  ON DASS4_1               16.399     0.137      0.137        0.146
DASS1_1  ON DASS13_1              20.642    -0.181     -0.181       -0.197
DASS2_1  ON DASS3_1               38.126     0.215      0.215        0.224
DASS2_1  ON DASS5_1               13.788     0.141      0.141        0.162
DASS3_1  ON DASS2_1               38.126     0.215      0.215        0.206
DASS3_1  ON DASS11_1              14.835    -0.191     -0.191       -0.246
DASS3_1  ON DASS12_1              25.413    -0.211     -0.211       -0.228
DASS3_1  ON DASS13_1              14.563     0.154      0.154        0.171
DASS4_1  ON DASS1_1               16.447     0.138      0.138        0.130
DASS4_1  ON DASS6_1               21.200     0.176      0.176        0.200
DASS4_1  ON DASS8_1               11.308    -0.138     -0.138       -0.152
DASS4_1  ON DASS10_1              10.254     0.107      0.107        0.091
DASS4_1  ON DASS13_1              13.179    -0.143     -0.143       -0.147
DASS4_1  ON DASS14_1              18.185    -0.173     -0.173       -0.174
DASS5_1  ON DASS2_1               13.810     0.142      0.142        0.123
DASS6_1  ON DASS4_1               21.202     0.176      0.176        0.154
DASS6_1  ON DASS11_1              11.589    -0.151     -0.151       -0.159
DASS7_1  ON DASS6_1               17.394     0.155      0.155        0.168
DASS7_1  ON DASS8_1               59.135     0.263      0.263        0.276
DASS7_1  ON DASS13_1              16.322    -0.179     -0.179       -0.176
DASS8_1  ON DASS4_1               11.311    -0.138     -0.138       -0.125
DASS8_1  ON DASS7_1               50.054     0.242      0.242        0.231
DASS8_1  ON DASS11_1              24.386     0.185      0.185        0.201
DASS10_1 ON DASS4_1               10.240     0.107      0.107        0.126
DASS11_1 ON DASS3_1               14.836    -0.191     -0.191       -0.148
DASS11_1 ON DASS8_1               28.046     0.208      0.208        0.191
DASS11_1 ON DASS9_1               12.529     0.151      0.151        0.143
DASS11_1 ON DASS12_1              56.006     0.281      0.281        0.235
DASS12_1 ON DASS3_1               12.193    -0.149     -0.149       -0.138
DASS12_1 ON DASS11_1              43.468     0.229      0.229        0.273
DASS13_1 ON DASS1_1               26.057    -0.211     -0.211       -0.193
DASS13_1 ON DASS3_1               14.570     0.154      0.154        0.139
DASS13_1 ON DASS4_1               11.227    -0.134     -0.134       -0.130
DASS13_1 ON DASS7_1               16.318    -0.179     -0.179       -0.182
DASS13_1 ON DASS14_1              39.938     0.239      0.239        0.234
DASS14_1 ON DASS4_1               17.901    -0.174     -0.174       -0.172
DASS14_1 ON DASS6_1               15.142    -0.165     -0.165       -0.187
DASS14_1 ON DASS13_1              39.849     0.239      0.239        0.244

WITH Statements

DASS3_1  WITH STRESS_1            22.134    -0.097     -0.097       -0.097
DASS3_1  WITH ANXIETY_            22.145     0.102      0.102        0.102
DASS3_1  WITH DASS2_1             38.106     0.215      0.215        0.215
DASS4_1  WITH STRESS_1            24.685     0.103      0.103        0.103
DASS4_1  WITH ANXIETY_            24.675    -0.098     -0.098       -0.098
DASS4_1  WITH DASS1_1             16.434     0.138      0.138        0.138
DASS5_1  WITH DASS2_1             13.773     0.141      0.141        0.141
DASS6_1  WITH DASS4_1             21.178     0.176      0.176        0.176
DASS7_1  WITH STRESS_1            56.909     0.159      0.159        0.159
DASS7_1  WITH ANXIETY_            56.882    -0.167     -0.167       -0.167
DASS8_1  WITH STRESS_1            23.802    -0.109     -0.109       -0.109
DASS8_1  WITH ANXIETY_            23.812     0.103      0.103        0.103
DASS8_1  WITH DASS4_1             11.325    -0.138     -0.138       -0.138
DASS8_1  WITH DASS7_1             44.330     0.247      0.247        0.247
DASS10_1 WITH DASS4_1             10.247     0.107      0.107        0.107
DASS11_1 WITH STRESS_1            48.541     0.171      0.171        0.171
DASS11_1 WITH ANXIETY_            48.511    -0.180     -0.180       -0.180
DASS11_1 WITH DASS3_1             14.865    -0.191     -0.191       -0.191
DASS11_1 WITH DASS6_1             10.872    -0.169     -0.169       -0.169
DASS11_1 WITH DASS8_1             17.530     0.178      0.178        0.178
DASS12_1 WITH DASS3_1             18.875    -0.197     -0.197       -0.197
DASS12_1 WITH DASS11_1            44.642     0.265      0.265        0.265
DASS13_1 WITH STRESS_1            15.474    -0.084     -0.084       -0.084
DASS13_1 WITH ANXIETY_            15.489     0.088      0.088        0.088
DASS13_1 WITH DASS1_1             21.413    -0.202     -0.202       -0.202
DASS13_1 WITH DASS3_1             14.544     0.154      0.154        0.154
DASS13_1 WITH DASS7_1             16.355    -0.179     -0.179       -0.179
DASS14_1 WITH STRESS_1            24.990    -0.106     -0.106       -0.106
DASS14_1 WITH ANXIETY_            24.973     0.111      0.111        0.111
DASS14_1 WITH DASS4_1             11.726    -0.151     -0.151       -0.151
DASS14_1 WITH DASS13_1            39.891     0.239      0.239        0.239

Group TREATED


ON/BY Statements

DASS3_1  ON STRESS_1 /
STRESS_1 BY DASS3_1               33.844    -0.897     -0.897       -0.652
DASS4_1  ON ANXIETY_ /
ANXIETY_ BY DASS4_1               35.886    -0.909     -0.909       -0.599
DASS7_1  ON STRESS_1 /
STRESS_1 BY DASS7_1              128.342     1.812      1.812        1.149
DASS8_1  ON ANXIETY_ /
ANXIETY_ BY DASS8_1               22.074     0.752      0.752        0.455
DASS11_1 ON STRESS_1 /
STRESS_1 BY DASS11_1              34.861     1.051      1.051        0.603
DASS12_1 ON ANXIETY_ /
ANXIETY_ BY DASS12_1              13.450     0.537      0.537        0.360
DASS13_1 ON STRESS_1 /
STRESS_1 BY DASS13_1              43.673    -1.122     -1.122       -0.697
DASS14_1 ON STRESS_1 /
STRESS_1 BY DASS14_1              22.357    -0.820     -0.820       -0.510

ON Statements

STRESS_1 ON DASS3_1               33.931    -0.117     -0.117       -0.160
STRESS_1 ON DASS4_1               35.942     0.127      0.127        0.192
STRESS_1 ON DASS7_1              128.500     0.236      0.236        0.371
STRESS_1 ON DASS8_1               22.043    -0.105     -0.105       -0.173
STRESS_1 ON DASS11_1              35.114     0.137      0.137        0.239
STRESS_1 ON DASS12_1              13.326    -0.074     -0.074       -0.111
STRESS_1 ON DASS13_1              43.622    -0.146     -0.146       -0.234
STRESS_1 ON DASS14_1              22.294    -0.106     -0.106       -0.171
ANXIETY_ ON DASS3_1               33.924     0.125      0.125        0.172
ANXIETY_ ON DASS4_1               35.956    -0.118     -0.118       -0.180
ANXIETY_ ON DASS7_1              128.575    -0.253     -0.253       -0.398
ANXIETY_ ON DASS8_1               22.027     0.098      0.098        0.161
ANXIETY_ ON DASS11_1              35.186    -0.147     -0.147       -0.256
ANXIETY_ ON DASS12_1              13.330     0.069      0.069        0.104
ANXIETY_ ON DASS13_1              43.581     0.156      0.156        0.251
ANXIETY_ ON DASS14_1              22.261     0.114      0.114        0.183
DASS1_1  ON DASS13_1              13.012    -0.144     -0.144       -0.164
DASS2_1  ON DASS3_1               46.536     0.239      0.239        0.249
DASS2_1  ON DASS7_1               11.896    -0.147     -0.147       -0.175
DASS2_1  ON DASS11_1              18.140    -0.201     -0.201       -0.266
DASS3_1  ON DASS2_1               46.573     0.239      0.239        0.229
DASS3_1  ON DASS5_1               20.607     0.188      0.188        0.208
DASS3_1  ON DASS6_1               16.048    -0.163     -0.163       -0.213
DASS3_1  ON DASS8_1               12.395    -0.138     -0.138       -0.166
DASS3_1  ON DASS9_1               18.460    -0.172     -0.172       -0.216
DASS3_1  ON DASS11_1              15.607    -0.193     -0.193       -0.245
DASS3_1  ON DASS12_1              14.644    -0.156     -0.156       -0.169
DASS4_1  ON DASS6_1               46.899     0.291      0.291        0.345
DASS4_1  ON DASS9_1               19.444    -0.198     -0.198       -0.226
DASS4_1  ON DASS10_1              25.000     0.180      0.180        0.155
DASS4_1  ON DASS11_1              10.263    -0.121     -0.121       -0.139
DASS4_1  ON DASS12_1              12.149     0.134      0.134        0.131
DASS4_1  ON DASS13_1              48.823    -0.280     -0.280       -0.297
DASS4_1  ON DASS14_1              26.951    -0.217     -0.217       -0.230
DASS5_1  ON DASS3_1               20.585     0.188      0.188        0.170
DASS5_1  ON DASS7_1               15.771    -0.177     -0.177       -0.183
DASS5_1  ON DASS13_1              18.546     0.187      0.187        0.198
DASS6_1  ON DASS4_1               46.903     0.291      0.291        0.245
DASS6_1  ON DASS11_1              13.109    -0.163     -0.163       -0.157
DASS6_1  ON DASS12_1              19.535    -0.203     -0.203       -0.168
DASS6_1  ON DASS13_1              11.535    -0.156     -0.156       -0.140
DASS7_1  ON DASS1_1               20.426     0.164      0.164        0.147
DASS7_1  ON DASS2_1               11.895    -0.147     -0.147       -0.122
DASS7_1  ON DASS4_1               12.584     0.135      0.135        0.130
DASS7_1  ON DASS5_1               15.791    -0.177     -0.177       -0.170
DASS7_1  ON DASS6_1               44.333     0.251      0.251        0.287
DASS7_1  ON DASS8_1              132.521     0.390      0.390        0.409
DASS7_1  ON DASS9_1               34.983     0.230      0.230        0.252
DASS7_1  ON DASS13_1              20.494    -0.217     -0.217       -0.222
DASS7_1  ON DASS14_1              20.383    -0.217     -0.217       -0.221
DASS8_1  ON DASS7_1               92.184     0.326      0.326        0.311
DASS8_1  ON DASS10_1              18.678    -0.171     -0.171       -0.135
DASS8_1  ON DASS11_1              10.281     0.114      0.114        0.121
DASS9_1  ON DASS4_1               19.498    -0.198     -0.198       -0.174
DASS10_1 ON DASS4_1               24.995     0.180      0.180        0.209
DASS10_1 ON DASS8_1               18.679    -0.171     -0.171       -0.217
DASS11_1 ON DASS2_1               18.164    -0.201     -0.201       -0.152
DASS11_1 ON DASS3_1               15.682    -0.194     -0.194       -0.153
DASS11_1 ON DASS8_1               11.795     0.129      0.129        0.122
DASS11_1 ON DASS9_1               12.591     0.145      0.145        0.144
DASS11_1 ON DASS12_1              92.031     0.347      0.347        0.297
DASS12_1 ON DASS4_1               12.174     0.134      0.134        0.136
DASS12_1 ON DASS6_1               19.489    -0.202     -0.202       -0.245
DASS12_1 ON DASS11_1              75.272     0.284      0.284        0.333
DASS13_1 ON DASS1_1               26.848    -0.224     -0.224       -0.197
DASS13_1 ON DASS4_1               50.369    -0.298     -0.298       -0.281
DASS13_1 ON DASS5_1               18.536     0.187      0.187        0.176
DASS13_1 ON DASS6_1               24.923    -0.218     -0.218       -0.244
DASS13_1 ON DASS7_1               20.481    -0.217     -0.217       -0.213
DASS13_1 ON DASS14_1              65.733     0.356      0.356        0.355
DASS14_1 ON DASS4_1               21.441    -0.203     -0.203       -0.192
DASS14_1 ON DASS6_1               13.516    -0.167     -0.167       -0.187
DASS14_1 ON DASS7_1               20.379    -0.217     -0.217       -0.213
DASS14_1 ON DASS8_1               11.014    -0.140     -0.140       -0.144
DASS14_1 ON DASS13_1              65.718     0.356      0.356        0.357

WITH Statements

DASS3_1  WITH STRESS_1            33.951    -0.117     -0.117       -0.117
DASS3_1  WITH ANXIETY_            33.967     0.125      0.125        0.125
DASS3_1  WITH DASS2_1             46.547     0.239      0.239        0.239
DASS4_1  WITH STRESS_1            35.914     0.127      0.127        0.127
DASS4_1  WITH ANXIETY_            35.910    -0.118     -0.118       -0.118
DASS5_1  WITH DASS3_1             20.579     0.188      0.188        0.188
DASS6_1  WITH DASS4_1             46.886     0.290      0.290        0.290
DASS7_1  WITH STRESS_1           128.447     0.236      0.236        0.236
DASS7_1  WITH ANXIETY_           128.463    -0.253     -0.253       -0.253
DASS7_1  WITH DASS2_1             11.887    -0.147     -0.147       -0.147
DASS7_1  WITH DASS5_1             15.778    -0.177     -0.177       -0.177
DASS8_1  WITH STRESS_1            22.070    -0.105     -0.105       -0.105
DASS8_1  WITH ANXIETY_            22.071     0.098      0.098        0.098
DASS8_1  WITH DASS7_1             89.574     0.363      0.363        0.363
DASS9_1  WITH DASS4_1             19.452    -0.198     -0.198       -0.198
DASS10_1 WITH DASS4_1             24.996     0.180      0.180        0.180
DASS10_1 WITH DASS8_1             18.678    -0.171     -0.171       -0.171
DASS11_1 WITH STRESS_1            35.078     0.137      0.137        0.137
DASS11_1 WITH ANXIETY_            35.110    -0.147     -0.147       -0.147
DASS11_1 WITH DASS2_1             18.126    -0.201     -0.201       -0.201
DASS11_1 WITH DASS3_1             15.642    -0.193     -0.193       -0.193
DASS11_1 WITH DASS6_1             10.775    -0.177     -0.177       -0.177
DASS12_1 WITH STRESS_1            13.342    -0.075     -0.075       -0.075
DASS12_1 WITH ANXIETY_            13.356     0.070      0.070        0.070
DASS12_1 WITH DASS4_1             12.145     0.134      0.134        0.134
DASS12_1 WITH DASS6_1             19.546    -0.203     -0.203       -0.203
DASS12_1 WITH DASS11_1            80.627     0.352      0.352        0.352
DASS13_1 WITH STRESS_1            43.656    -0.146     -0.146       -0.146
DASS13_1 WITH ANXIETY_            43.653     0.156      0.156        0.156
DASS13_1 WITH DASS1_1             14.586    -0.180     -0.180       -0.180
DASS13_1 WITH DASS4_1             34.231    -0.275     -0.275       -0.275
DASS13_1 WITH DASS5_1             18.539     0.187      0.187        0.187
DASS13_1 WITH DASS7_1             20.477    -0.217     -0.217       -0.217
DASS14_1 WITH STRESS_1            22.318    -0.106     -0.106       -0.106
DASS14_1 WITH ANXIETY_            22.313     0.114      0.114        0.114
DASS14_1 WITH DASS4_1             13.426    -0.180     -0.180       -0.180
DASS14_1 WITH DASS7_1             20.366    -0.217     -0.217       -0.217
DASS14_1 WITH DASS13_1            65.741     0.356      0.356        0.356



SAVEDATA INFORMATION


  Difference testing

  Save file
    dass1_student_tx_inv_config.dat
  Save format      Free

     Beginning Time:  10:38:33
        Ending Time:  10:38:34
       Elapsed Time:  00:00:01



MUTHEN & MUTHEN
3463 Stoner Ave.
Los Angeles, CA  90066

Tel: (310) 391-9971
Fax: (310) 391-8971
Web: www.StatModel.com
Support: Support@StatModel.com

Copyright (c) 1998-2019 Muthen & Muthen
