Mplus VERSION 8.4 (Mac)
MUTHEN & MUTHEN
05/05/2023  10:55 AM

INPUT INSTRUCTIONS

  Title: Student DASS Age Measurement Invariance Configural Model;

  Data:
     File is ../dat_stu.txt;

  Variable:
     Names are studentid index treatment girl age_w child_grade in_ukr
     guardian_living guardian_region
     grit1_1 grit2_1 grit3_1 grit4_1 grit5_1 grit6_1 grit7_1 grit8_1
     loc1_1 loc2_1 loc3_1 loc4_1
     dass1_1 dass2_1 dass3_1 dass4_1 dass5_1 dass6_1 dass7_1 dass8_1
     dass9_1 dass10_1 dass11_1 dass12_1 dass13_1 dass14_1
     sleep1_1 sleep2_1 sleep3_1 sleep4_1 sleep5_1 sleep6_1 sleep7_1
     efficacy_1 edugoals_1 remotediff_1 timeclass_1 timehomework_1
     grit1_2 grit2_2 grit3_2 grit4_2 grit5_2 grit6_2 grit7_2 grit8_2
     loc1_2 loc2_2 loc3_2 loc4_2
     dass1_2 dass2_2 dass3_2 dass4_2 dass5_2 dass6_2 dass7_2 dass8_2
     dass9_2 dass10_2 dass11_2 dass12_2 dass13_2 dass14_2
     efficacy_2 edugoals_2 timeclass_2 timehomework_2 compmath_2 half;
     Missing are . ;

    Usevariable are
  	dass1_1 dass2_1 dass3_1 dass4_1 dass5_1 dass6_1 dass7_1 dass8_1
    dass9_1 dass10_1 dass11_1 dass12_1 dass13_1 dass14_1 age_c;

    Categorical is
  	dass1_1 dass2_1 dass3_1 dass4_1 dass5_1 dass6_1 dass7_1 dass8_1
    dass9_1 dass10_1 dass11_1 dass12_1 dass13_1 dass14_1;

    Idvariable is studentid;

    Group is age_c (1 = Older 0 = Younger);

  Define:
  	age_c = 0;
  	if(age_w ge 13) then age_c = 1;

  Analysis:
     Estimator = wlsmv;
     Parameterization = theta;


  !!! Model for Younger Students !!!

  Model:
    ! Factor loadings all freely estimated
    stress_1 by
      dass1_1* dass4_1* dass6_1* dass8_1* dass9_1* dass10_1* dass12_1* (L1-L7);

    anxiety_1 by
      dass2_1* dass3_1* dass5_1* dass7_1* dass11_1* dass13_1* dass14_1* (L8-L14);

    !estimating thresholds freely
    [dass1_1$1-dass14_1$1*] (T1_1-T1_14);
    [dass1_1$2-dass14_1$2*] (T2_1-T2_14);
    [dass1_1$3-dass14_1$3*] (T3_1-T3_14);

    !constraining item residual variance to 1 for identification
    dass1_1-dass14_1@1;

    !fixing latent mean to zero for identification
    [stress_1@0];
    [anxiety_1@0];

    !fixing latent variance to one for identification
    stress_1@1;
    anxiety_1@1;

  !!! Model for Older Students !!!

  Model Older:
    ! Factor loadings all freely estimated
    stress_1 by
      dass1_1* dass4_1* dass6_1* dass8_1* dass9_1* dass10_1* dass12_1*;

    anxiety_1 by
      dass2_1* dass3_1* dass5_1* dass7_1* dass11_1* dass13_1* dass14_1*;

    ! estimating thresholds freely
    [dass1_1$1-dass14_1$1*];
    [dass1_1$2-dass14_1$2*];
    [dass1_1$3-dass14_1$3*];

    ! constraining item residual variance to 1 for identification
    dass1_1-dass14_1@1;

    ! fixing latent factor mean to zero for identification
    [stress_1@0];
    [anxiety_1@0];

    ! fixing latent factor variance to one for identification
    stress_1@1;
    anxiety_1@1;

  Output: sampstat stdyx modindices(all);
  Savedata: Difftest is dass1_student_age_inv_config.dat;



INPUT READING TERMINATED NORMALLY



Student DASS Age Measurement Invariance Configural Model;

SUMMARY OF ANALYSIS

Number of groups                                                 2
Number of observations
   Group YOUNGER                                              1280
   Group OLDER                                                1264
   Total sample size                                          2544

Number of dependent variables                                   14
Number of independent variables                                  0
Number of continuous latent variables                            2

Observed dependent variables

  Binary and ordered categorical (ordinal)
   DASS1_1     DASS2_1     DASS3_1     DASS4_1     DASS5_1     DASS6_1
   DASS7_1     DASS8_1     DASS9_1     DASS10_1    DASS11_1    DASS12_1
   DASS13_1    DASS14_1

Continuous latent variables
   STRESS_1    ANXIETY_

Variables with special functions

  Grouping variable     AGE_C
  ID variable           STUDENTI

Estimator                                                    WLSMV
Maximum number of iterations                                  1000
Convergence criterion                                    0.500D-04
Maximum number of steepest descent iterations                   20
Maximum number of iterations for H1                           2000
Convergence criterion for H1                             0.100D-03
Parameterization                                             THETA
Link                                                        PROBIT

Input data file(s)
  ../dat_stu.txt

Input data format  FREE


SUMMARY OF DATA

   Group YOUNGER
     Number of missing data patterns             1

   Group OLDER
     Number of missing data patterns             1


COVARIANCE COVERAGE OF DATA

Minimum covariance coverage value   0.100


     PROPORTION OF DATA PRESENT FOR YOUNGER


           Covariance Coverage
              DASS1_1       DASS2_1       DASS3_1       DASS4_1       DASS5_1
              ________      ________      ________      ________      ________
 DASS1_1        1.000
 DASS2_1        1.000         1.000
 DASS3_1        1.000         1.000         1.000
 DASS4_1        1.000         1.000         1.000         1.000
 DASS5_1        1.000         1.000         1.000         1.000         1.000
 DASS6_1        1.000         1.000         1.000         1.000         1.000
 DASS7_1        1.000         1.000         1.000         1.000         1.000
 DASS8_1        1.000         1.000         1.000         1.000         1.000
 DASS9_1        1.000         1.000         1.000         1.000         1.000
 DASS10_1       1.000         1.000         1.000         1.000         1.000
 DASS11_1       1.000         1.000         1.000         1.000         1.000
 DASS12_1       1.000         1.000         1.000         1.000         1.000
 DASS13_1       1.000         1.000         1.000         1.000         1.000
 DASS14_1       1.000         1.000         1.000         1.000         1.000


           Covariance Coverage
              DASS6_1       DASS7_1       DASS8_1       DASS9_1       DASS10_1
              ________      ________      ________      ________      ________
 DASS6_1        1.000
 DASS7_1        1.000         1.000
 DASS8_1        1.000         1.000         1.000
 DASS9_1        1.000         1.000         1.000         1.000
 DASS10_1       1.000         1.000         1.000         1.000         1.000
 DASS11_1       1.000         1.000         1.000         1.000         1.000
 DASS12_1       1.000         1.000         1.000         1.000         1.000
 DASS13_1       1.000         1.000         1.000         1.000         1.000
 DASS14_1       1.000         1.000         1.000         1.000         1.000


           Covariance Coverage
              DASS11_1      DASS12_1      DASS13_1      DASS14_1
              ________      ________      ________      ________
 DASS11_1       1.000
 DASS12_1       1.000         1.000
 DASS13_1       1.000         1.000         1.000
 DASS14_1       1.000         1.000         1.000         1.000


     PROPORTION OF DATA PRESENT FOR OLDER


           Covariance Coverage
              DASS1_1       DASS2_1       DASS3_1       DASS4_1       DASS5_1
              ________      ________      ________      ________      ________
 DASS1_1        1.000
 DASS2_1        1.000         1.000
 DASS3_1        1.000         1.000         1.000
 DASS4_1        1.000         1.000         1.000         1.000
 DASS5_1        1.000         1.000         1.000         1.000         1.000
 DASS6_1        1.000         1.000         1.000         1.000         1.000
 DASS7_1        1.000         1.000         1.000         1.000         1.000
 DASS8_1        1.000         1.000         1.000         1.000         1.000
 DASS9_1        1.000         1.000         1.000         1.000         1.000
 DASS10_1       1.000         1.000         1.000         1.000         1.000
 DASS11_1       1.000         1.000         1.000         1.000         1.000
 DASS12_1       1.000         1.000         1.000         1.000         1.000
 DASS13_1       1.000         1.000         1.000         1.000         1.000
 DASS14_1       1.000         1.000         1.000         1.000         1.000


           Covariance Coverage
              DASS6_1       DASS7_1       DASS8_1       DASS9_1       DASS10_1
              ________      ________      ________      ________      ________
 DASS6_1        1.000
 DASS7_1        1.000         1.000
 DASS8_1        1.000         1.000         1.000
 DASS9_1        1.000         1.000         1.000         1.000
 DASS10_1       1.000         1.000         1.000         1.000         1.000
 DASS11_1       1.000         1.000         1.000         1.000         1.000
 DASS12_1       1.000         1.000         1.000         1.000         1.000
 DASS13_1       1.000         1.000         1.000         1.000         1.000
 DASS14_1       1.000         1.000         1.000         1.000         1.000


           Covariance Coverage
              DASS11_1      DASS12_1      DASS13_1      DASS14_1
              ________      ________      ________      ________
 DASS11_1       1.000
 DASS12_1       1.000         1.000
 DASS13_1       1.000         1.000         1.000
 DASS14_1       1.000         1.000         1.000         1.000


UNIVARIATE PROPORTIONS AND COUNTS FOR CATEGORICAL VARIABLES

  Group YOUNGER
    DASS1_1
      Category 1    0.255          327.000
      Category 2    0.471          603.000
      Category 3    0.192          246.000
      Category 4    0.081          104.000
    DASS2_1
      Category 1    0.545          698.000
      Category 2    0.297          380.000
      Category 3    0.120          154.000
      Category 4    0.037           48.000
    DASS3_1
      Category 1    0.617          790.000
      Category 2    0.246          315.000
      Category 3    0.103          132.000
      Category 4    0.034           43.000
    DASS4_1
      Category 1    0.224          287.000
      Category 2    0.451          577.000
      Category 3    0.219          280.000
      Category 4    0.106          136.000
    DASS5_1
      Category 1    0.527          675.000
      Category 2    0.294          376.000
      Category 3    0.109          139.000
      Category 4    0.070           90.000
    DASS6_1
      Category 1    0.345          442.000
      Category 2    0.405          519.000
      Category 3    0.164          210.000
      Category 4    0.085          109.000
    DASS7_1
      Category 1    0.328          420.000
      Category 2    0.409          524.000
      Category 3    0.191          245.000
      Category 4    0.071           91.000
    DASS8_1
      Category 1    0.273          350.000
      Category 2    0.457          585.000
      Category 3    0.186          238.000
      Category 4    0.084          107.000
    DASS9_1
      Category 1    0.348          445.000
      Category 2    0.409          524.000
      Category 3    0.165          211.000
      Category 4    0.078          100.000
    DASS10_1
      Category 1    0.263          337.000
      Category 2    0.455          583.000
      Category 3    0.195          250.000
      Category 4    0.086          110.000
    DASS11_1
      Category 1    0.420          538.000
      Category 2    0.373          478.000
      Category 3    0.147          188.000
      Category 4    0.059           76.000
    DASS12_1
      Category 1    0.279          357.000
      Category 2    0.427          546.000
      Category 3    0.201          257.000
      Category 4    0.094          120.000
    DASS13_1
      Category 1    0.491          629.000
      Category 2    0.323          413.000
      Category 3    0.120          154.000
      Category 4    0.066           84.000
    DASS14_1
      Category 1    0.516          660.000
      Category 2    0.325          416.000
      Category 3    0.106          136.000
      Category 4    0.053           68.000

  Group OLDER
    DASS1_1
      Category 1    0.289          365.000
      Category 2    0.459          580.000
      Category 3    0.188          237.000
      Category 4    0.065           82.000
    DASS2_1
      Category 1    0.514          650.000
      Category 2    0.330          417.000
      Category 3    0.109          138.000
      Category 4    0.047           59.000
    DASS3_1
      Category 1    0.547          692.000
      Category 2    0.294          371.000
      Category 3    0.112          142.000
      Category 4    0.047           59.000
    DASS4_1
      Category 1    0.264          334.000
      Category 2    0.404          511.000
      Category 3    0.214          270.000
      Category 4    0.118          149.000
    DASS5_1
      Category 1    0.460          582.000
      Category 2    0.309          390.000
      Category 3    0.149          188.000
      Category 4    0.082          104.000
    DASS6_1
      Category 1    0.333          421.000
      Category 2    0.371          469.000
      Category 3    0.182          230.000
      Category 4    0.114          144.000
    DASS7_1
      Category 1    0.303          383.000
      Category 2    0.393          497.000
      Category 3    0.204          258.000
      Category 4    0.100          126.000
    DASS8_1
      Category 1    0.290          366.000
      Category 2    0.409          517.000
      Category 3    0.204          258.000
      Category 4    0.097          123.000
    DASS9_1
      Category 1    0.366          463.000
      Category 2    0.381          482.000
      Category 3    0.169          214.000
      Category 4    0.083          105.000
    DASS10_1
      Category 1    0.280          354.000
      Category 2    0.425          537.000
      Category 3    0.202          255.000
      Category 4    0.093          118.000
    DASS11_1
      Category 1    0.469          593.000
      Category 2    0.339          429.000
      Category 3    0.133          168.000
      Category 4    0.059           74.000
    DASS12_1
      Category 1    0.334          422.000
      Category 2    0.384          486.000
      Category 3    0.177          224.000
      Category 4    0.104          132.000
    DASS13_1
      Category 1    0.449          567.000
      Category 2    0.344          435.000
      Category 3    0.132          167.000
      Category 4    0.075           95.000
    DASS14_1
      Category 1    0.532          673.000
      Category 2    0.301          381.000
      Category 3    0.107          135.000
      Category 4    0.059           75.000


SAMPLE STATISTICS


     ESTIMATED SAMPLE STATISTICS FOR YOUNGER


           MEANS/INTERCEPTS/THRESHOLDS
              DASS1_1$      DASS1_1$      DASS1_1$      DASS2_1$      DASS2_1$
              ________      ________      ________      ________      ________
               -0.657         0.602         1.397         0.114         1.003


           MEANS/INTERCEPTS/THRESHOLDS
              DASS2_1$      DASS3_1$      DASS3_1$      DASS3_1$      DASS4_1$
              ________      ________      ________      ________      ________
                1.780         0.298         1.095         1.830        -0.758


           MEANS/INTERCEPTS/THRESHOLDS
              DASS4_1$      DASS4_1$      DASS5_1$      DASS5_1$      DASS5_1$
              ________      ________      ________      ________      ________
                0.454         1.247         0.069         0.920         1.473


           MEANS/INTERCEPTS/THRESHOLDS
              DASS6_1$      DASS6_1$      DASS6_1$      DASS7_1$      DASS7_1$
              ________      ________      ________      ________      ________
               -0.398         0.677         1.371        -0.445         0.636


           MEANS/INTERCEPTS/THRESHOLDS
              DASS7_1$      DASS8_1$      DASS8_1$      DASS8_1$      DASS9_1$
              ________      ________      ________      ________      ________
                1.468        -0.602         0.614         1.381        -0.392


           MEANS/INTERCEPTS/THRESHOLDS
              DASS9_1$      DASS9_1$      DASS10_1      DASS10_1      DASS10_1
              ________      ________      ________      ________      ________
                0.697         1.418        -0.633         0.579         1.366


           MEANS/INTERCEPTS/THRESHOLDS
              DASS11_1      DASS11_1      DASS11_1      DASS12_1      DASS12_1
              ________      ________      ________      ________      ________
               -0.201         0.820         1.560        -0.586         0.540


           MEANS/INTERCEPTS/THRESHOLDS
              DASS12_1      DASS13_1      DASS13_1      DASS13_1      DASS14_1
              ________      ________      ________      ________      ________
                1.318        -0.022         0.893         1.509         0.039


           MEANS/INTERCEPTS/THRESHOLDS
              DASS14_1      DASS14_1
              ________      ________
                0.997         1.615


           CORRELATION MATRIX (WITH VARIANCES ON THE DIAGONAL)
              DASS1_1       DASS2_1       DASS3_1       DASS4_1       DASS5_1
              ________      ________      ________      ________      ________
 DASS1_1
 DASS2_1        0.436
 DASS3_1        0.430         0.543
 DASS4_1        0.568         0.456         0.460
 DASS5_1        0.495         0.540         0.573         0.483
 DASS6_1        0.577         0.523         0.522         0.657         0.574
 DASS7_1        0.491         0.430         0.484         0.496         0.513
 DASS8_1        0.511         0.442         0.510         0.539         0.525
 DASS9_1        0.601         0.463         0.447         0.569         0.578
 DASS10_1       0.405         0.365         0.375         0.523         0.423
 DASS11_1       0.547         0.448         0.488         0.561         0.573
 DASS12_1       0.474         0.405         0.402         0.556         0.481
 DASS13_1       0.450         0.502         0.528         0.423         0.624
 DASS14_1       0.478         0.478         0.532         0.461         0.542


           CORRELATION MATRIX (WITH VARIANCES ON THE DIAGONAL)
              DASS6_1       DASS7_1       DASS8_1       DASS9_1       DASS10_1
              ________      ________      ________      ________      ________
 DASS7_1        0.596
 DASS8_1        0.615         0.657
 DASS9_1        0.675         0.556         0.637
 DASS10_1       0.539         0.453         0.465         0.504
 DASS11_1       0.594         0.596         0.628         0.660         0.488
 DASS12_1       0.563         0.499         0.560         0.555         0.460
 DASS13_1       0.564         0.525         0.553         0.617         0.443
 DASS14_1       0.566         0.529         0.536         0.579         0.439


           CORRELATION MATRIX (WITH VARIANCES ON THE DIAGONAL)
              DASS11_1      DASS12_1      DASS13_1      DASS14_1
              ________      ________      ________      ________
 DASS12_1       0.646
 DASS13_1       0.625         0.554
 DASS14_1       0.629         0.565         0.701


     ESTIMATED SAMPLE STATISTICS FOR OLDER


           MEANS/INTERCEPTS/THRESHOLDS
              DASS1_1$      DASS1_1$      DASS1_1$      DASS2_1$      DASS2_1$
              ________      ________      ________      ________      ________
               -0.557         0.667         1.515         0.036         1.012


           MEANS/INTERCEPTS/THRESHOLDS
              DASS2_1$      DASS3_1$      DASS3_1$      DASS3_1$      DASS4_1$
              ________      ________      ________      ________      ________
                1.678         0.119         0.998         1.678        -0.630


           MEANS/INTERCEPTS/THRESHOLDS
              DASS4_1$      DASS4_1$      DASS5_1$      DASS5_1$      DASS5_1$
              ________      ________      ________      ________      ________
                0.436         1.186        -0.099         0.736         1.390


           MEANS/INTERCEPTS/THRESHOLDS
              DASS6_1$      DASS6_1$      DASS6_1$      DASS7_1$      DASS7_1$
              ________      ________      ________      ________      ________
               -0.431         0.536         1.206        -0.516         0.514


           MEANS/INTERCEPTS/THRESHOLDS
              DASS7_1$      DASS8_1$      DASS8_1$      DASS8_1$      DASS9_1$
              ________      ________      ________      ________      ________
                1.283        -0.555         0.520         1.297        -0.342


           MEANS/INTERCEPTS/THRESHOLDS
              DASS9_1$      DASS9_1$      DASS10_1      DASS10_1      DASS10_1
              ________      ________      ________      ________      ________
                0.667         1.385        -0.583         0.539         1.320


           MEANS/INTERCEPTS/THRESHOLDS
              DASS11_1      DASS11_1      DASS11_1      DASS12_1      DASS12_1
              ________      ________      ________      ________      ________
               -0.077         0.873         1.567        -0.429         0.578


           MEANS/INTERCEPTS/THRESHOLDS
              DASS12_1      DASS13_1      DASS13_1      DASS13_1      DASS14_1
              ________      ________      ________      ________      ________
                1.257        -0.129         0.816         1.438         0.081


           MEANS/INTERCEPTS/THRESHOLDS
              DASS14_1      DASS14_1
              ________      ________
                0.970         1.560


           CORRELATION MATRIX (WITH VARIANCES ON THE DIAGONAL)
              DASS1_1       DASS2_1       DASS3_1       DASS4_1       DASS5_1
              ________      ________      ________      ________      ________
 DASS1_1
 DASS2_1        0.474
 DASS3_1        0.445         0.560
 DASS4_1        0.541         0.468         0.482
 DASS5_1        0.518         0.538         0.539         0.550
 DASS6_1        0.580         0.492         0.491         0.674         0.616
 DASS7_1        0.577         0.464         0.491         0.566         0.543
 DASS8_1        0.570         0.450         0.470         0.567         0.571
 DASS9_1        0.589         0.484         0.532         0.560         0.559
 DASS10_1       0.445         0.398         0.376         0.518         0.411
 DASS11_1       0.536         0.497         0.511         0.550         0.586
 DASS12_1       0.518         0.420         0.426         0.597         0.514
 DASS13_1       0.423         0.490         0.624         0.506         0.609
 DASS14_1       0.491         0.518         0.600         0.485         0.591


           CORRELATION MATRIX (WITH VARIANCES ON THE DIAGONAL)
              DASS6_1       DASS7_1       DASS8_1       DASS9_1       DASS10_1
              ________      ________      ________      ________      ________
 DASS7_1        0.645
 DASS8_1        0.648         0.651
 DASS9_1        0.667         0.636         0.639
 DASS10_1       0.499         0.475         0.443         0.535
 DASS11_1       0.590         0.634         0.668         0.638         0.512
 DASS12_1       0.581         0.561         0.605         0.570         0.446
 DASS13_1       0.549         0.527         0.570         0.574         0.451
 DASS14_1       0.532         0.537         0.561         0.579         0.395


           CORRELATION MATRIX (WITH VARIANCES ON THE DIAGONAL)
              DASS11_1      DASS12_1      DASS13_1      DASS14_1
              ________      ________      ________      ________
 DASS12_1       0.669
 DASS13_1       0.618         0.546
 DASS14_1       0.644         0.525         0.635


THE MODEL ESTIMATION TERMINATED NORMALLY



MODEL FIT INFORMATION

Number of Free Parameters                      114

Chi-Square Test of Model Fit

          Value                           1121.060*
          Degrees of Freedom                   152
          P-Value                           0.0000

Chi-Square Contribution From Each Group

          YOUNGER                          591.009
          OLDER                            530.051

*   The chi-square value for MLM, MLMV, MLR, ULSMV, WLSM and WLSMV cannot be used
    for chi-square difference testing in the regular way.  MLM, MLR and WLSM
    chi-square difference testing is described on the Mplus website.  MLMV, WLSMV,
    and ULSMV difference testing is done using the DIFFTEST option.

RMSEA (Root Mean Square Error Of Approximation)

          Estimate                           0.071
          90 Percent C.I.                    0.067  0.075
          Probability RMSEA <= .05           0.000

CFI/TLI

          CFI                                0.975
          TLI                                0.970

Chi-Square Test of Model Fit for the Baseline Model

          Value                          39054.523
          Degrees of Freedom                   182
          P-Value                           0.0000

SRMR (Standardized Root Mean Square Residual)

          Value                              0.031

Optimum Function Value for Weighted Least-Squares Estimator

          Value                     0.11340037D+00



MODEL RESULTS

                                                    Two-Tailed
                    Estimate       S.E.  Est./S.E.    P-Value

Group YOUNGER

 STRESS_1 BY
    DASS1_1            0.970      0.045     21.572      0.000
    DASS4_1            1.079      0.047     23.053      0.000
    DASS6_1            1.432      0.062     23.057      0.000
    DASS8_1            1.258      0.054     23.266      0.000
    DASS9_1            1.393      0.059     23.672      0.000
    DASS10_1           0.809      0.040     20.344      0.000
    DASS12_1           1.068      0.049     21.969      0.000

 ANXIETY_ BY
    DASS2_1            0.836      0.046     18.069      0.000
    DASS3_1            0.911      0.051     17.796      0.000
    DASS5_1            1.112      0.056     19.986      0.000
    DASS7_1            1.118      0.049     22.915      0.000
    DASS11_1           1.438      0.066     21.678      0.000
    DASS13_1           1.244      0.058     21.521      0.000
    DASS14_1           1.205      0.056     21.400      0.000

 ANXIETY_ WITH
    STRESS_1           0.938      0.008    114.794      0.000

 Means
    STRESS_1           0.000      0.000    999.000    999.000
    ANXIETY_1          0.000      0.000    999.000    999.000

 Thresholds
    DASS1_1$1         -0.916      0.052    -17.533      0.000
    DASS1_1$2          0.839      0.053     15.744      0.000
    DASS1_1$3          1.946      0.071     27.300      0.000
    DASS2_1$1          0.148      0.046      3.216      0.001
    DASS2_1$2          1.308      0.058     22.684      0.000
    DASS2_1$3          2.321      0.084     27.571      0.000
    DASS3_1$1          0.403      0.050      8.093      0.000
    DASS3_1$2          1.482      0.064     23.315      0.000
    DASS3_1$3          2.476      0.092     26.832      0.000
    DASS4_1$1         -1.115      0.057    -19.628      0.000
    DASS4_1$2          0.667      0.054     12.393      0.000
    DASS4_1$3          1.834      0.069     26.767      0.000
    DASS5_1$1          0.103      0.053      1.943      0.052
    DASS5_1$2          1.375      0.065     21.125      0.000
    DASS5_1$3          2.204      0.080     27.430      0.000
    DASS6_1$1         -0.695      0.062    -11.302      0.000
    DASS6_1$2          1.182      0.069     17.043      0.000
    DASS6_1$3          2.396      0.088     27.278      0.000
    DASS7_1$1         -0.668      0.053    -12.597      0.000
    DASS7_1$2          0.954      0.058     16.566      0.000
    DASS7_1$3          2.202      0.077     28.446      0.000
    DASS8_1$1         -0.968      0.059    -16.326      0.000
    DASS8_1$2          0.987      0.062     15.915      0.000
    DASS8_1$3          2.220      0.080     27.747      0.000
    DASS9_1$1         -0.672      0.060    -11.189      0.000
    DASS9_1$2          1.195      0.068     17.611      0.000
    DASS9_1$3          2.432      0.087     28.007      0.000
    DASS10_1$1        -0.815      0.048    -16.873      0.000
    DASS10_1$2         0.745      0.048     15.439      0.000
    DASS10_1$3         1.758      0.063     28.005      0.000
    DASS11_1$1        -0.352      0.060     -5.838      0.000
    DASS11_1$2         1.435      0.075     19.239      0.000
    DASS11_1$3         2.732      0.094     29.153      0.000
    DASS12_1$1        -0.857      0.054    -15.847      0.000
    DASS12_1$2         0.790      0.055     14.379      0.000
    DASS12_1$3         1.928      0.071     27.316      0.000
    DASS13_1$1        -0.034      0.056     -0.616      0.538
    DASS13_1$2         1.425      0.068     20.872      0.000
    DASS13_1$3         2.409      0.084     28.591      0.000
    DASS14_1$1         0.061      0.055      1.113      0.266
    DASS14_1$2         1.561      0.071     22.085      0.000
    DASS14_1$3         2.530      0.089     28.579      0.000

 Variances
    STRESS_1           1.000      0.000    999.000    999.000
    ANXIETY_1          1.000      0.000    999.000    999.000

 Residual Variances
    DASS1_1            1.000      0.000    999.000    999.000
    DASS2_1            1.000      0.000    999.000    999.000
    DASS3_1            1.000      0.000    999.000    999.000
    DASS4_1            1.000      0.000    999.000    999.000
    DASS5_1            1.000      0.000    999.000    999.000
    DASS6_1            1.000      0.000    999.000    999.000
    DASS7_1            1.000      0.000    999.000    999.000
    DASS8_1            1.000      0.000    999.000    999.000
    DASS9_1            1.000      0.000    999.000    999.000
    DASS10_1           1.000      0.000    999.000    999.000
    DASS11_1           1.000      0.000    999.000    999.000
    DASS12_1           1.000      0.000    999.000    999.000
    DASS13_1           1.000      0.000    999.000    999.000
    DASS14_1           1.000      0.000    999.000    999.000

Group OLDER

 STRESS_1 BY
    DASS1_1            1.010      0.048     20.927      0.000
    DASS4_1            1.148      0.050     22.814      0.000
    DASS6_1            1.413      0.062     22.742      0.000
    DASS8_1            1.335      0.059     22.656      0.000
    DASS9_1            1.364      0.062     22.044      0.000
    DASS10_1           0.791      0.040     19.700      0.000
    DASS12_1           1.132      0.050     22.446      0.000

 ANXIETY_ BY
    DASS2_1            0.869      0.047     18.584      0.000
    DASS3_1            0.975      0.051     19.096      0.000
    DASS5_1            1.160      0.054     21.374      0.000
    DASS7_1            1.285      0.055     23.349      0.000
    DASS11_1           1.464      0.068     21.649      0.000
    DASS13_1           1.169      0.055     21.194      0.000
    DASS14_1           1.158      0.056     20.602      0.000

 ANXIETY_ WITH
    STRESS_1           0.943      0.007    132.355      0.000

 Means
    STRESS_1           0.000      0.000    999.000    999.000
    ANXIETY_1          0.000      0.000    999.000    999.000

 Thresholds
    DASS1_1$1         -0.792      0.053    -15.039      0.000
    DASS1_1$2          0.948      0.056     16.899      0.000
    DASS1_1$3          2.154      0.080     27.012      0.000
    DASS2_1$1          0.047      0.047      1.011      0.312
    DASS2_1$2          1.340      0.059     22.784      0.000
    DASS2_1$3          2.223      0.081     27.367      0.000
    DASS3_1$1          0.167      0.050      3.334      0.001
    DASS3_1$2          1.394      0.062     22.316      0.000
    DASS3_1$3          2.343      0.087     26.899      0.000
    DASS4_1$1         -0.960      0.057    -16.825      0.000
    DASS4_1$2          0.664      0.056     11.932      0.000
    DASS4_1$3          1.805      0.069     26.290      0.000
    DASS5_1$1         -0.152      0.054     -2.839      0.005
    DASS5_1$2          1.127      0.062     18.173      0.000
    DASS5_1$3          2.129      0.078     27.330      0.000
    DASS6_1$1         -0.747      0.062    -11.982      0.000
    DASS6_1$2          0.928      0.065     14.225      0.000
    DASS6_1$3          2.088      0.077     27.001      0.000
    DASS7_1$1         -0.840      0.059    -14.262      0.000
    DASS7_1$2          0.836      0.061     13.767      0.000
    DASS7_1$3          2.090      0.076     27.601      0.000
    DASS8_1$1         -0.925      0.062    -15.013      0.000
    DASS8_1$2          0.868      0.063     13.811      0.000
    DASS8_1$3          2.163      0.080     26.932      0.000
    DASS9_1$1         -0.578      0.060     -9.679      0.000
    DASS9_1$2          1.128      0.067     16.738      0.000
    DASS9_1$3          2.341      0.086     27.362      0.000
    DASS10_1$1        -0.743      0.048    -15.613      0.000
    DASS10_1$2         0.687      0.048     14.416      0.000
    DASS10_1$3         1.683      0.061     27.586      0.000
    DASS11_1$1        -0.137      0.062     -2.224      0.026
    DASS11_1$2         1.547      0.077     20.008      0.000
    DASS11_1$3         2.778      0.101     27.417      0.000
    DASS12_1$1        -0.648      0.054    -12.007      0.000
    DASS12_1$2         0.873      0.057     15.338      0.000
    DASS12_1$3         1.898      0.069     27.480      0.000
    DASS13_1$1        -0.199      0.054     -3.702      0.000
    DASS13_1$2         1.255      0.064     19.559      0.000
    DASS13_1$3         2.213      0.081     27.152      0.000
    DASS14_1$1         0.125      0.055      2.282      0.023
    DASS14_1$2         1.484      0.068     21.761      0.000
    DASS14_1$3         2.388      0.085     28.203      0.000

 Variances
    STRESS_1           1.000      0.000    999.000    999.000
    ANXIETY_1          1.000      0.000    999.000    999.000

 Residual Variances
    DASS1_1            1.000      0.000    999.000    999.000
    DASS2_1            1.000      0.000    999.000    999.000
    DASS3_1            1.000      0.000    999.000    999.000
    DASS4_1            1.000      0.000    999.000    999.000
    DASS5_1            1.000      0.000    999.000    999.000
    DASS6_1            1.000      0.000    999.000    999.000
    DASS7_1            1.000      0.000    999.000    999.000
    DASS8_1            1.000      0.000    999.000    999.000
    DASS9_1            1.000      0.000    999.000    999.000
    DASS10_1           1.000      0.000    999.000    999.000
    DASS11_1           1.000      0.000    999.000    999.000
    DASS12_1           1.000      0.000    999.000    999.000
    DASS13_1           1.000      0.000    999.000    999.000
    DASS14_1           1.000      0.000    999.000    999.000


STANDARDIZED MODEL RESULTS


STDYX Standardization

                                                    Two-Tailed
                    Estimate       S.E.  Est./S.E.    P-Value

Group YOUNGER

 STRESS_1 BY
    DASS1_1            0.696      0.017     41.870      0.000
    DASS4_1            0.733      0.015     49.870      0.000
    DASS6_1            0.820      0.012     70.359      0.000
    DASS8_1            0.783      0.013     60.078      0.000
    DASS9_1            0.812      0.012     69.629      0.000
    DASS10_1           0.629      0.019     33.671      0.000
    DASS12_1           0.730      0.016     47.005      0.000

 ANXIETY_ BY
    DASS2_1            0.641      0.021     30.702      0.000
    DASS3_1            0.674      0.021     32.575      0.000
    DASS5_1            0.744      0.017     44.710      0.000
    DASS7_1            0.745      0.014     51.574      0.000
    DASS11_1           0.821      0.012     66.491      0.000
    DASS13_1           0.779      0.014     54.843      0.000
    DASS14_1           0.770      0.015     52.487      0.000

 ANXIETY_ WITH
    STRESS_1           0.938      0.008    114.794      0.000

 Means
    STRESS_1           0.000      0.000    999.000    999.000
    ANXIETY_1          0.000      0.000    999.000    999.000

 Thresholds
    DASS1_1$1         -0.657      0.038    -17.332      0.000
    DASS1_1$2          0.602      0.037     16.089      0.000
    DASS1_1$3          1.397      0.051     27.512      0.000
    DASS2_1$1          0.114      0.035      3.244      0.001
    DASS2_1$2          1.003      0.042     23.746      0.000
    DASS2_1$3          1.780      0.065     27.412      0.000
    DASS3_1$1          0.298      0.036      8.374      0.000
    DASS3_1$2          1.095      0.044     24.979      0.000
    DASS3_1$3          1.830      0.067     27.152      0.000
    DASS4_1$1         -0.758      0.039    -19.465      0.000
    DASS4_1$2          0.454      0.036     12.474      0.000
    DASS4_1$3          1.247      0.047     26.546      0.000
    DASS5_1$1          0.069      0.035      1.956      0.050
    DASS5_1$2          0.920      0.041     22.438      0.000
    DASS5_1$3          1.473      0.053     27.779      0.000
    DASS6_1$1         -0.398      0.036    -11.038      0.000
    DASS6_1$2          0.677      0.038     17.762      0.000
    DASS6_1$3          1.371      0.050     27.390      0.000
    DASS7_1$1         -0.445      0.036    -12.254      0.000
    DASS7_1$2          0.636      0.038     16.849      0.000
    DASS7_1$3          1.468      0.053     27.764      0.000
    DASS8_1$1         -0.602      0.037    -16.090      0.000
    DASS8_1$2          0.614      0.038     16.361      0.000
    DASS8_1$3          1.381      0.050     27.436      0.000
    DASS9_1$1         -0.392      0.036    -10.872      0.000
    DASS9_1$2          0.697      0.038     18.189      0.000
    DASS9_1$3          1.418      0.051     27.601      0.000
    DASS10_1$1        -0.633      0.038    -16.792      0.000
    DASS10_1$2         0.579      0.037     15.546      0.000
    DASS10_1$3         1.366      0.050     27.360      0.000
    DASS11_1$1        -0.201      0.035     -5.699      0.000
    DASS11_1$2         0.820      0.040     20.663      0.000
    DASS11_1$3         1.560      0.056     27.907      0.000
    DASS12_1$1        -0.586      0.037    -15.710      0.000
    DASS12_1$2         0.540      0.037     14.618      0.000
    DASS12_1$3         1.318      0.049     27.079      0.000
    DASS13_1$1        -0.022      0.035     -0.615      0.539
    DASS13_1$2         0.893      0.041     21.987      0.000
    DASS13_1$3         1.509      0.054     27.853      0.000
    DASS14_1$1         0.039      0.035      1.118      0.264
    DASS14_1$2         0.997      0.042     23.650      0.000
    DASS14_1$3         1.615      0.058     27.889      0.000

 Variances
    STRESS_1           1.000      0.000    999.000    999.000
    ANXIETY_1          1.000      0.000    999.000    999.000

 Residual Variances
    DASS1_1            0.515      0.023     22.249      0.000
    DASS2_1            0.589      0.027     21.958      0.000
    DASS3_1            0.546      0.028     19.613      0.000
    DASS4_1            0.462      0.022     21.435      0.000
    DASS5_1            0.447      0.025     18.071      0.000
    DASS6_1            0.328      0.019     17.148      0.000
    DASS7_1            0.444      0.022     20.619      0.000
    DASS8_1            0.387      0.020     18.985      0.000
    DASS9_1            0.340      0.019     17.932      0.000
    DASS10_1           0.604      0.024     25.700      0.000
    DASS11_1           0.326      0.020     16.082      0.000
    DASS12_1           0.467      0.023     20.624      0.000
    DASS13_1           0.392      0.022     17.710      0.000
    DASS14_1           0.408      0.023     18.065      0.000

Group OLDER

 STRESS_1 BY
    DASS1_1            0.711      0.017     42.291      0.000
    DASS4_1            0.754      0.014     52.878      0.000
    DASS6_1            0.816      0.012     68.166      0.000
    DASS8_1            0.800      0.013     63.007      0.000
    DASS9_1            0.806      0.013     63.031      0.000
    DASS10_1           0.620      0.019     32.016      0.000
    DASS12_1           0.749      0.015     51.198      0.000

 ANXIETY_ BY
    DASS2_1            0.656      0.020     32.605      0.000
    DASS3_1            0.698      0.019     37.231      0.000
    DASS5_1            0.757      0.015     50.147      0.000
    DASS7_1            0.789      0.013     61.901      0.000
    DASS11_1           0.826      0.012     68.026      0.000
    DASS13_1           0.760      0.015     50.150      0.000
    DASS14_1           0.757      0.016     48.251      0.000

 ANXIETY_ WITH
    STRESS_1           0.943      0.007    132.355      0.000

 Means
    STRESS_1           0.000      0.000    999.000    999.000
    ANXIETY_1          0.000      0.000    999.000    999.000

 Thresholds
    DASS1_1$1         -0.557      0.037    -14.926      0.000
    DASS1_1$2          0.667      0.038     17.437      0.000
    DASS1_1$3          1.515      0.055     27.689      0.000
    DASS2_1$1          0.036      0.035      1.013      0.311
    DASS2_1$2          1.012      0.043     23.715      0.000
    DASS2_1$3          1.678      0.061     27.606      0.000
    DASS3_1$1          0.119      0.035      3.374      0.001
    DASS3_1$2          0.999      0.042     23.525      0.000
    DASS3_1$3          1.678      0.061     27.604      0.000
    DASS4_1$1         -0.630      0.038    -16.624      0.000
    DASS4_1$2          0.436      0.036     11.942      0.000
    DASS4_1$3          1.186      0.046     25.824      0.000
    DASS5_1$1         -0.099      0.035     -2.812      0.005
    DASS5_1$2          0.736      0.039     18.887      0.000
    DASS5_1$3          1.390      0.051     27.307      0.000
    DASS6_1$1         -0.431      0.036    -11.830      0.000
    DASS6_1$2          0.536      0.037     14.431      0.000
    DASS6_1$3          1.206      0.046     26.017      0.000
    DASS7_1$1         -0.516      0.037    -13.937      0.000
    DASS7_1$2          0.514      0.037     13.881      0.000
    DASS7_1$3          1.283      0.048     26.667      0.000
    DASS8_1$1         -0.555      0.037    -14.872      0.000
    DASS8_1$2          0.520      0.037     14.046      0.000
    DASS8_1$3          1.297      0.048     26.765      0.000
    DASS9_1$1         -0.342      0.036     -9.488      0.000
    DASS9_1$2          0.667      0.038     17.435      0.000
    DASS9_1$3          1.385      0.051     27.283      0.000
    DASS10_1$1        -0.583      0.038    -15.531      0.000
    DASS10_1$2         0.539      0.037     14.489      0.000
    DASS10_1$3         1.320      0.049     26.922      0.000
    DASS11_1$1        -0.077      0.035     -2.194      0.028
    DASS11_1$2         0.873      0.041     21.497      0.000
    DASS11_1$3         1.567      0.057     27.728      0.000
    DASS12_1$1        -0.429      0.036    -11.775      0.000
    DASS12_1$2         0.578      0.037     15.423      0.000
    DASS12_1$3         1.257      0.047     26.463      0.000
    DASS13_1$1        -0.129      0.035     -3.655      0.000
    DASS13_1$2         0.816      0.040     20.466      0.000
    DASS13_1$3         1.438      0.052     27.501      0.000
    DASS14_1$1         0.081      0.035      2.306      0.021
    DASS14_1$2         0.969      0.042     23.090      0.000
    DASS14_1$3         1.560      0.056     27.729      0.000

 Variances
    STRESS_1           1.000      0.000    999.000    999.000
    ANXIETY_1          1.000      0.000    999.000    999.000

 Residual Variances
    DASS1_1            0.495      0.024     20.712      0.000
    DASS2_1            0.570      0.026     21.608      0.000
    DASS3_1            0.513      0.026     19.601      0.000
    DASS4_1            0.431      0.022     20.063      0.000
    DASS5_1            0.426      0.023     18.626      0.000
    DASS6_1            0.334      0.020     17.064      0.000
    DASS7_1            0.377      0.020     18.745      0.000
    DASS8_1            0.360      0.020     17.688      0.000
    DASS9_1            0.350      0.021     16.950      0.000
    DASS10_1           0.615      0.024     25.605      0.000
    DASS11_1           0.318      0.020     15.877      0.000
    DASS12_1           0.438      0.022     19.984      0.000
    DASS13_1           0.423      0.023     18.354      0.000
    DASS14_1           0.427      0.024     17.976      0.000


R-SQUARE

Group YOUNGER

    Observed                                        Two-Tailed     Scale
    Variable        Estimate       S.E.  Est./S.E.    P-Value     Factors

    DASS1_1            0.485      0.023     20.935      0.000      0.718
    DASS2_1            0.411      0.027     15.351      0.000      0.767
    DASS3_1            0.454      0.028     16.287      0.000      0.739
    DASS4_1            0.538      0.022     24.935      0.000      0.680
    DASS5_1            0.553      0.025     22.355      0.000      0.669
    DASS6_1            0.672      0.019     35.179      0.000      0.572
    DASS7_1            0.556      0.022     25.787      0.000      0.667
    DASS8_1            0.613      0.020     30.039      0.000      0.622
    DASS9_1            0.660      0.019     34.815      0.000      0.583
    DASS10_1           0.396      0.024     16.835      0.000      0.777
    DASS11_1           0.674      0.020     33.246      0.000      0.571
    DASS12_1           0.533      0.023     23.503      0.000      0.684
    DASS13_1           0.608      0.022     27.422      0.000      0.626
    DASS14_1           0.592      0.023     26.244      0.000      0.639

Group OLDER

    Observed                                        Two-Tailed     Scale
    Variable        Estimate       S.E.  Est./S.E.    P-Value     Factors

    DASS1_1            0.505      0.024     21.146      0.000      0.703
    DASS2_1            0.430      0.026     16.302      0.000      0.755
    DASS3_1            0.487      0.026     18.616      0.000      0.716
    DASS4_1            0.569      0.022     26.439      0.000      0.657
    DASS5_1            0.574      0.023     25.074      0.000      0.653
    DASS6_1            0.666      0.020     34.083      0.000      0.578
    DASS7_1            0.623      0.020     30.950      0.000      0.614
    DASS8_1            0.640      0.020     31.503      0.000      0.600
    DASS9_1            0.650      0.021     31.516      0.000      0.591
    DASS10_1           0.385      0.024     16.008      0.000      0.784
    DASS11_1           0.682      0.020     34.013      0.000      0.564
    DASS12_1           0.562      0.022     25.599      0.000      0.662
    DASS13_1           0.577      0.023     25.075      0.000      0.650
    DASS14_1           0.573      0.024     24.126      0.000      0.653


QUALITY OF NUMERICAL RESULTS

     Condition Number for the Information Matrix              0.331E-02
       (ratio of smallest to largest eigenvalue)


MODEL MODIFICATION INDICES

Minimum M.I. value for printing the modification index    10.000

                                   M.I.     E.P.C.  Std E.P.C.  StdYX E.P.C.
Group YOUNGER


ON/BY Statements

DASS3_1  ON STRESS_1 /
STRESS_1 BY DASS3_1               13.135    -0.613     -0.613       -0.453
DASS4_1  ON ANXIETY_ /
ANXIETY_ BY DASS4_1               44.381    -1.056     -1.056       -0.718
DASS7_1  ON STRESS_1 /
STRESS_1 BY DASS7_1               59.330     1.275      1.275        0.850
DASS8_1  ON ANXIETY_ /
ANXIETY_ BY DASS8_1               31.767     0.944      0.944        0.587
DASS11_1 ON STRESS_1 /
STRESS_1 BY DASS11_1              50.188     1.386      1.386        0.791
DASS12_1 ON ANXIETY_ /
ANXIETY_ BY DASS12_1              19.328     0.683      0.683        0.467
DASS13_1 ON STRESS_1 /
STRESS_1 BY DASS13_1              33.404    -1.057     -1.057       -0.662
DASS14_1 ON STRESS_1 /
STRESS_1 BY DASS14_1              17.073    -0.753     -0.753       -0.481

ON Statements

STRESS_1 ON DASS3_1               13.048    -0.073     -0.073       -0.099
STRESS_1 ON DASS4_1               44.478     0.135      0.135        0.198
STRESS_1 ON DASS7_1               59.563     0.153      0.153        0.229
STRESS_1 ON DASS8_1               31.778    -0.120     -0.120       -0.193
STRESS_1 ON DASS11_1              50.230     0.166      0.166        0.290
STRESS_1 ON DASS12_1              19.221    -0.087     -0.087       -0.127
STRESS_1 ON DASS13_1              33.357    -0.126     -0.126       -0.202
STRESS_1 ON DASS14_1              16.961    -0.090     -0.090       -0.141
ANXIETY_ ON DASS3_1               13.045     0.078      0.078        0.105
ANXIETY_ ON DASS4_1               44.452    -0.126     -0.126       -0.186
ANXIETY_ ON DASS7_1               59.573    -0.163     -0.163       -0.244
ANXIETY_ ON DASS8_1               31.792     0.113      0.113        0.181
ANXIETY_ ON DASS11_1              50.207    -0.177     -0.177       -0.309
ANXIETY_ ON DASS12_1              19.243     0.081      0.081        0.119
ANXIETY_ ON DASS13_1              33.369     0.135      0.135        0.215
ANXIETY_ ON DASS14_1              16.959     0.096      0.096        0.150
DASS1_1  ON DASS4_1               20.145     0.147      0.147        0.155
DASS1_1  ON DASS13_1              11.087    -0.129     -0.129       -0.148
DASS2_1  ON DASS3_1               42.308     0.226      0.226        0.235
DASS2_1  ON DASS5_1               14.612     0.144      0.144        0.166
DASS2_1  ON DASS11_1              20.603    -0.211     -0.211       -0.284
DASS3_1  ON DASS2_1               42.320     0.226      0.226        0.218
DASS3_1  ON DASS5_1               19.504     0.174      0.174        0.193
DASS3_1  ON DASS9_1               17.730    -0.178     -0.178       -0.225
DASS3_1  ON DASS11_1              14.466    -0.184     -0.184       -0.239
DASS3_1  ON DASS12_1              12.905    -0.143     -0.143       -0.155
DASS4_1  ON DASS1_1               20.097     0.147      0.147        0.139
DASS4_1  ON DASS5_1               10.895    -0.127     -0.127       -0.129
DASS4_1  ON DASS6_1               25.419     0.194      0.194        0.231
DASS4_1  ON DASS10_1              19.482     0.140      0.140        0.122
DASS4_1  ON DASS13_1              60.529    -0.312     -0.312       -0.339
DASS4_1  ON DASS14_1              29.852    -0.218     -0.218       -0.232
DASS5_1  ON DASS2_1               14.665     0.145      0.145        0.126
DASS5_1  ON DASS3_1               19.562     0.174      0.174        0.158
DASS5_1  ON DASS13_1              10.143     0.133      0.133        0.142
DASS6_1  ON DASS4_1               25.415     0.194      0.194        0.163
DASS7_1  ON DASS6_1               15.578     0.140      0.140        0.163
DASS7_1  ON DASS8_1              123.369     0.340      0.340        0.364
DASS7_1  ON DASS13_1              13.733    -0.163     -0.163       -0.174
DASS8_1  ON DASS7_1              111.403     0.326      0.326        0.304
DASS8_1  ON DASS11_1              12.893     0.128      0.128        0.139
DASS10_1 ON DASS4_1               19.465     0.140      0.140        0.160
DASS11_1 ON DASS2_1               20.550    -0.211     -0.211       -0.157
DASS11_1 ON DASS3_1               14.431    -0.184     -0.184       -0.142
DASS11_1 ON DASS8_1               13.867     0.142      0.142        0.130
DASS11_1 ON DASS9_1               22.281     0.188      0.188        0.184
DASS11_1 ON DASS12_1              68.858     0.294      0.294        0.246
DASS12_1 ON DASS11_1              57.387     0.243      0.243        0.291
DASS12_1 ON DASS14_1              12.298     0.126      0.126        0.135
DASS13_1 ON DASS1_1               19.316    -0.183     -0.183       -0.160
DASS13_1 ON DASS4_1               55.435    -0.315     -0.315       -0.291
DASS13_1 ON DASS5_1               10.106     0.133      0.133        0.124
DASS13_1 ON DASS6_1               15.837    -0.170     -0.170       -0.186
DASS13_1 ON DASS7_1               13.702    -0.163     -0.163       -0.153
DASS13_1 ON DASS14_1              84.875     0.355      0.355        0.348
DASS14_1 ON DASS4_1               21.338    -0.193     -0.193       -0.181
DASS14_1 ON DASS13_1              84.826     0.355      0.355        0.362

WITH Statements

DASS3_1  WITH STRESS_1            13.070    -0.073     -0.073       -0.073
DASS3_1  WITH ANXIETY_            13.061     0.078      0.078        0.078
DASS3_1  WITH DASS2_1             42.341     0.226      0.226        0.226
DASS4_1  WITH STRESS_1            44.433     0.135      0.135        0.135
DASS4_1  WITH ANXIETY_            44.427    -0.126     -0.126       -0.126
DASS4_1  WITH DASS1_1             20.091     0.146      0.146        0.146
DASS5_1  WITH DASS2_1             14.638     0.144      0.144        0.144
DASS5_1  WITH DASS3_1             19.526     0.174      0.174        0.174
DASS6_1  WITH DASS4_1             25.406     0.194      0.194        0.194
DASS7_1  WITH STRESS_1            59.506     0.153      0.153        0.153
DASS7_1  WITH ANXIETY_            59.530    -0.163     -0.163       -0.163
DASS8_1  WITH STRESS_1            31.825    -0.120     -0.120       -0.120
DASS8_1  WITH ANXIETY_            31.818     0.113      0.113        0.113
DASS8_1  WITH DASS7_1            105.980     0.349      0.349        0.349
DASS9_1  WITH DASS3_1             12.305    -0.176     -0.176       -0.176
DASS10_1 WITH DASS4_1             19.476     0.140      0.140        0.140
DASS11_1 WITH STRESS_1            50.152     0.166      0.166        0.166
DASS11_1 WITH ANXIETY_            50.147    -0.177     -0.177       -0.177
DASS11_1 WITH DASS2_1             20.555    -0.211     -0.211       -0.211
DASS11_1 WITH DASS3_1             14.436    -0.184     -0.184       -0.184
DASS12_1 WITH STRESS_1            19.250    -0.087     -0.087       -0.087
DASS12_1 WITH ANXIETY_            19.259     0.081      0.081        0.081
DASS12_1 WITH DASS11_1            54.803     0.281      0.281        0.281
DASS13_1 WITH STRESS_1            33.408    -0.126     -0.126       -0.126
DASS13_1 WITH ANXIETY_            33.409     0.135      0.135        0.135
DASS13_1 WITH DASS1_1             11.218    -0.150     -0.150       -0.150
DASS13_1 WITH DASS4_1             43.139    -0.305     -0.305       -0.305
DASS13_1 WITH DASS5_1             10.106     0.133      0.133        0.133
DASS13_1 WITH DASS7_1             13.703    -0.163     -0.163       -0.163
DASS14_1 WITH STRESS_1            16.997    -0.090     -0.090       -0.090
DASS14_1 WITH ANXIETY_            16.987     0.096      0.096        0.096
DASS14_1 WITH DASS4_1             15.525    -0.180     -0.180       -0.180
DASS14_1 WITH DASS13_1            84.874     0.355      0.355        0.355

Group OLDER


ON/BY Statements

DASS3_1  ON STRESS_1 /
STRESS_1 BY DASS3_1               47.180    -1.290     -1.290       -0.924
DASS4_1  ON ANXIETY_ /
ANXIETY_ BY DASS4_1               14.514    -0.672     -0.672       -0.442
DASS7_1  ON STRESS_1 /
STRESS_1 BY DASS7_1              128.707     2.225      2.225        1.367
DASS8_1  ON ANXIETY_ /
ANXIETY_ BY DASS8_1               12.184     0.652      0.652        0.391
DASS11_1 ON STRESS_1 /
STRESS_1 BY DASS11_1              26.547     1.090      1.090        0.615
DASS13_1 ON STRESS_1 /
STRESS_1 BY DASS13_1              22.229    -0.877     -0.877       -0.570
DASS14_1 ON STRESS_1 /
STRESS_1 BY DASS14_1              32.211    -1.073     -1.073       -0.701

ON Statements

STRESS_1 ON DASS3_1               47.216    -0.143     -0.143       -0.200
STRESS_1 ON DASS4_1               14.471     0.079      0.079        0.120
STRESS_1 ON DASS7_1              128.409     0.246      0.246        0.401
STRESS_1 ON DASS8_1               12.101    -0.076     -0.076       -0.127
STRESS_1 ON DASS11_1              26.370     0.120      0.120        0.213
STRESS_1 ON DASS13_1              22.354    -0.097     -0.097       -0.150
STRESS_1 ON DASS14_1              32.375    -0.119     -0.119       -0.182
ANXIETY_ ON DASS3_1               47.346     0.152      0.152        0.212
ANXIETY_ ON DASS4_1               14.407    -0.074     -0.074       -0.113
ANXIETY_ ON DASS7_1              128.087    -0.261     -0.261       -0.424
ANXIETY_ ON DASS8_1               12.187     0.072      0.072        0.120
ANXIETY_ ON DASS11_1              26.189    -0.127     -0.127       -0.225
ANXIETY_ ON DASS13_1              22.472     0.104      0.104        0.159
ANXIETY_ ON DASS14_1              32.520     0.127      0.127        0.194
DASS1_1  ON DASS7_1               10.148     0.114      0.114        0.130
DASS1_1  ON DASS13_1              19.640    -0.174     -0.174       -0.188
DASS2_1  ON DASS3_1               44.388     0.244      0.244        0.257
DASS2_1  ON DASS7_1               10.134    -0.144     -0.144       -0.177
DASS3_1  ON DASS2_1               44.420     0.244      0.244        0.231
DASS3_1  ON DASS6_1               19.260    -0.185     -0.185       -0.229
DASS3_1  ON DASS7_1               12.327    -0.166     -0.166       -0.193
DASS3_1  ON DASS8_1               23.330    -0.200     -0.200       -0.239
DASS3_1  ON DASS11_1              14.621    -0.194     -0.194       -0.246
DASS3_1  ON DASS12_1              24.840    -0.211     -0.211       -0.229
DASS3_1  ON DASS13_1              57.940     0.335      0.335        0.369
DASS3_1  ON DASS14_1              27.532     0.228      0.228        0.250
DASS4_1  ON DASS6_1               36.080     0.237      0.237        0.270
DASS4_1  ON DASS9_1               11.257    -0.144     -0.144       -0.160
DASS4_1  ON DASS14_1              15.068    -0.160     -0.160       -0.161
DASS5_1  ON DASS7_1               15.172    -0.187     -0.187       -0.199
DASS6_1  ON DASS4_1               36.119     0.237      0.237        0.209
DASS6_1  ON DASS11_1              12.447    -0.151     -0.151       -0.155
DASS6_1  ON DASS14_1              12.649    -0.156     -0.156       -0.138
DASS7_1  ON DASS1_1               34.338     0.225      0.225        0.196
DASS7_1  ON DASS2_1               10.096    -0.144     -0.144       -0.117
DASS7_1  ON DASS3_1               12.310    -0.166     -0.166       -0.142
DASS7_1  ON DASS5_1               15.169    -0.187     -0.187       -0.176
DASS7_1  ON DASS6_1               39.564     0.246      0.246        0.262
DASS7_1  ON DASS8_1               54.282     0.256      0.256        0.262
DASS7_1  ON DASS9_1               37.927     0.252      0.252        0.262
DASS7_1  ON DASS13_1              23.156    -0.222     -0.222       -0.209
DASS7_1  ON DASS14_1              15.881    -0.190     -0.190       -0.179
DASS8_1  ON DASS7_1               29.790     0.188      0.188        0.183
DASS8_1  ON DASS10_1              10.208    -0.119     -0.119       -0.091
DASS8_1  ON DASS11_1              20.865     0.173      0.173        0.184
DASS9_1  ON DASS4_1               11.258    -0.144     -0.144       -0.130
DASS9_1  ON DASS7_1               11.022     0.135      0.135        0.130
DASS10_1 ON DASS8_1               10.208    -0.119     -0.119       -0.156
DASS11_1 ON DASS3_1               14.596    -0.194     -0.194       -0.153
DASS11_1 ON DASS8_1               25.136     0.200      0.200        0.188
DASS11_1 ON DASS12_1              61.759     0.291      0.291        0.248
DASS12_1 ON DASS11_1              48.228     0.235      0.235        0.276
DASS13_1 ON DASS1_1               30.122    -0.224     -0.224       -0.207
DASS13_1 ON DASS3_1               57.978     0.335      0.335        0.304
DASS13_1 ON DASS4_1               10.717    -0.137     -0.137       -0.136
DASS13_1 ON DASS6_1               13.141    -0.150     -0.150       -0.169
DASS13_1 ON DASS7_1               23.150    -0.222     -0.222       -0.235
DASS13_1 ON DASS14_1              18.172     0.153      0.153        0.152
DASS14_1 ON DASS3_1               27.561     0.228      0.228        0.208
DASS14_1 ON DASS4_1               18.839    -0.182     -0.182       -0.181
DASS14_1 ON DASS6_1               20.347    -0.189     -0.189       -0.214
DASS14_1 ON DASS7_1               15.873    -0.190     -0.190       -0.202
DASS14_1 ON DASS10_1              10.556    -0.123     -0.123       -0.103
DASS14_1 ON DASS13_1              18.175     0.153      0.153        0.153

WITH Statements

DASS3_1  WITH STRESS_1            47.215    -0.143     -0.143       -0.143
DASS3_1  WITH ANXIETY_            47.219     0.152      0.152        0.152
DASS3_1  WITH DASS2_1             44.414     0.244      0.244        0.244
DASS4_1  WITH STRESS_1            14.476     0.079      0.079        0.079
DASS4_1  WITH ANXIETY_            14.480    -0.074     -0.074       -0.074
DASS6_1  WITH DASS4_1             36.098     0.237      0.237        0.237
DASS7_1  WITH STRESS_1           128.412     0.246      0.246        0.246
DASS7_1  WITH ANXIETY_           128.375    -0.261     -0.261       -0.261
DASS7_1  WITH DASS1_1             14.728     0.156      0.156        0.156
DASS7_1  WITH DASS2_1             10.113    -0.144     -0.144       -0.144
DASS7_1  WITH DASS3_1             12.333    -0.166     -0.166       -0.166
DASS7_1  WITH DASS5_1             15.200    -0.187     -0.187       -0.187
DASS7_1  WITH DASS6_1             12.168     0.154      0.154        0.154
DASS8_1  WITH STRESS_1            12.095    -0.076     -0.076       -0.076
DASS8_1  WITH ANXIETY_            12.105     0.072      0.072        0.072
DASS8_1  WITH DASS3_1             10.404    -0.153     -0.153       -0.153
DASS8_1  WITH DASS7_1             26.892     0.200      0.200        0.200
DASS9_1  WITH DASS4_1             11.247    -0.144     -0.144       -0.144
DASS9_1  WITH DASS7_1             10.799     0.151      0.151        0.151
DASS10_1 WITH DASS8_1             10.221    -0.119     -0.119       -0.119
DASS11_1 WITH STRESS_1            26.371     0.120      0.120        0.120
DASS11_1 WITH ANXIETY_            26.349    -0.128     -0.128       -0.128
DASS11_1 WITH DASS3_1             14.629    -0.194     -0.194       -0.194
DASS11_1 WITH DASS8_1             16.954     0.181      0.181        0.181
DASS12_1 WITH DASS3_1             12.748    -0.167     -0.167       -0.167
DASS12_1 WITH DASS11_1            53.716     0.291      0.291        0.291
DASS13_1 WITH STRESS_1            22.352    -0.097     -0.097       -0.097
DASS13_1 WITH ANXIETY_            22.368     0.103      0.103        0.103
DASS13_1 WITH DASS1_1             22.849    -0.210     -0.210       -0.210
DASS13_1 WITH DASS3_1             57.929     0.335      0.335        0.335
DASS13_1 WITH DASS7_1             23.193    -0.222     -0.222       -0.222
DASS14_1 WITH STRESS_1            32.373    -0.119     -0.119       -0.119
DASS14_1 WITH ANXIETY_            32.394     0.126      0.126        0.126
DASS14_1 WITH DASS3_1             27.525     0.228      0.228        0.228
DASS14_1 WITH DASS4_1             10.153    -0.147     -0.147       -0.147
DASS14_1 WITH DASS6_1             10.018    -0.154     -0.154       -0.154
DASS14_1 WITH DASS7_1             15.912    -0.190     -0.190       -0.190
DASS14_1 WITH DASS13_1            18.146     0.152      0.152        0.152



SAVEDATA INFORMATION


  Difference testing

  Save file
    dass1_student_age_inv_config.dat
  Save format      Free

     Beginning Time:  10:55:31
        Ending Time:  10:55:31
       Elapsed Time:  00:00:00



MUTHEN & MUTHEN
3463 Stoner Ave.
Los Angeles, CA  90066

Tel: (310) 391-9971
Fax: (310) 391-8971
Web: www.StatModel.com
Support: Support@StatModel.com

Copyright (c) 1998-2019 Muthen & Muthen
