Mplus VERSION 8.4 (Mac)
MUTHEN & MUTHEN
04/16/2023   8:02 PM

INPUT INSTRUCTIONS

  Title: Parent DASS Gender Measurement Invariance Metric Model;

  Data:
     File is dass_parent_1.txt;

  Variable:
     Names are studentid treatment female age_w dass1_1 dass2_1 dass3_1
     dass4_1 dass5_1 dass6_1 dass7_1 half;
     Missing are . ;

    Usevariable are
  	dass1_1 dass2_1 dass3_1 dass4_1 dass5_1 dass6_1 dass7_1;

    Categorical is
  	dass1_1 dass2_1 dass3_1 dass4_1 dass5_1 dass6_1 dass7_1;

    Group is female (1 = Female 0 = Male);

  Analysis:
     Estimator = wlsmv;
     Parameterization = theta;
     Difftest = dass1_parent_gender_inv_config.dat


  !!! Model for Male !!!

  Model:
    ! Factor loadings all freely estimated
    dassp_1 by
      dass1_1-dass7_1* (L1-L7);

    dass1_1 with dass2_1;
    dass6_1 with dass7_1;

    !estimating thresholds freely
    [dass1_1$1-dass7_1$1*] (T1_1-T1_7);
    [dass1_1$2-dass7_1$2*] (T2_1-T2_7);
    [dass1_1$3-dass7_1$3*] (T3_1-T3_7);

    !constraining item residual variance to 1 for identification
    dass1_1-dass7_1@1;

    !fixing latent mean to zero for identification
    [dassp_1@0];

    !fixing latent variance to one for identification
    dassp_1@1;

  !!! Model for Female !!!

  Model Female:
    ! Factor loadings constrained to *be equal to the control group*
    dassp_1 by dass1_1-dass7_1* (L1-L7);

    dass1_1 with dass2_1;
    dass6_1 with dass7_1;

    ! estimating thresholds freely
    [dass1_1$1-dass7_1$1*];
    [dass1_1$2-dass7_1$2*];
    [dass1_1$3-dass7_1$3*];

    ! constraining item residual variance to 1 for identification
    dass1_1-dass7_1@1;

    ! fixing latent factor mean to zero for identification
    [dassp_1@0];

    ! latent factor variance *estimated*
    dassp_1*;

  Output: sampstat stdyx modindices(all);
  Savedata: Difftest is dass1_parent_gender_inv_metric.dat;



INPUT READING TERMINATED NORMALLY



Parent DASS Gender Measurement Invariance Metric Model;

SUMMARY OF ANALYSIS

Number of groups                                                 2
Number of observations
   Group MALE                                                  149
   Group FEMALE                                               2173
   Total sample size                                          2322

Number of dependent variables                                    7
Number of independent variables                                  0
Number of continuous latent variables                            1

Observed dependent variables

  Binary and ordered categorical (ordinal)
   DASS1_1     DASS2_1     DASS3_1     DASS4_1     DASS5_1     DASS6_1
   DASS7_1

Continuous latent variables
   DASSP_1

Variables with special functions

  Grouping variable     FEMALE

Estimator                                                    WLSMV
Maximum number of iterations                                  1000
Convergence criterion                                    0.500D-04
Maximum number of steepest descent iterations                   20
Maximum number of iterations for H1                           2000
Convergence criterion for H1                             0.100D-03
Parameterization                                             THETA
Link                                                        PROBIT

Input data file(s)
  dass_parent_1.txt

Input data format  FREE


SUMMARY OF DATA

   Group MALE
     Number of missing data patterns             1

   Group FEMALE
     Number of missing data patterns             1


COVARIANCE COVERAGE OF DATA

Minimum covariance coverage value   0.100


     PROPORTION OF DATA PRESENT FOR MALE


           Covariance Coverage
              DASS1_1       DASS2_1       DASS3_1       DASS4_1       DASS5_1
              ________      ________      ________      ________      ________
 DASS1_1        1.000
 DASS2_1        1.000         1.000
 DASS3_1        1.000         1.000         1.000
 DASS4_1        1.000         1.000         1.000         1.000
 DASS5_1        1.000         1.000         1.000         1.000         1.000
 DASS6_1        1.000         1.000         1.000         1.000         1.000
 DASS7_1        1.000         1.000         1.000         1.000         1.000


           Covariance Coverage
              DASS6_1       DASS7_1
              ________      ________
 DASS6_1        1.000
 DASS7_1        1.000         1.000


     PROPORTION OF DATA PRESENT FOR FEMALE


           Covariance Coverage
              DASS1_1       DASS2_1       DASS3_1       DASS4_1       DASS5_1
              ________      ________      ________      ________      ________
 DASS1_1        1.000
 DASS2_1        1.000         1.000
 DASS3_1        1.000         1.000         1.000
 DASS4_1        1.000         1.000         1.000         1.000
 DASS5_1        1.000         1.000         1.000         1.000         1.000
 DASS6_1        1.000         1.000         1.000         1.000         1.000
 DASS7_1        1.000         1.000         1.000         1.000         1.000


           Covariance Coverage
              DASS6_1       DASS7_1
              ________      ________
 DASS6_1        1.000
 DASS7_1        1.000         1.000


UNIVARIATE PROPORTIONS AND COUNTS FOR CATEGORICAL VARIABLES

  Group MALE
    DASS1_1
      Category 1    0.208           31.000
      Category 2    0.456           68.000
      Category 3    0.235           35.000
      Category 4    0.101           15.000
    DASS2_1
      Category 1    0.242           36.000
      Category 2    0.490           73.000
      Category 3    0.181           27.000
      Category 4    0.087           13.000
    DASS3_1
      Category 1    0.201           30.000
      Category 2    0.483           72.000
      Category 3    0.235           35.000
      Category 4    0.081           12.000
    DASS4_1
      Category 1    0.201           30.000
      Category 2    0.517           77.000
      Category 3    0.201           30.000
      Category 4    0.081           12.000
    DASS5_1
      Category 1    0.221           33.000
      Category 2    0.463           69.000
      Category 3    0.242           36.000
      Category 4    0.074           11.000
    DASS6_1
      Category 1    0.376           56.000
      Category 2    0.403           60.000
      Category 3    0.148           22.000
      Category 4    0.074           11.000
    DASS7_1
      Category 1    0.315           47.000
      Category 2    0.450           67.000
      Category 3    0.154           23.000
      Category 4    0.081           12.000

  Group FEMALE
    DASS1_1
      Category 1    0.096          209.000
      Category 2    0.460          999.000
      Category 3    0.286          622.000
      Category 4    0.158          343.000
    DASS2_1
      Category 1    0.107          233.000
      Category 2    0.491         1067.000
      Category 3    0.279          606.000
      Category 4    0.123          267.000
    DASS3_1
      Category 1    0.103          224.000
      Category 2    0.386          838.000
      Category 3    0.314          683.000
      Category 4    0.197          428.000
    DASS4_1
      Category 1    0.074          161.000
      Category 2    0.464         1008.000
      Category 3    0.310          673.000
      Category 4    0.152          331.000
    DASS5_1
      Category 1    0.119          258.000
      Category 2    0.420          912.000
      Category 3    0.304          660.000
      Category 4    0.158          343.000
    DASS6_1
      Category 1    0.224          487.000
      Category 2    0.509         1107.000
      Category 3    0.202          439.000
      Category 4    0.064          140.000
    DASS7_1
      Category 1    0.142          309.000
      Category 2    0.465         1011.000
      Category 3    0.267          580.000
      Category 4    0.126          273.000


SAMPLE STATISTICS


     ESTIMATED SAMPLE STATISTICS FOR MALE


           MEANS/INTERCEPTS/THRESHOLDS
              DASS1_1$      DASS1_1$      DASS1_1$      DASS2_1$      DASS2_1$
              ________      ________      ________      ________      ________
               -0.813         0.425         1.278        -0.701         0.617


           MEANS/INTERCEPTS/THRESHOLDS
              DASS2_1$      DASS3_1$      DASS3_1$      DASS3_1$      DASS4_1$
              ________      ________      ________      ________      ________
                1.358        -0.837         0.480         1.401        -0.837


           MEANS/INTERCEPTS/THRESHOLDS
              DASS4_1$      DASS4_1$      DASS5_1$      DASS5_1$      DASS5_1$
              ________      ________      ________      ________      ________
                0.577         1.401        -0.767         0.480         1.448


           MEANS/INTERCEPTS/THRESHOLDS
              DASS6_1$      DASS6_1$      DASS6_1$      DASS7_1$      DASS7_1$
              ________      ________      ________      ________      ________
               -0.316         0.767         1.448        -0.480         0.723


           MEANS/INTERCEPTS/THRESHOLDS
              DASS7_1$
              ________
                1.401


           CORRELATION MATRIX (WITH VARIANCES ON THE DIAGONAL)
              DASS1_1       DASS2_1       DASS3_1       DASS4_1       DASS5_1
              ________      ________      ________      ________      ________
 DASS1_1
 DASS2_1        0.638
 DASS3_1        0.648         0.657
 DASS4_1        0.745         0.707         0.798
 DASS5_1        0.678         0.676         0.734         0.784
 DASS6_1        0.577         0.522         0.736         0.699         0.721
 DASS7_1        0.698         0.615         0.734         0.779         0.775


           CORRELATION MATRIX (WITH VARIANCES ON THE DIAGONAL)
              DASS6_1       DASS7_1
              ________      ________
 DASS7_1        0.745


     ESTIMATED SAMPLE STATISTICS FOR FEMALE


           MEANS/INTERCEPTS/THRESHOLDS
              DASS1_1$      DASS1_1$      DASS1_1$      DASS2_1$      DASS2_1$
              ________      ________      ________      ________      ________
               -1.304         0.141         1.003        -1.241         0.249


           MEANS/INTERCEPTS/THRESHOLDS
              DASS2_1$      DASS3_1$      DASS3_1$      DASS3_1$      DASS4_1$
              ________      ________      ________      ________      ________
                1.161        -1.264        -0.028         0.853        -1.446


           MEANS/INTERCEPTS/THRESHOLDS
              DASS4_1$      DASS4_1$      DASS5_1$      DASS5_1$      DASS5_1$
              ________      ________      ________      ________      ________
                0.095         1.027        -1.181         0.096         1.003


           MEANS/INTERCEPTS/THRESHOLDS
              DASS6_1$      DASS6_1$      DASS6_1$      DASS7_1$      DASS7_1$
              ________      ________      ________      ________      ________
               -0.758         0.624         1.519        -1.070         0.273


           MEANS/INTERCEPTS/THRESHOLDS
              DASS7_1$
              ________
                1.147


           CORRELATION MATRIX (WITH VARIANCES ON THE DIAGONAL)
              DASS1_1       DASS2_1       DASS3_1       DASS4_1       DASS5_1
              ________      ________      ________      ________      ________
 DASS1_1
 DASS2_1        0.761
 DASS3_1        0.682         0.735
 DASS4_1        0.682         0.695         0.774
 DASS5_1        0.651         0.659         0.749         0.742
 DASS6_1        0.489         0.594         0.617         0.574         0.606
 DASS7_1        0.611         0.650         0.688         0.696         0.692


           CORRELATION MATRIX (WITH VARIANCES ON THE DIAGONAL)
              DASS6_1       DASS7_1
              ________      ________
 DASS7_1        0.688


THE MODEL ESTIMATION TERMINATED NORMALLY



MODEL FIT INFORMATION

Number of Free Parameters                       54

Chi-Square Test of Model Fit

          Value                             99.269*
          Degrees of Freedom                    30
          P-Value                           0.0000

Chi-Square Contribution From Each Group

          MALE                              46.933
          FEMALE                            52.336

Chi-Square Test for Difference Testing

          Value                             18.213*
          Degrees of Freedom                     6
          P-Value                           0.0057

*   The chi-square value for MLM, MLMV, MLR, ULSMV, WLSM and WLSMV cannot be used
    for chi-square difference testing in the regular way.  MLM, MLR and WLSM
    chi-square difference testing is described on the Mplus website.  MLMV, WLSMV,
    and ULSMV difference testing is done using the DIFFTEST option.  The DIFFTEST
    option assumes the models are nested.  The NESTED option can be used to verify
    that the models are nested.

RMSEA (Root Mean Square Error Of Approximation)

          Estimate                           0.045
          90 Percent C.I.                    0.035  0.054
          Probability RMSEA <= .05           0.808

CFI/TLI

          CFI                                0.998
          TLI                                0.997

Chi-Square Test of Model Fit for the Baseline Model

          Value                          31817.184
          Degrees of Freedom                    42
          P-Value                           0.0000

SRMR (Standardized Root Mean Square Residual)

          Value                              0.014

Optimum Function Value for Weighted Least-Squares Estimator

          Value                     0.12506606D-01



MODEL RESULTS

                                                    Two-Tailed
                    Estimate       S.E.  Est./S.E.    P-Value

Group MALE

 DASSP_1  BY
    DASS1_1            1.320      0.104     12.729      0.000
    DASS2_1            1.510      0.121     12.470      0.000
    DASS3_1            2.110      0.169     12.502      0.000
    DASS4_1            1.973      0.153     12.935      0.000
    DASS5_1            1.783      0.140     12.724      0.000
    DASS6_1            1.083      0.086     12.595      0.000
    DASS7_1            1.482      0.116     12.767      0.000

 DASS1_1  WITH
    DASS2_1           -0.078      0.099     -0.786      0.432

 DASS6_1  WITH
    DASS7_1            0.357      0.087      4.101      0.000

 Means
    DASSP_1            0.000      0.000    999.000    999.000

 Thresholds
    DASS1_1$1         -1.346      0.184     -7.321      0.000
    DASS1_1$2          0.702      0.175      4.023      0.000
    DASS1_1$3          2.116      0.205     10.301      0.000
    DASS2_1$1         -1.270      0.196     -6.491      0.000
    DASS2_1$2          1.119      0.197      5.675      0.000
    DASS2_1$3          2.458      0.237     10.350      0.000
    DASS3_1$1         -1.952      0.260     -7.499      0.000
    DASS3_1$2          1.121      0.256      4.381      0.000
    DASS3_1$3          3.268      0.322     10.135      0.000
    DASS4_1$1         -1.851      0.241     -7.665      0.000
    DASS4_1$2          1.277      0.242      5.270      0.000
    DASS4_1$3          3.103      0.284     10.918      0.000
    DASS5_1$1         -1.569      0.220     -7.143      0.000
    DASS5_1$2          0.983      0.219      4.490      0.000
    DASS5_1$3          2.963      0.274     10.815      0.000
    DASS6_1$1         -0.467      0.152     -3.072      0.002
    DASS6_1$2          1.130      0.166      6.799      0.000
    DASS6_1$3          2.135      0.201     10.627      0.000
    DASS7_1$1         -0.859      0.184     -4.657      0.000
    DASS7_1$2          1.293      0.198      6.526      0.000
    DASS7_1$3          2.505      0.246     10.175      0.000

 Variances
    DASSP_1            1.000      0.000    999.000    999.000

 Residual Variances
    DASS1_1            1.000      0.000    999.000    999.000
    DASS2_1            1.000      0.000    999.000    999.000
    DASS3_1            1.000      0.000    999.000    999.000
    DASS4_1            1.000      0.000    999.000    999.000
    DASS5_1            1.000      0.000    999.000    999.000
    DASS6_1            1.000      0.000    999.000    999.000
    DASS7_1            1.000      0.000    999.000    999.000

Group FEMALE

 DASSP_1  BY
    DASS1_1            1.320      0.104     12.729      0.000
    DASS2_1            1.510      0.121     12.470      0.000
    DASS3_1            2.110      0.169     12.502      0.000
    DASS4_1            1.973      0.153     12.935      0.000
    DASS5_1            1.783      0.140     12.724      0.000
    DASS6_1            1.083      0.086     12.595      0.000
    DASS7_1            1.482      0.116     12.767      0.000

 DASS1_1  WITH
    DASS2_1            0.378      0.021     17.661      0.000

 DASS6_1  WITH
    DASS7_1            0.300      0.024     12.672      0.000

 Means
    DASSP_1            0.000      0.000    999.000    999.000

 Thresholds
    DASS1_1$1         -2.025      0.059    -34.405      0.000
    DASS1_1$2          0.218      0.042      5.198      0.000
    DASS1_1$3          1.559      0.052     30.028      0.000
    DASS2_1$1         -2.096      0.062    -33.572      0.000
    DASS2_1$2          0.420      0.046      9.105      0.000
    DASS2_1$3          1.959      0.061     31.892      0.000
    DASS3_1$1         -2.715      0.083    -32.769      0.000
    DASS3_1$2         -0.061      0.058     -1.050      0.294
    DASS3_1$3          1.831      0.068     27.046      0.000
    DASS4_1$1         -2.949      0.089    -33.250      0.000
    DASS4_1$2          0.194      0.055      3.536      0.000
    DASS4_1$3          2.094      0.069     30.513      0.000
    DASS5_1$1         -2.235      0.068    -33.000      0.000
    DASS5_1$2          0.183      0.051      3.579      0.000
    DASS5_1$3          1.899      0.062     30.381      0.000
    DASS6_1$1         -1.059      0.042    -25.259      0.000
    DASS6_1$2          0.871      0.041     21.148      0.000
    DASS6_1$3          2.122      0.059     35.701      0.000
    DASS7_1$1         -1.786      0.057    -31.124      0.000
    DASS7_1$2          0.455      0.046      9.908      0.000
    DASS7_1$3          1.914      0.059     32.285      0.000

 Variances
    DASSP_1            0.812      0.125      6.477      0.000

 Residual Variances
    DASS1_1            1.000      0.000    999.000    999.000
    DASS2_1            1.000      0.000    999.000    999.000
    DASS3_1            1.000      0.000    999.000    999.000
    DASS4_1            1.000      0.000    999.000    999.000
    DASS5_1            1.000      0.000    999.000    999.000
    DASS6_1            1.000      0.000    999.000    999.000
    DASS7_1            1.000      0.000    999.000    999.000


STANDARDIZED MODEL RESULTS


STDYX Standardization

                                                    Two-Tailed
                    Estimate       S.E.  Est./S.E.    P-Value

Group MALE

 DASSP_1  BY
    DASS1_1            0.797      0.023     34.903      0.000
    DASS2_1            0.834      0.020     40.894      0.000
    DASS3_1            0.904      0.013     68.138      0.000
    DASS4_1            0.892      0.014     63.309      0.000
    DASS5_1            0.872      0.016     53.179      0.000
    DASS6_1            0.735      0.027     27.361      0.000
    DASS7_1            0.829      0.020     40.819      0.000

 DASS1_1  WITH
    DASS2_1           -0.078      0.099     -0.786      0.432

 DASS6_1  WITH
    DASS7_1            0.357      0.087      4.101      0.000

 Means
    DASSP_1            0.000      0.000    999.000    999.000

 Thresholds
    DASS1_1$1         -0.813      0.116     -7.008      0.000
    DASS1_1$2          0.424      0.106      3.998      0.000
    DASS1_1$3          1.278      0.140      9.144      0.000
    DASS2_1$1         -0.701      0.112     -6.241      0.000
    DASS2_1$2          0.618      0.110      5.609      0.000
    DASS2_1$3          1.357      0.146      9.316      0.000
    DASS3_1$1         -0.836      0.117     -7.156      0.000
    DASS3_1$2          0.480      0.107      4.485      0.000
    DASS3_1$3          1.400      0.149      9.384      0.000
    DASS4_1$1         -0.836      0.117     -7.157      0.000
    DASS4_1$2          0.577      0.109      5.290      0.000
    DASS4_1$3          1.403      0.149      9.402      0.000
    DASS5_1$1         -0.767      0.114     -6.706      0.000
    DASS5_1$2          0.481      0.107      4.490      0.000
    DASS5_1$3          1.449      0.153      9.462      0.000
    DASS6_1$1         -0.317      0.105     -3.028      0.002
    DASS6_1$2          0.767      0.114      6.698      0.000
    DASS6_1$3          1.448      0.153      9.456      0.000
    DASS7_1$1         -0.480      0.107     -4.485      0.000
    DASS7_1$2          0.723      0.113      6.396      0.000
    DASS7_1$3          1.401      0.149      9.389      0.000

 Variances
    DASSP_1            1.000      0.000    999.000    999.000

 Residual Variances
    DASS1_1            0.365      0.036     10.018      0.000
    DASS2_1            0.305      0.034      8.971      0.000
    DASS3_1            0.183      0.024      7.656      0.000
    DASS4_1            0.204      0.025      8.129      0.000
    DASS5_1            0.239      0.029      8.363      0.000
    DASS6_1            0.460      0.039     11.669      0.000
    DASS7_1            0.313      0.034      9.289      0.000

Group FEMALE

 DASSP_1  BY
    DASS1_1            0.765      0.010     73.889      0.000
    DASS2_1            0.806      0.009     89.009      0.000
    DASS3_1            0.885      0.006    145.394      0.000
    DASS4_1            0.872      0.006    135.662      0.000
    DASS5_1            0.849      0.007    115.676      0.000
    DASS6_1            0.698      0.013     55.221      0.000
    DASS7_1            0.800      0.009     85.863      0.000

 DASS1_1  WITH
    DASS2_1            0.378      0.021     17.661      0.000

 DASS6_1  WITH
    DASS7_1            0.300      0.024     12.672      0.000

 Means
    DASSP_1            0.000      0.000    999.000    999.000

 Thresholds
    DASS1_1$1         -1.304      0.037    -35.154      0.000
    DASS1_1$2          0.141      0.027      5.211      0.000
    DASS1_1$3          1.003      0.032     30.936      0.000
    DASS2_1$1         -1.241      0.036    -34.531      0.000
    DASS2_1$2          0.249      0.027      9.148      0.000
    DASS2_1$3          1.161      0.035     33.522      0.000
    DASS3_1$1         -1.264      0.036    -34.775      0.000
    DASS3_1$2         -0.028      0.027     -1.051      0.293
    DASS3_1$3          0.853      0.031     27.718      0.000
    DASS4_1$1         -1.446      0.040    -36.091      0.000
    DASS4_1$2          0.095      0.027      3.541      0.000
    DASS4_1$3          1.027      0.033     31.369      0.000
    DASS5_1$1         -1.181      0.035    -33.802      0.000
    DASS5_1$2          0.097      0.027      3.584      0.000
    DASS5_1$3          1.003      0.032     30.937      0.000
    DASS6_1$1         -0.758      0.030    -25.369      0.000
    DASS6_1$2          0.624      0.029     21.596      0.000
    DASS6_1$3          1.519      0.042     36.311      0.000
    DASS7_1$1         -1.070      0.033    -32.140      0.000
    DASS7_1$2          0.273      0.027     10.008      0.000
    DASS7_1$3          1.147      0.034     33.333      0.000

 Variances
    DASSP_1            1.000      0.000    999.000    999.000

 Residual Variances
    DASS1_1            0.414      0.016     26.131      0.000
    DASS2_1            0.351      0.015     24.057      0.000
    DASS3_1            0.217      0.011     20.127      0.000
    DASS4_1            0.240      0.011     21.461      0.000
    DASS5_1            0.279      0.012     22.414      0.000
    DASS6_1            0.512      0.018     29.017      0.000
    DASS7_1            0.359      0.015     24.075      0.000


R-SQUARE

Group MALE

    Observed                                        Two-Tailed     Scale
    Variable        Estimate       S.E.  Est./S.E.    P-Value     Factors

    DASS1_1            0.635      0.036     17.451      0.000      0.604
    DASS2_1            0.695      0.034     20.447      0.000      0.552
    DASS3_1            0.817      0.024     34.069      0.000      0.428
    DASS4_1            0.796      0.025     31.655      0.000      0.452
    DASS5_1            0.761      0.029     26.589      0.000      0.489
    DASS6_1            0.540      0.039     13.681      0.000      0.678
    DASS7_1            0.687      0.034     20.410      0.000      0.559

Group FEMALE

    Observed                                        Two-Tailed     Scale
    Variable        Estimate       S.E.  Est./S.E.    P-Value     Factors

    DASS1_1            0.586      0.016     36.945      0.000      0.644
    DASS2_1            0.649      0.015     44.504      0.000      0.592
    DASS3_1            0.783      0.011     72.697      0.000      0.466
    DASS4_1            0.760      0.011     67.831      0.000      0.490
    DASS5_1            0.721      0.012     57.838      0.000      0.528
    DASS6_1            0.488      0.018     27.611      0.000      0.716
    DASS7_1            0.641      0.015     42.931      0.000      0.599


QUALITY OF NUMERICAL RESULTS

     Condition Number for the Information Matrix              0.886E-03
       (ratio of smallest to largest eigenvalue)


MODEL MODIFICATION INDICES

Minimum M.I. value for printing the modification index    10.000

                                   M.I.     E.P.C.  Std E.P.C.  StdYX E.P.C.
Group MALE


ON/BY Statements

DASS2_1  ON DASSP_1  /
DASSP_1  BY DASS2_1               34.283    -0.494     -0.494       -0.273
DASS6_1  ON DASSP_1  /
DASSP_1  BY DASS6_1               12.477     0.159      0.159        0.108

ON Statements

DASSP_1  ON DASS2_1               31.666    -0.961     -0.961       -1.741
DASSP_1  ON DASS6_1               17.761     0.462      0.462        0.681
DASSP_1  ON DASS7_1               15.700     0.652      0.652        1.165
DASS2_1  ON DASS1_1               34.388    -0.723     -0.723       -0.661
DASS2_1  ON DASS3_1               33.312    -0.387     -0.387       -0.499
DASS2_1  ON DASS4_1               23.272    -0.312     -0.312       -0.381
DASS2_1  ON DASS5_1               24.751    -0.352     -0.352       -0.397
DASS2_1  ON DASS6_1               25.871    -0.474     -0.474       -0.386
DASS2_1  ON DASS7_1               28.837    -0.429     -0.429       -0.424
DASS3_1  ON DASS2_1               12.420    -0.426     -0.426       -0.331
DASS6_1  ON DASS3_1               13.735     0.152      0.152        0.240
DASS6_1  ON DASS4_1               11.531     0.152      0.152        0.228
DASS6_1  ON DASS5_1               14.660     0.174      0.174        0.241
DASS6_1  ON DASS7_1               12.505     0.334      0.334        0.405

WITH Statements

DASS2_1  WITH DASSP_1             34.283    -1.038     -1.038       -1.038
DASS6_1  WITH DASSP_1             12.477     0.365      0.365        0.365

Variances/Residual Variances

DASS2_1                           34.259     1.375      1.375        0.419
DASS6_1                           12.492    -0.675     -0.675       -0.311

Group FEMALE


ON/BY Statements

DASS2_1  ON DASSP_1  /
DASSP_1  BY DASS2_1               34.300     0.545      0.491        0.291
DASS6_1  ON DASSP_1  /
DASSP_1  BY DASS6_1               12.496    -0.206     -0.186       -0.133

ON Statements

DASSP_1  ON DASS2_1               36.240     0.897      0.996        1.681
DASSP_1  ON DASS6_1               17.042    -0.365     -0.405       -0.566
DASSP_1  ON DASS7_1               13.804    -0.503     -0.558       -0.931
DASS1_1  ON DASS6_1               65.450    -0.601     -0.601       -0.540
DASS2_1  ON DASS1_1               34.226     1.384      1.384        1.274
DASS2_1  ON DASS3_1               97.963     0.644      0.644        0.819
DASS2_1  ON DASS6_1              138.611     1.043      1.043        0.863
DASS2_1  ON DASS7_1               50.206     0.544      0.544        0.538
DASS3_1  ON DASS1_1               35.289     0.622      0.622        0.450
DASS3_1  ON DASS2_1              116.654     1.150      1.150        0.904
DASS3_1  ON DASS7_1               22.038    -0.469     -0.469       -0.364
DASS4_1  ON DASS6_1               61.587    -0.798     -0.798       -0.547
DASS5_1  ON DASS2_1               42.738    -0.542     -0.542       -0.483
DASS5_1  ON DASS6_1               14.955     0.321      0.321        0.237
DASS5_1  ON DASS7_1               15.745     0.305      0.305        0.269
DASS6_1  ON DASS1_1               45.247    -0.385     -0.385       -0.428
DASS6_1  ON DASS4_1               35.949    -0.262     -0.262       -0.382
DASS6_1  ON DASS7_1               12.482    -0.316     -0.316       -0.377
DASS7_1  ON DASS3_1               23.955    -0.283     -0.283       -0.364

WITH Statements

DASS2_1  WITH DASSP_1             34.300     0.843      0.935        0.935
DASS3_1  WITH DASS2_1            157.954     1.915      1.915        1.915
DASS4_1  WITH DASS1_1             22.681     0.506      0.506        0.506
DASS5_1  WITH DASS2_1             91.991    -1.209     -1.209       -1.209
DASS6_1  WITH DASSP_1             12.496    -0.297     -0.329       -0.329
DASS6_1  WITH DASS1_1            148.672    -1.383     -1.383       -1.383
DASS6_1  WITH DASS2_1            130.766     1.415      1.415        1.415
DASS6_1  WITH DASS4_1             75.461    -1.080     -1.080       -1.080
DASS6_1  WITH DASS5_1             13.406     0.371      0.371        0.371
DASS7_1  WITH DASS3_1             65.041    -1.089     -1.089       -1.089
DASS7_1  WITH DASS5_1             24.032     0.537      0.537        0.537

Variances/Residual Variances

DASS2_1                           34.342    -1.376     -1.376       -0.483
DASS6_1                           12.539     0.676      0.676        0.347



SAVEDATA INFORMATION


  Difference testing

  Save file
    dass1_parent_gender_inv_metric.dat
  Save format      Free

     Beginning Time:  20:02:39
        Ending Time:  20:02:39
       Elapsed Time:  00:00:00



MUTHEN & MUTHEN
3463 Stoner Ave.
Los Angeles, CA  90066

Tel: (310) 391-9971
Fax: (310) 391-8971
Web: www.StatModel.com
Support: Support@StatModel.com

Copyright (c) 1998-2019 Muthen & Muthen
