Mplus VERSION 8.4 (Mac)
MUTHEN & MUTHEN
04/16/2023   8:29 PM

INPUT INSTRUCTIONS

  Title: Parent DASS Age Measurement Invariance Configural Model;

  Data:
     File is dass_parent_1.txt;

  Variable:
     Names are studentid treatment female age_w dass1_1 dass2_1 dass3_1
     dass4_1 dass5_1 dass6_1 dass7_1 half;
     Missing are . ;

    Usevariable are
  	dass1_1 dass2_1 dass3_1 dass4_1 dass5_1 dass6_1 dass7_1 age_c;

    Categorical is
  	dass1_1 dass2_1 dass3_1 dass4_1 dass5_1 dass6_1 dass7_1;

    Group is age_c (1 = Older 0 = Younger);

  Define:
  	age_c = 0;
  	if(age_w ge 40) then age_c = 1;

  Analysis:
     Estimator = wlsmv;
     Parameterization = theta;


  !!! Model for Younger Parents !!!

  Model:
    ! Factor loadings all freely estimated
    dassp_1 by
      dass1_1-dass7_1* (L1-L7);

    dass1_1 with dass2_1;
    dass6_1 with dass7_1;

    !estimating thresholds freely
    [dass1_1$1-dass7_1$1*] (T1_1-T1_7);
    [dass1_1$2-dass7_1$2*] (T2_1-T2_7);
    [dass1_1$3-dass7_1$3*] (T3_1-T3_7);

    !constraining item residual variance to 1 for identification
    dass1_1-dass7_1@1;

    !fixing latent mean to zero for identification
    [dassp_1@0];

    !fixing latent variance to one for identification
    dassp_1@1;

  !!! Model for Older Parents !!!

  Model Older:
    ! Factor loadings all freely estimated
    dassp_1 by dass1_1-dass7_1*;

    dass1_1 with dass2_1;
    dass6_1 with dass7_1;

    ! estimating thresholds freely
    [dass1_1$1-dass7_1$1*];
    [dass1_1$2-dass7_1$2*];
    [dass1_1$3-dass7_1$3*];

    ! constraining item residual variance to 1 for identification
    dass1_1-dass7_1@1;

    ! fixing latent factor mean to zero for identification
    [dassp_1@0];

    ! fixing latent factor variance to one for identification
    dassp_1@1;

  Output: sampstat stdyx modindices(all);
  Savedata: Difftest is dass1_parent_age_inv_config.dat;



INPUT READING TERMINATED NORMALLY



Parent DASS Age Measurement Invariance Configural Model;

SUMMARY OF ANALYSIS

Number of groups                                                 2
Number of observations
   Group YOUNGER                                              1153
   Group OLDER                                                1169
   Total sample size                                          2322

Number of dependent variables                                    7
Number of independent variables                                  0
Number of continuous latent variables                            1

Observed dependent variables

  Binary and ordered categorical (ordinal)
   DASS1_1     DASS2_1     DASS3_1     DASS4_1     DASS5_1     DASS6_1
   DASS7_1

Continuous latent variables
   DASSP_1

Variables with special functions

  Grouping variable     AGE_C

Estimator                                                    WLSMV
Maximum number of iterations                                  1000
Convergence criterion                                    0.500D-04
Maximum number of steepest descent iterations                   20
Maximum number of iterations for H1                           2000
Convergence criterion for H1                             0.100D-03
Parameterization                                             THETA
Link                                                        PROBIT

Input data file(s)
  dass_parent_1.txt

Input data format  FREE


SUMMARY OF DATA

   Group YOUNGER
     Number of missing data patterns             1

   Group OLDER
     Number of missing data patterns             1


COVARIANCE COVERAGE OF DATA

Minimum covariance coverage value   0.100


     PROPORTION OF DATA PRESENT FOR YOUNGER


           Covariance Coverage
              DASS1_1       DASS2_1       DASS3_1       DASS4_1       DASS5_1
              ________      ________      ________      ________      ________
 DASS1_1        1.000
 DASS2_1        1.000         1.000
 DASS3_1        1.000         1.000         1.000
 DASS4_1        1.000         1.000         1.000         1.000
 DASS5_1        1.000         1.000         1.000         1.000         1.000
 DASS6_1        1.000         1.000         1.000         1.000         1.000
 DASS7_1        1.000         1.000         1.000         1.000         1.000


           Covariance Coverage
              DASS6_1       DASS7_1
              ________      ________
 DASS6_1        1.000
 DASS7_1        1.000         1.000


     PROPORTION OF DATA PRESENT FOR OLDER


           Covariance Coverage
              DASS1_1       DASS2_1       DASS3_1       DASS4_1       DASS5_1
              ________      ________      ________      ________      ________
 DASS1_1        1.000
 DASS2_1        1.000         1.000
 DASS3_1        1.000         1.000         1.000
 DASS4_1        1.000         1.000         1.000         1.000
 DASS5_1        1.000         1.000         1.000         1.000         1.000
 DASS6_1        1.000         1.000         1.000         1.000         1.000
 DASS7_1        1.000         1.000         1.000         1.000         1.000


           Covariance Coverage
              DASS6_1       DASS7_1
              ________      ________
 DASS6_1        1.000
 DASS7_1        1.000         1.000


UNIVARIATE PROPORTIONS AND COUNTS FOR CATEGORICAL VARIABLES

  Group YOUNGER
    DASS1_1
      Category 1    0.123          142.000
      Category 2    0.450          519.000
      Category 3    0.276          318.000
      Category 4    0.151          174.000
    DASS2_1
      Category 1    0.121          139.000
      Category 2    0.493          569.000
      Category 3    0.263          303.000
      Category 4    0.123          142.000
    DASS3_1
      Category 1    0.119          137.000
      Category 2    0.388          447.000
      Category 3    0.305          352.000
      Category 4    0.188          217.000
    DASS4_1
      Category 1    0.085           98.000
      Category 2    0.461          532.000
      Category 3    0.304          350.000
      Category 4    0.150          173.000
    DASS5_1
      Category 1    0.134          154.000
      Category 2    0.415          479.000
      Category 3    0.311          359.000
      Category 4    0.140          161.000
    DASS6_1
      Category 1    0.224          258.000
      Category 2    0.494          570.000
      Category 3    0.217          250.000
      Category 4    0.065           75.000
    DASS7_1
      Category 1    0.170          196.000
      Category 2    0.458          528.000
      Category 3    0.251          289.000
      Category 4    0.121          140.000

  Group OLDER
    DASS1_1
      Category 1    0.084           98.000
      Category 2    0.469          548.000
      Category 3    0.290          339.000
      Category 4    0.157          184.000
    DASS2_1
      Category 1    0.111          130.000
      Category 2    0.488          571.000
      Category 3    0.282          330.000
      Category 4    0.118          138.000
    DASS3_1
      Category 1    0.100          117.000
      Category 2    0.396          463.000
      Category 3    0.313          366.000
      Category 4    0.191          223.000
    DASS4_1
      Category 1    0.080           93.000
      Category 2    0.473          553.000
      Category 3    0.302          353.000
      Category 4    0.145          170.000
    DASS5_1
      Category 1    0.117          137.000
      Category 2    0.429          502.000
      Category 3    0.288          337.000
      Category 4    0.165          193.000
    DASS6_1
      Category 1    0.244          285.000
      Category 2    0.511          597.000
      Category 3    0.180          211.000
      Category 4    0.065           76.000
    DASS7_1
      Category 1    0.137          160.000
      Category 2    0.470          550.000
      Category 3    0.269          314.000
      Category 4    0.124          145.000


SAMPLE STATISTICS


     ESTIMATED SAMPLE STATISTICS FOR YOUNGER


           MEANS/INTERCEPTS/THRESHOLDS
              DASS1_1$      DASS1_1$      DASS1_1$      DASS2_1$      DASS2_1$
              ________      ________      ________      ________      ________
               -1.159         0.185         1.033        -1.172         0.290


           MEANS/INTERCEPTS/THRESHOLDS
              DASS2_1$      DASS3_1$      DASS3_1$      DASS3_1$      DASS4_1$
              ________      ________      ________      ________      ________
                1.159        -1.181         0.016         0.885        -1.372


           MEANS/INTERCEPTS/THRESHOLDS
              DASS4_1$      DASS4_1$      DASS5_1$      DASS5_1$      DASS5_1$
              ________      ________      ________      ________      ________
                0.117         1.036        -1.110         0.123         1.082


           MEANS/INTERCEPTS/THRESHOLDS
              DASS6_1$      DASS6_1$      DASS6_1$      DASS7_1$      DASS7_1$
              ________      ________      ________      ________      ________
               -0.760         0.577         1.514        -0.954         0.326


           MEANS/INTERCEPTS/THRESHOLDS
              DASS7_1$
              ________
                1.168


           CORRELATION MATRIX (WITH VARIANCES ON THE DIAGONAL)
              DASS1_1       DASS2_1       DASS3_1       DASS4_1       DASS5_1
              ________      ________      ________      ________      ________
 DASS1_1
 DASS2_1        0.721
 DASS3_1        0.650         0.722
 DASS4_1        0.659         0.676         0.769
 DASS5_1        0.638         0.650         0.734         0.728
 DASS6_1        0.483         0.570         0.593         0.567         0.617
 DASS7_1        0.602         0.638         0.678         0.682         0.698


           CORRELATION MATRIX (WITH VARIANCES ON THE DIAGONAL)
              DASS6_1       DASS7_1
              ________      ________
 DASS7_1        0.680


     ESTIMATED SAMPLE STATISTICS FOR OLDER


           MEANS/INTERCEPTS/THRESHOLDS
              DASS1_1$      DASS1_1$      DASS1_1$      DASS2_1$      DASS2_1$
              ________      ________      ________      ________      ________
               -1.380         0.132         1.005        -1.220         0.252


           MEANS/INTERCEPTS/THRESHOLDS
              DASS2_1$      DASS3_1$      DASS3_1$      DASS3_1$      DASS4_1$
              ________      ________      ________      ________      ________
                1.185        -1.281        -0.010         0.875        -1.408


           MEANS/INTERCEPTS/THRESHOLDS
              DASS4_1$      DASS4_1$      DASS5_1$      DASS5_1$      DASS5_1$
              ________      ________      ________      ________      ________
                0.132         1.056        -1.189         0.117         0.974


           MEANS/INTERCEPTS/THRESHOLDS
              DASS6_1$      DASS6_1$      DASS6_1$      DASS7_1$      DASS7_1$
              ________      ________      ________      ________      ________
               -0.694         0.689         1.514        -1.094         0.272


           MEANS/INTERCEPTS/THRESHOLDS
              DASS7_1$
              ________
                1.155


           CORRELATION MATRIX (WITH VARIANCES ON THE DIAGONAL)
              DASS1_1       DASS2_1       DASS3_1       DASS4_1       DASS5_1
              ________      ________      ________      ________      ________
 DASS1_1
 DASS2_1        0.787
 DASS3_1        0.717         0.744
 DASS4_1        0.724         0.723         0.788
 DASS5_1        0.676         0.677         0.767         0.768
 DASS6_1        0.520         0.612         0.664         0.604         0.617
 DASS7_1        0.641         0.664         0.714         0.732         0.704


           CORRELATION MATRIX (WITH VARIANCES ON THE DIAGONAL)
              DASS6_1       DASS7_1
              ________      ________
 DASS7_1        0.712


THE MODEL ESTIMATION TERMINATED NORMALLY



MODEL FIT INFORMATION

Number of Free Parameters                       60

Chi-Square Test of Model Fit

          Value                            102.370*
          Degrees of Freedom                    24
          P-Value                           0.0000

Chi-Square Contribution From Each Group

          YOUNGER                           53.410
          OLDER                             48.961

*   The chi-square value for MLM, MLMV, MLR, ULSMV, WLSM and WLSMV cannot be used
    for chi-square difference testing in the regular way.  MLM, MLR and WLSM
    chi-square difference testing is described on the Mplus website.  MLMV, WLSMV,
    and ULSMV difference testing is done using the DIFFTEST option.

RMSEA (Root Mean Square Error Of Approximation)

          Estimate                           0.053
          90 Percent C.I.                    0.043  0.064
          Probability RMSEA <= .05           0.301

CFI/TLI

          CFI                                0.998
          TLI                                0.996

Chi-Square Test of Model Fit for the Baseline Model

          Value                          34961.153
          Degrees of Freedom                    42
          P-Value                           0.0000

SRMR (Standardized Root Mean Square Residual)

          Value                              0.011

Optimum Function Value for Weighted Least-Squares Estimator

          Value                     0.73269857D-02



MODEL RESULTS

                                                    Two-Tailed
                    Estimate       S.E.  Est./S.E.    P-Value

Group YOUNGER

 DASSP_1  BY
    DASS1_1            1.128      0.053     21.289      0.000
    DASS2_1            1.330      0.062     21.298      0.000
    DASS3_1            1.829      0.079     23.008      0.000
    DASS4_1            1.696      0.073     23.371      0.000
    DASS5_1            1.609      0.070     23.095      0.000
    DASS6_1            0.947      0.047     20.247      0.000
    DASS7_1            1.323      0.059     22.272      0.000

 DASS1_1  WITH
    DASS2_1            0.309      0.028     11.129      0.000

 DASS6_1  WITH
    DASS7_1            0.299      0.031      9.733      0.000

 Means
    DASSP_1            0.000      0.000    999.000    999.000

 Thresholds
    DASS1_1$1         -1.747      0.073    -23.973      0.000
    DASS1_1$2          0.278      0.056      4.954      0.000
    DASS1_1$3          1.556      0.070     22.152      0.000
    DASS2_1$1         -1.950      0.084    -23.209      0.000
    DASS2_1$2          0.482      0.063      7.634      0.000
    DASS2_1$3          1.929      0.084     22.885      0.000
    DASS3_1$1         -2.461      0.104    -23.661      0.000
    DASS3_1$2          0.034      0.077      0.442      0.659
    DASS3_1$3          1.844      0.090     20.518      0.000
    DASS4_1$1         -2.702      0.111    -24.343      0.000
    DASS4_1$2          0.230      0.073      3.142      0.002
    DASS4_1$3          2.040      0.091     22.414      0.000
    DASS5_1$1         -2.102      0.091    -23.179      0.000
    DASS5_1$2          0.233      0.070      3.325      0.001
    DASS5_1$3          2.049      0.090     22.821      0.000
    DASS6_1$1         -1.046      0.056    -18.550      0.000
    DASS6_1$2          0.795      0.055     14.432      0.000
    DASS6_1$3          2.085      0.080     26.146      0.000
    DASS7_1$1         -1.582      0.074    -21.486      0.000
    DASS7_1$2          0.541      0.063      8.571      0.000
    DASS7_1$3          1.937      0.082     23.732      0.000

 Variances
    DASSP_1            1.000      0.000    999.000    999.000

 Residual Variances
    DASS1_1            1.000      0.000    999.000    999.000
    DASS2_1            1.000      0.000    999.000    999.000
    DASS3_1            1.000      0.000    999.000    999.000
    DASS4_1            1.000      0.000    999.000    999.000
    DASS5_1            1.000      0.000    999.000    999.000
    DASS6_1            1.000      0.000    999.000    999.000
    DASS7_1            1.000      0.000    999.000    999.000

Group OLDER

 DASSP_1  BY
    DASS1_1            1.306      0.059     22.261      0.000
    DASS2_1            1.421      0.061     23.121      0.000
    DASS3_1            2.028      0.093     21.785      0.000
    DASS4_1            1.948      0.081     24.070      0.000
    DASS5_1            1.648      0.070     23.442      0.000
    DASS6_1            1.022      0.050     20.371      0.000
    DASS7_1            1.396      0.063     22.055      0.000

 DASS1_1  WITH
    DASS2_1            0.395      0.030     13.290      0.000

 DASS6_1  WITH
    DASS7_1            0.322      0.034      9.348      0.000

 Means
    DASSP_1            0.000      0.000    999.000    999.000

 Thresholds
    DASS1_1$1         -2.269      0.091    -24.867      0.000
    DASS1_1$2          0.218      0.061      3.580      0.000
    DASS1_1$3          1.653      0.075     21.940      0.000
    DASS2_1$1         -2.120      0.086    -24.725      0.000
    DASS2_1$2          0.439      0.065      6.784      0.000
    DASS2_1$3          2.059      0.087     23.637      0.000
    DASS3_1$1         -2.897      0.125    -23.129      0.000
    DASS3_1$2         -0.022      0.083     -0.263      0.792
    DASS3_1$3          1.979      0.102     19.496      0.000
    DASS4_1$1         -3.083      0.126    -24.418      0.000
    DASS4_1$2          0.290      0.081      3.589      0.000
    DASS4_1$3          2.313      0.103     22.503      0.000
    DASS5_1$1         -2.292      0.094    -24.277      0.000
    DASS5_1$2          0.226      0.071      3.178      0.001
    DASS5_1$3          1.877      0.086     21.940      0.000
    DASS6_1$1         -0.992      0.058    -17.225      0.000
    DASS6_1$2          0.985      0.059     16.728      0.000
    DASS6_1$3          2.164      0.083     25.952      0.000
    DASS7_1$1         -1.880      0.084    -22.490      0.000
    DASS7_1$2          0.468      0.065      7.214      0.000
    DASS7_1$3          1.984      0.084     23.483      0.000

 Variances
    DASSP_1            1.000      0.000    999.000    999.000

 Residual Variances
    DASS1_1            1.000      0.000    999.000    999.000
    DASS2_1            1.000      0.000    999.000    999.000
    DASS3_1            1.000      0.000    999.000    999.000
    DASS4_1            1.000      0.000    999.000    999.000
    DASS5_1            1.000      0.000    999.000    999.000
    DASS6_1            1.000      0.000    999.000    999.000
    DASS7_1            1.000      0.000    999.000    999.000


STANDARDIZED MODEL RESULTS


STDYX Standardization

                                                    Two-Tailed
                    Estimate       S.E.  Est./S.E.    P-Value

Group YOUNGER

 DASSP_1  BY
    DASS1_1            0.748      0.015     48.375      0.000
    DASS2_1            0.799      0.014     58.951      0.000
    DASS3_1            0.877      0.009     99.933      0.000
    DASS4_1            0.861      0.010     90.587      0.000
    DASS5_1            0.849      0.010     82.871      0.000
    DASS6_1            0.688      0.018     38.413      0.000
    DASS7_1            0.798      0.013     61.249      0.000

 DASS1_1  WITH
    DASS2_1            0.309      0.028     11.129      0.000

 DASS6_1  WITH
    DASS7_1            0.299      0.031      9.733      0.000

 Means
    DASSP_1            0.000      0.000    999.000    999.000

 Thresholds
    DASS1_1$1         -1.159      0.048    -24.402      0.000
    DASS1_1$2          0.185      0.037      4.974      0.000
    DASS1_1$3          1.032      0.045     22.927      0.000
    DASS2_1$1         -1.172      0.048    -24.533      0.000
    DASS2_1$2          0.290      0.037      7.735      0.000
    DASS2_1$3          1.159      0.048     24.405      0.000
    DASS3_1$1         -1.181      0.048    -24.620      0.000
    DASS3_1$2          0.016      0.037      0.442      0.659
    DASS3_1$3          0.885      0.043     20.731      0.000
    DASS4_1$1         -1.372      0.053    -26.000      0.000
    DASS4_1$2          0.117      0.037      3.151      0.002
    DASS4_1$3          1.036      0.045     22.976      0.000
    DASS5_1$1         -1.110      0.046    -23.869      0.000
    DASS5_1$2          0.123      0.037      3.327      0.001
    DASS5_1$3          1.082      0.046     23.546      0.000
    DASS6_1$1         -0.760      0.041    -18.503      0.000
    DASS6_1$2          0.577      0.039     14.714      0.000
    DASS6_1$3          1.514      0.057     26.440      0.000
    DASS7_1$1         -0.954      0.044    -21.827      0.000
    DASS7_1$2          0.326      0.038      8.672      0.000
    DASS7_1$3          1.168      0.048     24.492      0.000

 Variances
    DASSP_1            1.000      0.000    999.000    999.000

 Residual Variances
    DASS1_1            0.440      0.023     19.010      0.000
    DASS2_1            0.361      0.022     16.673      0.000
    DASS3_1            0.230      0.015     14.945      0.000
    DASS4_1            0.258      0.016     15.749      0.000
    DASS5_1            0.279      0.017     16.009      0.000
    DASS6_1            0.527      0.025     21.406      0.000
    DASS7_1            0.364      0.021     17.499      0.000

Group OLDER

 DASSP_1  BY
    DASS1_1            0.794      0.013     60.219      0.000
    DASS2_1            0.818      0.012     69.835      0.000
    DASS3_1            0.897      0.008    111.392      0.000
    DASS4_1            0.890      0.008    115.402      0.000
    DASS5_1            0.855      0.010     87.109      0.000
    DASS6_1            0.715      0.017     41.637      0.000
    DASS7_1            0.813      0.012     65.037      0.000

 DASS1_1  WITH
    DASS2_1            0.395      0.030     13.290      0.000

 DASS6_1  WITH
    DASS7_1            0.322      0.034      9.348      0.000

 Means
    DASSP_1            0.000      0.000    999.000    999.000

 Thresholds
    DASS1_1$1         -1.380      0.053    -26.217      0.000
    DASS1_1$2          0.132      0.037      3.596      0.000
    DASS1_1$3          1.005      0.044     22.716      0.000
    DASS2_1$1         -1.220      0.049    -25.146      0.000
    DASS2_1$2          0.252      0.037      6.808      0.000
    DASS2_1$3          1.185      0.048     24.824      0.000
    DASS3_1$1         -1.281      0.050    -25.631      0.000
    DASS3_1$2         -0.010      0.037     -0.263      0.792
    DASS3_1$3          0.875      0.042     20.718      0.000
    DASS4_1$1         -1.408      0.053    -26.333      0.000
    DASS4_1$2          0.132      0.037      3.597      0.000
    DASS4_1$3          1.056      0.045     23.395      0.000
    DASS5_1$1         -1.189      0.048    -24.864      0.000
    DASS5_1$2          0.117      0.037      3.187      0.001
    DASS5_1$3          0.974      0.044     22.266      0.000
    DASS6_1$1         -0.694      0.040    -17.329      0.000
    DASS6_1$2          0.689      0.040     17.218      0.000
    DASS6_1$3          1.514      0.057     26.625      0.000
    DASS7_1$1         -1.095      0.046    -23.865      0.000
    DASS7_1$2          0.272      0.037      7.333      0.000
    DASS7_1$3          1.155      0.047     24.534      0.000

 Variances
    DASSP_1            1.000      0.000    999.000    999.000

 Residual Variances
    DASS1_1            0.370      0.021     17.658      0.000
    DASS2_1            0.331      0.019     17.282      0.000
    DASS3_1            0.196      0.014     13.541      0.000
    DASS4_1            0.209      0.014     15.206      0.000
    DASS5_1            0.269      0.017     16.036      0.000
    DASS6_1            0.489      0.025     19.942      0.000
    DASS7_1            0.339      0.020     16.686      0.000


R-SQUARE

Group YOUNGER

    Observed                                        Two-Tailed     Scale
    Variable        Estimate       S.E.  Est./S.E.    P-Value     Factors

    DASS1_1            0.560      0.023     24.188      0.000      0.663
    DASS2_1            0.639      0.022     29.476      0.000      0.601
    DASS3_1            0.770      0.015     49.967      0.000      0.480
    DASS4_1            0.742      0.016     45.293      0.000      0.508
    DASS5_1            0.721      0.017     41.436      0.000      0.528
    DASS6_1            0.473      0.025     19.207      0.000      0.726
    DASS7_1            0.636      0.021     30.624      0.000      0.603

Group OLDER

    Observed                                        Two-Tailed     Scale
    Variable        Estimate       S.E.  Est./S.E.    P-Value     Factors

    DASS1_1            0.630      0.021     30.109      0.000      0.608
    DASS2_1            0.669      0.019     34.918      0.000      0.575
    DASS3_1            0.804      0.014     55.696      0.000      0.442
    DASS4_1            0.791      0.014     57.701      0.000      0.457
    DASS5_1            0.731      0.017     43.555      0.000      0.519
    DASS6_1            0.511      0.025     20.818      0.000      0.699
    DASS7_1            0.661      0.020     32.519      0.000      0.582


QUALITY OF NUMERICAL RESULTS

     Condition Number for the Information Matrix              0.212E-01
       (ratio of smallest to largest eigenvalue)


MODEL MODIFICATION INDICES

Minimum M.I. value for printing the modification index    10.000

                                   M.I.     E.P.C.  Std E.P.C.  StdYX E.P.C.
Group YOUNGER


ON Statements

DASSP_1  ON DASS2_1              999.000     0.000      0.000        0.000
DASSP_1  ON DASS3_1              999.000     0.000      0.000        0.000
DASSP_1  ON DASS4_1              999.000     0.000      0.000        0.000
DASSP_1  ON DASS5_1              999.000     0.000      0.000        0.000
DASSP_1  ON DASS7_1              999.000     0.000      0.000        0.000
DASS2_1  ON DASS3_1               10.279     0.133      0.133        0.166
DASS2_1  ON DASS5_1               11.836    -0.140     -0.140       -0.159
DASS3_1  ON DASS7_1               11.016    -0.144     -0.144       -0.115
DASS5_1  ON DASS2_1               11.543    -0.140     -0.140       -0.123
DASS5_1  ON DASS6_1               18.495     0.161      0.161        0.117
DASS5_1  ON DASS7_1               16.481     0.154      0.154        0.134
DASS6_1  ON DASS5_1               11.387     0.125      0.125        0.172

WITH Statements

DASS3_1  WITH DASS2_1             10.342     0.133      0.133        0.133
DASS5_1  WITH DASS2_1             11.777    -0.139     -0.139       -0.139
DASS6_1  WITH DASS5_1             11.306     0.125      0.125        0.125

Group OLDER


ON/BY Statements

DASSP_1  ON DASSP_1  /
DASSP_1  BY DASSP_1              999.000     0.000      0.000        0.000

ON Statements

DASSP_1  ON DASS1_1              999.000     0.000      0.000        0.000
DASSP_1  ON DASS2_1              999.000     0.000      0.000        0.000
DASSP_1  ON DASS3_1              999.000     0.000      0.000        0.000
DASSP_1  ON DASS4_1              999.000     0.000      0.000        0.000
DASSP_1  ON DASS5_1              999.000     0.000      0.000        0.000
DASSP_1  ON DASS6_1              999.000     0.000      0.000        0.000
DASSP_1  ON DASS7_1              999.000     0.000      0.000        0.000
DASS1_1  ON DASS6_1               20.981    -0.174     -0.174       -0.151
DASS2_1  ON DASS5_1               10.442    -0.138     -0.138       -0.154
DASS5_1  ON DASS2_1               11.631    -0.147     -0.147       -0.132
DASS6_1  ON DASS1_1               10.081    -0.120     -0.120       -0.138

WITH Statements

DASS5_1  WITH DASS2_1             10.473    -0.139     -0.139       -0.139
DASS6_1  WITH DASS1_1             19.493    -0.167     -0.167       -0.167



SAVEDATA INFORMATION


  Difference testing

  Save file
    dass1_parent_age_inv_config.dat
  Save format      Free

     Beginning Time:  20:29:02
        Ending Time:  20:29:02
       Elapsed Time:  00:00:00



MUTHEN & MUTHEN
3463 Stoner Ave.
Los Angeles, CA  90066

Tel: (310) 391-9971
Fax: (310) 391-8971
Web: www.StatModel.com
Support: Support@StatModel.com

Copyright (c) 1998-2019 Muthen & Muthen
