Mplus VERSION 8.4 (Mac)
MUTHEN & MUTHEN
04/16/2023   8:29 PM

INPUT INSTRUCTIONS

  Title: Parent DASS Age Measurement Invariance Metric Model;

  Data:
     File is dass_parent_1.txt;

  Variable:
     Names are studentid treatment female age_w dass1_1 dass2_1 dass3_1
     dass4_1 dass5_1 dass6_1 dass7_1 half;
     Missing are . ;

    Usevariable are
  	dass1_1 dass2_1 dass3_1 dass4_1 dass5_1 dass6_1 dass7_1 age_c;

    Categorical is
  	dass1_1 dass2_1 dass3_1 dass4_1 dass5_1 dass6_1 dass7_1;

    Group is age_c (1 = Older 0 = Younger);

  Define:
  	age_c = 0;
  	if(age_w ge 40) then age_c = 1;

  Analysis:
     Estimator = wlsmv;
     Parameterization = theta;
     Difftest = dass1_parent_age_inv_config.dat


  !!! Model for Younger Parents !!!

  Model:
    ! Factor loadings all freely estimated
    dassp_1 by
      dass1_1-dass7_1* (L1-L7);

    dass1_1 with dass2_1;
    dass6_1 with dass7_1;

    !estimating thresholds freely
    [dass1_1$1-dass7_1$1*] (T1_1-T1_7);
    [dass1_1$2-dass7_1$2*] (T2_1-T2_7);
    [dass1_1$3-dass7_1$3*] (T3_1-T3_7);

    !constraining item residual variance to 1 for identification
    dass1_1-dass7_1@1;

    !fixing latent mean to zero for identification
    [dassp_1@0];

    !fixing latent variance to one for identification
    dassp_1@1;

  !!! Model for Older Parents !!!

  Model Older:
    ! Factor loadings constrained to *be equal to the comparison group*
    dassp_1 by dass1_1-dass7_1* (L1-L7);

    dass1_1 with dass2_1;
    dass6_1 with dass7_1;

    ! estimating thresholds freely
    [dass1_1$1-dass7_1$1*];
    [dass1_1$2-dass7_1$2*];
    [dass1_1$3-dass7_1$3*];

    ! constraining item residual variance to 1 for identification
    dass1_1-dass7_1@1;

    ! fixing latent factor mean to zero for identification
    [dassp_1@0];

    ! latent factor variance *estimated*
    dassp_1*;

  Output: sampstat stdyx modindices(all);
  Savedata: Difftest is dass1_parent_age_inv_metric.dat;



INPUT READING TERMINATED NORMALLY



Parent DASS Age Measurement Invariance Metric Model;

SUMMARY OF ANALYSIS

Number of groups                                                 2
Number of observations
   Group YOUNGER                                              1153
   Group OLDER                                                1169
   Total sample size                                          2322

Number of dependent variables                                    7
Number of independent variables                                  0
Number of continuous latent variables                            1

Observed dependent variables

  Binary and ordered categorical (ordinal)
   DASS1_1     DASS2_1     DASS3_1     DASS4_1     DASS5_1     DASS6_1
   DASS7_1

Continuous latent variables
   DASSP_1

Variables with special functions

  Grouping variable     AGE_C

Estimator                                                    WLSMV
Maximum number of iterations                                  1000
Convergence criterion                                    0.500D-04
Maximum number of steepest descent iterations                   20
Maximum number of iterations for H1                           2000
Convergence criterion for H1                             0.100D-03
Parameterization                                             THETA
Link                                                        PROBIT

Input data file(s)
  dass_parent_1.txt

Input data format  FREE


SUMMARY OF DATA

   Group YOUNGER
     Number of missing data patterns             1

   Group OLDER
     Number of missing data patterns             1


COVARIANCE COVERAGE OF DATA

Minimum covariance coverage value   0.100


     PROPORTION OF DATA PRESENT FOR YOUNGER


           Covariance Coverage
              DASS1_1       DASS2_1       DASS3_1       DASS4_1       DASS5_1
              ________      ________      ________      ________      ________
 DASS1_1        1.000
 DASS2_1        1.000         1.000
 DASS3_1        1.000         1.000         1.000
 DASS4_1        1.000         1.000         1.000         1.000
 DASS5_1        1.000         1.000         1.000         1.000         1.000
 DASS6_1        1.000         1.000         1.000         1.000         1.000
 DASS7_1        1.000         1.000         1.000         1.000         1.000


           Covariance Coverage
              DASS6_1       DASS7_1
              ________      ________
 DASS6_1        1.000
 DASS7_1        1.000         1.000


     PROPORTION OF DATA PRESENT FOR OLDER


           Covariance Coverage
              DASS1_1       DASS2_1       DASS3_1       DASS4_1       DASS5_1
              ________      ________      ________      ________      ________
 DASS1_1        1.000
 DASS2_1        1.000         1.000
 DASS3_1        1.000         1.000         1.000
 DASS4_1        1.000         1.000         1.000         1.000
 DASS5_1        1.000         1.000         1.000         1.000         1.000
 DASS6_1        1.000         1.000         1.000         1.000         1.000
 DASS7_1        1.000         1.000         1.000         1.000         1.000


           Covariance Coverage
              DASS6_1       DASS7_1
              ________      ________
 DASS6_1        1.000
 DASS7_1        1.000         1.000


UNIVARIATE PROPORTIONS AND COUNTS FOR CATEGORICAL VARIABLES

  Group YOUNGER
    DASS1_1
      Category 1    0.123          142.000
      Category 2    0.450          519.000
      Category 3    0.276          318.000
      Category 4    0.151          174.000
    DASS2_1
      Category 1    0.121          139.000
      Category 2    0.493          569.000
      Category 3    0.263          303.000
      Category 4    0.123          142.000
    DASS3_1
      Category 1    0.119          137.000
      Category 2    0.388          447.000
      Category 3    0.305          352.000
      Category 4    0.188          217.000
    DASS4_1
      Category 1    0.085           98.000
      Category 2    0.461          532.000
      Category 3    0.304          350.000
      Category 4    0.150          173.000
    DASS5_1
      Category 1    0.134          154.000
      Category 2    0.415          479.000
      Category 3    0.311          359.000
      Category 4    0.140          161.000
    DASS6_1
      Category 1    0.224          258.000
      Category 2    0.494          570.000
      Category 3    0.217          250.000
      Category 4    0.065           75.000
    DASS7_1
      Category 1    0.170          196.000
      Category 2    0.458          528.000
      Category 3    0.251          289.000
      Category 4    0.121          140.000

  Group OLDER
    DASS1_1
      Category 1    0.084           98.000
      Category 2    0.469          548.000
      Category 3    0.290          339.000
      Category 4    0.157          184.000
    DASS2_1
      Category 1    0.111          130.000
      Category 2    0.488          571.000
      Category 3    0.282          330.000
      Category 4    0.118          138.000
    DASS3_1
      Category 1    0.100          117.000
      Category 2    0.396          463.000
      Category 3    0.313          366.000
      Category 4    0.191          223.000
    DASS4_1
      Category 1    0.080           93.000
      Category 2    0.473          553.000
      Category 3    0.302          353.000
      Category 4    0.145          170.000
    DASS5_1
      Category 1    0.117          137.000
      Category 2    0.429          502.000
      Category 3    0.288          337.000
      Category 4    0.165          193.000
    DASS6_1
      Category 1    0.244          285.000
      Category 2    0.511          597.000
      Category 3    0.180          211.000
      Category 4    0.065           76.000
    DASS7_1
      Category 1    0.137          160.000
      Category 2    0.470          550.000
      Category 3    0.269          314.000
      Category 4    0.124          145.000


SAMPLE STATISTICS


     ESTIMATED SAMPLE STATISTICS FOR YOUNGER


           MEANS/INTERCEPTS/THRESHOLDS
              DASS1_1$      DASS1_1$      DASS1_1$      DASS2_1$      DASS2_1$
              ________      ________      ________      ________      ________
               -1.159         0.185         1.033        -1.172         0.290


           MEANS/INTERCEPTS/THRESHOLDS
              DASS2_1$      DASS3_1$      DASS3_1$      DASS3_1$      DASS4_1$
              ________      ________      ________      ________      ________
                1.159        -1.181         0.016         0.885        -1.372


           MEANS/INTERCEPTS/THRESHOLDS
              DASS4_1$      DASS4_1$      DASS5_1$      DASS5_1$      DASS5_1$
              ________      ________      ________      ________      ________
                0.117         1.036        -1.110         0.123         1.082


           MEANS/INTERCEPTS/THRESHOLDS
              DASS6_1$      DASS6_1$      DASS6_1$      DASS7_1$      DASS7_1$
              ________      ________      ________      ________      ________
               -0.760         0.577         1.514        -0.954         0.326


           MEANS/INTERCEPTS/THRESHOLDS
              DASS7_1$
              ________
                1.168


           CORRELATION MATRIX (WITH VARIANCES ON THE DIAGONAL)
              DASS1_1       DASS2_1       DASS3_1       DASS4_1       DASS5_1
              ________      ________      ________      ________      ________
 DASS1_1
 DASS2_1        0.721
 DASS3_1        0.650         0.722
 DASS4_1        0.659         0.676         0.769
 DASS5_1        0.638         0.650         0.734         0.728
 DASS6_1        0.483         0.570         0.593         0.567         0.617
 DASS7_1        0.602         0.638         0.678         0.682         0.698


           CORRELATION MATRIX (WITH VARIANCES ON THE DIAGONAL)
              DASS6_1       DASS7_1
              ________      ________
 DASS7_1        0.680


     ESTIMATED SAMPLE STATISTICS FOR OLDER


           MEANS/INTERCEPTS/THRESHOLDS
              DASS1_1$      DASS1_1$      DASS1_1$      DASS2_1$      DASS2_1$
              ________      ________      ________      ________      ________
               -1.380         0.132         1.005        -1.220         0.252


           MEANS/INTERCEPTS/THRESHOLDS
              DASS2_1$      DASS3_1$      DASS3_1$      DASS3_1$      DASS4_1$
              ________      ________      ________      ________      ________
                1.185        -1.281        -0.010         0.875        -1.408


           MEANS/INTERCEPTS/THRESHOLDS
              DASS4_1$      DASS4_1$      DASS5_1$      DASS5_1$      DASS5_1$
              ________      ________      ________      ________      ________
                0.132         1.056        -1.189         0.117         0.974


           MEANS/INTERCEPTS/THRESHOLDS
              DASS6_1$      DASS6_1$      DASS6_1$      DASS7_1$      DASS7_1$
              ________      ________      ________      ________      ________
               -0.694         0.689         1.514        -1.094         0.272


           MEANS/INTERCEPTS/THRESHOLDS
              DASS7_1$
              ________
                1.155


           CORRELATION MATRIX (WITH VARIANCES ON THE DIAGONAL)
              DASS1_1       DASS2_1       DASS3_1       DASS4_1       DASS5_1
              ________      ________      ________      ________      ________
 DASS1_1
 DASS2_1        0.787
 DASS3_1        0.717         0.744
 DASS4_1        0.724         0.723         0.788
 DASS5_1        0.676         0.677         0.767         0.768
 DASS6_1        0.520         0.612         0.664         0.604         0.617
 DASS7_1        0.641         0.664         0.714         0.732         0.704


           CORRELATION MATRIX (WITH VARIANCES ON THE DIAGONAL)
              DASS6_1       DASS7_1
              ________      ________
 DASS7_1        0.712


THE MODEL ESTIMATION TERMINATED NORMALLY



MODEL FIT INFORMATION

Number of Free Parameters                       54

Chi-Square Test of Model Fit

          Value                             69.624*
          Degrees of Freedom                    30
          P-Value                           0.0001

Chi-Square Contribution From Each Group

          YOUNGER                           36.288
          OLDER                             33.335

Chi-Square Test for Difference Testing

          Value                              4.126*
          Degrees of Freedom                     6
          P-Value                           0.6597

*   The chi-square value for MLM, MLMV, MLR, ULSMV, WLSM and WLSMV cannot be used
    for chi-square difference testing in the regular way.  MLM, MLR and WLSM
    chi-square difference testing is described on the Mplus website.  MLMV, WLSMV,
    and ULSMV difference testing is done using the DIFFTEST option.  The DIFFTEST
    option assumes the models are nested.  The NESTED option can be used to verify
    that the models are nested.

RMSEA (Root Mean Square Error Of Approximation)

          Estimate                           0.034
          90 Percent C.I.                    0.023  0.044
          Probability RMSEA <= .05           0.996

CFI/TLI

          CFI                                0.999
          TLI                                0.998

Chi-Square Test of Model Fit for the Baseline Model

          Value                          34961.153
          Degrees of Freedom                    42
          P-Value                           0.0000

SRMR (Standardized Root Mean Square Residual)

          Value                              0.012

Optimum Function Value for Weighted Least-Squares Estimator

          Value                     0.83059038D-02



MODEL RESULTS

                                                    Two-Tailed
                    Estimate       S.E.  Est./S.E.    P-Value

Group YOUNGER

 DASSP_1  BY
    DASS1_1            1.165      0.044     26.515      0.000
    DASS2_1            1.317      0.049     26.989      0.000
    DASS3_1            1.846      0.068     27.191      0.000
    DASS4_1            1.741      0.062     28.065      0.000
    DASS5_1            1.558      0.056     27.955      0.000
    DASS6_1            0.942      0.037     25.261      0.000
    DASS7_1            1.303      0.048     27.094      0.000

 DASS1_1  WITH
    DASS2_1            0.296      0.030      9.926      0.000

 DASS6_1  WITH
    DASS7_1            0.306      0.031      9.794      0.000

 Means
    DASSP_1            0.000      0.000    999.000    999.000

 Thresholds
    DASS1_1$1         -1.780      0.072    -24.695      0.000
    DASS1_1$2          0.284      0.057      4.974      0.000
    DASS1_1$3          1.585      0.068     23.146      0.000
    DASS2_1$1         -1.938      0.078    -24.751      0.000
    DASS2_1$2          0.479      0.062      7.725      0.000
    DASS2_1$3          1.917      0.077     24.752      0.000
    DASS3_1$1         -2.479      0.101    -24.581      0.000
    DASS3_1$2          0.034      0.077      0.442      0.659
    DASS3_1$3          1.857      0.089     20.960      0.000
    DASS4_1$1         -2.755      0.107    -25.731      0.000
    DASS4_1$2          0.234      0.074      3.148      0.002
    DASS4_1$3          2.080      0.089     23.318      0.000
    DASS5_1$1         -2.055      0.085    -24.199      0.000
    DASS5_1$2          0.228      0.069      3.329      0.001
    DASS5_1$3          2.004      0.084     23.893      0.000
    DASS6_1$1         -1.044      0.056    -18.637      0.000
    DASS6_1$2          0.793      0.054     14.686      0.000
    DASS6_1$3          2.080      0.077     26.953      0.000
    DASS7_1$1         -1.567      0.071    -22.166      0.000
    DASS7_1$2          0.536      0.062      8.660      0.000
    DASS7_1$3          1.918      0.077     24.951      0.000

 Variances
    DASSP_1            1.000      0.000    999.000    999.000

 Residual Variances
    DASS1_1            1.000      0.000    999.000    999.000
    DASS2_1            1.000      0.000    999.000    999.000
    DASS3_1            1.000      0.000    999.000    999.000
    DASS4_1            1.000      0.000    999.000    999.000
    DASS5_1            1.000      0.000    999.000    999.000
    DASS6_1            1.000      0.000    999.000    999.000
    DASS7_1            1.000      0.000    999.000    999.000

Group OLDER

 DASSP_1  BY
    DASS1_1            1.165      0.044     26.515      0.000
    DASS2_1            1.317      0.049     26.989      0.000
    DASS3_1            1.846      0.068     27.191      0.000
    DASS4_1            1.741      0.062     28.065      0.000
    DASS5_1            1.558      0.056     27.955      0.000
    DASS6_1            0.942      0.037     25.261      0.000
    DASS7_1            1.303      0.048     27.094      0.000

 DASS1_1  WITH
    DASS2_1            0.404      0.030     13.706      0.000

 DASS6_1  WITH
    DASS7_1            0.316      0.035      9.009      0.000

 Means
    DASSP_1            0.000      0.000    999.000    999.000

 Thresholds
    DASS1_1$1         -2.229      0.085    -26.156      0.000
    DASS1_1$2          0.214      0.059      3.592      0.000
    DASS1_1$3          1.624      0.071     22.951      0.000
    DASS2_1$1         -2.133      0.085    -25.108      0.000
    DASS2_1$2          0.441      0.065      6.814      0.000
    DASS2_1$3          2.072      0.083     24.860      0.000
    DASS3_1$1         -2.877      0.114    -25.159      0.000
    DASS3_1$2         -0.022      0.082     -0.263      0.792
    DASS3_1$3          1.965      0.095     20.659      0.000
    DASS4_1$1         -3.018      0.115    -26.152      0.000
    DASS4_1$2          0.283      0.079      3.595      0.000
    DASS4_1$3          2.264      0.096     23.657      0.000
    DASS5_1$1         -2.343      0.093    -25.141      0.000
    DASS5_1$2          0.231      0.072      3.184      0.001
    DASS5_1$3          1.918      0.085     22.604      0.000
    DASS6_1$1         -0.995      0.057    -17.470      0.000
    DASS6_1$2          0.987      0.058     17.132      0.000
    DASS6_1$3          2.169      0.081     26.895      0.000
    DASS7_1$1         -1.900      0.080    -23.605      0.000
    DASS7_1$2          0.473      0.065      7.283      0.000
    DASS7_1$3          2.005      0.082     24.570      0.000

 Variances
    DASSP_1            1.186      0.090     13.198      0.000

 Residual Variances
    DASS1_1            1.000      0.000    999.000    999.000
    DASS2_1            1.000      0.000    999.000    999.000
    DASS3_1            1.000      0.000    999.000    999.000
    DASS4_1            1.000      0.000    999.000    999.000
    DASS5_1            1.000      0.000    999.000    999.000
    DASS6_1            1.000      0.000    999.000    999.000
    DASS7_1            1.000      0.000    999.000    999.000


STANDARDIZED MODEL RESULTS


STDYX Standardization

                                                    Two-Tailed
                    Estimate       S.E.  Est./S.E.    P-Value

Group YOUNGER

 DASSP_1  BY
    DASS1_1            0.759      0.012     62.516      0.000
    DASS2_1            0.796      0.011     73.801      0.000
    DASS3_1            0.879      0.007    119.838      0.000
    DASS4_1            0.867      0.008    113.108      0.000
    DASS5_1            0.842      0.009     95.856      0.000
    DASS6_1            0.686      0.014     47.682      0.000
    DASS7_1            0.793      0.011     73.070      0.000

 DASS1_1  WITH
    DASS2_1            0.296      0.030      9.926      0.000

 DASS6_1  WITH
    DASS7_1            0.306      0.031      9.794      0.000

 Means
    DASSP_1            0.000      0.000    999.000    999.000

 Thresholds
    DASS1_1$1         -1.159      0.048    -24.403      0.000
    DASS1_1$2          0.185      0.037      4.974      0.000
    DASS1_1$3          1.033      0.045     22.928      0.000
    DASS2_1$1         -1.172      0.048    -24.532      0.000
    DASS2_1$2          0.290      0.037      7.735      0.000
    DASS2_1$3          1.159      0.048     24.404      0.000
    DASS3_1$1         -1.181      0.048    -24.618      0.000
    DASS3_1$2          0.016      0.037      0.442      0.659
    DASS3_1$3          0.885      0.043     20.731      0.000
    DASS4_1$1         -1.372      0.053    -25.997      0.000
    DASS4_1$2          0.117      0.037      3.151      0.002
    DASS4_1$3          1.036      0.045     22.979      0.000
    DASS5_1$1         -1.110      0.046    -23.875      0.000
    DASS5_1$2          0.123      0.037      3.327      0.001
    DASS5_1$3          1.082      0.046     23.552      0.000
    DASS6_1$1         -0.760      0.041    -18.503      0.000
    DASS6_1$2          0.577      0.039     14.714      0.000
    DASS6_1$3          1.514      0.057     26.442      0.000
    DASS7_1$1         -0.954      0.044    -21.828      0.000
    DASS7_1$2          0.326      0.038      8.673      0.000
    DASS7_1$3          1.168      0.048     24.492      0.000

 Variances
    DASSP_1            1.000      0.000    999.000    999.000

 Residual Variances
    DASS1_1            0.424      0.018     23.021      0.000
    DASS2_1            0.366      0.017     21.275      0.000
    DASS3_1            0.227      0.013     17.585      0.000
    DASS4_1            0.248      0.013     18.663      0.000
    DASS5_1            0.292      0.015     19.732      0.000
    DASS6_1            0.530      0.020     26.861      0.000
    DASS7_1            0.371      0.017     21.530      0.000

Group OLDER

 DASSP_1  BY
    DASS1_1            0.785      0.011     69.934      0.000
    DASS2_1            0.820      0.010     82.265      0.000
    DASS3_1            0.895      0.007    136.567      0.000
    DASS4_1            0.885      0.007    131.386      0.000
    DASS5_1            0.862      0.008    107.840      0.000
    DASS6_1            0.716      0.014     51.696      0.000
    DASS7_1            0.817      0.010     80.540      0.000

 DASS1_1  WITH
    DASS2_1            0.404      0.030     13.706      0.000

 DASS6_1  WITH
    DASS7_1            0.316      0.035      9.009      0.000

 Means
    DASSP_1            0.000      0.000    999.000    999.000

 Thresholds
    DASS1_1$1         -1.380      0.053    -26.216      0.000
    DASS1_1$2          0.132      0.037      3.596      0.000
    DASS1_1$3          1.005      0.044     22.715      0.000
    DASS2_1$1         -1.220      0.049    -25.145      0.000
    DASS2_1$2          0.252      0.037      6.808      0.000
    DASS2_1$3          1.185      0.048     24.823      0.000
    DASS3_1$1         -1.281      0.050    -25.629      0.000
    DASS3_1$2         -0.010      0.037     -0.263      0.792
    DASS3_1$3          0.875      0.042     20.716      0.000
    DASS4_1$1         -1.408      0.053    -26.336      0.000
    DASS4_1$2          0.132      0.037      3.596      0.000
    DASS4_1$3          1.056      0.045     23.395      0.000
    DASS5_1$1         -1.189      0.048    -24.867      0.000
    DASS5_1$2          0.117      0.037      3.188      0.001
    DASS5_1$3          0.974      0.044     22.268      0.000
    DASS6_1$1         -0.694      0.040    -17.332      0.000
    DASS6_1$2          0.689      0.040     17.220      0.000
    DASS6_1$3          1.514      0.057     26.625      0.000
    DASS7_1$1         -1.095      0.046    -23.863      0.000
    DASS7_1$2          0.272      0.037      7.333      0.000
    DASS7_1$3          1.155      0.047     24.531      0.000

 Variances
    DASSP_1            1.000      0.000    999.000    999.000

 Residual Variances
    DASS1_1            0.383      0.018     21.708      0.000
    DASS2_1            0.327      0.016     19.990      0.000
    DASS3_1            0.198      0.012     16.893      0.000
    DASS4_1            0.218      0.012     18.274      0.000
    DASS5_1            0.258      0.014     18.713      0.000
    DASS6_1            0.487      0.020     24.548      0.000
    DASS7_1            0.332      0.017     20.004      0.000


R-SQUARE

Group YOUNGER

    Observed                                        Two-Tailed     Scale
    Variable        Estimate       S.E.  Est./S.E.    P-Value     Factors

    DASS1_1            0.576      0.018     31.258      0.000      0.651
    DASS2_1            0.634      0.017     36.900      0.000      0.605
    DASS3_1            0.773      0.013     59.919      0.000      0.476
    DASS4_1            0.752      0.013     56.554      0.000      0.498
    DASS5_1            0.708      0.015     47.928      0.000      0.540
    DASS6_1            0.470      0.020     23.841      0.000      0.728
    DASS7_1            0.629      0.017     36.535      0.000      0.609

Group OLDER

    Observed                                        Two-Tailed     Scale
    Variable        Estimate       S.E.  Est./S.E.    P-Value     Factors

    DASS1_1            0.617      0.018     34.967      0.000      0.619
    DASS2_1            0.673      0.016     41.133      0.000      0.572
    DASS3_1            0.802      0.012     68.284      0.000      0.445
    DASS4_1            0.782      0.012     65.693      0.000      0.467
    DASS5_1            0.742      0.014     53.920      0.000      0.508
    DASS6_1            0.513      0.020     25.848      0.000      0.698
    DASS7_1            0.668      0.017     40.270      0.000      0.576


QUALITY OF NUMERICAL RESULTS

     Condition Number for the Information Matrix              0.944E-02
       (ratio of smallest to largest eigenvalue)


MODEL MODIFICATION INDICES

Minimum M.I. value for printing the modification index    10.000

                                   M.I.     E.P.C.  Std E.P.C.  StdYX E.P.C.
Group YOUNGER


ON Statements

DASS5_1  ON DASS6_1               13.330     0.129      0.129        0.096
DASS5_1  ON DASS7_1               11.969     0.104      0.104        0.092

Group OLDER


No modification indices above the minimum value.



SAVEDATA INFORMATION


  Difference testing

  Save file
    dass1_parent_age_inv_metric.dat
  Save format      Free

     Beginning Time:  20:29:19
        Ending Time:  20:29:19
       Elapsed Time:  00:00:00



MUTHEN & MUTHEN
3463 Stoner Ave.
Los Angeles, CA  90066

Tel: (310) 391-9971
Fax: (310) 391-8971
Web: www.StatModel.com
Support: Support@StatModel.com

Copyright (c) 1998-2019 Muthen & Muthen
