Mplus VERSION 8.4 (Mac)
MUTHEN & MUTHEN
04/16/2023   3:23 PM

INPUT INSTRUCTIONS

  Title: Parent DASS Baseline CFA;

  Data:
     File is dass_parent_1.txt;

  Variable:
     Names are studentid treatment female age_w dass1_1 dass2_1 dass3_1
     dass4_1 dass5_1 dass6_1 dass7_1 half;
     Missing are . ;

    Usevariable are
  	dass1_1 dass2_1 dass3_1 dass4_1 dass5_1 dass6_1 dass7_1;

    Categorical is
  	dass1_1 dass2_1 dass3_1 dass4_1 dass5_1 dass6_1 dass7_1;

    Useobservations is half eq 0;

  Analysis:
     Estimator = wlsmv;

  Model:
    dass_p_1 by
      dass1_1 dass2_1 dass3_1 dass4_1 dass5_1 dass6_1 dass7_1

  Output: sampstat stdyx modindices(all);



INPUT READING TERMINATED NORMALLY



Parent DASS Baseline CFA;

SUMMARY OF ANALYSIS

Number of groups                                                 1
Number of observations                                        1161

Number of dependent variables                                    7
Number of independent variables                                  0
Number of continuous latent variables                            1

Observed dependent variables

  Binary and ordered categorical (ordinal)
   DASS1_1     DASS2_1     DASS3_1     DASS4_1     DASS5_1     DASS6_1
   DASS7_1

Continuous latent variables
   DASS_P_1


Estimator                                                    WLSMV
Maximum number of iterations                                  1000
Convergence criterion                                    0.500D-04
Maximum number of steepest descent iterations                   20
Maximum number of iterations for H1                           2000
Convergence criterion for H1                             0.100D-03
Parameterization                                             DELTA
Link                                                        PROBIT

Input data file(s)
  dass_parent_1.txt

Input data format  FREE


SUMMARY OF DATA

     Number of missing data patterns             1


COVARIANCE COVERAGE OF DATA

Minimum covariance coverage value   0.100


     PROPORTION OF DATA PRESENT


           Covariance Coverage
              DASS1_1       DASS2_1       DASS3_1       DASS4_1       DASS5_1
              ________      ________      ________      ________      ________
 DASS1_1        1.000
 DASS2_1        1.000         1.000
 DASS3_1        1.000         1.000         1.000
 DASS4_1        1.000         1.000         1.000         1.000
 DASS5_1        1.000         1.000         1.000         1.000         1.000
 DASS6_1        1.000         1.000         1.000         1.000         1.000
 DASS7_1        1.000         1.000         1.000         1.000         1.000


           Covariance Coverage
              DASS6_1       DASS7_1
              ________      ________
 DASS6_1        1.000
 DASS7_1        1.000         1.000


UNIVARIATE PROPORTIONS AND COUNTS FOR CATEGORICAL VARIABLES

    DASS1_1
      Category 1    0.109          127.000
      Category 2    0.454          527.000
      Category 3    0.288          334.000
      Category 4    0.149          173.000
    DASS2_1
      Category 1    0.123          143.000
      Category 2    0.486          564.000
      Category 3    0.270          313.000
      Category 4    0.121          141.000
    DASS3_1
      Category 1    0.113          131.000
      Category 2    0.387          449.000
      Category 3    0.317          368.000
      Category 4    0.183          213.000
    DASS4_1
      Category 1    0.087          101.000
      Category 2    0.467          542.000
      Category 3    0.289          335.000
      Category 4    0.158          183.000
    DASS5_1
      Category 1    0.135          157.000
      Category 2    0.415          482.000
      Category 3    0.298          346.000
      Category 4    0.152          176.000
    DASS6_1
      Category 1    0.245          285.000
      Category 2    0.492          571.000
      Category 3    0.202          234.000
      Category 4    0.061           71.000
    DASS7_1
      Category 1    0.156          181.000
      Category 2    0.479          556.000
      Category 3    0.238          276.000
      Category 4    0.127          148.000


SAMPLE STATISTICS


     ESTIMATED SAMPLE STATISTICS


           MEANS/INTERCEPTS/THRESHOLDS
              DASS1_1$      DASS1_1$      DASS1_1$      DASS2_1$      DASS2_1$
              ________      ________      ________      ________      ________
               -1.230         0.159         1.041        -1.159         0.277


           MEANS/INTERCEPTS/THRESHOLDS
              DASS2_1$      DASS3_1$      DASS3_1$      DASS3_1$      DASS4_1$
              ________      ________      ________      ________      ________
                1.168        -1.212        -0.001         0.902        -1.360


           MEANS/INTERCEPTS/THRESHOLDS
              DASS4_1$      DASS4_1$      DASS5_1$      DASS5_1$      DASS5_1$
              ________      ________      ________      ________      ________
                0.135         1.004        -1.102         0.127         1.030


           MEANS/INTERCEPTS/THRESHOLDS
              DASS6_1$      DASS6_1$      DASS6_1$      DASS7_1$      DASS7_1$
              ________      ________      ________      ________      ________
               -0.689         0.635         1.545        -1.011         0.345


           MEANS/INTERCEPTS/THRESHOLDS
              DASS7_1$
              ________
                1.138


           CORRELATION MATRIX (WITH VARIANCES ON THE DIAGONAL)
              DASS1_1       DASS2_1       DASS3_1       DASS4_1       DASS5_1
              ________      ________      ________      ________      ________
 DASS1_1
 DASS2_1        0.735
 DASS3_1        0.667         0.730
 DASS4_1        0.654         0.693         0.761
 DASS5_1        0.633         0.655         0.754         0.757
 DASS6_1        0.476         0.590         0.631         0.589         0.619
 DASS7_1        0.593         0.633         0.682         0.705         0.704


           CORRELATION MATRIX (WITH VARIANCES ON THE DIAGONAL)
              DASS6_1       DASS7_1
              ________      ________
 DASS7_1        0.684


THE MODEL ESTIMATION TERMINATED NORMALLY



MODEL FIT INFORMATION

Number of Free Parameters                       28

Chi-Square Test of Model Fit

          Value                            316.378*
          Degrees of Freedom                    14
          P-Value                           0.0000

*   The chi-square value for MLM, MLMV, MLR, ULSMV, WLSM and WLSMV cannot be used
    for chi-square difference testing in the regular way.  MLM, MLR and WLSM
    chi-square difference testing is described on the Mplus website.  MLMV, WLSMV,
    and ULSMV difference testing is done using the DIFFTEST option.

RMSEA (Root Mean Square Error Of Approximation)

          Estimate                           0.136
          90 Percent C.I.                    0.124  0.150
          Probability RMSEA <= .05           0.000

CFI/TLI

          CFI                                0.982
          TLI                                0.972

Chi-Square Test of Model Fit for the Baseline Model

          Value                          16384.399
          Degrees of Freedom                    21
          P-Value                           0.0000

SRMR (Standardized Root Mean Square Residual)

          Value                              0.027

Optimum Function Value for Weighted Least-Squares Estimator

          Value                     0.50746243D-01



MODEL RESULTS

                                                    Two-Tailed
                    Estimate       S.E.  Est./S.E.    P-Value

 DASS_P_1 BY
    DASS1_1            1.000      0.000    999.000    999.000
    DASS2_1            1.068      0.021     51.470      0.000
    DASS3_1            1.120      0.020     56.820      0.000
    DASS4_1            1.106      0.020     56.037      0.000
    DASS5_1            1.091      0.020     53.629      0.000
    DASS6_1            0.936      0.024     39.703      0.000
    DASS7_1            1.046      0.021     48.701      0.000

 Thresholds
    DASS1_1$1         -1.230      0.049    -25.143      0.000
    DASS1_1$2          0.159      0.037      4.313      0.000
    DASS1_1$3          1.041      0.045     23.115      0.000
    DASS2_1$1         -1.159      0.047    -24.489      0.000
    DASS2_1$2          0.277      0.037      7.416      0.000
    DASS2_1$3          1.168      0.048     24.574      0.000
    DASS3_1$1         -1.212      0.048    -24.986      0.000
    DASS3_1$2         -0.001      0.037     -0.029      0.977
    DASS3_1$3          0.902      0.043     21.092      0.000
    DASS4_1$1         -1.360      0.052    -26.025      0.000
    DASS4_1$2          0.135      0.037      3.668      0.000
    DASS4_1$3          1.004      0.044     22.626      0.000
    DASS5_1$1         -1.102      0.046    -23.868      0.000
    DASS5_1$2          0.127      0.037      3.433      0.001
    DASS5_1$3          1.030      0.045     22.970      0.000
    DASS6_1$1         -0.689      0.040    -17.161      0.000
    DASS6_1$2          0.635      0.040     16.032      0.000
    DASS6_1$3          1.545      0.058     26.567      0.000
    DASS7_1$1         -1.011      0.045    -22.725      0.000
    DASS7_1$2          0.345      0.038      9.168      0.000
    DASS7_1$3          1.138      0.047     24.272      0.000

 Variances
    DASS_P_1           0.606      0.021     28.850      0.000


STANDARDIZED MODEL RESULTS


STDYX Standardization

                                                    Two-Tailed
                    Estimate       S.E.  Est./S.E.    P-Value

 DASS_P_1 BY
    DASS1_1            0.779      0.013     57.700      0.000
    DASS2_1            0.832      0.011     74.014      0.000
    DASS3_1            0.872      0.009    102.119      0.000
    DASS4_1            0.861      0.009     97.159      0.000
    DASS5_1            0.849      0.010     86.663      0.000
    DASS6_1            0.729      0.016     46.377      0.000
    DASS7_1            0.814      0.012     67.096      0.000

 Thresholds
    DASS1_1$1         -1.230      0.049    -25.143      0.000
    DASS1_1$2          0.159      0.037      4.313      0.000
    DASS1_1$3          1.041      0.045     23.115      0.000
    DASS2_1$1         -1.159      0.047    -24.489      0.000
    DASS2_1$2          0.277      0.037      7.416      0.000
    DASS2_1$3          1.168      0.048     24.574      0.000
    DASS3_1$1         -1.212      0.048    -24.986      0.000
    DASS3_1$2         -0.001      0.037     -0.029      0.977
    DASS3_1$3          0.902      0.043     21.092      0.000
    DASS4_1$1         -1.360      0.052    -26.025      0.000
    DASS4_1$2          0.135      0.037      3.668      0.000
    DASS4_1$3          1.004      0.044     22.626      0.000
    DASS5_1$1         -1.102      0.046    -23.868      0.000
    DASS5_1$2          0.127      0.037      3.433      0.001
    DASS5_1$3          1.030      0.045     22.970      0.000
    DASS6_1$1         -0.689      0.040    -17.161      0.000
    DASS6_1$2          0.635      0.040     16.032      0.000
    DASS6_1$3          1.545      0.058     26.567      0.000
    DASS7_1$1         -1.011      0.045    -22.725      0.000
    DASS7_1$2          0.345      0.038      9.168      0.000
    DASS7_1$3          1.138      0.047     24.272      0.000

 Variances
    DASS_P_1           1.000      0.000    999.000    999.000


R-SQUARE

    Observed                                        Two-Tailed   Residual
    Variable        Estimate       S.E.  Est./S.E.    P-Value    Variance

    DASS1_1            0.606      0.021     28.850      0.000      0.394
    DASS2_1            0.692      0.019     37.007      0.000      0.308
    DASS3_1            0.761      0.015     51.059      0.000      0.239
    DASS4_1            0.742      0.015     48.580      0.000      0.258
    DASS5_1            0.721      0.017     43.332      0.000      0.279
    DASS6_1            0.532      0.023     23.188      0.000      0.468
    DASS7_1            0.663      0.020     33.548      0.000      0.337


QUALITY OF NUMERICAL RESULTS

     Condition Number for the Information Matrix              0.264E-02
       (ratio of smallest to largest eigenvalue)


MODEL MODIFICATION INDICES

Minimum M.I. value for printing the modification index    10.000

                                   M.I.     E.P.C.  Std E.P.C.  StdYX E.P.C.

ON Statements

DASS1_1  ON DASS2_1              174.817     0.150      0.150        0.150
DASS1_1  ON DASS6_1               48.344    -0.112     -0.112       -0.112
DASS1_1  ON DASS7_1               15.669    -0.055     -0.055       -0.055
DASS2_1  ON DASS1_1              174.816     0.150      0.150        0.150
DASS2_1  ON DASS5_1               36.750    -0.077     -0.077       -0.077
DASS2_1  ON DASS7_1               20.515    -0.062     -0.062       -0.062
DASS3_1  ON DASS7_1               11.662    -0.043     -0.043       -0.043
DASS4_1  ON DASS5_1               16.781     0.047      0.047        0.047
DASS4_1  ON DASS6_1               11.287    -0.051     -0.051       -0.051
DASS5_1  ON DASS2_1               36.736    -0.077     -0.077       -0.077
DASS5_1  ON DASS4_1               16.783     0.047      0.047        0.047
DASS6_1  ON DASS1_1               48.340    -0.112     -0.112       -0.112
DASS6_1  ON DASS4_1               11.291    -0.051     -0.051       -0.051
DASS6_1  ON DASS7_1              107.171     0.133      0.133        0.133
DASS7_1  ON DASS1_1               15.669    -0.055     -0.055       -0.055
DASS7_1  ON DASS2_1               20.515    -0.062     -0.062       -0.062
DASS7_1  ON DASS3_1               11.665    -0.043     -0.043       -0.043
DASS7_1  ON DASS6_1              107.165     0.133      0.133        0.133

WITH Statements

DASS2_1  WITH DASS1_1            174.821     0.150      0.150        0.430
DASS5_1  WITH DASS2_1             36.747    -0.077     -0.077       -0.262
DASS5_1  WITH DASS4_1             16.776     0.047      0.047        0.174
DASS6_1  WITH DASS1_1             48.341    -0.112     -0.112       -0.260
DASS6_1  WITH DASS4_1             11.292    -0.051     -0.051       -0.146
DASS7_1  WITH DASS1_1             15.667    -0.055     -0.055       -0.151
DASS7_1  WITH DASS2_1             20.513    -0.062     -0.062       -0.191
DASS7_1  WITH DASS3_1             11.664    -0.043     -0.043       -0.153
DASS7_1  WITH DASS6_1            107.169     0.133      0.133        0.335


     Beginning Time:  15:23:08
        Ending Time:  15:23:08
       Elapsed Time:  00:00:00



MUTHEN & MUTHEN
3463 Stoner Ave.
Los Angeles, CA  90066

Tel: (310) 391-9971
Fax: (310) 391-8971
Web: www.StatModel.com
Support: Support@StatModel.com

Copyright (c) 1998-2019 Muthen & Muthen
