Mplus VERSION 8.4 (Mac)
MUTHEN & MUTHEN
11/07/2023   8:40 PM

INPUT INSTRUCTIONS

  Title: Student DASS Endline EFA;

  Data:
     File is ../dat_stu_2.txt;

  Variable:
     Names are studentid girl age_w grito1_2 grito5_2 grito6_2
     grito7_2 grito8_2 grit1_2 grit2_2 grit3_2 grit4_2 grit5_2
     grit6_2 grit7_2 grit8_2 loc1_2 loc2_2 loc3_2 loc4_2 dass1_2
     dass2_2 dass3_2 dass4_2 dass5_2 dass6_2 dass7_2 dass8_2
     dass9_2 dass10_2 dass11_2 dass12_2 dass13_2 dass14_2
     dass15_2 dass16_2 dass17_2 dass18_2 dass19_2 dass20_2 dass21_2
     treatment half;
     Missing are . ;

    Usevariable are
  	dass1_2 dass2_2 dass3_2 dass4_2 dass5_2 dass6_2 dass7_2 dass8_2
    dass9_2 dass10_2 dass11_2 dass12_2 dass13_2 dass14_2
    dass15_2 dass16_2 dass17_2 dass18_2 dass19_2 dass20_2 dass21_2;

    Categorical is
  	dass1_2 dass2_2 dass3_2 dass4_2 dass5_2 dass6_2 dass7_2 dass8_2
    dass9_2 dass10_2 dass11_2 dass12_2 dass13_2 dass14_2
    dass15_2 dass16_2 dass17_2 dass18_2 dass19_2 dass20_2 dass21_2;

    Idvariable is studentid;

    Useobservations is half eq 1;

  Analysis:
     Type = efa 1 3;
     Estimator = wlsmv;

  Output: sampstat stdy modindices(all);



*** WARNING in OUTPUT command
  STANDARDIZED (STD, STDY, STDYX) options are not available for TYPE=EFA.
  Request for STANDARDIZED options will be ignored.  Note that STANDARDIZED options
  are available with the use of EFA factors (ESEM) declared in the MODEL command.
   1 WARNING(S) FOUND IN THE INPUT INSTRUCTIONS



Student DASS Endline EFA;

SUMMARY OF ANALYSIS

Number of groups                                                 1
Number of observations                                         684

Number of dependent variables                                   21
Number of independent variables                                  0
Number of continuous latent variables                            0

Observed dependent variables

  Binary and ordered categorical (ordinal)
   DASS1_2     DASS2_2     DASS3_2     DASS4_2     DASS5_2     DASS6_2
   DASS7_2     DASS8_2     DASS9_2     DASS10_2    DASS11_2    DASS12_2
   DASS13_2    DASS14_2    DASS15_2    DASS16_2    DASS17_2    DASS18_2
   DASS19_2    DASS20_2    DASS21_2

Variables with special functions

  ID variable           STUDENTI

Estimator                                                    WLSMV
Rotation                                                    GEOMIN
Row standardization                                    CORRELATION
Type of rotation                                           OBLIQUE
Epsilon value                                               Varies
Maximum number of iterations                                  1000
Convergence criterion                                    0.500D-04
Maximum number of steepest descent iterations                   20
Maximum number of iterations for H1                           2000
Convergence criterion for H1                             0.100D-03
Optimization Specifications for the Exploratory Factor Analysis
Rotation Algorithm
  Number of random starts                                       30
  Maximum number of iterations                               10000
  Derivative convergence criterion                       0.100D-04
Link                                                        PROBIT

Input data file(s)
  ../dat_stu_2.txt

Input data format  FREE


SUMMARY OF DATA

     Number of missing data patterns             1


COVARIANCE COVERAGE OF DATA

Minimum covariance coverage value   0.100


     PROPORTION OF DATA PRESENT


           Covariance Coverage
              DASS1_2       DASS2_2       DASS3_2       DASS4_2       DASS5_2
              ________      ________      ________      ________      ________
 DASS1_2        1.000
 DASS2_2        1.000         1.000
 DASS3_2        1.000         1.000         1.000
 DASS4_2        1.000         1.000         1.000         1.000
 DASS5_2        1.000         1.000         1.000         1.000         1.000
 DASS6_2        1.000         1.000         1.000         1.000         1.000
 DASS7_2        1.000         1.000         1.000         1.000         1.000
 DASS8_2        1.000         1.000         1.000         1.000         1.000
 DASS9_2        1.000         1.000         1.000         1.000         1.000
 DASS10_2       1.000         1.000         1.000         1.000         1.000
 DASS11_2       1.000         1.000         1.000         1.000         1.000
 DASS12_2       1.000         1.000         1.000         1.000         1.000
 DASS13_2       1.000         1.000         1.000         1.000         1.000
 DASS14_2       1.000         1.000         1.000         1.000         1.000
 DASS15_2       1.000         1.000         1.000         1.000         1.000
 DASS16_2       1.000         1.000         1.000         1.000         1.000
 DASS17_2       1.000         1.000         1.000         1.000         1.000
 DASS18_2       1.000         1.000         1.000         1.000         1.000
 DASS19_2       1.000         1.000         1.000         1.000         1.000
 DASS20_2       1.000         1.000         1.000         1.000         1.000
 DASS21_2       1.000         1.000         1.000         1.000         1.000


           Covariance Coverage
              DASS6_2       DASS7_2       DASS8_2       DASS9_2       DASS10_2
              ________      ________      ________      ________      ________
 DASS6_2        1.000
 DASS7_2        1.000         1.000
 DASS8_2        1.000         1.000         1.000
 DASS9_2        1.000         1.000         1.000         1.000
 DASS10_2       1.000         1.000         1.000         1.000         1.000
 DASS11_2       1.000         1.000         1.000         1.000         1.000
 DASS12_2       1.000         1.000         1.000         1.000         1.000
 DASS13_2       1.000         1.000         1.000         1.000         1.000
 DASS14_2       1.000         1.000         1.000         1.000         1.000
 DASS15_2       1.000         1.000         1.000         1.000         1.000
 DASS16_2       1.000         1.000         1.000         1.000         1.000
 DASS17_2       1.000         1.000         1.000         1.000         1.000
 DASS18_2       1.000         1.000         1.000         1.000         1.000
 DASS19_2       1.000         1.000         1.000         1.000         1.000
 DASS20_2       1.000         1.000         1.000         1.000         1.000
 DASS21_2       1.000         1.000         1.000         1.000         1.000


           Covariance Coverage
              DASS11_2      DASS12_2      DASS13_2      DASS14_2      DASS15_2
              ________      ________      ________      ________      ________
 DASS11_2       1.000
 DASS12_2       1.000         1.000
 DASS13_2       1.000         1.000         1.000
 DASS14_2       1.000         1.000         1.000         1.000
 DASS15_2       1.000         1.000         1.000         1.000         1.000
 DASS16_2       1.000         1.000         1.000         1.000         1.000
 DASS17_2       1.000         1.000         1.000         1.000         1.000
 DASS18_2       1.000         1.000         1.000         1.000         1.000
 DASS19_2       1.000         1.000         1.000         1.000         1.000
 DASS20_2       1.000         1.000         1.000         1.000         1.000
 DASS21_2       1.000         1.000         1.000         1.000         1.000


           Covariance Coverage
              DASS16_2      DASS17_2      DASS18_2      DASS19_2      DASS20_2
              ________      ________      ________      ________      ________
 DASS16_2       1.000
 DASS17_2       1.000         1.000
 DASS18_2       1.000         1.000         1.000
 DASS19_2       1.000         1.000         1.000         1.000
 DASS20_2       1.000         1.000         1.000         1.000         1.000
 DASS21_2       1.000         1.000         1.000         1.000         1.000


           Covariance Coverage
              DASS21_2
              ________
 DASS21_2       1.000


UNIVARIATE PROPORTIONS AND COUNTS FOR CATEGORICAL VARIABLES

    DASS1_2
      Category 1    0.238          163.000
      Category 2    0.423          289.000
      Category 3    0.203          139.000
      Category 4    0.136           93.000
    DASS2_2
      Category 1    0.547          374.000
      Category 2    0.219          150.000
      Category 3    0.154          105.000
      Category 4    0.080           55.000
    DASS3_2
      Category 1    0.618          423.000
      Category 2    0.241          165.000
      Category 3    0.088           60.000
      Category 4    0.053           36.000
    DASS4_2
      Category 1    0.645          441.000
      Category 2    0.189          129.000
      Category 3    0.099           68.000
      Category 4    0.067           46.000
    DASS5_2
      Category 1    0.655          448.000
      Category 2    0.200          137.000
      Category 3    0.063           43.000
      Category 4    0.082           56.000
    DASS6_2
      Category 1    0.325          222.000
      Category 2    0.345          236.000
      Category 3    0.208          142.000
      Category 4    0.123           84.000
    DASS7_2
      Category 1    0.548          375.000
      Category 2    0.219          150.000
      Category 3    0.120           82.000
      Category 4    0.113           77.000
    DASS8_2
      Category 1    0.323          221.000
      Category 2    0.295          202.000
      Category 3    0.218          149.000
      Category 4    0.164          112.000
    DASS9_2
      Category 1    0.452          309.000
      Category 2    0.257          176.000
      Category 3    0.158          108.000
      Category 4    0.133           91.000
    DASS10_2
      Category 1    0.658          450.000
      Category 2    0.208          142.000
      Category 3    0.083           57.000
      Category 4    0.051           35.000
    DASS11_2
      Category 1    0.345          236.000
      Category 2    0.330          226.000
      Category 3    0.187          128.000
      Category 4    0.137           94.000
    DASS12_2
      Category 1    0.453          310.000
      Category 2    0.287          196.000
      Category 3    0.149          102.000
      Category 4    0.111           76.000
    DASS13_2
      Category 1    0.539          369.000
      Category 2    0.260          178.000
      Category 3    0.117           80.000
      Category 4    0.083           57.000
    DASS14_2
      Category 1    0.279          191.000
      Category 2    0.310          212.000
      Category 3    0.196          134.000
      Category 4    0.215          147.000
    DASS15_2
      Category 1    0.575          393.000
      Category 2    0.224          153.000
      Category 3    0.108           74.000
      Category 4    0.094           64.000
    DASS16_2
      Category 1    0.661          452.000
      Category 2    0.178          122.000
      Category 3    0.083           57.000
      Category 4    0.077           53.000
    DASS17_2
      Category 1    0.439          300.000
      Category 2    0.306          209.000
      Category 3    0.136           93.000
      Category 4    0.120           82.000
    DASS18_2
      Category 1    0.346          237.000
      Category 2    0.330          226.000
      Category 3    0.171          117.000
      Category 4    0.152          104.000
    DASS19_2
      Category 1    0.610          417.000
      Category 2    0.208          142.000
      Category 3    0.095           65.000
      Category 4    0.088           60.000
    DASS20_2
      Category 1    0.635          434.000
      Category 2    0.181          124.000
      Category 3    0.088           60.000
      Category 4    0.096           66.000
    DASS21_2
      Category 1    0.642          439.000
      Category 2    0.196          134.000
      Category 3    0.085           58.000
      Category 4    0.077           53.000


SAMPLE STATISTICS


     ESTIMATED SAMPLE STATISTICS


           MEANS/INTERCEPTS/THRESHOLDS
              DASS1_2$      DASS1_2$      DASS1_2$      DASS2_2$      DASS2_2$
              ________      ________      ________      ________      ________
               -0.712         0.415         1.099         0.118         0.726


           MEANS/INTERCEPTS/THRESHOLDS
              DASS2_2$      DASS3_2$      DASS3_2$      DASS3_2$      DASS4_2$
              ________      ________      ________      ________      ________
                1.402         0.301         1.079         1.620         0.371


           MEANS/INTERCEPTS/THRESHOLDS
              DASS4_2$      DASS4_2$      DASS5_2$      DASS5_2$      DASS5_2$
              ________      ________      ________      ________      ________
                0.967         1.497         0.399         1.059         1.393


           MEANS/INTERCEPTS/THRESHOLDS
              DASS6_2$      DASS6_2$      DASS6_2$      DASS7_2$      DASS7_2$
              ________      ________      ________      ________      ________
               -0.455         0.439         1.161         0.121         0.731


           MEANS/INTERCEPTS/THRESHOLDS
              DASS7_2$      DASS8_2$      DASS8_2$      DASS8_2$      DASS9_2$
              ________      ________      ________      ________      ________
                1.213        -0.459         0.301         0.979        -0.121


           MEANS/INTERCEPTS/THRESHOLDS
              DASS9_2$      DASS9_2$      DASS10_2      DASS10_2      DASS10_2
              ________      ________      ________      ________      ________
                0.551         1.112         0.407         1.105         1.634


           MEANS/INTERCEPTS/THRESHOLDS
              DASS11_2      DASS11_2      DASS11_2      DASS12_2      DASS12_2
              ________      ________      ________      ________      ________
               -0.399         0.455         1.092        -0.118         0.643


           MEANS/INTERCEPTS/THRESHOLDS
              DASS12_2      DASS13_2      DASS13_2      DASS13_2      DASS14_2
              ________      ________      ________      ________      ________
                1.221         0.099         0.841         1.383        -0.585


           MEANS/INTERCEPTS/THRESHOLDS
              DASS14_2      DASS14_2      DASS15_2      DASS15_2      DASS15_2
              ________      ________      ________      ________      ________
                0.225         0.789         0.188         0.835         1.319


           MEANS/INTERCEPTS/THRESHOLDS
              DASS16_2      DASS16_2      DASS16_2      DASS17_2      DASS17_2
              ________      ________      ________      ________      ________
                0.415         0.991         1.422        -0.155         0.656


           MEANS/INTERCEPTS/THRESHOLDS
              DASS17_2      DASS18_2      DASS18_2      DASS18_2      DASS19_2
              ________      ________      ________      ________      ________
                1.176        -0.395         0.459         1.028         0.278


           MEANS/INTERCEPTS/THRESHOLDS
              DASS19_2      DASS19_2      DASS20_2      DASS20_2      DASS20_2
              ________      ________      ________      ________      ________
                0.905         1.355         0.344         0.899         1.302


           MEANS/INTERCEPTS/THRESHOLDS
              DASS21_2      DASS21_2      DASS21_2
              ________      ________      ________
                0.363         0.985         1.422


           CORRELATION MATRIX (WITH VARIANCES ON THE DIAGONAL)
              DASS1_2       DASS2_2       DASS3_2       DASS4_2       DASS5_2
              ________      ________      ________      ________      ________
 DASS1_2
 DASS2_2        0.493
 DASS3_2        0.416         0.549
 DASS4_2        0.455         0.656         0.494
 DASS5_2        0.429         0.526         0.642         0.533
 DASS6_2        0.533         0.428         0.384         0.444         0.478
 DASS7_2        0.446         0.616         0.413         0.630         0.507
 DASS8_2        0.577         0.504         0.312         0.500         0.477
 DASS9_2        0.485         0.474         0.305         0.560         0.497
 DASS10_2       0.333         0.434         0.616         0.437         0.570
 DASS11_2       0.421         0.427         0.448         0.513         0.445
 DASS12_2       0.454         0.451         0.505         0.527         0.572
 DASS13_2       0.468         0.488         0.540         0.539         0.658
 DASS14_2       0.399         0.318         0.327         0.391         0.452
 DASS15_2       0.522         0.575         0.465         0.594         0.512
 DASS16_2       0.451         0.518         0.530         0.496         0.835
 DASS17_2       0.464         0.590         0.389         0.627         0.490
 DASS18_2       0.475         0.371         0.375         0.455         0.434
 DASS19_2       0.399         0.548         0.385         0.703         0.542
 DASS20_2       0.517         0.581         0.457         0.595         0.569
 DASS21_2       0.399         0.496         0.556         0.526         0.815


           CORRELATION MATRIX (WITH VARIANCES ON THE DIAGONAL)
              DASS6_2       DASS7_2       DASS8_2       DASS9_2       DASS10_2
              ________      ________      ________      ________      ________
 DASS7_2        0.505
 DASS8_2        0.589         0.598
 DASS9_2        0.529         0.682         0.700
 DASS10_2       0.387         0.363         0.378         0.428
 DASS11_2       0.580         0.490         0.514         0.515         0.469
 DASS12_2       0.518         0.529         0.591         0.557         0.528
 DASS13_2       0.519         0.566         0.582         0.580         0.545
 DASS14_2       0.472         0.387         0.412         0.436         0.401
 DASS15_2       0.577         0.610         0.579         0.662         0.470
 DASS16_2       0.505         0.523         0.509         0.544         0.517
 DASS17_2       0.504         0.582         0.574         0.655         0.424
 DASS18_2       0.601         0.470         0.490         0.465         0.397
 DASS19_2       0.424         0.616         0.548         0.588         0.428
 DASS20_2       0.518         0.620         0.627         0.657         0.489
 DASS21_2       0.444         0.529         0.551         0.563         0.540


           CORRELATION MATRIX (WITH VARIANCES ON THE DIAGONAL)
              DASS11_2      DASS12_2      DASS13_2      DASS14_2      DASS15_2
              ________      ________      ________      ________      ________
 DASS12_2       0.584
 DASS13_2       0.516         0.678
 DASS14_2       0.572         0.520         0.474
 DASS15_2       0.509         0.585         0.628         0.468
 DASS16_2       0.518         0.565         0.630         0.522         0.598
 DASS17_2       0.534         0.557         0.566         0.472         0.621
 DASS18_2       0.752         0.553         0.543         0.623         0.531
 DASS19_2       0.472         0.478         0.583         0.426         0.639
 DASS20_2       0.507         0.570         0.609         0.392         0.669
 DASS21_2       0.507         0.565         0.644         0.503         0.541


           CORRELATION MATRIX (WITH VARIANCES ON THE DIAGONAL)
              DASS16_2      DASS17_2      DASS18_2      DASS19_2      DASS20_2
              ________      ________      ________      ________      ________
 DASS17_2       0.578
 DASS18_2       0.505         0.566
 DASS19_2       0.557         0.700         0.518
 DASS20_2       0.619         0.686         0.567         0.727
 DASS21_2       0.806         0.600         0.560         0.602         0.656


           CORRELATION MATRIX (WITH VARIANCES ON THE DIAGONAL)
              DASS21_2
              ________


SUMMARY OF MODEL FIT INFORMATION


                   Number of                   Degrees of
     Model        Parameters      Chi-Square    Freedom     P-Value

     1-factor          21           1554.756       189       0.0000
     2-factor          41           1004.384       169       0.0000
     3-factor          60            557.082       150       0.0000

                                               Degrees of
     Models Compared              Chi-Square    Freedom     P-Value

     1-factor against 2-factor       420.563        20       0.0000
     2-factor against 3-factor       319.626        19       0.0000



RESULTS FOR EXPLORATORY FACTOR ANALYSIS


           EIGENVALUES FOR SAMPLE CORRELATION MATRIX
                  1             2             3             4             5
              ________      ________      ________      ________      ________
               11.574         1.326         1.199         0.838         0.772


           EIGENVALUES FOR SAMPLE CORRELATION MATRIX
                  6             7             8             9            10
              ________      ________      ________      ________      ________
                0.636         0.515         0.494         0.450         0.440


           EIGENVALUES FOR SAMPLE CORRELATION MATRIX
                 11            12            13            14            15
              ________      ________      ________      ________      ________
                0.373         0.366         0.323         0.304         0.290


           EIGENVALUES FOR SAMPLE CORRELATION MATRIX
                 16            17            18            19            20
              ________      ________      ________      ________      ________
                0.266         0.217         0.213         0.165         0.131


           EIGENVALUES FOR SAMPLE CORRELATION MATRIX
                 21
              ________
                0.109


EXPLORATORY FACTOR ANALYSIS WITH 1 FACTOR(S):


MODEL FIT INFORMATION

Number of Free Parameters                       21

Chi-Square Test of Model Fit

          Value                           1554.756*
          Degrees of Freedom                   189
          P-Value                           0.0000

*   The chi-square value for MLM, MLMV, MLR, ULSMV, WLSM and WLSMV cannot be used
    for chi-square difference testing in the regular way.  MLM, MLR and WLSM
    chi-square difference testing is described on the Mplus website.  MLMV, WLSMV,
    and ULSMV difference testing is done using the DIFFTEST option.

RMSEA (Root Mean Square Error Of Approximation)

          Estimate                           0.103
          90 Percent C.I.                    0.098  0.108
          Probability RMSEA <= .05           0.000

CFI/TLI

          CFI                                0.911
          TLI                                0.902

Chi-Square Test of Model Fit for the Baseline Model

          Value                          15631.113
          Degrees of Freedom                   210
          P-Value                           0.0000

SRMR (Standardized Root Mean Square Residual)

          Value                              0.074



MINIMUM ROTATION FUNCTION VALUE      11.53977



           GEOMIN ROTATED LOADINGS (* significant at 5% level)
                  1
              ________
 DASS1_2        0.624*
 DASS2_2        0.693*
 DASS3_2        0.630*
 DASS4_2        0.743*
 DASS5_2        0.826*
 DASS6_2        0.688*
 DASS7_2        0.743*
 DASS8_2        0.745*
 DASS9_2        0.770*
 DASS10_2       0.625*
 DASS11_2       0.735*
 DASS12_2       0.745*
 DASS13_2       0.776*
 DASS14_2       0.626*
 DASS15_2       0.780*
 DASS16_2       0.835*
 DASS17_2       0.775*
 DASS18_2       0.740*
 DASS19_2       0.771*
 DASS20_2       0.809*
 DASS21_2       0.824*


           GEOMIN FACTOR CORRELATIONS (* significant at 5% level)
                  1
              ________
      1         1.000


           ESTIMATED RESIDUAL VARIANCES
              DASS1_2       DASS2_2       DASS3_2       DASS4_2       DASS5_2
              ________      ________      ________      ________      ________
                0.611         0.520         0.603         0.448         0.318


           ESTIMATED RESIDUAL VARIANCES
              DASS6_2       DASS7_2       DASS8_2       DASS9_2       DASS10_2
              ________      ________      ________      ________      ________
                0.527         0.447         0.444         0.407         0.610


           ESTIMATED RESIDUAL VARIANCES
              DASS11_2      DASS12_2      DASS13_2      DASS14_2      DASS15_2
              ________      ________      ________      ________      ________
                0.460         0.444         0.398         0.608         0.391


           ESTIMATED RESIDUAL VARIANCES
              DASS16_2      DASS17_2      DASS18_2      DASS19_2      DASS20_2
              ________      ________      ________      ________      ________
                0.303         0.399         0.452         0.406         0.346


           ESTIMATED RESIDUAL VARIANCES
              DASS21_2
              ________
                0.320


           S.E. GEOMIN ROTATED LOADINGS
                  1
              ________
 DASS1_2        0.025
 DASS2_2        0.024
 DASS3_2        0.028
 DASS4_2        0.023
 DASS5_2        0.018
 DASS6_2        0.023
 DASS7_2        0.021
 DASS8_2        0.019
 DASS9_2        0.019
 DASS10_2       0.029
 DASS11_2       0.020
 DASS12_2       0.020
 DASS13_2       0.019
 DASS14_2       0.026
 DASS15_2       0.019
 DASS16_2       0.017
 DASS17_2       0.018
 DASS18_2       0.020
 DASS19_2       0.020
 DASS20_2       0.019
 DASS21_2       0.017


           S.E. GEOMIN FACTOR CORRELATIONS
                  1
              ________
      1         0.000


           S.E. ESTIMATED RESIDUAL VARIANCES
              DASS1_2       DASS2_2       DASS3_2       DASS4_2       DASS5_2
              ________      ________      ________      ________      ________
                0.031         0.033         0.036         0.034         0.030


           S.E. ESTIMATED RESIDUAL VARIANCES
              DASS6_2       DASS7_2       DASS8_2       DASS9_2       DASS10_2
              ________      ________      ________      ________      ________
                0.032         0.031         0.029         0.029         0.037


           S.E. ESTIMATED RESIDUAL VARIANCES
              DASS11_2      DASS12_2      DASS13_2      DASS14_2      DASS15_2
              ________      ________      ________      ________      ________
                0.029         0.030         0.029         0.032         0.029


           S.E. ESTIMATED RESIDUAL VARIANCES
              DASS16_2      DASS17_2      DASS18_2      DASS19_2      DASS20_2
              ________      ________      ________      ________      ________
                0.028         0.028         0.029         0.031         0.030


           S.E. ESTIMATED RESIDUAL VARIANCES
              DASS21_2
              ________
                0.028


           Est./S.E. GEOMIN ROTATED LOADINGS
                  1
              ________
 DASS1_2       24.850
 DASS2_2       28.844
 DASS3_2       22.320
 DASS4_2       32.138
 DASS5_2       45.849
 DASS6_2       29.791
 DASS7_2       35.220
 DASS8_2       38.755
 DASS9_2       41.081
 DASS10_2      21.363
 DASS11_2      37.261
 DASS12_2      36.823
 DASS13_2      41.413
 DASS14_2      24.212
 DASS15_2      41.600
 DASS16_2      48.892
 DASS17_2      42.860
 DASS18_2      37.863
 DASS19_2      38.380
 DASS20_2      43.222
 DASS21_2      48.162


           Est./S.E. GEOMIN FACTOR CORRELATIONS
                  1
              ________
      1         0.000


           Est./S.E. ESTIMATED RESIDUAL VARIANCES
              DASS1_2       DASS2_2       DASS3_2       DASS4_2       DASS5_2
              ________      ________      ________      ________      ________
               19.527        15.598        16.965        13.046        10.700


           Est./S.E. ESTIMATED RESIDUAL VARIANCES
              DASS6_2       DASS7_2       DASS8_2       DASS9_2       DASS10_2
              ________      ________      ________      ________      ________
               16.570        14.252        15.502        14.080        16.682


           Est./S.E. ESTIMATED RESIDUAL VARIANCES
              DASS11_2      DASS12_2      DASS13_2      DASS14_2      DASS15_2
              ________      ________      ________      ________      ________
               15.839        14.728        13.685        18.744        13.380


           Est./S.E. ESTIMATED RESIDUAL VARIANCES
              DASS16_2      DASS17_2      DASS18_2      DASS19_2      DASS20_2
              ________      ________      ________      ________      ________
               10.647        14.212        15.609        13.122        11.437


           Est./S.E. ESTIMATED RESIDUAL VARIANCES
              DASS21_2
              ________
               11.347


EXPLORATORY FACTOR ANALYSIS WITH 2 FACTOR(S):


MODEL FIT INFORMATION

Number of Free Parameters                       41

Chi-Square Test of Model Fit

          Value                           1004.384*
          Degrees of Freedom                   169
          P-Value                           0.0000

*   The chi-square value for MLM, MLMV, MLR, ULSMV, WLSM and WLSMV cannot be used
    for chi-square difference testing in the regular way.  MLM, MLR and WLSM
    chi-square difference testing is described on the Mplus website.  MLMV, WLSMV,
    and ULSMV difference testing is done using the DIFFTEST option.

RMSEA (Root Mean Square Error Of Approximation)

          Estimate                           0.085
          90 Percent C.I.                    0.080  0.090
          Probability RMSEA <= .05           0.000

CFI/TLI

          CFI                                0.946
          TLI                                0.933

Chi-Square Test of Model Fit for the Baseline Model

          Value                          15631.113
          Degrees of Freedom                   210
          P-Value                           0.0000

SRMR (Standardized Root Mean Square Residual)

          Value                              0.057



MINIMUM ROTATION FUNCTION VALUE       2.16366



           GEOMIN ROTATED LOADINGS (* significant at 5% level)
                  1             2
              ________      ________
 DASS1_2        0.617*        0.030
 DASS2_2        0.455*        0.309*
 DASS3_2        0.138*        0.594*
 DASS4_2        0.573*        0.229*
 DASS5_2       -0.008         0.943*
 DASS6_2        0.763*       -0.071
 DASS7_2        0.656*        0.131*
 DASS8_2        0.768*       -0.003
 DASS9_2        0.760*        0.038
 DASS10_2       0.236*        0.479*
 DASS11_2       0.906*       -0.192*
 DASS12_2       0.594*        0.209*
 DASS13_2       0.494*        0.364*
 DASS14_2       0.665*       -0.030
 DASS15_2       0.680*        0.147*
 DASS16_2       0.182*        0.747*
 DASS17_2       0.693*        0.125
 DASS18_2       0.955*       -0.242*
 DASS19_2       0.620*        0.208*
 DASS20_2       0.645*        0.226*
 DASS21_2       0.221*        0.706*


           GEOMIN FACTOR CORRELATIONS (* significant at 5% level)
                  1             2
              ________      ________
      1         1.000
      2         0.677*        1.000


           ESTIMATED RESIDUAL VARIANCES
              DASS1_2       DASS2_2       DASS3_2       DASS4_2       DASS5_2
              ________      ________      ________      ________      ________
                0.593         0.507         0.518         0.440         0.121


           ESTIMATED RESIDUAL VARIANCES
              DASS6_2       DASS7_2       DASS8_2       DASS9_2       DASS10_2
              ________      ________      ________      ________      ________
                0.486         0.436         0.413         0.382         0.561


           ESTIMATED RESIDUAL VARIANCES
              DASS11_2      DASS12_2      DASS13_2      DASS14_2      DASS15_2
              ________      ________      ________      ________      ________
                0.377         0.436         0.381         0.584         0.380


           ESTIMATED RESIDUAL VARIANCES
              DASS16_2      DASS17_2      DASS18_2      DASS19_2      DASS20_2
              ________      ________      ________      ________      ________
                0.225         0.386         0.342         0.398         0.336


           ESTIMATED RESIDUAL VARIANCES
              DASS21_2
              ________
                0.242


           S.E. GEOMIN ROTATED LOADINGS
                  1             2
              ________      ________
 DASS1_2        0.048         0.060
 DASS2_2        0.056         0.061
 DASS3_2        0.063         0.061
 DASS4_2        0.057         0.067
 DASS5_2        0.009         0.013
 DASS6_2        0.043         0.057
 DASS7_2        0.049         0.062
 DASS8_2        0.019         0.009
 DASS9_2        0.047         0.063
 DASS10_2       0.057         0.059
 DASS11_2       0.052         0.071
 DASS12_2       0.046         0.056
 DASS13_2       0.048         0.054
 DASS14_2       0.052         0.065
 DASS15_2       0.054         0.069
 DASS16_2       0.052         0.045
 DASS17_2       0.051         0.065
 DASS18_2       0.051         0.071
 DASS19_2       0.054         0.067
 DASS20_2       0.050         0.062
 DASS21_2       0.053         0.045


           S.E. GEOMIN FACTOR CORRELATIONS
                  1             2
              ________      ________
      1         0.000
      2         0.039         0.000


           S.E. ESTIMATED RESIDUAL VARIANCES
              DASS1_2       DASS2_2       DASS3_2       DASS4_2       DASS5_2
              ________      ________      ________      ________      ________
                0.031         0.034         0.039         0.035         0.024


           S.E. ESTIMATED RESIDUAL VARIANCES
              DASS6_2       DASS7_2       DASS8_2       DASS9_2       DASS10_2
              ________      ________      ________      ________      ________
                0.030         0.031         0.027         0.028         0.039


           S.E. ESTIMATED RESIDUAL VARIANCES
              DASS11_2      DASS12_2      DASS13_2      DASS14_2      DASS15_2
              ________      ________      ________      ________      ________
                0.030         0.030         0.030         0.033         0.029


           S.E. ESTIMATED RESIDUAL VARIANCES
              DASS16_2      DASS17_2      DASS18_2      DASS19_2      DASS20_2
              ________      ________      ________      ________      ________
                0.026         0.028         0.028         0.031         0.030


           S.E. ESTIMATED RESIDUAL VARIANCES
              DASS21_2
              ________
                0.025


           Est./S.E. GEOMIN ROTATED LOADINGS
                  1             2
              ________      ________
 DASS1_2       12.899         0.502
 DASS2_2        8.173         5.071
 DASS3_2        2.200         9.781
 DASS4_2       10.144         3.426
 DASS5_2       -0.880        72.182
 DASS6_2       17.553        -1.242
 DASS7_2       13.323         2.120
 DASS8_2       40.603        -0.379
 DASS9_2       16.055         0.603
 DASS10_2       4.134         8.072
 DASS11_2      17.265        -2.697
 DASS12_2      12.959         3.756
 DASS13_2      10.298         6.689
 DASS14_2      12.912        -0.465
 DASS15_2      12.536         2.147
 DASS16_2       3.501        16.586
 DASS17_2      13.549         1.933
 DASS18_2      18.906        -3.416
 DASS19_2      11.490         3.111
 DASS20_2      12.771         3.660
 DASS21_2       4.192        15.596


           Est./S.E. GEOMIN FACTOR CORRELATIONS
                  1             2
              ________      ________
      1         0.000
      2        17.218         0.000


           Est./S.E. ESTIMATED RESIDUAL VARIANCES
              DASS1_2       DASS2_2       DASS3_2       DASS4_2       DASS5_2
              ________      ________      ________      ________      ________
               19.189        15.077        13.417        12.747         5.030


           Est./S.E. ESTIMATED RESIDUAL VARIANCES
              DASS6_2       DASS7_2       DASS8_2       DASS9_2       DASS10_2
              ________      ________      ________      ________      ________
               16.221        13.987        15.121        13.723        14.423


           Est./S.E. ESTIMATED RESIDUAL VARIANCES
              DASS11_2      DASS12_2      DASS13_2      DASS14_2      DASS15_2
              ________      ________      ________      ________      ________
               12.500        14.388        12.862        17.509        13.036


           Est./S.E. ESTIMATED RESIDUAL VARIANCES
              DASS16_2      DASS17_2      DASS18_2      DASS19_2      DASS20_2
              ________      ________      ________      ________      ________
                8.709        13.852        12.015        12.865        11.109


           Est./S.E. ESTIMATED RESIDUAL VARIANCES
              DASS21_2
              ________
                9.532


           FACTOR STRUCTURE
                  1             2
              ________      ________
 DASS1_2        0.638         0.448
 DASS2_2        0.664         0.617
 DASS3_2        0.540         0.687
 DASS4_2        0.729         0.617
 DASS5_2        0.630         0.938
 DASS6_2        0.715         0.445
 DASS7_2        0.744         0.575
 DASS8_2        0.766         0.516
 DASS9_2        0.786         0.552
 DASS10_2       0.560         0.639
 DASS11_2       0.777         0.421
 DASS12_2       0.735         0.610
 DASS13_2       0.740         0.698
 DASS14_2       0.645         0.420
 DASS15_2       0.780         0.608
 DASS16_2       0.688         0.870
 DASS17_2       0.778         0.594
 DASS18_2       0.791         0.404
 DASS19_2       0.761         0.628
 DASS20_2       0.798         0.662
 DASS21_2       0.698         0.855


EXPLORATORY FACTOR ANALYSIS WITH 3 FACTOR(S):


MODEL FIT INFORMATION

Number of Free Parameters                       60

Chi-Square Test of Model Fit

          Value                            557.082*
          Degrees of Freedom                   150
          P-Value                           0.0000

*   The chi-square value for MLM, MLMV, MLR, ULSMV, WLSM and WLSMV cannot be used
    for chi-square difference testing in the regular way.  MLM, MLR and WLSM
    chi-square difference testing is described on the Mplus website.  MLMV, WLSMV,
    and ULSMV difference testing is done using the DIFFTEST option.

RMSEA (Root Mean Square Error Of Approximation)

          Estimate                           0.063
          90 Percent C.I.                    0.057  0.069
          Probability RMSEA <= .05           0.000

CFI/TLI

          CFI                                0.974
          TLI                                0.963

Chi-Square Test of Model Fit for the Baseline Model

          Value                          15631.113
          Degrees of Freedom                   210
          P-Value                           0.0000

SRMR (Standardized Root Mean Square Residual)

          Value                              0.039



MINIMUM ROTATION FUNCTION VALUE       0.75732



           GEOMIN ROTATED LOADINGS (* significant at 5% level)
                  1             2             3
              ________      ________      ________
 DASS1_2        0.498*       -0.010         0.206*
 DASS2_2        0.765*        0.126        -0.204*
 DASS3_2        0.053         0.681*       -0.021
 DASS4_2        0.834*        0.040        -0.130
 DASS5_2       -0.011         1.005*       -0.119*
 DASS6_2        0.354*        0.018         0.434*
 DASS7_2        0.881*       -0.088        -0.043
 DASS8_2        0.765*       -0.151*        0.181
 DASS9_2        0.888*       -0.170*        0.075
 DASS10_2       0.044         0.594*        0.090
 DASS11_2       0.059         0.155         0.694*
 DASS12_2       0.278*        0.301*        0.294*
 DASS13_2       0.345*        0.389*        0.150*
 DASS14_2      -0.035         0.271*        0.551*
 DASS15_2       0.705*        0.035         0.096
 DASS16_2       0.075         0.817*        0.019
 DASS17_2       0.762*       -0.016         0.074
 DASS18_2       0.011         0.120         0.805*
 DASS19_2       0.873*        0.007        -0.106
 DASS20_2       0.780*        0.077        -0.010
 DASS21_2       0.132*        0.762*        0.016


           GEOMIN FACTOR CORRELATIONS (* significant at 5% level)
                  1             2             3
              ________      ________      ________
      1         1.000
      2         0.754*        1.000
      3         0.651*        0.531*        1.000


           ESTIMATED RESIDUAL VARIANCES
              DASS1_2       DASS2_2       DASS3_2       DASS4_2       DASS5_2
              ________      ________      ________      ________      ________
                0.586         0.442         0.496         0.383         0.117


           ESTIMATED RESIDUAL VARIANCES
              DASS6_2       DASS7_2       DASS8_2       DASS9_2       DASS10_2
              ________      ________      ________      ________      ________
                0.468         0.377         0.381         0.332         0.536


           ESTIMATED RESIDUAL VARIANCES
              DASS11_2      DASS12_2      DASS13_2      DASS14_2      DASS15_2
              ________      ________      ________      ________      ________
                0.309         0.419         0.375         0.502         0.364


           ESTIMATED RESIDUAL VARIANCES
              DASS16_2      DASS17_2      DASS18_2      DASS19_2      DASS20_2
              ________      ________      ________      ________      ________
                0.216         0.360         0.222         0.339         0.307


           ESTIMATED RESIDUAL VARIANCES
              DASS21_2
              ________
                0.234


           S.E. GEOMIN ROTATED LOADINGS
                  1             2             3
              ________      ________      ________
 DASS1_2        0.081         0.043         0.083
 DASS2_2        0.108         0.097         0.090
 DASS3_2        0.082         0.071         0.052
 DASS4_2        0.107         0.072         0.101
 DASS5_2        0.010         0.033         0.050
 DASS6_2        0.079         0.042         0.083
 DASS7_2        0.102         0.074         0.104
 DASS8_2        0.109         0.065         0.106
 DASS9_2        0.125         0.078         0.118
 DASS10_2       0.078         0.067         0.066
 DASS11_2       0.075         0.148         0.087
 DASS12_2       0.078         0.076         0.071
 DASS13_2       0.068         0.054         0.067
 DASS14_2       0.058         0.121         0.070
 DASS15_2       0.095         0.059         0.099
 DASS16_2       0.065         0.051         0.037
 DASS17_2       0.095         0.052         0.099
 DASS18_2       0.025         0.158         0.080
 DASS19_2       0.082         0.033         0.098
 DASS20_2       0.085         0.067         0.065
 DASS21_2       0.066         0.053         0.029


           S.E. GEOMIN FACTOR CORRELATIONS
                  1             2             3
              ________      ________      ________
      1         0.000
      2         0.040         0.000
      3         0.072         0.123         0.000


           S.E. ESTIMATED RESIDUAL VARIANCES
              DASS1_2       DASS2_2       DASS3_2       DASS4_2       DASS5_2
              ________      ________      ________      ________      ________
                0.031         0.035         0.040         0.036         0.025


           S.E. ESTIMATED RESIDUAL VARIANCES
              DASS6_2       DASS7_2       DASS8_2       DASS9_2       DASS10_2
              ________      ________      ________      ________      ________
                0.030         0.031         0.028         0.028         0.039


           S.E. ESTIMATED RESIDUAL VARIANCES
              DASS11_2      DASS12_2      DASS13_2      DASS14_2      DASS15_2
              ________      ________      ________      ________      ________
                0.031         0.030         0.030         0.034         0.030


           S.E. ESTIMATED RESIDUAL VARIANCES
              DASS16_2      DASS17_2      DASS18_2      DASS19_2      DASS20_2
              ________      ________      ________      ________      ________
                0.026         0.027         0.030         0.031         0.031


           S.E. ESTIMATED RESIDUAL VARIANCES
              DASS21_2
              ________
                0.025


           Est./S.E. GEOMIN ROTATED LOADINGS
                  1             2             3
              ________      ________      ________
 DASS1_2        6.170        -0.240         2.497
 DASS2_2        7.098         1.289        -2.274
 DASS3_2        0.642         9.587        -0.398
 DASS4_2        7.824         0.549        -1.288
 DASS5_2       -1.033        30.622        -2.385
 DASS6_2        4.491         0.419         5.225
 DASS7_2        8.644        -1.186        -0.411
 DASS8_2        7.008        -2.324         1.709
 DASS9_2        7.088        -2.178         0.634
 DASS10_2       0.564         8.872         1.365
 DASS11_2       0.780         1.048         7.971
 DASS12_2       3.585         3.948         4.159
 DASS13_2       5.082         7.166         2.233
 DASS14_2      -0.600         2.231         7.826
 DASS15_2       7.440         0.596         0.968
 DASS16_2       1.147        16.020         0.509
 DASS17_2       8.027        -0.311         0.748
 DASS18_2       0.443         0.759        10.113
 DASS19_2      10.612         0.197        -1.076
 DASS20_2       9.133         1.138        -0.157
 DASS21_2       2.006        14.340         0.553


           Est./S.E. GEOMIN FACTOR CORRELATIONS
                  1             2             3
              ________      ________      ________
      1         0.000
      2        18.916         0.000
      3         9.034         4.307         0.000


           Est./S.E. ESTIMATED RESIDUAL VARIANCES
              DASS1_2       DASS2_2       DASS3_2       DASS4_2       DASS5_2
              ________      ________      ________      ________      ________
               18.867        12.463        12.459        10.555         4.659


           Est./S.E. ESTIMATED RESIDUAL VARIANCES
              DASS6_2       DASS7_2       DASS8_2       DASS9_2       DASS10_2
              ________      ________      ________      ________      ________
               15.636        11.976        13.676        11.803        13.656


           Est./S.E. ESTIMATED RESIDUAL VARIANCES
              DASS11_2      DASS12_2      DASS13_2      DASS14_2      DASS15_2
              ________      ________      ________      ________      ________
               10.100        13.742        12.701        14.907        12.297


           Est./S.E. ESTIMATED RESIDUAL VARIANCES
              DASS16_2      DASS17_2      DASS18_2      DASS19_2      DASS20_2
              ________      ________      ________      ________      ________
                8.235        13.150         7.481        10.777        10.014


           Est./S.E. ESTIMATED RESIDUAL VARIANCES
              DASS21_2
              ________
                9.216


           FACTOR STRUCTURE
                  1             2             3
              ________      ________      ________
 DASS1_2        0.624         0.474         0.525
 DASS2_2        0.727         0.594         0.361
 DASS3_2        0.552         0.709         0.375
 DASS4_2        0.779         0.599         0.434
 DASS5_2        0.670         0.934         0.407
 DASS6_2        0.650         0.515         0.674
 DASS7_2        0.786         0.553         0.484
 DASS8_2        0.769         0.522         0.599
 DASS9_2        0.808         0.539         0.562
 DASS10_2       0.551         0.675         0.434
 DASS11_2       0.627         0.568         0.815
 DASS12_2       0.696         0.667         0.635
 DASS13_2       0.736         0.729         0.581
 DASS14_2       0.528         0.537         0.672
 DASS15_2       0.794         0.617         0.573
 DASS16_2       0.703         0.884         0.502
 DASS17_2       0.798         0.598         0.561
 DASS18_2       0.625         0.555         0.876
 DASS19_2       0.809         0.609         0.466
 DASS20_2       0.831         0.659         0.538
 DASS21_2       0.717         0.870         0.507


MODIFICATION INDICES


     MODIFICATION INDICES FOR ANALYSIS WITH 1 FACTOR(S)



     MODIFICATION INDICES


           THETA
              DASS1_2       DASS2_2       DASS3_2       DASS4_2       DASS5_2
              ________      ________      ________      ________      ________
 DASS1_2        0.000
 DASS2_2        4.351         0.000
 DASS3_2        0.467        13.595         0.000
 DASS4_2        0.071        34.915         0.615         0.000
 DASS5_2        6.493         1.941        20.714         6.018         0.000
 DASS6_2       16.647         2.467         2.121         4.484         7.453
 DASS7_2        0.328        16.051         2.437         9.061        10.058
 DASS8_2       22.479         0.192        19.855         3.054        18.065
 DASS9_2        0.023         3.834        23.943         0.168        18.823
 DASS10_2       2.419         0.000        65.952         0.586         3.131
 DASS11_2       1.605         6.974         0.219         1.220        22.901
 DASS12_2       0.132         4.171         1.254         0.740         2.140
 DASS13_2       0.296         2.557         3.007         1.441         0.526
 DASS14_2       0.077        10.539         3.191         4.348         3.479
 DASS15_2       1.639         1.495         0.626         0.264        15.913
 DASS16_2       4.589         3.511         0.021        12.786       144.670
 DASS17_2       0.456         4.017         8.039         3.816        21.242
 DASS18_2       0.238        16.761         6.834         8.208        29.580
 DASS19_2       5.783         0.212         7.432        34.058         8.691
 DASS20_2       0.195         0.558         2.238         0.036         9.584
 DASS21_2      12.412         5.171         1.349         6.767        80.810


           THETA
              DASS6_2       DASS7_2       DASS8_2       DASS9_2       DASS10_2
              ________      ________      ________      ________      ________
 DASS6_2        0.000
 DASS7_2        0.057         0.000
 DASS8_2       11.737         2.921         0.000
 DASS9_2        0.003        26.019        50.962         0.000
 DASS10_2       1.585         7.440         6.495         2.544         0.000
 DASS11_2      10.602         3.856         1.694         3.751         0.096
 DASS12_2       0.034         0.771         2.228         0.430         4.355
 DASS13_2       0.304         0.160         0.017         0.421         3.816
 DASS14_2       2.210         5.658         3.524         2.444         0.065
 DASS15_2       2.258         1.310         0.007         7.375         0.277
 DASS16_2       4.639         8.707        12.926        10.361         0.019
 DASS17_2       1.217         0.054         0.033         7.665         2.989
 DASS18_2      17.567         7.458         5.323        13.683         4.078
 DASS19_2      10.594         2.735         0.837         0.040         2.290
 DASS20_2       1.656         0.505         0.876         2.219         0.212
 DASS21_2      13.936         7.271         4.921         6.245         0.608


           THETA
              DASS11_2      DASS12_2      DASS13_2      DASS14_2      DASS15_2
              ________      ________      ________      ________      ________
 DASS11_2       0.000
 DASS12_2       2.499         0.000
 DASS13_2       3.815        25.040         0.000
 DASS14_2      23.221         4.011         0.168         0.000
 DASS15_2       5.061         0.020         0.854         0.461         0.000
 DASS16_2       9.827         3.793         0.476         0.002         3.391
 DASS17_2       1.962         0.690         1.948         0.256         0.457
 DASS18_2     197.563         0.002         1.367        57.148         2.823
 DASS19_2       8.530         9.405         0.316         2.899         2.450
 DASS20_2       8.520         1.414         0.487        10.639         2.667
 DASS21_2       9.777         2.994         0.036         0.157        10.728


           THETA
              DASS16_2      DASS17_2      DASS18_2      DASS19_2      DASS20_2
              ________      ________      ________      ________      ________
 DASS16_2       0.000
 DASS17_2       6.063         0.000
 DASS18_2      12.896         0.107         0.000
 DASS19_2       7.645        24.593         3.296         0.000
 DASS20_2       3.838         6.960         1.300        26.269         0.000
 DASS21_2      62.425         2.050         3.090         1.382         0.161


           THETA
              DASS21_2
              ________
 DASS21_2       0.000


     EXPECTED PARAMETER CHANGE


           THETA
              DASS1_2       DASS2_2       DASS3_2       DASS4_2       DASS5_2
              ________      ________      ________      ________      ________
 DASS1_2        0.000
 DASS2_2        0.066         0.000
 DASS3_2        0.024         0.122         0.000
 DASS4_2       -0.009         0.163         0.029         0.000
 DASS5_2       -0.092        -0.050         0.138        -0.088         0.000
 DASS6_2        0.115        -0.053        -0.053        -0.073        -0.097
 DASS7_2       -0.019         0.114        -0.059         0.088        -0.116
 DASS8_2        0.127        -0.014        -0.169        -0.059        -0.150
 DASS9_2        0.005        -0.066        -0.193        -0.013        -0.152
 DASS10_2      -0.060         0.001         0.247        -0.029         0.060
 DASS11_2      -0.040        -0.089        -0.016        -0.037        -0.175
 DASS12_2      -0.012        -0.071         0.039        -0.029        -0.048
 DASS13_2      -0.017        -0.055         0.057        -0.041         0.021
 DASS14_2       0.009        -0.123        -0.071        -0.079        -0.070
 DASS15_2       0.040         0.038        -0.029         0.016        -0.144
 DASS16_2      -0.075        -0.066         0.005        -0.135         0.231
 DASS17_2      -0.022         0.059        -0.107         0.057        -0.164
 DASS18_2       0.015        -0.152        -0.098        -0.102        -0.192
 DASS19_2      -0.087         0.015        -0.107         0.154        -0.103
 DASS20_2       0.014         0.023        -0.057        -0.006        -0.108
 DASS21_2      -0.125        -0.082         0.040        -0.094         0.189


           THETA
              DASS6_2       DASS7_2       DASS8_2       DASS9_2       DASS10_2
              ________      ________      ________      ________      ________
 DASS6_2        0.000
 DASS7_2       -0.008         0.000
 DASS8_2        0.088         0.050         0.000
 DASS9_2       -0.002         0.130         0.157         0.000
 DASS10_2      -0.046        -0.108        -0.094        -0.058         0.000
 DASS11_2       0.085        -0.062        -0.038        -0.058         0.011
 DASS12_2       0.005        -0.028         0.040        -0.019         0.069
 DASS13_2      -0.017        -0.012         0.004        -0.019         0.066
 DASS14_2       0.045        -0.084        -0.060        -0.051         0.010
 DASS15_2       0.045         0.034        -0.002         0.071        -0.019
 DASS16_2      -0.075        -0.106        -0.124        -0.109        -0.005
 DASS17_2      -0.033         0.007        -0.005         0.068        -0.065
 DASS18_2       0.106        -0.088        -0.069        -0.116        -0.071
 DASS19_2      -0.114         0.049        -0.029        -0.006        -0.058
 DASS20_2      -0.042         0.021         0.027         0.040        -0.017
 DASS21_2      -0.134        -0.092        -0.071        -0.080         0.027


           THETA
              DASS11_2      DASS12_2      DASS13_2      DASS14_2      DASS15_2
              ________      ________      ________      ________      ________
 DASS11_2       0.000
 DASS12_2       0.042         0.000
 DASS13_2      -0.061         0.120         0.000
 DASS14_2       0.127         0.059        -0.013         0.000
 DASS15_2      -0.071         0.004         0.026        -0.023         0.000
 DASS16_2      -0.105        -0.064        -0.020        -0.001        -0.059
 DASS17_2      -0.041        -0.024        -0.041        -0.016         0.019
 DASS18_2       0.277         0.001        -0.036         0.186        -0.052
 DASS19_2      -0.102        -0.105        -0.017        -0.061         0.044
 DASS20_2      -0.096        -0.037        -0.021        -0.123         0.045
 DASS21_2      -0.108        -0.055         0.005        -0.015        -0.112


           THETA
              DASS16_2      DASS17_2      DASS18_2      DASS19_2      DASS20_2
              ________      ________      ________      ________      ________
 DASS16_2       0.000
 DASS17_2      -0.077         0.000
 DASS18_2      -0.123        -0.009         0.000
 DASS19_2      -0.095         0.122        -0.058         0.000
 DASS20_2      -0.062         0.069        -0.035         0.127         0.000
 DASS21_2       0.166        -0.044        -0.056        -0.037        -0.012


           THETA
              DASS21_2
              ________
 DASS21_2       0.000


     MODIFICATION INDICES FOR ANALYSIS WITH 2 FACTOR(S)



     MODIFICATION INDICES


           THETA
              DASS1_2       DASS2_2       DASS3_2       DASS4_2       DASS5_2
              ________      ________      ________      ________      ________
 DASS1_2        0.000
 DASS2_2        6.001         0.000
 DASS3_2        4.525        11.874         0.000
 DASS4_2        0.226        37.791         0.851         0.000
 DASS5_2        0.205         3.730         0.015         2.899         0.000
 DASS6_2       12.104         1.573         0.529         5.763         6.437
 DASS7_2        1.232        19.069         0.993         9.148         1.179
 DASS8_2       17.883         0.025        10.643         4.339         0.024
 DASS9_2        0.446         3.824        16.516         0.408         0.493
 DASS10_2       0.984         0.344        47.915         0.950         1.450
 DASS11_2       7.790         4.339        11.557         1.242         4.476
 DASS12_2       0.435         6.023         2.177         1.478         0.008
 DASS13_2       0.134         5.133         0.811         2.575         0.107
 DASS14_2       0.159        10.577         0.114         5.402         4.994
 DASS15_2       0.789         1.602         0.015         0.078         4.303
 DASS16_2       0.001         5.378         9.030        10.861        12.562
 DASS17_2       1.662         4.842         5.294         3.506         6.100
 DASS18_2       1.262        14.377         0.812        10.252         6.276
 DASS19_2       8.391         0.080         8.045        36.007         2.987
 DASS20_2       0.038         0.297         2.214         0.275         3.691
 DASS21_2       4.298         9.054         3.447         6.102         3.154


           THETA
              DASS6_2       DASS7_2       DASS8_2       DASS9_2       DASS10_2
              ________      ________      ________      ________      ________
 DASS6_2        0.000
 DASS7_2        0.773         0.000
 DASS8_2        4.550         1.492         0.000
 DASS9_2        1.825        24.274        41.629         0.000
 DASS10_2       0.021         6.992         2.747         0.566         0.000
 DASS11_2       0.867         8.954        13.595        16.085        10.185
 DASS12_2       0.000         1.585         1.772         1.081         5.350
 DASS13_2       0.023         0.193         0.483         0.120         1.648
 DASS14_2       0.163         9.222         9.827         6.795         2.182
 DASS15_2       1.076         0.608         0.587         5.217         0.038
 DASS16_2       2.542         2.248         0.382         0.203         4.759
 DASS17_2       3.974         0.057         1.054         4.881         2.015
 DASS18_2       2.210        16.442        27.124        39.582         0.378
 DASS19_2      14.605         2.151         1.740         0.319         2.726
 DASS20_2       2.661         0.176         0.500         1.583         0.277
 DASS21_2       1.025         2.408         0.513         0.000         1.653


           THETA
              DASS11_2      DASS12_2      DASS13_2      DASS14_2      DASS15_2
              ________      ________      ________      ________      ________
 DASS11_2       0.000
 DASS12_2       3.215         0.000
 DASS13_2       0.756        26.646         0.000
 DASS14_2      12.482         4.270         0.010         0.000
 DASS15_2      10.693         0.042         0.953         1.403         0.000
 DASS16_2       6.229         1.000         1.469        10.455         0.010
 DASS17_2       6.527         1.566         2.220         1.234         0.039
 DASS18_2     135.102         0.004         0.040        42.291         8.084
 DASS19_2      11.767        13.233         0.746         4.116         1.719
 DASS20_2      11.524         2.727         1.130        13.849         1.837
 DASS21_2       2.106         1.302         0.302         4.750         5.041


           THETA
              DASS16_2      DASS17_2      DASS18_2      DASS19_2      DASS20_2
              ________      ________      ________      ________      ________
 DASS16_2       0.000
 DASS17_2       0.111         0.000
 DASS18_2       5.644         2.712         0.000
 DASS19_2       3.597        25.063         5.322         0.000
 DASS20_2       0.725         6.084         2.120        26.168         0.000
 DASS21_2      16.973         0.123        19.676         0.142         0.365


           THETA
              DASS21_2
              ________
 DASS21_2       0.000


     EXPECTED PARAMETER CHANGE


           THETA
              DASS1_2       DASS2_2       DASS3_2       DASS4_2       DASS5_2
              ________      ________      ________      ________      ________
 DASS1_2        0.000
 DASS2_2        0.072         0.000
 DASS3_2        0.073         0.111         0.000
 DASS4_2       -0.015         0.157         0.032         0.000
 DASS5_2        0.018        -0.075        -0.005        -0.066         0.000
 DASS6_2        0.093        -0.040         0.026        -0.078         0.098
 DASS7_2       -0.034         0.115        -0.036         0.082        -0.042
 DASS8_2        0.108        -0.005        -0.119        -0.065        -0.006
 DASS9_2       -0.019        -0.061        -0.154        -0.019        -0.027
 DASS10_2      -0.036        -0.021         0.211        -0.035        -0.046
 DASS11_2      -0.087        -0.068         0.120        -0.036         0.086
 DASS12_2      -0.020        -0.078         0.048        -0.038         0.003
 DASS13_2      -0.011        -0.072         0.028        -0.050         0.010
 DASS14_2      -0.013        -0.115        -0.013        -0.082         0.090
 DASS15_2       0.025         0.036        -0.004         0.008        -0.079
 DASS16_2       0.001        -0.081        -0.108        -0.122         0.125
 DASS17_2      -0.038         0.060        -0.082         0.051        -0.092
 DASS18_2      -0.034        -0.137         0.034        -0.112         0.102
 DASS19_2      -0.097         0.008        -0.106         0.146        -0.065
 DASS20_2       0.006         0.016        -0.053        -0.016        -0.071
 DASS21_2      -0.072        -0.106        -0.064        -0.087         0.061


           THETA
              DASS6_2       DASS7_2       DASS8_2       DASS9_2       DASS10_2
              ________      ________      ________      ________      ________
 DASS6_2        0.000
 DASS7_2       -0.026         0.000
 DASS8_2        0.053         0.033         0.000
 DASS9_2       -0.038         0.118         0.138         0.000
 DASS10_2       0.005        -0.098        -0.058        -0.026         0.000
 DASS11_2       0.025        -0.092        -0.106        -0.118         0.108
 DASS12_2       0.000        -0.037         0.034        -0.028         0.071
 DASS13_2       0.004        -0.013         0.019        -0.010         0.040
 DASS14_2       0.012        -0.100        -0.094        -0.080         0.053
 DASS15_2       0.029         0.021        -0.021         0.056        -0.007
 DASS16_2       0.056        -0.054        -0.021        -0.015        -0.080
 DASS17_2      -0.055        -0.006        -0.026         0.051        -0.050
 DASS18_2       0.040        -0.129        -0.157        -0.197         0.022
 DASS19_2      -0.126         0.040        -0.040        -0.016        -0.059
 DASS20_2      -0.050         0.012         0.019         0.032        -0.019
 DASS21_2      -0.036        -0.052         0.023        -0.001        -0.044


           THETA
              DASS11_2      DASS12_2      DASS13_2      DASS14_2      DASS15_2
              ________      ________      ________      ________      ________
 DASS11_2       0.000
 DASS12_2       0.046         0.000
 DASS13_2      -0.026         0.115         0.000
 DASS14_2       0.094         0.057         0.003         0.000
 DASS15_2      -0.101        -0.005         0.025        -0.037         0.000
 DASS16_2       0.088        -0.032        -0.035         0.117         0.003
 DASS17_2      -0.073        -0.033        -0.040        -0.032         0.005
 DASS18_2       0.294        -0.002         0.006         0.170        -0.087
 DASS19_2      -0.115        -0.114        -0.024        -0.067         0.034
 DASS20_2      -0.108        -0.047        -0.030        -0.130         0.034
 DASS21_2       0.051        -0.035        -0.015         0.079        -0.075


           THETA
              DASS16_2      DASS17_2      DASS18_2      DASS19_2      DASS20_2
              ________      ________      ________      ________      ________
 DASS16_2       0.000
 DASS17_2      -0.011         0.000
 DASS18_2       0.086        -0.045         0.000
 DASS19_2      -0.064         0.115        -0.072         0.000
 DASS20_2      -0.027         0.060        -0.045         0.117         0.000
 DASS21_2       0.113         0.011         0.148        -0.012         0.018


           THETA
              DASS21_2
              ________
 DASS21_2       0.000


     MODIFICATION INDICES FOR ANALYSIS WITH 3 FACTOR(S)



     MODIFICATION INDICES


           THETA
              DASS1_2       DASS2_2       DASS3_2       DASS4_2       DASS5_2
              ________      ________      ________      ________      ________
 DASS1_2        0.000
 DASS2_2        7.589         0.000
 DASS3_2        7.444        25.823         0.000
 DASS4_2        0.435        17.795         4.581         0.000
 DASS5_2        0.822         0.851         1.711         0.204         0.000
 DASS6_2       14.338         0.022         0.259         1.583         4.588
 DASS7_2        2.688         5.415         0.034         0.609         0.568
 DASS8_2       17.118         1.634         7.040        12.501         2.007
 DASS9_2        1.655        17.405        11.025         7.940         1.958
 DASS10_2       0.670         0.348        46.371         0.077         6.183
 DASS11_2       6.163         3.860         4.204        11.843         1.022
 DASS12_2       0.467         2.016         1.245         0.012         0.536
 DASS13_2       0.200         3.820         0.533         1.270         0.027
 DASS14_2       0.019         0.373         3.477         0.405         0.008
 DASS15_2       0.455         0.094         0.308         0.681         1.852
 DASS16_2       0.077         1.527        16.616         5.524         8.298
 DASS17_2       3.297         0.858         3.099         0.278         2.393
 DASS18_2       0.374         0.007         0.571         1.412         0.452
 DASS19_2      11.913         5.646         4.851        15.820         0.056
 DASS20_2       0.000         1.592         0.782         5.464         0.820
 DASS21_2       4.549         5.607         7.444         2.647         1.511


           THETA
              DASS6_2       DASS7_2       DASS8_2       DASS9_2       DASS10_2
              ________      ________      ________      ________      ________
 DASS6_2        0.000
 DASS7_2        0.079         0.000
 DASS8_2        8.037         0.157         0.000
 DASS9_2        0.328         7.374        24.849         0.000
 DASS10_2       0.110         2.310         0.581         0.661         0.000
 DASS11_2       0.160         1.253         2.364         0.139         1.994
 DASS12_2       0.638         0.004         5.517         0.053         3.483
 DASS13_2       0.112         0.091         1.359         0.128         1.178
 DASS14_2       0.608         0.005         2.241         0.122         0.008
 DASS15_2       2.904         0.271         3.588         1.221         0.356
 DASS16_2       0.924         0.011         0.317         2.022        10.930
 DASS17_2       2.467         4.658         6.818         0.156         0.356
 DASS18_2       0.705         0.086        12.595        10.426         3.289
 DASS19_2       8.852         1.296         8.014         9.296         0.171
 DASS20_2       0.829         2.217         0.116         0.229         0.213
 DASS21_2       3.370         0.033         3.842         2.867         4.978


           THETA
              DASS11_2      DASS12_2      DASS13_2      DASS14_2      DASS15_2
              ________      ________      ________      ________      ________
 DASS11_2       0.000
 DASS12_2       0.001         0.000
 DASS13_2       4.656        26.905         0.000
 DASS14_2       0.489         0.484         0.646         0.000
 DASS15_2       2.270         0.225         1.967         0.281         0.000
 DASS16_2       0.186         3.962         2.731         1.631         1.202
 DASS17_2       0.053         0.241         1.607         1.774         0.684
 DASS18_2      19.748         7.536         1.245         1.365         0.490
 DASS19_2       0.099         7.234         0.021         1.777         0.021
 DASS20_2       0.626         0.641         0.481         3.963         0.230
 DASS21_2       0.999         4.289         0.847         0.263         3.304


           THETA
              DASS16_2      DASS17_2      DASS18_2      DASS19_2      DASS20_2
              ________      ________      ________      ________      ________
 DASS16_2       0.000
 DASS17_2       0.850         0.000
 DASS18_2       0.346         4.793         0.000
 DASS19_2       0.172        14.255        11.354         0.000
 DASS20_2       0.167         1.862         6.341        12.898         0.000
 DASS21_2      13.985         2.083         5.322         1.340         3.681


           THETA
              DASS21_2
              ________
 DASS21_2       0.000


     EXPECTED PARAMETER CHANGE


           THETA
              DASS1_2       DASS2_2       DASS3_2       DASS4_2       DASS5_2
              ________      ________      ________      ________      ________
 DASS1_2        0.000
 DASS2_2        0.077         0.000
 DASS3_2        0.087         0.159         0.000
 DASS4_2       -0.019         0.111         0.072         0.000
 DASS5_2        0.032        -0.034        -0.046        -0.017         0.000
 DASS6_2        0.094         0.005         0.017        -0.039         0.078
 DASS7_2       -0.047         0.062         0.006         0.021         0.028
 DASS8_2        0.099        -0.036        -0.091        -0.106         0.051
 DASS9_2       -0.035        -0.126        -0.118        -0.082         0.050
 DASS10_2      -0.027         0.020         0.195         0.009        -0.089
 DASS11_2      -0.075         0.067         0.072         0.114        -0.040
 DASS12_2      -0.019        -0.043         0.034         0.003        -0.024
 DASS13_2      -0.012        -0.058         0.021        -0.033         0.005
 DASS14_2       0.004        -0.021        -0.069         0.022        -0.003
 DASS15_2       0.018         0.008         0.018        -0.023        -0.048
 DASS16_2       0.009        -0.041        -0.136        -0.082         0.098
 DASS17_2      -0.050         0.024        -0.059         0.014        -0.054
 DASS18_2      -0.019         0.003        -0.029         0.044        -0.028
 DASS19_2      -0.109        -0.071        -0.078         0.100        -0.008
 DASS20_2       0.000        -0.035        -0.030        -0.067        -0.031
 DASS21_2      -0.068        -0.079        -0.086        -0.054         0.040


           THETA
              DASS6_2       DASS7_2       DASS8_2       DASS9_2       DASS10_2
              ________      ________      ________      ________      ________
 DASS6_2        0.000
 DASS7_2        0.008         0.000
 DASS8_2        0.067        -0.011         0.000
 DASS9_2       -0.015         0.066         0.109         0.000
 DASS10_2      -0.011        -0.054        -0.025         0.027         0.000
 DASS11_2      -0.011         0.035        -0.044        -0.011         0.047
 DASS12_2      -0.020         0.002         0.056         0.006         0.054
 DASS13_2      -0.009         0.008         0.029         0.009         0.031
 DASS14_2      -0.022        -0.002        -0.044         0.011        -0.003
 DASS15_2       0.045        -0.014        -0.049         0.026         0.019
 DASS16_2       0.031         0.004         0.018         0.046        -0.112
 DASS17_2      -0.041        -0.056        -0.064         0.009        -0.020
 DASS18_2      -0.026         0.010        -0.110        -0.106        -0.066
 DASS19_2      -0.093        -0.031        -0.082        -0.084        -0.014
 DASS20_2      -0.026        -0.040        -0.009        -0.012         0.015
 DASS21_2      -0.060        -0.006         0.058         0.051        -0.071


           THETA
              DASS11_2      DASS12_2      DASS13_2      DASS14_2      DASS15_2
              ________      ________      ________      ________      ________
 DASS11_2       0.000
 DASS12_2      -0.001         0.000
 DASS13_2      -0.063         0.107         0.000
 DASS14_2      -0.022         0.019        -0.023         0.000
 DASS15_2      -0.045         0.012         0.034         0.016         0.000
 DASS16_2      -0.015        -0.059        -0.044         0.045         0.033
 DASS17_2       0.006        -0.012        -0.032         0.037        -0.020
 DASS18_2       0.188        -0.081        -0.034         0.041        -0.022
 DASS19_2       0.011        -0.080        -0.004         0.044         0.004
 DASS20_2      -0.025        -0.021        -0.018        -0.067         0.011
 DASS21_2      -0.035        -0.059        -0.024         0.018        -0.056


           THETA
              DASS16_2      DASS17_2      DASS18_2      DASS19_2      DASS20_2
              ________      ________      ________      ________      ________
 DASS16_2       0.000
 DASS17_2       0.027         0.000
 DASS18_2      -0.022         0.063         0.000
 DASS19_2      -0.013         0.085         0.116         0.000
 DASS20_2       0.012         0.031         0.082         0.082         0.000
 DASS21_2       0.097         0.041         0.082         0.035         0.053


           THETA
              DASS21_2
              ________
 DASS21_2       0.000


     Beginning Time:  20:40:50
        Ending Time:  20:40:51
       Elapsed Time:  00:00:01



MUTHEN & MUTHEN
3463 Stoner Ave.
Los Angeles, CA  90066

Tel: (310) 391-9971
Fax: (310) 391-8971
Web: www.StatModel.com
Support: Support@StatModel.com

Copyright (c) 1998-2019 Muthen & Muthen
