Mplus VERSION 8.4 (Mac)
MUTHEN & MUTHEN
04/28/2023   5:00 PM

INPUT INSTRUCTIONS

  Title: Student Grit Endline CFA;

  Data:
     File is ../dat_stu.txt;

  Variable:
     Names are studentid index treatment girl age_w child_grade in_ukr
     guardian_living guardian_region
     grit1_1 grit2_1 grit3_1 grit4_1 grit5_1 grit6_1 grit7_1 grit8_1
     loc1_1 loc2_1 loc3_1 loc4_1
     dass1_1 dass2_1 dass3_1 dass4_1 dass5_1 dass6_1 dass7_1 dass8_1
     dass9_1 dass10_1 dass11_1 dass12_1 dass13_1 dass14_1
     sleep1_1 sleep2_1 sleep3_1 sleep4_1 sleep5_1 sleep6_1 sleep7_1
     efficacy_1 edugoals_1 remotediff_1 timeclass_1 timehomework_1
     grit1_2 grit2_2 grit3_2 grit4_2 grit5_2 grit6_2 grit7_2 grit8_2
     loc1_2 loc2_2 loc3_2 loc4_2
     dass1_2 dass2_2 dass3_2 dass4_2 dass5_2 dass6_2 dass7_2 dass8_2
     dass9_2 dass10_2 dass11_2 dass12_2 dass13_2 dass14_2
     efficacy_2 edugoals_2 timeclass_2 timehomework_2 compmath_2 half;
     Missing are . ;

    Usevariable are
  	grit1_2 grit5_2 grit6_2 grit7_2 grit8_2;

    Categorical is
  	grit1_2 grit5_2 grit6_2 grit7_2 grit8_2;

    Useobservations is half eq 0;

  Analysis:
     Estimator = wlsmv;

  Model:
    grit_2 by
      grit1_2 grit5_2 grit6_2 grit7_2 grit8_2;

    grit1_2 with grit6_2; !worded positively
    grit1_2 with grit7_2; !both about schoolwork

  Output: sampstat stdyx modindices(all);



*** WARNING
  Data set contains cases with missing on all variables.
  These cases were not included in the analysis.
  Number of cases with missing on all variables:  482
   1 WARNING(S) FOUND IN THE INPUT INSTRUCTIONS



Student Grit Endline CFA;

SUMMARY OF ANALYSIS

Number of groups                                                 1
Number of observations                                         790

Number of dependent variables                                    5
Number of independent variables                                  0
Number of continuous latent variables                            1

Observed dependent variables

  Binary and ordered categorical (ordinal)
   GRIT1_2     GRIT5_2     GRIT6_2     GRIT7_2     GRIT8_2

Continuous latent variables
   GRIT_2


Estimator                                                    WLSMV
Maximum number of iterations                                  1000
Convergence criterion                                    0.500D-04
Maximum number of steepest descent iterations                   20
Maximum number of iterations for H1                           2000
Convergence criterion for H1                             0.100D-03
Parameterization                                             DELTA
Link                                                        PROBIT

Input data file(s)
  ../dat_stu.txt

Input data format  FREE


SUMMARY OF DATA

     Number of missing data patterns             1


COVARIANCE COVERAGE OF DATA

Minimum covariance coverage value   0.100


     PROPORTION OF DATA PRESENT


           Covariance Coverage
              GRIT1_2       GRIT5_2       GRIT6_2       GRIT7_2       GRIT8_2
              ________      ________      ________      ________      ________
 GRIT1_2        1.000
 GRIT5_2        1.000         1.000
 GRIT6_2        1.000         1.000         1.000
 GRIT7_2        1.000         1.000         1.000         1.000
 GRIT8_2        1.000         1.000         1.000         1.000         1.000


UNIVARIATE PROPORTIONS AND COUNTS FOR CATEGORICAL VARIABLES

    GRIT1_2
      Category 1    0.122           96.000
      Category 2    0.254          201.000
      Category 3    0.278          220.000
      Category 4    0.299          236.000
      Category 5    0.047           37.000
    GRIT5_2
      Category 1    0.067           53.000
      Category 2    0.225          178.000
      Category 3    0.258          204.000
      Category 4    0.303          239.000
      Category 5    0.147          116.000
    GRIT6_2
      Category 1    0.022           17.000
      Category 2    0.108           85.000
      Category 3    0.314          248.000
      Category 4    0.456          360.000
      Category 5    0.101           80.000
    GRIT7_2
      Category 1    0.222          175.000
      Category 2    0.414          327.000
      Category 3    0.225          178.000
      Category 4    0.100           79.000
      Category 5    0.039           31.000
    GRIT8_2
      Category 1    0.063           50.000
      Category 2    0.266          210.000
      Category 3    0.296          234.000
      Category 4    0.285          225.000
      Category 5    0.090           71.000


SAMPLE STATISTICS


     ESTIMATED SAMPLE STATISTICS


           MEANS/INTERCEPTS/THRESHOLDS
              GRIT1_2$      GRIT1_2$      GRIT1_2$      GRIT1_2$      GRIT5_2$
              ________      ________      ________      ________      ________
               -1.167        -0.316         0.397         1.676        -1.498


           MEANS/INTERCEPTS/THRESHOLDS
              GRIT5_2$      GRIT5_2$      GRIT5_2$      GRIT6_2$      GRIT6_2$
              ________      ________      ________      ________      ________
               -0.546         0.127         1.050        -2.023        -1.131


           MEANS/INTERCEPTS/THRESHOLDS
              GRIT6_2$      GRIT6_2$      GRIT7_2$      GRIT7_2$      GRIT7_2$
              ________      ________      ________      ________      ________
               -0.143         1.274        -0.767         0.346         1.084


           MEANS/INTERCEPTS/THRESHOLDS
              GRIT7_2$      GRIT8_2$      GRIT8_2$      GRIT8_2$      GRIT8_2$
              ________      ________      ________      ________      ________
                1.760        -1.528        -0.442         0.319         1.342


           CORRELATION MATRIX (WITH VARIANCES ON THE DIAGONAL)
              GRIT1_2       GRIT5_2       GRIT6_2       GRIT7_2       GRIT8_2
              ________      ________      ________      ________      ________
 GRIT1_2
 GRIT5_2        0.230
 GRIT6_2        0.306         0.310
 GRIT7_2        0.175         0.328         0.147
 GRIT8_2        0.254         0.544         0.360         0.425


THE MODEL ESTIMATION TERMINATED NORMALLY



MODEL FIT INFORMATION

Number of Free Parameters                       27

Chi-Square Test of Model Fit

          Value                             10.454*
          Degrees of Freedom                     3
          P-Value                           0.0151

*   The chi-square value for MLM, MLMV, MLR, ULSMV, WLSM and WLSMV cannot be used
    for chi-square difference testing in the regular way.  MLM, MLR and WLSM
    chi-square difference testing is described on the Mplus website.  MLMV, WLSMV,
    and ULSMV difference testing is done using the DIFFTEST option.

RMSEA (Root Mean Square Error Of Approximation)

          Estimate                           0.056
          90 Percent C.I.                    0.022  0.095
          Probability RMSEA <= .05           0.331

CFI/TLI

          CFI                                0.993
          TLI                                0.977

Chi-Square Test of Model Fit for the Baseline Model

          Value                           1078.211
          Degrees of Freedom                    10
          P-Value                           0.0000

SRMR (Standardized Root Mean Square Residual)

          Value                              0.012

Optimum Function Value for Weighted Least-Squares Estimator

          Value                     0.32222820D-02



MODEL RESULTS

                                                    Two-Tailed
                    Estimate       S.E.  Est./S.E.    P-Value

 GRIT_2   BY
    GRIT1_2            1.000      0.000    999.000    999.000
    GRIT5_2            2.106      0.252      8.365      0.000
    GRIT6_2            1.333      0.163      8.191      0.000
    GRIT7_2            1.525      0.194      7.865      0.000
    GRIT8_2            2.601      0.315      8.260      0.000

 GRIT1_2  WITH
    GRIT6_2            0.171      0.033      5.148      0.000
    GRIT7_2            0.020      0.030      0.659      0.510

 Thresholds
    GRIT1_2$1         -1.167      0.058    -20.268      0.000
    GRIT1_2$2         -0.316      0.045     -6.962      0.000
    GRIT1_2$3          0.397      0.046      8.657      0.000
    GRIT1_2$4          1.676      0.077     21.827      0.000
    GRIT5_2$1         -1.498      0.068    -21.866      0.000
    GRIT5_2$2         -0.546      0.047    -11.601      0.000
    GRIT5_2$3          0.127      0.045      2.846      0.004
    GRIT5_2$4          1.050      0.055     19.168      0.000
    GRIT6_2$1         -2.023      0.100    -20.189      0.000
    GRIT6_2$2         -1.131      0.057    -19.952      0.000
    GRIT6_2$3         -0.143      0.045     -3.201      0.001
    GRIT6_2$4          1.274      0.061     21.029      0.000
    GRIT7_2$1         -0.767      0.050    -15.433      0.000
    GRIT7_2$2          0.346      0.046      7.598      0.000
    GRIT7_2$3          1.084      0.056     19.511      0.000
    GRIT7_2$4          1.760      0.081     21.610      0.000
    GRIT8_2$1         -1.528      0.070    -21.902      0.000
    GRIT8_2$2         -0.442      0.046     -9.572      0.000
    GRIT8_2$3          0.319      0.045      7.033      0.000
    GRIT8_2$4          1.342      0.063     21.387      0.000

 Variances
    GRIT_2             0.102      0.023      4.381      0.000


STANDARDIZED MODEL RESULTS


STDYX Standardization

                                                    Two-Tailed
                    Estimate       S.E.  Est./S.E.    P-Value

 GRIT_2   BY
    GRIT1_2            0.319      0.036      8.762      0.000
    GRIT5_2            0.671      0.030     22.733      0.000
    GRIT6_2            0.425      0.033     12.935      0.000
    GRIT7_2            0.486      0.032     14.980      0.000
    GRIT8_2            0.829      0.028     29.312      0.000

 GRIT1_2  WITH
    GRIT6_2            0.199      0.037      5.358      0.000
    GRIT7_2            0.024      0.036      0.661      0.508

 Thresholds
    GRIT1_2$1         -1.167      0.058    -20.268      0.000
    GRIT1_2$2         -0.316      0.045     -6.962      0.000
    GRIT1_2$3          0.397      0.046      8.657      0.000
    GRIT1_2$4          1.676      0.077     21.827      0.000
    GRIT5_2$1         -1.498      0.068    -21.866      0.000
    GRIT5_2$2         -0.546      0.047    -11.601      0.000
    GRIT5_2$3          0.127      0.045      2.846      0.004
    GRIT5_2$4          1.050      0.055     19.168      0.000
    GRIT6_2$1         -2.023      0.100    -20.189      0.000
    GRIT6_2$2         -1.131      0.057    -19.952      0.000
    GRIT6_2$3         -0.143      0.045     -3.201      0.001
    GRIT6_2$4          1.274      0.061     21.029      0.000
    GRIT7_2$1         -0.767      0.050    -15.433      0.000
    GRIT7_2$2          0.346      0.046      7.598      0.000
    GRIT7_2$3          1.084      0.056     19.511      0.000
    GRIT7_2$4          1.760      0.081     21.610      0.000
    GRIT8_2$1         -1.528      0.070    -21.902      0.000
    GRIT8_2$2         -0.442      0.046     -9.572      0.000
    GRIT8_2$3          0.319      0.045      7.033      0.000
    GRIT8_2$4          1.342      0.063     21.387      0.000

 Variances
    GRIT_2             1.000      0.000    999.000    999.000


R-SQUARE

    Observed                                        Two-Tailed   Residual
    Variable        Estimate       S.E.  Est./S.E.    P-Value    Variance

    GRIT1_2            0.102      0.023      4.381      0.000      0.898
    GRIT5_2            0.451      0.040     11.367      0.000      0.549
    GRIT6_2            0.181      0.028      6.468      0.000      0.819
    GRIT7_2            0.236      0.032      7.490      0.000      0.764
    GRIT8_2            0.687      0.047     14.656      0.000      0.313


QUALITY OF NUMERICAL RESULTS

     Condition Number for the Information Matrix              0.660E-04
       (ratio of smallest to largest eigenvalue)


MODEL MODIFICATION INDICES

Minimum M.I. value for printing the modification index    10.000

                                   M.I.     E.P.C.  Std E.P.C.  StdYX E.P.C.

No modification indices above the minimum value.



     Beginning Time:  17:00:40
        Ending Time:  17:00:40
       Elapsed Time:  00:00:00



MUTHEN & MUTHEN
3463 Stoner Ave.
Los Angeles, CA  90066

Tel: (310) 391-9971
Fax: (310) 391-8971
Web: www.StatModel.com
Support: Support@StatModel.com

Copyright (c) 1998-2019 Muthen & Muthen
