Mplus VERSION 8.4 (Mac)
MUTHEN & MUTHEN
05/21/2023  10:11 AM

INPUT INSTRUCTIONS

  Title: Tutor Empathy Baseline EFA;

  Data:
     File is ../dat_tutor.txt;

  Variable:
     Names are tutorid
     dass1_1 dass2_1 dass3_1 dass4_1 dass5_1 dass6_1 dass7_1
     empathy1_1 empathy2_1 empathy3_1 empathy4_1 empathy5_1
     empathy6_1 empathy7_1 empathy8_1 empathy9_1
     auto1_1 auto2_1 auto3_1 auto4_1 auto5_1
     auto6_1 auto7_1 auto8_1 auto9_1 auto10_1
     bias1_1 bias2_1 bias3_1 bias4_1 bias5_1 bias6_1 bias7_1
     bias8_1 bias9_1 bias10_1 bias11_1 bias12_1 bias13_1
     hard_work1_1 hard_work2_1 hard_work3_1
     prosocial1_1 prosocial2_1 prosocial3_1 prosocial4_1
     prosocial5_1 prosocial6_1 prosocial7_1 prosocial8_1
     prosocial9_1 prosocial10_1 prosocial11_1 prosocial12_1
     prosocial13_1 prosocial14_1 prosocial15_1 prosocial16_1
     perceptions1_1 perceptions2a_1 perceptions2b_1 perceptions2c_1
     perceptions2d_1 perceptions2e_1 perceptions2f_1 perceptions2g_1
     perceptions2h_1 perceptions3_1 perceptions4_1 perceptions5_1
     perceptions6a_1 perceptions6b_1 perceptions6c_1 perceptions6d_1
     perceptions7_1 perceptions8a_1 perceptions8b_1 perceptions8c_1
     perceptions8d_1 half;
     Missing are . ;

    Usevariable are
  	empathy1_1 empathy3_1 empathy4_1 empathy5_1
    empathy6_1 empathy7_1 empathy8_1 empathy9_1;

    Categorical is
  	empathy1_1 empathy3_1 empathy4_1 empathy5_1
    empathy6_1 empathy7_1 empathy8_1 empathy9_1;

    Useobservations is half eq 1;

  Analysis:
     Type = efa 1 3;
     Estimator = wlsmv;

  Output: sampstat stdy modindices(all);



*** WARNING in VARIABLE command
  Note that only the first 8 characters of variable names are used in the output.
  Shorten variable names to avoid any confusion.
*** WARNING in OUTPUT command
  STANDARDIZED (STD, STDY, STDYX) options are not available for TYPE=EFA.
  Request for STANDARDIZED options will be ignored.  Note that STANDARDIZED options
  are available with the use of EFA factors (ESEM) declared in the MODEL command.
   2 WARNING(S) FOUND IN THE INPUT INSTRUCTIONS



Tutor Empathy Baseline EFA;

SUMMARY OF ANALYSIS

Number of groups                                                 1
Number of observations                                         100

Number of dependent variables                                    8
Number of independent variables                                  0
Number of continuous latent variables                            0

Observed dependent variables

  Binary and ordered categorical (ordinal)
   EMPATHY1    EMPATHY3    EMPATHY4    EMPATHY5    EMPATHY6    EMPATHY7
   EMPATHY8    EMPATHY9


Estimator                                                    WLSMV
Rotation                                                    GEOMIN
Row standardization                                    CORRELATION
Type of rotation                                           OBLIQUE
Epsilon value                                               Varies
Maximum number of iterations                                  1000
Convergence criterion                                    0.500D-04
Maximum number of steepest descent iterations                   20
Maximum number of iterations for H1                           2000
Convergence criterion for H1                             0.100D-03
Optimization Specifications for the Exploratory Factor Analysis
Rotation Algorithm
  Number of random starts                                       30
  Maximum number of iterations                               10000
  Derivative convergence criterion                       0.100D-04
Link                                                        PROBIT

Input data file(s)
  ../dat_tutor.txt

Input data format  FREE


SUMMARY OF DATA

     Number of missing data patterns             1


COVARIANCE COVERAGE OF DATA

Minimum covariance coverage value   0.100


     PROPORTION OF DATA PRESENT


           Covariance Coverage
              EMPATHY1      EMPATHY3      EMPATHY4      EMPATHY5      EMPATHY6
              ________      ________      ________      ________      ________
 EMPATHY1       1.000
 EMPATHY3       1.000         1.000
 EMPATHY4       1.000         1.000         1.000
 EMPATHY5       1.000         1.000         1.000         1.000
 EMPATHY6       1.000         1.000         1.000         1.000         1.000
 EMPATHY7       1.000         1.000         1.000         1.000         1.000
 EMPATHY8       1.000         1.000         1.000         1.000         1.000
 EMPATHY9       1.000         1.000         1.000         1.000         1.000


           Covariance Coverage
              EMPATHY7      EMPATHY8      EMPATHY9
              ________      ________      ________
 EMPATHY7       1.000
 EMPATHY8       1.000         1.000
 EMPATHY9       1.000         1.000         1.000


UNIVARIATE PROPORTIONS AND COUNTS FOR CATEGORICAL VARIABLES

    EMPATHY1
      Category 1    0.030            3.000
      Category 2    0.060            6.000
      Category 3    0.690           69.000
      Category 4    0.220           22.000
    EMPATHY3
      Category 1    0.010            1.000
      Category 2    0.180           18.000
      Category 3    0.650           65.000
      Category 4    0.160           16.000
    EMPATHY4
      Category 1    0.130           13.000
      Category 2    0.480           48.000
      Category 3    0.390           39.000
    EMPATHY5
      Category 1    0.030            3.000
      Category 2    0.080            8.000
      Category 3    0.660           66.000
      Category 4    0.230           23.000
    EMPATHY6
      Category 1    0.050            5.000
      Category 2    0.330           33.000
      Category 3    0.530           53.000
      Category 4    0.090            9.000
    EMPATHY7
      Category 1    0.080            8.000
      Category 2    0.400           40.000
      Category 3    0.410           41.000
      Category 4    0.110           11.000
    EMPATHY8
      Category 1    0.010            1.000
      Category 2    0.230           23.000
      Category 3    0.630           63.000
      Category 4    0.130           13.000
    EMPATHY9
      Category 1    0.020            2.000
      Category 2    0.250           25.000
      Category 3    0.600           60.000
      Category 4    0.130           13.000


SAMPLE STATISTICS


     ESTIMATED SAMPLE STATISTICS


           MEANS/INTERCEPTS/THRESHOLDS
              EMPATHY1      EMPATHY1      EMPATHY1      EMPATHY3      EMPATHY3
              ________      ________      ________      ________      ________
               -1.881        -1.341         0.772        -2.326        -0.878


           MEANS/INTERCEPTS/THRESHOLDS
              EMPATHY3      EMPATHY4      EMPATHY4      EMPATHY5      EMPATHY5
              ________      ________      ________      ________      ________
                0.994        -1.126         0.279        -1.881        -1.227


           MEANS/INTERCEPTS/THRESHOLDS
              EMPATHY5      EMPATHY6      EMPATHY6      EMPATHY6      EMPATHY7
              ________      ________      ________      ________      ________
                0.739        -1.645        -0.305         1.341        -1.405


           MEANS/INTERCEPTS/THRESHOLDS
              EMPATHY7      EMPATHY7      EMPATHY8      EMPATHY8      EMPATHY8
              ________      ________      ________      ________      ________
               -0.050         1.227        -2.326        -0.706         1.126


           MEANS/INTERCEPTS/THRESHOLDS
              EMPATHY9      EMPATHY9      EMPATHY9
              ________      ________      ________
               -2.054        -0.613         1.126


           CORRELATION MATRIX (WITH VARIANCES ON THE DIAGONAL)
              EMPATHY1      EMPATHY3      EMPATHY4      EMPATHY5      EMPATHY6
              ________      ________      ________      ________      ________
 EMPATHY1
 EMPATHY3       0.570
 EMPATHY4       0.617         0.368
 EMPATHY5       0.290         0.439         0.697
 EMPATHY6       0.475         0.545         0.374         0.536
 EMPATHY7       0.421         0.401         0.309         0.337         0.599
 EMPATHY8       0.436         0.414         0.271         0.317         0.562
 EMPATHY9       0.506         0.470         0.292         0.311         0.537


           CORRELATION MATRIX (WITH VARIANCES ON THE DIAGONAL)
              EMPATHY7      EMPATHY8      EMPATHY9
              ________      ________      ________
 EMPATHY8       0.697
 EMPATHY9       0.681         0.797


     WARNING:  IN EXPLORATORY FACTOR ANALYSIS WITH 3 FACTOR(S)
     THE CONDITION NUMBER OF THE ROTATED SOLUTION IS 0.221D-08.
     THE OPTIMAL ROTATION MAY BE POORLY IDENTIFIED.
     CHANGING THE ROTATION METHOD MAY RESOLVE THIS PROBLEM.




SUMMARY OF MODEL FIT INFORMATION


                   Number of                   Degrees of
     Model        Parameters      Chi-Square    Freedom     P-Value

     1-factor           8             91.908        20       0.0000
     2-factor          15             32.853        13       0.0018
     3-factor          21              7.635         7       0.3659

                                               Degrees of
     Models Compared              Chi-Square    Freedom     P-Value

     1-factor against 2-factor        50.912         7       0.0000
     2-factor against 3-factor        24.384         6       0.0004



RESULTS FOR EXPLORATORY FACTOR ANALYSIS


           EIGENVALUES FOR SAMPLE CORRELATION MATRIX
                  1             2             3             4             5
              ________      ________      ________      ________      ________
                4.338         1.272         0.742         0.621         0.404


           EIGENVALUES FOR SAMPLE CORRELATION MATRIX
                  6             7             8
              ________      ________      ________
                0.311         0.196         0.115


EXPLORATORY FACTOR ANALYSIS WITH 1 FACTOR(S):


MODEL FIT INFORMATION

Number of Free Parameters                        8

Chi-Square Test of Model Fit

          Value                             91.908*
          Degrees of Freedom                    20
          P-Value                           0.0000

*   The chi-square value for MLM, MLMV, MLR, ULSMV, WLSM and WLSMV cannot be used
    for chi-square difference testing in the regular way.  MLM, MLR and WLSM
    chi-square difference testing is described on the Mplus website.  MLMV, WLSMV,
    and ULSMV difference testing is done using the DIFFTEST option.

RMSEA (Root Mean Square Error Of Approximation)

          Estimate                           0.190
          90 Percent C.I.                    0.151  0.230
          Probability RMSEA <= .05           0.000

CFI/TLI

          CFI                                0.903
          TLI                                0.864

Chi-Square Test of Model Fit for the Baseline Model

          Value                            769.371
          Degrees of Freedom                    28
          P-Value                           0.0000

SRMR (Standardized Root Mean Square Residual)

          Value                              0.137



MINIMUM ROTATION FUNCTION VALUE       4.10637



           GEOMIN ROTATED LOADINGS (* significant at 5% level)
                  1
              ________
 EMPATHY1       0.667*
 EMPATHY3       0.622*
 EMPATHY4       0.641*
 EMPATHY5       0.550*
 EMPATHY6       0.738*
 EMPATHY7       0.765*
 EMPATHY8       0.843*
 EMPATHY9       0.849*


           GEOMIN FACTOR CORRELATIONS (* significant at 5% level)
                  1
              ________
      1         1.000


           ESTIMATED RESIDUAL VARIANCES
              EMPATHY1      EMPATHY3      EMPATHY4      EMPATHY5      EMPATHY6
              ________      ________      ________      ________      ________
                0.556         0.614         0.589         0.697         0.455


           ESTIMATED RESIDUAL VARIANCES
              EMPATHY7      EMPATHY8      EMPATHY9
              ________      ________      ________
                0.415         0.290         0.279


           S.E. GEOMIN ROTATED LOADINGS
                  1
              ________
 EMPATHY1       0.066
 EMPATHY3       0.073
 EMPATHY4       0.074
 EMPATHY5       0.075
 EMPATHY6       0.059
 EMPATHY7       0.048
 EMPATHY8       0.038
 EMPATHY9       0.040


           S.E. GEOMIN FACTOR CORRELATIONS
                  1
              ________
      1         0.000


           S.E. ESTIMATED RESIDUAL VARIANCES
              EMPATHY1      EMPATHY3      EMPATHY4      EMPATHY5      EMPATHY6
              ________      ________      ________      ________      ________
                0.088         0.090         0.095         0.083         0.087


           S.E. ESTIMATED RESIDUAL VARIANCES
              EMPATHY7      EMPATHY8      EMPATHY9
              ________      ________      ________
                0.073         0.064         0.068


           Est./S.E. GEOMIN ROTATED LOADINGS
                  1
              ________
 EMPATHY1      10.123
 EMPATHY3       8.562
 EMPATHY4       8.678
 EMPATHY5       7.311
 EMPATHY6      12.516
 EMPATHY7      16.003
 EMPATHY8      22.134
 EMPATHY9      21.076


           Est./S.E. GEOMIN FACTOR CORRELATIONS
                  1
              ________
      1         0.000


           Est./S.E. ESTIMATED RESIDUAL VARIANCES
              EMPATHY1      EMPATHY3      EMPATHY4      EMPATHY5      EMPATHY6
              ________      ________      ________      ________      ________
                6.330         6.796         6.209         8.424         5.230


           Est./S.E. ESTIMATED RESIDUAL VARIANCES
              EMPATHY7      EMPATHY8      EMPATHY9
              ________      ________      ________
                5.683         4.519         4.073


EXPLORATORY FACTOR ANALYSIS WITH 2 FACTOR(S):


MODEL FIT INFORMATION

Number of Free Parameters                       15

Chi-Square Test of Model Fit

          Value                             32.853*
          Degrees of Freedom                    13
          P-Value                           0.0018

*   The chi-square value for MLM, MLMV, MLR, ULSMV, WLSM and WLSMV cannot be used
    for chi-square difference testing in the regular way.  MLM, MLR and WLSM
    chi-square difference testing is described on the Mplus website.  MLMV, WLSMV,
    and ULSMV difference testing is done using the DIFFTEST option.

RMSEA (Root Mean Square Error Of Approximation)

          Estimate                           0.124
          90 Percent C.I.                    0.072  0.177
          Probability RMSEA <= .05           0.014

CFI/TLI

          CFI                                0.973
          TLI                                0.942

Chi-Square Test of Model Fit for the Baseline Model

          Value                            769.371
          Degrees of Freedom                    28
          P-Value                           0.0000

SRMR (Standardized Root Mean Square Residual)

          Value                              0.063



MINIMUM ROTATION FUNCTION VALUE       0.77641



           GEOMIN ROTATED LOADINGS (* significant at 5% level)
                  1             2
              ________      ________
 EMPATHY1       0.447*        0.402*
 EMPATHY3       0.359*        0.440*
 EMPATHY4       0.994*       -0.007
 EMPATHY5       0.604*        0.187
 EMPATHY6       0.327*        0.588*
 EMPATHY7       0.073         0.759*
 EMPATHY8      -0.060         0.912*
 EMPATHY9      -0.003         0.878*


           GEOMIN FACTOR CORRELATIONS (* significant at 5% level)
                  1             2
              ________      ________
      1         1.000
      2         0.307*        1.000


           ESTIMATED RESIDUAL VARIANCES
              EMPATHY1      EMPATHY3      EMPATHY4      EMPATHY5      EMPATHY6
              ________      ________      ________      ________      ________
                0.528         0.581         0.017         0.531         0.430


           ESTIMATED RESIDUAL VARIANCES
              EMPATHY7      EMPATHY8      EMPATHY9
              ________      ________      ________
                0.385         0.198         0.231


           S.E. GEOMIN ROTATED LOADINGS
                  1             2
              ________      ________
 EMPATHY1       0.093         0.104
 EMPATHY3       0.100         0.086
 EMPATHY4       0.089         0.005
 EMPATHY5       0.101         0.105
 EMPATHY6       0.105         0.088
 EMPATHY7       0.084         0.051
 EMPATHY8       0.097         0.066
 EMPATHY9       0.004         0.044


           S.E. GEOMIN FACTOR CORRELATIONS
                  1             2
              ________      ________
      1         0.000
      2         0.124         0.000


           S.E. ESTIMATED RESIDUAL VARIANCES
              EMPATHY1      EMPATHY3      EMPATHY4      EMPATHY5      EMPATHY6
              ________      ________      ________      ________      ________
                0.083         0.095         0.179         0.104         0.087


           S.E. ESTIMATED RESIDUAL VARIANCES
              EMPATHY7      EMPATHY8      EMPATHY9
              ________      ________      ________
                0.071         0.086         0.077


           Est./S.E. GEOMIN ROTATED LOADINGS
                  1             2
              ________      ________
 EMPATHY1       4.793         3.870
 EMPATHY3       3.589         5.097
 EMPATHY4      11.178        -1.338
 EMPATHY5       5.958         1.783
 EMPATHY6       3.098         6.678
 EMPATHY7       0.875        14.912
 EMPATHY8      -0.617        13.863
 EMPATHY9      -0.789        19.918


           Est./S.E. GEOMIN FACTOR CORRELATIONS
                  1             2
              ________      ________
      1         0.000
      2         2.463         0.000


           Est./S.E. ESTIMATED RESIDUAL VARIANCES
              EMPATHY1      EMPATHY3      EMPATHY4      EMPATHY5      EMPATHY6
              ________      ________      ________      ________      ________
                6.339         6.093         0.093         5.124         4.924


           Est./S.E. ESTIMATED RESIDUAL VARIANCES
              EMPATHY7      EMPATHY8      EMPATHY9
              ________      ________      ________
                5.386         2.292         3.000


           FACTOR STRUCTURE
                  1             2
              ________      ________
 EMPATHY1       0.571         0.539
 EMPATHY3       0.494         0.550
 EMPATHY4       0.992         0.298
 EMPATHY5       0.661         0.372
 EMPATHY6       0.507         0.688
 EMPATHY7       0.306         0.781
 EMPATHY8       0.220         0.894
 EMPATHY9       0.266         0.877


EXPLORATORY FACTOR ANALYSIS WITH 3 FACTOR(S):


MODEL FIT INFORMATION

Number of Free Parameters                       21

Chi-Square Test of Model Fit

          Value                              7.635*
          Degrees of Freedom                     7
          P-Value                           0.3659

*   The chi-square value for MLM, MLMV, MLR, ULSMV, WLSM and WLSMV cannot be used
    for chi-square difference testing in the regular way.  MLM, MLR and WLSM
    chi-square difference testing is described on the Mplus website.  MLMV, WLSMV,
    and ULSMV difference testing is done using the DIFFTEST option.

RMSEA (Root Mean Square Error Of Approximation)

          Estimate                           0.030
          90 Percent C.I.                    0.000  0.129
          Probability RMSEA <= .05           0.532

CFI/TLI

          CFI                                0.999
          TLI                                0.997

Chi-Square Test of Model Fit for the Baseline Model

          Value                            769.371
          Degrees of Freedom                    28
          P-Value                           0.0000

SRMR (Standardized Root Mean Square Residual)

          Value                              0.028



MINIMUM ROTATION FUNCTION VALUE       0.17039



           GEOMIN ROTATED LOADINGS (* significant at 5% level)
                  1             2             3
              ________      ________      ________
 EMPATHY1       3.441         0.000         0.000
 EMPATHY3       0.047         0.359*        0.371*
 EMPATHY4       0.052         0.707*        0.024
 EMPATHY5      -0.083         0.962*       -0.010
 EMPATHY6      -0.009         0.383*        0.529*
 EMPATHY7      -0.007         0.099         0.746*
 EMPATHY8      -0.006        -0.023         0.907*
 EMPATHY9       0.016        -0.002         0.875*


           GEOMIN FACTOR CORRELATIONS (* significant at 5% level)
                  1             2             3
              ________      ________      ________
      1         1.000
      2         0.175         1.000
      3         0.151         0.385*        1.000


           ESTIMATED RESIDUAL VARIANCES
              EMPATHY1      EMPATHY3      EMPATHY4      EMPATHY5      EMPATHY6
              ________      ________      ________      ________      ________
              -10.838         0.617         0.471         0.103         0.420


           ESTIMATED RESIDUAL VARIANCES
              EMPATHY7      EMPATHY8      EMPATHY9
              ________      ________      ________
                0.379         0.195         0.231


           S.E. GEOMIN ROTATED LOADINGS
                  1             2             3
              ________      ________      ________
 EMPATHY1      27.476         0.003         0.006
 EMPATHY3       0.499         0.147         0.160
 EMPATHY4       0.630         0.200         0.201
 EMPATHY5       0.505         0.325         0.027
 EMPATHY6       0.030         0.111         0.105
 EMPATHY7       0.039         0.064         0.050
 EMPATHY8       0.056         0.054         0.062
 EMPATHY9       0.142         0.025         0.066


           S.E. GEOMIN FACTOR CORRELATIONS
                  1             2             3
              ________      ________      ________
      1         0.000
      2         1.172         0.000
      3         1.194         0.113         0.000


           S.E. ESTIMATED RESIDUAL VARIANCES
              EMPATHY1      EMPATHY3      EMPATHY4      EMPATHY5      EMPATHY6
              ________      ________      ________      ________      ________
              189.073         0.096         0.159         0.395         0.091


           S.E. ESTIMATED RESIDUAL VARIANCES
              EMPATHY7      EMPATHY8      EMPATHY9
              ________      ________      ________
                0.071         0.084         0.078


           Est./S.E. GEOMIN ROTATED LOADINGS
                  1             2             3
              ________      ________      ________
 EMPATHY1       0.125         0.047        -0.040
 EMPATHY3       0.094         2.440         2.314
 EMPATHY4       0.083         3.530         0.119
 EMPATHY5      -0.164         2.956        -0.351
 EMPATHY6      -0.289         3.437         5.019
 EMPATHY7      -0.192         1.542        14.894
 EMPATHY8      -0.112        -0.422        14.623
 EMPATHY9       0.110        -0.096        13.167


           Est./S.E. GEOMIN FACTOR CORRELATIONS
                  1             2             3
              ________      ________      ________
      1         0.000
      2         0.149         0.000
      3         0.126         3.417         0.000


           Est./S.E. ESTIMATED RESIDUAL VARIANCES
              EMPATHY1      EMPATHY3      EMPATHY4      EMPATHY5      EMPATHY6
              ________      ________      ________      ________      ________
               -0.057         6.446         2.973         0.260         4.597


           Est./S.E. ESTIMATED RESIDUAL VARIANCES
              EMPATHY7      EMPATHY8      EMPATHY9
              ________      ________      ________
                5.356         2.319         2.966


           FACTOR STRUCTURE
                  1             2             3
              ________      ________      ________
 EMPATHY1       3.441         0.602         0.519
 EMPATHY3       0.166         0.510         0.517
 EMPATHY4       0.179         0.725         0.304
 EMPATHY5       0.084         0.944         0.349
 EMPATHY6       0.138         0.585         0.675
 EMPATHY7       0.122         0.385         0.783
 EMPATHY8       0.127         0.326         0.897
 EMPATHY9       0.147         0.338         0.877


MODIFICATION INDICES


     MODIFICATION INDICES FOR ANALYSIS WITH 1 FACTOR(S)



     MODIFICATION INDICES


           THETA
              EMPATHY1      EMPATHY3      EMPATHY4      EMPATHY5      EMPATHY6
              ________      ________      ________      ________      ________
 EMPATHY1       0.000
 EMPATHY3       6.192         0.000
 EMPATHY4      13.928         0.177         0.000
 EMPATHY5       1.724         1.285        29.657         0.000
 EMPATHY6       0.061         1.872         1.362         3.746         0.000
 EMPATHY7       1.835         1.069         3.983         1.868         0.534
 EMPATHY8       3.440         3.005         7.496         4.922         0.627
 EMPATHY9       0.914         1.023         9.359         4.936         2.238


           THETA
              EMPATHY7      EMPATHY8      EMPATHY9
              ________      ________      ________
 EMPATHY7       0.000
 EMPATHY8       2.108         0.000
 EMPATHY9       1.552        15.101         0.000


     EXPECTED PARAMETER CHANGE


           THETA
              EMPATHY1      EMPATHY3      EMPATHY4      EMPATHY5      EMPATHY6
              ________      ________      ________      ________      ________
 EMPATHY1       0.000
 EMPATHY3       0.205         0.000
 EMPATHY4       0.290        -0.039         0.000
 EMPATHY5      -0.101         0.111         0.446         0.000
 EMPATHY6      -0.022         0.116        -0.124         0.167         0.000
 EMPATHY7      -0.117        -0.094        -0.218        -0.110         0.056
 EMPATHY8      -0.170        -0.153        -0.326        -0.194        -0.080
 EMPATHY9      -0.084        -0.085        -0.326        -0.202        -0.135


           THETA
              EMPATHY7      EMPATHY8      EMPATHY9
              ________      ________      ________
 EMPATHY7       0.000
 EMPATHY8       0.109         0.000
 EMPATHY9       0.086         0.282         0.000


     MODIFICATION INDICES FOR ANALYSIS WITH 2 FACTOR(S)



     MODIFICATION INDICES


           THETA
              EMPATHY1      EMPATHY3      EMPATHY4      EMPATHY5      EMPATHY6
              ________      ________      ________      ________      ________
 EMPATHY1       0.000
 EMPATHY3       7.281         0.000
 EMPATHY4       8.988        11.465         0.000
 EMPATHY5      21.026         0.379         7.385         0.000
 EMPATHY6       0.283         1.510         6.950         4.676         0.000
 EMPATHY7       0.374         0.895         0.039         0.018         1.250
 EMPATHY8       0.202         1.629         1.402         0.170         0.392
 EMPATHY9       0.582         0.068         0.669         0.080         2.177


           THETA
              EMPATHY7      EMPATHY8      EMPATHY9
              ________      ________      ________
 EMPATHY7       0.000
 EMPATHY8       0.027         0.000
 EMPATHY9       0.099         2.441         0.000


     EXPECTED PARAMETER CHANGE


           THETA
              EMPATHY1      EMPATHY3      EMPATHY4      EMPATHY5      EMPATHY6
              ________      ________      ________      ________      ________
 EMPATHY1       0.000
 EMPATHY3       0.190         0.000
 EMPATHY4       0.427        -0.421         0.000
 EMPATHY5      -0.396         0.055         0.581         0.000
 EMPATHY6      -0.040         0.087        -0.328         0.174         0.000
 EMPATHY7      -0.046        -0.072         0.023         0.010         0.074
 EMPATHY8      -0.038        -0.101         0.181         0.038        -0.055
 EMPATHY9       0.060        -0.019         0.111        -0.025        -0.117


           THETA
              EMPATHY7      EMPATHY8      EMPATHY9
              ________      ________      ________
 EMPATHY7       0.000
 EMPATHY8       0.016         0.000
 EMPATHY9      -0.029         0.189         0.000


     MODIFICATION INDICES FOR ANALYSIS WITH 3 FACTOR(S)



     MODIFICATION INDICES


           THETA
              EMPATHY1      EMPATHY3      EMPATHY4      EMPATHY5      EMPATHY6
              ________      ________      ________      ________      ________
 EMPATHY1       0.000
 EMPATHY3       1.120         0.000
 EMPATHY4       2.990         0.617         0.000
 EMPATHY5       0.044         1.789         4.900         0.000
 EMPATHY6       0.238         3.422         2.852         0.416         0.000
 EMPATHY7       0.003         0.441         0.045         0.374         1.446
 EMPATHY8       0.439         0.998         0.052         0.866         0.490
 EMPATHY9       0.196         0.212         0.300         0.085         1.900


           THETA
              EMPATHY7      EMPATHY8      EMPATHY9
              ________      ________      ________
 EMPATHY7       0.000
 EMPATHY8       0.040         0.000
 EMPATHY9       0.288         2.386         0.000


     EXPECTED PARAMETER CHANGE


           THETA
              EMPATHY1      EMPATHY3      EMPATHY4      EMPATHY5      EMPATHY6
              ________      ________      ________      ________      ________
 EMPATHY1       0.000
 EMPATHY3      -8.880         0.000
 EMPATHY4      20.218        -0.172         0.000
 EMPATHY5      -5.441        -0.254         0.803         0.000
 EMPATHY6      -1.893         0.132        -0.230        -0.152         0.000
 EMPATHY7       0.126        -0.048         0.020        -0.065         0.077
 EMPATHY8       1.824        -0.074         0.026         0.122        -0.059
 EMPATHY9      -1.321         0.035         0.059         0.042        -0.105


           THETA
              EMPATHY7      EMPATHY8      EMPATHY9
              ________      ________      ________
 EMPATHY7       0.000
 EMPATHY8      -0.020         0.000
 EMPATHY9      -0.052         0.192         0.000


     Beginning Time:  10:11:39
        Ending Time:  10:11:40
       Elapsed Time:  00:00:01



MUTHEN & MUTHEN
3463 Stoner Ave.
Los Angeles, CA  90066

Tel: (310) 391-9971
Fax: (310) 391-8971
Web: www.StatModel.com
Support: Support@StatModel.com

Copyright (c) 1998-2019 Muthen & Muthen
