Mplus VERSION 8.4 (Mac)
MUTHEN & MUTHEN
05/19/2023   2:15 PM

INPUT INSTRUCTIONS

  Title: Tutor Prosociality Baseline CFA;

  Data:
     File is ../dat_tutor.txt;

  Variable:
     Names are tutorid
     dass1_1 dass2_1 dass3_1 dass4_1 dass5_1 dass6_1 dass7_1
     empathy1_1 empathy2_1 empathy3_1 empathy4_1 empathy5_1
     empathy6_1 empathy7_1 empathy8_1 empathy9_1
     auto1_1 auto2_1 auto3_1 auto4_1 auto5_1
     auto6_1 auto7_1 auto8_1 auto9_1 auto10_1
     bias1_1 bias2_1 bias3_1 bias4_1 bias5_1 bias6_1 bias7_1
     bias8_1 bias9_1 bias10_1 bias11_1 bias12_1 bias13_1
     hard_work1_1 hard_work2_1 hard_work3_1
     prosoc1_1 prosoc2_1 prosoc3_1 prosoc4_1
     prosoc5_1 prosoc6_1 prosoc7_1 prosoc8_1
     prosoc9_1 prosoc10_1 prosoc11_1 prosoc12_1
     prosoc13_1 prosoc14_1 prosoc15_1 prosoc16_1
     percep1_1 percep2a_1 percep2b_1 percep2c_1
     percep2d_1 percep2e_1 percep2f_1 percep2g_1
     percep2h_1 percep3_1 percep4_1 percep5_1
     percep6a_1 percep6b_1 percep6c_1 percep6d_1
     percep7_1 percep8a_1 percep8b_1 percep8c_1
     percep8d_1 half;
     Missing are . ;

    Usevariable are
  	 prosoc1_1 prosoc2_1 prosoc3_1 prosoc4_1
     prosoc5_1 prosoc6_1 prosoc7_1 prosoc8_1
     prosoc9_1 prosoc10_1 prosoc11_1 prosoc12_1
     prosoc13_1 prosoc14_1 prosoc15_1 prosoc16_1 ;

    Categorical is
  	 prosoc1_1 prosoc2_1 prosoc3_1 prosoc4_1
     prosoc5_1 prosoc6_1 prosoc7_1 prosoc8_1
     prosoc9_1 prosoc10_1 prosoc11_1 prosoc12_1
     prosoc13_1 prosoc14_1 prosoc15_1 prosoc16_1 ;

    Useobservations is half eq 0;

  Analysis:
     Estimator = wlsmv;

  Model:
    f1_1 by prosoc1_1 prosoc2_1 prosoc3_1 prosoc9_1 prosoc14_1;

    f2_1 by prosoc4_1 prosoc5_1 prosoc6_1 prosoc7_1 prosoc13_1;

    f3_1 by prosoc8_1 prosoc10_1 prosoc12_1 prosoc15_1 prosoc16_1;

  Output: sampstat stdyx modindices(all);



*** WARNING in VARIABLE command
  Note that only the first 8 characters of variable names are used in the output.
  Shorten variable names to avoid any confusion.
*** WARNING in MODEL command
  Variable is uncorrelated with all other variables:  PROSOC11_1
*** WARNING in MODEL command
  At least one variable is uncorrelated with all other variables in the model.
  Check that this is what is intended.
   3 WARNING(S) FOUND IN THE INPUT INSTRUCTIONS



Tutor Prosociality Baseline CFA;

SUMMARY OF ANALYSIS

Number of groups                                                 1
Number of observations                                         100

Number of dependent variables                                   16
Number of independent variables                                  0
Number of continuous latent variables                            3

Observed dependent variables

  Binary and ordered categorical (ordinal)
   PROSOC1_    PROSOC2_    PROSOC3_    PROSOC4_    PROSOC5_    PROSOC6_
   PROSOC7_    PROSOC8_    PROSOC9_    PROSOC10    PROSOC11    PROSOC12
   PROSOC13    PROSOC14    PROSOC15    PROSOC16

Continuous latent variables
   F1_1        F2_1        F3_1


Estimator                                                    WLSMV
Maximum number of iterations                                  1000
Convergence criterion                                    0.500D-04
Maximum number of steepest descent iterations                   20
Maximum number of iterations for H1                           2000
Convergence criterion for H1                             0.100D-03
Parameterization                                             DELTA
Link                                                        PROBIT

Input data file(s)
  ../dat_tutor.txt

Input data format  FREE


SUMMARY OF DATA

     Number of missing data patterns             1


COVARIANCE COVERAGE OF DATA

Minimum covariance coverage value   0.100


     PROPORTION OF DATA PRESENT


           Covariance Coverage
              PROSOC1_      PROSOC2_      PROSOC3_      PROSOC4_      PROSOC5_
              ________      ________      ________      ________      ________
 PROSOC1_       1.000
 PROSOC2_       1.000         1.000
 PROSOC3_       1.000         1.000         1.000
 PROSOC4_       1.000         1.000         1.000         1.000
 PROSOC5_       1.000         1.000         1.000         1.000         1.000
 PROSOC6_       1.000         1.000         1.000         1.000         1.000
 PROSOC7_       1.000         1.000         1.000         1.000         1.000
 PROSOC8_       1.000         1.000         1.000         1.000         1.000
 PROSOC9_       1.000         1.000         1.000         1.000         1.000
 PROSOC10       1.000         1.000         1.000         1.000         1.000
 PROSOC11       1.000         1.000         1.000         1.000         1.000
 PROSOC12       1.000         1.000         1.000         1.000         1.000
 PROSOC13       1.000         1.000         1.000         1.000         1.000
 PROSOC14       1.000         1.000         1.000         1.000         1.000
 PROSOC15       1.000         1.000         1.000         1.000         1.000
 PROSOC16       1.000         1.000         1.000         1.000         1.000


           Covariance Coverage
              PROSOC6_      PROSOC7_      PROSOC8_      PROSOC9_      PROSOC10
              ________      ________      ________      ________      ________
 PROSOC6_       1.000
 PROSOC7_       1.000         1.000
 PROSOC8_       1.000         1.000         1.000
 PROSOC9_       1.000         1.000         1.000         1.000
 PROSOC10       1.000         1.000         1.000         1.000         1.000
 PROSOC11       1.000         1.000         1.000         1.000         1.000
 PROSOC12       1.000         1.000         1.000         1.000         1.000
 PROSOC13       1.000         1.000         1.000         1.000         1.000
 PROSOC14       1.000         1.000         1.000         1.000         1.000
 PROSOC15       1.000         1.000         1.000         1.000         1.000
 PROSOC16       1.000         1.000         1.000         1.000         1.000


           Covariance Coverage
              PROSOC11      PROSOC12      PROSOC13      PROSOC14      PROSOC15
              ________      ________      ________      ________      ________
 PROSOC11       1.000
 PROSOC12       1.000         1.000
 PROSOC13       1.000         1.000         1.000
 PROSOC14       1.000         1.000         1.000         1.000
 PROSOC15       1.000         1.000         1.000         1.000         1.000
 PROSOC16       1.000         1.000         1.000         1.000         1.000


           Covariance Coverage
              PROSOC16
              ________
 PROSOC16       1.000


UNIVARIATE PROPORTIONS AND COUNTS FOR CATEGORICAL VARIABLES

    PROSOC1_
      Category 1    0.010            1.000
      Category 2    0.060            6.000
      Category 3    0.480           48.000
      Category 4    0.450           45.000
    PROSOC2_
      Category 1    0.050            5.000
      Category 2    0.470           47.000
      Category 3    0.480           48.000
    PROSOC3_
      Category 1    0.050            5.000
      Category 2    0.520           52.000
      Category 3    0.430           43.000
    PROSOC4_
      Category 1    0.040            4.000
      Category 2    0.080            8.000
      Category 3    0.590           59.000
      Category 4    0.290           29.000
    PROSOC5_
      Category 1    0.060            6.000
      Category 2    0.380           38.000
      Category 3    0.560           56.000
    PROSOC6_
      Category 1    0.050            5.000
      Category 2    0.190           19.000
      Category 3    0.540           54.000
      Category 4    0.220           22.000
    PROSOC7_
      Category 1    0.010            1.000
      Category 2    0.030            3.000
      Category 3    0.220           22.000
      Category 4    0.530           53.000
      Category 5    0.210           21.000
    PROSOC8_
      Category 1    0.130           13.000
      Category 2    0.240           24.000
      Category 3    0.480           48.000
      Category 4    0.150           15.000
    PROSOC9_
      Category 1    0.020            2.000
      Category 2    0.050            5.000
      Category 3    0.560           56.000
      Category 4    0.370           37.000
    PROSOC10
      Category 1    0.010            1.000
      Category 2    0.010            1.000
      Category 3    0.100           10.000
      Category 4    0.570           57.000
      Category 5    0.310           31.000
    PROSOC11
      Category 1    0.050            5.000
      Category 2    0.250           25.000
      Category 3    0.240           24.000
      Category 4    0.350           35.000
      Category 5    0.110           11.000
    PROSOC12
      Category 1    0.010            1.000
      Category 2    0.080            8.000
      Category 3    0.160           16.000
      Category 4    0.590           59.000
      Category 5    0.160           16.000
    PROSOC13
      Category 1    0.010            1.000
      Category 2    0.140           14.000
      Category 3    0.640           64.000
      Category 4    0.210           21.000
    PROSOC14
      Category 1    0.120           12.000
      Category 2    0.560           56.000
      Category 3    0.320           32.000
    PROSOC15
      Category 1    0.010            1.000
      Category 2    0.080            8.000
      Category 3    0.240           24.000
      Category 4    0.550           55.000
      Category 5    0.120           12.000
    PROSOC16
      Category 1    0.040            4.000
      Category 2    0.150           15.000
      Category 3    0.600           60.000
      Category 4    0.210           21.000


SAMPLE STATISTICS


     ESTIMATED SAMPLE STATISTICS


           MEANS/INTERCEPTS/THRESHOLDS
              PROSOC1_      PROSOC1_      PROSOC1_      PROSOC2_      PROSOC2_
              ________      ________      ________      ________      ________
               -2.326        -1.476         0.126        -1.645         0.050


           MEANS/INTERCEPTS/THRESHOLDS
              PROSOC3_      PROSOC3_      PROSOC4_      PROSOC4_      PROSOC4_
              ________      ________      ________      ________      ________
               -1.645         0.176        -1.751        -1.175         0.553


           MEANS/INTERCEPTS/THRESHOLDS
              PROSOC5_      PROSOC5_      PROSOC6_      PROSOC6_      PROSOC6_
              ________      ________      ________      ________      ________
               -1.555        -0.151        -1.645        -0.706         0.772


           MEANS/INTERCEPTS/THRESHOLDS
              PROSOC7_      PROSOC7_      PROSOC7_      PROSOC7_      PROSOC8_
              ________      ________      ________      ________      ________
               -2.326        -1.751        -0.643         0.806        -1.126


           MEANS/INTERCEPTS/THRESHOLDS
              PROSOC8_      PROSOC8_      PROSOC9_      PROSOC9_      PROSOC9_
              ________      ________      ________      ________      ________
               -0.332         1.036        -2.054        -1.476         0.332


           MEANS/INTERCEPTS/THRESHOLDS
              PROSOC10      PROSOC10      PROSOC10      PROSOC10      PROSOC11
              ________      ________      ________      ________      ________
               -2.326        -2.054        -1.175         0.496        -1.645


           MEANS/INTERCEPTS/THRESHOLDS
              PROSOC11      PROSOC11      PROSOC11      PROSOC12      PROSOC12
              ________      ________      ________      ________      ________
               -0.524         0.100         1.227        -2.326        -1.341


           MEANS/INTERCEPTS/THRESHOLDS
              PROSOC12      PROSOC12      PROSOC13      PROSOC13      PROSOC13
              ________      ________      ________      ________      ________
               -0.674         0.994        -2.326        -1.036         0.806


           MEANS/INTERCEPTS/THRESHOLDS
              PROSOC14      PROSOC14      PROSOC15      PROSOC15      PROSOC15
              ________      ________      ________      ________      ________
               -1.175         0.468        -2.326        -1.341        -0.440


           MEANS/INTERCEPTS/THRESHOLDS
              PROSOC15      PROSOC16      PROSOC16      PROSOC16
              ________      ________      ________      ________
                1.175        -1.751        -0.878         0.806


           CORRELATION MATRIX (WITH VARIANCES ON THE DIAGONAL)
              PROSOC1_      PROSOC2_      PROSOC3_      PROSOC4_      PROSOC5_
              ________      ________      ________      ________      ________
 PROSOC1_
 PROSOC2_       0.755
 PROSOC3_       0.435         0.665
 PROSOC4_       0.294         0.427         0.787
 PROSOC5_       0.248         0.467         0.493         0.579
 PROSOC6_       0.267         0.367         0.588         0.609         0.731
 PROSOC7_       0.359         0.507         0.661         0.638         0.540
 PROSOC8_       0.199         0.330         0.496         0.402         0.457
 PROSOC9_       0.340         0.347         0.353         0.175         0.176
 PROSOC10       0.251         0.411         0.454         0.340         0.515
 PROSOC11       0.341         0.403         0.178         0.286         0.394
 PROSOC12       0.253         0.402         0.518         0.373         0.429
 PROSOC13       0.274         0.345         0.584         0.512         0.489
 PROSOC14       0.283         0.543         0.332         0.298         0.414
 PROSOC15       0.246         0.445         0.424         0.325         0.555
 PROSOC16       0.241         0.449         0.330         0.392         0.536


           CORRELATION MATRIX (WITH VARIANCES ON THE DIAGONAL)
              PROSOC6_      PROSOC7_      PROSOC8_      PROSOC9_      PROSOC10
              ________      ________      ________      ________      ________
 PROSOC7_       0.664
 PROSOC8_       0.596         0.590
 PROSOC9_       0.103         0.143         0.091
 PROSOC10       0.333         0.567         0.471         0.367
 PROSOC11       0.377         0.263         0.261         0.264         0.272
 PROSOC12       0.489         0.440         0.671         0.162         0.590
 PROSOC13       0.526         0.603         0.522         0.353         0.473
 PROSOC14       0.438         0.339         0.152         0.452         0.402
 PROSOC15       0.462         0.538         0.355         0.127         0.625
 PROSOC16       0.475         0.570         0.630         0.388         0.661


           CORRELATION MATRIX (WITH VARIANCES ON THE DIAGONAL)
              PROSOC11      PROSOC12      PROSOC13      PROSOC14      PROSOC15
              ________      ________      ________      ________      ________
 PROSOC12       0.287
 PROSOC13       0.337         0.723
 PROSOC14       0.441         0.382         0.540
 PROSOC15       0.354         0.359         0.372         0.521
 PROSOC16       0.386         0.638         0.616         0.523         0.645


           CORRELATION MATRIX (WITH VARIANCES ON THE DIAGONAL)
              PROSOC16
              ________


THE MODEL ESTIMATION TERMINATED NORMALLY



MODEL FIT INFORMATION

Number of Free Parameters                       67

Chi-Square Test of Model Fit

          Value                            336.323*
          Degrees of Freedom                   102
          P-Value                           0.0000

*   The chi-square value for MLM, MLMV, MLR, ULSMV, WLSM and WLSMV cannot be used
    for chi-square difference testing in the regular way.  MLM, MLR and WLSM
    chi-square difference testing is described on the Mplus website.  MLMV, WLSMV,
    and ULSMV difference testing is done using the DIFFTEST option.

RMSEA (Root Mean Square Error Of Approximation)

          Estimate                           0.152
          90 Percent C.I.                    0.134  0.170
          Probability RMSEA <= .05           0.000

CFI/TLI

          CFI                                0.836
          TLI                                0.808

Chi-Square Test of Model Fit for the Baseline Model

          Value                           1552.810
          Degrees of Freedom                   120
          P-Value                           0.0000

SRMR (Standardized Root Mean Square Residual)

          Value                              0.120

Optimum Function Value for Weighted Least-Squares Estimator

          Value                     0.17599290D+01



MODEL RESULTS

                                                    Two-Tailed
                    Estimate       S.E.  Est./S.E.    P-Value

 F1_1     BY
    PROSOC1_1          1.000      0.000    999.000    999.000
    PROSOC2_1          1.417      0.189      7.490      0.000
    PROSOC3_1          1.596      0.203      7.871      0.000
    PROSOC9_1          0.757      0.155      4.887      0.000
    PROSOC14_1         1.196      0.182      6.575      0.000

 F2_1     BY
    PROSOC4_1          1.000      0.000    999.000    999.000
    PROSOC5_1          1.052      0.089     11.878      0.000
    PROSOC6_1          1.083      0.091     11.927      0.000
    PROSOC7_1          1.131      0.081     13.965      0.000
    PROSOC13_1         1.105      0.099     11.124      0.000

 F3_1     BY
    PROSOC8_1          1.000      0.000    999.000    999.000
    PROSOC10_1         1.018      0.104      9.781      0.000
    PROSOC12_1         1.064      0.086     12.412      0.000
    PROSOC15_1         0.950      0.109      8.711      0.000
    PROSOC16_1         1.135      0.083     13.718      0.000

 F2_1     WITH
    F1_1               0.321      0.054      5.943      0.000

 F3_1     WITH
    F1_1               0.282      0.052      5.383      0.000
    F2_1               0.451      0.057      7.882      0.000

 Thresholds
    PROSOC1_$1        -2.326      0.373     -6.231      0.000
    PROSOC1_$2        -1.476      0.190     -7.766      0.000
    PROSOC1_$3         0.126      0.126      1.000      0.317
    PROSOC2_$1        -1.645      0.211     -7.784      0.000
    PROSOC2_$2         0.050      0.125      0.400      0.689
    PROSOC3_$1        -1.645      0.211     -7.784      0.000
    PROSOC3_$2         0.176      0.126      1.399      0.162
    PROSOC4_$1        -1.751      0.227     -7.699      0.000
    PROSOC4_$2        -1.175      0.162     -7.233      0.000
    PROSOC4_$3         0.553      0.133      4.175      0.000
    PROSOC5_$1        -1.555      0.199     -7.799      0.000
    PROSOC5_$2        -0.151      0.126     -1.200      0.230
    PROSOC6_$1        -1.645      0.211     -7.784      0.000
    PROSOC6_$2        -0.706      0.137     -5.141      0.000
    PROSOC6_$3         0.772      0.140      5.519      0.000
    PROSOC7_$1        -2.326      0.373     -6.231      0.000
    PROSOC7_$2        -1.751      0.227     -7.699      0.000
    PROSOC7_$3        -0.643      0.135     -4.757      0.000
    PROSOC7_$4         0.806      0.141      5.706      0.000
    PROSOC8_$1        -1.126      0.159     -7.085      0.000
    PROSOC8_$2        -0.332      0.128     -2.595      0.009
    PROSOC8_$3         1.036      0.153      6.768      0.000
    PROSOC9_$1        -2.054      0.289     -7.103      0.000
    PROSOC9_$2        -1.476      0.190     -7.766      0.000
    PROSOC9_$3         0.332      0.128      2.595      0.009
    PROSOC10$1        -2.326      0.373     -6.231      0.000
    PROSOC10$2        -2.054      0.289     -7.103      0.000
    PROSOC10$3        -1.175      0.162     -7.233      0.000
    PROSOC10$4         0.496      0.131      3.782      0.000
    PROSOC11$1        -1.645      0.211     -7.784      0.000
    PROSOC11$2        -0.524      0.132     -3.979      0.000
    PROSOC11$3         0.100      0.126      0.800      0.424
    PROSOC11$4         1.227      0.166      7.371      0.000
    PROSOC12$1        -2.326      0.373     -6.231      0.000
    PROSOC12$2        -1.341      0.176     -7.608      0.000
    PROSOC12$3        -0.674      0.136     -4.950      0.000
    PROSOC12$4         0.994      0.151      6.600      0.000
    PROSOC13$1        -2.326      0.373     -6.231      0.000
    PROSOC13$2        -1.036      0.153     -6.768      0.000
    PROSOC13$3         0.806      0.141      5.706      0.000
    PROSOC14$1        -1.175      0.162     -7.233      0.000
    PROSOC14$2         0.468      0.130      3.585      0.000
    PROSOC15$1        -2.326      0.373     -6.231      0.000
    PROSOC15$2        -1.341      0.176     -7.608      0.000
    PROSOC15$3        -0.440      0.130     -3.388      0.001
    PROSOC15$4         1.175      0.162      7.233      0.000
    PROSOC16$1        -1.751      0.227     -7.699      0.000
    PROSOC16$2        -0.878      0.145     -6.073      0.000
    PROSOC16$3         0.806      0.141      5.706      0.000

 Variances
    F1_1               0.322      0.073      4.393      0.000
    F2_1               0.528      0.070      7.562      0.000
    F3_1               0.547      0.076      7.156      0.000


STANDARDIZED MODEL RESULTS


STDYX Standardization

                                                    Two-Tailed
                    Estimate       S.E.  Est./S.E.    P-Value

 F1_1     BY
    PROSOC1_1          0.567      0.065      8.786      0.000
    PROSOC2_1          0.804      0.057     14.161      0.000
    PROSOC3_1          0.905      0.061     14.855      0.000
    PROSOC9_1          0.429      0.084      5.122      0.000
    PROSOC14_1         0.678      0.074      9.220      0.000

 F2_1     BY
    PROSOC4_1          0.727      0.048     15.124      0.000
    PROSOC5_1          0.765      0.055     13.872      0.000
    PROSOC6_1          0.788      0.048     16.417      0.000
    PROSOC7_1          0.822      0.036     23.119      0.000
    PROSOC13_1         0.804      0.051     15.719      0.000

 F3_1     BY
    PROSOC8_1          0.740      0.052     14.311      0.000
    PROSOC10_1         0.753      0.059     12.775      0.000
    PROSOC12_1         0.787      0.049     15.996      0.000
    PROSOC15_1         0.703      0.066     10.685      0.000
    PROSOC16_1         0.839      0.039     21.704      0.000

 F2_1     WITH
    F1_1               0.778      0.059     13.281      0.000

 F3_1     WITH
    F1_1               0.672      0.059     11.329      0.000
    F2_1               0.838      0.047     17.990      0.000

 Thresholds
    PROSOC1_$1        -2.326      0.373     -6.231      0.000
    PROSOC1_$2        -1.476      0.190     -7.766      0.000
    PROSOC1_$3         0.126      0.126      1.000      0.317
    PROSOC2_$1        -1.645      0.211     -7.784      0.000
    PROSOC2_$2         0.050      0.125      0.400      0.689
    PROSOC3_$1        -1.645      0.211     -7.784      0.000
    PROSOC3_$2         0.176      0.126      1.399      0.162
    PROSOC4_$1        -1.751      0.227     -7.699      0.000
    PROSOC4_$2        -1.175      0.162     -7.233      0.000
    PROSOC4_$3         0.553      0.133      4.175      0.000
    PROSOC5_$1        -1.555      0.199     -7.799      0.000
    PROSOC5_$2        -0.151      0.126     -1.200      0.230
    PROSOC6_$1        -1.645      0.211     -7.784      0.000
    PROSOC6_$2        -0.706      0.137     -5.141      0.000
    PROSOC6_$3         0.772      0.140      5.519      0.000
    PROSOC7_$1        -2.326      0.373     -6.231      0.000
    PROSOC7_$2        -1.751      0.227     -7.699      0.000
    PROSOC7_$3        -0.643      0.135     -4.757      0.000
    PROSOC7_$4         0.806      0.141      5.706      0.000
    PROSOC8_$1        -1.126      0.159     -7.085      0.000
    PROSOC8_$2        -0.332      0.128     -2.595      0.009
    PROSOC8_$3         1.036      0.153      6.768      0.000
    PROSOC9_$1        -2.054      0.289     -7.103      0.000
    PROSOC9_$2        -1.476      0.190     -7.766      0.000
    PROSOC9_$3         0.332      0.128      2.595      0.009
    PROSOC10$1        -2.326      0.373     -6.231      0.000
    PROSOC10$2        -2.054      0.289     -7.103      0.000
    PROSOC10$3        -1.175      0.162     -7.233      0.000
    PROSOC10$4         0.496      0.131      3.782      0.000
    PROSOC11$1        -1.645      0.211     -7.784      0.000
    PROSOC11$2        -0.524      0.132     -3.979      0.000
    PROSOC11$3         0.100      0.126      0.800      0.424
    PROSOC11$4         1.227      0.166      7.371      0.000
    PROSOC12$1        -2.326      0.373     -6.231      0.000
    PROSOC12$2        -1.341      0.176     -7.608      0.000
    PROSOC12$3        -0.674      0.136     -4.950      0.000
    PROSOC12$4         0.994      0.151      6.600      0.000
    PROSOC13$1        -2.326      0.373     -6.231      0.000
    PROSOC13$2        -1.036      0.153     -6.768      0.000
    PROSOC13$3         0.806      0.141      5.706      0.000
    PROSOC14$1        -1.175      0.162     -7.233      0.000
    PROSOC14$2         0.468      0.130      3.585      0.000
    PROSOC15$1        -2.326      0.373     -6.231      0.000
    PROSOC15$2        -1.341      0.176     -7.608      0.000
    PROSOC15$3        -0.440      0.130     -3.388      0.001
    PROSOC15$4         1.175      0.162      7.233      0.000
    PROSOC16$1        -1.751      0.227     -7.699      0.000
    PROSOC16$2        -0.878      0.145     -6.073      0.000
    PROSOC16$3         0.806      0.141      5.706      0.000

 Variances
    F1_1               1.000      0.000    999.000    999.000
    F2_1               1.000      0.000    999.000    999.000
    F3_1               1.000      0.000    999.000    999.000


R-SQUARE

    Observed                                        Two-Tailed   Residual
    Variable        Estimate       S.E.  Est./S.E.    P-Value    Variance

    PROSOC1_           0.322      0.073      4.393      0.000      0.678
    PROSOC2_           0.647      0.091      7.081      0.000      0.353
    PROSOC3_           0.820      0.110      7.428      0.000      0.180
    PROSOC4_           0.528      0.070      7.562      0.000      0.472
    PROSOC5_           0.585      0.084      6.936      0.000      0.415
    PROSOC6_           0.620      0.076      8.208      0.000      0.380
    PROSOC7_           0.676      0.059     11.559      0.000      0.324
    PROSOC8_           0.547      0.076      7.156      0.000      0.453
    PROSOC9_           0.184      0.072      2.561      0.010      0.816
    PROSOC10           0.567      0.089      6.387      0.000      0.433
    PROSOC12           0.619      0.077      7.998      0.000      0.381
    PROSOC13           0.646      0.082      7.859      0.000      0.354
    PROSOC14           0.460      0.100      4.610      0.000      0.540
    PROSOC15           0.494      0.092      5.343      0.000      0.506
    PROSOC16           0.705      0.065     10.852      0.000      0.295


QUALITY OF NUMERICAL RESULTS

     Condition Number for the Information Matrix              0.172E-02
       (ratio of smallest to largest eigenvalue)


MODEL MODIFICATION INDICES

Minimum M.I. value for printing the modification index    10.000

                                   M.I.     E.P.C.  Std E.P.C.  StdYX E.P.C.

ON/BY Statements

PROSOC3_ ON F2_1     /
F2_1     BY PROSOC3_              16.746     1.525      1.109        1.109
PROSOC11 ON F1_1     /
F1_1     BY PROSOC11             153.981     0.955      0.542        0.542
PROSOC11 ON F2_1     /
F2_1     BY PROSOC11             151.819     0.665      0.484        0.484
PROSOC11 ON F3_1     /
F3_1     BY PROSOC11             148.096     0.659      0.487        0.487

ON Statements

F1_1     ON PROSOC3_              15.469    -0.298     -0.525       -0.525
F1_1     ON PROSOC11              46.137     0.276      0.487        0.487
F2_1     ON PROSOC3_              15.481     0.257      0.354        0.354
F2_1     ON PROSOC11              55.728     0.310      0.427        0.427
F3_1     ON PROSOC11              53.314     0.301      0.408        0.408
PROSOC1_ ON PROSOC2_              22.652     0.431      0.431        0.431
PROSOC1_ ON PROSOC11              13.548     0.341      0.341        0.341
PROSOC2_ ON PROSOC1_              22.652     0.431      0.431        0.431
PROSOC2_ ON PROSOC11              10.869     0.403      0.403        0.403
PROSOC3_ ON PROSOC4_              22.020     0.396      0.396        0.396
PROSOC4_ ON PROSOC3_              14.448     0.265      0.265        0.265
PROSOC5_ ON PROSOC11              16.083     0.394      0.394        0.394
PROSOC6_ ON PROSOC11              18.266     0.377      0.377        0.377
PROSOC11 ON PROSOC1_             112.143     0.558      0.558        0.558
PROSOC11 ON PROSOC2_             132.476     0.518      0.518        0.518
PROSOC11 ON PROSOC3_             121.632     0.453      0.453        0.453
PROSOC11 ON PROSOC4_             123.751     0.492      0.492        0.492
PROSOC11 ON PROSOC5_             130.618     0.465      0.465        0.465
PROSOC11 ON PROSOC6_             126.545     0.428      0.428        0.428
PROSOC11 ON PROSOC7_             118.885     0.416      0.416        0.416
PROSOC11 ON PROSOC8_             116.176     0.467      0.467        0.467
PROSOC11 ON PROSOC9_              92.631     0.615      0.615        0.615
PROSOC11 ON PROSOC10             113.458     0.437      0.437        0.437
PROSOC11 ON PROSOC12             113.114     0.410      0.410        0.410
PROSOC11 ON PROSOC13             129.774     0.466      0.466        0.466
PROSOC11 ON PROSOC14             130.025     0.554      0.554        0.554
PROSOC11 ON PROSOC15             121.544     0.484      0.484        0.484
PROSOC11 ON PROSOC16             125.986     0.425      0.425        0.425
PROSOC12 ON PROSOC11              10.621     0.287      0.287        0.287
PROSOC13 ON PROSOC12              11.096     0.250      0.250        0.250
PROSOC14 ON PROSOC11              18.472     0.441      0.441        0.441
PROSOC15 ON PROSOC11              13.270     0.354      0.354        0.354
PROSOC16 ON PROSOC11              15.974     0.386      0.386        0.386

WITH Statements

PROSOC2_ WITH PROSOC1_            22.652     0.431      0.431        0.880
PROSOC3_ WITH F1_1                15.467    -0.298     -0.525       -1.236
PROSOC3_ WITH F2_1                15.481     0.257      0.354        0.835
PROSOC4_ WITH PROSOC3_            16.188     0.363      0.363        1.245
PROSOC11 WITH F1_1                46.137     0.276      0.487        0.487
PROSOC11 WITH F2_1                55.728     0.310      0.427        0.427
PROSOC11 WITH F3_1                53.314     0.301      0.408        0.408
PROSOC11 WITH PROSOC1_            13.548     0.341      0.341        0.414
PROSOC11 WITH PROSOC2_            10.869     0.403      0.403        0.677
PROSOC11 WITH PROSOC5_            16.083     0.394      0.394        0.612
PROSOC11 WITH PROSOC6_            18.266     0.377      0.377        0.611
PROSOC12 WITH PROSOC11            10.621     0.287      0.287        0.466
PROSOC13 WITH PROSOC12            10.224     0.272      0.272        0.740
PROSOC14 WITH PROSOC11            18.472     0.441      0.441        0.601
PROSOC15 WITH PROSOC11            13.270     0.354      0.354        0.497
PROSOC16 WITH PROSOC11            15.974     0.386      0.386        0.710


     Beginning Time:  14:15:17
        Ending Time:  14:15:17
       Elapsed Time:  00:00:00



MUTHEN & MUTHEN
3463 Stoner Ave.
Los Angeles, CA  90066

Tel: (310) 391-9971
Fax: (310) 391-8971
Web: www.StatModel.com
Support: Support@StatModel.com

Copyright (c) 1998-2019 Muthen & Muthen
